[33.160605] layer0:
[33.174985] 	10	343us, 615us
[33.185439] 	20	235us, 398us
[33.194649] 	30	201us, 330us
[33.203534] 	40	184us, 288us
[33.203546] Params: 0.60	0.36	0.47

[33.203551] layer1:
[33.241105] 	10	1114us, 1963us
[33.266406] 	20	794us, 1306us
[33.288950] 	30	691us, 1120us
[33.309623] 	40	684us, 972us
[33.309635] Params: 0.62	0.24	0.43

[33.309641] layer2:
[33.351863] 	10	1323us, 2139us
[33.380678] 	20	980us, 1527us
[33.408153] 	30	930us, 1422us
[33.431772] 	40	794us, 1139us
[33.431785] Params: 0.65	0.32	0.43

[33.431790] layer3:
[33.477139] 	10	1397us, 2309us
[33.506756] 	20	967us, 1612us
[33.535181] 	30	925us, 1534us
[33.561215] 	40	889us, 1326us
[33.561228] Params: 0.62	0.22	0.33

[33.561234] layer4:
[33.631331] 	10	2378us, 3533us
[33.676325] 	20	1565us, 2507us
[33.719433] 	30	1508us, 2393us
[33.758463] 	40	1416us, 2076us
[33.758476] Params: 0.65	0.26	0.32

[33.758482] layerX:
[33.763820] 	10	44us, 82us
[33.769030] 	20	41us, 69us
[33.774316] 	30	39us, 63us
[33.779379] 	40	39us, 53us
[33.779392] Params: 0.62	0.05	0.31

