[55.493125] 
[55.493137] Start  layer0: 40 SMs -> 5
[55.494086] End    layer0: 287 -> 948 + 1006 = 1954 (1965)
[55.494090] 
[55.494092] 
[55.494098] Start  layer1: 40 SMs -> 5
[55.505916] End    layer1: 971 -> 11814 + -4183 = 7631 (6638)
[55.505920] 
[55.505972] 
[55.505978] Start  layer2: 40 SMs -> 12
[55.519657] End    layer2: 1139 -> 13676 + -10141 = 3534 (7784)
[55.519660] 
[55.519663] 
[55.519669] Start  layer3: 40 SMs -> 13
[55.534677] End    layer3: 1326 -> 15005 + -16099 = -1093 (9061)
[55.534679] 
[55.534682] 
[55.534688] Start  layer4: 20 SMs -> 8
[55.545712] End    layer4: 2507 -> 11022 + -12948 = -1925 (14187)
[55.545715] 
[55.545719] 
[55.545725] Start  layerX: 40 SMs -> 16
[55.546760] End    layerX: 53 -> 1033 + -13633 = -12600 (362)
[55.546762] 
[55.546768] Delayed : 3643us
[55.546771] 
[55.546776] Start  layer0: 20 SMs -> 3
[55.547343] End    layer0: 397 -> 565 + -2251 = -1686 (1965)
[55.547346] 
[55.547348] 
[55.547352] Start  layer1: 30 SMs -> 5
[55.552704] End    layer1: 1120 -> 5349 + -972 = 4376 (6638)
[55.552707] 
[55.552715] 
[55.552719] Start  layer2: 30 SMs -> 8
[55.558686] End    layer2: 1421 -> 5964 + 829 = 6793 (7784)
[55.558689] 
[55.558699] 
[55.558703] Start  layer3: 40 SMs -> 14
[55.570996] End    layer3: 1326 -> 12287 + -2415 = 9871 (9061)
[55.571001] 
[55.571005] 
[55.571013] Start  layer4: 40 SMs -> 13
[55.588993] End    layer4: 2076 -> 17977 + -6226 = 11750 (14187)
[55.588998] 
[55.589004] 
[55.589011] Start  layerX: 40 SMs -> 8
[55.590681] End    layerX: 53 -> 1667 + -7552 = -5885 (362)
[55.590685] 
[55.590705] Reserved: 2419us
[55.593190] 
[55.593204] Start  layer0: 40 SMs -> 9
[55.596480] End    layer0: 287 -> 3275 + -1386 = 1888 (1965)
[55.596484] 
[55.596487] 
[55.596494] Start  layer1: 40 SMs -> 14
[55.605490] End    layer1: 971 -> 8991 + -3754 = 5235 (6638)
[55.605495] 
[55.605512] 
[55.605521] Start  layer2: 40 SMs -> 13
[55.622545] End    layer2: 1139 -> 17019 + -13026 = 3992 (7784)
[55.622551] 
[55.622564] 
[55.622573] Start  layer3: 40 SMs -> 17
[55.640428] End    layer3: 1326 -> 17850 + -21846 = -3996 (9061)
[55.640435] 
[55.640461] 
[55.640474] Start  layer4: 10 SMs -> 2
[55.646983] End    layer4: 3533 -> 6506 + -14214 = -7709 (14187)
[55.646990] 
[55.646997] 
[55.647007] Start  layerX: 10 SMs -> 8
[55.648524] End    layerX: 82 -> 1509 + -15389 = -13880 (362)
[55.648530] 
[55.648560] Delayed : 5435us
[55.648568] 
[55.648576] Start  layer0: 20 SMs -> 8
[55.650335] End    layer0: 397 -> 1753 + -5237 = -3484 (1965)
[55.650342] 
[55.650347] 
[55.650360] Start  layer1: 10 SMs -> 8
[55.659079] End    layer1: 1963 -> 8714 + -7342 = 1371 (6638)
[55.659086] 
[55.659091] 
[55.659100] Start  layer2: 40 SMs -> 17
[55.674742] End    layer2: 1139 -> 15637 + -15222 = 414 (7784)
[55.674747] 
[55.674752] 
[55.674761] Start  layer3: 40 SMs -> 14
[55.692888] End    layer3: 1326 -> 18122 + -24307 = -6184 (9061)
[55.692893] 
[55.692898] 
[55.692907] Start  layer4: 20 SMs -> 5
[55.701023] End    layer4: 2507 -> 8111 + -18254 = -10143 (14187)
[55.701028] 
[55.701035] 
[55.701044] Start  layerX: 30 SMs -> 10
[55.702168] End    layerX: 63 -> 1121 + -19038 = -17917 (362)
[55.702173] 
[55.702184] Delayed : 9059us
[55.702191] 
[55.702198] Start  layer0: 10 SMs -> 5
[55.703769] End    layer0: 614 -> 1566 + -8673 = -7107 (1965)
[55.703774] 
[55.703777] 
[55.703786] Start  layer1: 10 SMs -> 4
[55.708036] End    layer1: 1963 -> 4245 + -6301 = -2056 (6638)
[55.708041] 
[55.708047] 
[55.708055] Start  layer2: 40 SMs -> 16
[55.725928] End    layer2: 1139 -> 17868 + -16409 = 1458 (7784)
[55.725934] 
[55.725941] 
[55.725950] Start  layer3: 30 SMs -> 7
[55.735421] End    layer3: 1533 -> 9466 + -16840 = -7374 (9061)
[55.735426] 
[55.735441] 
[55.735450] Start  layer4: 30 SMs -> 5
[55.742819] End    layer4: 2393 -> 7365 + -10051 = -2686 (14187)
[55.742824] 
[55.742830] 
[55.742838] Start  layerX: 10 SMs -> 3
[55.743636] End    layerX: 82 -> 792 + -10504 = -9711 (362)
[55.743642] 
[55.743665] Delayed : 539us
[55.743673] 
[55.743684] Start  layer0: 10 SMs -> 3
[55.745017] End    layer0: 614 -> 1330 + 77 = 1407 (1965)
[55.745070] 
[55.745074] 
[55.745083] Start  layer1: 10 SMs -> 3
[55.749319] End    layer1: 1963 -> 4232 + 2415 = 6647 (6638)
[55.749325] 
[55.749332] 
[55.749341] Start  layer2: 10 SMs -> 3
[55.754987] End    layer2: 2139 -> 5642 + 4531 = 10173 (7784)
[55.754993] 
[55.754998] 
[55.755007] Start  layer3: 10 SMs -> 3
[55.761441] End    layer3: 2308 -> 6430 + 7139 = 13569 (9061)
[55.761447] 
[55.761452] 
[55.761461] Start  layer4: 10 SMs -> 5
[55.768894] End    layer4: 3533 -> 7429 + 13873 = 21302 (14187)
[55.768900] 
[55.768907] 
[55.768926] Start  layerX: 30 SMs -> 9
[55.769344] End    layerX: 63 -> 412 + 13787 = 14200 (362)
[55.769350] 
[55.769364] Reserved: 23761us
[55.793190] 
[55.793204] Start  layer0: 20 SMs -> 4
[55.795424] End    layer0: 397 -> 2217 + -328 = 1887 (1965)
[55.795430] 
[55.795433] 
[55.795442] Start  layer1: 20 SMs -> 11
[55.803583] End    layer1: 1306 -> 8137 + -1848 = 6287 (6638)
[55.803589] 
[55.803593] 
[55.803602] Start  layer2: 20 SMs -> 7
[55.810263] End    layer2: 1527 -> 6656 + -744 = 5912 (7784)
[55.810269] 
[55.810275] 
[55.810284] Start  layer3: 20 SMs -> 7
[55.817771] End    layer3: 1611 -> 7483 + 809 = 8292 (9061)
[55.817777] 
[55.817781] 
[55.817790] Start  layer4: 20 SMs -> 7
[55.824951] End    layer4: 2507 -> 7157 + 7816 = 14973 (14187)
[55.824957] 
[55.824962] 
[55.824971] Start  layerX: 20 SMs -> 6
[55.825924] End    layerX: 69 -> 949 + 7206 = 8155 (362)
[55.825929] 
[55.825958] Reserved: 17167us
[55.843190] 
[55.843204] Start  layer0: 30 SMs -> 1
[55.843918] End    layer0: 330 -> 710 + 1177 = 1888 (1965)
[55.843923] 
[55.843926] 
[55.843934] Start  layer1: 30 SMs -> 3
[55.847524] End    layer1: 1120 -> 3585 + 4210 = 7795 (6638)
[55.847529] 
[55.847534] 
[55.847543] Start  layer2: 40 SMs -> 15
[55.862559] End    layer2: 1139 -> 15011 + -3038 = 11971 (7784)
[55.862565] 
[55.862572] 
[55.862584] Start  layer3: 10 SMs -> 7
[55.876719] End    layer3: 2308 -> 14131 + -8137 = 5993 (9061)
[55.876724] 
[55.876729] 
[55.876738] Start  layer4: 10 SMs -> 8
[55.890307] End    layer4: 3533 -> 13563 + -7537 = 6025 (14187)
[55.890314] 
[55.890321] 
[55.890332] Start  layerX: 20 SMs -> 6
[55.891380] End    layerX: 69 -> 1043 + -8248 = -7204 (362)
[55.891387] 
[55.891400] Reserved: 1725us
[55.893193] 
[55.893210] Start  layer0: 30 SMs -> 6
[55.894681] End    layer0: 330 -> 1469 + 414 = 1883 (1965)
[55.894686] 
[55.894689] 
[55.894698] Start  layer1: 30 SMs -> 8
[55.906954] End    layer1: 1120 -> 12250 + -5216 = 7032 (6638)
[55.906961] 
[55.906976] 
[55.906986] Start  layer2: 10 SMs -> 5
[55.915114] End    layer2: 2139 -> 8123 + -5594 = 2528 (7784)
[55.915121] 
[55.915129] 
[55.915139] Start  layer3: 40 SMs -> 15
[55.934591] End    layer3: 1326 -> 19447 + -16008 = 3437 (9061)
[55.934598] 
[55.934611] 
[55.934623] Start  layer4: 30 SMs -> 10
[55.946173] End    layer4: 2393 -> 11545 + -13403 = -1859 (14187)
[55.946180] 
[55.946186] 
[55.946195] Start  layerX: 10 SMs -> 5
[55.947065] End    layerX: 82 -> 866 + -13935 = -13068 (362)
[55.947070] 
[55.947084] Delayed : 3959us
[55.947090] 
[55.947109] Start  layer0: 20 SMs -> 8
[55.949173] End    layer0: 397 -> 2059 + -4077 = -2018 (1965)
[55.949178] 
[55.949182] 
[55.949190] Start  layer1: 20 SMs -> 7
[55.957260] End    layer1: 1306 -> 8064 + -5523 = 2540 (6638)
[55.957267] 
[55.957274] 
[55.957287] Start  layer2: 40 SMs -> 18
[55.971362] End    layer2: 1139 -> 14072 + -11843 = 2228 (7784)
[55.971368] 
[55.971383] 
[55.971393] Start  layer3: 30 SMs -> 8
[55.980401] End    layer3: 1533 -> 9004 + -11820 = -2816 (9061)
[55.980406] 
[55.980414] 
[55.980422] Start  layer4: 30 SMs -> 5
[55.988770] End    layer4: 2393 -> 8343 + -6002 = 2340 (14187)
[55.988775] 
[55.988780] 
[55.988789] Start  layerX: 10 SMs -> 4
[55.990489] End    layerX: 82 -> 1696 + -7358 = -5662 (362)
[55.990494] 
[55.990502] Reserved: 2622us
[55.993190] 
[55.993203] Start  layer0: 40 SMs -> 18
[55.999438] End    layer0: 287 -> 6231 + -4341 = 1889 (1965)
[55.999443] 
[55.999446] 
[55.999456] Start  layer1: 30 SMs -> 8
[56.006900] End    layer1: 1120 -> 7439 + -5164 = 2274 (6638)
[56.006906] 
[56.007095] 
[56.007104] Start  layer2: 20 SMs -> 7
[56.014561] End    layer2: 1527 -> 7451 + -5040 = 2410 (7784)
[56.014568] 
[56.014591] 
[56.014600] Start  layer3: 30 SMs -> 10
[56.022205] End    layer3: 1533 -> 7601 + -3624 = 3976 (9061)
[56.022211] 
[56.022228] 
[56.022237] Start  layer4: 30 SMs -> 8
[56.030344] End    layer4: 2393 -> 8103 + 2423 = 10526 (14187)
[56.030350] 
[56.030357] 
[56.030367] Start  layerX: 10 SMs -> 5
[56.030885] End    layerX: 82 -> 514 + 2245 = 2759 (362)
[56.030891] 
[56.030907] Reserved: 12217us
[56.043188] 
[56.043202] Start  layer0: 20 SMs -> 5
[56.044821] End    layer0: 397 -> 1614 + 276 = 1890 (1965)
[56.044828] 
[56.044832] 
[56.044845] Start  layer1: 40 SMs -> 16
[56.061271] End    layer1: 971 -> 16421 + -9534 = 6886 (6638)
[56.061276] 
[56.061329] 
[56.061338] Start  layer2: 40 SMs -> 16
[56.076355] End    layer2: 1139 -> 15011 + -16834 = -1823 (7784)
[56.076363] 
[56.076370] 
[56.076381] Start  layer3: 40 SMs -> 17
[56.094909] End    layer3: 1326 -> 18525 + -26328 = -7804 (9061)
[56.094915] 
[56.094922] 
[56.094931] Start  layer4: 20 SMs -> 8
[56.108116] End    layer4: 2507 -> 13181 + -25347 = -12167 (14187)
[56.108121] 
[56.108161] 
[56.108171] Start  layerX: 20 SMs -> 10
[56.108531] End    layerX: 69 -> 358 + -25401 = -25043 (362)
[56.108537] 
[56.108547] Delayed : 15422us
[56.108554] 
[56.108562] Start  layer0: 20 SMs -> 7
[56.110270] End    layer0: 397 -> 1703 + -15174 = -13470 (1965)
[56.110275] 
[56.110279] 
[56.110287] Start  layer1: 40 SMs -> 18
[56.124746] End    layer1: 971 -> 14453 + -23009 = -8556 (6638)
[56.124753] 
[56.124760] 
[56.124770] Start  layer2: 40 SMs -> 15
[56.143239] End    layer2: 1139 -> 18465 + -33720 = -15256 (7784)
[56.143245] 
[56.143250] 
[56.143258] Start  layer3: 40 SMs -> 13
[56.157569] End    layer3: 1326 -> 14306 + -38987 = -24681 (9061)
[56.157574] 
[56.157588] 
[56.157597] Start  layer4: 40 SMs -> 14
[56.176751] End    layer4: 2076 -> 19149 + -43982 = -24833 (14187)
[56.176758] 
[56.176766] 
[56.176778] Start  layerX: 20 SMs -> 7
[56.177856] End    layerX: 69 -> 1073 + -44723 = -43650 (362)
[56.177863] 
[56.177884] Delayed : 34758us
[56.177893] 
[56.177903] Start  layer0: 20 SMs -> 5
[56.179710] End    layer0: 397 -> 1800 + -34612 = -32812 (1965)
[56.179717] 
[56.179721] 
[56.179733] Start  layer1: 20 SMs -> 7
[56.193796] End    layer1: 1306 -> 14060 + -42061 = -28001 (6638)
[56.193802] 
[56.193812] 
[56.193822] Start  layer2: 40 SMs -> 18
[56.213866] End    layer2: 1139 -> 20039 + -54346 = -34308 (7784)
[56.213871] 
[56.213877] 
[56.213886] Start  layer3: 40 SMs -> 13
[56.228222] End    layer3: 1326 -> 14330 + -59639 = -45309 (9061)
[56.228229] 
[56.228263] 
[56.228278] Start  layer4: 20 SMs -> 7
[56.239302] End    layer4: 2507 -> 11021 + -56533 = -45512 (14187)
[56.239308] 
[56.239314] 
[56.239322] Start  layerX: 10 SMs -> 5
[56.240267] End    layerX: 82 -> 942 + -57137 = -56195 (362)
[56.240272] 
[56.240283] Delayed : 47158us
[56.240289] 
[56.240296] Start  layer0: 10 SMs -> 6
[56.241954] End    layer0: 614 -> 1653 + -46858 = -45205 (1965)
[56.241960] 
[56.241963] 
[56.241971] Start  layer1: 10 SMs -> 3
[56.250298] End    layer1: 1963 -> 8322 + -48563 = -40240 (6638)
[56.250303] 
[56.250308] 
[56.250317] Start  layer2: 40 SMs -> 17
[56.267186] End    layer2: 1139 -> 16865 + -57667 = -40802 (7784)
[56.267191] 
[56.267198] 
[56.267206] Start  layer3: 10 SMs -> 7
[56.277047] End    layer3: 2308 -> 9835 + -58464 = -48629 (9061)
[56.277053] 
[56.277058] 
[56.277069] Start  layer4: 30 SMs -> 6
[56.284012] End    layer4: 2393 -> 6940 + -51245 = -44305 (14187)
[56.284016] 
[56.284020] 
[56.284027] Start  layerX: 20 SMs -> 8
[56.284674] End    layerX: 69 -> 643 + -51544 = -50901 (362)
[56.284678] 
[56.284705] Delayed : 41580us
[56.284710] 
[56.284716] Start  layer0: 10 SMs -> 5
[56.286938] End    layer0: 614 -> 2219 + -41844 = -39625 (1965)
[56.286943] 
[56.286945] 
[56.286952] Start  layer1: 10 SMs -> 4
[56.294018] End    layer1: 1963 -> 7061 + -42283 = -35222 (6638)
[56.294024] 
[56.294031] 
[56.294039] Start  layer2: 30 SMs -> 5
[56.301161] End    layer2: 1421 -> 7117 + -41642 = -34525 (7784)
[56.301191] 
[56.301202] 
[56.301213] Start  layer3: 30 SMs -> 6
[56.307455] End    layer3: 1533 -> 6238 + -38874 = -32636 (9061)
[56.307461] 
[56.307468] 
[56.307476] Start  layer4: 40 SMs -> 19
[56.324609] End    layer4: 2076 -> 17130 + -41842 = -24712 (14187)
[56.324613] 
[56.324618] 
[56.324625] Start  layerX: 40 SMs -> 14
[56.326300] End    layerX: 53 -> 1669 + -43169 = -41499 (362)
[56.326304] 
[56.326313] Delayed : 33188us
[56.326318] 
[56.326325] Start  layer0: 40 SMs -> 15
[56.330280] End    layer0: 287 -> 3951 + -35185 = -31234 (1965)
[56.330284] 
[56.330287] 
[56.330294] Start  layer1: 40 SMs -> 15
[56.346249] End    layer1: 971 -> 15948 + -44511 = -28564 (6638)
[56.346257] 
[56.346266] 
[56.346279] Start  layer2: 30 SMs -> 7
[56.356756] End    layer2: 1421 -> 10474 + -47237 = -36763 (7784)
[56.356762] 
[56.356767] 
[56.356775] Start  layer3: 30 SMs -> 6
[56.363086] End    layer3: 1533 -> 6304 + -44503 = -38199 (9061)
[56.363093] 
[56.363101] 
[56.363112] Start  layer4: 20 SMs -> 7
[56.371286] End    layer4: 2507 -> 8170 + -38518 = -30347 (14187)
[56.371292] 
[56.371298] 
[56.371307] Start  layerX: 10 SMs -> 8
[56.372347] End    layerX: 82 -> 1036 + -39216 = -38180 (362)
[56.372353] 
[56.372398] Delayed : 29272us
[56.372405] 
[56.372413] Start  layer0: 10 SMs -> 7
[56.374152] End    layer0: 614 -> 1734 + -29055 = -27321 (1965)
[56.374157] 
[56.374160] 
[56.374168] Start  layer1: 30 SMs -> 6
[56.380679] End    layer1: 1120 -> 6507 + -28944 = -22438 (6638)
[56.380685] 
[56.380690] 
[56.380699] Start  layer2: 30 SMs -> 6
[56.389463] End    layer2: 1421 -> 8758 + -29942 = -21184 (7784)
[56.389470] 
[56.389487] 
[56.389496] Start  layer3: 40 SMs -> 15
[56.403340] End    layer3: 1326 -> 13838 + -34757 = -20919 (9061)
[56.403347] 
[56.403367] 
[56.403380] Start  layer4: 20 SMs -> 8
[56.411508] End    layer4: 2507 -> 8125 + -28740 = -20615 (14187)
[56.411514] 
[56.411518] 
[56.411528] Start  layerX: 10 SMs -> 7
[56.412541] End    layerX: 82 -> 1009 + -29410 = -28401 (362)
[56.412546] 
[56.412579] Delayed : 19454us
[56.412586] 
[56.412594] Start  layer0: 10 SMs -> 8
[56.414914] End    layer0: 614 -> 2316 + -19818 = -17502 (1965)
[56.414920] 
[56.414923] 
[56.414931] Start  layer1: 10 SMs -> 6
[56.426201] End    layer1: 1963 -> 11264 + -24464 = -13200 (6638)
[56.426208] 
[56.426219] 
[56.426230] Start  layer2: 10 SMs -> 9
[56.436598] End    layer2: 2139 -> 10366 + -27080 = -16714 (7784)
[56.436603] 
[56.436607] 
[56.436613] Start  layer3: 10 SMs -> 7
[56.446797] End    layer3: 2308 -> 10181 + -28218 = -18037 (9061)
[56.446802] 
[56.446806] 
[56.446814] Start  layer4: 40 SMs -> 13
[56.463338] End    layer4: 2076 -> 16519 + -30570 = -14051 (14187)
[56.463344] 
[56.463350] 
[56.463360] Start  layerX: 10 SMs -> 5
[56.463887] End    layerX: 82 -> 523 + -30757 = -30233 (362)
[56.463892] 
[56.463901] Delayed : 20776us
[56.463907] 
[56.463915] Start  layer0: 20 SMs -> 9
[56.465152] End    layer0: 397 -> 1232 + -20056 = -18823 (1965)
[56.465157] 
[56.465161] 
[56.465169] Start  layer1: 20 SMs -> 8
[56.472051] End    layer1: 1306 -> 6877 + -20315 = -13438 (6638)
[56.472056] 
[56.472062] 
[56.472072] Start  layer2: 20 SMs -> 9
[56.482523] End    layer2: 1527 -> 10446 + -23003 = -12557 (7784)
[56.482528] 
[56.482534] 
[56.482542] Start  layer3: 20 SMs -> 7
[56.495387] End    layer3: 1611 -> 12841 + -26806 = -13965 (9061)
[56.495393] 
[56.495399] 
[56.495408] Start  layer4: 30 SMs -> 7
[56.503589] End    layer4: 2393 -> 8174 + -20819 = -12644 (14187)
[56.503595] 
[56.503602] 
[56.503610] Start  layerX: 10 SMs -> 8
[56.505858] End    layerX: 82 -> 2242 + -22725 = -20483 (362)
[56.505865] 
[56.505879] Delayed : 12753us
[56.505885] 
[56.505892] Start  layer0: 10 SMs -> 9
[56.508685] End    layer0: 614 -> 2786 + -13587 = -10801 (1965)
[56.508692] 
[56.508697] 
[56.508708] Start  layer1: 20 SMs -> 9
[56.518282] End    layer1: 1306 -> 9568 + -16544 = -6976 (6638)
[56.518288] 
[56.518295] 
[56.518307] Start  layer2: 40 SMs -> 14
[56.535191] End    layer2: 1139 -> 16880 + -25670 = -8791 (7784)
[56.535217] 
[56.535235] 
[56.535244] Start  layer3: 20 SMs -> 9
[56.548536] End    layer3: 1611 -> 13287 + -29955 = -16668 (9061)
[56.548542] 
[56.548550] 
[56.548559] Start  layer4: 30 SMs -> 9
[56.557272] End    layer4: 2393 -> 8712 + -24507 = -15795 (14187)
[56.557275] 
[56.557288] 
[56.557294] Start  layerX: 40 SMs -> 15
[56.557795] End    layerX: 53 -> 500 + -24668 = -24168 (362)
[56.557798] 
[56.557803] Delayed : 14678us
[56.557807] 
[56.557811] Start  layer0: 10 SMs -> 6
[56.559160] End    layer0: 614 -> 1347 + -14068 = -12721 (1965)
[56.559163] 
[56.559165] 
[56.559170] Start  layer1: 30 SMs -> 9
[56.565518] End    layer1: 1120 -> 6342 + -13783 = -7440 (6638)
[56.565523] 
[56.565536] 
[56.565544] Start  layer2: 40 SMs -> 13
[56.580773] End    layer2: 1139 -> 15224 + -21253 = -6030 (7784)
[56.580779] 
[56.580783] 
[56.580793] Start  layer3: 40 SMs -> 12
[56.594700] End    layer3: 1326 -> 13903 + -26119 = -12216 (9061)
[56.594706] 
[56.594717] 
[56.594727] Start  layer4: 30 SMs -> 16
[56.606310] End    layer4: 2393 -> 11577 + -23540 = -11963 (14187)
[56.606317] 
[56.606326] 
[56.606338] Start  layerX: 40 SMs -> 12
[56.609528] End    layerX: 53 -> 3187 + -26397 = -23210 (362)
[56.609534] 
[56.609558] Delayed : 16432us
[56.609567] 
[56.609578] Start  layer0: 10 SMs -> 5
[56.610995] End    layer0: 614 -> 1412 + -15897 = -14485 (1965)
[56.611002] 
[56.611006] 
[56.611014] Start  layer1: 20 SMs -> 6
[56.617235] End    layer1: 1306 -> 6215 + -15498 = -9283 (6638)
[56.617242] 
[56.617257] 
[56.617268] Start  layer2: 10 SMs -> 5
[56.628305] End    layer2: 2139 -> 11033 + -18786 = -7753 (7784)
[56.628311] 
[56.628315] 
[56.628324] Start  layer3: 10 SMs -> 5
[56.638625] End    layer3: 2308 -> 10295 + -20042 = -9747 (9061)
[56.638632] 
[56.638638] 
[56.638650] Start  layer4: 40 SMs -> 9
[56.653918] End    layer4: 2076 -> 15264 + -21150 = -5885 (14187)
[56.653923] 
[56.653942] 
[56.653952] Start  layerX: 10 SMs -> 7
[56.655274] End    layerX: 82 -> 1317 + -22141 = -20825 (362)
[56.655281] 
[56.655312] Delayed : 12185us
[56.655321] 
[56.655331] Start  layer0: 10 SMs -> 7
[56.656666] End    layer0: 614 -> 1332 + -11570 = -10238 (1965)
[56.656672] 
[56.656675] 
[56.656684] Start  layer1: 10 SMs -> 6
[56.664509] End    layer1: 1963 -> 7821 + -12774 = -4953 (6638)
[56.664515] 
[56.664520] 
[56.664528] Start  layer2: 10 SMs -> 5
[56.672427] End    layer2: 2139 -> 7892 + -12906 = -5014 (7784)
[56.672434] 
[56.672443] 
[56.672453] Start  layer3: 10 SMs -> 3
[56.679548] End    layer3: 2308 -> 7089 + -10965 = -3876 (9061)
[56.679555] 
[56.679564] 
[56.679575] Start  layer4: 20 SMs -> 6
[56.687079] End    layer4: 2507 -> 7500 + -4310 = 3189 (14187)
[56.687084] 
[56.687110] 
[56.687119] Start  layerX: 20 SMs -> 3
[56.687727] End    layerX: 69 -> 604 + -4596 = -3992 (362)
[56.687732] 
[56.687742] Reserved: 5382us
[56.693186] 
[56.693193] Start  layer0: 30 SMs -> 3
[56.693798] End    layer0: 330 -> 601 + 1297 = 1897 (1965)
[56.693803] 
[56.693806] 
[56.693814] Start  layer1: 40 SMs -> 4
[56.702018] End    layer1: 971 -> 8198 + -281 = 7916 (6638)
[56.702025] 
[56.702032] 
[56.702044] Start  layer2: 40 SMs -> 11
[56.714178] End    layer2: 1139 -> 12130 + -4658 = 7471 (7784)
[56.714183] 
[56.714190] 
[56.714199] Start  layer3: 10 SMs -> 4
[56.722678] End    layer3: 2308 -> 8474 + -4097 = 4376 (9061)
[56.722684] 
[56.722688] 
[56.722696] Start  layer4: 40 SMs -> 12
[56.736211] End    layer4: 2076 -> 13510 + -3442 = 10067 (14187)
[56.736216] 
[56.736222] 
[56.736230] Start  layerX: 10 SMs -> 1
[56.736377] End    layerX: 82 -> 144 + -3247 = -3103 (362)
[56.736381] 
[56.736388] Reserved: 6736us
[56.743185] 
[56.743193] Start  layer0: 20 SMs -> 2
[56.743772] End    layer0: 397 -> 575 + 1323 = 1898 (1965)
[56.743777] 
[56.743780] 
[56.743788] Start  layer1: 20 SMs -> 2
[56.748955] End    layer1: 1306 -> 5163 + 2779 = 7941 (6638)
[56.748961] 
[56.748965] 
[56.748974] Start  layer2: 20 SMs -> 7
[56.755753] End    layer2: 1527 -> 6774 + 3766 = 10540 (7784)
[56.755759] 
[56.755766] 
[56.755776] Start  layer3: 40 SMs -> 11
[56.764952] End    layer3: 1326 -> 9171 + 3630 = 12801 (9061)
[56.764984] 
[56.764993] 
[56.765006] Start  layer4: 10 SMs -> 4
[56.775240] End    layer4: 3533 -> 10230 + 7528 = 17759 (14187)
[56.775245] 
[56.775251] 
[56.775260] Start  layerX: 10 SMs -> 4
[56.775745] End    layerX: 82 -> 480 + 7386 = 7866 (362)
[56.775751] 
[56.775761] Reserved: 17364us
[56.793193] 
[56.793206] Start  layer0: 40 SMs -> 3
[56.793754] End    layer0: 287 -> 545 + 1341 = 1886 (1965)
[56.793759] 
[56.793762] 
[56.793770] Start  layer1: 30 SMs -> 4
[56.798000] End    layer1: 1120 -> 4223 + 3736 = 7960 (6638)
[56.798007] 
[56.798023] 
[56.798032] Start  layer2: 30 SMs -> 8
[56.805311] End    layer2: 1421 -> 7275 + 4207 = 11482 (7784)
[56.805316] 
[56.805321] 
[56.805330] Start  layer3: 10 SMs -> 4
[56.811089] End    layer3: 2308 -> 5754 + 7492 = 13246 (9061)
[56.811094] 
[56.811107] 
[56.811116] Start  layer4: 20 SMs -> 7
[56.820755] End    layer4: 2507 -> 9635 + 12012 = 21647 (14187)
[56.820761] 
[56.820766] 
[56.820776] Start  layerX: 20 SMs -> 6
[56.822139] End    layerX: 69 -> 1359 + 10991 = 12350 (362)
[56.822145] 
[56.822152] Reserved: 20972us
[56.843191] 
[56.843204] Start  layer0: 20 SMs -> 1
[56.843818] End    layer0: 397 -> 603 + 1285 = 1888 (1965)
[56.843823] 
[56.843827] 
[56.843844] Start  layer1: 20 SMs -> 3
[56.848783] End    layer1: 1306 -> 4933 + 2953 = 7886 (6638)
[56.848790] 
[56.848801] 
[56.848811] Start  layer2: 40 SMs -> 9
[56.859397] End    layer2: 1139 -> 10582 + 121 = 10703 (7784)
[56.859403] 
[56.859408] 
[56.859416] Start  layer3: 40 SMs -> 11
[56.875272] End    layer3: 1326 -> 15851 + -6691 = 9159 (9061)
[56.875278] 
[56.875282] 
[56.875290] Start  layer4: 40 SMs -> 9
[56.880766] End    layer4: 2076 -> 5471 + 2001 = 7472 (14187)
[56.880772] 
[56.880777] 
[56.880785] Start  layerX: 40 SMs -> 2
[56.881134] End    layerX: 53 -> 346 + 1995 = 2340 (362)
[56.881138] 
[56.881145] Reserved: 11979us
[56.893186] 
[56.893195] Start  layer0: 20 SMs -> 1
[56.893701] End    layer0: 397 -> 503 + 1393 = 1896 (1965)
[56.893706] 
[56.893709] 
[56.893717] Start  layer1: 40 SMs -> 5
[56.900680] End    layer1: 971 -> 6959 + 1054 = 8013 (6638)
[56.900686] 
[56.900694] 
[56.900703] Start  layer2: 40 SMs -> 9
[56.909731] End    layer2: 1139 -> 9023 + -211 = 8811 (7784)
[56.909736] 
[56.909760] 
[56.909769] Start  layer3: 40 SMs -> 11
[56.922564] End    layer3: 1326 -> 12791 + -3983 = 8807 (9061)
[56.922570] 
[56.922575] 
[56.922583] Start  layer4: 10 SMs -> 3
[56.926787] End    layer4: 3533 -> 4200 + 5980 = 10180 (14187)
[56.926792] 
[56.926798] 
[56.926806] Start  layerX: 30 SMs -> 3
[56.927671] End    layerX: 63 -> 862 + 5457 = 6319 (362)
[56.927675] 
[56.927687] Reserved: 15438us
[56.943186] 
[56.943194] Start  layer0: 30 SMs -> 1
[56.943593] End    layer0: 330 -> 394 + 1502 = 1896 (1965)
[56.943598] 
[56.943601] 
[56.943609] Start  layer1: 30 SMs -> 2
[56.947552] End    layer1: 1120 -> 3939 + 4182 = 8121 (6638)
[56.947558] 
[56.947563] 
[56.947571] Start  layer2: 40 SMs -> 9
[56.954467] End    layer2: 1139 -> 6892 + 5051 = 11943 (7784)
[56.954473] 
[56.954480] 
[56.954488] Start  layer3: 30 SMs -> 6
[56.959585] End    layer3: 1533 -> 5093 + 8994 = 14087 (9061)
[56.959591] 
[56.959603] 
[56.959612] Start  layer4: 30 SMs -> 5
[56.967375] End    layer4: 2393 -> 7759 + 15392 = 23151 (14187)
[56.967381] 
[56.967385] 
[56.967394] Start  layerX: 20 SMs -> 5
[56.968096] End    layerX: 69 -> 699 + 15032 = 15732 (362)
[56.968101] 
[56.968109] Reserved: 25015us
[56.993185] 
[56.993193] Start  layer0: 40 SMs -> 1
[56.993545] End    layer0: 287 -> 348 + 1550 = 1898 (1965)
[56.993550] 
[56.993553] 
[56.993561] Start  layer1: 40 SMs -> 2
[56.996150] End    layer1: 971 -> 2584 + 5584 = 8168 (6638)
[56.996155] 
[56.996168] 
[56.996177] Start  layer2: 30 SMs -> 6
[57.001905] End    layer2: 1421 -> 5724 + 7613 = 13337 (7784)
[57.001912] 
[57.001924] 
[57.001933] Start  layer3: 10 SMs -> 3
[57.006179] End    layer3: 2308 -> 4242 + 12401 = 16643 (9061)
[57.006184] 
[57.006211] 
[57.006220] Start  layer4: 40 SMs -> 10
[57.016209] End    layer4: 2076 -> 9984 + 16559 = 26543 (14187)
[57.016242] 
[57.016248] 
[57.016256] Start  layerX: 10 SMs -> 4
[57.017620] End    layerX: 82 -> 1360 + 15509 = 16870 (362)
[57.017624] 
[57.017637] Reserved: 25487us
