[25.972898] layer0:
[25.986643] 	10	349us, 561us
[25.996945] 	20	241us, 398us
[26.006288] 	30	205us, 335us
[26.015548] 	40	188us, 294us
[26.015561] Params: 0.62	0.36	0.40

[26.015566] layer1:
[26.094717] 	10	2553us, 4315us
[26.147566] 	20	1833us, 3029us
[26.194682] 	30	1600us, 2697us
[26.237146] 	40	1505us, 2322us
[26.237160] Params: 0.61	0.29	0.39

[26.237166] layer2:
[26.336792] 	10	3282us, 5377us
[26.402629] 	20	2391us, 3773us
[26.463294] 	30	2114us, 3533us
[26.517488] 	40	1949us, 3073us
[26.517502] Params: 0.62	0.30	0.34

[26.517509] layer3:
[26.668978] 	10	5141us, 8131us
[26.771461] 	20	3629us, 6208us
[26.862977] 	30	3329us, 5383us
[26.945684] 	40	3134us, 4690us
[26.945697] Params: 0.63	0.26	0.35

[26.945704] layer4:
[27.075592] 	10	4592us, 6809us
[27.154257] 	20	3055us, 4374us
[27.225717] 	30	2815us, 3934us
[27.290064] 	40	2549us, 3441us
[27.290077] Params: 0.71	0.33	0.40

[27.290083] layerX:
[27.296071] 	10	62us, 116us
[27.301646] 	20	53us, 90us
[27.307164] 	30	52us, 84us
[27.312575] 	40	52us, 75us
[27.312588] Params: 0.61	0.07	0.26

