[21.881157] layer0:
[21.894623] 	10	339us, 411us
[21.905526] 	20	232us, 435us
[21.914774] 	30	200us, 324us
[21.923290] 	40	183us, 283us
[21.923303] Params: 0.66	0.36	0.32

[21.923308] layer1:
[21.960418] 	10	1105us, 1934us
[21.985213] 	20	793us, 1295us
[22.007245] 	30	685us, 1139us
[22.027962] 	40	676us, 981us
[22.027975] Params: 0.62	0.25	0.42

[22.027981] layer2:
[22.069891] 	10	1314us, 2130us
[22.098634] 	20	970us, 1478us
[22.125600] 	30	918us, 1385us
[22.148788] 	40	791us, 1118us
[22.148801] Params: 0.66	0.32	0.43

[22.148807] layer3:
[22.193533] 	10	1396us, 2273us
[22.225342] 	20	965us, 1826us
[22.253565] 	30	924us, 1485us
[22.279558] 	40	889us, 1307us
[22.279570] Params: 0.61	0.22	0.37

[22.279577] layer4:
[22.349451] 	10	2361us, 3536us
[22.393544] 	20	1556us, 2465us
[22.435491] 	30	1500us, 2288us
[22.474744] 	40	1412us, 2116us
[22.474757] Params: 0.66	0.26	0.28

[22.474764] layerX:
[22.480127] 	10	44us, 75us
[22.485476] 	20	42us, 75us
[22.490617] 	30	40us, 62us
[22.495794] 	40	40us, 54us
[22.495810] Params: 0.63	0.05	0.29

