[55.492437] 
[55.492459] Start  layer0: 40 SMs -> 1
[55.493174] End    layer0: 283 -> 713 + 1200 = 1913 (1935)
[55.493179] 
[55.493183] 
[55.493191] Start  layer1: 40 SMs -> 5
[55.504829] End    layer1: 981 -> 11636 + -3757 = 7878 (6698)
[55.504833] 
[55.504922] 
[55.504928] Start  layer2: 20 SMs -> 9
[55.512585] End    layer2: 1477 -> 7654 + -3884 = 3769 (7629)
[55.512588] 
[55.512591] 
[55.512597] Start  layer3: 10 SMs -> 5
[55.520168] End    layer3: 2272 -> 7568 + -2545 = 5022 (8922)
[55.520171] 
[55.520174] 
[55.520180] Start  layer4: 30 SMs -> 9
[55.538022] End    layer4: 2287 -> 17836 + -5950 = 11885 (14445)
[55.538027] 
[55.538033] 
[55.538041] Start  layerX: 30 SMs -> 9
[55.538819] End    layerX: 62 -> 774 + -6380 = -5606 (368)
[55.538825] 
[55.538833] Reserved: 3602us
[55.542501] 
[55.542513] Start  layer0: 10 SMs -> 4
[55.548220] End    layer0: 411 -> 5704 + -3844 = 1858 (1935)
[55.548226] 
[55.548229] 
[55.548240] Start  layer1: 30 SMs -> 6
[55.554354] End    layer1: 1138 -> 6110 + -3280 = 2829 (6698)
[55.554360] 
[55.554373] 
[55.554381] Start  layer2: 40 SMs -> 15
[55.568078] End    layer2: 1117 -> 13696 + -9378 = 4317 (7629)
[55.568081] 
[55.568084] 
[55.568089] Start  layer3: 20 SMs -> 7
[55.575637] End    layer3: 1825 -> 7545 + -8014 = -468 (8922)
[55.575640] 
[55.575642] 
[55.575646] Start  layer4: 30 SMs -> 7
[55.586390] End    layer4: 2287 -> 10737 + -4317 = 6419 (14445)
[55.586395] 
[55.586400] 
[55.586408] Start  layerX: 40 SMs -> 9
[55.587760] End    layerX: 53 -> 1346 + -5319 = -3972 (368)
[55.587767] 
[55.587794] Reserved: 4641us
[55.592498] 
[55.592512] Start  layer0: 40 SMs -> 5
[55.596542] End    layer0: 283 -> 4025 + -2165 = 1859 (1935)
[55.596548] 
[55.596552] 
[55.596562] Start  layer1: 10 SMs -> 7
[55.605501] End    layer1: 1933 -> 8935 + -4427 = 4507 (6698)
[55.605507] 
[55.605523] 
[55.605535] Start  layer2: 20 SMs -> 9
[55.615603] End    layer2: 1477 -> 10061 + -6895 = 3164 (7629)
[55.615609] 
[55.615623] 
[55.615633] Start  layer3: 40 SMs -> 15
[55.635758] End    layer3: 1307 -> 20118 + -18130 = 1988 (8922)
[55.635765] 
[55.635782] 
[55.635794] Start  layer4: 10 SMs -> 3
[55.641315] End    layer4: 3535 -> 5517 + -9243 = -3726 (14445)
[55.641320] 
[55.641329] 
[55.641338] Start  layerX: 20 SMs -> 1
[55.641472] End    layerX: 74 -> 132 + -9034 = -8902 (368)
[55.641476] 
[55.641485] Reserved: 949us
[55.642495] 
[55.642502] Start  layer0: 30 SMs -> 2
[55.646540] End    layer0: 323 -> 4033 + -2164 = 1868 (1935)
[55.646545] 
[55.646549] 
[55.646557] Start  layer1: 40 SMs -> 13
[55.663333] End    layer1: 981 -> 16769 + -12256 = 4512 (6698)
[55.663340] 
[55.663346] 
[55.663356] Start  layer2: 40 SMs -> 16
[55.678536] End    layer2: 1117 -> 15176 + -19832 = -4656 (7629)
[55.678541] 
[55.678549] 
[55.678558] Start  layer3: 20 SMs -> 8
[55.690541] End    layer3: 1825 -> 11977 + -22914 = -10936 (8922)
[55.690547] 
[55.690553] 
[55.690564] Start  layer4: 40 SMs -> 16
[55.709434] End    layer4: 2116 -> 18865 + -27360 = -8496 (14445)
[55.709441] 
[55.709448] 
[55.709459] Start  layerX: 10 SMs -> 5
[55.709815] End    layerX: 74 -> 352 + -27374 = -27022 (368)
[55.709822] 
[55.709836] Delayed : 17400us
[55.709844] 
[55.709855] Start  layer0: 10 SMs -> 5
[55.712094] End    layer0: 411 -> 2236 + -17718 = -15483 (1935)
[55.712100] 
[55.712103] 
[55.712111] Start  layer1: 30 SMs -> 8
[55.719865] End    layer1: 1138 -> 7749 + -18791 = -11042 (6698)
[55.719871] 
[55.719875] 
[55.719884] Start  layer2: 40 SMs -> 15
[55.739781] End    layer2: 1117 -> 19892 + -31077 = -11185 (7629)
[55.739786] 
[55.739817] 
[55.739826] Start  layer3: 40 SMs -> 12
[55.756106] End    layer3: 1307 -> 16274 + -38478 = -22205 (8922)
[55.756114] 
[55.756125] 
[55.756137] Start  layer4: 20 SMs -> 10
[55.764196] End    layer4: 2465 -> 8055 + -32124 = -24069 (14445)
[55.764201] 
[55.764207] 
[55.764217] Start  layerX: 20 SMs -> 8
[55.764799] End    layerX: 74 -> 578 + -32360 = -31782 (368)
[55.764804] 
[55.764812] Delayed : 22377us
[55.764818] 
[55.764826] Start  layer0: 20 SMs -> 8
[55.766816] End    layer0: 411 -> 1986 + -22441 = -20454 (1935)
[55.766847] 
[55.766851] 
[55.766860] Start  layer1: 30 SMs -> 9
[55.774302] End    layer1: 1138 -> 7438 + -23228 = -15790 (6698)
[55.774307] 
[55.774312] 
[55.774321] Start  layer2: 30 SMs -> 8
[55.786248] End    layer2: 1385 -> 11923 + -27544 = -15621 (7629)
[55.786253] 
[55.786258] 
[55.786266] Start  layer3: 30 SMs -> 9
[55.794385] End    layer3: 1484 -> 8114 + -26759 = -18644 (8922)
[55.794390] 
[55.794396] 
[55.794405] Start  layer4: 30 SMs -> 10
[55.805212] End    layer4: 2287 -> 10803 + -23140 = -12337 (14445)
[55.805218] 
[55.805226] 
[55.805235] Start  layerX: 20 SMs -> 7
[55.806021] End    layerX: 74 -> 780 + -23580 = -22800 (368)
[55.806026] 
[55.806037] Delayed : 13602us
[55.806043] 
[55.806052] Start  layer0: 30 SMs -> 10
[55.807532] End    layer0: 323 -> 1476 + -13156 = -11681 (1935)
[55.807538] 
[55.807541] 
[55.807549] Start  layer1: 40 SMs -> 16
[55.822097] End    layer1: 981 -> 14541 + -21021 = -6480 (6698)
[55.822104] 
[55.822111] 
[55.822123] Start  layer2: 40 SMs -> 15
[55.843095] End    layer2: 1117 -> 20969 + -34391 = -13422 (7629)
[55.843101] 
[55.843106] 
[55.843114] Start  layer3: 20 SMs -> 9
[55.854707] End    layer3: 1825 -> 11587 + -37080 = -25493 (8922)
[55.854712] 
[55.854718] 
[55.854729] Start  layer4: 20 SMs -> 8
[55.863066] End    layer4: 2465 -> 8331 + -30992 = -22661 (14445)
[55.863073] 
[55.863080] 
[55.863091] Start  layerX: 10 SMs -> 8
[55.864003] End    layerX: 74 -> 907 + -31561 = -30654 (368)
[55.864009] 
[55.864021] Delayed : 21585us
[55.864029] 
[55.864039] Start  layer0: 10 SMs -> 8
[55.867872] End    layer0: 411 -> 3829 + -23496 = -19666 (1935)
[55.867877] 
[55.867881] 
[55.867889] Start  layer1: 10 SMs -> 8
[55.878720] End    layer1: 1933 -> 10825 + -27644 = -16819 (6698)
[55.878727] 
[55.878751] 
[55.878763] Start  layer2: 20 SMs -> 7
[55.890040] End    layer2: 1477 -> 11273 + -31336 = -20063 (7629)
[55.890045] 
[55.890051] 
[55.890059] Start  layer3: 40 SMs -> 9
[55.901317] End    layer3: 1307 -> 11256 + -33694 = -22438 (8922)
[55.901320] 
[55.901324] 
[55.901328] Start  layer4: 40 SMs -> 11
[55.909881] End    layer4: 2116 -> 8546 + -27809 = -19262 (14445)
[55.909886] 
[55.909939] 
[55.909949] Start  layerX: 20 SMs -> 6
[55.910451] End    layerX: 74 -> 496 + -28010 = -27513 (368)
[55.910458] 
[55.910502] Delayed : 18066us
[55.910511] 
[55.910521] Start  layer0: 40 SMs -> 15
[55.911415] End    layer0: 283 -> 891 + -17039 = -16148 (1935)
[55.911420] 
[55.911423] 
[55.911431] Start  layer1: 30 SMs -> 10
[55.920481] End    layer1: 1138 -> 9045 + -19406 = -10362 (6698)
[55.920486] 
[55.920491] 
[55.920499] Start  layer2: 20 SMs -> 8
[55.931866] End    layer2: 1477 -> 11362 + -23161 = -11800 (7629)
[55.931871] 
[55.931897] 
[55.931906] Start  layer3: 30 SMs -> 9
[55.941753] End    layer3: 1484 -> 9842 + -24126 = -14284 (8922)
[55.941759] 
[55.941765] 
[55.941777] Start  layer4: 20 SMs -> 5
[55.951309] End    layer4: 2465 -> 9529 + -19237 = -9708 (14445)
[55.951315] 
[55.951333] 
[55.951343] Start  layerX: 20 SMs -> 6
[55.952280] End    layerX: 74 -> 934 + -19841 = -18907 (368)
[55.952286] 
[55.952296] Delayed : 9861us
[55.952302] 
[55.952310] Start  layer0: 40 SMs -> 14
[55.954102] End    layer0: 283 -> 1788 + -9727 = -7939 (1935)
[55.954108] 
[55.954111] 
[55.954120] Start  layer1: 30 SMs -> 6
[55.958683] End    layer1: 1138 -> 4557 + -7607 = -3050 (6698)
[55.958690] 
[55.958696] 
[55.958707] Start  layer2: 10 SMs -> 6
[55.966505] End    layer2: 2129 -> 7795 + -7801 = -6 (7629)
[55.966511] 
[55.966517] 
[55.966525] Start  layer3: 40 SMs -> 16
[55.987780] End    layer3: 1307 -> 21250 + -20154 = 1096 (8922)
[55.987785] 
[55.987803] 
[55.987825] Start  layer4: 10 SMs -> 4
[55.996176] End    layer4: 3535 -> 8347 + -14103 = -5757 (14445)
[55.996181] 
[55.996187] 
[55.996195] Start  layerX: 40 SMs -> 22
[55.998676] End    layerX: 53 -> 2476 + -16236 = -13760 (368)
[55.998681] 
[55.998701] Delayed : 6266us
[55.998707] 
[55.998715] Start  layer0: 30 SMs -> 6
[55.999746] End    layer0: 323 -> 1025 + -5369 = -4344 (1935)
[55.999751] 
[55.999755] 
[55.999764] Start  layer1: 20 SMs -> 6
[56.006384] End    layer1: 1295 -> 6614 + -5308 = 1305 (6698)
[56.006392] 
[56.006401] 
[56.006412] Start  layer2: 10 SMs -> 8
[56.016149] End    layer2: 2129 -> 9732 + -7443 = 2288 (7629)
[56.016157] 
[56.016165] 
[56.016176] Start  layer3: 40 SMs -> 16
[56.033119] End    layer3: 1307 -> 16939 + -15493 = 1445 (8922)
[56.033124] 
[56.033134] 
[56.033143] Start  layer4: 20 SMs -> 6
[56.041936] End    layer4: 2465 -> 8789 + -9864 = -1075 (14445)
[56.041941] 
[56.041947] 
[56.041955] Start  layerX: 40 SMs -> 11
[56.043093] End    layerX: 53 -> 1134 + -10654 = -9520 (368)
[56.043098] 
[56.043108] Delayed : 673us
[56.043115] 
[56.043123] Start  layer0: 40 SMs -> 13
[56.048347] End    layer0: 283 -> 5219 + -3970 = 1247 (1935)
[56.048352] 
[56.048356] 
[56.048365] Start  layer1: 20 SMs -> 6
[56.056229] End    layer1: 1295 -> 7859 + -5154 = 2704 (6698)
[56.056237] 
[56.056248] 
[56.056260] Start  layer2: 10 SMs -> 9
[56.065696] End    layer2: 2129 -> 9433 + -6992 = 2440 (7629)
[56.065702] 
[56.065706] 
[56.065716] Start  layer3: 30 SMs -> 9
[56.072902] End    layer3: 1484 -> 7181 + -5275 = 1905 (8922)
[56.072909] 
[56.072919] 
[56.072928] Start  layer4: 20 SMs -> 8
[56.082750] End    layer4: 2465 -> 9818 + -678 = 9139 (14445)
[56.082755] 
[56.082761] 
[56.082774] Start  layerX: 10 SMs -> 5
[56.083769] End    layerX: 74 -> 992 + -1329 = -337 (368)
[56.083774] 
[56.083790] Reserved: 8644us
[56.092506] 
[56.092524] Start  layer0: 20 SMs -> 7
[56.094762] End    layer0: 411 -> 2237 + -386 = 1850 (1935)
[56.094768] 
[56.094771] 
[56.094781] Start  layer1: 30 SMs -> 8
[56.103695] End    layer1: 1138 -> 8910 + -2621 = 6288 (6698)
[56.103701] 
[56.103706] 
[56.103715] Start  layer2: 40 SMs -> 13
[56.122151] End    layer2: 1117 -> 18429 + -13445 = 4983 (7629)
[56.122158] 
[56.122165] 
[56.122178] Start  layer3: 20 SMs -> 7
[56.131058] End    layer3: 1825 -> 8877 + -13432 = -4555 (8922)
[56.131063] 
[56.131068] 
[56.131077] Start  layer4: 20 SMs -> 7
[56.142362] End    layer4: 2465 -> 11280 + -10290 = 989 (14445)
[56.142368] 
[56.142374] 
[56.142383] Start  layerX: 10 SMs -> 4
[56.144869] End    layerX: 74 -> 2482 + -12429 = -9947 (368)
[56.144875] 
[56.144890] Delayed : 2455us
[56.144896] 
[56.144904] Start  layer0: 10 SMs -> 10
[56.148465] End    layer0: 411 -> 3556 + -4089 = -533 (1935)
[56.148471] 
[56.148474] 
[56.148484] Start  layer1: 40 SMs -> 17
[56.164229] End    layer1: 981 -> 15741 + -13155 = 2585 (6698)
[56.164235] 
[56.164240] 
[56.164250] Start  layer2: 30 SMs -> 8
[56.170644] End    layer2: 1385 -> 6388 + -11938 = -5550 (7629)
[56.170651] 
[56.170669] 
[56.170681] Start  layer3: 40 SMs -> 16
[56.189016] End    layer3: 1307 -> 18331 + -21389 = -3058 (8922)
[56.189021] 
[56.189028] 
[56.189038] Start  layer4: 20 SMs -> 8
[56.197174] End    layer4: 2465 -> 8130 + -15100 = -6970 (14445)
[56.197180] 
[56.197186] 
[56.197194] Start  layerX: 20 SMs -> 7
[56.198623] End    layerX: 74 -> 1425 + -16182 = -14758 (368)
[56.198628] 
[56.198639] Delayed : 6204us
[56.198645] 
[56.198654] Start  layer0: 10 SMs -> 3
[56.199846] End    layer0: 411 -> 1187 + -5470 = -4283 (1935)
[56.199852] 
[56.199857] 
[56.199868] Start  layer1: 30 SMs -> 8
[56.208196] End    layer1: 1138 -> 8323 + -7120 = 1201 (6698)
[56.208203] 
[56.208212] 
[56.208222] Start  layer2: 30 SMs -> 9
[56.219554] End    layer2: 1385 -> 11327 + -10848 = 477 (7629)
[56.219561] 
[56.219578] 
[56.219591] Start  layer3: 30 SMs -> 8
[56.229344] End    layer3: 1484 -> 9749 + -11716 = -1968 (8922)
[56.229351] 
[56.229360] 
[56.229371] Start  layer4: 30 SMs -> 6
[56.240092] End    layer4: 2287 -> 10717 + -8019 = 2696 (14445)
[56.240097] 
[56.240130] 
[56.240140] Start  layerX: 10 SMs -> 7
[56.240941] End    layerX: 74 -> 799 + -8503 = -7704 (368)
[56.240946] 
[56.240953] Reserved: 1481us
[56.242495] 
[56.242502] Start  layer0: 10 SMs -> 4
[56.245726] End    layer0: 411 -> 3219 + -1350 = 1868 (1935)
[56.245732] 
[56.245735] 
[56.245743] Start  layer1: 10 SMs -> 9
[56.253850] End    layer1: 1933 -> 8102 + -2776 = 5325 (6698)
[56.253855] 
[56.253860] 
[56.253868] Start  layer2: 40 SMs -> 17
[56.271789] End    layer2: 1117 -> 17916 + -13085 = 4830 (7629)
[56.271795] 
[56.271801] 
[56.271822] Start  layer3: 10 SMs -> 5
[56.281322] End    layer3: 2272 -> 9495 + -13694 = -4199 (8922)
[56.281328] 
[56.281335] 
[56.281345] Start  layer4: 40 SMs -> 14
[56.299841] End    layer4: 2116 -> 18490 + -17767 = 722 (14445)
[56.299847] 
[56.299853] 
[56.299865] Start  layerX: 40 SMs -> 18
[56.302362] End    layerX: 53 -> 2495 + -19922 = -17428 (368)
[56.302368] 
[56.302378] Delayed : 9942us
[56.302384] 
[56.302392] Start  layer0: 10 SMs -> 6
[56.304157] End    layer0: 411 -> 1759 + -9779 = -8020 (1935)
[56.304163] 
[56.304168] 
[56.304178] Start  layer1: 40 SMs -> 20
[56.318369] End    layer1: 981 -> 14187 + -17294 = -3108 (6698)
[56.318374] 
[56.318379] 
[56.318389] Start  layer2: 40 SMs -> 14
[56.341754] End    layer2: 1117 -> 23361 + -33050 = -9689 (7629)
[56.341759] 
[56.341766] 
[56.341774] Start  layer3: 40 SMs -> 16
[56.356481] End    layer3: 1307 -> 14702 + -38855 = -24153 (8922)
[56.356487] 
[56.356498] 
[56.356507] Start  layer4: 40 SMs -> 16
[56.370668] End    layer4: 2116 -> 14156 + -38596 = -24439 (14445)
[56.370673] 
[56.370690] 
[56.370700] Start  layerX: 10 SMs -> 6
[56.371576] End    layerX: 74 -> 872 + -39136 = -38264 (368)
[56.371582] 
[56.371609] Delayed : 29173us
[56.371615] 
[56.371626] Start  layer0: 10 SMs -> 7
[56.374557] End    layer0: 411 -> 2927 + -30181 = -27255 (1935)
[56.374562] 
[56.374566] 
[56.374574] Start  layer1: 40 SMs -> 15
[56.391573] End    layer1: 981 -> 16994 + -40499 = -23505 (6698)
[56.391579] 
[56.391600] 
[56.391608] Start  layer2: 40 SMs -> 14
[56.411378] End    layer2: 1117 -> 19765 + -52674 = -32909 (7629)
[56.411384] 
[56.411389] 
[56.411397] Start  layer3: 30 SMs -> 8
[56.417917] End    layer3: 1484 -> 6516 + -50291 = -43776 (8922)
[56.417923] 
[56.417928] 
[56.417937] Start  layer4: 30 SMs -> 7
[56.424952] End    layer4: 2287 -> 7009 + -42878 = -35869 (14445)
[56.424959] 
[56.424969] 
[56.424981] Start  layerX: 10 SMs -> 8
[56.425753] End    layerX: 74 -> 769 + -43313 = -42544 (368)
[56.425759] 
[56.425770] Delayed : 33335us
[56.425777] 
[56.425792] Start  layer0: 10 SMs -> 9
[56.428336] End    layer0: 411 -> 2539 + -33959 = -31420 (1935)
[56.428341] 
[56.428344] 
[56.428353] Start  layer1: 10 SMs -> 7
[56.438968] End    layer1: 1933 -> 10609 + -37893 = -27284 (6698)
[56.438974] 
[56.438981] 
[56.438990] Start  layer2: 40 SMs -> 12
[56.455050] End    layer2: 1117 -> 16055 + -46345 = -30290 (7629)
[56.455055] 
[56.455084] 
[56.455094] Start  layer3: 40 SMs -> 12
[56.469303] End    layer3: 1307 -> 14205 + -51677 = -37472 (8922)
[56.469309] 
[56.469315] 
[56.469324] Start  layer4: 30 SMs -> 8
[56.479430] End    layer4: 2287 -> 10101 + -47357 = -37257 (14445)
[56.479437] 
[56.479443] 
[56.479455] Start  layerX: 30 SMs -> 8
[56.480369] End    layerX: 62 -> 909 + -47927 = -47018 (368)
[56.480376] 
[56.480388] Delayed : 37952us
[56.480396] 
[56.480407] Start  layer0: 10 SMs -> 5
[56.482817] End    layer0: 411 -> 2406 + -38441 = -36035 (1935)
[56.482822] 
[56.482826] 
[56.482834] Start  layer1: 20 SMs -> 8
[56.494835] End    layer1: 1295 -> 11997 + -43761 = -31765 (6698)
[56.494841] 
[56.494846] 
[56.494855] Start  layer2: 40 SMs -> 14
[56.514656] End    layer2: 1117 -> 19796 + -55951 = -36155 (7629)
[56.514661] 
[56.514667] 
[56.514676] Start  layer3: 20 SMs -> 9
[56.524780] End    layer3: 1825 -> 10098 + -57153 = -47055 (8922)
[56.524785] 
[56.524793] 
[56.524802] Start  layer4: 40 SMs -> 15
[56.543200] End    layer4: 2116 -> 18396 + -61131 = -42734 (14445)
[56.543204] 
[56.543208] 
[56.543214] Start  layerX: 10 SMs -> 6
[56.543680] End    layerX: 74 -> 465 + -61245 = -60779 (368)
[56.543683] 
[56.543695] Delayed : 51260us
