[37.867841] layer0:
[37.881561] 	10	345us, 575us
[37.891948] 	20	235us, 379us
[37.901157] 	30	202us, 318us
[37.910100] 	40	184us, 303us
[37.910112] Params: 0.62	0.37	0.35

[37.910118] layer1:
[37.946956] 	10	1115us, 1905us
[37.971705] 	20	792us, 1285us
[37.994668] 	30	690us, 1169us
[38.015353] 	40	680us, 998us
[38.015367] Params: 0.62	0.25	0.40

[38.015373] layer2:
[38.057642] 	10	1333us, 2138us
[38.086458] 	20	988us, 1511us
[38.113865] 	30	929us, 1416us
[38.137260] 	40	800us, 1121us
[38.137273] Params: 0.66	0.32	0.45

[38.137279] layer3:
[38.184175] 	10	1405us, 2461us
[38.214847] 	20	968us, 1695us
[38.245372] 	30	930us, 1726us
[38.272188] 	40	892us, 1362us
[38.272201] Params: 0.59	0.22	0.39

[38.272207] layer4:
[38.342521] 	10	2391us, 3564us
[38.386544] 	20	1572us, 2416us
[38.428479] 	30	1523us, 2267us
[38.468197] 	40	1416us, 2158us
[38.468210] Params: 0.66	0.27	0.25

[38.468216] layerX:
[38.473353] 	10	44us, 77us
[38.478668] 	20	41us, 69us
[38.483875] 	30	40us, 67us
[38.488980] 	40	40us, 50us
[38.488992] Params: 0.64	0.05	0.40

