[55.493638] 
[55.493657] Start  layer0: 10 SMs -> 5
[55.502357] End    layer0: 574 -> 8700 + -6696 = 2003 (2021)
[55.502360] 
[55.502361] 
[55.502366] Start  layer1: 40 SMs -> 12
[55.510423] End    layer1: 997 -> 8054 + -8101 = -47 (6661)
[55.510426] 
[55.510431] 
[55.510436] Start  layer2: 20 SMs -> 10
[55.519601] End    layer2: 1510 -> 9162 + -9798 = -636 (7481)
[55.519604] 
[55.519606] 
[55.519610] Start  layer3: 10 SMs -> 6
[55.534147] End    layer3: 2461 -> 14534 + -15250 = -715 (9094)
[55.534150] 
[55.534155] 
[55.534160] Start  layer4: 10 SMs -> 6
[55.550132] End    layer4: 3563 -> 15969 + -16825 = -856 (14408)
[55.550135] 
[55.550138] 
[55.550142] Start  layerX: 10 SMs -> 7
[55.550449] End    layerX: 77 -> 305 + -16810 = -16505 (332)
[55.550451] 
[55.550457] Delayed : 6821us
[55.550461] 
[55.550465] Start  layer0: 10 SMs -> 9
[55.552501] End    layer0: 574 -> 2033 + -6840 = -4807 (2021)
[55.552504] 
[55.552505] 
[55.552511] Start  layer1: 10 SMs -> 7
[55.560911] End    layer1: 1904 -> 8397 + -8590 = -192 (6661)
[55.560914] 
[55.560917] 
[55.560922] Start  layer2: 30 SMs -> 8
[55.568522] End    layer2: 1416 -> 7596 + -8718 = -1122 (7481)
[55.568525] 
[55.568530] 
[55.568535] Start  layer3: 30 SMs -> 7
[55.576956] End    layer3: 1694 -> 8419 + -8058 = 359 (9094)
[55.576959] 
[55.576961] 
[55.576966] Start  layer4: 30 SMs -> 6
[55.586418] End    layer4: 2266 -> 9449 + -3112 = 6337 (14408)
[55.586421] 
[55.586425] 
[55.586429] Start  layerX: 40 SMs -> 10
[55.587718] End    layerX: 49 -> 1286 + -4079 = -2792 (332)
[55.587721] 
[55.587731] Reserved: 5904us
[55.593695] 
[55.593711] Start  layer0: 40 SMs -> 12
[55.597295] End    layer0: 302 -> 3583 + -1635 = 1947 (2021)
[55.597298] 
[55.597300] 
[55.597305] Start  layer1: 40 SMs -> 12
[55.607942] End    layer1: 997 -> 10632 + -5617 = 5013 (6661)
[55.607948] 
[55.607953] 
[55.607961] Start  layer2: 40 SMs -> 14
[55.624109] End    layer2: 1120 -> 16144 + -14303 = 1840 (7481)
[55.624114] 
[55.624119] 
[55.624128] Start  layer3: 40 SMs -> 16
[55.639257] End    layer3: 1362 -> 15125 + -20356 = -5231 (9094)
[55.639263] 
[55.639268] 
[55.639278] Start  layer4: 40 SMs -> 13
[55.651862] End    layer4: 2158 -> 12580 + -18552 = -5973 (14408)
[55.651868] 
[55.651875] 
[55.651885] Start  layerX: 20 SMs -> 8
[55.653264] End    layerX: 68 -> 1374 + -19620 = -18246 (332)
[55.653271] 
[55.653349] Delayed : 9711us
[55.653355] 
[55.653365] Start  layer0: 20 SMs -> 9
[55.654370] End    layer0: 378 -> 1001 + -8706 = -7705 (2021)
[55.654377] 
[55.654382] 
[55.654391] Start  layer1: 20 SMs -> 5
[55.660394] End    layer1: 1285 -> 5995 + -8066 = -2071 (6661)
[55.660402] 
[55.660410] 
[55.660424] Start  layer2: 20 SMs -> 6
[55.667325] End    layer2: 1510 -> 6899 + -7519 = -621 (7481)
[55.667331] 
[55.667336] 
[55.667344] Start  layer3: 30 SMs -> 9
[55.677456] End    layer3: 1694 -> 10107 + -8555 = 1551 (9094)
[55.677461] 
[55.677466] 
[55.677475] Start  layer4: 30 SMs -> 9
[55.685610] End    layer4: 2266 -> 8129 + -2298 = 5829 (14408)
[55.685616] 
[55.685631] 
[55.685641] Start  layerX: 20 SMs -> 6
[55.686747] End    layerX: 68 -> 1099 + -3101 = -2002 (332)
[55.686753] 
[55.686763] Reserved: 6873us
[55.693705] 
[55.693722] Start  layer0: 30 SMs -> 4
[55.695494] End    layer0: 317 -> 1768 + 171 = 1939 (2021)
[55.695501] 
[55.695504] 
[55.695514] Start  layer1: 30 SMs -> 10
[55.707009] End    layer1: 1168 -> 11491 + -4684 = 6806 (6661)
[55.707015] 
[55.707019] 
[55.707029] Start  layer2: 40 SMs -> 16
[55.723569] End    layer2: 1120 -> 16533 + -13761 = 2771 (7481)
[55.723576] 
[55.723583] 
[55.723595] Start  layer3: 40 SMs -> 16
[55.740708] End    layer3: 1362 -> 17110 + -21807 = -4697 (9094)
[55.740714] 
[55.740720] 
[55.740728] Start  layer4: 40 SMs -> 12
[55.755764] End    layer4: 2158 -> 15031 + -22454 = -7423 (14408)
[55.755769] 
[55.755774] 
[55.755783] Start  layerX: 20 SMs -> 9
[55.757315] End    layerX: 68 -> 1528 + -23672 = -22144 (332)
[55.757321] 
[55.757332] Delayed : 13694us
[55.757338] 
[55.757346] Start  layer0: 10 SMs -> 4
[55.758787] End    layer0: 574 -> 1436 + -13123 = -11687 (2021)
[55.758815] 
[55.758819] 
[55.758828] Start  layer1: 40 SMs -> 15
[55.770084] End    layer1: 997 -> 11255 + -17762 = -6507 (6661)
[55.770087] 
[55.770090] 
[55.770095] Start  layer2: 40 SMs -> 14
[55.782974] End    layer2: 1120 -> 12872 + -23166 = -10295 (7481)
[55.782982] 
[55.782990] 
[55.783002] Start  layer3: 30 SMs -> 8
[55.792673] End    layer3: 1694 -> 9667 + -23770 = -14104 (9094)
[55.792680] 
[55.792695] 
[55.792707] Start  layer4: 40 SMs -> 8
[55.809642] End    layer4: 2158 -> 16932 + -26332 = -9400 (14408)
[55.809649] 
[55.809660] 
[55.809672] Start  layerX: 40 SMs -> 15
[55.811076] End    layerX: 49 -> 1401 + -27433 = -26033 (332)
[55.811082] 
[55.811090] Delayed : 17453us
[55.811097] 
[55.811106] Start  layer0: 10 SMs -> 4
[55.812374] End    layer0: 574 -> 1264 + -16711 = -15446 (2021)
[55.812380] 
[55.812383] 
[55.812391] Start  layer1: 10 SMs -> 4
[55.818685] End    layer1: 1904 -> 6288 + -16358 = -10071 (6661)
[55.818692] 
[55.818699] 
[55.818708] Start  layer2: 40 SMs -> 17
[55.834067] End    layer2: 1120 -> 15355 + -24261 = -8906 (7481)
[55.834073] 
[55.834078] 
[55.834087] Start  layer3: 40 SMs -> 12
[55.844540] End    layer3: 1362 -> 10452 + -25643 = -15190 (9094)
[55.844543] 
[55.844557] 
[55.844563] Start  layer4: 30 SMs -> 3
[55.849614] End    layer4: 2266 -> 5047 + -16307 = -11259 (14408)
[55.849617] 
[55.849626] 
[55.849631] Start  layerX: 10 SMs -> 8
[55.851223] End    layerX: 77 -> 1590 + -17583 = -15994 (332)
[55.851226] 
[55.851230] Delayed : 7594us
[55.851234] 
[55.851239] Start  layer0: 40 SMs -> 14
[55.853739] End    layer0: 302 -> 2497 + -8078 = -5581 (2021)
[55.853742] 
[55.853745] 
[55.853752] Start  layer1: 20 SMs -> 7
[55.858514] End    layer1: 1285 -> 4759 + -6192 = -1433 (6661)
[55.858516] 
[55.858535] 
[55.858540] Start  layer2: 30 SMs -> 6
[55.862121] End    layer2: 1416 -> 3578 + -2318 = 1259 (7481)
[55.862124] 
[55.862132] 
[55.862136] Start  layer3: 30 SMs -> 7
[55.866465] End    layer3: 1694 -> 4326 + 2432 = 6758 (9094)
[55.866469] 
[55.866472] 
[55.866479] Start  layer4: 30 SMs -> 6
[55.872476] End    layer4: 2266 -> 5995 + 10830 = 16825 (14408)
[55.872478] 
[55.872481] 
[55.872486] Start  layerX: 30 SMs -> 7
[55.872967] End    layerX: 66 -> 478 + 10671 = 11150 (332)
[55.872970] 
[55.872975] Reserved: 20661us
[55.893693] 
[55.893698] Start  layer0: 30 SMs -> 9
[55.894827] End    layer0: 317 -> 1126 + 833 = 1959 (2021)
[55.894831] 
[55.894833] 
[55.894838] Start  layer1: 10 SMs -> 8
[55.905853] End    layer1: 1904 -> 11012 + -3531 = 7480 (6661)
[55.905855] 
[55.905860] 
[55.905865] Start  layer2: 10 SMs -> 8
[55.912577] End    layer2: 2137 -> 6706 + -2771 = 3934 (7481)
[55.912583] 
[55.912600] 
[55.912611] Start  layer3: 40 SMs -> 14
[55.930358] End    layer3: 1362 -> 17744 + -11457 = 6285 (9094)
[55.930364] 
[55.930370] 
[55.930379] Start  layer4: 30 SMs -> 8
[55.944060] End    layer4: 2266 -> 13675 + -10748 = 2926 (14408)
[55.944068] 
[55.944075] 
[55.944084] Start  layerX: 20 SMs -> 5
[55.944705] End    layerX: 68 -> 617 + -11062 = -10446 (332)
[55.944710] 
[55.944731] Delayed : 1093us
[55.944739] 
[55.944750] Start  layer0: 10 SMs -> 4
[55.946250] End    layer0: 574 -> 1497 + -586 = 910 (2021)
[55.946256] 
[55.946259] 
[55.946267] Start  layer1: 30 SMs -> 7
[55.953044] End    layer1: 1168 -> 6770 + -716 = 6053 (6661)
[55.953051] 
[55.953062] 
[55.953071] Start  layer2: 40 SMs -> 15
[55.972485] End    layer2: 1120 -> 19410 + -12679 = 6730 (7481)
[55.972491] 
[55.972495] 
[55.972504] Start  layer3: 40 SMs -> 18
[55.988871] End    layer3: 1362 -> 16362 + -19970 = -3608 (9094)
[55.988876] 
[55.988884] 
[55.988892] Start  layer4: 30 SMs -> 4
[55.995846] End    layer4: 2266 -> 6947 + -12534 = -5587 (14408)
[55.995853] 
[55.995860] 
[55.995870] Start  layerX: 40 SMs -> 21
[55.999524] End    layerX: 49 -> 3649 + -15879 = -12231 (332)
[55.999531] 
[55.999544] Delayed : 5906us
[55.999552] 
[55.999564] Start  layer0: 20 SMs -> 5
[56.001092] End    layer0: 378 -> 1524 + -5428 = -3904 (2021)
[56.001099] 
[56.001102] 
[56.001110] Start  layer1: 20 SMs -> 5
[56.007779] End    layer1: 1285 -> 6662 + -5452 = 1209 (6661)
[56.007823] 
[56.007857] 
[56.007867] Start  layer2: 40 SMs -> 14
[56.019402] End    layer2: 1120 -> 11531 + -9596 = 1934 (7481)
[56.019408] 
[56.019412] 
[56.019421] Start  layer3: 20 SMs -> 7
[56.028203] End    layer3: 1694 -> 8777 + -9302 = -525 (9094)
[56.028209] 
[56.028215] 
[56.028224] Start  layer4: 20 SMs -> 7
[56.035164] End    layer4: 2416 -> 6934 + -1852 = 5081 (14408)
[56.035171] 
[56.035179] 
[56.035192] Start  layerX: 40 SMs -> 13
[56.036317] End    layerX: 49 -> 1120 + -2672 = -1552 (332)
[56.036324] 
[56.036341] Reserved: 7295us
[56.043704] 
[56.043718] Start  layer0: 40 SMs -> 14
[56.048169] End    layer0: 302 -> 4448 + -2505 = 1942 (2021)
[56.048174] 
[56.048178] 
[56.048188] Start  layer1: 40 SMs -> 15
[56.062463] End    layer1: 997 -> 14269 + -10136 = 4132 (6661)
[56.062470] 
[56.062476] 
[56.062489] Start  layer2: 20 SMs -> 8
[56.071965] End    layer2: 1510 -> 9473 + -12159 = -2686 (7481)
[56.071971] 
[56.071986] 
[56.071994] Start  layer3: 40 SMs -> 17
[56.092662] End    layer3: 1362 -> 20664 + -23761 = -3098 (9094)
[56.092668] 
[56.092682] 
[56.092691] Start  layer4: 20 SMs -> 9
[56.102556] End    layer4: 2416 -> 9861 + -19246 = -9385 (14408)
[56.102561] 
[56.102567] 
[56.102574] Start  layerX: 20 SMs -> 8
[56.104046] End    layerX: 68 -> 1467 + -20403 = -18936 (332)
[56.104051] 
[56.104061] Delayed : 10424us
[56.104067] 
[56.104075] Start  layer0: 20 SMs -> 10
[56.106161] End    layer0: 378 -> 2081 + -10497 = -8416 (2021)
[56.106166] 
[56.106169] 
[56.106178] Start  layer1: 30 SMs -> 6
[56.109726] End    layer1: 1168 -> 3543 + -7401 = -3857 (6661)
[56.109731] 
[56.109747] 
[56.109755] Start  layer2: 40 SMs -> 16
[56.126066] End    layer2: 1120 -> 16306 + -16260 = 46 (7481)
[56.126071] 
[56.126133] 
[56.126148] Start  layer3: 40 SMs -> 15
[56.149049] End    layer3: 1362 -> 22896 + -30148 = -7251 (9094)
[56.149055] 
[56.149062] 
[56.149075] Start  layer4: 30 SMs -> 7
[56.158829] End    layer4: 2266 -> 9750 + -25519 = -15768 (14408)
[56.158835] 
[56.158845] 
[56.158854] Start  layerX: 10 SMs -> 8
[56.159453] End    layerX: 77 -> 596 + -25811 = -25215 (332)
[56.159460] 
[56.159479] Delayed : 15841us
[56.159487] 
[56.159498] Start  layer0: 10 SMs -> 7
[56.161868] End    layer0: 574 -> 2366 + -16204 = -13837 (2021)
[56.161873] 
[56.161877] 
[56.161886] Start  layer1: 40 SMs -> 17
[56.178686] End    layer1: 997 -> 16796 + -26361 = -9565 (6661)
[56.178692] 
[56.178704] 
[56.178713] Start  layer2: 30 SMs -> 9
[56.192784] End    layer2: 1416 -> 14067 + -32978 = -18911 (7481)
[56.192790] 
[56.192795] 
[56.192804] Start  layer3: 40 SMs -> 11
[56.210633] End    layer3: 1362 -> 17824 + -41732 = -23907 (9094)
[56.210639] 
[56.210645] 
[56.210654] Start  layer4: 40 SMs -> 14
[56.228668] End    layer4: 2158 -> 18009 + -45358 = -27349 (14408)
[56.228674] 
[56.228680] 
[56.228689] Start  layerX: 10 SMs -> 6
[56.229654] End    layerX: 77 -> 959 + -46010 = -45051 (332)
[56.229661] 
[56.229672] Delayed : 36034us
[56.229680] 
[56.229691] Start  layer0: 40 SMs -> 16
[56.235613] End    layer0: 302 -> 5918 + -39948 = -34031 (2021)
[56.235619] 
[56.235622] 
[56.235631] Start  layer1: 20 SMs -> 7
[56.242326] End    layer1: 1285 -> 6690 + -40001 = -33311 (6661)
[56.242331] 
[56.242337] 
[56.242346] Start  layer2: 40 SMs -> 12
[56.257053] End    layer2: 1120 -> 14703 + -47247 = -32544 (7481)
[56.257059] 
[56.257064] 
[56.257073] Start  layer3: 40 SMs -> 17
[56.273803] End    layer3: 1362 -> 16724 + -54900 = -38176 (9094)
[56.273810] 
[56.273819] 
[56.273831] Start  layer4: 40 SMs -> 15
[56.292219] End    layer4: 2158 -> 18385 + -58910 = -40524 (14408)
[56.292225] 
[56.292233] 
[56.292241] Start  layerX: 10 SMs -> 7
[56.292620] End    layerX: 77 -> 375 + -58978 = -58603 (332)
[56.292626] 
[56.292653] Delayed : 49015us
[56.292661] 
[56.292671] Start  layer0: 20 SMs -> 4
[56.295877] End    layer0: 378 -> 3202 + -50213 = -47011 (2021)
[56.295882] 
[56.295886] 
[56.295894] Start  layer1: 40 SMs -> 16
[56.315680] End    layer1: 997 -> 19782 + -63355 = -43574 (6661)
[56.315686] 
[56.315690] 
[56.315699] Start  layer2: 10 SMs -> 6
[56.325321] End    layer2: 2137 -> 9618 + -65515 = -55898 (7481)
[56.325327] 
[56.325348] 
[56.325357] Start  layer3: 20 SMs -> 8
[56.333567] End    layer3: 1694 -> 8206 + -64666 = -56460 (9094)
[56.333572] 
[56.333579] 
[56.333588] Start  layer4: 30 SMs -> 6
[56.339239] End    layer4: 2266 -> 5647 + -55929 = -50282 (14408)
[56.339245] 
[56.339251] 
[56.339260] Start  layerX: 20 SMs -> 3
[56.339650] End    layerX: 68 -> 384 + -56005 = -55621 (332)
[56.339656] 
[56.339667] Delayed : 46030us
[56.339676] 
[56.339686] Start  layer0: 40 SMs -> 15
[56.343094] End    layer0: 302 -> 3405 + -47430 = -44026 (2021)
[56.343100] 
[56.343103] 
[56.343111] Start  layer1: 40 SMs -> 14
[56.357608] End    layer1: 997 -> 14490 + -55281 = -40791 (6661)
[56.357614] 
[56.357620] 
[56.357630] Start  layer2: 20 SMs -> 5
[56.364372] End    layer2: 1510 -> 6736 + -54564 = -47828 (7481)
[56.364379] 
[56.364386] 
[56.364398] Start  layer3: 20 SMs -> 7
[56.372938] End    layer3: 1694 -> 8537 + -54037 = -45500 (9094)
[56.372944] 
[56.372950] 
[56.372962] Start  layer4: 40 SMs -> 14
[56.389989] End    layer4: 2158 -> 17023 + -56679 = -39656 (14408)
[56.389994] 
[56.390002] 
[56.390011] Start  layerX: 10 SMs -> 4
[56.390505] End    layerX: 77 -> 489 + -56861 = -56372 (332)
[56.390512] 
[56.390525] Delayed : 46887us
[56.390533] 
[56.390544] Start  layer0: 40 SMs -> 14
[56.393809] End    layer0: 302 -> 3261 + -48145 = -44884 (2021)
[56.393814] 
[56.393817] 
[56.393827] Start  layer1: 30 SMs -> 6
[56.402180] End    layer1: 1168 -> 8349 + -49855 = -41506 (6661)
[56.402185] 
[56.402190] 
[56.402198] Start  layer2: 30 SMs -> 9
[56.408884] End    layer2: 1416 -> 6681 + -49078 = -42397 (7481)
[56.408889] 
[56.408896] 
[56.408904] Start  layer3: 10 SMs -> 7
[56.418608] End    layer3: 2461 -> 9699 + -49706 = -40008 (9094)
[56.418615] 
[56.418622] 
[56.418634] Start  layer4: 20 SMs -> 7
[56.425755] End    layer4: 2416 -> 7118 + -42445 = -35327 (14408)
[56.425761] 
[56.425774] 
[56.425784] Start  layerX: 10 SMs -> 8
[56.426663] End    layerX: 77 -> 874 + -43020 = -42146 (332)
[56.426668] 
[56.426679] Delayed : 33042us
[56.426685] 
[56.426693] Start  layer0: 10 SMs -> 7
[56.429230] End    layer0: 574 -> 2531 + -33565 = -31034 (2021)
[56.429235] 
[56.429238] 
[56.429247] Start  layer1: 40 SMs -> 16
[56.445807] End    layer1: 997 -> 16555 + -43482 = -26927 (6661)
[56.445813] 
[56.445818] 
[56.445827] Start  layer2: 40 SMs -> 12
[56.464712] End    layer2: 1120 -> 18880 + -54906 = -36026 (7481)
[56.464717] 
[56.464722] 
[56.464731] Start  layer3: 40 SMs -> 14
[56.481138] End    layer3: 1362 -> 16402 + -62237 = -45835 (9094)
[56.481143] 
[56.481149] 
[56.481158] Start  layer4: 30 SMs -> 9
[56.493915] End    layer4: 2266 -> 12752 + -60605 = -47853 (14408)
[56.493920] 
[56.493930] 
[56.493942] Start  layerX: 20 SMs -> 10
[56.494910] End    layerX: 68 -> 965 + -61268 = -60302 (332)
[56.494916] 
[56.494925] Delayed : 51288us
[56.494931] 
[56.494939] Start  layer0: 10 SMs -> 4
[56.497894] End    layer0: 574 -> 2951 + -52230 = -49280 (2021)
[56.497900] 
[56.497903] 
[56.497911] Start  layer1: 10 SMs -> 9
[56.508031] End    layer1: 1904 -> 10113 + -55704 = -45590 (6661)
[56.508038] 
[56.508047] 
[56.508059] Start  layer2: 20 SMs -> 10
[56.516233] End    layer2: 1510 -> 8168 + -56425 = -48257 (7481)
[56.516240] 
[56.516247] 
[56.516259] Start  layer3: 20 SMs -> 9
[56.523603] End    layer3: 1694 -> 7340 + -54702 = -47362 (9094)
[56.523609] 
[56.523615] 
[56.523625] Start  layer4: 20 SMs -> 8
[56.535049] End    layer4: 2416 -> 11420 + -51739 = -40319 (14408)
[56.535055] 
[56.535059] 
[56.535068] Start  layerX: 20 SMs -> 7
[56.536007] End    layerX: 68 -> 933 + -52362 = -51429 (332)
[56.536013] 
[56.536022] Delayed : 42385us
[56.536028] 
[56.536037] Start  layer0: 40 SMs -> 12
[56.538796] End    layer0: 302 -> 2755 + -43132 = -40377 (2021)
[56.538802] 
[56.538806] 
[56.538815] Start  layer1: 10 SMs -> 4
[56.550215] End    layer1: 1904 -> 11396 + -47891 = -36494 (6661)
[56.550220] 
[56.550224] 
[56.550234] Start  layer2: 10 SMs -> 8
[56.560708] End    layer2: 2137 -> 10470 + -50901 = -40432 (7481)
[56.560737] 
[56.560743] 
[56.560752] Start  layer3: 30 SMs -> 8
[56.568632] End    layer3: 1694 -> 7874 + -49729 = -41855 (9094)
[56.568639] 
[56.568649] 
[56.568661] Start  layer4: 40 SMs -> 13
[56.582176] End    layer4: 2158 -> 13511 + -48866 = -35354 (14408)
[56.582181] 
[56.582187] 
[56.582195] Start  layerX: 30 SMs -> 9
[56.582912] End    layerX: 66 -> 712 + -49269 = -48557 (332)
[56.582917] 
[56.582926] Delayed : 39289us
[56.582932] 
[56.582940] Start  layer0: 40 SMs -> 12
[56.584773] End    layer0: 302 -> 1828 + -39108 = -37281 (2021)
[56.584779] 
[56.584783] 
[56.584793] Start  layer1: 10 SMs -> 5
[56.589623] End    layer1: 1904 -> 4826 + -37298 = -32472 (6661)
[56.589629] 
[56.589634] 
[56.589642] Start  layer2: 10 SMs -> 2
[56.592878] End    layer2: 2137 -> 3231 + -33071 = -29840 (7481)
[56.592885] 
[56.592891] 
[56.592901] Start  layer3: 40 SMs -> 10
[56.604509] End    layer3: 1362 -> 11602 + -35606 = -24004 (9094)
[56.604515] 
[56.604533] 
[56.604542] Start  layer4: 30 SMs -> 9
[56.612201] End    layer4: 2266 -> 7652 + -28889 = -21237 (14408)
[56.612208] 
[56.612227] 
[56.612236] Start  layerX: 10 SMs -> 6
[56.614005] End    layerX: 77 -> 1766 + -30363 = -28597 (332)
[56.614011] 
[56.614037] Delayed : 20400us
[56.614045] 
[56.614054] Start  layer0: 10 SMs -> 7
[56.616307] End    layer0: 574 -> 2249 + -20643 = -18395 (2021)
[56.616313] 
[56.616316] 
[56.616325] Start  layer1: 30 SMs -> 9
[56.625864] End    layer1: 1168 -> 9533 + -23537 = -14004 (6661)
[56.625871] 
[56.625883] 
[56.625896] Start  layer2: 10 SMs -> 7
[56.636590] End    layer2: 2137 -> 10691 + -26784 = -16093 (7481)
[56.636596] 
[56.636602] 
[56.636610] Start  layer3: 10 SMs -> 6
[56.640762] End    layer3: 2461 -> 4148 + -21861 = -17713 (9094)
[56.640768] 
[56.640772] 
[56.640780] Start  layer4: 40 SMs -> 9
[56.654507] End    layer4: 2158 -> 13722 + -21197 = -7475 (14408)
[56.654513] 
[56.654536] 
[56.654545] Start  layerX: 40 SMs -> 13
[56.655233] End    layerX: 49 -> 684 + -21590 = -20907 (332)
[56.655238] 
[56.655248] Delayed : 11610us
[56.655256] 
[56.655266] Start  layer0: 10 SMs -> 7
[56.658220] End    layer0: 574 -> 2950 + -12556 = -9606 (2021)
[56.658226] 
[56.658229] 
[56.658238] Start  layer1: 30 SMs -> 5
[56.663092] End    layer1: 1168 -> 4850 + -10767 = -5917 (6661)
[56.663099] 
[56.663139] 
[56.663148] Start  layer2: 30 SMs -> 6
[56.672681] End    layer2: 1416 -> 9529 + -12875 = -3346 (7481)
[56.672686] 
[56.672694] 
[56.672703] Start  layer3: 20 SMs -> 6
[56.682981] End    layer3: 1694 -> 10274 + -14080 = -3806 (9094)
[56.682987] 
[56.682992] 
[56.683000] Start  layer4: 20 SMs -> 4
[56.689075] End    layer4: 2416 -> 6070 + -5765 = 304 (14408)
[56.689081] 
[56.689086] 
[56.689095] Start  layerX: 40 SMs -> 8
[56.689495] End    layerX: 49 -> 397 + -5854 = -5456 (332)
[56.689499] 
[56.689507] Reserved: 4129us
[56.693698] 
[56.693715] Start  layer0: 20 SMs -> 4
[56.694592] End    layer0: 378 -> 871 + 1072 = 1944 (2021)
[56.694599] 
[56.694603] 
[56.694614] Start  layer1: 20 SMs -> 7
[56.702158] End    layer1: 1285 -> 7538 + 168 = 7707 (6661)
[56.702164] 
[56.702171] 
[56.702179] Start  layer2: 30 SMs -> 7
[56.709646] End    layer2: 1416 -> 7460 + 161 = 7621 (7481)
[56.709653] 
[56.709664] 
[56.709676] Start  layer3: 30 SMs -> 7
[56.717184] End    layer3: 1694 -> 7505 + 1716 = 9221 (9094)
[56.717190] 
[56.717196] 
[56.717204] Start  layer4: 40 SMs -> 13
[56.730532] End    layer4: 2158 -> 13324 + 2777 = 16101 (14408)
[56.730538] 
[56.730543] 
[56.730551] Start  layerX: 20 SMs -> 5
[56.731932] End    layerX: 68 -> 1377 + 1710 = 3086 (332)
[56.731938] 
[56.731961] Reserved: 11675us
[56.743697] 
[56.743706] Start  layer0: 10 SMs -> 3
[56.746388] End    layer0: 574 -> 2678 + -725 = 1953 (2021)
[56.746394] 
[56.746397] 
[56.746406] Start  layer1: 40 SMs -> 8
[56.753153] End    layer1: 997 -> 6741 + -826 = 5914 (6661)
[56.753160] 
[56.753178] 
[56.753187] Start  layer2: 20 SMs -> 7
[56.760213] End    layer2: 1510 -> 7021 + -406 = 6614 (7481)
[56.760220] 
[56.760238] 
[56.760250] Start  layer3: 20 SMs -> 7
[56.768322] End    layer3: 1694 -> 8068 + 580 = 8647 (9094)
[56.768329] 
[56.768336] 
[56.768348] Start  layer4: 20 SMs -> 6
[56.780721] End    layer4: 2416 -> 12370 + 2588 = 14958 (14408)
[56.780727] 
[56.780739] 
[56.780747] Start  layerX: 10 SMs -> 5
[56.781513] End    layerX: 77 -> 763 + 2127 = 2891 (332)
[56.781518] 
[56.781537] Reserved: 12099us
[56.793696] 
[56.793704] Start  layer0: 10 SMs -> 3
[56.797239] End    layer0: 574 -> 3529 + -1573 = 1954 (2021)
[56.797246] 
[56.797251] 
[56.797263] Start  layer1: 40 SMs -> 9
[56.803988] End    layer1: 997 -> 6721 + -1663 = 5057 (6661)
[56.803995] 
[56.804010] 
[56.804022] Start  layer2: 40 SMs -> 10
[56.813709] End    layer2: 1120 -> 9683 + -3902 = 5780 (7481)
[56.813716] 
[56.813722] 
[56.813731] Start  layer3: 30 SMs -> 8
[56.823789] End    layer3: 1694 -> 10053 + -4888 = 5165 (9094)
[56.823794] 
[56.823801] 
[56.823821] Start  layer4: 30 SMs -> 6
[56.830986] End    layer4: 2266 -> 7161 + 2323 = 9485 (14408)
[56.830991] 
[56.830996] 
[56.831004] Start  layerX: 10 SMs -> 2
[56.831608] End    layerX: 77 -> 598 + 2036 = 2634 (332)
[56.831614] 
[56.831636] Reserved: 12000us
[56.843701] 
[56.843715] Start  layer0: 10 SMs -> 2
[56.845805] End    layer0: 574 -> 2088 + -141 = 1945 (2021)
[56.845811] 
[56.845814] 
[56.845825] Start  layer1: 20 SMs -> 6
[56.851703] End    layer1: 1285 -> 5872 + 623 = 6494 (6661)
[56.851710] 
[56.851716] 
[56.851727] Start  layer2: 40 SMs -> 10
[56.865137] End    layer2: 1120 -> 13406 + -5331 = 8074 (7481)
[56.865143] 
[56.865148] 
[56.865157] Start  layer3: 40 SMs -> 12
[56.878162] End    layer3: 1362 -> 13001 + -9261 = 3739 (9094)
[56.878168] 
[56.878186] 
[56.878195] Start  layer4: 40 SMs -> 9
[56.881531] End    layer4: 2158 -> 3332 + 1778 = 5109 (14408)
[56.881537] 
[56.881543] 
[56.881551] Start  layerX: 40 SMs -> 1
[56.881658] End    layerX: 49 -> 105 + 1982 = 2087 (332)
[56.881661] 
[56.881670] Reserved: 11966us
[56.893698] 
[56.893707] Start  layer0: 40 SMs -> 4
[56.894769] End    layer0: 302 -> 1058 + 894 = 1952 (2021)
[56.894774] 
[56.894777] 
[56.894786] Start  layer1: 40 SMs -> 8
[56.901182] End    layer1: 997 -> 6392 + 1142 = 7534 (6661)
[56.901188] 
[56.901195] 
[56.901203] Start  layer2: 40 SMs -> 9
[56.912456] End    layer2: 1120 -> 11249 + -2650 = 8597 (7481)
[56.912462] 
[56.912469] 
[56.912478] Start  layer3: 20 SMs -> 5
[56.920905] End    layer3: 1694 -> 8423 + -2004 = 6418 (9094)
[56.920911] 
[56.920916] 
[56.920925] Start  layer4: 40 SMs -> 9
[56.929657] End    layer4: 2158 -> 8725 + 3654 = 12380 (14408)
[56.929664] 
[56.929674] 
[56.929685] Start  layerX: 40 SMs -> 3
[56.930264] End    layerX: 49 -> 574 + 3380 = 3954 (332)
[56.930270] 
[56.930282] Reserved: 13354us
[56.943701] 
[56.943714] Start  layer0: 10 SMs -> 1
[56.946533] End    layer0: 574 -> 2816 + -869 = 1946 (2021)
[56.946539] 
[56.946542] 
[56.946551] Start  layer1: 10 SMs -> 6
[56.950795] End    layer1: 1904 -> 4240 + 1529 = 5769 (6661)
[56.950801] 
[56.950807] 
[56.950818] Start  layer2: 30 SMs -> 7
[56.956688] End    layer2: 1416 -> 5865 + 3119 = 8984 (7481)
[56.956695] 
[56.956702] 
[56.956713] Start  layer3: 40 SMs -> 9
[56.968296] End    layer3: 1362 -> 11580 + 604 = 12183 (9094)
[56.968302] 
[56.968307] 
[56.968316] Start  layer4: 30 SMs -> 5
[56.976372] End    layer4: 2266 -> 8050 + 6939 = 14989 (14408)
[56.976379] 
[56.976387] 
[56.976398] Start  layerX: 40 SMs -> 7
[56.977038] End    layerX: 49 -> 634 + 6606 = 7240 (332)
[56.977045] 
[56.977056] Reserved: 16581us
[56.993699] 
[56.993710] Start  layer0: 10 SMs -> 1
[56.994515] End    layer0: 574 -> 801 + 1148 = 1949 (2021)
[56.994520] 
[56.994523] 
[56.994531] Start  layer1: 40 SMs -> 4
[56.999927] End    layer1: 997 -> 5392 + 2396 = 7788 (6661)
[56.999933] 
[56.999938] 
[56.999946] Start  layer2: 10 SMs -> 4
[57.004751] End    layer2: 2137 -> 4800 + 5054 = 9854 (7481)
[57.004758] 
[57.004766] 
[57.004774] Start  layer3: 10 SMs -> 3
[57.009259] End    layer3: 2461 -> 4480 + 9641 = 14121 (9094)
[57.009264] 
[57.009269] 
[57.009277] Start  layer4: 10 SMs -> 3
[57.017271] End    layer4: 3563 -> 7989 + 16038 = 24027 (14408)
[57.017296] 
[57.017302] 
[57.017311] Start  layerX: 10 SMs -> 5
[57.019439] End    layerX: 77 -> 2122 + 14205 = 16327 (332)
[57.019446] 
[57.019461] Reserved: 24176us
[57.043703] 
[57.043718] Start  layer0: 20 SMs -> 1
[57.044198] End    layer0: 378 -> 477 + 1464 = 1942 (2021)
[57.044203] 
[57.044207] 
[57.044214] Start  layer1: 40 SMs -> 3
[57.048417] End    layer1: 997 -> 4197 + 3909 = 8105 (6661)
[57.048424] 
[57.048433] 
[57.048444] Start  layer2: 40 SMs -> 7
[57.055163] End    layer2: 1120 -> 6716 + 4642 = 11357 (7481)
[57.055169] 
[57.055174] 
[57.055182] Start  layer3: 40 SMs -> 8
[57.063903] End    layer3: 1362 -> 8716 + 4997 = 13713 (9094)
[57.063908] 
[57.063948] 
[57.063966] Start  layer4: 10 SMs -> 3
[57.070296] End    layer4: 3563 -> 6325 + 13015 = 19340 (14408)
[57.070303] 
[57.070309] 
[57.070320] Start  layerX: 40 SMs -> 6
[57.071153] End    layerX: 49 -> 830 + 12489 = 13319 (332)
[57.071158] 
[57.071167] Reserved: 22469us
[57.093703] 
[57.093716] Start  layer0: 20 SMs -> 1
[57.094170] End    layer0: 378 -> 451 + 1493 = 1944 (2021)
[57.094175] 
[57.094178] 
[57.094186] Start  layer1: 30 SMs -> 3
[57.097744] End    layer1: 1168 -> 3551 + 4582 = 8133 (6661)
[57.097751] 
[57.097758] 
[57.097767] Start  layer2: 30 SMs -> 5
[57.101411] End    layer2: 1416 -> 3638 + 8396 = 12033 (7481)
[57.101418] 
[57.101429] 
[57.101440] Start  layer3: 30 SMs -> 4
[57.105921] End    layer3: 1694 -> 4477 + 12980 = 17457 (9094)
[57.105929] 
[57.105938] 
[57.105949] Start  layer4: 40 SMs -> 8
[57.116084] End    layer4: 2158 -> 10129 + 17227 = 27357 (14408)
[57.116091] 
[57.116100] 
[57.116112] Start  layerX: 10 SMs -> 2
[57.116736] End    layerX: 77 -> 619 + 16907 = 17526 (332)
[57.116743] 
[57.116755] Reserved: 26882us
