[18.575268] Started!
[19.580985] Finished!
[48.171713] Started!
[49.185116] Finished!
[35.317969] Started!
[36.329181] Finished!
[41.419680] Started!
[42.432151] Finished!
[59.148107] Started!
[00.148643] Finished!
[24.369092] Started!
[25.372941] Finished!
[59.053202] Started!
[00.059768] Finished!
[21.122123] Started!
[22.125913] Finished!
[58.203838] Started!
[59.209099] Finished!
[42.686594] Started!
[43.693209] Finished!
[53.451218] Started!
[54.458836] Finished!
[00.048248] Started!
[01.054312] Finished!
[29.171298] Started!
[30.177046] Finished!
[20.329516] Started!
[21.336329] Finished!
[10.404200] Started!
[11.412756] Finished!
[43.763326] Started!
[44.769370] Finished!
[19.472651] Started!
[20.478782] Finished!
[23.892338] Started!
[24.898375] Finished!
[56.370050] Started!
[57.378049] Finished!
[37.167153] Started!
[38.167753] Finished!
[29.166931] Started!
[30.167344] Finished!
[10.781838] Started!
[11.782149] Finished!
[31.562052] Started!
[32.565824] Finished!
[07.052501] Started!
[08.056036] Finished!
[03.536005] Started!
[04.539146] Finished!
[10.177094] Started!
[11.178087] Finished!
[59.692184] Started!
[00.692521] Finished!
[50.059077] Started!
[51.060688] Finished!
[42.323457] Started!
[43.333166] Finished!
[38.659417] Started!
[39.663457] Finished!
[47.885491] Started!
[48.887551] Finished!
[11.388706] Started!
[12.391566] Finished!
[44.916061] Started!
[45.923864] Finished!
[34.327577] Started!
[35.334630] Finished!
[27.956362] Started!
[28.966935] Finished!
[54.323198] Started!
[55.332910] Finished!
[24.952121] Started!
[25.962507] Finished!
[46.083378] Started!
[47.084227] Finished!
[22.138767] Started!
[23.139450] Finished!
[44.320989] Started!
[45.325592] Finished!
[36.765669] Started!
[37.776865] Finished!
[42.141591] Started!
[43.150599] Finished!
[35.626637] Started!
[36.635112] Finished!
[43.036117] Started!
[44.047950] Finished!
[33.326307] Started!
[34.332491] Finished!
[11.759973] Started!
[12.767525] Finished!
[49.600890] Started!
[50.608622] Finished!
[38.776952] Started!
[39.784064] Finished!
[12.285893] Started!
[13.291091] Finished!
[44.262035] Started!
[45.267717] Finished!
[12.846249] Started!
[13.852076] Finished!
[52.278963] Started!
[53.285293] Finished!
[22.334797] Started!
[23.338820] Finished!
[54.521299] Started!
[55.527750] Finished!
[39.924523] Started!
[40.927344] Finished!
[07.751748] Started!
[08.755071] Finished!
[48.425896] Started!
[49.463511] Finished!
[29.337472] Started!
[30.373000] Finished!
[11.006022] Started!
[12.033392] Finished!
[29.367046] Started!
[30.392518] Finished!
[59.960536] Started!
[00.974819] Finished!
[53.219834] Started!
[54.220465] Finished!
[39.626766] Started!
[40.640119] Finished!
[46.905698] Started!
[48.007802] Finished!
[58.693341] Started!
[59.743254] Finished!
[51.637267] Started!
[52.691504] Finished!
[28.678072] Started!
[29.710262] Finished!
[21.866029] Started!
[22.895701] Finished!
[54.927654] Started!
[56.022901] Finished!
[12.174923] Started!
[13.190979] Finished!
[06.092720] Started!
[07.101785] Finished!
[29.753969] Started!
[30.770672] Finished!
[08.024700] Started!
[09.050365] Finished!
[03.663065] Started!
[04.673151] Finished!
[57.202981] Started!
[58.219317] Finished!
[47.120593] Started!
[48.123832] Finished!
[24.821177] Started!
[25.833953] Finished!
[08.381946] Started!
[09.403608] Finished!
[27.616864] Started!
[28.628371] Finished!
[38.644010] Started!
[39.647072] Finished!
[37.914043] Started!
[38.921592] Finished!
[55.706515] Started!
[56.715066] Finished!
[58.166271] Started!
[59.174881] Finished!
[39.484757] Started!
[40.496671] Finished!
[45.924920] Started!
[46.933172] Finished!
[54.022395] Started!
[55.035433] Finished!
[28.157631] Started!
[29.161861] Finished!
[16.465807] Started!
[17.470511] Finished!
[56.140384] Started!
[57.143005] Finished!
[22.967956] Started!
[23.975054] Finished!
[20.967989] Started!
[21.970710] Finished!
[01.988924] Started!
[03.007484] Finished!
[03.330139] Started!
[04.335767] Finished!
[49.770573] Started!
[50.780166] Finished!
[21.741208] Started!
[22.750499] Finished!
[16.674184] Started!
[17.674889] Finished!
[14.815662] Started!
[15.825812] Finished!
[43.794517] Started!
[44.795437] Finished!
[46.351893] Started!
[47.557475] Finished!
[06.332353] Started!
[07.335227] Finished!
[14.968351] Started!
[15.987210] Finished!
[53.744223] Started!
[53.763114] Finished!
[16.934677] Started!
[16.953778] Finished!
[44.263954] Started!
[44.283314] Finished!
[29.891207] Started!
[29.917036] Finished!
[58.597581] Started!
[58.616621] Finished!
[17.786647] Started!
[17.805590] Finished!
[33.386004] Started!
[34.405943] Finished!
[05.848163] Started!
[06.872296] Finished!
[11.637331] Started!
[12.653446] Finished!
[07.638305] Started!
[08.638969] Finished!
[15.022520] Started!
[16.025799] Finished!
[42.381756] Started!
[43.404610] Finished!
[36.733240] Started!
[37.758656] Finished!
[13.226250] Started!
[14.245325] Finished!
[35.754125] Started!
[36.765246] Finished!
[06.402516] Started!
[07.415251] Finished!
[23.506059] Started!
[24.542154] Finished!
[08.620564] Started!
[09.637207] Finished!
[58.955205] Started!
[59.955619] Finished!
[44.833518] Started!
[45.833988] Finished!
[24.957688] Started!
[25.958174] Finished!
[40.492766] Started!
[41.493306] Finished!
[14.963634] Started!
[15.964143] Finished!
[02.839968] Started!
[03.848137] Finished!
[22.295515] Started!
[23.317832] Finished!
[56.741824] Started!
[57.751905] Finished!
[38.592009] Started!
[39.598232] Finished!
[19.482253] Started!
[20.482818] Finished!
[12.431397] Started!
[13.444812] Finished!
[36.141043] Started!
[37.141842] Finished!
[09.263653] Started!
[10.264262] Finished!
[27.587583] Started!
[28.588093] Finished!
[13.514716] Started!
[14.515283] Finished!
[15.086629] Started!
[16.097289] Finished!
[50.350388] Started!
[51.362251] Finished!
[44.468565] Started!
[46.348096] Finished!
