[24.693119] layer0:
[24.706540] 	10	340us, 561us
[24.717084] 	20	235us, 391us
[24.726822] 	30	202us, 344us
[24.735589] 	40	185us, 287us
[24.735601] Params: 0.61	0.35	0.44

[24.735606] layer1:
[24.772571] 	10	1110us, 1918us
[24.797796] 	20	791us, 1334us
[24.820323] 	30	690us, 1155us
[24.840901] 	40	678us, 970us
[24.840915] Params: 0.62	0.25	0.44

[24.840921] layer2:
[24.883587] 	10	1318us, 2165us
[24.912802] 	20	984us, 1521us
[24.940671] 	30	922us, 1449us
[24.963858] 	40	796us, 1093us
[24.963871] Params: 0.66	0.32	0.50

[24.963880] layer3:
[25.007931] 	10	1389us, 2204us
[25.039029] 	20	959us, 1767us
[25.067780] 	30	921us, 1561us
[25.093757] 	40	889us, 1317us
[25.093770] Params: 0.61	0.21	0.36

[25.093776] layer4:
[25.164314] 	10	2365us, 3593us
[25.208324] 	20	1566us, 2452us
[25.250779] 	30	1504us, 2329us
[25.290624] 	40	1413us, 2139us
[25.290637] Params: 0.65	0.26	0.28

[25.290645] layerX:
[25.295899] 	10	44us, 73us
[25.301190] 	20	41us, 68us
[25.306414] 	30	40us, 66us
[25.311487] 	40	39us, 50us
[25.311499] Params: 0.64	0.05	0.35

