[55.492552] 
[55.492577] Start  layer0: 20 SMs -> 1
[55.493554] End    layer0: 391 -> 979 + 957 = 1936 (1960)
[55.493557] 
[55.493558] 
[55.493563] Start  layer1: 40 SMs -> 6
[55.503173] End    layer1: 969 -> 9607 + -2037 = 7569 (6624)
[55.503176] 
[55.503180] 
[55.503186] Start  layer2: 40 SMs -> 12
[55.515722] End    layer2: 1093 -> 12534 + -7118 = 5415 (7468)
[55.515726] 
[55.515731] 
[55.515735] Start  layer3: 30 SMs -> 10
[55.524878] End    layer3: 1560 -> 9141 + -7281 = 1858 (8992)
[55.524881] 
[55.524885] 
[55.524890] Start  layer4: 20 SMs -> 8
[55.540038] End    layer4: 2451 -> 15145 + -7831 = 7314 (14610)
[55.540041] 
[55.540049] 
[55.540055] Start  layerX: 30 SMs -> 6
[55.540295] End    layerX: 66 -> 239 + -7745 = -7506 (344)
[55.540298] 
[55.540308] Reserved: 2240us
[55.542608] 
[55.542615] Start  layer0: 30 SMs -> 4
[55.545121] End    layer0: 344 -> 2503 + -608 = 1894 (1960)
[55.545124] 
[55.545127] 
[55.545133] Start  layer1: 40 SMs -> 14
[55.555016] End    layer1: 969 -> 9881 + -3880 = 6000 (6624)
[55.555019] 
[55.555023] 
[55.555028] Start  layer2: 40 SMs -> 15
[55.565592] End    layer2: 1093 -> 10561 + -6987 = 3573 (7468)
[55.565596] 
[55.565599] 
[55.565603] Start  layer3: 20 SMs -> 7
[55.573633] End    layer3: 1767 -> 8027 + -6036 = 1991 (8992)
[55.573637] 
[55.573642] 
[55.573654] Start  layer4: 20 SMs -> 7
[55.583414] End    layer4: 2451 -> 9757 + -1207 = 8550 (14610)
[55.583416] 
[55.583420] 
[55.583424] Start  layerX: 30 SMs -> 6
[55.584315] End    layerX: 66 -> 888 + -1764 = -876 (344)
[55.584317] 
[55.584323] Reserved: 8226us
[55.592607] 
[55.592614] Start  layer0: 40 SMs -> 6
[55.593782] End    layer0: 287 -> 1166 + 728 = 1895 (1960)
[55.593786] 
[55.593787] 
[55.593792] Start  layer1: 30 SMs -> 3
[55.599849] End    layer1: 1155 -> 6054 + 1286 = 7341 (6624)
[55.599851] 
[55.599856] 
[55.599860] Start  layer2: 30 SMs -> 9
[55.606439] End    layer2: 1449 -> 6574 + 2166 = 8741 (7468)
[55.606444] 
[55.606450] 
[55.606458] Start  layer3: 30 SMs -> 8
[55.615753] End    layer3: 1560 -> 9291 + 1846 = 11136 (8992)
[55.615758] 
[55.615762] 
[55.615771] Start  layer4: 40 SMs -> 16
[55.633412] End    layer4: 2139 -> 17636 + -1200 = 16434 (14610)
[55.633419] 
[55.633426] 
[55.633436] Start  layerX: 10 SMs -> 5
[55.634615] End    layerX: 72 -> 1174 + -2060 = -886 (344)
[55.634621] 
[55.634690] Reserved: 7860us
[55.642616] 
[55.642631] Start  layer0: 20 SMs -> 2
[55.643437] End    layer0: 391 -> 803 + 1078 = 1881 (1960)
[55.643442] 
[55.643446] 
[55.643457] Start  layer1: 20 SMs -> 4
[55.650401] End    layer1: 1333 -> 6940 + 737 = 7677 (6624)
[55.650407] 
[55.650461] 
[55.650474] Start  layer2: 20 SMs -> 7
[55.658290] End    layer2: 1521 -> 7812 + 317 = 8130 (7468)
[55.658297] 
[55.658321] 
[55.658331] Start  layer3: 40 SMs -> 16
[55.672726] End    layer3: 1316 -> 14391 + -5126 = 9264 (8992)
[55.672732] 
[55.672737] 
[55.672746] Start  layer4: 10 SMs -> 6
[55.681935] End    layer4: 3593 -> 9185 + 274 = 9459 (14610)
[55.681941] 
[55.681950] 
[55.681959] Start  layerX: 30 SMs -> 6
[55.682306] End    layerX: 66 -> 343 + 247 = 590 (344)
[55.682311] 
[55.682319] Reserved: 10230us
[55.692615] 
[55.692631] Start  layer0: 20 SMs -> 3
[55.694158] End    layer0: 391 -> 1522 + 359 = 1880 (1960)
[55.694165] 
[55.694169] 
[55.694180] Start  layer1: 40 SMs -> 10
[55.710164] End    layer1: 969 -> 15980 + -9024 = 6955 (6624)
[55.710169] 
[55.710193] 
[55.710203] Start  layer2: 30 SMs -> 8
[55.718467] End    layer2: 1449 -> 8260 + -9860 = -1600 (7468)
[55.718473] 
[55.718483] 
[55.718492] Start  layer3: 40 SMs -> 15
[55.736928] End    layer3: 1316 -> 18432 + -19328 = -896 (8992)
[55.736934] 
[55.736940] 
[55.736949] Start  layer4: 10 SMs -> 4
[55.742315] End    layer4: 3593 -> 5362 + -10104 = -4743 (14610)
[55.742321] 
[55.742326] 
[55.742335] Start  layerX: 10 SMs -> 1
[55.742474] End    layerX: 72 -> 137 + -9921 = -9785 (344)
[55.742477] 
[55.742498] Reserved: 51us
[55.742609] 
[55.742617] Start  layer0: 20 SMs -> 5
[55.746541] End    layer0: 391 -> 3919 + -2025 = 1893 (1960)
[55.746546] 
[55.746549] 
[55.746558] Start  layer1: 20 SMs -> 9
[55.756179] End    layer1: 1333 -> 9616 + -5040 = 4576 (6624)
[55.756185] 
[55.756189] 
[55.756198] Start  layer2: 30 SMs -> 11
[55.765242] End    layer2: 1449 -> 9039 + -6634 = 2404 (7468)
[55.765247] 
[55.765252] 
[55.765261] Start  layer3: 20 SMs -> 9
[55.775133] End    layer3: 1767 -> 9866 + -7531 = 2334 (8992)
[55.775140] 
[55.775147] 
[55.775155] Start  layer4: 30 SMs -> 9
[55.785052] End    layer4: 2328 -> 9892 + -2841 = 7050 (14610)
[55.785057] 
[55.785066] 
[55.785074] Start  layerX: 30 SMs -> 8
[55.785662] End    layerX: 66 -> 585 + -3109 = -2524 (344)
[55.785666] 
[55.785675] Reserved: 6874us
[55.792609] 
[55.792617] Start  layer0: 30 SMs -> 7
[55.795263] End    layer0: 344 -> 2642 + -748 = 1893 (1960)
[55.795269] 
[55.795272] 
[55.795281] Start  layer1: 20 SMs -> 11
[55.804771] End    layer1: 1333 -> 9484 + -3630 = 5853 (6624)
[55.804778] 
[55.804788] 
[55.804798] Start  layer2: 30 SMs -> 12
[55.817036] End    layer2: 1449 -> 12233 + -8428 = 3804 (7468)
[55.817042] 
[55.817056] 
[55.817065] Start  layer3: 30 SMs -> 8
[55.824597] End    layer3: 1560 -> 7527 + -6996 = 530 (8992)
[55.824602] 
[55.824619] 
[55.824627] Start  layer4: 40 SMs -> 16
[55.842653] End    layer4: 2139 -> 18021 + -10442 = 7578 (14610)
[55.842660] 
[55.842676] 
[55.842687] Start  layerX: 40 SMs -> 11
[55.843231] End    layerX: 50 -> 541 + -10677 = -10136 (344)
[55.843236] 
[55.843244] Delayed : 695us
[55.843251] 
[55.843258] Start  layer0: 40 SMs -> 9
[55.846174] End    layer0: 287 -> 2912 + -1659 = 1252 (1960)
[55.846180] 
[55.846183] 
[55.846194] Start  layer1: 30 SMs -> 6
[55.854016] End    layer1: 1155 -> 7818 + -2876 = 4941 (6624)
[55.854021] 
[55.854026] 
[55.854034] Start  layer2: 30 SMs -> 6
[55.859282] End    layer2: 1449 -> 5243 + -674 = 4568 (7468)
[55.859289] 
[55.859295] 
[55.859307] Start  layer3: 10 SMs -> 9
[55.871834] End    layer3: 2203 -> 12523 + -4233 = 8289 (8992)
[55.871839] 
[55.871847] 
[55.871855] Start  layer4: 10 SMs -> 8
[55.885877] End    layer4: 3593 -> 14016 + -3664 = 10350 (14610)
[55.885884] 
[55.885892] 
[55.885903] Start  layerX: 20 SMs -> 9
[55.886341] End    layerX: 68 -> 433 + -3785 = -3352 (344)
[55.886347] 
[55.886362] Reserved: 6187us
[55.892613] 
[55.892626] Start  layer0: 30 SMs -> 5
[55.894942] End    layer0: 344 -> 2311 + -424 = 1885 (1960)
[55.894949] 
[55.894953] 
[55.894964] Start  layer1: 30 SMs -> 7
[55.905154] End    layer1: 1155 -> 10184 + -4013 = 6170 (6624)
[55.905160] 
[55.905167] 
[55.905178] Start  layer2: 40 SMs -> 12
[55.918871] End    layer2: 1093 -> 13689 + -10263 = 3424 (7468)
[55.918877] 
[55.918885] 
[55.918895] Start  layer3: 40 SMs -> 15
[55.938612] End    layer3: 1316 -> 19710 + -21009 = -1299 (8992)
[55.938619] 
[55.938635] 
[55.938646] Start  layer4: 30 SMs -> 7
[55.949297] End    layer4: 2328 -> 10646 + -17085 = -6439 (14610)
[55.949304] 
[55.949309] 
[55.949318] Start  layerX: 30 SMs -> 6
[55.949809] End    layerX: 66 -> 486 + -17254 = -16768 (344)
[55.949815] 
[55.949823] Delayed : 7274us
[55.949831] 
[55.949840] Start  layer0: 30 SMs -> 7
[55.951995] End    layer0: 344 -> 2151 + -7480 = -5329 (1960)
[55.952001] 
[55.952004] 
[55.952013] Start  layer1: 30 SMs -> 8
[55.957712] End    layer1: 1155 -> 5695 + -6572 = -878 (6624)
[55.957717] 
[55.957721] 
[55.957738] Start  layer2: 20 SMs -> 8
[55.964786] End    layer2: 1521 -> 7041 + -6176 = 864 (7468)
[55.964793] 
[55.964802] 
[55.964814] Start  layer3: 20 SMs -> 6
[55.970306] End    layer3: 1767 -> 5488 + -2705 = 2782 (8992)
[55.970312] 
[55.970320] 
[55.970332] Start  layer4: 20 SMs -> 5
[55.977865] End    layer4: 2451 -> 7528 + 4346 = 11873 (14610)
[55.977873] 
[55.977880] 
[55.977890] Start  layerX: 20 SMs -> 5
[55.978827] End    layerX: 68 -> 934 + 3726 = 4660 (344)
[55.978833] 
[55.978841] Reserved: 13708us
[55.992618] 
[55.992636] Start  layer0: 40 SMs -> 11
[55.995309] End    layer0: 287 -> 2671 + -794 = 1876 (1960)
[55.995315] 
[55.995318] 
[55.995327] Start  layer1: 30 SMs -> 4
[56.000208] End    layer1: 1155 -> 4875 + 932 = 5807 (6624)
[56.000217] 
[56.000350] 
[56.000362] Start  layer2: 30 SMs -> 7
[56.009547] End    layer2: 1449 -> 9182 + -940 = 8241 (7468)
[56.009553] 
[56.009565] 
[56.009573] Start  layer3: 40 SMs -> 16
[56.026709] End    layer3: 1316 -> 17131 + -9109 = 8022 (8992)
[56.026715] 
[56.026722] 
[56.026732] Start  layer4: 20 SMs -> 8
[56.035585] End    layer4: 2451 -> 8850 + -3375 = 5474 (14610)
[56.035591] 
[56.035597] 
[56.035606] Start  layerX: 20 SMs -> 4
[56.036600] End    layerX: 68 -> 991 + -4046 = -3056 (344)
[56.036605] 
[56.036614] Reserved: 5935us
[56.042615] 
[56.042629] Start  layer0: 40 SMs -> 12
[56.045318] End    layer0: 287 -> 2686 + -803 = 1882 (1960)
[56.045324] 
[56.045327] 
[56.045336] Start  layer1: 30 SMs -> 5
[56.053156] End    layer1: 1155 -> 7815 + -2016 = 5798 (6624)
[56.053161] 
[56.053166] 
[56.053175] Start  layer2: 30 SMs -> 10
[56.061183] End    layer2: 1449 -> 8002 + -2573 = 5427 (7468)
[56.061190] 
[56.061198] 
[56.061210] Start  layer3: 40 SMs -> 16
[56.081122] End    layer3: 1316 -> 19908 + -13521 = 6386 (8992)
[56.081127] 
[56.081133] 
[56.081142] Start  layer4: 10 SMs -> 7
[56.090119] End    layer4: 3593 -> 8973 + -7909 = 1064 (14610)
[56.090125] 
[56.090130] 
[56.090138] Start  layerX: 10 SMs -> 6
[56.090650] End    layerX: 72 -> 508 + -8097 = -7588 (344)
[56.090654] 
[56.090679] Reserved: 1870us
[56.092618] 
[56.092632] Start  layer0: 20 SMs -> 8
[56.095029] End    layer0: 391 -> 2394 + -514 = 1879 (1960)
[56.095035] 
[56.095038] 
[56.095046] Start  layer1: 10 SMs -> 12
[56.110011] End    layer1: 1917 -> 14959 + -8869 = 6088 (6624)
[56.110017] 
[56.110061] 
[56.110072] Start  layer2: 40 SMs -> 17
[56.129886] End    layer2: 1093 -> 19810 + -21279 = -1468 (7468)
[56.129892] 
[56.129896] 
[56.129907] Start  layer3: 40 SMs -> 15
[56.146745] End    layer3: 1316 -> 16834 + -29145 = -12311 (8992)
[56.146752] 
[56.146761] 
[56.146774] Start  layer4: 40 SMs -> 13
[56.167532] End    layer4: 2139 -> 20755 + -35322 = -14567 (14610)
[56.167538] 
[56.167560] 
[56.167569] Start  layerX: 10 SMs -> 6
[56.168040] End    layerX: 72 -> 466 + -35486 = -35019 (344)
[56.168045] 
[56.168064] Delayed : 25514us
[56.168071] 
[56.168078] Start  layer0: 10 SMs -> 6
[56.169960] End    layer0: 561 -> 1878 + -25445 = -23567 (1960)
[56.169966] 
[56.169969] 
[56.169978] Start  layer1: 10 SMs -> 6
[56.178860] End    layer1: 1917 -> 8876 + -27719 = -18843 (6624)
[56.178866] 
[56.178871] 
[56.178882] Start  layer2: 10 SMs -> 6
[56.189865] End    layer2: 2165 -> 10979 + -31258 = -20279 (7468)
[56.189871] 
[56.189877] 
[56.189886] Start  layer3: 10 SMs -> 3
[56.195572] End    layer3: 2203 -> 5682 + -27971 = -22290 (8992)
[56.195578] 
[56.195584] 
[56.195594] Start  layer4: 30 SMs -> 10
[56.206823] End    layer4: 2328 -> 11223 + -24611 = -13388 (14610)
[56.206831] 
[56.206839] 
[56.206851] Start  layerX: 10 SMs -> 5
[56.207307] End    layerX: 72 -> 451 + -24751 = -24300 (344)
[56.207313] 
[56.207327] Delayed : 14777us
[56.207335] 
[56.207346] Start  layer0: 10 SMs -> 4
[56.208743] End    layer0: 561 -> 1394 + -14227 = -12834 (1960)
[56.208748] 
[56.208752] 
[56.208760] Start  layer1: 40 SMs -> 13
[56.221601] End    layer1: 969 -> 12836 + -20461 = -7625 (6624)
[56.221606] 
[56.221612] 
[56.221621] Start  layer2: 30 SMs -> 8
[56.235748] End    layer2: 1449 -> 14122 + -27140 = -13018 (7468)
[56.235753] 
[56.235767] 
[56.235776] Start  layer3: 20 SMs -> 8
[56.242053] End    layer3: 1767 -> 6272 + -24452 = -18180 (8992)
[56.242058] 
[56.242063] 
[56.242072] Start  layer4: 30 SMs -> 5
[56.250903] End    layer4: 2328 -> 8825 + -18691 = -9866 (14610)
[56.250910] 
[56.250924] 
[56.250936] Start  layerX: 10 SMs -> 6
[56.251754] End    layerX: 72 -> 815 + -19200 = -18385 (344)
[56.251760] 
[56.251789] Delayed : 9239us
[56.251796] 
[56.251805] Start  layer0: 10 SMs -> 5
[56.254876] End    layer0: 561 -> 3066 + -10360 = -7294 (1960)
[56.254883] 
[56.254887] 
[56.254899] Start  layer1: 20 SMs -> 6
[56.261659] End    layer1: 1333 -> 6757 + -10519 = -3763 (6624)
[56.261664] 
[56.261670] 
[56.261678] Start  layer2: 30 SMs -> 6
[56.267745] End    layer2: 1449 -> 6063 + -9138 = -3075 (7468)
[56.267751] 
[56.267755] 
[56.267786] Start  layer3: 30 SMs -> 6
[56.276654] End    layer3: 1560 -> 8864 + -9053 = -189 (8992)
[56.276660] 
[56.276672] 
[56.276681] Start  layer4: 40 SMs -> 14
[56.291869] End    layer4: 2139 -> 15184 + -9660 = 5524 (14610)
[56.291873] 
[56.291877] 
[56.291884] Start  layerX: 10 SMs -> 6
[56.292646] End    layerX: 72 -> 759 + -10094 = -9334 (344)
[56.292649] 
[56.292664] Delayed : 114us
[56.292669] 
[56.292675] Start  layer0: 40 SMs -> 11
[56.294759] End    layer0: 287 -> 2078 + -243 = 1834 (1960)
[56.294766] 
[56.294769] 
[56.294780] Start  layer1: 30 SMs -> 4
[56.300180] End    layer1: 1155 -> 5395 + 960 = 6354 (6624)
[56.300186] 
[56.300196] 
[56.300209] Start  layer2: 40 SMs -> 19
[56.321627] End    layer2: 1093 -> 21414 + -13018 = 8394 (7468)
[56.321634] 
[56.321650] 
[56.321659] Start  layer3: 40 SMs -> 13
[56.342269] End    layer3: 1316 -> 20606 + -24669 = -4063 (8992)
[56.342275] 
[56.342281] 
[56.342290] Start  layer4: 40 SMs -> 16
[56.358927] End    layer4: 2139 -> 16633 + -26717 = -10084 (14610)
[56.358933] 
[56.358940] 
[56.358950] Start  layerX: 20 SMs -> 7
[56.359675] End    layerX: 68 -> 720 + -27120 = -26400 (344)
[56.359681] 
[56.359710] Delayed : 17161us
[56.359717] 
[56.359725] Start  layer0: 40 SMs -> 15
[56.361082] End    layer0: 287 -> 1352 + -16567 = -15214 (1960)
[56.361087] 
[56.361091] 
[56.361099] Start  layer1: 20 SMs -> 6
[56.367557] End    layer1: 1333 -> 6451 + -16415 = -9964 (6624)
[56.367563] 
[56.367568] 
[56.367577] Start  layer2: 30 SMs -> 6
[56.374108] End    layer2: 1449 -> 6527 + -15500 = -8974 (7468)
[56.374114] 
[56.374129] 
[56.374138] Start  layer3: 10 SMs -> 8
[56.386438] End    layer3: 2203 -> 12296 + -18837 = -6541 (8992)
[56.386443] 
[56.386450] 
[56.386459] Start  layer4: 30 SMs -> 7
[56.394593] End    layer4: 2328 -> 8130 + -12383 = -4253 (14610)
[56.394599] 
[56.394606] 
[56.394616] Start  layerX: 30 SMs -> 6
[56.395268] End    layerX: 66 -> 649 + -12714 = -12065 (344)
[56.395273] 
[56.395292] Delayed : 2742us
[56.395298] 
[56.395306] Start  layer0: 40 SMs -> 12
[56.396062] End    layer0: 287 -> 750 + -1546 = -796 (1960)
[56.396068] 
[56.396071] 
[56.396080] Start  layer1: 20 SMs -> 7
[56.403528] End    layer1: 1333 -> 7444 + -2388 = 5054 (6624)
[56.403534] 
[56.403548] 
[56.403557] Start  layer2: 20 SMs -> 7
[56.410972] End    layer2: 1521 -> 7408 + -2362 = 5045 (7468)
[56.410979] 
[56.410987] 
[56.410998] Start  layer3: 20 SMs -> 8
[56.418687] End    layer3: 1767 -> 7684 + -1086 = 6597 (8992)
[56.418693] 
[56.418705] 
[56.418713] Start  layer4: 40 SMs -> 16
[56.436995] End    layer4: 2139 -> 18277 + -4784 = 13492 (14610)
[56.437003] 
[56.437009] 
[56.437019] Start  layerX: 20 SMs -> 7
[56.438298] End    layerX: 68 -> 1275 + -5743 = -4469 (344)
[56.438304] 
[56.438335] Reserved: 4214us
[56.442614] 
[56.442629] Start  layer0: 30 SMs -> 6
[56.445273] End    layer0: 344 -> 2641 + -757 = 1883 (1960)
[56.445280] 
[56.445283] 
[56.445293] Start  layer1: 30 SMs -> 8
[56.455744] End    layer1: 1155 -> 10446 + -4603 = 5841 (6624)
[56.455750] 
[56.455756] 
[56.455766] Start  layer2: 10 SMs -> 7
[56.464862] End    layer2: 2165 -> 9092 + -6254 = 2837 (7468)
[56.464868] 
[56.464874] 
[56.464882] Start  layer3: 10 SMs -> 5
[56.471684] End    layer3: 2203 -> 6798 + -4084 = 2713 (8992)
[56.471690] 
[56.471694] 
[56.471703] Start  layer4: 10 SMs -> 4
[56.480315] End    layer4: 3593 -> 8608 + 1894 = 10502 (14610)
[56.480321] 
[56.480326] 
[56.480334] Start  layerX: 10 SMs -> 4
[56.481736] End    layerX: 72 -> 1398 + 817 = 2214 (344)
[56.481742] 
[56.481751] Reserved: 10798us
[56.492615] 
[56.492633] Start  layer0: 40 SMs -> 11
[56.498005] End    layer0: 287 -> 5370 + -3489 = 1879 (1960)
[56.498010] 
[56.498014] 
[56.498023] Start  layer1: 30 SMs -> 6
[56.506180] End    layer1: 1155 -> 8153 + -5040 = 3111 (6624)
[56.506186] 
[56.506193] 
[56.506203] Start  layer2: 40 SMs -> 13
[56.521700] End    layer2: 1093 -> 15492 + -13092 = 2399 (7468)
[56.521705] 
[56.521711] 
[56.521720] Start  layer3: 40 SMs -> 13
[56.538452] End    layer3: 1316 -> 16728 + -20852 = -4124 (8992)
[56.538458] 
[56.538485] 
[56.538497] Start  layer4: 40 SMs -> 10
[56.551026] End    layer4: 2139 -> 12526 + -18816 = -6290 (14610)
[56.551032] 
[56.551038] 
[56.551047] Start  layerX: 30 SMs -> 6
[56.551600] End    layerX: 66 -> 549 + -19047 = -18497 (344)
[56.551604] 
[56.551614] Delayed : 9064us
[56.551620] 
[56.551627] Start  layer0: 30 SMs -> 7
[56.553756] End    layer0: 344 -> 2124 + -9241 = -7116 (1960)
[56.553761] 
[56.553765] 
[56.553773] Start  layer1: 10 SMs -> 6
[56.561384] End    layer1: 1917 -> 7610 + -10248 = -2638 (6624)
[56.561387] 
[56.561411] 
[56.561415] Start  layer2: 20 SMs -> 8
[56.568855] End    layer2: 1521 -> 7436 + -10250 = -2814 (7468)
[56.568859] 
[56.568867] 
[56.568872] Start  layer3: 20 SMs -> 7
[56.576884] End    layer3: 1767 -> 8009 + -9286 = -1278 (8992)
[56.576888] 
[56.576894] 
[56.576900] Start  layer4: 30 SMs -> 8
[56.586934] End    layer4: 2328 -> 10032 + -4727 = 5304 (14610)
[56.586937] 
[56.586941] 
[56.586946] Start  layerX: 10 SMs -> 4
[56.587647] End    layerX: 72 -> 700 + -5097 = -4397 (344)
[56.587649] 
[56.587654] Reserved: 4894us
[56.592605] 
[56.592610] Start  layer0: 20 SMs -> 3
[56.594308] End    layer0: 391 -> 1696 + 203 = 1899 (1960)
[56.594311] 
[56.594313] 
[56.594318] Start  layer1: 30 SMs -> 13
[56.602592] End    layer1: 1155 -> 8268 + -1452 = 6815 (6624)
[56.602597] 
[56.602604] 
[56.602613] Start  layer2: 20 SMs -> 6
[56.607786] End    layer2: 1521 -> 5166 + 823 = 5989 (7468)
[56.607793] 
[56.607800] 
[56.607822] Start  layer3: 10 SMs -> 6
[56.616339] End    layer3: 2203 -> 8512 + 1262 = 9774 (8992)
[56.616346] 
[56.616359] 
[56.616370] Start  layer4: 40 SMs -> 13
[56.632257] End    layer4: 2139 -> 15883 + -46 = 15836 (14610)
[56.632263] 
[56.632267] 
[56.632275] Start  layerX: 40 SMs -> 10
[56.633379] End    layerX: 50 -> 1098 + -823 = 274 (344)
[56.633386] 
[56.633405] Reserved: 9144us
