[46.363314] layer0:
[46.376942] 	10	344us, 594us
[46.387603] 	20	236us, 451us
[46.396932] 	30	204us, 342us
[46.405540] 	40	184us, 288us
[46.405553] Params: 0.58	0.37	0.51

[46.405557] layer1:
[46.443028] 	10	1116us, 1964us
[46.467597] 	20	795us, 1286us
[46.490380] 	30	688us, 1199us
[46.511184] 	40	679us, 989us
[46.511197] Params: 0.61	0.25	0.44

[46.511203] layer2:
[46.553729] 	10	1328us, 2164us
[46.582726] 	20	983us, 1495us
[46.609775] 	30	930us, 1371us
[46.633281] 	40	795us, 1155us
[46.633294] Params: 0.66	0.33	0.40

[46.633300] layer3:
[46.678995] 	10	1404us, 2333us
[46.710356] 	20	970us, 1762us
[46.739916] 	30	926us, 1648us
[46.766618] 	40	890us, 1357us
[46.766631] Params: 0.59	0.22	0.37

[46.766637] layer4:
[46.836774] 	10	2392us, 3522us
[46.881167] 	20	1575us, 2433us
[46.923793] 	30	1515us, 2327us
[46.963364] 	40	1415us, 2131us
[46.963377] Params: 0.66	0.27	0.27

[46.963383] layerX:
[46.968669] 	10	45us, 80us
[46.973913] 	20	40us, 65us
[46.979096] 	30	39us, 65us
[46.984209] 	40	39us, 50us
[46.984221] Params: 0.64	0.06	0.37

