[55.494259] 
[55.494274] Start  layer0: 30 SMs -> 8
[55.497273] End    layer0: 342 -> 2997 + -1083 = 1914 (1929)
[55.497276] 
[55.497278] 
[55.497282] Start  layer1: 30 SMs -> 8
[55.509101] End    layer1: 1199 -> 11816 + -6282 = 5533 (6628)
[55.509104] 
[55.509107] 
[55.509112] Start  layer2: 30 SMs -> 9
[55.517520] End    layer2: 1370 -> 8404 + -6962 = 1441 (7738)
[55.517523] 
[55.517554] 
[55.517559] Start  layer3: 40 SMs -> 13
[55.529260] End    layer3: 1356 -> 11699 + -9615 = 2084 (9088)
[55.529263] 
[55.529270] 
[55.529276] Start  layer4: 30 SMs -> 10
[55.541506] End    layer4: 2326 -> 12227 + -7581 = 4646 (14278)
[55.541509] 
[55.541513] 
[55.541518] Start  layerX: 20 SMs -> 8
[55.542670] End    layerX: 65 -> 1150 + -8410 = -7261 (335)
[55.542673] 
[55.542685] Reserved: 1572us
[55.544317] 
[55.544324] Start  layer0: 40 SMs -> 11
[55.546047] End    layer0: 287 -> 1721 + 142 = 1863 (1929)
[55.546050] 
[55.546053] 
[55.546059] Start  layer1: 10 SMs -> 13
[55.556885] End    layer1: 1963 -> 10823 + -4065 = 6757 (6628)
[55.556888] 
[55.556891] 
[55.556895] Start  layer2: 30 SMs -> 7
[55.564397] End    layer2: 1370 -> 7499 + -3840 = 3658 (7738)
[55.564401] 
[55.564406] 
[55.564412] Start  layer3: 30 SMs -> 8
[55.571505] End    layer3: 1648 -> 7091 + -1859 = 5231 (9088)
[55.571508] 
[55.571519] 
[55.571523] Start  layer4: 30 SMs -> 7
[55.581824] End    layer4: 2326 -> 10296 + 2102 = 12398 (14278)
[55.581828] 
[55.581833] 
[55.581839] Start  layerX: 30 SMs -> 6
[55.582202] End    layerX: 64 -> 361 + 2057 = 2418 (335)
[55.582206] 
[55.582212] Reserved: 12045us
[55.594322] 
[55.594337] Start  layer0: 10 SMs -> 5
[55.598021] End    layer0: 594 -> 3680 + -1826 = 1852 (1929)
[55.598027] 
[55.598031] 
[55.598041] Start  layer1: 30 SMs -> 10
[55.605290] End    layer1: 1199 -> 7245 + -2468 = 4777 (6628)
[55.605295] 
[55.605311] 
[55.605320] Start  layer2: 30 SMs -> 7
[55.615056] End    layer2: 1370 -> 9732 + -4495 = 5235 (7738)
[55.615061] 
[55.615072] 
[55.615082] Start  layer3: 30 SMs -> 9
[55.626881] End    layer3: 1648 -> 11795 + -7232 = 4562 (9088)
[55.626887] 
[55.626894] 
[55.626902] Start  layer4: 30 SMs -> 7
[55.636468] End    layer4: 2326 -> 9561 + -2540 = 7020 (14278)
[55.636474] 
[55.636479] 
[55.636488] Start  layerX: 40 SMs -> 13
[55.637033] End    layerX: 50 -> 540 + -2769 = -2229 (335)
[55.637039] 
[55.637047] Reserved: 7211us
[55.644323] 
[55.644338] Start  layer0: 20 SMs -> 5
[55.645510] End    layer0: 451 -> 1171 + 681 = 1852 (1929)
[55.645514] 
[55.645516] 
[55.645524] Start  layer1: 10 SMs -> 7
[55.655554] End    layer1: 1963 -> 10023 + -2729 = 7292 (6628)
[55.655560] 
[55.655566] 
[55.655574] Start  layer2: 20 SMs -> 7
[55.662668] End    layer2: 1495 -> 7088 + -2106 = 4981 (7738)
[55.662675] 
[55.662681] 
[55.662692] Start  layer3: 30 SMs -> 8
[55.672249] End    layer3: 1648 -> 9553 + -2600 = 6952 (9088)
[55.672255] 
[55.672268] 
[55.672278] Start  layer4: 40 SMs -> 15
[55.689778] End    layer4: 2131 -> 17496 + -5849 = 11645 (14278)
[55.689783] 
[55.689788] 
[55.689797] Start  layerX: 40 SMs -> 9
[55.691173] End    layerX: 50 -> 1374 + -6912 = -5538 (335)
[55.691177] 
[55.691187] Reserved: 3071us
[55.694326] 
[55.694342] Start  layer0: 30 SMs -> 7
[55.697159] End    layer0: 342 -> 2813 + -964 = 1848 (1929)
[55.697166] 
[55.697170] 
[55.697182] Start  layer1: 30 SMs -> 8
[55.704723] End    layer1: 1199 -> 7538 + -1901 = 5636 (6628)
[55.704729] 
[55.704734] 
[55.704743] Start  layer2: 40 SMs -> 16
[55.719511] End    layer2: 1155 -> 14763 + -8950 = 5812 (7738)
[55.719516] 
[55.719521] 
[55.719529] Start  layer3: 40 SMs -> 14
[55.739309] End    layer3: 1356 -> 19775 + -19660 = 114 (9088)
[55.739315] 
[55.739321] 
[55.739330] Start  layer4: 20 SMs -> 6
[55.750413] End    layer4: 2432 -> 11078 + -16484 = -5406 (14278)
[55.750420] 
[55.750426] 
[55.750435] Start  layerX: 10 SMs -> 4
[55.750857] End    layerX: 79 -> 416 + -16592 = -16176 (335)
[55.750863] 
[55.750900] Delayed : 6641us
[55.750908] 
[55.750919] Start  layer0: 10 SMs -> 4
[55.752303] End    layer0: 594 -> 1380 + -6110 = -4730 (1929)
[55.752308] 
[55.752312] 
[55.752345] Start  layer1: 20 SMs -> 8
[55.760005] End    layer1: 1286 -> 7655 + -7181 = 473 (6628)
[55.760012] 
[55.760024] 
[55.760036] Start  layer2: 30 SMs -> 9
[55.768498] End    layer2: 1370 -> 8457 + -7936 = 520 (7738)
[55.768505] 
[55.768520] 
[55.768529] Start  layer3: 40 SMs -> 15
[55.787393] End    layer3: 1356 -> 18859 + -17743 = 1115 (9088)
[55.787398] 
[55.787404] 
[55.787413] Start  layer4: 40 SMs -> 13
[55.804343] End    layer4: 2131 -> 16924 + -20413 = -3489 (14278)
[55.804350] 
[55.804374] 
[55.804387] Start  layerX: 10 SMs -> 7
[55.805080] End    layerX: 79 -> 688 + -20815 = -20127 (335)
[55.805087] 
[55.805122] Delayed : 10862us
[55.805131] 
[55.805142] Start  layer0: 30 SMs -> 10
[55.806332] End    layer0: 342 -> 1187 + -10139 = -8952 (1929)
[55.806338] 
[55.806341] 
[55.806350] Start  layer1: 30 SMs -> 9
[55.813557] End    layer1: 1199 -> 7201 + -10732 = -3532 (6628)
[55.813564] 
[55.813570] 
[55.813581] Start  layer2: 40 SMs -> 14
[55.830693] End    layer2: 1155 -> 17109 + -20133 = -3024 (7738)
[55.830698] 
[55.830706] 
[55.830715] Start  layer3: 30 SMs -> 8
[55.840311] End    layer3: 1648 -> 9592 + -20662 = -11070 (9088)
[55.840317] 
[55.840322] 
[55.840331] Start  layer4: 20 SMs -> 5
[55.850181] End    layer4: 2432 -> 9846 + -16253 = -6407 (14278)
[55.850187] 
[55.850192] 
[55.850201] Start  layerX: 40 SMs -> 13
[55.851439] End    layerX: 50 -> 1233 + -17175 = -15942 (335)
[55.851444] 
[55.851470] Delayed : 7211us
[55.851476] 
[55.851484] Start  layer0: 40 SMs -> 14
[55.854711] End    layer0: 287 -> 3221 + -8516 = -5296 (1929)
[55.854718] 
[55.854721] 
[55.854736] Start  layer1: 40 SMs -> 15
[55.874422] End    layer1: 989 -> 19679 + -21597 = -1918 (6628)
[55.874428] 
[55.874449] 
[55.874459] Start  layer2: 40 SMs -> 12
[55.886680] End    layer2: 1155 -> 12215 + -26118 = -13903 (7738)
[55.886687] 
[55.886695] 
[55.886707] Start  layer3: 40 SMs -> 8
[55.900360] End    layer3: 1356 -> 13650 + -30711 = -17061 (9088)
[55.900366] 
[55.900371] 
[55.900380] Start  layer4: 20 SMs -> 8
[55.907652] End    layer4: 2432 -> 7266 + -23721 = -16456 (14278)
[55.907659] 
[55.907666] 
[55.907678] Start  layerX: 30 SMs -> 11
[55.908191] End    layerX: 64 -> 508 + -23926 = -23418 (335)
[55.908197] 
[55.908276] Delayed : 14016us
[55.908286] 
[55.908297] Start  layer0: 20 SMs -> 6
[55.909966] End    layer0: 451 -> 1666 + -13773 = -12106 (1929)
[55.909972] 
[55.909975] 
[55.909983] Start  layer1: 20 SMs -> 6
[55.915509] End    layer1: 1286 -> 5521 + -12686 = -7165 (6628)
[55.915516] 
[55.915523] 
[55.915533] Start  layer2: 20 SMs -> 8
[55.927855] End    layer2: 1495 -> 12317 + -17293 = -4976 (7738)
[55.927861] 
[55.927869] 
[55.927878] Start  layer3: 30 SMs -> 8
[55.938336] End    layer3: 1648 -> 10454 + -18687 = -8233 (9088)
[55.938342] 
[55.938348] 
[55.938357] Start  layer4: 40 SMs -> 11
[55.956046] End    layer4: 2131 -> 17685 + -22118 = -4433 (14278)
[55.956052] 
[55.956060] 
[55.956069] Start  layerX: 40 SMs -> 16
[55.956740] End    layerX: 50 -> 668 + -22477 = -21810 (335)
[55.956744] 
[55.956755] Delayed : 12496us
[55.956761] 
[55.956769] Start  layer0: 10 SMs -> 5
[55.958683] End    layer0: 594 -> 1910 + -12490 = -10580 (1929)
[55.958688] 
[55.958691] 
[55.958700] Start  layer1: 30 SMs -> 5
[55.964788] End    layer1: 1199 -> 6083 + -11965 = -5882 (6628)
[55.964793] 
[55.964805] 
[55.964820] Start  layer2: 30 SMs -> 7
[55.971761] End    layer2: 1370 -> 6936 + -11199 = -4264 (7738)
[55.971768] 
[55.971775] 
[55.971784] Start  layer3: 10 SMs -> 6
[55.979598] End    layer3: 2333 -> 7809 + -9948 = -2139 (9088)
[55.979603] 
[55.979617] 
[55.979626] Start  layer4: 20 SMs -> 6
[55.989760] End    layer4: 2432 -> 10129 + -5831 = 4297 (14278)
[55.989765] 
[55.989771] 
[55.989779] Start  layerX: 40 SMs -> 10
[55.991181] End    layerX: 50 -> 1398 + -6918 = -5520 (335)
[55.991187] 
[55.991212] Reserved: 3046us
[55.994325] 
[55.994338] Start  layer0: 40 SMs -> 21
[56.000016] End    layer0: 287 -> 5675 + -3823 = 1851 (1929)
[56.000024] 
[56.000028] 
[56.000037] Start  layer1: 40 SMs -> 17
[56.011561] End    layer1: 989 -> 11520 + -8739 = 2780 (6628)
[56.011589] 
[56.011594] 
[56.011604] Start  layer2: 30 SMs -> 9
[56.021649] End    layer2: 1370 -> 10041 + -11089 = -1048 (7738)
[56.021655] 
[56.021660] 
[56.021669] Start  layer3: 40 SMs -> 16
[56.038361] End    layer3: 1356 -> 16687 + -18711 = -2025 (9088)
[56.038366] 
[56.038372] 
[56.038380] Start  layer4: 20 SMs -> 4
[56.048469] End    layer4: 2432 -> 10083 + -14539 = -4456 (14278)
[56.048476] 
[56.048483] 
[56.048494] Start  layerX: 20 SMs -> 7
[56.049149] End    layerX: 65 -> 650 + -14884 = -14234 (335)
[56.049156] 
[56.049168] Delayed : 4909us
[56.049176] 
[56.049186] Start  layer0: 20 SMs -> 7
[56.053012] End    layer0: 451 -> 3820 + -6817 = -2997 (1929)
[56.053019] 
[56.053023] 
[56.053035] Start  layer1: 20 SMs -> 8
[56.062416] End    layer1: 1286 -> 9377 + -9594 = -216 (6628)
[56.062422] 
[56.062487] 
[56.062495] Start  layer2: 10 SMs -> 6
[56.070859] End    layer2: 2164 -> 8358 + -10296 = -1939 (7738)
[56.070866] 
[56.070873] 
[56.070884] Start  layer3: 10 SMs -> 5
[56.082526] End    layer3: 2333 -> 11637 + -12875 = -1238 (9088)
[56.082534] 
[56.082543] 
[56.082554] Start  layer4: 40 SMs -> 15
[56.098917] End    layer4: 2131 -> 16357 + -14986 = 1370 (14278)
[56.098924] 
[56.098931] 
[56.098940] Start  layerX: 10 SMs -> 10
[56.100195] End    layerX: 79 -> 1250 + -15932 = -14681 (335)
[56.100200] 
[56.100237] Delayed : 5979us
[56.100244] 
[56.100253] Start  layer0: 10 SMs -> 9
[56.104230] End    layer0: 594 -> 3973 + -8037 = -4064 (1929)
[56.104235] 
[56.104239] 
[56.104248] Start  layer1: 20 SMs -> 11
[56.112901] End    layer1: 1286 -> 8646 + -10076 = -1430 (6628)
[56.112908] 
[56.112915] 
[56.112924] Start  layer2: 10 SMs -> 7
[56.121292] End    layer2: 2164 -> 8362 + -10730 = -2368 (7738)
[56.121299] 
[56.121306] 
[56.121317] Start  layer3: 30 SMs -> 7
[56.130720] End    layer3: 1648 -> 9397 + -11068 = -1671 (9088)
[56.130727] 
[56.130734] 
[56.130746] Start  layer4: 30 SMs -> 8
[56.140230] End    layer4: 2326 -> 9478 + -6299 = 3178 (14278)
[56.140237] 
[56.140245] 
[56.140254] Start  layerX: 20 SMs -> 7
[56.142304] End    layerX: 65 -> 2045 + -8040 = -5995 (335)
[56.142309] 
[56.142321] Reserved: 1937us
[56.144325] 
[56.144341] Start  layer0: 30 SMs -> 6
[56.145278] End    layer0: 342 -> 934 + 915 = 1848 (1929)
[56.145283] 
[56.145286] 
[56.145294] Start  layer1: 30 SMs -> 4
[56.152220] End    layer1: 1199 -> 6921 + 601 = 7522 (6628)
[56.152226] 
[56.152232] 
[56.152241] Start  layer2: 40 SMs -> 13
[56.175323] End    layer2: 1155 -> 23077 + -14762 = 8314 (7738)
[56.175329] 
[56.175334] 
[56.175342] Start  layer3: 40 SMs -> 16
[56.191391] End    layer3: 1356 -> 16044 + -21742 = -5697 (9088)
[56.191397] 
[56.191403] 
[56.191411] Start  layer4: 40 SMs -> 12
[56.207947] End    layer4: 2131 -> 16532 + -24019 = -7487 (14278)
[56.207955] 
[56.207961] 
[56.207972] Start  layerX: 20 SMs -> 10
[56.208740] End    layerX: 65 -> 761 + -24475 = -23713 (335)
[56.208746] 
[56.208772] Delayed : 14513us
[56.208779] 
[56.208787] Start  layer0: 20 SMs -> 9
[56.211516] End    layer0: 451 -> 2723 + -15321 = -12598 (1929)
[56.211523] 
[56.211527] 
[56.211535] Start  layer1: 30 SMs -> 9
[56.220268] End    layer1: 1199 -> 8729 + -17446 = -8717 (6628)
[56.220274] 
[56.220289] 
[56.220298] Start  layer2: 10 SMs -> 5
[56.231038] End    layer2: 2164 -> 10735 + -20477 = -9742 (7738)
[56.231044] 
[56.231049] 
[56.231059] Start  layer3: 20 SMs -> 7
[56.239287] End    layer3: 1762 -> 8224 + -19637 = -11414 (9088)
[56.239292] 
[56.239298] 
[56.239306] Start  layer4: 20 SMs -> 6
[56.244005] End    layer4: 2432 -> 4694 + -10076 = -5382 (14278)
[56.244010] 
[56.244016] 
[56.244025] Start  layerX: 20 SMs -> 3
[56.244684] End    layerX: 65 -> 653 + -10419 = -9766 (335)
[56.244690] 
[56.244750] Delayed : 490us
[56.244757] 
[56.244765] Start  layer0: 40 SMs -> 15
[56.248078] End    layer0: 287 -> 3309 + -1885 = 1423 (1929)
[56.248084] 
[56.248087] 
[56.248096] Start  layer1: 20 SMs -> 5
[56.254205] End    layer1: 1286 -> 6103 + -1381 = 4721 (6628)
[56.254212] 
[56.254219] 
[56.254230] Start  layer2: 20 SMs -> 6
[56.262418] End    layer2: 1495 -> 8185 + -1857 = 6326 (7738)
[56.262445] 
[56.262472] 
[56.262482] Start  layer3: 20 SMs -> 7
[56.269059] End    layer3: 1762 -> 6573 + 590 = 7162 (9088)
[56.269064] 
[56.269069] 
[56.269078] Start  layer4: 30 SMs -> 7
[56.278388] End    layer4: 2326 -> 9307 + 5538 = 14845 (14278)
[56.278393] 
[56.278410] 
[56.278420] Start  layerX: 30 SMs -> 6
[56.279334] End    layerX: 64 -> 912 + 4926 = 5838 (335)
[56.279339] 
[56.279357] Reserved: 14900us
[56.294324] 
[56.294341] Start  layer0: 20 SMs -> 10
[56.296624] End    layer0: 451 -> 2279 + -429 = 1849 (1929)
[56.296631] 
[56.296636] 
[56.296648] Start  layer1: 10 SMs -> 6
[56.303017] End    layer1: 1963 -> 6366 + -194 = 6170 (6628)
[56.303022] 
[56.303027] 
[56.303035] Start  layer2: 40 SMs -> 19
[56.321576] End    layer2: 1155 -> 18535 + -11014 = 7520 (7738)
[56.321583] 
[56.321592] 
[56.321603] Start  layer3: 10 SMs -> 7
[56.330218] End    layer3: 2333 -> 8610 + -10567 = -1957 (9088)
[56.330224] 
[56.330253] 
[56.330263] Start  layer4: 30 SMs -> 6
[56.337433] End    layer4: 2326 -> 7163 + -3501 = 3661 (14278)
[56.337441] 
[56.337448] 
[56.337460] Start  layerX: 20 SMs -> 6
[56.338201] End    layerX: 65 -> 735 + -3935 = -3200 (335)
[56.338209] 
[56.338221] Reserved: 6037us
[56.344325] 
[56.344341] Start  layer0: 10 SMs -> 9
[56.347777] End    layer0: 594 -> 3433 + -1583 = 1849 (1929)
[56.347783] 
[56.347787] 
[56.347799] Start  layer1: 20 SMs -> 7
[56.356133] End    layer1: 1286 -> 8328 + -3308 = 5019 (6628)
[56.356139] 
[56.356145] 
[56.356154] Start  layer2: 40 SMs -> 16
[56.371560] End    layer2: 1155 -> 15402 + -11000 = 4401 (7738)
[56.371566] 
[56.371600] 
[56.371610] Start  layer3: 30 SMs -> 6
[56.379016] End    layer3: 1648 -> 7402 + -9366 = -1964 (9088)
[56.379021] 
[56.379052] 
[56.379063] Start  layer4: 40 SMs -> 16
[56.396284] End    layer4: 2131 -> 17217 + -12356 = 4861 (14278)
[56.396290] 
[56.396298] 
[56.396306] Start  layerX: 10 SMs -> 12
[56.398694] End    layerX: 79 -> 2382 + -14430 = -12048 (335)
[56.398701] 
[56.398729] Delayed : 4469us
[56.398738] 
[56.398747] Start  layer0: 10 SMs -> 8
[56.401340] End    layer0: 594 -> 2589 + -5147 = -2558 (1929)
[56.401346] 
[56.401349] 
[56.401357] Start  layer1: 10 SMs -> 8
[56.413099] End    layer1: 1963 -> 11736 + -10275 = 1460 (6628)
[56.413106] 
[56.413111] 
[56.413121] Start  layer2: 10 SMs -> 8
[56.426619] End    layer2: 2164 -> 13493 + -16057 = -2565 (7738)
[56.426626] 
[56.426636] 
[56.426646] Start  layer3: 40 SMs -> 15
[56.439016] End    layer3: 1356 -> 12365 + -19365 = -7000 (9088)
[56.439022] 
[56.439030] 
[56.439040] Start  layer4: 30 SMs -> 8
[56.449403] End    layer4: 2326 -> 10359 + -15474 = -5116 (14278)
[56.449408] 
[56.449423] 
[56.449432] Start  layerX: 30 SMs -> 8
[56.450503] End    layerX: 64 -> 1068 + -16241 = -15173 (335)
[56.450508] 
[56.450518] Delayed : 6259us
[56.450524] 
[56.450531] Start  layer0: 10 SMs -> 7
[56.453425] End    layer0: 594 -> 2888 + -7230 = -4343 (1929)
[56.453431] 
[56.453434] 
[56.453443] Start  layer1: 30 SMs -> 11
[56.461143] End    layer1: 1199 -> 7694 + -8319 = -625 (6628)
[56.461150] 
[56.461168] 
[56.461180] Start  layer2: 40 SMs -> 15
[56.476103] End    layer2: 1155 -> 14918 + -15541 = -623 (7738)
[56.476111] 
[56.476137] 
[56.476150] Start  layer3: 40 SMs -> 15
[56.492247] End    layer3: 1356 -> 16092 + -22595 = -6504 (9088)
[56.492254] 
[56.492262] 
[56.492274] Start  layer4: 10 SMs -> 4
[56.508115] End    layer4: 3522 -> 15838 + -24187 = -8349 (14278)
[56.508122] 
[56.508154] 
[56.508163] Start  layerX: 10 SMs -> 5
[56.509010] End    layerX: 79 -> 842 + -24745 = -23904 (335)
[56.509017] 
[56.509046] Delayed : 14786us
[56.509054] 
[56.509065] Start  layer0: 10 SMs -> 5
[56.510935] End    layer0: 594 -> 1866 + -14741 = -12875 (1929)
[56.510940] 
[56.510944] 
[56.510952] Start  layer1: 10 SMs -> 5
[56.519500] End    layer1: 1963 -> 8547 + -16681 = -8134 (6628)
[56.519503] 
[56.519506] 
[56.519511] Start  layer2: 30 SMs -> 9
[56.527645] End    layer2: 1370 -> 8131 + -17087 = -8956 (7738)
[56.527649] 
[56.527653] 
[56.527659] Start  layer3: 30 SMs -> 8
[56.539736] End    layer3: 1648 -> 12075 + -20090 = -8015 (9088)
[56.539739] 
[56.539741] 
[56.539746] Start  layer4: 30 SMs -> 6
[56.550404] End    layer4: 2326 -> 10652 + -16475 = -5823 (14278)
[56.550410] 
[56.550417] 
[56.550427] Start  layerX: 20 SMs -> 7
[56.551189] End    layerX: 65 -> 756 + -16924 = -16168 (335)
[56.551195] 
[56.551215] Delayed : 6955us
[56.551223] 
[56.551235] Start  layer0: 30 SMs -> 7
[56.553480] End    layer0: 342 -> 2245 + -7290 = -5045 (1929)
[56.553483] 
[56.553484] 
[56.553489] Start  layer1: 40 SMs -> 13
[56.562475] End    layer1: 989 -> 8983 + -9656 = -672 (6628)
[56.562478] 
[56.562480] 
[56.562485] Start  layer2: 10 SMs -> 6
[56.569883] End    layer2: 2164 -> 7395 + -9326 = -1931 (7738)
[56.569887] 
[56.569891] 
[56.569897] Start  layer3: 10 SMs -> 5
[56.580061] End    layer3: 2333 -> 10157 + -10410 = -253 (9088)
[56.580068] 
[56.580076] 
[56.580087] Start  layer4: 10 SMs -> 4
[56.588423] End    layer4: 3522 -> 8330 + -4493 = 3837 (14278)
[56.588429] 
[56.588440] 
[56.588448] Start  layerX: 10 SMs -> 3
[56.588858] End    layerX: 79 -> 407 + -4596 = -4189 (335)
[56.588862] 
[56.588869] Reserved: 5388us
[56.594319] 
[56.594328] Start  layer0: 10 SMs -> 1
[56.595404] End    layer0: 594 -> 1070 + 790 = 1860 (1929)
[56.595411] 
[56.595415] 
[56.595426] Start  layer1: 10 SMs -> 3
[56.601695] End    layer1: 1963 -> 6266 + 1126 = 7392 (6628)
[56.601701] 
[56.601706] 
[56.601714] Start  layer2: 30 SMs -> 10
[56.614269] End    layer2: 1370 -> 12550 + -3708 = 8841 (7738)
[56.614274] 
[56.614279] 
[56.614287] Start  layer3: 20 SMs -> 6
[56.621354] End    layer3: 1762 -> 7062 + -1705 = 5356 (9088)
[56.621360] 
[56.621364] 
[56.621374] Start  layer4: 30 SMs -> 7
[56.632046] End    layer4: 2326 -> 10668 + 1881 = 12549 (14278)
[56.632052] 
[56.632057] 
[56.632065] Start  layerX: 40 SMs -> 10
[56.633157] End    layerX: 50 -> 1088 + 1105 = 2193 (335)
[56.633163] 
[56.633171] Reserved: 11086us
[56.644324] 
[56.644341] Start  layer0: 40 SMs -> 11
[56.645842] End    layer0: 287 -> 1497 + 352 = 1850 (1929)
[56.645848] 
[56.645852] 
[56.645863] Start  layer1: 20 SMs -> 5
[56.652934] End    layer1: 1286 -> 7065 + -110 = 6954 (6628)
[56.652941] 
[56.652947] 
[56.652959] Start  layer2: 10 SMs -> 6
[56.660697] End    layer2: 2164 -> 7734 + -136 = 7597 (7738)
[56.660702] 
[56.660707] 
[56.660716] Start  layer3: 10 SMs -> 5
[56.668639] End    layer3: 2333 -> 7919 + 1009 = 8928 (9088)
[56.668645] 
[56.668651] 
[56.668660] Start  layer4: 40 SMs -> 14
[56.686514] End    layer4: 2131 -> 17848 + -2583 = 15263 (14278)
[56.686521] 
[56.686528] 
[56.686537] Start  layerX: 30 SMs -> 2
[56.686921] End    layerX: 64 -> 380 + -2658 = -2278 (335)
[56.686926] 
[56.686940] Reserved: 7318us
[56.694327] 
[56.694343] Start  layer0: 20 SMs -> 5
[56.695837] End    layer0: 451 -> 1490 + 356 = 1846 (1929)
[56.695842] 
[56.695846] 
[56.695854] Start  layer1: 20 SMs -> 7
[56.701844] End    layer1: 1286 -> 5983 + 979 = 6963 (6628)
[56.701851] 
[56.701868] 
[56.701880] Start  layer2: 20 SMs -> 8
[56.712026] End    layer2: 1495 -> 10143 + -1466 = 8676 (7738)
[56.712032] 
[56.712037] 
[56.712046] Start  layer3: 10 SMs -> 4
[56.718957] End    layer3: 2333 -> 6906 + 691 = 7597 (9088)
[56.718963] 
[56.718967] 
[56.718976] Start  layer4: 10 SMs -> 4
[56.729850] End    layer4: 3522 -> 10869 + 4078 = 14947 (14278)
[56.729855] 
[56.729863] 
[56.729872] Start  layerX: 10 SMs -> 4
[56.731163] End    layerX: 79 -> 1288 + 3099 = 4386 (335)
[56.731169] 
[56.731184] Reserved: 13073us
[56.744326] 
[56.744344] Start  layer0: 30 SMs -> 6
[56.745850] End    layer0: 342 -> 1504 + 343 = 1847 (1929)
[56.745855] 
[56.745858] 
[56.745866] Start  layer1: 20 SMs -> 6
[56.751597] End    layer1: 1286 -> 5727 + 1224 = 6951 (6628)
[56.751603] 
[56.751616] 
[56.751625] Start  layer2: 20 SMs -> 7
[56.757684] End    layer2: 1495 -> 6055 + 2875 = 8930 (7738)
[56.757690] 
[56.757710] 
[56.757720] Start  layer3: 20 SMs -> 7
[56.765396] End    layer3: 1762 -> 7670 + 4255 = 11924 (9088)
[56.765403] 
[56.765413] 
[56.765423] Start  layer4: 20 SMs -> 7
[56.777415] End    layer4: 2432 -> 11988 + 6513 = 18501 (14278)
[56.777445] 
[56.777455] 
[56.777467] Start  layerX: 20 SMs -> 6
[56.777882] End    layerX: 65 -> 411 + 6382 = 6793 (335)
[56.777888] 
[56.777902] Reserved: 16356us
[56.794330] 
[56.794348] Start  layer0: 30 SMs -> 4
[56.794898] End    layer0: 342 -> 546 + 1296 = 1843 (1929)
[56.794904] 
[56.794908] 
[56.794916] Start  layer1: 30 SMs -> 5
[56.800790] End    layer1: 1199 -> 5869 + 2032 = 7901 (6628)
[56.800795] 
[56.800801] 
[56.800810] Start  layer2: 30 SMs -> 7
[56.812147] End    layer2: 1370 -> 11331 + -1584 = 9745 (7738)
[56.812154] 
[56.812161] 
[56.812173] Start  layer3: 30 SMs -> 7
[56.821576] End    layer3: 1648 -> 9399 + -1926 = 7472 (9088)
[56.821583] 
[56.821591] 
[56.821603] Start  layer4: 40 SMs -> 11
[56.833754] End    layer4: 2131 -> 12148 + 173 = 12321 (14278)
[56.833760] 
[56.833767] 
[56.833776] Start  layerX: 40 SMs -> 5
[56.834109] End    layerX: 50 -> 331 + 151 = 482 (335)
[56.834114] 
[56.834121] Reserved: 10136us
[56.844326] 
[56.844340] Start  layer0: 20 SMs -> 3
[56.845347] End    layer0: 451 -> 1004 + 845 = 1849 (1929)
[56.845352] 
[56.845355] 
[56.845363] Start  layer1: 20 SMs -> 6
[56.851236] End    layer1: 1286 -> 5869 + 1585 = 7453 (6628)
[56.851242] 
[56.851246] 
[56.851255] Start  layer2: 20 SMs -> 7
[56.857754] End    layer2: 1495 -> 6494 + 2806 = 9300 (7738)
[56.857759] 
[56.857767] 
[56.857776] Start  layer3: 20 SMs -> 6
[56.864029] End    layer3: 1762 -> 6246 + 5622 = 11868 (9088)
[56.864036] 
[56.864052] 
[56.864064] Start  layer4: 40 SMs -> 12
[56.876630] End    layer4: 2131 -> 12561 + 7299 = 19860 (14278)
[56.876637] 
[56.876645] 
[56.876656] Start  layerX: 40 SMs -> 7
[56.877578] End    layerX: 50 -> 917 + 6686 = 7603 (335)
[56.877584] 
[56.877595] Reserved: 16663us
[56.894326] 
[56.894341] Start  layer0: 10 SMs -> 5
[56.896324] End    layer0: 594 -> 1979 + -129 = 1849 (1929)
[56.896331] 
[56.896336] 
[56.896345] Start  layer1: 10 SMs -> 6
[56.901268] End    layer1: 1963 -> 4917 + 1556 = 6472 (6628)
[56.901275] 
[56.901283] 
[56.901295] Start  layer2: 10 SMs -> 4
[56.906565] End    layer2: 2164 -> 5266 + 3995 = 9261 (7738)
[56.906570] 
[56.906578] 
[56.906587] Start  layer3: 30 SMs -> 7
[56.912155] End    layer3: 1648 -> 5564 + 7493 = 13057 (9088)
[56.912161] 
[56.912189] 
[56.912198] Start  layer4: 10 SMs -> 4
[56.920443] End    layer4: 3522 -> 8241 + 13485 = 21725 (14278)
[56.920448] 
[56.920467] 
[56.920476] Start  layerX: 10 SMs -> 3
[56.921351] End    layerX: 79 -> 870 + 12913 = 13782 (335)
[56.921358] 
[56.921370] Reserved: 22888us
[56.944320] 
[56.944334] Start  layer0: 30 SMs -> 4
[56.945780] End    layer0: 342 -> 1443 + 412 = 1855 (1929)
[56.945786] 
[56.945789] 
[56.945797] Start  layer1: 30 SMs -> 6
[56.950964] End    layer1: 1199 -> 5162 + 1857 = 7019 (6628)
[56.950969] 
[56.950984] 
[56.950996] Start  layer2: 10 SMs -> 4
[56.956935] End    layer2: 2164 -> 5933 + 3626 = 9560 (7738)
[56.956942] 
[56.956946] 
[56.956955] Start  layer3: 10 SMs -> 4
[56.964134] End    layer3: 2333 -> 7174 + 5515 = 12689 (9088)
[56.964141] 
[56.964147] 
[56.964156] Start  layer4: 20 SMs -> 6
[56.972665] End    layer4: 2432 -> 8503 + 11264 = 19767 (14278)
[56.972670] 
[56.972686] 
[56.972698] Start  layerX: 20 SMs -> 4
[56.973793] End    layerX: 65 -> 1094 + 10468 = 11561 (335)
[56.973798] 
[56.973824] Reserved: 20434us
[56.994318] 
[56.994326] Start  layer0: 20 SMs -> 4
[56.995802] End    layer0: 451 -> 1470 + 391 = 1861 (1929)
[56.995819] 
[56.995824] 
[56.995834] Start  layer1: 40 SMs -> 6
[57.001296] End    layer1: 989 -> 5457 + 1527 = 6984 (6628)
[57.001305] 
[57.001321] 
[57.001330] Start  layer2: 30 SMs -> 7
[57.008276] End    layer2: 1370 -> 6941 + 2285 = 9225 (7738)
[57.008283] 
[57.008292] 
[57.008303] Start  layer3: 40 SMs -> 9
[57.018555] End    layer3: 1356 -> 10248 + 1094 = 11342 (9088)
[57.018560] 
[57.018566] 
[57.018575] Start  layer4: 40 SMs -> 7
[57.027585] End    layer4: 2131 -> 9006 + 6342 = 15348 (14278)
[57.027591] 
[57.027597] 
[57.027605] Start  layerX: 40 SMs -> 1
[57.027707] End    layerX: 50 -> 100 + 6553 = 6653 (335)
[57.027732] 
[57.027740] Reserved: 16518us
[57.044320] 
[57.044329] Start  layer0: 10 SMs -> 3
[57.046042] End    layer0: 594 -> 1709 + 150 = 1859 (1929)
[57.046048] 
[57.046051] 
[57.046059] Start  layer1: 20 SMs -> 5
[57.050072] End    layer1: 1286 -> 4007 + 2751 = 6758 (6628)
[57.050079] 
[57.050095] 
[57.050103] Start  layer2: 40 SMs -> 8
[57.058348] End    layer2: 1155 -> 8240 + 2212 = 10452 (7738)
[57.058353] 
[57.058359] 
[57.058367] Start  layer3: 20 SMs -> 3
[57.063295] End    layer3: 1762 -> 4922 + 6355 = 11277 (9088)
[57.063301] 
[57.063315] 
[57.063324] Start  layer4: 30 SMs -> 4
[57.069379] End    layer4: 2326 -> 6048 + 14551 = 20599 (14278)
[57.069386] 
[57.069395] 
[57.069405] Start  layerX: 10 SMs -> 2
[57.070156] End    layerX: 79 -> 749 + 14105 = 14854 (335)
[57.070163] 
[57.070192] Reserved: 24066us
[57.094325] 
[57.094339] Start  layer0: 10 SMs -> 3
[57.096039] End    layer0: 594 -> 1695 + 155 = 1851 (1929)
[57.096045] 
[57.096048] 
[57.096056] Start  layer1: 30 SMs -> 5
[57.099843] End    layer1: 1199 -> 3783 + 2978 = 6761 (6628)
[57.099849] 
[57.099854] 
[57.099871] Start  layer2: 40 SMs -> 8
[57.106602] End    layer2: 1155 -> 6728 + 3957 = 10685 (7738)
[57.106607] 
[57.106613] 
[57.106621] Start  layer3: 30 SMs -> 5
[57.113727] End    layer3: 1648 -> 7102 + 5922 = 13023 (9088)
[57.113732] 
[57.113738] 
[57.113747] Start  layer4: 20 SMs -> 5
[57.119544] End    layer4: 2432 -> 5792 + 14385 = 20176 (14278)
[57.119552] 
[57.119563] 
[57.119574] Start  layerX: 20 SMs -> 3
[57.119966] End    layerX: 65 -> 389 + 14296 = 14685 (335)
[57.119971] 
[57.119980] Reserved: 24277us
[57.144324] 
[57.144337] Start  layer0: 20 SMs -> 3
[57.145848] End    layer0: 451 -> 1508 + 344 = 1852 (1929)
[57.145853] 
[57.145856] 
[57.145865] Start  layer1: 40 SMs -> 5
[57.150552] End    layer1: 989 -> 4681 + 2271 = 6952 (6628)
[57.150559] 
[57.150570] 
[57.150581] Start  layer2: 20 SMs -> 4
[57.155354] End    layer2: 1495 -> 4767 + 5207 = 9975 (7738)
[57.155361] 
[57.155368] 
[57.155378] Start  layer3: 10 SMs -> 3
[57.161105] End    layer3: 2333 -> 5721 + 8546 = 14267 (9088)
[57.161112] 
[57.161118] 
[57.161130] Start  layer4: 30 SMs -> 4
[57.167874] End    layer4: 2326 -> 6741 + 16054 = 22794 (14278)
[57.167879] 
[57.167884] 
[57.167892] Start  layerX: 40 SMs -> 4
[57.168145] End    layerX: 50 -> 251 + 16115 = 16366 (335)
[57.168149] 
[57.168156] Reserved: 26101us
[57.194320] 
[57.194329] Start  layer0: 40 SMs -> 3
[57.194930] End    layer0: 287 -> 597 + 1262 = 1859 (1929)
[57.194936] 
[57.194939] 
[57.194947] Start  layer1: 30 SMs -> 5
[57.198484] End    layer1: 1199 -> 3533 + 4338 = 7870 (6628)
[57.198490] 
[57.198496] 
[57.198504] Start  layer2: 30 SMs -> 4
[57.201758] End    layer2: 1370 -> 3248 + 8803 = 12051 (7738)
[57.201765] 
[57.201770] 
[57.201781] Start  layer3: 30 SMs -> 3
[57.205381] End    layer3: 1648 -> 3595 + 14269 = 17864 (9088)
[57.205388] 
[57.205394] 
[57.205403] Start  layer4: 30 SMs -> 3
[57.210840] End    layer4: 2326 -> 5433 + 23087 = 28520 (14278)
[57.210846] 
[57.210853] 
[57.210862] Start  layerX: 10 SMs -> 2
[57.211557] End    layerX: 79 -> 690 + 22707 = 23396 (335)
[57.211563] 
[57.211575] Reserved: 32683us
[57.244325] 
[57.244338] Start  layer0: 40 SMs -> 2
[57.245103] End    layer0: 287 -> 761 + 1090 = 1851 (1929)
[57.245108] 
[57.245112] 
[57.245120] Start  layer1: 10 SMs -> 3
[57.248496] End    layer1: 1963 -> 3370 + 4327 = 7697 (6628)
[57.248502] 
[57.248510] 
[57.248518] Start  layer2: 10 SMs -> 2
[57.251962] End    layer2: 2164 -> 3439 + 8598 = 12037 (7738)
[57.251967] 
[57.251972] 
[57.251980] Start  layer3: 30 SMs -> 4
[57.257338] End    layer3: 1648 -> 5352 + 12312 = 17663 (9088)
[57.257345] 
[57.257355] 
[57.257365] Start  layer4: 30 SMs -> 2
[57.261190] End    layer4: 2326 -> 3821 + 22738 = 26559 (14278)
[57.261196] 
[57.261200] 
[57.261209] Start  layerX: 40 SMs -> 2
[57.261350] End    layerX: 50 -> 137 + 22912 = 23049 (335)
[57.261356] 
[57.261367] Reserved: 32891us
[57.294324] 
[57.294338] Start  layer0: 40 SMs -> 2
[57.295054] End    layer0: 287 -> 714 + 1138 = 1852 (1929)
[57.295081] 
[57.295084] 
[57.295093] Start  layer1: 30 SMs -> 3
[57.297656] End    layer1: 1199 -> 2557 + 5167 = 7724 (6628)
[57.297663] 
[57.297670] 
[57.297681] Start  layer2: 30 SMs -> 3
[57.300886] End    layer2: 1370 -> 3200 + 9675 = 12875 (7738)
[57.300893] 
[57.300901] 
[57.300912] Start  layer3: 20 SMs -> 3
[57.304850] End    layer3: 1762 -> 3933 + 14800 = 18733 (9088)
[57.304857] 
[57.304865] 
[57.304875] Start  layer4: 30 SMs -> 3
[57.309157] End    layer4: 2326 -> 4277 + 24772 = 29048 (14278)
[57.309164] 
[57.309171] 
[57.309179] Start  layerX: 20 SMs -> 3
[57.309570] End    layerX: 65 -> 385 + 24694 = 25079 (335)
[57.309577] 
[57.309593] Reserved: 34665us
[57.344324] 
[57.344338] Start  layer0: 30 SMs -> 1
[57.344935] End    layer0: 342 -> 593 + 1259 = 1851 (1929)
[57.344942] 
[57.344947] 
[57.344957] Start  layer1: 20 SMs -> 3
[57.347330] End    layer1: 1286 -> 2368 + 5493 = 7861 (6628)
[57.347337] 
[57.347372] 
[57.347384] Start  layer2: 40 SMs -> 4
[57.351314] End    layer2: 1155 -> 3926 + 9247 = 13172 (7738)
[57.351321] 
[57.351326] 
[57.351334] Start  layer3: 20 SMs -> 3
[57.354934] End    layer3: 1762 -> 3594 + 14716 = 18310 (9088)
[57.354941] 
[57.354949] 
[57.354959] Start  layer4: 10 SMs -> 2
[57.359044] End    layer4: 3522 -> 4079 + 24886 = 28965 (14278)
[57.359050] 
[57.359057] 
[57.359067] Start  layerX: 20 SMs -> 2
[57.359326] End    layerX: 65 -> 255 + 24937 = 25192 (335)
[57.359333] 
[57.359345] Reserved: 34913us
