[27.509535] layer0:
[27.523023] 	10	341us, 566us
[27.533087] 	20	235us, 385us
[27.541875] 	30	200us, 299us
[27.550679] 	40	183us, 295us
[27.550692] Params: 0.63	0.36	0.36

[27.550696] layer1:
[27.588223] 	10	1114us, 1933us
[27.613363] 	20	795us, 1290us
[27.636196] 	30	691us, 1155us
[27.657179] 	40	681us, 1003us
[27.657194] Params: 0.62	0.25	0.40

[27.657201] layer2:
[27.699465] 	10	1324us, 2139us
[27.728492] 	20	977us, 1492us
[27.755504] 	30	925us, 1373us
[27.778862] 	40	791us, 1151us
[27.778874] Params: 0.66	0.32	0.39

[27.778881] layer3:
[27.824391] 	10	1396us, 2333us
[27.854372] 	20	965us, 1639us
[27.882693] 	30	927us, 1515us
[27.908866] 	40	889us, 1287us
[27.908879] Params: 0.62	0.22	0.37

[27.908885] layer4:
[27.979256] 	10	2380us, 3552us
[28.024745] 	20	1568us, 2601us
[28.067961] 	30	1512us, 2404us
[28.107303] 	40	1418us, 2086us
[28.107316] Params: 0.65	0.26	0.33

[28.107323] layerX:
[28.112603] 	10	44us, 94us
[28.117928] 	20	40us, 72us
[28.123123] 	30	40us, 64us
[28.128247] 	40	40us, 55us
[28.128259] Params: 0.59	0.05	0.34

