[55.492692] 
[55.492712] Start  layer0: 40 SMs -> 3
[55.493647] End    layer0: 294 -> 935 + 1049 = 1984 (2004)
[55.493651] 
[55.493653] 
[55.493659] Start  layer1: 30 SMs -> 5
[55.505626] End    layer1: 1154 -> 11965 + -4102 = 7862 (6827)
[55.505630] 
[55.505634] 
[55.505639] Start  layer2: 30 SMs -> 10
[55.511928] End    layer2: 1373 -> 6287 + -2569 = 3718 (7835)
[55.511931] 
[55.511939] 
[55.511943] Start  layer3: 30 SMs -> 9
[55.522257] End    layer3: 1514 -> 10311 + -4140 = 6171 (8758)
[55.522260] 
[55.522263] 
[55.522268] Start  layer4: 30 SMs -> 9
[55.536842] End    layer4: 2403 -> 14571 + -4526 = 10043 (14196)
[55.536845] 
[55.536850] 
[55.536857] Start  layerX: 10 SMs -> 7
[55.538399] End    layerX: 93 -> 1541 + -5707 = -4166 (377)
[55.538402] 
[55.538420] Reserved: 4268us
[55.542745] 
[55.542749] Start  layer0: 30 SMs -> 6
[55.544979] End    layer0: 299 -> 2227 + -283 = 1944 (2004)
[55.544982] 
[55.544984] 
[55.544988] Start  layer1: 10 SMs -> 11
[55.556754] End    layer1: 1933 -> 11763 + -5229 = 6533 (6827)
[55.556756] 
[55.556759] 
[55.556764] Start  layer2: 40 SMs -> 15
[55.569232] End    layer2: 1151 -> 12465 + -9872 = 2592 (7835)
[55.569235] 
[55.569238] 
[55.569243] Start  layer3: 30 SMs -> 8
[55.577244] End    layer3: 1514 -> 7996 + -9124 = -1128 (8758)
[55.577249] 
[55.577256] 
[55.577267] Start  layer4: 30 SMs -> 6
[55.588488] End    layer4: 2403 -> 11216 + -6169 = 5046 (14196)
[55.588495] 
[55.588500] 
[55.588510] Start  layerX: 10 SMs -> 4
[55.589251] End    layerX: 93 -> 737 + -6555 = -5818 (377)
[55.589257] 
[55.589275] Reserved: 3415us
[55.592758] 
[55.592774] Start  layer0: 20 SMs -> 2
[55.593870] End    layer0: 384 -> 1090 + 832 = 1923 (2004)
[55.593877] 
[55.593883] 
[55.593895] Start  layer1: 20 SMs -> 4
[55.601890] End    layer1: 1290 -> 7993 + -363 = 7629 (6827)
[55.601894] 
[55.601900] 
[55.601906] Start  layer2: 30 SMs -> 8
[55.608509] End    layer2: 1373 -> 6602 + 849 = 7451 (7835)
[55.608513] 
[55.608516] 
[55.608520] Start  layer3: 30 SMs -> 9
[55.616168] End    layer3: 1514 -> 7646 + 1948 = 9594 (8758)
[55.616171] 
[55.616175] 
[55.616179] Start  layer4: 30 SMs -> 8
[55.625794] End    layer4: 2403 -> 9606 + 6526 = 16132 (14196)
[55.625802] 
[55.625813] 
[55.625827] Start  layerX: 10 SMs -> 5
[55.628028] End    layerX: 93 -> 2197 + 4668 = 6865 (377)
[55.628034] 
[55.628044] Reserved: 14645us
[55.642756] 
[55.642773] Start  layer0: 30 SMs -> 5
[55.644570] End    layer0: 299 -> 1795 + 129 = 1924 (2004)
[55.644576] 
[55.644579] 
[55.644588] Start  layer1: 30 SMs -> 11
[55.651579] End    layer1: 1154 -> 6987 + -51 = 6935 (6827)
[55.651585] 
[55.651611] 
[55.651619] Start  layer2: 30 SMs -> 8
[55.659221] End    layer2: 1373 -> 7598 + 141 = 7739 (7835)
[55.659227] 
[55.659243] 
[55.659250] Start  layer3: 30 SMs -> 8
[55.667452] End    layer3: 1514 -> 8197 + 668 = 8865 (8758)
[55.667458] 
[55.667512] 
[55.667526] Start  layer4: 40 SMs -> 16
[55.684218] End    layer4: 2086 -> 16689 + -1900 = 14788 (14196)
[55.684224] 
[55.684229] 
[55.684238] Start  layerX: 10 SMs -> 3
[55.684620] End    layerX: 93 -> 379 + -1926 = -1547 (377)
[55.684624] 
[55.684632] Reserved: 8057us
[55.692750] 
[55.692759] Start  layer0: 10 SMs -> 3
[55.693715] End    layer0: 566 -> 952 + 984 = 1936 (2004)
[55.693720] 
[55.693724] 
[55.693732] Start  layer1: 40 SMs -> 10
[55.705930] End    layer1: 1003 -> 12194 + -4402 = 7791 (6827)
[55.705936] 
[55.705948] 
[55.705960] Start  layer2: 20 SMs -> 6
[55.712631] End    layer2: 1492 -> 6667 + -3268 = 3398 (7835)
[55.712636] 
[55.712642] 
[55.712651] Start  layer3: 20 SMs -> 6
[55.721583] End    layer3: 1639 -> 8928 + -3462 = 5465 (8758)
[55.721589] 
[55.721595] 
[55.721603] Start  layer4: 40 SMs -> 16
[55.740479] End    layer4: 2086 -> 18869 + -8159 = 10709 (14196)
[55.740486] 
[55.740493] 
[55.740505] Start  layerX: 40 SMs -> 12
[55.742137] End    layerX: 55 -> 1627 + -9439 = -7812 (377)
[55.742144] 
[55.742156] Reserved: 533us
[55.742757] 
[55.742771] Start  layer0: 30 SMs -> 5
[55.743835] End    layer0: 299 -> 1061 + 863 = 1925 (2004)
[55.743841] 
[55.743844] 
[55.743854] Start  layer1: 20 SMs -> 12
[55.752249] End    layer1: 1290 -> 8392 + -721 = 7670 (6827)
[55.752255] 
[55.752261] 
[55.752270] Start  layer2: 30 SMs -> 10
[55.761778] End    layer2: 1373 -> 9503 + -2415 = 7087 (7835)
[55.761783] 
[55.761788] 
[55.761797] Start  layer3: 30 SMs -> 9
[55.772208] End    layer3: 1514 -> 10407 + -4087 = 6319 (8758)
[55.772215] 
[55.772225] 
[55.772237] Start  layer4: 40 SMs -> 15
[55.789536] End    layer4: 2086 -> 17296 + -7218 = 10077 (14196)
[55.789542] 
[55.789550] 
[55.789560] Start  layerX: 10 SMs -> 4
[55.790778] End    layerX: 93 -> 1214 + -8082 = -6868 (377)
[55.790783] 
[55.790792] Reserved: 1897us
[55.792759] 
[55.792772] Start  layer0: 10 SMs -> 2
[55.795313] End    layer0: 566 -> 2538 + -613 = 1923 (2004)
[55.795319] 
[55.795322] 
[55.795331] Start  layer1: 10 SMs -> 8
[55.805182] End    layer1: 1933 -> 9845 + -3652 = 6192 (6827)
[55.805189] 
[55.805210] 
[55.805222] Start  layer2: 30 SMs -> 11
[55.814642] End    layer2: 1373 -> 9416 + -5279 = 4137 (7835)
[55.814647] 
[55.814654] 
[55.814663] Start  layer3: 20 SMs -> 7
[55.822581] End    layer3: 1639 -> 7914 + -4460 = 3453 (8758)
[55.822587] 
[55.822593] 
[55.822603] Start  layer4: 40 SMs -> 16
[55.839965] End    layer4: 2086 -> 17358 + -7647 = 9710 (14196)
[55.839970] 
[55.839976] 
[55.839984] Start  layerX: 40 SMs -> 11
[55.842544] End    layerX: 55 -> 2557 + -9850 = -7293 (377)
[55.842549] 
[55.842561] Reserved: 129us
[55.842748] 
[55.842755] Start  layer0: 20 SMs -> 5
[55.844252] End    layer0: 384 -> 1492 + 447 = 1939 (2004)
[55.844258] 
[55.844261] 
[55.844270] Start  layer1: 10 SMs -> 7
[55.857380] End    layer1: 1933 -> 13106 + -5852 = 7253 (6827)
[55.857386] 
[55.857392] 
[55.857402] Start  layer2: 10 SMs -> 8
[55.869201] End    layer2: 2138 -> 11795 + -9838 = 1956 (7835)
[55.869206] 
[55.869212] 
[55.869222] Start  layer3: 20 SMs -> 7
[55.878311] End    layer3: 1639 -> 9085 + -10190 = -1105 (8758)
[55.878316] 
[55.878321] 
[55.878329] Start  layer4: 40 SMs -> 11
[55.892402] End    layer4: 2086 -> 14067 + -10082 = 3984 (14196)
[55.892409] 
[55.892416] 
[55.892427] Start  layerX: 20 SMs -> 6
[55.893557] End    layerX: 72 -> 1125 + -10860 = -9735 (377)
[55.893563] 
[55.893573] Delayed : 882us
[55.893581] 
[55.893592] Start  layer0: 30 SMs -> 8
[55.896072] End    layer0: 299 -> 2476 + -1371 = 1104 (2004)
[55.896077] 
[55.896081] 
[55.896090] Start  layer1: 30 SMs -> 7
[55.903852] End    layer1: 1154 -> 7757 + -2322 = 5433 (6827)
[55.903859] 
[55.903866] 
[55.903875] Start  layer2: 40 SMs -> 12
[55.915305] End    layer2: 1151 -> 11425 + -5941 = 5483 (7835)
[55.915310] 
[55.915315] 
[55.915324] Start  layer3: 30 SMs -> 10
[55.923006] End    layer3: 1514 -> 7677 + -4885 = 2792 (8758)
[55.923011] 
[55.923018] 
[55.923027] Start  layer4: 30 SMs -> 6
[55.933871] End    layer4: 2403 -> 10838 + -1551 = 9285 (14196)
[55.933879] 
[55.933887] 
[55.933899] Start  layerX: 30 SMs -> 8
[55.934636] End    layerX: 64 -> 732 + -1938 = -1207 (377)
[55.934643] 
[55.934674] Reserved: 8016us
[55.942757] 
[55.942770] Start  layer0: 40 SMs -> 10
[55.944487] End    layer0: 294 -> 1714 + 211 = 1926 (2004)
[55.944493] 
[55.944497] 
[55.944505] Start  layer1: 20 SMs -> 7
[55.953733] End    layer1: 1290 -> 9223 + -2204 = 7017 (6827)
[55.953738] 
[55.953743] 
[55.953751] Start  layer2: 40 SMs -> 16
[55.969925] End    layer2: 1151 -> 16169 + -10562 = 5606 (7835)
[55.969930] 
[55.969958] 
[55.969971] Start  layer3: 30 SMs -> 7
[55.978865] End    layer3: 1514 -> 8887 + -10741 = -1855 (8758)
[55.978871] 
[55.978887] 
[55.978899] Start  layer4: 30 SMs -> 6
[55.986554] End    layer4: 2403 -> 7651 + -4235 = 3415 (14196)
[55.986559] 
[55.986580] 
[55.986589] Start  layerX: 40 SMs -> 14
[55.987900] End    layerX: 55 -> 1305 + -5202 = -3897 (377)
[55.987906] 
[55.987933] Reserved: 4757us
[55.992752] 
[55.992767] Start  layer0: 40 SMs -> 14
[55.998379] End    layer0: 294 -> 5609 + -3679 = 1929 (2004)
[55.998384] 
[55.998388] 
[55.998397] Start  layer1: 20 SMs -> 3
[56.005071] End    layer1: 1290 -> 6670 + -3544 = 3125 (6827)
[56.005078] 
[56.005082] 
[56.005090] Start  layer2: 30 SMs -> 8
[56.015283] End    layer2: 1373 -> 10188 + -5919 = 4267 (7835)
[56.015288] 
[56.015302] 
[56.015311] Start  layer3: 40 SMs -> 16
[56.029319] End    layer3: 1286 -> 14003 + -11198 = 2804 (8758)
[56.029325] 
[56.029332] 
[56.029341] Start  layer4: 20 SMs -> 6
[56.037094] End    layer4: 2600 -> 7746 + -4774 = 2971 (14196)
[56.037101] 
[56.037114] 
[56.037126] Start  layerX: 20 SMs -> 4
[56.037539] End    layerX: 72 -> 410 + -4844 = -4433 (377)
[56.037543] 
[56.037552] Reserved: 5137us
[56.042759] 
[56.042778] Start  layer0: 30 SMs -> 4
[56.044813] End    layer0: 299 -> 2033 + -113 = 1919 (2004)
[56.044819] 
[56.044822] 
[56.044830] Start  layer1: 30 SMs -> 5
[56.054344] End    layer1: 1154 -> 9509 + -2816 = 6692 (6827)
[56.054350] 
[56.054356] 
[56.054364] Start  layer2: 40 SMs -> 11
[56.069193] End    layer2: 1151 -> 14824 + -9829 = 4994 (7835)
[56.069198] 
[56.069203] 
[56.069212] Start  layer3: 40 SMs -> 16
[56.087029] End    layer3: 1286 -> 17811 + -18906 = -1096 (8758)
[56.087037] 
[56.087045] 
[56.087056] Start  layer4: 40 SMs -> 14
[56.105394] End    layer4: 2086 -> 18334 + -23076 = -4742 (14196)
[56.105400] 
[56.105406] 
[56.105415] Start  layerX: 20 SMs -> 11
[56.106332] End    layerX: 72 -> 913 + -23636 = -22723 (377)
[56.106337] 
[56.106348] Delayed : 13658us
[56.106354] 
[56.106363] Start  layer0: 20 SMs -> 7
[56.108944] End    layer0: 384 -> 2577 + -14244 = -11667 (2004)
[56.108950] 
[56.108953] 
[56.108961] Start  layer1: 10 SMs -> 9
[56.116789] End    layer1: 1933 -> 7822 + -15259 = -7438 (6827)
[56.116796] 
[56.116808] 
[56.116818] Start  layer2: 10 SMs -> 6
[56.125194] End    layer2: 2138 -> 8370 + -15830 = -7459 (7835)
[56.125200] 
[56.125208] 
[56.125217] Start  layer3: 10 SMs -> 5
[56.134238] End    layer3: 2332 -> 9019 + -16119 = -7099 (8758)
[56.134242] 
[56.134246] 
[56.134253] Start  layer4: 20 SMs -> 8
[56.144200] End    layer4: 2600 -> 9941 + -11882 = -1940 (14196)
[56.144206] 
[56.144220] 
[56.144232] Start  layerX: 30 SMs -> 5
[56.144873] End    layerX: 64 -> 638 + -12177 = -11539 (377)
[56.144878] 
[56.144905] Delayed : 2214us
[56.144911] 
[56.144919] Start  layer0: 10 SMs -> 11
[56.147795] End    layer0: 566 -> 2872 + -3095 = -223 (2004)
[56.147801] 
[56.147804] 
[56.147823] Start  layer1: 20 SMs -> 7
[56.157509] End    layer1: 1290 -> 9681 + -5981 = 3700 (6827)
[56.157514] 
[56.157539] 
[56.157548] Start  layer2: 20 SMs -> 6
[56.164345] End    layer2: 1492 -> 6792 + -4982 = 1809 (7835)
[56.164351] 
[56.164358] 
[56.164367] Start  layer3: 40 SMs -> 17
[56.176820] End    layer3: 1286 -> 12447 + -8697 = 3749 (8758)
[56.176827] 
[56.176835] 
[56.176845] Start  layer4: 40 SMs -> 14
[56.192614] End    layer4: 2086 -> 15765 + -10297 = 5467 (14196)
[56.192620] 
[56.192628] 
[56.192636] Start  layerX: 40 SMs -> 9
[56.194887] End    layerX: 55 -> 2247 + -12191 = -9944 (377)
[56.194892] 
[56.194902] Delayed : 2211us
[56.194908] 
[56.194916] Start  layer0: 30 SMs -> 7
[56.197094] End    layer0: 299 -> 2173 + -2394 = -221 (2004)
[56.197099] 
[56.197102] 
[56.197111] Start  layer1: 10 SMs -> 2
[56.202539] End    layer1: 1933 -> 5423 + -1011 = 4411 (6827)
[56.202544] 
[56.202552] 
[56.202560] Start  layer2: 10 SMs -> 5
[56.209531] End    layer2: 2138 -> 6966 + -168 = 6797 (7835)
[56.209537] 
[56.209542] 
[56.209551] Start  layer3: 30 SMs -> 10
[56.217678] End    layer3: 1514 -> 8122 + 442 = 8564 (8758)
[56.217683] 
[56.217690] 
[56.217698] Start  layer4: 40 SMs -> 14
[56.237593] End    layer4: 2086 -> 19888 + -5273 = 14615 (14196)
[56.237600] 
[56.237610] 
[56.237622] Start  layerX: 20 SMs -> 8
[56.238632] End    layerX: 72 -> 1005 + -5935 = -4929 (377)
[56.238639] 
[56.238649] Reserved: 4040us
[56.242751] 
[56.242764] Start  layer0: 20 SMs -> 4
[56.244064] End    layer0: 384 -> 1297 + 635 = 1932 (2004)
[56.244070] 
[56.244073] 
[56.244080] Start  layer1: 20 SMs -> 3
[56.248984] End    layer1: 1290 -> 4898 + 2545 = 7442 (6827)
[56.248990] 
[56.248996] 
[56.249004] Start  layer2: 30 SMs -> 8
[56.256181] End    layer2: 1373 -> 7173 + 3181 = 10354 (7835)
[56.256187] 
[56.256192] 
[56.256200] Start  layer3: 20 SMs -> 7
[56.264210] End    layer3: 1639 -> 8005 + 3910 = 11915 (8758)
[56.264216] 
[56.264221] 
[56.264230] Start  layer4: 40 SMs -> 20
[56.288123] End    layer4: 2086 -> 23889 + -5805 = 18082 (14196)
[56.288129] 
[56.288135] 
[56.288144] Start  layerX: 40 SMs -> 14
[56.289735] End    layerX: 55 -> 1587 + -7039 = -5453 (377)
[56.289741] 
[56.289749] Reserved: 2940us
[56.292756] 
[56.292772] Start  layer0: 20 SMs -> 6
[56.295335] End    layer0: 384 -> 2560 + -633 = 1926 (2004)
[56.295342] 
[56.295346] 
[56.295356] Start  layer1: 20 SMs -> 9
[56.303198] End    layer1: 1290 -> 7838 + -1670 = 6167 (6827)
[56.303204] 
[56.303209] 
[56.303218] Start  layer2: 20 SMs -> 7
[56.313063] End    layer2: 1492 -> 9840 + -3700 = 6139 (7835)
[56.313069] 
[56.313074] 
[56.313082] Start  layer3: 20 SMs -> 8
[56.321886] End    layer3: 1639 -> 8798 + -3763 = 5033 (8758)
[56.321893] 
[56.321912] 
[56.321922] Start  layer4: 20 SMs -> 7
[56.331831] End    layer4: 2600 -> 9903 + 488 = 10391 (14196)
[56.331838] 
[56.331846] 
[56.331857] Start  layerX: 10 SMs -> 4
[56.332481] End    layerX: 93 -> 621 + 214 = 835 (377)
[56.332487] 
[56.332497] Reserved: 10192us
[56.342757] 
[56.342771] Start  layer0: 20 SMs -> 2
[56.343458] End    layer0: 384 -> 685 + 1241 = 1925 (2004)
[56.343464] 
[56.343467] 
[56.343476] Start  layer1: 20 SMs -> 4
[56.353146] End    layer1: 1290 -> 9665 + -1618 = 8046 (6827)
[56.353152] 
[56.353182] 
[56.353191] Start  layer2: 30 SMs -> 8
[56.360078] End    layer2: 1373 -> 6882 + -715 = 6167 (7835)
[56.360083] 
[56.360096] 
[56.360105] Start  layer3: 40 SMs -> 16
[56.375772] End    layer3: 1286 -> 15662 + -7651 = 8010 (8758)
[56.375778] 
[56.375784] 
[56.375793] Start  layer4: 10 SMs -> 6
[56.385992] End    layer4: 3552 -> 10195 + -3674 = 6520 (14196)
[56.385998] 
[56.386004] 
[56.386012] Start  layerX: 40 SMs -> 16
[56.390032] End    layerX: 55 -> 4015 + -7336 = -3321 (377)
[56.390037] 
[56.390058] Reserved: 2631us
[56.392758] 
[56.392775] Start  layer0: 20 SMs -> 4
[56.395734] End    layer0: 384 -> 2956 + -1032 = 1922 (2004)
[56.395741] 
[56.395746] 
[56.395757] Start  layer1: 30 SMs -> 6
[56.404159] End    layer1: 1154 -> 8399 + -2630 = 5767 (6827)
[56.404165] 
[56.404169] 
[56.404178] Start  layer2: 10 SMs -> 7
[56.414487] End    layer2: 2138 -> 10304 + -5124 = 5179 (7835)
[56.414493] 
[56.414498] 
[56.414507] Start  layer3: 20 SMs -> 8
[56.421108] End    layer3: 1639 -> 6594 + -2984 = 3608 (8758)
[56.421115] 
[56.421124] 
[56.421136] Start  layer4: 20 SMs -> 6
[56.430500] End    layer4: 2600 -> 9362 + 1815 = 11178 (14196)
[56.430505] 
[56.430510] 
[56.430518] Start  layerX: 40 SMs -> 15
[56.432206] End    layerX: 55 -> 1684 + 488 = 2172 (377)
[56.432210] 
[56.432216] Reserved: 10472us
[56.442750] 
[56.442761] Start  layer0: 40 SMs -> 12
[56.447035] End    layer0: 294 -> 4270 + -2335 = 1934 (2004)
[56.447041] 
[56.447044] 
[56.447053] Start  layer1: 40 SMs -> 13
[56.460782] End    layer1: 1003 -> 13725 + -9254 = 4469 (6827)
[56.460788] 
[56.460794] 
[56.460803] Start  layer2: 40 SMs -> 14
[56.472738] End    layer2: 1151 -> 11928 + -13372 = -1445 (7835)
[56.472745] 
[56.472753] 
[56.472765] Start  layer3: 30 SMs -> 8
[56.483147] End    layer3: 1514 -> 10379 + -15026 = -4647 (8758)
[56.483153] 
[56.483158] 
[56.483168] Start  layer4: 10 SMs -> 5
[56.494530] End    layer4: 3552 -> 11354 + -12208 = -854 (14196)
[56.494538] 
[56.494546] 
[56.494559] Start  layerX: 20 SMs -> 12
[56.496928] End    layerX: 72 -> 2366 + -14232 = -11866 (377)
[56.496934] 
[56.496944] Delayed : 4254us
[56.496951] 
[56.496959] Start  layer0: 10 SMs -> 7
[56.498886] End    layer0: 566 -> 1923 + -4186 = -2263 (2004)
[56.498892] 
[56.498895] 
[56.498903] Start  layer1: 30 SMs -> 9
[56.507223] End    layer1: 1154 -> 8315 + -5695 = 2619 (6827)
[56.507229] 
[56.507234] 
[56.507243] Start  layer2: 40 SMs -> 14
[56.521650] End    layer2: 1151 -> 14403 + -12286 = 2115 (7835)
[56.521656] 
[56.521661] 
[56.521670] Start  layer3: 10 SMs -> 6
[56.535313] End    layer3: 2332 -> 13638 + -17191 = -3553 (8758)
[56.535321] 
[56.535327] 
[56.535336] Start  layer4: 10 SMs -> 7
[56.548729] End    layer4: 3552 -> 13387 + -16409 = -3022 (14196)
[56.548736] 
[56.548743] 
[56.548761] Start  layerX: 10 SMs -> 7
[56.550459] End    layerX: 93 -> 1694 + -17763 = -16069 (377)
[56.550465] 
[56.550475] Delayed : 7785us
[56.550482] 
[56.550490] Start  layer0: 20 SMs -> 8
[56.552107] End    layer0: 384 -> 1612 + -7407 = -5795 (2004)
[56.552112] 
[56.552115] 
[56.552125] Start  layer1: 40 SMs -> 12
[56.562139] End    layer1: 1003 -> 10008 + -10609 = -601 (6827)
[56.562146] 
[56.562153] 
[56.562165] Start  layer2: 40 SMs -> 14
[56.573948] End    layer2: 1151 -> 11780 + -14585 = -2805 (7835)
[56.573954] 
[56.573961] 
[56.573969] Start  layer3: 40 SMs -> 13
[56.588484] End    layer3: 1286 -> 14511 + -20363 = -5852 (8758)
[56.588490] 
[56.588495] 
[56.588504] Start  layer4: 20 SMs -> 6
[56.595327] End    layer4: 2600 -> 6819 + -13009 = -6190 (14196)
[56.595333] 
[56.595355] 
[56.595363] Start  layerX: 10 SMs -> 3
[56.595889] End    layerX: 93 -> 520 + -13192 = -12671 (377)
[56.595895] 
[56.595917] Delayed : 3226us
[56.595925] 
[56.595936] Start  layer0: 20 SMs -> 4
[56.597397] End    layer0: 384 -> 1458 + -2697 = -1240 (2004)
[56.597403] 
[56.597406] 
[56.597414] Start  layer1: 20 SMs -> 4
[56.602900] End    layer1: 1290 -> 5479 + -1370 = 4108 (6827)
[56.602906] 
[56.602919] 
[56.602931] Start  layer2: 20 SMs -> 5
[56.608739] End    layer2: 1492 -> 5804 + 623 = 6427 (7835)
[56.608745] 
[56.608750] 
[56.608758] Start  layer3: 30 SMs -> 8
[56.617190] End    layer3: 1514 -> 8427 + 930 = 9357 (8758)
[56.617195] 
[56.617200] 
[56.617208] Start  layer4: 30 SMs -> 9
[56.625557] End    layer4: 2403 -> 8342 + 6762 = 15104 (14196)
[56.625564] 
[56.625571] 
[56.625581] Start  layerX: 10 SMs -> 6
[56.627156] End    layerX: 93 -> 1571 + 5539 = 7110 (377)
[56.627161] 
[56.627171] Reserved: 15519us
[56.642760] 
[56.642778] Start  layer0: 20 SMs -> 2
[56.643598] End    layer0: 384 -> 817 + 1103 = 1919 (2004)
[56.643605] 
[56.643609] 
[56.643620] Start  layer1: 20 SMs -> 3
[56.648859] End    layer1: 1290 -> 5236 + 2668 = 7903 (6827)
[56.648865] 
[56.648870] 
[56.648878] Start  layer2: 20 SMs -> 7
[56.655547] End    layer2: 1492 -> 6665 + 3815 = 10480 (7835)
[56.655554] 
[56.655596] 
[56.655604] Start  layer3: 40 SMs -> 14
[56.673844] End    layer3: 1286 -> 18233 + -5721 = 12512 (8758)
[56.673851] 
[56.673860] 
[56.673872] Start  layer4: 40 SMs -> 12
[56.688944] End    layer4: 2086 -> 15069 + -6626 = 8442 (14196)
[56.688950] 
[56.688954] 
[56.688962] Start  layerX: 40 SMs -> 7
[56.689450] End    layerX: 55 -> 484 + -6754 = -6271 (377)
[56.689456] 
[56.689472] Reserved: 3218us
[56.692759] 
[56.692777] Start  layer0: 20 SMs -> 1
[56.693502] End    layer0: 384 -> 722 + 1199 = 1920 (2004)
[56.693509] 
[56.693514] 
[56.693524] Start  layer1: 30 SMs -> 3
[56.697416] End    layer1: 1154 -> 3889 + 4111 = 7999 (6827)
[56.697422] 
[56.697431] 
[56.697443] Start  layer2: 20 SMs -> 8
[56.707973] End    layer2: 1492 -> 10527 + 1389 = 11916 (7835)
[56.707979] 
[56.707984] 
[56.707994] Start  layer3: 20 SMs -> 8
[56.717392] End    layer3: 1639 -> 9393 + 730 = 10123 (8758)
[56.717398] 
[56.717403] 
[56.717412] Start  layer4: 30 SMs -> 6
[56.727955] End    layer4: 2403 -> 10537 + 4364 = 14900 (14196)
[56.727962] 
[56.727972] 
[56.727984] Start  layerX: 30 SMs -> 6
[56.728584] End    layerX: 64 -> 597 + 4111 = 4708 (377)
[56.728589] 
[56.728604] Reserved: 14085us
[56.742761] 
[56.742782] Start  layer0: 30 SMs -> 1
[56.743381] End    layer0: 299 -> 596 + 1320 = 1915 (2004)
[56.743388] 
[56.743393] 
[56.743403] Start  layer1: 20 SMs -> 2
[56.748765] End    layer1: 1290 -> 5358 + 2762 = 8120 (6827)
[56.748771] 
[56.748777] 
[56.748786] Start  layer2: 10 SMs -> 4
[56.754715] End    layer2: 2138 -> 5922 + 4649 = 10571 (7835)
[56.754722] 
[56.754733] 
[56.754745] Start  layer3: 30 SMs -> 9
[56.762836] End    layer3: 1514 -> 8088 + 5284 = 13372 (8758)
[56.762841] 
[56.762854] 
[56.762863] Start  layer4: 30 SMs -> 7
[56.771997] End    layer4: 2403 -> 9130 + 10320 = 19450 (14196)
[56.772004] 
[56.772013] 
[56.772021] Start  layerX: 10 SMs -> 5
[56.773932] End    layerX: 93 -> 1905 + 8764 = 10669 (377)
[56.773939] 
[56.773951] Reserved: 18739us
