[48.250482] layer0:
[48.264149] 	10	343us, 560us
[48.274744] 	20	236us, 410us
[48.283929] 	30	204us, 352us
[48.292698] 	40	185us, 292us
[48.292710] Params: 0.60	0.36	0.44

[48.292715] layer1:
[48.329975] 	10	1118us, 1903us
[48.355378] 	20	796us, 1337us
[48.378217] 	30	694us, 1167us
[48.398954] 	40	682us, 994us
[48.398966] Params: 0.62	0.25	0.41

[48.398972] layer2:
[48.441056] 	10	1332us, 2111us
[48.469802] 	20	985us, 1487us
[48.496888] 	30	932us, 1388us
[48.520332] 	40	796us, 1136us
[48.520344] Params: 0.67	0.33	0.41

[48.520350] layer3:
[48.565974] 	10	1407us, 2326us
[48.598780] 	20	971us, 1910us
[48.627458] 	30	930us, 1535us
[48.654606] 	40	895us, 1406us
[48.654619] Params: 0.59	0.22	0.33

[48.654626] layer4:
[48.724287] 	10	2392us, 3475us
[48.769465] 	20	1569us, 2566us
[48.812107] 	30	1515us, 2324us
[48.851418] 	40	1421us, 2109us
[48.851431] Params: 0.66	0.26	0.29

[48.851436] layerX:
[48.856772] 	10	45us, 84us
[48.861976] 	20	41us, 60us
[48.867158] 	30	39us, 63us
[48.872285] 	40	40us, 52us
[48.872298] Params: 0.66	0.06	0.28

