[55.494348] 
[55.494359] Start  layer0: 10 SMs -> 9
[55.500620] End    layer0: 559 -> 6261 + -4323 = 1937 (1948)
[55.500621] 
[55.500623] 
[55.500626] Start  layer1: 10 SMs -> 6
[55.508747] End    layer1: 1902 -> 8117 + -5810 = 2306 (6637)
[55.508751] 
[55.508754] 
[55.508761] Start  layer2: 20 SMs -> 10
[55.517526] End    layer2: 1486 -> 8763 + -7004 = 1758 (7585)
[55.517530] 
[55.517577] 
[55.517583] Start  layer3: 20 SMs -> 9
[55.529371] End    layer3: 1910 -> 11786 + -9458 = 2327 (9391)
[55.529374] 
[55.529425] 
[55.529430] Start  layer4: 40 SMs -> 12
[55.545998] End    layer4: 2109 -> 16564 + -11996 = 4567 (14088)
[55.546001] 
[55.546022] 
[55.546028] Start  layerX: 10 SMs -> 11
[55.548741] End    layerX: 83 -> 2711 + -14392 = -11681 (349)
[55.548744] 
[55.548763] Delayed : 4416us
[55.548767] 
[55.548772] Start  layer0: 30 SMs -> 7
[55.549994] End    layer0: 351 -> 1219 + -3694 = -2476 (1948)
[55.549997] 
[55.549999] 
[55.550005] Start  layer1: 40 SMs -> 15
[55.561624] End    layer1: 993 -> 11617 + -8688 = 2928 (6637)
[55.561627] 
[55.561642] 
[55.561646] Start  layer2: 40 SMs -> 14
[55.578291] End    layer2: 1135 -> 16639 + -17767 = -1128 (7585)
[55.578296] 
[55.578300] 
[55.578308] Start  layer3: 40 SMs -> 10
[55.592275] End    layer3: 1406 -> 13964 + -22360 = -8396 (9391)
[55.592279] 
[55.592285] 
[55.592293] Start  layer4: 30 SMs -> 1
[55.595880] End    layer4: 2324 -> 3583 + -11877 = -8294 (14088)
[55.595884] 
[55.595889] 
[55.595897] Start  layerX: 30 SMs -> 6
[55.596930] End    layerX: 60 -> 1030 + -12580 = -11550 (349)
[55.596933] 
[55.596984] Delayed : 2635us
[55.596991] 
[55.597002] Start  layer0: 30 SMs -> 8
[55.598050] End    layer0: 351 -> 1045 + -1747 = -703 (1948)
[55.598056] 
[55.598060] 
[55.598069] Start  layer1: 40 SMs -> 12
[55.608188] End    layer1: 993 -> 10115 + -5248 = 4866 (6637)
[55.608193] 
[55.608198] 
[55.608206] Start  layer2: 30 SMs -> 9
[55.617688] End    layer2: 1388 -> 9477 + -7163 = 2313 (7585)
[55.617693] 
[55.617698] 
[55.617707] Start  layer3: 40 SMs -> 16
[55.633371] End    layer3: 1406 -> 15660 + -13455 = 2204 (9391)
[55.633376] 
[55.633382] 
[55.633392] Start  layer4: 40 SMs -> 12
[55.650013] End    layer4: 2109 -> 16617 + -16010 = 607 (14088)
[55.650020] 
[55.650033] 
[55.650043] Start  layerX: 10 SMs -> 7
[55.651225] End    layerX: 83 -> 1178 + -16872 = -15694 (349)
[55.651231] 
[55.651251] Delayed : 6903us
[55.651258] 
[55.651267] Start  layer0: 40 SMs -> 13
[55.653165] End    layer0: 291 -> 1892 + -6861 = -4969 (1948)
[55.653171] 
[55.653176] 
[55.653188] Start  layer1: 20 SMs -> 9
[55.659549] End    layer1: 1337 -> 6357 + -6608 = -252 (6637)
[55.659556] 
[55.659562] 
[55.659573] Start  layer2: 20 SMs -> 7
[55.666779] End    layer2: 1486 -> 7203 + -6254 = 947 (7585)
[55.666784] 
[55.666798] 
[55.666807] Start  layer3: 20 SMs -> 6
[55.675721] End    layer3: 1910 -> 8908 + -5803 = 3103 (9391)
[55.675727] 
[55.675744] 
[55.675757] Start  layer4: 20 SMs -> 7
[55.687232] End    layer4: 2565 -> 11472 + -3228 = 8243 (14088)
[55.687238] 
[55.687244] 
[55.687253] Start  layerX: 20 SMs -> 5
[55.688382] End    layerX: 60 -> 1125 + -4029 = -2905 (349)
[55.688388] 
[55.688396] Reserved: 5951us
[55.694411] 
[55.694425] Start  layer0: 30 SMs -> 8
[55.696727] End    layer0: 351 -> 2299 + -425 = 1873 (1948)
[55.696732] 
[55.696735] 
[55.696744] Start  layer1: 30 SMs -> 9
[55.706632] End    layer1: 1167 -> 9882 + -3690 = 6191 (6637)
[55.706639] 
[55.706653] 
[55.706665] Start  layer2: 40 SMs -> 16
[55.718681] End    layer2: 1135 -> 12011 + -8154 = 3855 (7585)
[55.718688] 
[55.718695] 
[55.718706] Start  layer3: 30 SMs -> 8
[55.728377] End    layer3: 1534 -> 9667 + -8460 = 1205 (9391)
[55.728382] 
[55.728388] 
[55.728396] Start  layer4: 30 SMs -> 8
[55.736565] End    layer4: 2324 -> 8164 + -2561 = 5602 (14088)
[55.736570] 
[55.736575] 
[55.736584] Start  layerX: 10 SMs -> 5
[55.737363] End    layerX: 83 -> 776 + -3011 = -2236 (349)
[55.737368] 
[55.737379] Reserved: 6968us
[55.744412] 
[55.744426] Start  layer0: 20 SMs -> 13
[55.746648] End    layer0: 410 -> 2219 + -346 = 1871 (1948)
[55.746654] 
[55.746681] 
[55.746689] Start  layer1: 40 SMs -> 15
[55.763080] End    layer1: 993 -> 16385 + -10138 = 6245 (6637)
[55.763087] 
[55.763093] 
[55.763105] Start  layer2: 20 SMs -> 9
[55.775642] End    layer2: 1486 -> 12534 + -15118 = -2584 (7585)
[55.775648] 
[55.775652] 
[55.775661] Start  layer3: 10 SMs -> 5
[55.783652] End    layer3: 2326 -> 7986 + -13736 = -5750 (9391)
[55.783657] 
[55.783663] 
[55.783672] Start  layer4: 40 SMs -> 14
[55.796883] End    layer4: 2109 -> 13207 + -12880 = 327 (14088)
[55.796889] 
[55.796903] 
[55.796914] Start  layerX: 10 SMs -> 8
[55.797859] End    layerX: 83 -> 940 + -13505 = -12565 (349)
[55.797866] 
[55.797877] Delayed : 3529us
[55.797883] 
[55.797891] Start  layer0: 10 SMs -> 6
[55.799591] End    layer0: 559 -> 1696 + -3290 = -1594 (1948)
[55.799597] 
[55.799600] 
[55.799608] Start  layer1: 10 SMs -> 6
[55.807173] End    layer1: 1902 -> 7561 + -4233 = 3326 (6637)
[55.807180] 
[55.807189] 
[55.807197] Start  layer2: 30 SMs -> 10
[55.816330] End    layer2: 1388 -> 9129 + -5805 = 3322 (7585)
[55.816336] 
[55.816343] 
[55.816352] Start  layer3: 30 SMs -> 8
[55.824455] End    layer3: 1534 -> 8099 + -4539 = 3558 (9391)
[55.824460] 
[55.824467] 
[55.824476] Start  layer4: 30 SMs -> 8
[55.836603] End    layer4: 2324 -> 12123 + -2600 = 9523 (14088)
[55.836609] 
[55.836614] 
[55.836622] Start  layerX: 10 SMs -> 6
[55.837675] End    layerX: 83 -> 1048 + -3322 = -2274 (349)
[55.837680] 
[55.837691] Reserved: 6656us
[55.844412] 
[55.844427] Start  layer0: 40 SMs -> 14
[55.846026] End    layer0: 291 -> 1597 + 275 = 1871 (1948)
[55.846032] 
[55.846035] 
[55.846044] Start  layer1: 40 SMs -> 13
[55.860590] End    layer1: 993 -> 14542 + -7650 = 6890 (6637)
[55.860596] 
[55.860602] 
[55.860611] Start  layer2: 20 SMs -> 7
[55.868635] End    layer2: 1486 -> 8020 + -8110 = -90 (7585)
[55.868640] 
[55.868645] 
[55.868653] Start  layer3: 40 SMs -> 16
[55.883238] End    layer3: 1406 -> 14578 + -13320 = 1257 (9391)
[55.883245] 
[55.883283] 
[55.883293] Start  layer4: 40 SMs -> 10
[55.897019] End    layer4: 2109 -> 13722 + -13015 = 706 (14088)
[55.897025] 
[55.897031] 
[55.897040] Start  layerX: 30 SMs -> 7
[55.897474] End    layerX: 60 -> 430 + -13122 = -12692 (349)
[55.897480] 
[55.897490] Delayed : 3142us
[55.897496] 
[55.897505] Start  layer0: 30 SMs -> 8
[55.898956] End    layer0: 351 -> 1447 + -2655 = -1208 (1948)
[55.898961] 
[55.898965] 
[55.898972] Start  layer1: 10 SMs -> 7
[55.908353] End    layer1: 1902 -> 9377 + -5413 = 3962 (6637)
[55.908358] 
[55.908365] 
[55.908373] Start  layer2: 10 SMs -> 5
[55.916728] End    layer2: 2111 -> 8350 + -6203 = 2146 (7585)
[55.916733] 
[55.916739] 
[55.916747] Start  layer3: 30 SMs -> 9
[55.927050] End    layer3: 1534 -> 10297 + -7132 = 3164 (9391)
[55.927057] 
[55.927081] 
[55.927091] Start  layer4: 40 SMs -> 15
[55.947301] End    layer4: 2109 -> 20206 + -13297 = 6908 (14088)
[55.947307] 
[55.947314] 
[55.947322] Start  layerX: 10 SMs -> 5
[55.947976] End    layerX: 83 -> 649 + -13623 = -12974 (349)
[55.947981] 
[55.947998] Delayed : 3650us
[55.948004] 
[55.948012] Start  layer0: 40 SMs -> 18
[55.952929] End    layer0: 291 -> 4913 + -6628 = -1715 (1948)
[55.952935] 
[55.952938] 
[55.952947] Start  layer1: 20 SMs -> 7
[55.959598] End    layer1: 1337 -> 6647 + -6658 = -12 (6637)
[55.959604] 
[55.959610] 
[55.959626] Start  layer2: 40 SMs -> 18
[55.975761] End    layer2: 1135 -> 16131 + -15236 = 894 (7585)
[55.975766] 
[55.975772] 
[55.975782] Start  layer3: 40 SMs -> 18
[55.995189] End    layer3: 1406 -> 19403 + -25273 = -5871 (9391)
[55.995195] 
[55.995200] 
[55.995210] Start  layer4: 20 SMs -> 6
[56.000164] End    layer4: 2565 -> 4949 + -16160 = -11211 (14088)
[56.000172] 
[56.000178] 
[56.000190] Start  layerX: 10 SMs -> 7
[56.001092] End    layerX: 83 -> 900 + -16740 = -15840 (349)
[56.001097] 
[56.001105] Delayed : 6757us
[56.001111] 
[56.001118] Start  layer0: 20 SMs -> 6
[56.002711] End    layer0: 410 -> 1589 + -6409 = -4821 (1948)
[56.002716] 
[56.002720] 
[56.002728] Start  layer1: 10 SMs -> 6
[56.011640] End    layer1: 1902 -> 8907 + -8700 = 207 (6637)
[56.011669] 
[56.011728] 
[56.011746] Start  layer2: 10 SMs -> 6
[56.019544] End    layer2: 2111 -> 7795 + -9019 = -1225 (7585)
[56.019549] 
[56.019556] 
[56.019565] Start  layer3: 30 SMs -> 10
[56.027423] End    layer3: 1534 -> 7852 + -7505 = 345 (9391)
[56.027430] 
[56.027437] 
[56.027449] Start  layer4: 30 SMs -> 7
[56.036230] End    layer4: 2324 -> 8777 + -2226 = 6550 (14088)
[56.036235] 
[56.036240] 
[56.036249] Start  layerX: 40 SMs -> 14
[56.037132] End    layerX: 52 -> 878 + -2779 = -1901 (349)
[56.037137] 
[56.037148] Reserved: 7199us
[56.044413] 
[56.044427] Start  layer0: 10 SMs -> 6
[56.047580] End    layer0: 559 -> 3150 + -1278 = 1871 (1948)
[56.047585] 
[56.047589] 
[56.047597] Start  layer1: 30 SMs -> 8
[56.054981] End    layer1: 1167 -> 7380 + -2041 = 5338 (6637)
[56.054986] 
[56.054991] 
[56.055000] Start  layer2: 40 SMs -> 11
[56.069282] End    layer2: 1135 -> 14276 + -8756 = 5520 (7585)
[56.069289] 
[56.069298] 
[56.069309] Start  layer3: 40 SMs -> 16
[56.089782] End    layer3: 1406 -> 20470 + -19866 = 602 (9391)
[56.089788] 
[56.089795] 
[56.089804] Start  layer4: 20 SMs -> 5
[56.101651] End    layer4: 2565 -> 11842 + -17647 = -5805 (14088)
[56.101657] 
[56.101675] 
[56.101684] Start  layerX: 20 SMs -> 8
[56.102295] End    layerX: 60 -> 605 + -17941 = -17336 (349)
[56.102302] 
[56.102316] Delayed : 7967us
[56.102324] 
[56.102333] Start  layer0: 20 SMs -> 8
[56.105679] End    layer0: 410 -> 3342 + -9378 = -6036 (1948)
[56.105684] 
[56.105687] 
[56.105696] Start  layer1: 40 SMs -> 15
[56.122027] End    layer1: 993 -> 16326 + -19086 = -2761 (6637)
[56.122033] 
[56.122046] 
[56.122056] Start  layer2: 30 SMs -> 7
[56.132637] End    layer2: 1388 -> 10576 + -22111 = -11535 (7585)
[56.132643] 
[56.132668] 
[56.132677] Start  layer3: 20 SMs -> 7
[56.142393] End    layer3: 1910 -> 9712 + -22477 = -12765 (9391)
[56.142398] 
[56.142425] 
[56.142437] Start  layer4: 30 SMs -> 5
[56.152402] End    layer4: 2324 -> 9961 + -18398 = -8438 (14088)
[56.152408] 
[56.152414] 
[56.152423] Start  layerX: 10 SMs -> 9
[56.154740] End    layerX: 83 -> 2311 + -20385 = -18075 (349)
[56.154747] 
[56.154770] Delayed : 10421us
[56.154778] 
[56.154788] Start  layer0: 40 SMs -> 16
[56.159235] End    layer0: 291 -> 4443 + -12933 = -8490 (1948)
[56.159241] 
[56.159244] 
[56.159254] Start  layer1: 40 SMs -> 16
[56.173703] End    layer1: 993 -> 14444 + -20763 = -6319 (6637)
[56.173709] 
[56.173713] 
[56.173722] Start  layer2: 30 SMs -> 9
[56.183381] End    layer2: 1388 -> 9655 + -22856 = -13202 (7585)
[56.183387] 
[56.183392] 
[56.183402] Start  layer3: 20 SMs -> 8
[56.194841] End    layer3: 1910 -> 11435 + -24925 = -13491 (9391)
[56.194847] 
[56.194852] 
[56.194861] Start  layer4: 40 SMs -> 22
[56.212288] End    layer4: 2109 -> 17423 + -28284 = -10861 (14088)
[56.212294] 
[56.212315] 
[56.212323] Start  layerX: 20 SMs -> 9
[56.213236] End    layerX: 60 -> 906 + -28881 = -27975 (349)
[56.213243] 
[56.213254] Delayed : 18906us
[56.213260] 
[56.213268] Start  layer0: 30 SMs -> 10
[56.213986] End    layer0: 351 -> 714 + -17685 = -16971 (1948)
[56.213992] 
[56.213995] 
[56.214004] Start  layer1: 40 SMs -> 14
[56.230248] End    layer1: 993 -> 16239 + -27308 = -11069 (6637)
[56.230254] 
[56.230260] 
[56.230269] Start  layer2: 30 SMs -> 7
[56.240721] End    layer2: 1388 -> 10448 + -30196 = -19749 (7585)
[56.240727] 
[56.240732] 
[56.240740] Start  layer3: 40 SMs -> 11
[56.259384] End    layer3: 1406 -> 18638 + -39466 = -20829 (9391)
[56.259391] 
[56.259464] 
[56.259474] Start  layer4: 40 SMs -> 18
[56.277723] End    layer4: 2109 -> 18245 + -43718 = -25474 (14088)
[56.277731] 
[56.277739] 
[56.277750] Start  layerX: 20 SMs -> 9
[56.278561] End    layerX: 60 -> 808 + -44209 = -43401 (349)
[56.278566] 
[56.278575] Delayed : 34227us
[56.278581] 
[56.278590] Start  layer0: 30 SMs -> 7
[56.280235] End    layer0: 351 -> 1641 + -33933 = -32293 (1948)
[56.280240] 
[56.280243] 
[56.280252] Start  layer1: 30 SMs -> 6
[56.286428] End    layer1: 1167 -> 6172 + -33488 = -27317 (6637)
[56.286434] 
[56.286447] 
[56.286455] Start  layer2: 30 SMs -> 5
[56.291803] End    layer2: 1388 -> 5343 + -31278 = -25935 (7585)
[56.291840] 
[56.291847] 
[56.291859] Start  layer3: 30 SMs -> 2
[56.296264] End    layer3: 1534 -> 4400 + -26346 = -21946 (9391)
[56.296271] 
[56.296279] 
[56.296290] Start  layer4: 30 SMs -> 6
[56.302287] End    layer4: 2324 -> 5991 + -18281 = -12290 (14088)
[56.302293] 
[56.302320] 
[56.302332] Start  layerX: 40 SMs -> 18
[56.304818] End    layerX: 52 -> 2482 + -20465 = -17982 (349)
[56.304823] 
[56.304843] Delayed : 10495us
[56.304849] 
[56.304858] Start  layer0: 10 SMs -> 4
[56.305995] End    layer0: 559 -> 1132 + -9693 = -8561 (1948)
[56.306000] 
[56.306003] 
[56.306011] Start  layer1: 10 SMs -> 5
[56.314597] End    layer1: 1902 -> 8581 + -11657 = -3076 (6637)
[56.314602] 
[56.314610] 
[56.314618] Start  layer2: 40 SMs -> 16
[56.339620] End    layer2: 1135 -> 24995 + -29093 = -4097 (7585)
[56.339627] 
[56.339635] 
[56.339649] Start  layer3: 10 SMs -> 4
[56.344950] End    layer3: 2326 -> 5297 + -25034 = -19737 (9391)
[56.344955] 
[56.344960] 
[56.344970] Start  layer4: 10 SMs -> 10
[56.360998] End    layer4: 3475 -> 16023 + -26994 = -10971 (14088)
[56.361003] 
[56.361008] 
[56.361017] Start  layerX: 10 SMs -> 5
[56.361777] End    layerX: 83 -> 756 + -27425 = -26668 (349)
[56.361782] 
[56.361793] Delayed : 17445us
[56.361799] 
[56.361807] Start  layer0: 30 SMs -> 6
[56.363397] End    layer0: 351 -> 1584 + -17094 = -15510 (1948)
[56.363402] 
[56.363405] 
[56.363414] Start  layer1: 30 SMs -> 6
[56.370658] End    layer1: 1167 -> 7240 + -17719 = -10479 (6637)
[56.370664] 
[56.370670] 
[56.370679] Start  layer2: 30 SMs -> 7
[56.377213] End    layer2: 1388 -> 6530 + -16688 = -10158 (7585)
[56.377219] 
[56.377225] 
[56.377234] Start  layer3: 40 SMs -> 15
[56.392607] End    layer3: 1406 -> 15367 + -22690 = -7323 (9391)
[56.392613] 
[56.392620] 
[56.392629] Start  layer4: 30 SMs -> 5
[56.402771] End    layer4: 2324 -> 10137 + -18767 = -8629 (14088)
[56.402776] 
[56.402782] 
[56.402791] Start  layerX: 20 SMs -> 7
[56.403370] End    layerX: 60 -> 573 + -19016 = -18443 (349)
[56.403377] 
[56.403388] Delayed : 9040us
[56.403396] 
[56.403407] Start  layer0: 30 SMs -> 9
[56.404820] End    layer0: 351 -> 1408 + -8517 = -7109 (1948)
[56.404827] 
[56.404831] 
[56.404842] Start  layer1: 10 SMs -> 10
[56.414863] End    layer1: 1902 -> 10017 + -11923 = -1906 (6637)
[56.414868] 
[56.414873] 
[56.414882] Start  layer2: 10 SMs -> 6
[56.426666] End    layer2: 2111 -> 11779 + -16141 = -4362 (7585)
[56.426671] 
[56.426680] 
[56.426689] Start  layer3: 30 SMs -> 8
[56.434184] End    layer3: 1534 -> 7490 + -14268 = -6778 (9391)
[56.434189] 
[56.434195] 
[56.434204] Start  layer4: 30 SMs -> 6
[56.444022] End    layer4: 2324 -> 9812 + -10016 = -204 (14088)
[56.444028] 
[56.444035] 
[56.444047] Start  layerX: 10 SMs -> 5
[56.444703] End    layerX: 83 -> 653 + -10351 = -9698 (349)
[56.444708] 
[56.444722] Delayed : 374us
[56.444728] 
[56.444736] Start  layer0: 10 SMs -> 5
[56.447130] End    layer0: 559 -> 2389 + -828 = 1560 (1948)
[56.447135] 
[56.447138] 
[56.447147] Start  layer1: 30 SMs -> 9
[56.454378] End    layer1: 1167 -> 7226 + -1438 = 5787 (6637)
[56.454383] 
[56.454389] 
[56.454398] Start  layer2: 30 SMs -> 11
[56.461013] End    layer2: 1388 -> 6611 + -488 = 6122 (7585)
[56.461019] 
[56.461028] 
[56.461036] Start  layer3: 10 SMs -> 7
[56.468093] End    layer3: 2326 -> 7052 + 1822 = 8874 (9391)
[56.468098] 
[56.468103] 
[56.468112] Start  layer4: 40 SMs -> 17
[56.484573] End    layer4: 2109 -> 16457 + -569 = 15886 (14088)
[56.484578] 
[56.484584] 
[56.484593] Start  layerX: 20 SMs -> 10
[56.485734] End    layerX: 60 -> 1136 + -1381 = -245 (349)
[56.485740] 
[56.485749] Reserved: 8598us
[56.494409] 
[56.494418] Start  layer0: 20 SMs -> 11
[56.496567] End    layer0: 410 -> 2147 + -269 = 1877 (1948)
[56.496570] 
[56.496571] 
[56.496576] Start  layer1: 10 SMs -> 6
[56.506053] End    layer1: 1902 -> 9473 + -3116 = 6357 (6637)
[56.506057] 
[56.506064] 
[56.506071] Start  layer2: 30 SMs -> 8
[56.511287] End    layer2: 1388 -> 5215 + -766 = 4448 (7585)
[56.511290] 
[56.511302] 
[56.511308] Start  layer3: 40 SMs -> 17
[56.520888] End    layer3: 1406 -> 9575 + -972 = 8601 (9391)
[56.520893] 
[56.520906] 
[56.520915] Start  layer4: 40 SMs -> 14
[56.535429] End    layer4: 2109 -> 14509 + -1424 = 13084 (14088)
[56.535436] 
[56.535444] 
[56.535456] Start  layerX: 40 SMs -> 11
[56.537886] End    layerX: 52 -> 2425 + -3532 = -1107 (349)
[56.537893] 
[56.537914] Reserved: 6434us
[56.544408] 
[56.544420] Start  layer0: 40 SMs -> 9
[56.547400] End    layer0: 291 -> 2979 + -1102 = 1877 (1948)
[56.547403] 
[56.547405] 
[56.547410] Start  layer1: 40 SMs -> 11
[56.558442] End    layer1: 993 -> 11026 + -5501 = 5523 (6637)
[56.558448] 
[56.558452] 
[56.558461] Start  layer2: 30 SMs -> 7
[56.568908] End    layer2: 1388 -> 10442 + -8383 = 2058 (7585)
[56.568914] 
[56.568920] 
[56.568928] Start  layer3: 30 SMs -> 8
[56.577758] End    layer3: 1534 -> 8825 + -7842 = 982 (9391)
[56.577763] 
[56.577779] 
[56.577787] Start  layer4: 40 SMs -> 13
[56.593004] End    layer4: 2109 -> 15213 + -9000 = 6211 (14088)
[56.593010] 
[56.593015] 
[56.593023] Start  layerX: 20 SMs -> 5
[56.593972] End    layerX: 60 -> 946 + -9620 = -8674 (349)
[56.593976] 
[56.593984] Reserved: 363us
[56.594412] 
[56.594425] Start  layer0: 20 SMs -> 4
[56.595279] End    layer0: 410 -> 851 + 1022 = 1872 (1948)
[56.595284] 
[56.595288] 
[56.595298] Start  layer1: 20 SMs -> 4
[56.599449] End    layer1: 1337 -> 4146 + 3491 = 7637 (6637)
[56.599455] 
[56.599461] 
[56.599469] Start  layer2: 20 SMs -> 5
[56.606862] End    layer2: 1486 -> 7386 + 3664 = 11050 (7585)
[56.606868] 
[56.606890] 
[56.606901] Start  layer3: 40 SMs -> 15
[56.619684] End    layer3: 1406 -> 12779 + 231 = 13010 (9391)
[56.619689] 
[56.619709] 
[56.619718] Start  layer4: 10 SMs -> 7
[56.629728] End    layer4: 3475 -> 10004 + 4277 = 14281 (14088)
[56.629735] 
[56.629747] 
[56.629758] Start  layerX: 10 SMs -> 5
[56.630907] End    layerX: 83 -> 1143 + 3447 = 4590 (349)
[56.630914] 
[56.630942] Reserved: 13406us
[56.644416] 
[56.644433] Start  layer0: 30 SMs -> 9
[56.646058] End    layer0: 351 -> 1624 + 243 = 1866 (1948)
[56.646064] 
[56.646067] 
[56.646075] Start  layer1: 30 SMs -> 10
[56.652304] End    layer1: 1167 -> 6222 + 637 = 6859 (6637)
[56.652311] 
[56.652318] 
[56.652330] Start  layer2: 30 SMs -> 6
[56.657246] End    layer2: 1388 -> 4911 + 3279 = 8191 (7585)
[56.657253] 
[56.657261] 
[56.657273] Start  layer3: 10 SMs -> 6
[56.664622] End    layer3: 2326 -> 7346 + 5292 = 12638 (9391)
[56.664628] 
[56.664634] 
[56.664642] Start  layer4: 40 SMs -> 14
[56.679693] End    layer4: 2109 -> 15046 + 4310 = 19356 (14088)
[56.679698] 
[56.679704] 
[56.679713] Start  layerX: 40 SMs -> 9
[56.682577] End    layerX: 52 -> 2860 + 1774 = 4635 (349)
[56.682583] 
[56.682592] Reserved: 11755us
[56.694418] 
[56.694432] Start  layer0: 10 SMs -> 7
[56.697194] End    layer0: 559 -> 2757 + -890 = 1865 (1948)
[56.697201] 
[56.697206] 
[56.697217] Start  layer1: 40 SMs -> 10
[56.707541] End    layer1: 993 -> 10320 + -4601 = 5718 (6637)
[56.707548] 
[56.707557] 
[56.707569] Start  layer2: 30 SMs -> 7
[56.715845] End    layer2: 1388 -> 8273 + -5321 = 2952 (7585)
[56.715851] 
[56.715858] 
[56.715867] Start  layer3: 20 SMs -> 8
[56.725456] End    layer3: 1910 -> 9583 + -5538 = 4044 (9391)
[56.725463] 
[56.725470] 
[56.725481] Start  layer4: 20 SMs -> 6
[56.734484] End    layer4: 2565 -> 9000 + -480 = 8519 (14088)
[56.734490] 
[56.734496] 
[56.734506] Start  layerX: 30 SMs -> 2
[56.734640] End    layerX: 60 -> 131 + -289 = -158 (349)
[56.734644] 
[56.734659] Reserved: 9688us
[56.744417] 
[56.744434] Start  layer0: 10 SMs -> 7
[56.748096] End    layer0: 559 -> 3661 + -1794 = 1865 (1948)
[56.748103] 
[56.748107] 
[56.748118] Start  layer1: 20 SMs -> 8
[56.753567] End    layer1: 1337 -> 5445 + -627 = 4817 (6637)
[56.753573] 
[56.753579] 
[56.753588] Start  layer2: 40 SMs -> 10
[56.766462] End    layer2: 1135 -> 12869 + -5937 = 6931 (7585)
[56.766468] 
[56.766475] 
[56.766485] Start  layer3: 40 SMs -> 11
[56.784462] End    layer3: 1406 -> 17971 + -14544 = 3426 (9391)
[56.784469] 
[56.784478] 
[56.784489] Start  layer4: 40 SMs -> 4
[56.787036] End    layer4: 2109 -> 2543 + -3032 = -489 (14088)
[56.787041] 
[56.787046] 
[56.787054] Start  layerX: 40 SMs -> 1
[56.787155] End    layerX: 52 -> 99 + -2805 = -2706 (349)
[56.787158] 
[56.787166] Reserved: 7181us
[56.794417] 
[56.794433] Start  layer0: 10 SMs -> 7
[56.796917] End    layer0: 559 -> 2482 + -615 = 1866 (1948)
[56.796923] 
[56.796926] 
[56.796935] Start  layer1: 20 SMs -> 7
[56.804121] End    layer1: 1337 -> 7180 + -1179 = 5999 (6637)
[56.804128] 
[56.804145] 
[56.804156] Start  layer2: 20 SMs -> 7
[56.813077] End    layer2: 1486 -> 8916 + -2550 = 6365 (7585)
[56.813084] 
[56.813092] 
[56.813104] Start  layer3: 10 SMs -> 4
[56.821355] End    layer3: 2326 -> 8247 + -1439 = 6807 (9391)
[56.821360] 
[56.821367] 
[56.821375] Start  layer4: 10 SMs -> 4
[56.828802] End    layer4: 3475 -> 7420 + 5203 = 12623 (14088)
[56.828808] 
[56.828815] 
[56.828823] Start  layerX: 30 SMs -> 5
[56.829230] End    layerX: 60 -> 403 + 5122 = 5524 (349)
[56.829235] 
[56.829243] Reserved: 15104us
[56.844418] 
[56.844437] Start  layer0: 30 SMs -> 7
[56.846263] End    layer0: 351 -> 1824 + 38 = 1862 (1948)
[56.846268] 
[56.846271] 
[56.846280] Start  layer1: 10 SMs -> 7
[56.851777] End    layer1: 1902 -> 5491 + 1164 = 6655 (6637)
[56.851784] 
[56.851837] 
[56.851846] Start  layer2: 30 SMs -> 7
[56.858815] End    layer2: 1388 -> 6964 + 1710 = 8674 (7585)
[56.858822] 
[56.858829] 
[56.858841] Start  layer3: 20 SMs -> 6
[56.864319] End    layer3: 1910 -> 5474 + 5596 = 11071 (9391)
[56.864324] 
[56.864330] 
[56.864339] Start  layer4: 20 SMs -> 5
[56.874652] End    layer4: 2565 -> 10307 + 9352 = 19659 (14088)
[56.874657] 
[56.874664] 
[56.874673] Start  layerX: 20 SMs -> 4
[56.875572] End    layerX: 60 -> 894 + 8781 = 9674 (349)
[56.875579] 
[56.875590] Reserved: 18757us
[56.894418] 
[56.894434] Start  layer0: 40 SMs -> 8
[56.896720] End    layer0: 291 -> 2283 + -418 = 1864 (1948)
[56.896725] 
[56.896728] 
[56.896737] Start  layer1: 30 SMs -> 7
[56.902280] End    layer1: 1167 -> 5537 + 661 = 6198 (6637)
[56.902287] 
[56.902293] 
[56.902304] Start  layer2: 30 SMs -> 6
[56.908559] End    layer2: 1388 -> 6251 + 1965 = 8217 (7585)
[56.908564] 
[56.908569] 
[56.908577] Start  layer3: 30 SMs -> 6
[56.916132] End    layer3: 1534 -> 7549 + 3784 = 11333 (9391)
[56.916139] 
[56.916147] 
[56.916158] Start  layer4: 20 SMs -> 4
[56.922973] End    layer4: 2565 -> 6812 + 11030 = 17841 (14088)
[56.922979] 
[56.922984] 
[56.922994] Start  layerX: 10 SMs -> 4
[56.923594] End    layerX: 83 -> 593 + 10760 = 11353 (349)
[56.923601] 
[56.923611] Reserved: 20736us
[56.944419] 
[56.944433] Start  layer0: 30 SMs -> 5
[56.945820] End    layer0: 351 -> 1384 + 481 = 1865 (1948)
[56.945825] 
[56.945828] 
[56.945837] Start  layer1: 10 SMs -> 8
[56.950827] End    layer1: 1902 -> 4985 + 2112 = 7097 (6637)
[56.950832] 
[56.950846] 
[56.950857] Start  layer2: 10 SMs -> 3
[56.956980] End    layer2: 2111 -> 6118 + 3545 = 9663 (7585)
[56.956987] 
[56.957000] 
[56.957010] Start  layer3: 30 SMs -> 6
[56.964451] End    layer3: 1534 -> 7435 + 5466 = 12901 (9391)
[56.964457] 
[56.964465] 
[56.964476] Start  layer4: 40 SMs -> 9
[56.977127] End    layer4: 2109 -> 12647 + 6876 = 19523 (14088)
[56.977133] 
[56.977140] 
[56.977150] Start  layerX: 20 SMs -> 1
[56.977281] End    layerX: 60 -> 128 + 7069 = 7198 (349)
[56.977284] 
[56.977292] Reserved: 17055us
[56.994418] 
[56.994435] Start  layer0: 10 SMs -> 5
[56.996803] End    layer0: 559 -> 2367 + -501 = 1864 (1948)
[56.996809] 
[56.996812] 
[56.996821] Start  layer1: 10 SMs -> 5
[57.000995] End    layer1: 1902 -> 4168 + 1946 = 6113 (6637)
[57.001003] 
[57.001010] 
[57.001021] Start  layer2: 30 SMs -> 6
[57.008188] End    layer2: 1388 -> 7164 + 2336 = 9500 (7585)
[57.008194] 
[57.008199] 
[57.008208] Start  layer3: 30 SMs -> 7
[57.019298] End    layer3: 1534 -> 11083 + 619 = 11702 (9391)
[57.019304] 
[57.019320] 
[57.019329] Start  layer4: 30 SMs -> 6
[57.025781] End    layer4: 2324 -> 6447 + 8222 = 14670 (14088)
[57.025786] 
[57.025790] 
[57.025799] Start  layerX: 40 SMs -> 6
[57.026208] End    layerX: 52 -> 406 + 8143 = 8548 (349)
[57.026232] 
[57.026241] Reserved: 18106us
[57.044419] 
[57.044436] Start  layer0: 40 SMs -> 3
[57.045460] End    layer0: 291 -> 1022 + 841 = 1863 (1948)
[57.045465] 
[57.045468] 
[57.045477] Start  layer1: 40 SMs -> 5
[57.051557] End    layer1: 993 -> 6075 + 1382 = 7458 (6637)
[57.051563] 
[57.051570] 
[57.051578] Start  layer2: 30 SMs -> 5
[57.057348] End    layer2: 1388 -> 5764 + 3177 = 8942 (7585)
[57.057353] 
[57.057359] 
[57.057368] Start  layer3: 30 SMs -> 5
[57.063930] End    layer3: 1534 -> 6556 + 5986 = 12543 (9391)
[57.063937] 
[57.063944] 
[57.063956] Start  layer4: 30 SMs -> 4
[57.069820] End    layer4: 2324 -> 5859 + 14183 = 20042 (14088)
[57.069825] 
[57.069830] 
[57.069838] Start  layerX: 10 SMs -> 3
[57.070285] End    layerX: 83 -> 443 + 14066 = 14509 (349)
[57.070289] 
[57.070297] Reserved: 24050us
[57.094420] 
[57.094437] Start  layer0: 30 SMs -> 4
[57.095322] End    layer0: 351 -> 883 + 979 = 1862 (1948)
[57.095327] 
[57.095330] 
[57.095338] Start  layer1: 30 SMs -> 4
[57.099005] End    layer1: 1167 -> 3660 + 3936 = 7596 (6637)
[57.099011] 
[57.099033] 
[57.099044] Start  layer2: 10 SMs -> 3
[57.103151] End    layer2: 2111 -> 4103 + 7373 = 11476 (7585)
[57.103157] 
[57.103179] 
[57.103187] Start  layer3: 10 SMs -> 3
[57.110184] End    layer3: 2326 -> 6991 + 9733 = 16724 (9391)
[57.110191] 
[57.110201] 
[57.110211] Start  layer4: 40 SMs -> 7
[57.119206] End    layer4: 2109 -> 8990 + 14797 = 23787 (14088)
[57.119211] 
[57.119216] 
[57.119224] Start  layerX: 20 SMs -> 3
[57.119924] End    layerX: 60 -> 694 + 14429 = 15123 (349)
[57.119931] 
[57.119942] Reserved: 24406us
[57.144418] 
[57.144434] Start  layer0: 20 SMs -> 4
[57.146460] End    layer0: 410 -> 2022 + -156 = 1865 (1948)
[57.146467] 
[57.146472] 
[57.146483] Start  layer1: 20 SMs -> 4
[57.150399] End    layer1: 1337 -> 3911 + 2542 = 6452 (6637)
[57.150406] 
[57.150413] 
[57.150424] Start  layer2: 10 SMs -> 3
[57.155273] End    layer2: 2111 -> 4844 + 5253 = 10097 (7585)
[57.155280] 
[57.155310] 
[57.155322] Start  layer3: 20 SMs -> 5
[57.161254] End    layer3: 1910 -> 5929 + 8661 = 14590 (9391)
[57.161260] 
[57.161264] 
[57.161273] Start  layer4: 20 SMs -> 4
[57.167995] End    layer4: 2565 -> 6717 + 16009 = 22725 (14088)
[57.168002] 
[57.168009] 
[57.168020] Start  layerX: 40 SMs -> 5
[57.168260] End    layerX: 52 -> 235 + 16093 = 16328 (349)
[57.168266] 
[57.168281] Reserved: 26067us
[57.194420] 
[57.194436] Start  layer0: 10 SMs -> 1
[57.195871] End    layer0: 559 -> 1431 + 430 = 1861 (1948)
[57.195876] 
[57.195879] 
[57.195888] Start  layer1: 40 SMs -> 5
[57.199591] End    layer1: 993 -> 3697 + 3349 = 7046 (6637)
[57.199598] 
[57.199605] 
[57.199616] Start  layer2: 40 SMs -> 6
[57.206373] End    layer2: 1135 -> 6754 + 4151 = 10905 (7585)
[57.206379] 
[57.206383] 
[57.206392] Start  layer3: 20 SMs -> 3
[57.211280] End    layer3: 1910 -> 4881 + 8638 = 13519 (9391)
[57.211286] 
[57.211293] 
[57.211304] Start  layer4: 30 SMs -> 4
[57.214620] End    layer4: 2324 -> 3312 + 19383 = 22695 (14088)
[57.214625] 
[57.214631] 
[57.214639] Start  layerX: 20 SMs -> 1
[57.214772] End    layerX: 60 -> 131 + 19578 = 19708 (349)
[57.214776] 
[57.214784] Reserved: 29563us
[57.244418] 
[57.244435] Start  layer0: 40 SMs -> 3
[57.245173] End    layer0: 291 -> 736 + 1128 = 1864 (1948)
[57.245179] 
[57.245184] 
[57.245193] Start  layer1: 20 SMs -> 3
[57.248284] End    layer1: 1337 -> 3086 + 4656 = 7741 (6637)
[57.248290] 
[57.248318] 
[57.248329] Start  layer2: 30 SMs -> 3
[57.252093] End    layer2: 1388 -> 3759 + 8433 = 12191 (7585)
[57.252100] 
[57.252109] 
[57.252120] Start  layer3: 40 SMs -> 5
[57.257499] End    layer3: 1406 -> 5376 + 12416 = 17791 (9391)
[57.257505] 
[57.257512] 
[57.257520] Start  layer4: 20 SMs -> 3
[57.262396] End    layer4: 2565 -> 4871 + 21607 = 26478 (14088)
[57.262401] 
[57.262406] 
[57.262415] Start  layerX: 20 SMs -> 2
[57.262699] End    layerX: 60 -> 280 + 21652 = 21933 (349)
[57.262703] 
[57.262710] Reserved: 31637us
[57.294411] 
[57.294421] Start  layer0: 30 SMs -> 2
[57.294856] End    layer0: 351 -> 432 + 1444 = 1876 (1948)
[57.294882] 
[57.294885] 
[57.294893] Start  layer1: 40 SMs -> 4
[57.297810] End    layer1: 993 -> 2913 + 5128 = 8041 (6637)
[57.297816] 
[57.297821] 
[57.297829] Start  layer2: 40 SMs -> 4
[57.300858] End    layer2: 1135 -> 3024 + 9666 = 12690 (7585)
[57.300863] 
[57.300870] 
[57.300877] Start  layer3: 40 SMs -> 4
[57.305201] End    layer3: 1406 -> 4319 + 14714 = 19033 (9391)
[57.305206] 
[57.305214] 
[57.305222] Start  layer4: 20 SMs -> 3
[57.309525] End    layer4: 2565 -> 4299 + 24478 = 28777 (14088)
[57.309530] 
[57.309536] 
[57.309544] Start  layerX: 30 SMs -> 2
[57.309698] End    layerX: 60 -> 151 + 24652 = 24804 (349)
[57.309702] 
[57.309708] Reserved: 34639us
[57.344411] 
[57.344420] Start  layer0: 40 SMs -> 2
[57.345012] End    layer0: 291 -> 589 + 1288 = 1877 (1948)
[57.345017] 
[57.345021] 
[57.345028] Start  layer1: 40 SMs -> 3
[57.347294] End    layer1: 993 -> 2261 + 5645 = 7906 (6637)
[57.347299] 
[57.347311] 
[57.347319] Start  layer2: 40 SMs -> 4
[57.350205] End    layer2: 1135 -> 2882 + 10318 = 13200 (7585)
[57.350211] 
[57.350216] 
[57.350224] Start  layer3: 40 SMs -> 4
[57.353379] End    layer3: 1406 -> 3150 + 16536 = 19686 (9391)
[57.353384] 
[57.353390] 
[57.353398] Start  layer4: 40 SMs -> 4
[57.357904] End    layer4: 2109 -> 4502 + 26099 = 30600 (14088)
[57.357909] 
[57.357917] 
[57.357925] Start  layerX: 40 SMs -> 2
[57.358258] End    layerX: 52 -> 330 + 26092 = 26422 (349)
[57.358262] 
[57.358289] Reserved: 36058us
[57.394410] 
[57.394420] Start  layer0: 30 SMs -> 1
[57.394914] End    layer0: 351 -> 490 + 1387 = 1877 (1948)
[57.394918] 
[57.394922] 
[57.394929] Start  layer1: 30 SMs -> 2
[57.396658] End    layer1: 1167 -> 1725 + 6280 = 8005 (6637)
[57.396664] 
[57.396671] 
[57.396680] Start  layer2: 30 SMs -> 2
[57.398848] End    layer2: 1388 -> 2164 + 11676 = 13840 (7585)
[57.398853] 
[57.398858] 
[57.398866] Start  layer3: 20 SMs -> 2
[57.400945] End    layer3: 1910 -> 2074 + 18970 = 21044 (9391)
[57.400950] 
[57.400958] 
[57.400966] Start  layer4: 20 SMs -> 2
[57.404150] End    layer4: 2565 -> 3180 + 29853 = 33032 (14088)
[57.404155] 
[57.404161] 
[57.404170] Start  layerX: 10 SMs -> 2
[57.404362] End    layerX: 83 -> 189 + 29988 = 30178 (349)
[57.404366] 
[57.404390] Reserved: 39957us
[57.444409] 
[57.444420] Start  layer0: 40 SMs -> 1
[57.444907] End    layer0: 291 -> 484 + 1393 = 1877 (1948)
[57.444913] 
[57.444916] 
[57.444924] Start  layer1: 40 SMs -> 3
[57.446644] End    layer1: 993 -> 1716 + 6294 = 8010 (6637)
[57.446650] 
[57.446655] 
[57.446663] Start  layer2: 40 SMs -> 2
[57.448518] End    layer2: 1135 -> 1851 + 12005 = 13856 (7585)
[57.448524] 
[57.448528] 
[57.448537] Start  layer3: 40 SMs -> 2
[57.450553] End    layer3: 1406 -> 2012 + 19361 = 21373 (9391)
[57.450558] 
[57.450564] 
[57.450572] Start  layer4: 40 SMs -> 2
[57.453895] End    layer4: 2109 -> 3319 + 30108 = 33427 (14088)
[57.453900] 
[57.453906] 
[57.453914] Start  layerX: 40 SMs -> 2
[57.454209] End    layerX: 52 -> 292 + 30141 = 30433 (349)
[57.454213] 
[57.454222] Reserved: 40125us
