[25.631153] layer0:
[25.644607] 	10	339us, 567us
[25.654806] 	20	234us, 378us
[25.664088] 	30	204us, 334us
[25.672983] 	40	184us, 292us
[25.672996] Params: 0.61	0.36	0.40

[25.673000] layer1:
[25.710399] 	10	1105us, 1963us
[25.735044] 	20	792us, 1276us
[25.757351] 	30	688us, 1148us
[25.777766] 	40	678us, 967us
[25.777779] Params: 0.62	0.25	0.44

[25.777785] layer2:
[25.820055] 	10	1319us, 2128us
[25.848911] 	20	978us, 1499us
[25.876047] 	30	928us, 1386us
[25.899592] 	40	790us, 1145us
[25.899605] Params: 0.66	0.33	0.40

[25.899611] layer3:
[25.944864] 	10	1391us, 2321us
[25.976452] 	20	963us, 1789us
[26.005735] 	30	924us, 1610us
[26.032493] 	40	887us, 1354us
[26.032505] Params: 0.59	0.22	0.36

[26.032512] layer4:
[26.102659] 	10	2361us, 3554us
[26.146583] 	20	1556us, 2450us
[26.188829] 	30	1509us, 2295us
[26.228366] 	40	1417us, 2127us
[26.228379] Params: 0.66	0.26	0.27

[26.228385] layerX:
[26.233709] 	10	44us, 89us
[26.238972] 	20	41us, 67us
[26.244474] 	30	40us, 65us
[26.249580] 	40	40us, 52us
[26.249592] Params: 0.63	0.04	0.37

