[55.492559] 
[55.492581] Start  layer0: 40 SMs -> 2
[55.493392] End    layer0: 292 -> 812 + 1137 = 1950 (1970)
[55.493394] 
[55.493396] 
[55.493401] Start  layer1: 30 SMs -> 4
[55.504638] End    layer1: 1147 -> 11234 + -3592 = 7641 (6515)
[55.504642] 
[55.504649] 
[55.504656] Start  layer2: 30 SMs -> 10
[55.514249] End    layer2: 1386 -> 9591 + -5490 = 4100 (7712)
[55.514252] 
[55.514255] 
[55.514260] Start  layer3: 40 SMs -> 13
[55.529272] End    layer3: 1354 -> 15009 + -11390 = 3619 (9124)
[55.529275] 
[55.529280] 
[55.529285] Start  layer4: 20 SMs -> 9
[55.544741] End    layer4: 2449 -> 15454 + -12532 = 2921 (14326)
[55.544744] 
[55.544747] 
[55.544751] Start  layerX: 10 SMs -> 10
[55.546015] End    layerX: 88 -> 1262 + -13455 = -12193 (350)
[55.546018] 
[55.546044] Delayed : 3487us
[55.546048] 
[55.546051] Start  layer0: 10 SMs -> 12
[55.548898] End    layer0: 566 -> 2844 + -4368 = -1524 (1970)
[55.548901] 
[55.548903] 
[55.548907] Start  layer1: 30 SMs -> 8
[55.554187] End    layer1: 1147 -> 5277 + -3142 = 2134 (6515)
[55.554190] 
[55.554193] 
[55.554198] Start  layer2: 20 SMs -> 7
[55.560857] End    layer2: 1498 -> 6656 + -2098 = 4557 (7712)
[55.560861] 
[55.560867] 
[55.560874] Start  layer3: 40 SMs -> 15
[55.576859] End    layer3: 1354 -> 15983 + -8976 = 7006 (9124)
[55.576863] 
[55.576868] 
[55.576874] Start  layer4: 20 SMs -> 6
[55.589148] End    layer4: 2449 -> 12270 + -6937 = 5332 (14326)
[55.589152] 
[55.589156] 
[55.589163] Start  layerX: 40 SMs -> 9
[55.591839] End    layerX: 52 -> 2673 + -9277 = -6604 (350)
[55.591844] 
[55.591851] Reserved: 706us
[55.592616] 
[55.592623] Start  layer0: 20 SMs -> 1
[55.593387] End    layer0: 378 -> 761 + 1144 = 1905 (1970)
[55.593391] 
[55.593394] 
[55.593400] Start  layer1: 20 SMs -> 4
[55.601814] End    layer1: 1276 -> 8410 + -766 = 7643 (6515)
[55.601819] 
[55.601825] 
[55.601832] Start  layer2: 20 SMs -> 9
[55.610630] End    layer2: 1498 -> 8791 + -1866 = 6924 (7712)
[55.610637] 
[55.610646] 
[55.610657] Start  layer3: 20 SMs -> 7
[55.619755] End    layer3: 1789 -> 9095 + -1870 = 7224 (9124)
[55.619761] 
[55.619766] 
[55.619774] Start  layer4: 20 SMs -> 6
[55.628508] End    layer4: 2449 -> 8730 + 3704 = 12433 (14326)
[55.628514] 
[55.628521] 
[55.628528] Start  layerX: 20 SMs -> 6
[55.629429] End    layerX: 66 -> 896 + 3134 = 4030 (350)
[55.629434] 
[55.629444] Reserved: 13113us
[55.642625] 
[55.642640] Start  layer0: 30 SMs -> 4
[55.644623] End    layer0: 333 -> 1980 + -89 = 1890 (1970)
[55.644628] 
[55.644632] 
[55.644643] Start  layer1: 40 SMs -> 12
[55.659130] End    layer1: 967 -> 14483 + -8081 = 6401 (6515)
[55.659136] 
[55.659147] 
[55.659156] Start  layer2: 30 SMs -> 8
[55.668338] End    layer2: 1386 -> 9179 + -9577 = -398 (7712)
[55.668344] 
[55.668396] 
[55.668409] Start  layer3: 10 SMs -> 6
[55.680459] End    layer3: 2320 -> 12044 + -12571 = -527 (9124)
[55.680466] 
[55.680475] 
[55.680485] Start  layer4: 10 SMs -> 5
[55.687540] End    layer4: 3554 -> 7051 + -5327 = 1723 (14326)
[55.687545] 
[55.687551] 
[55.687559] Start  layerX: 20 SMs -> 6
[55.688538] End    layerX: 66 -> 974 + -5975 = -5000 (350)
[55.688543] 
[55.688551] Reserved: 4006us
[55.692619] 
[55.692638] Start  layer0: 10 SMs -> 1
[55.694340] End    layer0: 566 -> 1698 + 193 = 1891 (1970)
[55.694345] 
[55.694349] 
[55.694358] Start  layer1: 40 SMs -> 11
[55.713717] End    layer1: 967 -> 19352 + -12666 = 6685 (6515)
[55.713724] 
[55.713730] 
[55.713743] Start  layer2: 30 SMs -> 9
[55.723657] End    layer2: 1386 -> 9910 + -14894 = -4984 (7712)
[55.723662] 
[55.723667] 
[55.723676] Start  layer3: 30 SMs -> 9
[55.733665] End    layer3: 1610 -> 9982 + -15777 = -5795 (9124)
[55.733672] 
[55.733677] 
[55.733686] Start  layer4: 20 SMs -> 9
[55.743764] End    layer4: 2449 -> 10074 + -11551 = -1478 (14326)
[55.743770] 
[55.743776] 
[55.743785] Start  layerX: 20 SMs -> 10
[55.744664] End    layerX: 66 -> 874 + -12100 = -11226 (350)
[55.744669] 
[55.744690] Delayed : 2132us
[55.744696] 
[55.744705] Start  layer0: 40 SMs -> 10
[55.746308] End    layer0: 292 -> 1599 + -1775 = -176 (1970)
[55.746314] 
[55.746317] 
[55.746352] Start  layer1: 40 SMs -> 13
[55.759214] End    layer1: 967 -> 12856 + -8164 = 4691 (6515)
[55.759221] 
[55.759228] 
[55.759240] Start  layer2: 40 SMs -> 15
[55.773252] End    layer2: 1144 -> 14009 + -14490 = -482 (7712)
[55.773258] 
[55.773291] 
[55.773300] Start  layer3: 40 SMs -> 14
[55.791474] End    layer3: 1354 -> 18169 + -23588 = -5419 (9124)
[55.791480] 
[55.791494] 
[55.791503] Start  layer4: 20 SMs -> 3
[55.803138] End    layer4: 2449 -> 11629 + -20924 = -9295 (14326)
[55.803145] 
[55.803163] 
[55.803176] Start  layerX: 10 SMs -> 6
[55.803473] End    layerX: 88 -> 294 + -20909 = -20615 (350)
[55.803478] 
[55.803488] Delayed : 10930us
[55.803494] 
[55.803501] Start  layer0: 10 SMs -> 6
[55.805017] End    layer0: 566 -> 1511 + -10483 = -8972 (1970)
[55.805022] 
[55.805025] 
[55.805034] Start  layer1: 20 SMs -> 6
[55.810492] End    layer1: 1276 -> 5454 + -9444 = -3990 (6515)
[55.810498] 
[55.810525] 
[55.810533] Start  layer2: 40 SMs -> 16
[55.828485] End    layer2: 1144 -> 17948 + -19724 = -1776 (7712)
[55.828491] 
[55.828496] 
[55.828504] Start  layer3: 40 SMs -> 14
[55.843072] End    layer3: 1354 -> 14563 + -25186 = -10623 (9124)
[55.843078] 
[55.843086] 
[55.843096] Start  layer4: 40 SMs -> 10
[55.860887] End    layer4: 2126 -> 17786 + -28674 = -10888 (14326)
[55.860892] 
[55.860897] 
[55.860907] Start  layerX: 10 SMs -> 8
[55.861697] End    layerX: 88 -> 786 + -29134 = -28348 (350)
[55.861703] 
[55.861730] Delayed : 19172us
[55.861737] 
[55.861746] Start  layer0: 30 SMs -> 6
[55.862516] End    layer0: 333 -> 765 + -17981 = -17216 (1970)
[55.862523] 
[55.862527] 
[55.862539] Start  layer1: 20 SMs -> 9
[55.869171] End    layer1: 1276 -> 6628 + -18122 = -11494 (6515)
[55.869176] 
[55.869183] 
[55.869191] Start  layer2: 40 SMs -> 15
[55.884941] End    layer2: 1144 -> 15744 + -26177 = -10434 (7712)
[55.884948] 
[55.884956] 
[55.884967] Start  layer3: 20 SMs -> 8
[55.896922] End    layer3: 1789 -> 11949 + -29035 = -17086 (9124)
[55.896928] 
[55.896935] 
[55.896945] Start  layer4: 20 SMs -> 8
[55.904129] End    layer4: 2449 -> 7177 + -21914 = -14737 (14326)
[55.904136] 
[55.904154] 
[55.904164] Start  layerX: 10 SMs -> 8
[55.905203] End    layerX: 88 -> 1036 + -22640 = -21604 (350)
[55.905209] 
[55.905218] Delayed : 12660us
[55.905224] 
[55.905231] Start  layer0: 10 SMs -> 8
[55.906713] End    layer0: 566 -> 1475 + -12177 = -10702 (1970)
[55.906720] 
[55.906724] 
[55.906733] Start  layer1: 20 SMs -> 6
[55.912645] End    layer1: 1276 -> 5907 + -11595 = -5688 (6515)
[55.912651] 
[55.912675] 
[55.912686] Start  layer2: 10 SMs -> 5
[55.921962] End    layer2: 2127 -> 9271 + -13199 = -3928 (7712)
[55.921968] 
[55.921975] 
[55.921986] Start  layer3: 10 SMs -> 4
[55.929654] End    layer3: 2320 -> 7664 + -11768 = -4104 (9124)
[55.929659] 
[55.929665] 
[55.929674] Start  layer4: 10 SMs -> 4
[55.939435] End    layer4: 3554 -> 9756 + -7221 = 2533 (14326)
[55.939441] 
[55.939458] 
[55.939470] Start  layerX: 40 SMs -> 10
[55.939999] End    layerX: 52 -> 525 + -7434 = -6909 (350)
[55.940006] 
[55.940016] Reserved: 2541us
[55.942626] 
[55.942642] Start  layer0: 30 SMs -> 6
[55.945706] End    layer0: 333 -> 3062 + -1173 = 1888 (1970)
[55.945712] 
[55.945716] 
[55.945727] Start  layer1: 30 SMs -> 8
[55.954396] End    layer1: 1147 -> 8665 + -3347 = 5317 (6515)
[55.954401] 
[55.954408] 
[55.954415] Start  layer2: 20 SMs -> 8
[55.961386] End    layer2: 1498 -> 6966 + -2624 = 4341 (7712)
[55.961391] 
[55.961398] 
[55.961407] Start  layer3: 40 SMs -> 18
[55.983674] End    layer3: 1354 -> 22263 + -15788 = 6473 (9124)
[55.983680] 
[55.983685] 
[55.983695] Start  layer4: 40 SMs -> 15
[56.007238] End    layer4: 2126 -> 23538 + -25024 = -1487 (14326)
[56.007245] 
[56.007251] 
[56.007260] Start  layerX: 30 SMs -> 7
[56.007978] End    layerX: 64 -> 712 + -25413 = -24701 (350)
[56.007984] 
[56.008008] Delayed : 15450us
[56.008017] 
[56.008027] Start  layer0: 10 SMs -> 8
[56.009634] End    layer0: 566 -> 1602 + -15099 = -13497 (1970)
[56.009641] 
[56.009646] 
[56.009658] Start  layer1: 30 SMs -> 7
[56.017066] End    layer1: 1147 -> 7403 + -16015 = -8613 (6515)
[56.017101] 
[56.017109] 
[56.017120] Start  layer2: 10 SMs -> 5
[56.025395] End    layer2: 2127 -> 8272 + -16633 = -8362 (7712)
[56.025401] 
[56.025407] 
[56.025415] Start  layer3: 40 SMs -> 16
[56.043985] End    layer3: 1354 -> 18565 + -26099 = -7534 (9124)
[56.043990] 
[56.043997] 
[56.044006] Start  layer4: 30 SMs -> 7
[56.051062] End    layer4: 2294 -> 7052 + -18849 = -11797 (14326)
[56.051068] 
[56.051074] 
[56.051082] Start  layerX: 10 SMs -> 6
[56.051770] End    layerX: 88 -> 682 + -19205 = -18523 (350)
[56.051776] 
[56.051787] Delayed : 9228us
[56.051795] 
[56.051804] Start  layer0: 10 SMs -> 6
[56.054174] End    layer0: 566 -> 2365 + -9639 = -7274 (1970)
[56.054181] 
[56.054186] 
[56.054196] Start  layer1: 30 SMs -> 10
[56.059976] End    layer1: 1147 -> 5774 + -8925 = -3151 (6515)
[56.059983] 
[56.059989] 
[56.060001] Start  layer2: 30 SMs -> 7
[56.068401] End    layer2: 1386 -> 8395 + -9638 = -1243 (7712)
[56.068408] 
[56.068415] 
[56.068427] Start  layer3: 30 SMs -> 6
[56.075399] End    layer3: 1610 -> 6968 + -7513 = -545 (9124)
[56.075404] 
[56.075409] 
[56.075418] Start  layer4: 30 SMs -> 7
[56.084972] End    layer4: 2294 -> 9550 + -2759 = 6790 (14326)
[56.084978] 
[56.084994] 
[56.085003] Start  layerX: 40 SMs -> 14
[56.086392] End    layerX: 52 -> 1385 + -3829 = -2444 (350)
[56.086397] 
[56.086404] Reserved: 6153us
[56.092623] 
[56.092637] Start  layer0: 30 SMs -> 4
[56.093852] End    layer0: 333 -> 1212 + 681 = 1892 (1970)
[56.093857] 
[56.093860] 
[56.093869] Start  layer1: 30 SMs -> 8
[56.101966] End    layer1: 1147 -> 8093 + -917 = 7174 (6515)
[56.101972] 
[56.101977] 
[56.101986] Start  layer2: 30 SMs -> 7
[56.108620] End    layer2: 1386 -> 6630 + 140 = 6770 (7712)
[56.108626] 
[56.108630] 
[56.108639] Start  layer3: 20 SMs -> 8
[56.117644] End    layer3: 1789 -> 8999 + 243 = 9241 (9124)
[56.117651] 
[56.117664] 
[56.117676] Start  layer4: 20 SMs -> 7
[56.126029] End    layer4: 2449 -> 8350 + 6183 = 14532 (14326)
[56.126035] 
[56.126061] 
[56.126070] Start  layerX: 20 SMs -> 7
[56.126674] End    layerX: 66 -> 600 + 5888 = 6489 (350)
[56.126679] 
[56.126696] Reserved: 15861us
[56.142620] 
[56.142636] Start  layer0: 10 SMs -> 6
[56.147046] End    layer0: 566 -> 4409 + -2513 = 1895 (1970)
[56.147052] 
[56.147055] 
[56.147063] Start  layer1: 10 SMs -> 9
[56.158699] End    layer1: 1962 -> 11631 + -7650 = 3980 (6515)
[56.158705] 
[56.158710] 
[56.158719] Start  layer2: 30 SMs -> 7
[56.165766] End    layer2: 1386 -> 7042 + -7004 = 37 (7712)
[56.165771] 
[56.165776] 
[56.165786] Start  layer3: 40 SMs -> 17
[56.186687] End    layer3: 1354 -> 20896 + -18801 = 2095 (9124)
[56.186692] 
[56.186755] 
[56.186768] Start  layer4: 30 SMs -> 8
[56.196229] End    layer4: 2294 -> 9458 + -14017 = -4558 (14326)
[56.196235] 
[56.196248] 
[56.196256] Start  layerX: 10 SMs -> 1
[56.196383] End    layerX: 88 -> 124 + -13821 = -13697 (350)
[56.196387] 
[56.196394] Delayed : 3836us
[56.196399] 
[56.196405] Start  layer0: 10 SMs -> 1
[56.197022] End    layer0: 566 -> 612 + -2488 = -1877 (1970)
[56.197027] 
[56.197030] 
[56.197038] Start  layer1: 20 SMs -> 6
[56.207627] End    layer1: 1276 -> 10585 + -6579 = 4005 (6515)
[56.207633] 
[56.207639] 
[56.207649] Start  layer2: 10 SMs -> 5
[56.213671] End    layer2: 2127 -> 6018 + -4909 = 1108 (7712)
[56.213676] 
[56.213683] 
[56.213692] Start  layer3: 10 SMs -> 4
[56.220331] End    layer3: 2320 -> 6635 + -2445 = 4188 (9124)
[56.220338] 
[56.220368] 
[56.220379] Start  layer4: 30 SMs -> 8
[56.229278] End    layer4: 2294 -> 8896 + 2934 = 11830 (14326)
[56.229283] 
[56.229289] 
[56.229298] Start  layerX: 10 SMs -> 7
[56.231095] End    layerX: 88 -> 1793 + 1468 = 3260 (350)
[56.231101] 
[56.231110] Reserved: 11447us
[56.242622] 
[56.242632] Start  layer0: 10 SMs -> 5
[56.244789] End    layer0: 566 -> 2153 + -255 = 1897 (1970)
[56.244794] 
[56.244798] 
[56.244807] Start  layer1: 40 SMs -> 16
[56.264957] End    layer1: 967 -> 20146 + -13909 = 6236 (6515)
[56.264964] 
[56.264970] 
[56.264979] Start  layer2: 20 SMs -> 7
[56.272685] End    layer2: 1498 -> 7700 + -13922 = -6222 (7712)
[56.272719] 
[56.272727] 
[56.272739] Start  layer3: 10 SMs -> 6
[56.283306] End    layer3: 2320 -> 10562 + -15419 = -4857 (9124)
[56.283313] 
[56.283319] 
[56.283329] Start  layer4: 10 SMs -> 5
[56.292769] End    layer4: 3554 -> 9435 + -10555 = -1120 (14326)
[56.292775] 
[56.292782] 
[56.292793] Start  layerX: 30 SMs -> 3
[56.293324] End    layerX: 64 -> 527 + -10759 = -10233 (350)
[56.293329] 
[56.293341] Delayed : 783us
[56.293348] 
[56.293357] Start  layer0: 20 SMs -> 8
[56.296527] End    layer0: 378 -> 3165 + -1992 = 1172 (1970)
[56.296534] 
[56.296538] 
[56.296548] Start  layer1: 40 SMs -> 17
[56.312408] End    layer1: 967 -> 15856 + -11359 = 4496 (6515)
[56.312413] 
[56.312419] 
[56.312428] Start  layer2: 10 SMs -> 6
[56.322472] End    layer2: 2127 -> 10038 + -13709 = -3671 (7712)
[56.322477] 
[56.322482] 
[56.322491] Start  layer3: 40 SMs -> 14
[56.339126] End    layer3: 1354 -> 16630 + -21240 = -4610 (9124)
[56.339132] 
[56.339136] 
[56.339146] Start  layer4: 40 SMs -> 15
[56.355973] End    layer4: 2126 -> 16823 + -23760 = -6938 (14326)
[56.355979] 
[56.355983] 
[56.355992] Start  layerX: 10 SMs -> 7
[56.357017] End    layerX: 88 -> 1021 + -24454 = -23433 (350)
[56.357023] 
[56.357047] Delayed : 14489us
[56.357056] 
[56.357064] Start  layer0: 10 SMs -> 8
[56.359084] End    layer0: 566 -> 2016 + -14550 = -12535 (1970)
[56.359090] 
[56.359093] 
[56.359102] Start  layer1: 20 SMs -> 8
[56.367009] End    layer1: 1276 -> 7903 + -15961 = -8058 (6515)
[56.367015] 
[56.367022] 
[56.367030] Start  layer2: 20 SMs -> 8
[56.377955] End    layer2: 1498 -> 10919 + -19193 = -8273 (7712)
[56.377961] 
[56.377969] 
[56.377978] Start  layer3: 20 SMs -> 6
[56.385542] End    layer3: 1789 -> 7560 + -17656 = -10096 (9124)
[56.385547] 
[56.385552] 
[56.385562] Start  layer4: 20 SMs -> 5
[56.392719] End    layer4: 2449 -> 7151 + -10504 = -3353 (14326)
[56.392726] 
[56.392746] 
[56.392758] Start  layerX: 20 SMs -> 3
[56.393504] End    layerX: 66 -> 744 + -10941 = -10197 (350)
[56.393509] 
[56.393543] Delayed : 985us
[56.393550] 
[56.393558] Start  layer0: 20 SMs -> 5
[56.395960] End    layer0: 378 -> 2398 + -1426 = 970 (1970)
[56.395965] 
[56.395968] 
[56.395976] Start  layer1: 20 SMs -> 6
[56.405988] End    layer1: 1276 -> 10007 + -4940 = 5067 (6515)
[56.405994] 
[56.405999] 
[56.406009] Start  layer2: 40 SMs -> 18
[56.422487] End    layer2: 1144 -> 16474 + -13725 = 2748 (7712)
[56.422493] 
[56.422498] 
[56.422507] Start  layer3: 30 SMs -> 7
[56.430446] End    layer3: 1610 -> 7935 + -12561 = -4625 (9124)
[56.430452] 
[56.430458] 
[56.430467] Start  layer4: 20 SMs -> 7
[56.442176] End    layer4: 2449 -> 11706 + -9965 = 1741 (14326)
[56.442181] 
[56.442186] 
[56.442194] Start  layerX: 30 SMs -> 5
[56.443100] End    layerX: 64 -> 903 + -10538 = -9635 (350)
[56.443104] 
[56.443114] Delayed : 557us
[56.443120] 
[56.443126] Start  layer0: 40 SMs -> 13
[56.444509] End    layer0: 292 -> 1379 + 23 = 1402 (1970)
[56.444513] 
[56.444516] 
[56.444525] Start  layer1: 20 SMs -> 8
[56.455494] End    layer1: 1276 -> 10964 + -4445 = 6518 (6515)
[56.455499] 
[56.455505] 
[56.455515] Start  layer2: 20 SMs -> 8
[56.464336] End    layer2: 1498 -> 8815 + -5573 = 3241 (7712)
[56.464343] 
[56.464352] 
[56.464362] Start  layer3: 20 SMs -> 9
[56.474467] End    layer3: 1789 -> 10101 + -6581 = 3519 (9124)
[56.474472] 
[56.474479] 
[56.474489] Start  layer4: 10 SMs -> 5
[56.484353] End    layer4: 3554 -> 9860 + -2140 = 7719 (14326)
[56.484359] 
[56.484367] 
[56.484376] Start  layerX: 20 SMs -> 9
[56.485402] End    layerX: 66 -> 1020 + -2837 = -1816 (350)
[56.485409] 
[56.485431] Reserved: 7127us
[56.492624] 
[56.492637] Start  layer0: 20 SMs -> 8
[56.496902] End    layer0: 378 -> 4261 + -2368 = 1892 (1970)
[56.496908] 
[56.496911] 
[56.496920] Start  layer1: 20 SMs -> 10
[56.509890] End    layer1: 1276 -> 12966 + -8841 = 4124 (6515)
[56.509896] 
[56.509906] 
[56.509915] Start  layer2: 20 SMs -> 7
[56.517987] End    layer2: 1498 -> 8066 + -9223 = -1157 (7712)
[56.517994] 
[56.518000] 
[56.518012] Start  layer3: 20 SMs -> 9
[56.525215] End    layer3: 1789 -> 7198 + -7328 = -130 (9124)
[56.525249] 
[56.525257] 
[56.525267] Start  layer4: 20 SMs -> 7
[56.534919] End    layer4: 2449 -> 9652 + -2710 = 6941 (14326)
[56.534922] 
[56.534925] 
[56.534930] Start  layerX: 20 SMs -> 7
[56.536023] End    layerX: 66 -> 1091 + -3463 = -2372 (350)
[56.536026] 
[56.536031] Reserved: 6525us
[56.542616] 
[56.542623] Start  layer0: 10 SMs -> 5
[56.547456] End    layer0: 566 -> 4831 + -2926 = 1905 (1970)
[56.547459] 
[56.547461] 
[56.547466] Start  layer1: 40 SMs -> 12
[56.557625] End    layer1: 967 -> 10154 + -6577 = 3576 (6515)
[56.557631] 
[56.557643] 
[56.557652] Start  layer2: 40 SMs -> 15
[56.568675] End    layer2: 1144 -> 11019 + -9913 = 1105 (7712)
[56.568681] 
[56.568685] 
[56.568694] Start  layer3: 10 SMs -> 6
[56.578119] End    layer3: 2320 -> 9420 + -10233 = -813 (9124)
[56.578124] 
[56.578129] 
[56.578138] Start  layer4: 20 SMs -> 7
[56.588694] End    layer4: 2449 -> 10553 + -6483 = 4069 (14326)
[56.588697] 
[56.588709] 
[56.588716] Start  layerX: 10 SMs -> 4
[56.588968] End    layerX: 88 -> 247 + -6404 = -6157 (350)
[56.588974] 
[56.588981] Reserved: 3576us
[56.592625] 
[56.592640] Start  layer0: 20 SMs -> 4
[56.594093] End    layer0: 378 -> 1451 + 440 = 1890 (1970)
[56.594098] 
[56.594102] 
[56.594112] Start  layer1: 40 SMs -> 11
[56.608122] End    layer1: 967 -> 14004 + -7072 = 6931 (6515)
[56.608130] 
[56.608140] 
[56.608152] Start  layer2: 30 SMs -> 8
[56.615497] End    layer2: 1386 -> 7342 + -6735 = 605 (7712)
[56.615503] 
[56.615527] 
[56.615536] Start  layer3: 30 SMs -> 8
[56.627421] End    layer3: 1610 -> 11881 + -9536 = 2344 (9124)
[56.627427] 
[56.627451] 
[56.627460] Start  layer4: 30 SMs -> 7
[56.636258] End    layer4: 2294 -> 8792 + -4043 = 4748 (14326)
[56.636265] 
[56.636272] 
[56.636283] Start  layerX: 10 SMs -> 6
[56.636709] End    layerX: 88 -> 422 + -4144 = -3723 (350)
[56.636715] 
[56.636732] Reserved: 5825us
[56.642625] 
[56.642639] Start  layer0: 10 SMs -> 1
[56.644003] End    layer0: 566 -> 1361 + 529 = 1890 (1970)
[56.644009] 
[56.644012] 
[56.644020] Start  layer1: 20 SMs -> 3
[56.649943] End    layer1: 1276 -> 5918 + 1105 = 7023 (6515)
[56.649950] 
[56.649959] 
[56.649968] Start  layer2: 40 SMs -> 14
[56.666967] End    layer2: 1144 -> 16994 + -8205 = 8788 (7712)
[56.666972] 
[56.666977] 
[56.666988] Start  layer3: 40 SMs -> 14
[56.682527] End    layer3: 1354 -> 15533 + -14639 = 893 (9124)
[56.682534] 
[56.682541] 
[56.682552] Start  layer4: 40 SMs -> 9
[56.691922] End    layer4: 2126 -> 9366 + -9708 = -342 (14326)
[56.691929] 
[56.691936] 
[56.691948] Start  layerX: 30 SMs -> 1
[56.692087] End    layerX: 64 -> 137 + -9524 = -9387 (350)
[56.692092] 
[56.692100] Reserved: 457us
