[30.328043] layer0:
[30.341773] 	10	342us, 559us
[30.352002] 	20	236us, 388us
[30.361910] 	30	203us, 350us
[30.370762] 	40	185us, 285us
[30.370775] Params: 0.61	0.36	0.45

[30.370780] layer1:
[30.408326] 	10	1114us, 1926us
[30.432785] 	20	793us, 1258us
[30.455484] 	30	690us, 1150us
[30.476290] 	40	680us, 995us
[30.476303] Params: 0.62	0.25	0.40

[30.476308] layer2:
[30.518956] 	10	1327us, 2175us
[30.547552] 	20	980us, 1483us
[30.574516] 	30	927us, 1344us
[30.598036] 	40	791us, 1138us
[30.598049] Params: 0.66	0.33	0.41

[30.598055] layer3:
[30.643757] 	10	1395us, 2361us
[30.674492] 	20	963us, 1720us
[30.704516] 	30	927us, 1665us
[30.730210] 	40	894us, 1289us
[30.730223] Params: 0.60	0.21	0.44

[30.730229] layer4:
[30.799897] 	10	2378us, 3505us
[30.843766] 	20	1564us, 2412us
[30.886313] 	30	1515us, 2322us
[30.925775] 	40	1421us, 2118us
[30.925788] Params: 0.66	0.26	0.27

[30.925794] layerX:
[30.931117] 	10	43us, 92us
[30.936346] 	20	40us, 69us
[30.941421] 	30	40us, 60us
[30.946497] 	40	40us, 56us
[30.946509] Params: 0.61	0.04	0.29

