[55.492923] 
[55.492944] Start  layer0: 40 SMs -> 4
[55.493866] End    layer0: 285 -> 924 + 996 = 1920 (1940)
[55.493869] 
[55.493871] 
[55.493876] Start  layer1: 40 SMs -> 5
[55.507313] End    layer1: 994 -> 13435 + -5683 = 7751 (6767)
[55.507316] 
[55.507319] 
[55.507325] Start  layer2: 20 SMs -> 10
[55.515381] End    layer2: 1483 -> 8054 + -6009 = 2045 (7742)
[55.515384] 
[55.515387] 
[55.515393] Start  layer3: 20 SMs -> 8
[55.524281] End    layer3: 1719 -> 8886 + -6144 = 2740 (8763)
[55.524284] 
[55.524291] 
[55.524296] Start  layer4: 40 SMs -> 13
[55.540910] End    layer4: 2118 -> 16611 + -8368 = 8243 (14406)
[55.540914] 
[55.540918] 
[55.540924] Start  layerX: 20 SMs -> 8
[55.541885] End    layerX: 69 -> 959 + -8962 = -8003 (380)
[55.541888] 
[55.541893] Reserved: 1027us
[55.542977] 
[55.542984] Start  layer0: 40 SMs -> 9
[55.545411] End    layer0: 285 -> 2425 + -548 = 1877 (1940)
[55.545414] 
[55.545416] 
[55.545421] Start  layer1: 40 SMs -> 13
[55.554093] End    layer1: 994 -> 8668 + -2460 = 6207 (6767)
[55.554099] 
[55.554106] 
[55.554114] Start  layer2: 40 SMs -> 13
[55.564857] End    layer2: 1138 -> 10741 + -5485 = 5256 (7742)
[55.564860] 
[55.564863] 
[55.564868] Start  layer3: 40 SMs -> 13
[55.579317] End    layer3: 1288 -> 14442 + -11176 = 3265 (8763)
[55.579322] 
[55.579327] 
[55.579336] Start  layer4: 40 SMs -> 10
[55.592577] End    layer4: 2118 -> 13237 + -10031 = 3205 (14406)
[55.592583] 
[55.592595] 
[55.592603] Start  layerX: 40 SMs -> 5
[55.593010] End    layerX: 55 -> 403 + -10084 = -9681 (380)
[55.593014] 
[55.593022] Delayed : 101us
[55.593028] 
[55.593035] Start  layer0: 20 SMs -> 3
[55.594047] End    layer0: 387 -> 1008 + 819 = 1826 (1940)
[55.594053] 
[55.594056] 
[55.594064] Start  layer1: 30 SMs -> 5
[55.600032] End    layer1: 1150 -> 5965 + 1601 = 7565 (6767)
[55.600036] 
[55.600041] 
[55.600049] Start  layer2: 40 SMs -> 13
[55.610862] End    layer2: 1138 -> 10810 + -1487 = 9322 (7742)
[55.610867] 
[55.610874] 
[55.610882] Start  layer3: 40 SMs -> 13
[55.629758] End    layer3: 1288 -> 18870 + -11617 = 7252 (8763)
[55.629765] 
[55.629772] 
[55.629786] Start  layer4: 20 SMs -> 5
[55.636317] End    layer4: 2412 -> 6527 + -3770 = 2756 (14406)
[55.636323] 
[55.636349] 
[55.636359] Start  layerX: 20 SMs -> 3
[55.636496] End    layerX: 69 -> 134 + -3570 = -3436 (380)
[55.636500] 
[55.636508] Reserved: 6412us
[55.642983] 
[55.642994] Start  layer0: 40 SMs -> 8
[55.645603] End    layer0: 285 -> 2606 + -736 = 1868 (1940)
[55.645609] 
[55.645612] 
[55.645622] Start  layer1: 30 SMs -> 11
[55.652321] End    layer1: 1150 -> 6694 + -686 = 6007 (6767)
[55.652327] 
[55.652335] 
[55.652343] Start  layer2: 30 SMs -> 8
[55.660820] End    layer2: 1343 -> 8471 + -1443 = 7027 (7742)
[55.660826] 
[55.660836] 
[55.660846] Start  layer3: 30 SMs -> 8
[55.667408] End    layer3: 1664 -> 6557 + 733 = 7289 (8763)
[55.667415] 
[55.667427] 
[55.667436] Start  layer4: 30 SMs -> 9
[55.680117] End    layer4: 2322 -> 12677 + 2428 = 15105 (14406)
[55.680123] 
[55.680128] 
[55.680137] Start  layerX: 10 SMs -> 4
[55.680540] End    layerX: 91 -> 399 + 2385 = 2785 (380)
[55.680544] 
[55.680553] Reserved: 12367us
[55.692986] 
[55.693001] Start  layer0: 30 SMs -> 3
[55.694429] End    layer0: 350 -> 1425 + 437 = 1862 (1940)
[55.694435] 
[55.694438] 
[55.694447] Start  layer1: 30 SMs -> 8
[55.703581] End    layer1: 1150 -> 9130 + -1947 = 7182 (6767)
[55.703587] 
[55.703594] 
[55.703605] Start  layer2: 40 SMs -> 15
[55.717073] End    layer2: 1138 -> 13463 + -7696 = 5765 (7742)
[55.717078] 
[55.717097] 
[55.717107] Start  layer3: 40 SMs -> 15
[55.734510] End    layer3: 1288 -> 17399 + -16370 = 1028 (8763)
[55.734516] 
[55.734521] 
[55.734531] Start  layer4: 20 SMs -> 7
[55.742974] End    layer4: 2412 -> 8437 + -10426 = -1989 (14406)
[55.742980] 
[55.742986] 
[55.742998] Start  layerX: 20 SMs -> 7
[55.744723] End    layerX: 69 -> 1719 + -11794 = -10075 (380)
[55.744730] 
[55.744744] Delayed : 1822us
[55.744752] 
[55.744764] Start  layer0: 40 SMs -> 11
[55.748064] End    layer0: 285 -> 3297 + -3197 = 99 (1940)
[55.748070] 
[55.748073] 
[55.748082] Start  layer1: 30 SMs -> 10
[55.757655] End    layer1: 1150 -> 9569 + -6021 = 3547 (6767)
[55.757662] 
[55.757666] 
[55.757675] Start  layer2: 40 SMs -> 15
[55.772343] End    layer2: 1138 -> 14661 + -12965 = 1695 (7742)
[55.772350] 
[55.772357] 
[55.772368] Start  layer3: 30 SMs -> 8
[55.782947] End    layer3: 1664 -> 10575 + -14806 = -4231 (8763)
[55.782952] 
[55.782957] 
[55.782966] Start  layer4: 40 SMs -> 14
[55.799561] End    layer4: 2118 -> 16591 + -17015 = -425 (14406)
[55.799567] 
[55.799576] 
[55.799586] Start  layerX: 10 SMs -> 6
[55.800511] End    layerX: 91 -> 921 + -17585 = -16663 (380)
[55.800515] 
[55.800527] Delayed : 7606us
[55.800533] 
[55.800541] Start  layer0: 30 SMs -> 9
[55.802371] End    layer0: 350 -> 1825 + -7504 = -5679 (1940)
[55.802376] 
[55.802379] 
[55.802388] Start  layer1: 30 SMs -> 10
[55.809456] End    layer1: 1150 -> 7062 + -7820 = -758 (6767)
[55.809463] 
[55.809492] 
[55.809512] Start  layer2: 10 SMs -> 5
[55.816621] End    layer2: 2175 -> 7106 + -7243 = -137 (7742)
[55.816628] 
[55.816635] 
[55.816645] Start  layer3: 40 SMs -> 16
[55.832869] End    layer3: 1288 -> 16220 + -14729 = 1490 (8763)
[55.832874] 
[55.832881] 
[55.832890] Start  layer4: 40 SMs -> 12
[55.850363] End    layer4: 2118 -> 17467 + -17815 = -348 (14406)
[55.850370] 
[55.850380] 
[55.850389] Start  layerX: 40 SMs -> 13
[55.852381] End    layerX: 55 -> 1987 + -19452 = -17466 (380)
[55.852388] 
[55.852430] Delayed : 9508us
[55.852439] 
[55.852452] Start  layer0: 10 SMs -> 8
[55.856003] End    layer0: 558 -> 3549 + -11136 = -7588 (1940)
[55.856009] 
[55.856012] 
[55.856024] Start  layer1: 10 SMs -> 9
[55.866164] End    layer1: 1925 -> 10136 + -14530 = -4394 (6767)
[55.866170] 
[55.866176] 
[55.866185] Start  layer2: 40 SMs -> 14
[55.880394] End    layer2: 1138 -> 14205 + -21018 = -6813 (7742)
[55.880400] 
[55.880416] 
[55.880425] Start  layer3: 10 SMs -> 7
[55.892884] End    layer3: 2360 -> 12455 + -24744 = -12289 (8763)
[55.892890] 
[55.892898] 
[55.892906] Start  layer4: 40 SMs -> 8
[55.904759] End    layer4: 2118 -> 11847 + -22212 = -10365 (14406)
[55.904766] 
[55.904784] 
[55.904795] Start  layerX: 10 SMs -> 8
[55.906395] End    layerX: 91 -> 1596 + -23468 = -21872 (380)
[55.906400] 
[55.906413] Delayed : 13491us
[55.906420] 
[55.906428] Start  layer0: 30 SMs -> 10
[55.907403] End    layer0: 350 -> 970 + -12536 = -11566 (1940)
[55.907408] 
[55.907411] 
[55.907420] Start  layer1: 30 SMs -> 10
[55.916965] End    layer1: 1150 -> 9541 + -15331 = -5790 (6767)
[55.916971] 
[55.916976] 
[55.916984] Start  layer2: 40 SMs -> 15
[55.934069] End    layer2: 1138 -> 17078 + -24690 = -7613 (7742)
[55.934076] 
[55.934104] 
[55.934117] Start  layer3: 30 SMs -> 9
[55.943836] End    layer3: 1664 -> 9713 + -25693 = -15980 (8763)
[55.943842] 
[55.943848] 
[55.943860] Start  layer4: 30 SMs -> 8
[55.953637] End    layer4: 2322 -> 9771 + -21089 = -11318 (14406)
[55.953642] 
[55.953647] 
[55.953656] Start  layerX: 10 SMs -> 6
[55.954444] End    layerX: 91 -> 782 + -21515 = -20734 (380)
[55.954450] 
[55.954472] Delayed : 11550us
[55.954480] 
[55.954491] Start  layer0: 30 SMs -> 6
[55.955557] End    layer0: 350 -> 1063 + -10690 = -9627 (1940)
[55.955562] 
[55.955566] 
[55.955574] Start  layer1: 30 SMs -> 7
[55.961236] End    layer1: 1150 -> 5657 + -9602 = -3945 (6767)
[55.961242] 
[55.961259] 
[55.961269] Start  layer2: 30 SMs -> 7
[55.968924] End    layer2: 1343 -> 7648 + -9546 = -1898 (7742)
[55.968931] 
[55.968938] 
[55.968950] Start  layer3: 30 SMs -> 7
[55.977733] End    layer3: 1664 -> 8779 + -9593 = -814 (8763)
[55.977738] 
[55.977744] 
[55.977752] Start  layer4: 10 SMs -> 4
[55.986700] End    layer4: 3505 -> 8943 + -4154 = 4788 (14406)
[55.986706] 
[55.986723] 
[55.986732] Start  layerX: 10 SMs -> 4
[55.987422] End    layerX: 91 -> 686 + -4495 = -3809 (380)
[55.987427] 
[55.987442] Reserved: 5479us
[55.992987] 
[55.993002] Start  layer0: 40 SMs -> 17
[56.000905] End    layer0: 285 -> 7899 + -6037 = 1861 (1940)
[56.000913] 
[56.000918] 
[56.000928] Start  layer1: 10 SMs -> 8
[56.010084] End    layer1: 1925 -> 9150 + -8448 = 701 (6767)
[56.010121] 
[56.010131] 
[56.010141] Start  layer2: 20 SMs -> 7
[56.018642] End    layer2: 1483 -> 8497 + -9266 = -769 (7742)
[56.018648] 
[56.018652] 
[56.018660] Start  layer3: 20 SMs -> 7
[56.028171] End    layer3: 1719 -> 9506 + -10031 = -525 (8763)
[56.028177] 
[56.028193] 
[56.028202] Start  layer4: 10 SMs -> 5
[56.036058] End    layer4: 3505 -> 7851 + -3511 = 4339 (14406)
[56.036064] 
[56.036070] 
[56.036078] Start  layerX: 20 SMs -> 5
[56.037065] End    layerX: 69 -> 983 + -4139 = -3155 (380)
[56.037071] 
[56.037090] Reserved: 5831us
[56.042983] 
[56.042997] Start  layer0: 30 SMs -> 5
[56.043969] End    layer0: 350 -> 968 + 898 = 1865 (1940)
[56.043975] 
[56.043978] 
[56.043986] Start  layer1: 40 SMs -> 15
[56.055977] End    layer1: 994 -> 11987 + -4343 = 7643 (6767)
[56.055983] 
[56.055989] 
[56.055998] Start  layer2: 40 SMs -> 11
[56.073324] End    layer2: 1138 -> 17319 + -13946 = 3372 (7742)
[56.073331] 
[56.073349] 
[56.073361] Start  layer3: 20 SMs -> 8
[56.085025] End    layer3: 1719 -> 11659 + -16882 = -5224 (8763)
[56.085032] 
[56.085039] 
[56.085051] Start  layer4: 40 SMs -> 16
[56.102586] End    layer4: 2118 -> 17531 + -20040 = -2508 (14406)
[56.102591] 
[56.102599] 
[56.102609] Start  layerX: 20 SMs -> 9
[56.103574] End    layerX: 69 -> 962 + -20647 = -19686 (380)
[56.103580] 
[56.103604] Delayed : 10683us
[56.103611] 
[56.103618] Start  layer0: 30 SMs -> 7
[56.104920] End    layer0: 350 -> 1298 + -10054 = -8756 (1940)
[56.104926] 
[56.104929] 
[56.104938] Start  layer1: 40 SMs -> 15
[56.112793] End    layer1: 994 -> 7851 + -11159 = -3308 (6767)
[56.112799] 
[56.112804] 
[56.112813] Start  layer2: 40 SMs -> 14
[56.126211] End    layer2: 1138 -> 13392 + -16833 = -3441 (7742)
[56.126218] 
[56.126225] 
[56.126236] Start  layer3: 20 SMs -> 9
[56.135729] End    layer3: 1719 -> 9487 + -17587 = -8100 (8763)
[56.135736] 
[56.135743] 
[56.135754] Start  layer4: 40 SMs -> 15
[56.156342] End    layer4: 2118 -> 20584 + -23796 = -3212 (14406)
[56.156347] 
[56.156352] 
[56.156361] Start  layerX: 10 SMs -> 6
[56.157129] End    layerX: 91 -> 764 + -24203 = -23439 (380)
[56.157134] 
[56.157197] Delayed : 14275us
[56.157203] 
[56.157210] Start  layer0: 10 SMs -> 8
[56.159362] End    layer0: 558 -> 2147 + -14495 = -12348 (1940)
[56.159367] 
[56.159371] 
[56.159380] Start  layer1: 30 SMs -> 6
[56.164108] End    layer1: 1150 -> 4722 + -12472 = -7751 (6767)
[56.164115] 
[56.164130] 
[56.164140] Start  layer2: 30 SMs -> 7
[56.171925] End    layer2: 1343 -> 7778 + -12547 = -4768 (7742)
[56.171932] 
[56.171941] 
[56.171950] Start  layer3: 30 SMs -> 8
[56.179436] End    layer3: 1664 -> 7483 + -11297 = -3815 (8763)
[56.179441] 
[56.179446] 
[56.179452] Start  layer4: 30 SMs -> 8
[56.190645] End    layer4: 2322 -> 11187 + -8099 = 3088 (14406)
[56.190651] 
[56.190658] 
[56.190667] Start  layerX: 10 SMs -> 4
[56.191164] End    layerX: 91 -> 491 + -8236 = -7744 (380)
[56.191169] 
[56.191179] Reserved: 1742us
[56.192987] 
[56.193002] Start  layer0: 40 SMs -> 12
[56.197992] End    layer0: 285 -> 4988 + -3125 = 1861 (1940)
[56.197998] 
[56.198002] 
[56.198014] Start  layer1: 20 SMs -> 9
[56.205054] End    layer1: 1257 -> 7036 + -3420 = 3615 (6767)
[56.205059] 
[56.205065] 
[56.205073] Start  layer2: 30 SMs -> 9
[56.214171] End    layer2: 1343 -> 9094 + -4795 = 4298 (7742)
[56.214177] 
[56.214182] 
[56.214192] Start  layer3: 20 SMs -> 9
[56.221364] End    layer3: 1719 -> 7166 + -3222 = 3943 (8763)
[56.221371] 
[56.221382] 
[56.221393] Start  layer4: 20 SMs -> 9
[56.232040] End    layer4: 2412 -> 10642 + 505 = 11147 (14406)
[56.232045] 
[56.232051] 
[56.232060] Start  layerX: 30 SMs -> 8
[56.233170] End    layerX: 60 -> 1104 + -241 = 862 (380)
[56.233176] 
[56.233197] Reserved: 9723us
[56.242987] 
[56.243001] Start  layer0: 30 SMs -> 6
[56.244179] End    layer0: 350 -> 1175 + 687 = 1862 (1940)
[56.244184] 
[56.244188] 
[56.244196] Start  layer1: 20 SMs -> 5
[56.250492] End    layer1: 1257 -> 6291 + 1141 = 7432 (6767)
[56.250498] 
[56.250513] 
[56.250523] Start  layer2: 20 SMs -> 6
[56.258399] End    layer2: 1483 -> 7870 + 978 = 8848 (7742)
[56.258434] 
[56.258444] 
[56.258456] Start  layer3: 30 SMs -> 10
[56.265593] End    layer3: 1664 -> 7132 + 2548 = 9680 (8763)
[56.265600] 
[56.265612] 
[56.265624] Start  layer4: 30 SMs -> 6
[56.272229] End    layer4: 2322 -> 6602 + 10316 = 16918 (14406)
[56.272235] 
[56.272240] 
[56.272248] Start  layerX: 10 SMs -> 5
[56.273160] End    layerX: 91 -> 903 + 9772 = 10674 (380)
[56.273170] 
[56.273195] Reserved: 19726us
[56.292981] 
[56.292989] Start  layer0: 30 SMs -> 4
[56.293546] End    layer0: 350 -> 551 + 1321 = 1873 (1940)
[56.293553] 
[56.293558] 
[56.293570] Start  layer1: 40 SMs -> 12
[56.310607] End    layer1: 994 -> 17034 + -8973 = 8060 (6767)
[56.310612] 
[56.310618] 
[56.310627] Start  layer2: 30 SMs -> 6
[56.318986] End    layer2: 1343 -> 8356 + -9610 = -1255 (7742)
[56.318992] 
[56.318999] 
[56.319009] Start  layer3: 20 SMs -> 8
[56.329404] End    layer3: 1719 -> 10390 + -11264 = -873 (8763)
[56.329410] 
[56.329416] 
[56.329424] Start  layer4: 20 SMs -> 6
[56.338954] End    layer4: 2412 -> 9523 + -6406 = 3116 (14406)
[56.338961] 
[56.338981] 
[56.338992] Start  layerX: 40 SMs -> 14
[56.340776] End    layerX: 55 -> 1779 + -7847 = -6069 (380)
[56.340783] 
[56.340797] Reserved: 2124us
[56.342987] 
[56.343001] Start  layer0: 20 SMs -> 4
[56.344383] End    layer0: 387 -> 1377 + 485 = 1862 (1940)
[56.344389] 
[56.344394] 
[56.344405] Start  layer1: 20 SMs -> 7
[56.353197] End    layer1: 1257 -> 8789 + -1563 = 7225 (6767)
[56.353203] 
[56.353219] 
[56.353227] Start  layer2: 40 SMs -> 15
[56.371601] End    layer2: 1138 -> 18368 + -12223 = 6143 (7742)
[56.371608] 
[56.371618] 
[56.371639] Start  layer3: 20 SMs -> 7
[56.379001] End    layer3: 1719 -> 7359 + -10861 = -3502 (8763)
[56.379007] 
[56.379020] 
[56.379030] Start  layer4: 30 SMs -> 6
[56.386405] End    layer4: 2322 -> 7371 + -3859 = 3511 (14406)
[56.386410] 
[56.386423] 
[56.386434] Start  layerX: 30 SMs -> 6
[56.387619] End    layerX: 60 -> 1182 + -4692 = -3510 (380)
[56.387624] 
[56.387644] Reserved: 5277us
[56.392988] 
[56.393002] Start  layer0: 10 SMs -> 6
[56.397398] End    layer0: 558 -> 4393 + -2531 = 1861 (1940)
[56.397403] 
[56.397406] 
[56.397415] Start  layer1: 40 SMs -> 12
[56.412797] End    layer1: 994 -> 15378 + -11163 = 4214 (6767)
[56.412803] 
[56.412809] 
[56.412818] Start  layer2: 40 SMs -> 13
[56.430962] End    layer2: 1138 -> 18139 + -21586 = -3447 (7742)
[56.430968] 
[56.430973] 
[56.430982] Start  layer3: 10 SMs -> 8
[56.441012] End    layer3: 2360 -> 10025 + -22872 = -12847 (8763)
[56.441017] 
[56.441024] 
[56.441033] Start  layer4: 40 SMs -> 12
[56.460755] End    layer4: 2118 -> 19717 + -28209 = -8492 (14406)
[56.460761] 
[56.460770] 
[56.460779] Start  layerX: 10 SMs -> 7
[56.461781] End    layerX: 91 -> 997 + -28854 = -27857 (380)
[56.461787] 
[56.461800] Delayed : 18878us
[56.461808] 
[56.461817] Start  layer0: 20 SMs -> 8
[56.463225] End    layer0: 387 -> 1403 + -18358 = -16955 (1940)
[56.463231] 
[56.463234] 
[56.463243] Start  layer1: 20 SMs -> 9
[56.473566] End    layer1: 1257 -> 10317 + -21930 = -11613 (6767)
[56.473574] 
[56.473579] 
[56.473592] Start  layer2: 20 SMs -> 8
[56.485223] End    layer2: 1483 -> 11626 + -25845 = -14219 (7742)
[56.485230] 
[56.485237] 
[56.485248] Start  layer3: 40 SMs -> 13
[56.508066] End    layer3: 1288 -> 22814 + -39925 = -17111 (8763)
[56.508072] 
[56.508080] 
[56.508092] Start  layer4: 30 SMs -> 7
[56.514404] End    layer4: 2322 -> 6308 + -31858 = -25550 (14406)
[56.514410] 
[56.514415] 
[56.514424] Start  layerX: 20 SMs -> 8
[56.515185] End    layerX: 69 -> 757 + -32258 = -31501 (380)
[56.515190] 
[56.515200] Delayed : 22279us
[56.515207] 
[56.515215] Start  layer0: 30 SMs -> 7
[56.516676] End    layer0: 350 -> 1455 + -21807 = -20353 (1940)
[56.516683] 
[56.516688] 
[56.516699] Start  layer1: 30 SMs -> 6
[56.524256] End    layer1: 1150 -> 7556 + -22624 = -15068 (6767)
[56.524259] 
[56.524269] 
[56.524276] Start  layer2: 30 SMs -> 8
[56.537002] End    layer2: 1343 -> 12722 + -27628 = -14905 (7742)
[56.537005] 
[56.537009] 
[56.537015] Start  layer3: 40 SMs -> 12
[56.551840] End    layer3: 1288 -> 14823 + -33703 = -18880 (8763)
[56.551856] 
[56.551858] 
[56.551863] Start  layer4: 20 SMs -> 8
[56.560085] End    layer4: 2412 -> 8214 + -27537 = -19323 (14406)
[56.560092] 
[56.560100] 
[56.560111] Start  layerX: 10 SMs -> 6
[56.561362] End    layerX: 91 -> 1247 + -28435 = -27188 (380)
[56.561368] 
[56.561397] Delayed : 18476us
[56.561403] 
[56.561412] Start  layer0: 10 SMs -> 4
[56.563664] End    layer0: 558 -> 2247 + -18796 = -16549 (1940)
[56.563669] 
[56.563672] 
[56.563681] Start  layer1: 10 SMs -> 6
[56.573314] End    layer1: 1925 -> 9629 + -21680 = -12051 (6767)
[56.573320] 
[56.573326] 
[56.573335] Start  layer2: 20 SMs -> 6
[56.583126] End    layer2: 1483 -> 9787 + -23750 = -13963 (7742)
[56.583132] 
[56.583138] 
[56.583148] Start  layer3: 40 SMs -> 13
[56.596767] End    layer3: 1288 -> 13615 + -28627 = -15012 (8763)
[56.596773] 
[56.596786] 
[56.596795] Start  layer4: 20 SMs -> 5
[56.602250] End    layer4: 2412 -> 5452 + -19705 = -14253 (14406)
[56.602255] 
[56.602261] 
[56.602268] Start  layerX: 20 SMs -> 5
[56.602783] End    layerX: 69 -> 510 + -19856 = -19346 (380)
[56.602789] 
[56.602821] Delayed : 9900us
[56.602829] 
[56.602837] Start  layer0: 40 SMs -> 13
[56.605074] End    layer0: 285 -> 2233 + -10207 = -7975 (1940)
[56.605079] 
[56.605082] 
[56.605089] Start  layer1: 40 SMs -> 13
[56.617738] End    layer1: 994 -> 12642 + -16102 = -3460 (6767)
[56.617744] 
[56.617753] 
[56.617765] Start  layer2: 40 SMs -> 13
[56.631412] End    layer2: 1138 -> 13644 + -22036 = -8392 (7742)
[56.631418] 
[56.631426] 
[56.631437] Start  layer3: 20 SMs -> 6
[56.638034] End    layer3: 1719 -> 6591 + -19892 = -13301 (8763)
[56.638041] 
[56.638048] 
[56.638059] Start  layer4: 40 SMs -> 8
[56.652248] End    layer4: 2118 -> 14185 + -19702 = -5517 (14406)
[56.652254] 
[56.652261] 
[56.652270] Start  layerX: 40 SMs -> 13
[56.653129] End    layerX: 55 -> 856 + -20203 = -19347 (380)
[56.653134] 
[56.653163] Delayed : 10241us
[56.653169] 
[56.653176] Start  layer0: 10 SMs -> 6
[56.655957] End    layer0: 558 -> 2776 + -11090 = -8314 (1940)
[56.655962] 
[56.655965] 
[56.655973] Start  layer1: 40 SMs -> 15
[56.668651] End    layer1: 994 -> 12671 + -17015 = -4344 (6767)
[56.668658] 
[56.668665] 
[56.668676] Start  layer2: 10 SMs -> 5
[56.676764] End    layer2: 2175 -> 8084 + -17388 = -9303 (7742)
[56.676769] 
[56.676776] 
[56.676784] Start  layer3: 10 SMs -> 3
[56.683877] End    layer3: 2360 -> 7088 + -15737 = -8648 (8763)
[56.683882] 
[56.683888] 
[56.683897] Start  layer4: 20 SMs -> 5
[56.689091] End    layer4: 2412 -> 5190 + -6545 = -1355 (14406)
[56.689097] 
[56.689104] 
[56.689113] Start  layerX: 40 SMs -> 9
[56.689384] End    layerX: 55 -> 266 + -6456 = -6190 (380)
[56.689391] 
[56.689413] Reserved: 3508us
[56.692986] 
[56.693000] Start  layer0: 20 SMs -> 2
[56.693901] End    layer0: 387 -> 898 + 965 = 1863 (1940)
[56.693906] 
[56.693909] 
[56.693917] Start  layer1: 20 SMs -> 4
[56.701401] End    layer1: 1257 -> 7479 + 232 = 7711 (6767)
[56.701406] 
[56.701412] 
[56.701421] Start  layer2: 10 SMs -> 5
[56.707566] End    layer2: 2175 -> 6140 + 1810 = 7950 (7742)
[56.707572] 
[56.707578] 
[56.707586] Start  layer3: 10 SMs -> 4
[56.714054] End    layer3: 2360 -> 6461 + 4087 = 10548 (8763)
[56.714061] 
[56.714067] 
[56.714075] Start  layer4: 40 SMs -> 13
[56.729897] End    layer4: 2118 -> 15816 + 2650 = 18466 (14406)
[56.729904] 
[56.729943] 
[56.729955] Start  layerX: 10 SMs -> 5
[56.731170] End    layerX: 91 -> 1212 + 1756 = 2968 (380)
[56.731176] 
[56.731194] Reserved: 11726us
[56.742986] 
[56.743003] Start  layer0: 40 SMs -> 1
[56.743611] End    layer0: 285 -> 605 + 1255 = 1860 (1940)
[56.743615] 
[56.743619] 
[56.743627] Start  layer1: 40 SMs -> 3
[56.748314] End    layer1: 994 -> 4681 + 3321 = 8002 (6767)
[56.748321] 
[56.748330] 
[56.748342] Start  layer2: 40 SMs -> 9
[56.755892] End    layer2: 1138 -> 7547 + 3483 = 11029 (7742)
[56.755898] 
[56.755903] 
[56.755912] Start  layer3: 30 SMs -> 8
[56.764136] End    layer3: 1664 -> 8220 + 4003 = 12223 (8763)
[56.764141] 
[56.764154] 
[56.764162] Start  layer4: 20 SMs -> 8
[56.772953] End    layer4: 2412 -> 8785 + 9594 = 18378 (14406)
[56.772960] 
[56.772967] 
[56.772978] Start  layerX: 20 SMs -> 6
[56.774126] End    layerX: 69 -> 1145 + 8800 = 9945 (380)
[56.774132] 
[56.774143] Reserved: 18778us
[56.792984] 
[56.792998] Start  layer0: 20 SMs -> 1
[56.793574] End    layer0: 387 -> 574 + 1291 = 1865 (1940)
[56.793579] 
[56.793583] 
[56.793591] Start  layer1: 30 SMs -> 4
[56.798263] End    layer1: 1150 -> 4668 + 3370 = 8038 (6767)
[56.798269] 
[56.798276] 
[56.798284] Start  layer2: 30 SMs -> 8
[56.804218] End    layer2: 1343 -> 5929 + 5157 = 11086 (7742)
[56.804223] 
[56.804231] 
[56.804240] Start  layer3: 30 SMs -> 7
[56.812010] End    layer3: 1664 -> 7765 + 6130 = 13894 (8763)
[56.812017] 
[56.812023] 
[56.812034] Start  layer4: 40 SMs -> 11
[56.827204] End    layer4: 2118 -> 15167 + 5341 = 20508 (14406)
[56.827209] 
[56.827214] 
[56.827222] Start  layerX: 30 SMs -> 5
[56.827633] End    layerX: 60 -> 406 + 5293 = 5699 (380)
[56.827639] 
[56.827671] Reserved: 15250us
[56.842984] 
[56.843001] Start  layer0: 40 SMs -> 1
[56.843488] End    layer0: 285 -> 487 + 1378 = 1865 (1940)
[56.843494] 
[56.843497] 
[56.843505] Start  layer1: 40 SMs -> 3
[56.847625] End    layer1: 994 -> 4113 + 4010 = 8123 (6767)
[56.847632] 
[56.847644] 
[56.847656] Start  layer2: 40 SMs -> 9
[56.857394] End    layer2: 1138 -> 9735 + 1981 = 11716 (7742)
[56.857400] 
[56.857406] 
[56.857415] Start  layer3: 40 SMs -> 11
[56.873471] End    layer3: 1288 -> 16052 + -5331 = 10720 (8763)
[56.873477] 
[56.873483] 
[56.873491] Start  layer4: 30 SMs -> 5
[56.877812] End    layer4: 2322 -> 4314 + 4735 = 9049 (14406)
[56.877818] 
[56.877826] 
[56.877835] Start  layerX: 40 SMs -> 8
[56.878224] End    layerX: 55 -> 385 + 4702 = 5087 (380)
[56.878229] 
[56.878238] Reserved: 14682us
