[51.081752] layer0:
[51.095340] 	10	344us, 548us
[51.105754] 	20	237us, 391us
[51.115056] 	30	203us, 334us
[51.123782] 	40	185us, 287us
[51.123795] Params: 0.62	0.36	0.41

[51.123799] layer1:
[51.161621] 	10	1115us, 1984us
[51.186539] 	20	795us, 1291us
[51.209165] 	30	693us, 1151us
[51.229980] 	40	679us, 986us
[51.229993] Params: 0.62	0.25	0.43

[51.229999] layer2:
[51.272643] 	10	1329us, 2179us
[51.301732] 	20	985us, 1513us
[51.329487] 	30	931us, 1408us
[51.352848] 	40	795us, 1132us
[51.352861] Params: 0.66	0.33	0.44

[51.352867] layer3:
[51.400012] 	10	1403us, 2471us
[51.430960] 	20	969us, 1727us
[51.461551] 	30	928us, 1714us
[51.488449] 	40	899us, 1373us
[51.488463] Params: 0.58	0.21	0.40

[51.488470] layer4:
[51.559070] 	10	2389us, 3585us
[51.603570] 	20	1575us, 2496us
[51.647154] 	30	1521us, 2403us
[51.686908] 	40	1420us, 2161us
[51.686921] Params: 0.65	0.27	0.28

[51.686926] layerX:
[51.692106] 	10	44us, 72us
[51.697462] 	20	41us, 71us
[51.702670] 	30	40us, 68us
[51.707774] 	40	40us, 52us
[51.707786] Params: 0.63	0.04	0.34

