[55.494524] 
[55.494541] Start  layer0: 20 SMs -> 6
[55.495991] End    layer0: 391 -> 1449 + 449 = 1899 (1915)
[55.495993] 
[55.495995] 
[55.495999] Start  layer1: 20 SMs -> 7
[55.508871] End    layer1: 1290 -> 12869 + -5848 = 7021 (6581)
[55.508874] 
[55.508908] 
[55.508914] Start  layer2: 40 SMs -> 14
[55.516953] End    layer2: 1131 -> 8038 + -6373 = 1663 (7556)
[55.516956] 
[55.516970] 
[55.516974] Start  layer3: 40 SMs -> 12
[55.531560] End    layer3: 1373 -> 14582 + -11811 = 2770 (9167)
[55.531563] 
[55.531572] 
[55.531579] Start  layer4: 20 SMs -> 8
[55.545563] End    layer4: 2496 -> 13979 + -11382 = 2596 (14429)
[55.545569] 
[55.545575] 
[55.545584] Start  layerX: 40 SMs -> 15
[55.547047] End    layerX: 52 -> 1459 + -12519 = -11060 (348)
[55.547053] 
[55.547064] Delayed : 2540us
[55.547070] 
[55.547078] Start  layer0: 30 SMs -> 4
[55.548356] End    layer0: 333 -> 1272 + -1910 = -638 (1915)
[55.548363] 
[55.548368] 
[55.548379] Start  layer1: 30 SMs -> 6
[55.554343] End    layer1: 1150 -> 5960 + -1316 = 4644 (6581)
[55.554349] 
[55.554356] 
[55.554367] Start  layer2: 30 SMs -> 6
[55.561720] End    layer2: 1408 -> 7350 + -1137 = 6212 (7556)
[55.561725] 
[55.561731] 
[55.561738] Start  layer3: 20 SMs -> 7
[55.569645] End    layer3: 1726 -> 7901 + 106 = 8007 (9167)
[55.569651] 
[55.569657] 
[55.569666] Start  layer4: 40 SMs -> 13
[55.584914] End    layer4: 2161 -> 15245 + -734 = 14510 (14429)
[55.584919] 
[55.584924] 
[55.584931] Start  layerX: 30 SMs -> 8
[55.585624] End    layerX: 68 -> 688 + -1095 = -407 (348)
[55.585630] 
[55.585642] Reserved: 8881us
[55.594591] 
[55.594606] Start  layer0: 10 SMs -> 6
[55.597375] End    layer0: 548 -> 2769 + -933 = 1835 (1915)
[55.597380] 
[55.597382] 
[55.597388] Start  layer1: 10 SMs -> 6
[55.602741] End    layer1: 1984 -> 5346 + 287 = 5632 (6581)
[55.602747] 
[55.602755] 
[55.602764] Start  layer2: 40 SMs -> 14
[55.624134] End    layer2: 1131 -> 21365 + -13550 = 7814 (7556)
[55.624139] 
[55.624143] 
[55.624152] Start  layer3: 40 SMs -> 16
[55.639618] End    layer3: 1373 -> 15461 + -19866 = -4406 (9167)
[55.639624] 
[55.639630] 
[55.639639] Start  layer4: 40 SMs -> 14
[55.652489] End    layer4: 2161 -> 12845 + -18307 = -5462 (14429)
[55.652494] 
[55.652509] 
[55.652517] Start  layerX: 20 SMs -> 9
[55.653151] End    layerX: 71 -> 628 + -18621 = -17993 (348)
[55.653157] 
[55.653185] Delayed : 8661us
[55.653194] 
[55.653204] Start  layer0: 40 SMs -> 12
[55.656323] End    layer0: 286 -> 3116 + -9878 = -6762 (1915)
[55.656329] 
[55.656332] 
[55.656341] Start  layer1: 30 SMs -> 7
[55.662967] End    layer1: 1150 -> 6621 + -9939 = -3318 (6581)
[55.662974] 
[55.662988] 
[55.662997] Start  layer2: 10 SMs -> 6
[55.672842] End    layer2: 2178 -> 9839 + -12256 = -2417 (7556)
[55.672849] 
[55.672856] 
[55.672866] Start  layer3: 40 SMs -> 15
[55.689766] End    layer3: 1373 -> 16897 + -20016 = -3119 (9167)
[55.689770] 
[55.689775] 
[55.689782] Start  layer4: 30 SMs -> 5
[55.693379] End    layer4: 2403 -> 3593 + -9200 = -5606 (14429)
[55.693383] 
[55.693388] 
[55.693395] Start  layerX: 40 SMs -> 7
[55.693936] End    layerX: 52 -> 537 + -9408 = -8871 (348)
[55.693941] 
[55.693950] Reserved: 574us
[55.694586] 
[55.694600] Start  layer0: 10 SMs -> 9
[55.696971] End    layer0: 548 -> 2368 + -526 = 1841 (1915)
[55.696977] 
[55.696980] 
[55.696989] Start  layer1: 10 SMs -> 9
[55.703420] End    layer1: 1984 -> 6427 + -393 = 6033 (6581)
[55.703426] 
[55.703431] 
[55.703439] Start  layer2: 30 SMs -> 10
[55.710093] End    layer2: 1408 -> 6650 + 490 = 7140 (7556)
[55.710099] 
[55.710137] 
[55.710149] Start  layer3: 20 SMs -> 8
[55.718222] End    layer3: 1726 -> 8069 + 1528 = 9597 (9167)
[55.718227] 
[55.718248] 
[55.718257] Start  layer4: 20 SMs -> 7
[55.730173] End    layer4: 2496 -> 11911 + 4007 = 15918 (14429)
[55.730179] 
[55.730188] 
[55.730197] Start  layerX: 10 SMs -> 6
[55.730697] End    layerX: 71 -> 495 + 3831 = 4326 (348)
[55.730704] 
[55.730717] Reserved: 13807us
[55.744591] 
[55.744606] Start  layer0: 30 SMs -> 6
[55.747651] End    layer0: 333 -> 3041 + -1205 = 1835 (1915)
[55.747656] 
[55.747660] 
[55.747694] Start  layer1: 20 SMs -> 7
[55.756351] End    layer1: 1290 -> 8653 + -3324 = 5327 (6581)
[55.756357] 
[55.756362] 
[55.756371] Start  layer2: 40 SMs -> 14
[55.769191] End    layer2: 1131 -> 12815 + -8607 = 4208 (7556)
[55.769196] 
[55.769201] 
[55.769210] Start  layer3: 30 SMs -> 10
[55.779474] End    layer3: 1714 -> 10262 + -9726 = 535 (9167)
[55.779477] 
[55.779512] 
[55.779516] Start  layer4: 40 SMs -> 12
[55.793249] End    layer4: 2161 -> 13731 + -9072 = 4658 (14429)
[55.793252] 
[55.793262] 
[55.793272] Start  layerX: 10 SMs -> 5
[55.794280] End    layerX: 71 -> 1006 + -9755 = -8749 (348)
[55.794283] 
[55.794288] Reserved: 234us
[55.794587] 
[55.794601] Start  layer0: 20 SMs -> 8
[55.796519] End    layer0: 391 -> 1915 + -74 = 1840 (1915)
[55.796524] 
[55.796528] 
[55.796537] Start  layer1: 20 SMs -> 10
[55.804798] End    layer1: 1290 -> 8257 + -1771 = 6485 (6581)
[55.804804] 
[55.804834] 
[55.804843] Start  layer2: 20 SMs -> 5
[55.812848] End    layer2: 1512 -> 8001 + -2265 = 5735 (7556)
[55.812854] 
[55.812875] 
[55.812883] Start  layer3: 10 SMs -> 6
[55.819755] End    layer3: 2470 -> 6867 + -4 = 6862 (9167)
[55.819761] 
[55.819767] 
[55.819775] Start  layer4: 40 SMs -> 17
[55.839931] End    layer4: 2161 -> 20155 + -5754 = 14400 (14429)
[55.839934] 
[55.839937] 
[55.839942] Start  layerX: 40 SMs -> 11
[55.841454] End    layerX: 52 -> 1510 + -6929 = -5419 (348)
[55.841457] 
[55.841462] Reserved: 3060us
[55.844585] 
[55.844599] Start  layer0: 20 SMs -> 9
[55.847431] End    layer0: 391 -> 2828 + -986 = 1841 (1915)
[55.847436] 
[55.847439] 
[55.847448] Start  layer1: 10 SMs -> 9
[55.860356] End    layer1: 1984 -> 12901 + -7327 = 5573 (6581)
[55.860363] 
[55.860370] 
[55.860382] Start  layer2: 30 SMs -> 4
[55.866641] End    layer2: 1408 -> 6254 + -6055 = 198 (7556)
[55.866648] 
[55.866655] 
[55.866666] Start  layer3: 20 SMs -> 8
[55.874964] End    layer3: 1726 -> 8295 + -5213 = 3080 (9167)
[55.874970] 
[55.874975] 
[55.874983] Start  layer4: 40 SMs -> 11
[55.892351] End    layer4: 2161 -> 17364 + -8170 = 9193 (14429)
[55.892357] 
[55.892364] 
[55.892373] Start  layerX: 20 SMs -> 5
[55.893963] End    layerX: 71 -> 1586 + -9434 = -7849 (348)
[55.893968] 
[55.893976] Reserved: 547us
[55.894586] 
[55.894597] Start  layer0: 30 SMs -> 8
[55.896244] End    layer0: 333 -> 1644 + 200 = 1844 (1915)
[55.896249] 
[55.896253] 
[55.896262] Start  layer1: 20 SMs -> 10
[55.904271] End    layer1: 1290 -> 8005 + -1244 = 6760 (6581)
[55.904276] 
[55.904286] 
[55.904295] Start  layer2: 30 SMs -> 11
[55.915421] End    layer2: 1408 -> 11122 + -4837 = 6284 (7556)
[55.915426] 
[55.915440] 
[55.915448] Start  layer3: 10 SMs -> 5
[55.921972] End    layer3: 2470 -> 6520 + -2221 = 4297 (9167)
[55.921978] 
[55.921985] 
[55.921993] Start  layer4: 10 SMs -> 5
[55.931176] End    layer4: 3584 -> 9179 + 3004 = 12183 (14429)
[55.931181] 
[55.931186] 
[55.931195] Start  layerX: 30 SMs -> 8
[55.933807] End    layerX: 68 -> 2606 + 723 = 3328 (348)
[55.933813] 
[55.933829] Reserved: 10695us
[55.944592] 
[55.944606] Start  layer0: 30 SMs -> 8
[55.946296] End    layer0: 333 -> 1688 + 147 = 1835 (1915)
[55.946302] 
[55.946305] 
[55.946313] Start  layer1: 10 SMs -> 6
[55.952847] End    layer1: 1984 -> 6533 + 175 = 6709 (6581)
[55.952850] 
[55.952852] 
[55.952857] Start  layer2: 40 SMs -> 15
[55.966232] End    layer2: 1131 -> 13369 + -5648 = 7720 (7556)
[55.966238] 
[55.966243] 
[55.966252] Start  layer3: 30 SMs -> 7
[55.971784] End    layer3: 1714 -> 5531 + -2037 = 3493 (9167)
[55.971787] 
[55.971791] 
[55.971796] Start  layer4: 20 SMs -> 5
[55.977801] End    layer4: 2496 -> 6001 + 6376 = 12378 (14429)
[55.977804] 
[55.977806] 
[55.977811] Start  layerX: 20 SMs -> 5
[55.978422] End    layerX: 71 -> 608 + 6103 = 6711 (348)
[55.978425] 
[55.978430] Reserved: 16092us
[55.994582] 
[55.994590] Start  layer0: 20 SMs -> 4
[55.996435] End    layer0: 391 -> 1840 + 9 = 1849 (1915)
[55.996441] 
[55.996444] 
[55.996452] Start  layer1: 20 SMs -> 2
[55.998516] End    layer1: 1290 -> 2062 + 4507 = 6569 (6581)
[55.998518] 
[55.998521] 
[55.998526] Start  layer2: 20 SMs -> 3
[56.003532] End    layer2: 1512 -> 5003 + 7048 = 12051 (7556)
[56.003535] 
[56.003538] 
[56.003542] Start  layer3: 30 SMs -> 8
[56.009861] End    layer3: 1714 -> 6316 + 9886 = 16202 (9167)
[56.009864] 
[56.009887] 
[56.009893] Start  layer4: 40 SMs -> 17
[56.028833] End    layer4: 2161 -> 18933 + 5348 = 24282 (14429)
[56.028841] 
[56.028864] 
[56.028878] Start  layerX: 40 SMs -> 16
[56.031577] End    layerX: 52 -> 2696 + 2951 = 5647 (348)
[56.031583] 
[56.031595] Reserved: 12928us
[56.044584] 
[56.044594] Start  layer0: 10 SMs -> 7
[56.047690] End    layer0: 548 -> 3091 + -1245 = 1845 (1915)
[56.047695] 
[56.047699] 
[56.047707] Start  layer1: 10 SMs -> 7
[56.058206] End    layer1: 1984 -> 10493 + -5178 = 5314 (6581)
[56.058214] 
[56.058236] 
[56.058245] Start  layer2: 30 SMs -> 8
[56.067212] End    layer2: 1408 -> 8962 + -6628 = 2333 (7556)
[56.067218] 
[56.067225] 
[56.067237] Start  layer3: 30 SMs -> 7
[56.073094] End    layer3: 1714 -> 5852 + -3341 = 2509 (9167)
[56.073101] 
[56.073107] 
[56.073119] Start  layer4: 30 SMs -> 5
[56.082308] End    layer4: 2403 -> 9185 + 1872 = 11058 (14429)
[56.082313] 
[56.082319] 
[56.082328] Start  layerX: 40 SMs -> 14
[56.083840] End    layerX: 52 -> 1506 + 690 = 2196 (348)
[56.083847] 
[56.083861] Reserved: 10663us
[56.094591] 
[56.094606] Start  layer0: 20 SMs -> 7
[56.096415] End    layer0: 391 -> 1807 + 29 = 1835 (1915)
[56.096420] 
[56.096424] 
[56.096432] Start  layer1: 40 SMs -> 10
[56.110748] End    layer1: 985 -> 14312 + -7721 = 6589 (6581)
[56.110754] 
[56.110765] 
[56.110775] Start  layer2: 30 SMs -> 6
[56.117197] End    layer2: 1408 -> 6418 + -6613 = -195 (7556)
[56.117203] 
[56.117207] 
[56.117216] Start  layer3: 20 SMs -> 8
[56.124292] End    layer3: 1726 -> 7072 + -4541 = 2530 (9167)
[56.124297] 
[56.124305] 
[56.124314] Start  layer4: 20 SMs -> 7
[56.133185] End    layer4: 2496 -> 8869 + 992 = 9862 (14429)
[56.133188] 
[56.133192] 
[56.133198] Start  layerX: 20 SMs -> 7
[56.134459] End    layerX: 71 -> 1259 + 65 = 1324 (348)
[56.134462] 
[56.134473] Reserved: 10049us
[56.144588] 
[56.144602] Start  layer0: 20 SMs -> 5
[56.146936] End    layer0: 391 -> 2329 + -489 = 1839 (1915)
[56.146943] 
[56.146947] 
[56.146959] Start  layer1: 30 SMs -> 6
[56.155642] End    layer1: 1150 -> 8679 + -2615 = 6063 (6581)
[56.155648] 
[56.155660] 
[56.155669] Start  layer2: 30 SMs -> 5
[56.162381] End    layer2: 1408 -> 6708 + -1797 = 4910 (7556)
[56.162387] 
[56.162394] 
[56.162402] Start  layer3: 20 SMs -> 7
[56.168432] End    layer3: 1726 -> 6025 + 1318 = 7343 (9167)
[56.168438] 
[56.168466] 
[56.168475] Start  layer4: 20 SMs -> 6
[56.176606] End    layer4: 2496 -> 8127 + 7574 = 15700 (14429)
[56.176612] 
[56.176617] 
[56.176624] Start  layerX: 20 SMs -> 6
[56.177417] End    layerX: 71 -> 786 + 7113 = 7899 (348)
[56.177423] 
[56.177438] Reserved: 17086us
[56.194590] 
[56.194610] Start  layer0: 30 SMs -> 5
[56.196167] End    layer0: 333 -> 1555 + 277 = 1832 (1915)
[56.196172] 
[56.196175] 
[56.196184] Start  layer1: 30 SMs -> 10
[56.204957] End    layer1: 1150 -> 8769 + -1930 = 6837 (6581)
[56.204963] 
[56.204971] 
[56.204983] Start  layer2: 20 SMs -> 10
[56.215640] End    layer2: 1512 -> 10652 + -5054 = 5596 (7556)
[56.215647] 
[56.215657] 
[56.215669] Start  layer3: 20 SMs -> 8
[56.224194] End    layer3: 1726 -> 8522 + -4443 = 4078 (9167)
[56.224199] 
[56.224204] 
[56.224213] Start  layer4: 20 SMs -> 7
[56.235431] End    layer4: 2496 -> 11213 + -1250 = 9962 (14429)
[56.235436] 
[56.235441] 
[56.235450] Start  layerX: 20 SMs -> 6
[56.236096] End    layerX: 71 -> 641 + -1567 = -926 (348)
[56.236101] 
[56.236108] Reserved: 8415us
[56.244589] 
[56.244603] Start  layer0: 10 SMs -> 9
[56.248064] End    layer0: 548 -> 3456 + -1617 = 1838 (1915)
[56.248071] 
[56.248075] 
[56.248086] Start  layer1: 40 SMs -> 21
[56.266548] End    layer1: 985 -> 18457 + -13520 = 4936 (6581)
[56.266556] 
[56.266563] 
[56.266574] Start  layer2: 20 SMs -> 8
[56.277916] End    layer2: 1512 -> 11339 + -17333 = -5994 (7556)
[56.277921] 
[56.277927] 
[56.277934] Start  layer3: 20 SMs -> 9
[56.285264] End    layer3: 1726 -> 7326 + -15514 = -8188 (9167)
[56.285288] 
[56.285294] 
[56.285305] Start  layer4: 40 SMs -> 14
[56.302064] End    layer4: 2161 -> 16755 + -17883 = -1128 (14429)
[56.302070] 
[56.302076] 
[56.302085] Start  layerX: 40 SMs -> 17
[56.304619] End    layerX: 52 -> 2529 + -20090 = -17561 (348)
[56.304624] 
[56.304652] Delayed : 10128us
[56.304658] 
[56.304669] Start  layer0: 20 SMs -> 8
[56.306177] End    layer0: 391 -> 1503 + -9730 = -8228 (1915)
[56.306183] 
[56.306188] 
[56.306199] Start  layer1: 40 SMs -> 18
[56.329344] End    layer1: 985 -> 23140 + -26316 = -3176 (6581)
[56.329350] 
[56.329358] 
[56.329368] Start  layer2: 30 SMs -> 6
[56.336503] End    layer2: 1408 -> 7130 + -25918 = -18788 (7556)
[56.336510] 
[56.336525] 
[56.336535] Start  layer3: 20 SMs -> 5
[56.340617] End    layer3: 1726 -> 4077 + -20865 = -16788 (9167)
[56.340623] 
[56.340628] 
[56.340638] Start  layer4: 30 SMs -> 2
[56.343891] End    layer4: 2403 -> 3246 + -9707 = -6461 (14429)
[56.343899] 
[56.343910] 
[56.343923] Start  layerX: 10 SMs -> 7
[56.345709] End    layerX: 71 -> 1780 + -11177 = -9397 (348)
[56.345717] 
[56.345737] Delayed : 1212us
[56.345747] 
[56.345759] Start  layer0: 10 SMs -> 9
[56.348674] End    layer0: 548 -> 2910 + -2228 = 682 (1915)
[56.348680] 
[56.348684] 
[56.348693] Start  layer1: 30 SMs -> 9
[56.355259] End    layer1: 1150 -> 6562 + -2232 = 4329 (6581)
[56.355265] 
[56.355269] 
[56.355278] Start  layer2: 40 SMs -> 16
[56.377058] End    layer2: 1131 -> 21774 + -16472 = 5301 (7556)
[56.377065] 
[56.377074] 
[56.377086] Start  layer3: 20 SMs -> 7
[56.386181] End    layer3: 1726 -> 9092 + -16430 = -7339 (9167)
[56.386187] 
[56.386192] 
[56.386200] Start  layer4: 20 SMs -> 5
[56.392720] End    layer4: 2496 -> 6515 + -8539 = -2023 (14429)
[56.392725] 
[56.392768] 
[56.392780] Start  layerX: 10 SMs -> 5
[56.393922] End    layerX: 71 -> 1138 + -9392 = -8255 (348)
[56.393928] 
[56.393963] Reserved: 561us
[56.394586] 
[56.394596] Start  layer0: 10 SMs -> 11
[56.398626] End    layer0: 548 -> 4026 + -2181 = 1845 (1915)
[56.398631] 
[56.398635] 
[56.398643] Start  layer1: 30 SMs -> 8
[56.405836] End    layer1: 1150 -> 7187 + -2808 = 4378 (6581)
[56.405843] 
[56.405859] 
[56.405872] Start  layer2: 40 SMs -> 17
[56.422563] End    layer2: 1131 -> 16686 + -11977 = 4708 (7556)
[56.422570] 
[56.422580] 
[56.422592] Start  layer3: 20 SMs -> 7
[56.430519] End    layer3: 1726 -> 7924 + -10769 = -2845 (9167)
[56.430526] 
[56.430536] 
[56.430548] Start  layer4: 40 SMs -> 16
[56.452832] End    layer4: 2161 -> 22279 + -18650 = 3629 (14429)
[56.452840] 
[56.452850] 
[56.452862] Start  layerX: 30 SMs -> 10
[56.455075] End    layerX: 68 -> 2209 + -20545 = -18336 (348)
[56.455080] 
[56.455089] Delayed : 10565us
[56.455096] 
[56.455104] Start  layer0: 20 SMs -> 9
[56.457615] End    layer0: 391 -> 2507 + -11170 = -8663 (1915)
[56.457620] 
[56.457624] 
[56.457632] Start  layer1: 30 SMs -> 9
[56.463610] End    layer1: 1150 -> 5973 + -10583 = -4610 (6581)
[56.463616] 
[56.463622] 
[56.463630] Start  layer2: 10 SMs -> 6
[56.471225] End    layer2: 2178 -> 7588 + -10639 = -3051 (7556)
[56.471232] 
[56.471243] 
[56.471254] Start  layer3: 20 SMs -> 9
[56.481014] End    layer3: 1726 -> 9756 + -11263 = -1507 (9167)
[56.481019] 
[56.481024] 
[56.481032] Start  layer4: 20 SMs -> 7
[56.491300] End    layer4: 2496 -> 10261 + -7117 = 3143 (14429)
[56.491307] 
[56.491318] 
[56.491329] Start  layerX: 20 SMs -> 7
[56.492215] End    layerX: 71 -> 881 + -7685 = -6804 (348)
[56.492222] 
[56.492245] Reserved: 2279us
[56.494595] 
[56.494612] Start  layer0: 20 SMs -> 13
[56.498664] End    layer0: 391 -> 4048 + -2218 = 1830 (1915)
[56.498671] 
[56.498676] 
[56.498688] Start  layer1: 40 SMs -> 11
[56.511092] End    layer1: 985 -> 12404 + -8069 = 4335 (6581)
[56.511095] 
[56.511106] 
[56.511112] Start  layer2: 40 SMs -> 16
[56.519841] End    layer2: 1131 -> 8722 + -9255 = -533 (7556)
[56.519848] 
[56.519855] 
[56.519866] Start  layer3: 20 SMs -> 8
[56.530708] End    layer3: 1726 -> 10839 + -10957 = -118 (9167)
[56.530714] 
[56.530721] 
[56.530733] Start  layer4: 20 SMs -> 7
[56.547726] End    layer4: 2496 -> 16988 + -13543 = 3444 (14429)
[56.547733] 
[56.547743] 
[56.547758] Start  layerX: 20 SMs -> 8
[56.548637] End    layerX: 71 -> 874 + -14106 = -13232 (348)
[56.548643] 
[56.548654] Delayed : 4129us
[56.548662] 
[56.548670] Start  layer0: 40 SMs -> 13
[56.551997] End    layer0: 286 -> 3323 + -5553 = -2229 (1915)
[56.552003] 
[56.552006] 
[56.552016] Start  layer1: 40 SMs -> 11
[56.561439] End    layer1: 985 -> 9419 + -8412 = 1006 (6581)
[56.561444] 
[56.561452] 
[56.561462] Start  layer2: 40 SMs -> 14
[56.575978] End    layer2: 1131 -> 14511 + -15394 = -882 (7556)
[56.575983] 
[56.576003] 
[56.576015] Start  layer3: 20 SMs -> 8
[56.586613] End    layer3: 1726 -> 10594 + -16862 = -6268 (9167)
[56.586619] 
[56.586625] 
[56.586634] Start  layer4: 20 SMs -> 5
[56.594050] End    layer4: 2496 -> 7411 + -9868 = -2457 (14429)
[56.594056] 
[56.594060] 
[56.594070] Start  layerX: 30 SMs -> 9
[56.597296] End    layerX: 68 -> 3221 + -12767 = -9545 (348)
[56.597301] 
[56.597311] Delayed : 2787us
[56.597317] 
[56.597326] Start  layer0: 10 SMs -> 5
[56.600517] End    layer0: 548 -> 3185 + -4070 = -885 (1915)
[56.600524] 
[56.600528] 
[56.600539] Start  layer1: 30 SMs -> 10
[56.609062] End    layer1: 1150 -> 8519 + -6035 = 2483 (6581)
[56.609068] 
[56.609081] 
[56.609090] Start  layer2: 30 SMs -> 8
[56.618636] End    layer2: 1408 -> 9542 + -8052 = 1489 (7556)
[56.618642] 
[56.618649] 
[56.618658] Start  layer3: 20 SMs -> 7
[56.627361] End    layer3: 1726 -> 8698 + -7610 = 1087 (9167)
[56.627367] 
[56.627379] 
[56.627388] Start  layer4: 40 SMs -> 12
[56.644554] End    layer4: 2161 -> 17162 + -10373 = 6787 (14429)
[56.644560] 
[56.644568] 
[56.644577] Start  layerX: 10 SMs -> 3
[56.645717] End    layerX: 71 -> 1137 + -11189 = -10052 (348)
[56.645723] 
[56.645733] Delayed : 1209us
[56.645739] 
[56.645747] Start  layer0: 10 SMs -> 4
[56.647325] End    layer0: 548 -> 1571 + -878 = 692 (1915)
[56.647332] 
[56.647336] 
[56.647347] Start  layer1: 10 SMs -> 5
[56.656240] End    layer1: 1984 -> 8889 + -3213 = 5675 (6581)
[56.656245] 
[56.656253] 
[56.656262] Start  layer2: 20 SMs -> 6
[56.664215] End    layer2: 1512 -> 7949 + -3631 = 4317 (7556)
[56.664220] 
[56.664225] 
[56.664234] Start  layer3: 20 SMs -> 7
[56.672629] End    layer3: 1726 -> 8391 + -2878 = 5512 (9167)
[56.672634] 
[56.672657] 
[56.672665] Start  layer4: 10 SMs -> 4
[56.680819] End    layer4: 3584 -> 8149 + 3361 = 11510 (14429)
[56.680824] 
[56.680836] 
[56.680845] Start  layerX: 40 SMs -> 10
[56.681890] End    layerX: 52 -> 1041 + 2638 = 3679 (348)
[56.681895] 
[56.681908] Reserved: 12616us
[56.694593] 
[56.694611] Start  layer0: 20 SMs -> 6
[56.696077] End    layer0: 391 -> 1463 + 369 = 1831 (1915)
[56.696084] 
[56.696089] 
[56.696100] Start  layer1: 30 SMs -> 6
[56.701649] End    layer1: 1150 -> 5544 + 1379 = 6923 (6581)
[56.701655] 
[56.701662] 
[56.701670] Start  layer2: 30 SMs -> 6
[56.709119] End    layer2: 1408 -> 7445 + 1464 = 8908 (7556)
[56.709125] 
[56.709130] 
[56.709139] Start  layer3: 30 SMs -> 7
[56.717072] End    layer3: 1714 -> 7928 + 2678 = 10606 (9167)
[56.717077] 
[56.717084] 
[56.717096] Start  layer4: 30 SMs -> 6
[56.728400] End    layer4: 2403 -> 11301 + 5780 = 17081 (14429)
[56.728406] 
[56.728411] 
[56.728419] Start  layerX: 10 SMs -> 5
[56.729762] End    layerX: 71 -> 1340 + 4765 = 6105 (348)
[56.729766] 
[56.729774] Reserved: 14750us
[56.744595] 
[56.744612] Start  layer0: 30 SMs -> 6
[56.746622] End    layer0: 333 -> 2007 + -177 = 1829 (1915)
[56.746627] 
[56.746630] 
[56.746638] Start  layer1: 10 SMs -> 8
[56.752358] End    layer1: 1984 -> 5716 + 667 = 6383 (6581)
[56.752364] 
[56.752369] 
[56.752385] Start  layer2: 40 SMs -> 10
[56.761208] End    layer2: 1131 -> 8816 + -622 = 8193 (7556)
[56.761214] 
[56.761234] 
[56.761245] Start  layer3: 40 SMs -> 10
[56.776492] End    layer3: 1373 -> 15243 + -6741 = 8501 (9167)
[56.776497] 
[56.776506] 
[56.776514] Start  layer4: 30 SMs -> 6
[56.782266] End    layer4: 2403 -> 5747 + 1914 = 7661 (14429)
[56.782271] 
[56.782278] 
[56.782287] Start  layerX: 40 SMs -> 8
[56.782542] End    layerX: 52 -> 252 + 1984 = 2237 (348)
[56.782546] 
[56.782554] Reserved: 11969us
[56.794591] 
[56.794606] Start  layer0: 40 SMs -> 6
[56.796040] End    layer0: 286 -> 1431 + 404 = 1835 (1915)
[56.796046] 
[56.796049] 
[56.796057] Start  layer1: 30 SMs -> 6
[56.802409] End    layer1: 1150 -> 6347 + 617 = 6964 (6581)
[56.802415] 
[56.802430] 
[56.802439] Start  layer2: 20 SMs -> 7
[56.809837] End    layer2: 1512 -> 7394 + 746 = 8139 (7556)
[56.809843] 
[56.809849] 
[56.809858] Start  layer3: 30 SMs -> 8
[56.821522] End    layer3: 1714 -> 11660 + -1771 = 9887 (9167)
[56.821528] 
[56.821552] 
[56.821561] Start  layer4: 30 SMs -> 8
[56.829332] End    layer4: 2403 -> 7767 + 4848 = 12614 (14429)
[56.829338] 
[56.829343] 
[56.829352] Start  layerX: 30 SMs -> 3
[56.829929] End    layerX: 68 -> 574 + 4597 = 5171 (348)
[56.829933] 
[56.829941] Reserved: 14582us
[56.844591] 
[56.844606] Start  layer0: 20 SMs -> 5
[56.845955] End    layer0: 391 -> 1346 + 489 = 1835 (1915)
[56.845961] 
[56.845964] 
[56.845974] Start  layer1: 20 SMs -> 6
[56.853614] End    layer1: 1290 -> 7634 + -585 = 7048 (6581)
[56.853620] 
[56.853625] 
[56.853634] Start  layer2: 20 SMs -> 7
[56.860378] End    layer2: 1512 -> 6739 + 205 = 6944 (7556)
[56.860383] 
[56.860388] 
[56.860397] Start  layer3: 40 SMs -> 11
[56.874890] End    layer3: 1373 -> 14489 + -5139 = 9348 (9167)
[56.874896] 
[56.874902] 
[56.874911] Start  layer4: 20 SMs -> 5
[56.878616] End    layer4: 2496 -> 3701 + 5564 = 9264 (14429)
[56.878622] 
[56.878629] 
[56.878637] Start  layerX: 30 SMs -> 1
[56.878750] End    layerX: 68 -> 110 + 5775 = 5886 (348)
[56.878754] 
[56.878771] Reserved: 15752us
[56.894592] 
[56.894607] Start  layer0: 10 SMs -> 6
[56.896782] End    layer0: 548 -> 2172 + -337 = 1834 (1915)
[56.896787] 
[56.896791] 
[56.896799] Start  layer1: 10 SMs -> 5
[56.901454] End    layer1: 1984 -> 4649 + 1574 = 6222 (6581)
[56.901461] 
[56.901469] 
[56.901480] Start  layer2: 40 SMs -> 10
[56.909990] End    layer2: 1131 -> 8505 + 594 = 9099 (7556)
[56.909997] 
[56.910005] 
[56.910016] Start  layer3: 40 SMs -> 11
[56.921265] End    layer3: 1373 -> 11244 + -1512 = 9731 (9167)
[56.921273] 
[56.921282] 
[56.921293] Start  layer4: 40 SMs -> 8
[56.928798] End    layer4: 2161 -> 7501 + 5382 = 12883 (14429)
[56.928803] 
[56.928809] 
[56.928817] Start  layerX: 40 SMs -> 5
[56.929019] End    layerX: 52 -> 199 + 5507 = 5706 (348)
[56.929023] 
[56.929032] Reserved: 15491us
[56.944591] 
[56.944606] Start  layer0: 30 SMs -> 6
[56.945579] End    layer0: 333 -> 970 + 865 = 1835 (1915)
[56.945585] 
[56.945589] 
[56.945597] Start  layer1: 30 SMs -> 6
[56.949963] End    layer1: 1150 -> 4361 + 3063 = 7424 (6581)
[56.949968] 
[56.950024] 
[56.950037] Start  layer2: 40 SMs -> 9
[56.956225] End    layer2: 1131 -> 6185 + 4358 = 10543 (7556)
[56.956231] 
[56.956236] 
[56.956245] Start  layer3: 20 SMs -> 6
[56.964342] End    layer3: 1726 -> 8092 + 5408 = 13501 (9167)
[56.964347] 
[56.964352] 
[56.964360] Start  layer4: 30 SMs -> 6
[56.972205] End    layer4: 2403 -> 7840 + 11975 = 19815 (14429)
[56.972210] 
[56.972215] 
[56.972223] Start  layerX: 10 SMs -> 3
[56.972663] End    layerX: 71 -> 434 + 11866 = 12300 (348)
[56.972670] 
[56.972684] Reserved: 21840us
[56.994593] 
[56.994611] Start  layer0: 20 SMs -> 5
[56.995746] End    layer0: 391 -> 1132 + 699 = 1831 (1915)
[56.995753] 
[56.995757] 
[56.995768] Start  layer1: 20 SMs -> 6
[57.001140] End    layer1: 1290 -> 5367 + 1887 = 7254 (6581)
[57.001147] 
[57.001154] 
[57.001163] Start  layer2: 20 SMs -> 6
[57.007857] End    layer2: 1512 -> 6689 + 2727 = 9415 (7556)
[57.007863] 
[57.007868] 
[57.007877] Start  layer3: 10 SMs -> 3
[57.014302] End    layer3: 2470 -> 6421 + 5448 = 11868 (9167)
[57.014308] 
[57.014312] 
[57.014321] Start  layer4: 30 SMs -> 7
[57.024909] End    layer4: 2403 -> 10584 + 9271 = 19855 (14429)
[57.024915] 
[57.024921] 
[57.024930] Start  layerX: 30 SMs -> 3
[57.025056] End    layerX: 68 -> 122 + 9471 = 9593 (348)
[57.025060] 
[57.025096] Reserved: 19427us
[57.044591] 
[57.044607] Start  layer0: 10 SMs -> 4
[57.046501] End    layer0: 548 -> 1891 + -56 = 1834 (1915)
[57.046533] 
[57.046538] 
[57.046549] Start  layer1: 40 SMs -> 7
[57.052872] End    layer1: 985 -> 6320 + 154 = 6474 (6581)
[57.052877] 
[57.052883] 
[57.052894] Start  layer2: 40 SMs -> 8
[57.062328] End    layer2: 1131 -> 9431 + -1744 = 7685 (7556)
[57.062334] 
[57.062341] 
[57.062349] Start  layer3: 10 SMs -> 3
[57.068214] End    layer3: 2470 -> 5861 + 1536 = 7396 (9167)
[57.068220] 
[57.068224] 
[57.068232] Start  layer4: 40 SMs -> 6
[57.073767] End    layer4: 2161 -> 5531 + 10413 = 15943 (14429)
[57.073773] 
[57.073780] 
[57.073789] Start  layerX: 40 SMs -> 2
[57.074075] End    layerX: 52 -> 283 + 10451 = 10735 (348)
[57.074079] 
[57.074086] Reserved: 20437us
[57.094590] 
[57.094604] Start  layer0: 30 SMs -> 5
[57.095542] End    layer0: 333 -> 936 + 902 = 1837 (1915)
[57.095548] 
[57.095553] 
[57.095563] Start  layer1: 40 SMs -> 7
[57.101096] End    layer1: 985 -> 5530 + 1929 = 7460 (6581)
[57.101102] 
[57.101108] 
[57.101120] Start  layer2: 40 SMs -> 8
[57.108740] End    layer2: 1131 -> 7615 + 1844 = 9459 (7556)
[57.108748] 
[57.108755] 
[57.108765] Start  layer3: 10 SMs -> 4
[57.115425] End    layer3: 2470 -> 6656 + 4325 = 10981 (9167)
[57.115430] 
[57.115437] 
[57.115446] Start  layer4: 40 SMs -> 6
[57.121225] End    layer4: 2161 -> 5775 + 12955 = 18730 (14429)
[57.121230] 
[57.121237] 
[57.121245] Start  layerX: 40 SMs -> 3
[57.121371] End    layerX: 52 -> 123 + 13156 = 13278 (348)
[57.121374] 
[57.121391] Reserved: 23132us
[57.144591] 
[57.144608] Start  layer0: 20 SMs -> 5
[57.146202] End    layer0: 391 -> 1593 + 242 = 1834 (1915)
[57.146208] 
[57.146211] 
[57.146222] Start  layer1: 30 SMs -> 5
[57.149385] End    layer1: 1150 -> 3159 + 3641 = 6800 (6581)
[57.149392] 
[57.149400] 
[57.149412] Start  layer2: 30 SMs -> 4
[57.153948] End    layer2: 1408 -> 4531 + 6637 = 11168 (7556)
[57.153955] 
[57.153964] 
[57.153973] Start  layer3: 10 SMs -> 3
[57.159747] End    layer3: 2470 -> 5768 + 10005 = 15773 (9167)
[57.159754] 
[57.159763] 
[57.159774] Start  layer4: 10 SMs -> 3
[57.166292] End    layer4: 3584 -> 6513 + 17889 = 24402 (14429)
[57.166299] 
[57.166308] 
[57.166319] Start  layerX: 30 SMs -> 3
[57.167094] End    layerX: 68 -> 772 + 17434 = 18206 (348)
[57.167100] 
[57.167118] Reserved: 27405us
[57.194595] 
[57.194612] Start  layer0: 30 SMs -> 4
[57.195467] End    layer0: 333 -> 851 + 979 = 1830 (1915)
[57.195473] 
[57.195476] 
[57.195485] Start  layer1: 30 SMs -> 3
[57.198613] End    layer1: 1150 -> 3121 + 4415 = 7537 (6581)
[57.198620] 
[57.198639] 
[57.198649] Start  layer2: 30 SMs -> 4
[57.202825] End    layer2: 1408 -> 4170 + 7760 = 11930 (7556)
[57.202832] 
[57.202839] 
[57.202850] Start  layer3: 40 SMs -> 6
[57.211624] End    layer3: 1373 -> 8771 + 8125 = 16897 (9167)
[57.211630] 
[57.211637] 
[57.211645] Start  layer4: 40 SMs -> 4
[57.215854] End    layer4: 2161 -> 4204 + 18326 = 22530 (14429)
[57.215859] 
[57.215864] 
[57.215872] Start  layerX: 40 SMs -> 1
[57.215973] End    layerX: 52 -> 99 + 18553 = 18652 (348)
[57.215976] 
[57.215984] Reserved: 28539us
[57.244593] 
[57.244610] Start  layer0: 30 SMs -> 3
[57.245364] End    layer0: 333 -> 751 + 1082 = 1832 (1915)
[57.245371] 
[57.245375] 
[57.245388] Start  layer1: 40 SMs -> 3
[57.248999] End    layer1: 985 -> 3605 + 4029 = 7634 (6581)
[57.249006] 
[57.249013] 
[57.249024] Start  layer2: 30 SMs -> 4
[57.253943] End    layer2: 1408 -> 4915 + 6640 = 11555 (7556)
[57.253950] 
[57.253960] 
[57.253970] Start  layer3: 10 SMs -> 2
[57.258823] End    layer3: 2470 -> 4848 + 10928 = 15776 (9167)
[57.258830] 
[57.258839] 
[57.258850] Start  layer4: 20 SMs -> 3
[57.262987] End    layer4: 2496 -> 4133 + 21194 = 25327 (14429)
[57.262992] 
[57.262998] 
[57.263006] Start  layerX: 40 SMs -> 1
[57.263110] End    layerX: 52 -> 102 + 21416 = 21518 (348)
[57.263113] 
[57.263121] Reserved: 31402us
[57.294593] 
[57.294610] Start  layer0: 20 SMs -> 2
[57.295508] End    layer0: 391 -> 895 + 938 = 1833 (1915)
[57.295515] 
[57.295520] 
[57.295530] Start  layer1: 30 SMs -> 3
[57.298253] End    layer1: 1150 -> 2719 + 4774 = 7493 (6581)
[57.298259] 
[57.298300] 
[57.298313] Start  layer2: 20 SMs -> 4
[57.302192] End    layer2: 1512 -> 3874 + 8392 = 12266 (7556)
[57.302199] 
[57.302207] 
[57.302217] Start  layer3: 30 SMs -> 3
[57.306569] End    layer3: 1714 -> 4347 + 13183 = 17529 (9167)
[57.306576] 
[57.306586] 
[57.306596] Start  layer4: 30 SMs -> 3
[57.310701] End    layer4: 2403 -> 4102 + 23479 = 27580 (14429)
[57.310707] 
[57.310724] 
[57.310733] Start  layerX: 10 SMs -> 2
[57.310852] End    layerX: 71 -> 117 + 23674 = 23791 (348)
[57.310856] 
[57.310863] Reserved: 33660us
[57.344593] 
[57.344610] Start  layer0: 10 SMs -> 1
[57.345531] End    layer0: 548 -> 917 + 915 = 1832 (1915)
[57.345538] 
[57.345542] 
[57.345553] Start  layer1: 40 SMs -> 4
[57.348729] End    layer1: 985 -> 3171 + 4298 = 7469 (6581)
[57.348736] 
[57.348758] 
[57.348770] Start  layer2: 20 SMs -> 3
[57.352240] End    layer2: 1512 -> 3465 + 8345 = 11810 (7556)
[57.352247] 
[57.352273] 
[57.352284] Start  layer3: 20 SMs -> 2
[57.356058] End    layer3: 1726 -> 3769 + 13693 = 17462 (9167)
[57.356065] 
[57.356072] 
[57.356083] Start  layer4: 20 SMs -> 2
[57.359717] End    layer4: 2496 -> 3631 + 24463 = 28094 (14429)
[57.359722] 
[57.359728] 
[57.359736] Start  layerX: 30 SMs -> 3
[57.360039] End    layerX: 68 -> 300 + 24487 = 24788 (348)
[57.360043] 
[57.360051] Reserved: 34472us
[57.394588] 
[57.394601] Start  layer0: 30 SMs -> 2
[57.395134] End    layer0: 333 -> 530 + 1309 = 1839 (1915)
[57.395139] 
[57.395142] 
[57.395150] Start  layer1: 40 SMs -> 4
[57.397234] End    layer1: 985 -> 2080 + 5792 = 7871 (6581)
[57.397239] 
[57.397247] 
[57.397255] Start  layer2: 40 SMs -> 3
[57.399898] End    layer2: 1131 -> 2638 + 10685 = 13323 (7556)
[57.399903] 
[57.399912] 
[57.399920] Start  layer3: 40 SMs -> 3
[57.402919] End    layer3: 1373 -> 2995 + 16830 = 19825 (9167)
[57.402925] 
[57.402931] 
[57.402939] Start  layer4: 40 SMs -> 3
[57.406887] End    layer4: 2161 -> 3944 + 27293 = 31236 (14429)
[57.406893] 
[57.406898] 
[57.406906] Start  layerX: 40 SMs -> 1
[57.407016] End    layerX: 52 -> 108 + 27509 = 27617 (348)
[57.407020] 
[57.407030] Reserved: 37493us
[57.444587] 
[57.444597] Start  layer0: 40 SMs -> 2
[57.445166] End    layer0: 286 -> 565 + 1277 = 1843 (1915)
[57.445171] 
[57.445174] 
[57.445182] Start  layer1: 40 SMs -> 3
[57.447014] End    layer1: 985 -> 1827 + 6011 = 7839 (6581)
[57.447019] 
[57.447033] 
[57.447041] Start  layer2: 10 SMs -> 2
[57.449313] End    layer2: 2178 -> 2268 + 11270 = 13538 (7556)
[57.449318] 
[57.449324] 
[57.449332] Start  layer3: 10 SMs -> 1
[57.451501] End    layer3: 2470 -> 2164 + 18249 = 20413 (9167)
[57.451506] 
[57.451512] 
[57.451520] Start  layer4: 30 SMs -> 2
[57.454858] End    layer4: 2403 -> 3334 + 29322 = 32656 (14429)
[57.454863] 
[57.454867] 
[57.454875] Start  layerX: 20 SMs -> 2
[57.455033] End    layerX: 71 -> 155 + 29493 = 29648 (348)
[57.455037] 
[57.455044] Reserved: 39479us
[57.494587] 
[57.494596] Start  layer0: 20 SMs -> 1
[57.495043] End    layer0: 391 -> 443 + 1400 = 1843 (1915)
[57.495048] 
[57.495051] 
[57.495059] Start  layer1: 20 SMs -> 1
[57.496479] End    layer1: 1290 -> 1415 + 6547 = 7962 (6581)
[57.496485] 
[57.496490] 
[57.496498] Start  layer2: 20 SMs -> 1
[57.498375] End    layer2: 1512 -> 1872 + 12208 = 14080 (7556)
[57.498380] 
[57.498385] 
[57.498393] Start  layer3: 10 SMs -> 1
[57.500492] End    layer3: 2470 -> 2095 + 19257 = 21352 (9167)
[57.500498] 
[57.500502] 
[57.500509] Start  layer4: 10 SMs -> 1
[57.503929] End    layer4: 3584 -> 3415 + 30251 = 33666 (14429)
[57.503934] 
[57.503940] 
[57.503948] Start  layerX: 40 SMs -> 2
[57.504204] End    layerX: 52 -> 253 + 30323 = 30576 (348)
[57.504208] 
[57.504214] Reserved: 40309us
[57.544582] 
[57.544591] Start  layer0: 40 SMs -> 1
[57.544953] End    layer0: 286 -> 360 + 1488 = 1849 (1915)
[57.544956] 
[57.544958] 
[57.544963] Start  layer1: 40 SMs -> 2
[57.546076] End    layer1: 985 -> 1111 + 6946 = 8057 (6581)
[57.546079] 
[57.546082] 
[57.546087] Start  layer2: 40 SMs -> 2
[57.547223] End    layer2: 1131 -> 1133 + 13357 = 14490 (7556)
[57.547225] 
[57.547227] 
[57.547232] Start  layer3: 40 SMs -> 2
[57.548672] End    layer3: 1373 -> 1438 + 21074 = 22512 (9167)
[57.548675] 
[57.548677] 
[57.548681] Start  layer4: 40 SMs -> 2
[57.550566] End    layer4: 2161 -> 1882 + 33610 = 35493 (14429)
[57.550568] 
[57.550571] 
[57.550574] Start  layerX: 40 SMs -> 1
[57.550644] End    layerX: 52 -> 68 + 33879 = 33948 (348)
[57.550646] 
[57.550650] Reserved: 43872us
