[52.975346] layer0:
[52.989023] 	10	347us, 547us
[52.999516] 	20	235us, 425us
[53.008719] 	30	204us, 308us
[53.017474] 	40	184us, 287us
[53.017487] Params: 0.62	0.37	0.42

[53.017492] layer1:
[53.054826] 	10	1121us, 1906us
[53.080168] 	20	800us, 1301us
[53.102480] 	30	695us, 1137us
[53.122995] 	40	683us, 980us
[53.123008] Params: 0.63	0.25	0.41

[53.123013] layer2:
[53.166376] 	10	1328us, 2223us
[53.195786] 	20	984us, 1556us
[53.223006] 	30	936us, 1399us
[53.246168] 	40	796us, 1113us
[53.246181] Params: 0.65	0.33	0.47

[53.246187] layer3:
[53.291896] 	10	1401us, 2319us
[53.322936] 	20	970us, 1723us
[53.352086] 	30	926us, 1556us
[53.379020] 	40	890us, 1371us
[53.379034] Params: 0.60	0.22	0.32

[53.379040] layer4:
[53.448723] 	10	2392us, 3497us
[53.493715] 	20	1585us, 2488us
[53.536453] 	30	1527us, 2361us
[53.575857] 	40	1425us, 2090us
[53.575870] Params: 0.66	0.27	0.30

[53.575877] layerX:
[53.581229] 	10	44us, 85us
[53.586491] 	20	41us, 66us
[53.591725] 	30	40us, 65us
[53.596828] 	40	40us, 53us
[53.596840] Params: 0.63	0.04	0.33

