[55.494665] 
[55.494681] Start  layer0: 30 SMs -> 9
[55.496945] End    layer0: 307 -> 2262 + -327 = 1934 (1950)
[55.496949] 
[55.496951] 
[55.496958] Start  layer1: 40 SMs -> 9
[55.509128] End    layer1: 979 -> 12166 + -5860 = 6305 (6648)
[55.509131] 
[55.509138] 
[55.509145] Start  layer2: 20 SMs -> 9
[55.516068] End    layer2: 1556 -> 6920 + -5245 = 1674 (7555)
[55.516071] 
[55.516133] 
[55.516140] Start  layer3: 30 SMs -> 10
[55.526121] End    layer3: 1556 -> 9979 + -5998 = 3980 (9302)
[55.526124] 
[55.526133] 
[55.526138] Start  layer4: 10 SMs -> 6
[55.540874] End    layer4: 3496 -> 14734 + -6567 = 8165 (14182)
[55.540877] 
[55.540891] 
[55.540896] Start  layerX: 20 SMs -> 7
[55.541532] End    layerX: 66 -> 634 + -6865 = -6231 (360)
[55.541534] 
[55.541540] Reserved: 3124us
[55.544724] 
[55.544733] Start  layer0: 20 SMs -> 8
[55.546069] End    layer0: 424 -> 1335 + 547 = 1883 (1950)
[55.546072] 
[55.546074] 
[55.546078] Start  layer1: 10 SMs -> 14
[55.559610] End    layer1: 1906 -> 13529 + -6344 = 7185 (6648)
[55.559613] 
[55.559616] 
[55.559621] Start  layer2: 30 SMs -> 7
[55.567526] End    layer2: 1398 -> 7902 + -6704 = 1197 (7555)
[55.567529] 
[55.567532] 
[55.567536] Start  layer3: 40 SMs -> 13
[55.581213] End    layer3: 1370 -> 13669 + -11084 = 2584 (9302)
[55.581220] 
[55.581226] 
[55.581237] Start  layer4: 20 SMs -> 9
[55.590673] End    layer4: 2487 -> 9432 + -6363 = 3068 (14182)
[55.590678] 
[55.590683] 
[55.590700] Start  layerX: 20 SMs -> 5
[55.591129] End    layerX: 66 -> 426 + -6459 = -6034 (360)
[55.591133] 
[55.591150] Reserved: 3514us
[55.594731] 
[55.594745] Start  layer0: 20 SMs -> 7
[55.596159] End    layer0: 424 -> 1411 + 461 = 1872 (1950)
[55.596164] 
[55.596168] 
[55.596175] Start  layer1: 20 SMs -> 7
[55.605134] End    layer1: 1301 -> 8954 + -1864 = 7089 (6648)
[55.605140] 
[55.605146] 
[55.605155] Start  layer2: 10 SMs -> 7
[55.612656] End    layer2: 2223 -> 7498 + -1833 = 5665 (7555)
[55.612661] 
[55.612671] 
[55.612679] Start  layer3: 10 SMs -> 6
[55.620870] End    layer3: 2319 -> 8185 + -742 = 7442 (9302)
[55.620877] 
[55.620893] 
[55.620903] Start  layer4: 40 SMs -> 17
[55.640954] End    layer4: 2089 -> 20048 + -6644 = 13402 (14182)
[55.640960] 
[55.640967] 
[55.640975] Start  layerX: 20 SMs -> 1
[55.641107] End    layerX: 66 -> 129 + -6438 = -6309 (360)
[55.641111] 
[55.641128] Reserved: 3536us
[55.644730] 
[55.644744] Start  layer0: 10 SMs -> 6
[55.648406] End    layer0: 546 -> 3659 + -1785 = 1873 (1950)
[55.648411] 
[55.648415] 
[55.648423] Start  layer1: 10 SMs -> 6
[55.656883] End    layer1: 1906 -> 8456 + -3614 = 4841 (6648)
[55.656891] 
[55.656905] 
[55.656918] Start  layer2: 10 SMs -> 6
[55.667429] End    layer2: 2223 -> 10506 + -6602 = 3903 (7555)
[55.667436] 
[55.667446] 
[55.667457] Start  layer3: 10 SMs -> 5
[55.676517] End    layer3: 2319 -> 9057 + -6390 = 2665 (9302)
[55.676523] 
[55.676530] 
[55.676540] Start  layer4: 30 SMs -> 9
[55.688854] End    layer4: 2361 -> 12307 + -4541 = 7765 (14182)
[55.688862] 
[55.688872] 
[55.688885] Start  layerX: 30 SMs -> 4
[55.690196] End    layerX: 64 -> 1305 + -5522 = -4217 (360)
[55.690203] 
[55.690214] Reserved: 4451us
[55.694736] 
[55.694755] Start  layer0: 20 SMs -> 4
[55.695505] End    layer0: 424 -> 747 + 1116 = 1862 (1950)
[55.695510] 
[55.695514] 
[55.695524] Start  layer1: 20 SMs -> 4
[55.702411] End    layer1: 1301 -> 6882 + 860 = 7742 (6648)
[55.702418] 
[55.702426] 
[55.702435] Start  layer2: 20 SMs -> 7
[55.710222] End    layer2: 1556 -> 7781 + 604 = 8385 (7555)
[55.710229] 
[55.710268] 
[55.710281] Start  layer3: 10 SMs -> 6
[55.720028] End    layer3: 2319 -> 9742 + 100 = 9842 (9302)
[55.720035] 
[55.720047] 
[55.720059] Start  layer4: 40 SMs -> 16
[55.735473] End    layer4: 2089 -> 15409 + -1161 = 14247 (14182)
[55.735480] 
[55.735493] 
[55.735504] Start  layerX: 10 SMs -> 5
[55.736525] End    layerX: 84 -> 1017 + -1855 = -838 (360)
[55.736530] 
[55.736539] Reserved: 8126us
[55.744734] 
[55.744749] Start  layer0: 30 SMs -> 9
[55.746803] End    layer0: 307 -> 2052 + -183 = 1868 (1950)
[55.746809] 
[55.746812] 
[55.746822] Start  layer1: 40 SMs -> 16
[55.761004] End    layer1: 979 -> 14178 + -7734 = 6443 (6648)
[55.761010] 
[55.761018] 
[55.761026] Start  layer2: 20 SMs -> 7
[55.772405] End    layer2: 1556 -> 11374 + -11580 = -206 (7555)
[55.772410] 
[55.772415] 
[55.772425] Start  layer3: 40 SMs -> 15
[55.789135] End    layer3: 1370 -> 16706 + -19008 = -2302 (9302)
[55.789141] 
[55.789150] 
[55.789159] Start  layer4: 40 SMs -> 11
[55.801099] End    layer4: 2089 -> 11933 + -16787 = -4854 (14182)
[55.801105] 
[55.801110] 
[55.801120] Start  layerX: 30 SMs -> 10
[55.802133] End    layerX: 64 -> 1009 + -17462 = -16453 (360)
[55.802138] 
[55.802176] Delayed : 7510us
[55.802182] 
[55.802189] Start  layer0: 30 SMs -> 10
[55.805117] End    layer0: 307 -> 2923 + -8496 = -5573 (1950)
[55.805122] 
[55.805126] 
[55.805134] Start  layer1: 40 SMs -> 13
[55.817743] End    layer1: 979 -> 12604 + -14473 = -1869 (6648)
[55.817748] 
[55.817754] 
[55.817763] Start  layer2: 10 SMs -> 5
[55.825459] End    layer2: 2223 -> 7691 + -14634 = -6943 (7555)
[55.825465] 
[55.825473] 
[55.825481] Start  layer3: 30 SMs -> 8
[55.835884] End    layer3: 1556 -> 10396 + -15754 = -5359 (9302)
[55.835891] 
[55.835906] 
[55.835915] Start  layer4: 30 SMs -> 7
[55.843033] End    layer4: 2361 -> 7113 + -8723 = -1610 (14182)
[55.843038] 
[55.843046] 
[55.843055] Start  layerX: 20 SMs -> 7
[55.843792] End    layerX: 66 -> 733 + -9121 = -8388 (360)
[55.843797] 
[55.843806] Reserved: 858us
[55.844730] 
[55.844744] Start  layer0: 40 SMs -> 14
[55.847668] End    layer0: 287 -> 2921 + -1047 = 1873 (1950)
[55.847673] 
[55.847676] 
[55.847685] Start  layer1: 20 SMs -> 8
[55.854839] End    layer1: 1301 -> 7150 + -1570 = 5580 (6648)
[55.854845] 
[55.854853] 
[55.854862] Start  layer2: 10 SMs -> 9
[55.868487] End    layer2: 2223 -> 13623 + -7665 = 5957 (7555)
[55.868491] 
[55.868495] 
[55.868501] Start  layer3: 20 SMs -> 8
[55.874738] End    layer3: 1723 -> 6235 + -4615 = 1620 (9302)
[55.874741] 
[55.874744] 
[55.874749] Start  layer4: 20 SMs -> 7
[55.880608] End    layer4: 2487 -> 5857 + 3697 = 9554 (14182)
[55.880611] 
[55.880615] 
[55.880619] Start  layerX: 20 SMs -> 6
[55.881871] End    layerX: 66 -> 1248 + 2796 = 4045 (360)
[55.881875] 
[55.881891] Reserved: 12773us
[55.894724] 
[55.894733] Start  layer0: 40 SMs -> 9
[55.898502] End    layer0: 287 -> 3764 + -1880 = 1883 (1950)
[55.898509] 
[55.898513] 
[55.898525] Start  layer1: 40 SMs -> 14
[55.912126] End    layer1: 979 -> 13596 + -8855 = 4741 (6648)
[55.912133] 
[55.912139] 
[55.912148] Start  layer2: 40 SMs -> 13
[55.924046] End    layer2: 1113 -> 11897 + -13225 = -1327 (7555)
[55.924049] 
[55.924052] 
[55.924057] Start  layer3: 30 SMs -> 7
[55.937318] End    layer3: 1556 -> 13256 + -17191 = -3936 (9302)
[55.937324] 
[55.937330] 
[55.937338] Start  layer4: 10 SMs -> 4
[55.944168] End    layer4: 3496 -> 6826 + -9858 = -3032 (14182)
[55.944173] 
[55.944180] 
[55.944188] Start  layerX: 10 SMs -> 3
[55.944314] End    layerX: 84 -> 123 + -9645 = -9521 (360)
[55.944318] 
[55.944325] Reserved: 339us
[55.944726] 
[55.944733] Start  layer0: 40 SMs -> 15
[55.946823] End    layer0: 287 -> 2085 + -202 = 1882 (1950)
[55.946828] 
[55.946831] 
[55.946841] Start  layer1: 40 SMs -> 16
[55.962861] End    layer1: 979 -> 16016 + -9591 = 6424 (6648)
[55.962866] 
[55.962883] 
[55.962895] Start  layer2: 30 SMs -> 7
[55.969594] End    layer2: 1398 -> 6696 + -8769 = -2073 (7555)
[55.969599] 
[55.969604] 
[55.969612] Start  layer3: 40 SMs -> 18
[55.985423] End    layer3: 1370 -> 15810 + -15299 = 510 (9302)
[55.985426] 
[55.985429] 
[55.985433] Start  layer4: 40 SMs -> 14
[56.005309] End    layer4: 2089 -> 19870 + -20999 = -1129 (14182)
[56.005316] 
[56.005323] 
[56.005332] Start  layerX: 10 SMs -> 7
[56.006284] End    layerX: 84 -> 948 + -21614 = -20666 (360)
[56.006290] 
[56.006299] Delayed : 11634us
[56.006306] 
[56.006313] Start  layer0: 10 SMs -> 7
[56.008741] End    layer0: 546 -> 2423 + -12120 = -9697 (1950)
[56.008746] 
[56.008750] 
[56.008758] Start  layer1: 30 SMs -> 8
[56.017228] End    layer1: 1137 -> 8465 + -13958 = -5492 (6648)
[56.017233] 
[56.017242] 
[56.017276] Start  layer2: 30 SMs -> 8
[56.026510] End    layer2: 1398 -> 9231 + -15685 = -6454 (7555)
[56.026515] 
[56.026520] 
[56.026530] Start  layer3: 30 SMs -> 7
[56.032305] End    layer3: 1556 -> 5771 + -12178 = -6407 (9302)
[56.032310] 
[56.032316] 
[56.032325] Start  layer4: 30 SMs -> 5
[56.040675] End    layer4: 2361 -> 8345 + -6365 = 1979 (14182)
[56.040681] 
[56.040717] 
[56.040726] Start  layerX: 10 SMs -> 5
[56.041707] End    layerX: 84 -> 978 + -7038 = -6060 (360)
[56.041711] 
[56.041721] Reserved: 2944us
[56.044725] 
[56.044739] Start  layer0: 10 SMs -> 7
[56.048438] End    layer0: 546 -> 3697 + -1818 = 1878 (1950)
[56.048443] 
[56.048446] 
[56.048454] Start  layer1: 20 SMs -> 7
[56.058123] End    layer1: 1301 -> 9664 + -4853 = 4810 (6648)
[56.058128] 
[56.058136] 
[56.058145] Start  layer2: 20 SMs -> 7
[56.069041] End    layer2: 1556 -> 10892 + -8216 = 2674 (7555)
[56.069047] 
[56.069052] 
[56.069060] Start  layer3: 30 SMs -> 7
[56.076885] End    layer3: 1556 -> 7820 + -6758 = 1061 (9302)
[56.076891] 
[56.076899] 
[56.076908] Start  layer4: 30 SMs -> 7
[56.084982] End    layer4: 2361 -> 8069 + -672 = 7396 (14182)
[56.084988] 
[56.085029] 
[56.085041] Start  layerX: 40 SMs -> 15
[56.086565] End    layerX: 53 -> 1519 + -1892 = -373 (360)
[56.086571] 
[56.086583] Reserved: 8082us
[56.094733] 
[56.094747] Start  layer0: 10 SMs -> 10
[56.099002] End    layer0: 546 -> 4252 + -2381 = 1870 (1950)
[56.099007] 
[56.099011] 
[56.099018] Start  layer1: 20 SMs -> 8
[56.108341] End    layer1: 1301 -> 9318 + -5071 = 4246 (6648)
[56.108347] 
[56.108365] 
[56.108374] Start  layer2: 40 SMs -> 14
[56.122737] End    layer2: 1113 -> 14359 + -11912 = 2446 (7555)
[56.122743] 
[56.122748] 
[56.122757] Start  layer3: 20 SMs -> 8
[56.131874] End    layer3: 1723 -> 9111 + -11745 = -2635 (9302)
[56.131881] 
[56.131888] 
[56.131900] Start  layer4: 30 SMs -> 7
[56.142411] End    layer4: 2361 -> 10507 + -8099 = 2406 (14182)
[56.142418] 
[56.142428] 
[56.142448] Start  layerX: 10 SMs -> 5
[56.144985] End    layerX: 84 -> 2534 + -10314 = -7780 (360)
[56.144991] 
[56.145000] Delayed : 335us
[56.145007] 
[56.145017] Start  layer0: 40 SMs -> 14
[56.148430] End    layer0: 287 -> 3410 + -1809 = 1600 (1950)
[56.148435] 
[56.148438] 
[56.148453] Start  layer1: 40 SMs -> 16
[56.160738] End    layer1: 979 -> 12280 + -7468 = 4811 (6648)
[56.160744] 
[56.160748] 
[56.160758] Start  layer2: 40 SMs -> 15
[56.178617] End    layer2: 1113 -> 17852 + -17790 = 62 (7555)
[56.178624] 
[56.178631] 
[56.178644] Start  layer3: 20 SMs -> 7
[56.190361] End    layer3: 1723 -> 11711 + -20231 = -8520 (9302)
[56.190368] 
[56.190376] 
[56.190389] Start  layer4: 20 SMs -> 7
[56.198888] End    layer4: 2487 -> 8495 + -14577 = -6082 (14182)
[56.198894] 
[56.198899] 
[56.198908] Start  layerX: 10 SMs -> 4
[56.199609] End    layerX: 84 -> 696 + -14938 = -14242 (360)
[56.199614] 
[56.199627] Delayed : 4961us
[56.199635] 
[56.199646] Start  layer0: 10 SMs -> 5
[56.202521] End    layer0: 546 -> 2870 + -5899 = -3029 (1950)
[56.202526] 
[56.202530] 
[56.202539] Start  layer1: 20 SMs -> 9
[56.212779] End    layer1: 1301 -> 10236 + -9509 = 725 (6648)
[56.212785] 
[56.212807] 
[56.212815] Start  layer2: 20 SMs -> 9
[56.223539] End    layer2: 1556 -> 10717 + -12712 = -1995 (7555)
[56.223546] 
[56.223563] 
[56.223576] Start  layer3: 10 SMs -> 5
[56.234102] End    layer3: 2319 -> 10522 + -13975 = -3452 (9302)
[56.234107] 
[56.234113] 
[56.234122] Start  layer4: 30 SMs -> 8
[56.242841] End    layer4: 2361 -> 8713 + -8529 = 182 (14182)
[56.242848] 
[56.242859] 
[56.242870] Start  layerX: 30 SMs -> 5
[56.243839] End    layerX: 64 -> 964 + -9167 = -8202 (360)
[56.243846] 
[56.243859] Reserved: 806us
[56.244731] 
[56.244745] Start  layer0: 40 SMs -> 14
[56.251721] End    layer0: 287 -> 6971 + -5098 = 1871 (1950)
[56.251728] 
[56.251732] 
[56.251745] Start  layer1: 30 SMs -> 8
[56.259472] End    layer1: 1137 -> 7723 + -6202 = 1520 (6648)
[56.259478] 
[56.259485] 
[56.259497] Start  layer2: 20 SMs -> 7
[56.266852] End    layer2: 1556 -> 7351 + -6027 = 1323 (7555)
[56.266858] 
[56.266862] 
[56.266897] Start  layer3: 30 SMs -> 6
[56.274654] End    layer3: 1556 -> 7753 + -4527 = 3225 (9302)
[56.274660] 
[56.274666] 
[56.274676] Start  layer4: 30 SMs -> 6
[56.283400] End    layer4: 2361 -> 8718 + 910 = 9629 (14182)
[56.283406] 
[56.283427] 
[56.283446] Start  layerX: 20 SMs -> 7
[56.284706] End    layerX: 66 -> 1256 + -34 = 1221 (360)
[56.284712] 
[56.284722] Reserved: 9942us
[56.294736] 
[56.294754] Start  layer0: 10 SMs -> 7
[56.297025] End    layer0: 546 -> 2268 + -403 = 1864 (1950)
[56.297033] 
[56.297037] 
[56.297048] Start  layer1: 40 SMs -> 18
[56.313363] End    layer1: 979 -> 16310 + -10091 = 6218 (6648)
[56.313371] 
[56.313378] 
[56.313390] Start  layer2: 10 SMs -> 7
[56.323978] End    layer2: 2223 -> 10585 + -13153 = -2568 (7555)
[56.323985] 
[56.324001] 
[56.324009] Start  layer3: 30 SMs -> 7
[56.332249] End    layer3: 1556 -> 8236 + -12122 = -3887 (9302)
[56.332255] 
[56.332260] 
[56.332268] Start  layer4: 30 SMs -> 5
[56.338686] End    layer4: 2361 -> 6413 + -4375 = 2036 (14182)
[56.338691] 
[56.338696] 
[56.338704] Start  layerX: 30 SMs -> 2
[56.339006] End    layerX: 64 -> 297 + -4335 = -4038 (360)
[56.339012] 
[56.339031] Reserved: 5634us
[56.344730] 
[56.344744] Start  layer0: 10 SMs -> 11
[56.350256] End    layer0: 546 -> 5509 + -3635 = 1872 (1950)
[56.350262] 
[56.350265] 
[56.350273] Start  layer1: 10 SMs -> 7
[56.360729] End    layer1: 1906 -> 10451 + -7459 = 2992 (6648)
[56.360734] 
[56.360741] 
[56.360751] Start  layer2: 30 SMs -> 6
[56.367213] End    layer2: 1398 -> 6458 + -6388 = 69 (7555)
[56.367219] 
[56.367226] 
[56.367236] Start  layer3: 10 SMs -> 7
[56.377155] End    layer3: 2319 -> 9914 + -7027 = 2886 (9302)
[56.377161] 
[56.377171] 
[56.377182] Start  layer4: 30 SMs -> 8
[56.386373] End    layer4: 2361 -> 9185 + -2061 = 7123 (14182)
[56.386380] 
[56.386387] 
[56.386397] Start  layerX: 30 SMs -> 6
[56.387320] End    layerX: 64 -> 918 + -2648 = -1730 (360)
[56.387327] 
[56.387339] Reserved: 7325us
[56.394735] 
[56.394752] Start  layer0: 30 SMs -> 6
[56.395570] End    layer0: 307 -> 816 + 1050 = 1866 (1950)
[56.395576] 
[56.395579] 
[56.395587] Start  layer1: 30 SMs -> 5
[56.403640] End    layer1: 1137 -> 8048 + -370 = 7677 (6648)
[56.403646] 
[56.403652] 
[56.403661] Start  layer2: 30 SMs -> 9
[56.411263] End    layer2: 1398 -> 7595 + -436 = 7159 (7555)
[56.411270] 
[56.411277] 
[56.411287] Start  layer3: 40 SMs -> 15
[56.428681] End    layer3: 1370 -> 17389 + -8552 = 8835 (9302)
[56.428688] 
[56.428699] 
[56.428711] Start  layer4: 30 SMs -> 8
[56.438636] End    layer4: 2361 -> 9918 + -4322 = 5595 (14182)
[56.438644] 
[56.438651] 
[56.438664] Start  layerX: 30 SMs -> 6
[56.439227] End    layerX: 64 -> 561 + -4557 = -3996 (360)
[56.439232] 
[56.439252] Reserved: 5412us
[56.444733] 
[56.444751] Start  layer0: 10 SMs -> 6
[56.448649] End    layer0: 546 -> 3896 + -2028 = 1867 (1950)
[56.448654] 
[56.448657] 
[56.448666] Start  layer1: 10 SMs -> 5
[56.459935] End    layer1: 1906 -> 11264 + -6665 = 4599 (6648)
[56.459940] 
[56.459947] 
[56.459955] Start  layer2: 20 SMs -> 7
[56.467887] End    layer2: 1556 -> 7928 + -7062 = 865 (7555)
[56.467893] 
[56.467899] 
[56.467908] Start  layer3: 20 SMs -> 8
[56.477329] End    layer3: 1723 -> 9417 + -7202 = 2214 (9302)
[56.477335] 
[56.477339] 
[56.477349] Start  layer4: 20 SMs -> 8
[56.489160] End    layer4: 2487 -> 11803 + -4846 = 6956 (14182)
[56.489168] 
[56.489177] 
[56.489191] Start  layerX: 10 SMs -> 6
[56.490634] End    layerX: 84 -> 1441 + -5963 = -4523 (360)
[56.490640] 
[56.490654] Reserved: 4010us
[56.494731] 
[56.494749] Start  layer0: 30 SMs -> 6
[56.496687] End    layer0: 307 -> 1936 + -66 = 1869 (1950)
[56.496692] 
[56.496696] 
[56.496704] Start  layer1: 20 SMs -> 10
[56.507094] End    layer1: 1301 -> 10385 + -3824 = 6560 (6648)
[56.507100] 
[56.507104] 
[56.507113] Start  layer2: 20 SMs -> 9
[56.518446] End    layer2: 1556 -> 11326 + -7619 = 3706 (7555)
[56.518453] 
[56.518461] 
[56.518469] Start  layer3: 40 SMs -> 15
[56.536406] End    layer3: 1370 -> 17933 + -16279 = 1653 (9302)
[56.536412] 
[56.536417] 
[56.536425] Start  layer4: 20 SMs -> 8
[56.552540] End    layer4: 2487 -> 16111 + -18231 = -2120 (14182)
[56.552546] 
[56.552551] 
[56.552559] Start  layerX: 30 SMs -> 10
[56.553359] End    layerX: 64 -> 796 + -18688 = -17893 (360)
[56.553364] 
[56.553376] Delayed : 8711us
[56.553382] 
[56.553390] Start  layer0: 30 SMs -> 11
[56.555282] End    layer0: 307 -> 1887 + -8661 = -6773 (1950)
[56.555287] 
[56.555290] 
[56.555298] Start  layer1: 30 SMs -> 8
[56.560756] End    layer1: 1137 -> 5451 + -7484 = -2033 (6648)
[56.560763] 
[56.560769] 
[56.560780] Start  layer2: 40 SMs -> 14
[56.575096] End    layer2: 1113 -> 14310 + -14269 = 41 (7555)
[56.575102] 
[56.575111] 
[56.575122] Start  layer3: 30 SMs -> 8
[56.587230] End    layer3: 1556 -> 12105 + -17103 = -4998 (9302)
[56.587235] 
[56.587241] 
[56.587249] Start  layer4: 30 SMs -> 6
[56.597617] End    layer4: 2361 -> 10363 + -13307 = -2944 (14182)
[56.597624] 
[56.597628] 
[56.597637] Start  layerX: 10 SMs -> 6
[56.598896] End    layerX: 84 -> 1255 + -14225 = -12970 (360)
[56.598901] 
[56.598911] Delayed : 4246us
[56.598917] 
[56.598925] Start  layer0: 10 SMs -> 6
[56.600727] End    layer0: 546 -> 1800 + -4109 = -2309 (1950)
[56.600730] 
[56.600731] 
[56.600736] Start  layer1: 10 SMs -> 7
[56.608160] End    layer1: 1906 -> 7421 + -4893 = 2527 (6648)
[56.608163] 
[56.608193] 
[56.608198] Start  layer2: 40 SMs -> 14
[56.618949] End    layer2: 1113 -> 10749 + -8128 = 2620 (7555)
[56.618952] 
[56.618955] 
[56.618960] Start  layer3: 40 SMs -> 12
[56.628903] End    layer3: 1370 -> 9938 + -8776 = 1160 (9302)
[56.628909] 
[56.628914] 
[56.628923] Start  layer4: 40 SMs -> 12
[56.641179] End    layer4: 2089 -> 12251 + -6868 = 5382 (14182)
[56.641184] 
[56.641190] 
[56.641199] Start  layerX: 20 SMs -> 3
[56.641462] End    layerX: 66 -> 259 + -6792 = -6533 (360)
[56.641466] 
[56.641476] Reserved: 3188us
[56.644733] 
[56.644748] Start  layer0: 30 SMs -> 11
[56.646839] End    layer0: 307 -> 2091 + -221 = 1869 (1950)
[56.646842] 
[56.646844] 
[56.646849] Start  layer1: 30 SMs -> 9
[56.650735] End    layer1: 1137 -> 3883 + 2531 = 6414 (6648)
[56.650739] 
[56.650744] 
[56.650750] Start  layer2: 30 SMs -> 6
[56.655905] End    layer2: 1398 -> 5153 + 4916 = 10069 (7555)
[56.655909] 
[56.655914] 
[56.655919] Start  layer3: 10 SMs -> 8
[56.664585] End    layer3: 2319 -> 8658 + 5543 = 14201 (9302)
[56.664592] 
[56.664602] 
[56.664612] Start  layer4: 10 SMs -> 5
[56.671779] End    layer4: 3496 -> 7163 + 12530 = 19693 (14182)
[56.671785] 
[56.671791] 
[56.671799] Start  layerX: 10 SMs -> 4
[56.672364] End    layerX: 84 -> 562 + 12304 = 12866 (360)
[56.672369] 
[56.672379] Reserved: 22286us
[56.694736] 
[56.694754] Start  layer0: 10 SMs -> 8
[56.697377] End    layer0: 546 -> 2621 + -756 = 1864 (1950)
[56.697382] 
[56.697385] 
[56.697394] Start  layer1: 30 SMs -> 8
[56.704721] End    layer1: 1137 -> 7322 + -1451 = 5870 (6648)
[56.704727] 
[56.704732] 
[56.704741] Start  layer2: 30 SMs -> 8
[56.712934] End    layer2: 1398 -> 8188 + -2109 = 6078 (7555)
[56.712939] 
[56.712947] 
[56.712956] Start  layer3: 40 SMs -> 13
[56.731127] End    layer3: 1370 -> 18164 + -10998 = 7165 (9302)
[56.731134] 
[56.731154] 
[56.731166] Start  layer4: 40 SMs -> 7
[56.738714] End    layer4: 2089 -> 7545 + -4404 = 3139 (14182)
[56.738720] 
[56.738726] 
[56.738734] Start  layerX: 40 SMs -> 4
[56.739076] End    layerX: 53 -> 339 + -4406 = -4068 (360)
[56.739080] 
[56.739088] Reserved: 5576us
[56.744730] 
[56.744745] Start  layer0: 10 SMs -> 9
[56.747947] End    layer0: 546 -> 3199 + -1326 = 1872 (1950)
[56.747952] 
[56.747956] 
[56.747963] Start  layer1: 40 SMs -> 9
[56.753859] End    layer1: 979 -> 5890 + -587 = 5301 (6648)
[56.753866] 
[56.753873] 
[56.753885] Start  layer2: 40 SMs -> 10
[56.761997] End    layer2: 1113 -> 8109 + -1172 = 6935 (7555)
[56.762003] 
[56.762008] 
[56.762016] Start  layer3: 40 SMs -> 11
[56.776526] End    layer3: 1370 -> 14503 + -6397 = 8105 (9302)
[56.776533] 
[56.776542] 
[56.776553] Start  layer4: 40 SMs -> 8
[56.785701] End    layer4: 2089 -> 9144 + -1391 = 7752 (14182)
[56.785706] 
[56.785711] 
[56.785720] Start  layerX: 30 SMs -> 1
[56.785858] End    layerX: 64 -> 136 + -1189 = -1053 (360)
[56.785862] 
[56.785871] Reserved: 8794us
[56.794735] 
[56.794752] Start  layer0: 10 SMs -> 8
[56.797519] End    layer0: 546 -> 2763 + -896 = 1866 (1950)
[56.797526] 
[56.797530] 
[56.797539] Start  layer1: 10 SMs -> 5
[56.801888] End    layer1: 1906 -> 4345 + 1381 = 5726 (6648)
[56.801894] 
[56.801900] 
[56.801909] Start  layer2: 30 SMs -> 8
[56.808838] End    layer2: 1398 -> 6925 + 1986 = 8911 (7555)
[56.808844] 
[56.808865] 
[56.808873] Start  layer3: 30 SMs -> 7
[56.815468] End    layer3: 1556 -> 6590 + 4658 = 11248 (9302)
[56.815473] 
[56.815478] 
[56.815488] Start  layer4: 30 SMs -> 7
[56.824788] End    layer4: 2361 -> 9293 + 9523 = 18816 (14182)
[56.824795] 
[56.824804] 
[56.824816] Start  layerX: 10 SMs -> 3
[56.825976] End    layerX: 84 -> 1156 + 8695 = 9851 (360)
[56.825983] 
[56.825996] Reserved: 18669us
[56.844736] 
[56.844754] Start  layer0: 40 SMs -> 5
[56.845980] End    layer0: 287 -> 1223 + 641 = 1864 (1950)
[56.845986] 
[56.845990] 
[56.845998] Start  layer1: 40 SMs -> 7
[56.852648] End    layer1: 979 -> 6645 + 621 = 7266 (6648)
[56.852653] 
[56.852682] 
[56.852691] Start  layer2: 40 SMs -> 10
[56.861974] End    layer2: 1113 -> 9278 + -1149 = 8129 (7555)
[56.861979] 
[56.861985] 
[56.861994] Start  layer3: 40 SMs -> 11
[56.878636] End    layer3: 1370 -> 16636 + -8507 = 8127 (9302)
[56.878643] 
[56.878651] 
[56.878663] Start  layer4: 30 SMs -> 2
[56.881303] End    layer4: 2361 -> 2637 + 3006 = 5643 (14182)
[56.881309] 
[56.881314] 
[56.881322] Start  layerX: 40 SMs -> 2
[56.881479] End    layerX: 53 -> 154 + 3190 = 3344 (360)
[56.881483] 
[56.881490] Reserved: 13174us
[56.894733] 
[56.894749] Start  layer0: 10 SMs -> 7
[56.897257] End    layer0: 546 -> 2503 + -634 = 1868 (1950)
[56.897264] 
[56.897268] 
[56.897279] Start  layer1: 40 SMs -> 9
[56.903427] End    layer1: 979 -> 6142 + -155 = 5986 (6648)
[56.903434] 
[56.903442] 
[56.903454] Start  layer2: 40 SMs -> 10
[56.914214] End    layer2: 1113 -> 10756 + -3389 = 7366 (7555)
[56.914220] 
[56.914225] 
[56.914235] Start  layer3: 40 SMs -> 11
[56.925748] End    layer3: 1370 -> 11509 + -5622 = 5887 (9302)
[56.925754] 
[56.925759] 
[56.925768] Start  layer4: 40 SMs -> 6
[56.930868] End    layer4: 2089 -> 5096 + 3441 = 8537 (14182)
[56.930873] 
[56.930878] 
[56.930886] Start  layerX: 40 SMs -> 1
[56.930988] End    layerX: 53 -> 100 + 3679 = 3779 (360)
[56.930992] 
[56.931000] Reserved: 13664us
[56.944725] 
[56.944738] Start  layer0: 20 SMs -> 5
[56.945874] End    layer0: 424 -> 1132 + 746 = 1878 (1950)
[56.945879] 
[56.945882] 
[56.945891] Start  layer1: 20 SMs -> 5
[56.950251] End    layer1: 1301 -> 4358 + 3015 = 7373 (6648)
[56.950254] 
[56.950256] 
[56.950261] Start  layer2: 20 SMs -> 5
[56.954768] End    layer2: 1556 -> 4504 + 6053 = 10557 (7555)
[56.954772] 
[56.954789] 
[56.954794] Start  layer3: 40 SMs -> 9
[56.964403] End    layer3: 1370 -> 9604 + 5723 = 15326 (9302)
[56.964409] 
[56.964416] 
[56.964425] Start  layer4: 10 SMs -> 5
[56.972680] End    layer4: 3496 -> 8252 + 11629 = 19880 (14182)
[56.972686] 
[56.972692] 
[56.972700] Start  layerX: 20 SMs -> 5
[56.973911] End    layerX: 66 -> 1209 + 10757 = 11966 (360)
[56.973916] 
[56.973925] Reserved: 20739us
[56.994735] 
[56.994749] Start  layer0: 10 SMs -> 6
[56.996895] End    layer0: 546 -> 2141 + -272 = 1868 (1950)
[56.996900] 
[56.996904] 
[56.996911] Start  layer1: 20 SMs -> 6
[57.002484] End    layer1: 1301 -> 5566 + 787 = 6353 (6648)
[57.002492] 
[57.002499] 
[57.002510] Start  layer2: 40 SMs -> 9
[57.010082] End    layer2: 1113 -> 7567 + 744 = 8310 (7555)
[57.010089] 
[57.010106] 
[57.010117] Start  layer3: 10 SMs -> 3
[57.019530] End    layer3: 2319 -> 9408 + 598 = 10006 (9302)
[57.019537] 
[57.019544] 
[57.019556] Start  layer4: 40 SMs -> 7
[57.026945] End    layer4: 2089 -> 7386 + 7364 = 14750 (14182)
[57.026950] 
[57.026955] 
[57.026964] Start  layerX: 40 SMs -> 3
[57.027256] End    layerX: 53 -> 289 + 7412 = 7701 (360)
[57.027260] 
[57.027277] Reserved: 17387us
[57.044727] 
[57.044738] Start  layer0: 20 SMs -> 5
[57.045567] End    layer0: 424 -> 825 + 1053 = 1878 (1950)
[57.045572] 
[57.045575] 
[57.045583] Start  layer1: 10 SMs -> 6
[57.049017] End    layer1: 1906 -> 3429 + 4253 = 7681 (6648)
[57.049022] 
[57.049028] 
[57.049036] Start  layer2: 30 SMs -> 6
[57.053397] End    layer2: 1398 -> 4356 + 7427 = 11784 (7555)
[57.053403] 
[57.053408] 
[57.053416] Start  layer3: 30 SMs -> 5
[57.058785] End    layer3: 1556 -> 5364 + 11341 = 16705 (9302)
[57.058791] 
[57.058797] 
[57.058805] Start  layer4: 30 SMs -> 5
[57.064838] End    layer4: 2361 -> 6026 + 19473 = 25499 (14182)
[57.064845] 
[57.064856] 
[57.064868] Start  layerX: 30 SMs -> 4
[57.065805] End    layerX: 64 -> 933 + 18866 = 19799 (360)
[57.065812] 
[57.065825] Reserved: 28840us
[57.094734] 
[57.094751] Start  layer0: 40 SMs -> 5
[57.095743] End    layer0: 287 -> 990 + 878 = 1867 (1950)
[57.095750] 
[57.095754] 
[57.095765] Start  layer1: 20 SMs -> 4
[57.100926] End    layer1: 1301 -> 5156 + 2345 = 7501 (6648)
[57.100933] 
[57.100945] 
[57.100956] Start  layer2: 10 SMs -> 3
[57.106669] End    layer2: 2223 -> 5709 + 4155 = 9865 (7555)
[57.106674] 
[57.106679] 
[57.106688] Start  layer3: 20 SMs -> 5
[57.112330] End    layer3: 1723 -> 5636 + 7798 = 13434 (9302)
[57.112337] 
[57.112349] 
[57.112360] Start  layer4: 20 SMs -> 4
[57.118673] End    layer4: 2487 -> 6308 + 15638 = 21946 (14182)
[57.118680] 
[57.118690] 
[57.118701] Start  layerX: 40 SMs -> 6
[57.119668] End    layerX: 53 -> 961 + 15004 = 15965 (360)
[57.119675] 
[57.119687] Reserved: 24978us
[57.144731] 
[57.144745] Start  layer0: 10 SMs -> 4
[57.146070] End    layer0: 546 -> 1321 + 551 = 1872 (1950)
[57.146077] 
[57.146082] 
[57.146092] Start  layer1: 10 SMs -> 3
[57.149634] End    layer1: 1906 -> 3538 + 3636 = 7173 (6648)
[57.149641] 
[57.149649] 
[57.149657] Start  layer2: 20 SMs -> 5
[57.154084] End    layer2: 1556 -> 4421 + 6742 = 11163 (7555)
[57.154090] 
[57.154104] 
[57.154112] Start  layer3: 20 SMs -> 4
[57.158916] End    layer3: 1723 -> 4799 + 11210 = 16009 (9302)
[57.158921] 
[57.158927] 
[57.158936] Start  layer4: 20 SMs -> 4
[57.165097] End    layer4: 2487 -> 6157 + 19212 = 25369 (14182)
[57.165103] 
[57.165113] 
[57.165121] Start  layerX: 10 SMs -> 3
[57.165607] End    layerX: 84 -> 483 + 19061 = 19544 (360)
[57.165612] 
[57.165620] Reserved: 29044us
[57.194736] 
[57.194753] Start  layer0: 40 SMs -> 3
[57.195512] End    layer0: 287 -> 755 + 1109 = 1864 (1950)
[57.195517] 
[57.195521] 
[57.195529] Start  layer1: 40 SMs -> 4
[57.200148] End    layer1: 979 -> 4613 + 3123 = 7736 (6648)
[57.200155] 
[57.200163] 
[57.200174] Start  layer2: 20 SMs -> 4
[57.204033] End    layer2: 1556 -> 3854 + 6793 = 10647 (7555)
[57.204040] 
[57.204047] 
[57.204058] Start  layer3: 20 SMs -> 3
[57.208563] End    layer3: 1723 -> 4500 + 11565 = 16064 (9302)
[57.208570] 
[57.208582] 
[57.208592] Start  layer4: 40 SMs -> 6
[57.214953] End    layer4: 2089 -> 6357 + 19356 = 25713 (14182)
[57.214958] 
[57.214964] 
[57.214973] Start  layerX: 40 SMs -> 3
[57.215253] End    layerX: 53 -> 277 + 19415 = 19693 (360)
[57.215257] 
[57.215267] Reserved: 29397us
[57.244735] 
[57.244751] Start  layer0: 20 SMs -> 3
[57.245462] End    layer0: 424 -> 709 + 1157 = 1866 (1950)
[57.245468] 
[57.245471] 
[57.245479] Start  layer1: 40 SMs -> 4
[57.248340] End    layer1: 979 -> 2855 + 4930 = 7785 (6648)
[57.248347] 
[57.248385] 
[57.248397] Start  layer2: 40 SMs -> 5
[57.252395] End    layer2: 1113 -> 3993 + 8431 = 12424 (7555)
[57.252402] 
[57.252409] 
[57.252421] Start  layer3: 10 SMs -> 2
[57.255843] End    layer3: 2319 -> 3419 + 14283 = 17702 (9302)
[57.255849] 
[57.255854] 
[57.255862] Start  layer4: 10 SMs -> 2
[57.260867] End    layer4: 3496 -> 4998 + 23444 = 28442 (14182)
[57.260874] 
[57.260894] 
[57.260904] Start  layerX: 40 SMs -> 2
[57.261061] End    layerX: 53 -> 154 + 23609 = 23763 (360)
[57.261067] 
[57.261081] Reserved: 33584us
[57.294735] 
[57.294753] Start  layer0: 20 SMs -> 3
[57.295553] End    layer0: 424 -> 796 + 1069 = 1865 (1950)
[57.295559] 
[57.295564] 
[57.295575] Start  layer1: 20 SMs -> 3
[57.298460] End    layer1: 1301 -> 2881 + 4810 = 7691 (6648)
[57.298494] 
[57.298501] 
[57.298513] Start  layer2: 40 SMs -> 4
[57.302507] End    layer2: 1113 -> 3989 + 8319 = 12308 (7555)
[57.302514] 
[57.302522] 
[57.302532] Start  layer3: 20 SMs -> 3
[57.307073] End    layer3: 1723 -> 4535 + 13055 = 17590 (9302)
[57.307080] 
[57.307089] 
[57.307100] Start  layer4: 40 SMs -> 4
[57.311286] End    layer4: 2089 -> 4181 + 23025 = 27206 (14182)
[57.311293] 
[57.311299] 
[57.311311] Start  layerX: 10 SMs -> 2
[57.311482] End    layerX: 84 -> 166 + 23190 = 23356 (360)
[57.311488] 
[57.311499] Reserved: 33165us
[57.344732] 
[57.344746] Start  layer0: 30 SMs -> 3
[57.345480] End    layer0: 307 -> 730 + 1142 = 1871 (1950)
[57.345487] 
[57.345492] 
[57.345513] Start  layer1: 30 SMs -> 3
[57.348274] End    layer1: 1137 -> 2756 + 4997 = 7752 (6648)
[57.348281] 
[57.348304] 
[57.348316] Start  layer2: 30 SMs -> 3
[57.351885] End    layer2: 1398 -> 3564 + 8941 = 12505 (7555)
[57.351892] 
[57.351898] 
[57.351909] Start  layer3: 30 SMs -> 3
[57.356663] End    layer3: 1556 -> 4749 + 13465 = 18214 (9302)
[57.356670] 
[57.356676] 
[57.356686] Start  layer4: 30 SMs -> 2
[57.360428] End    layer4: 2361 -> 3738 + 23881 = 27619 (14182)
[57.360433] 
[57.360439] 
[57.360447] Start  layerX: 40 SMs -> 1
[57.360553] End    layerX: 53 -> 104 + 24115 = 24219 (360)
[57.360556] 
[57.360563] Reserved: 34101us
[57.394734] 
[57.394751] Start  layer0: 40 SMs -> 3
[57.395401] End    layer0: 287 -> 646 + 1221 = 1867 (1950)
[57.395408] 
[57.395413] 
[57.395423] Start  layer1: 40 SMs -> 3
[57.398173] End    layer1: 979 -> 2745 + 5098 = 7842 (6648)
[57.398180] 
[57.398187] 
[57.398197] Start  layer2: 20 SMs -> 2
[57.401027] End    layer2: 1556 -> 2825 + 9799 = 12624 (7555)
[57.401033] 
[57.401045] 
[57.401055] Start  layer3: 10 SMs -> 2
[57.404387] End    layer3: 2319 -> 3327 + 15741 = 19067 (9302)
[57.404394] 
[57.404411] 
[57.404420] Start  layer4: 20 SMs -> 2
[57.407946] End    layer4: 2487 -> 3521 + 26365 = 29885 (14182)
[57.407953] 
[57.407959] 
[57.407969] Start  layerX: 30 SMs -> 2
[57.408111] End    layerX: 64 -> 137 + 26560 = 26697 (360)
[57.408117] 
[57.408128] Reserved: 36537us
[57.444737] 
[57.444755] Start  layer0: 40 SMs -> 3
[57.445428] End    layer0: 287 -> 669 + 1194 = 1863 (1950)
[57.445435] 
[57.445439] 
[57.445450] Start  layer1: 20 SMs -> 2
[57.447712] End    layer1: 1301 -> 2258 + 5557 = 7815 (6648)
[57.447718] 
[57.447723] 
[57.447731] Start  layer2: 30 SMs -> 2
[57.450659] End    layer2: 1398 -> 2921 + 10167 = 13088 (7555)
[57.450666] 
[57.450672] 
[57.450682] Start  layer3: 20 SMs -> 3
[57.454732] End    layer3: 1723 -> 4044 + 15396 = 19440 (9302)
[57.454739] 
[57.454747] 
[57.454758] Start  layer4: 30 SMs -> 2
[57.457567] End    layer4: 2361 -> 2806 + 26742 = 29548 (14182)
[57.457573] 
[57.457578] 
[57.457586] Start  layerX: 40 SMs -> 1
[57.457694] End    layerX: 53 -> 105 + 26974 = 27080 (360)
[57.457698] 
[57.457705] Reserved: 36959us
[57.494736] 
[57.494753] Start  layer0: 30 SMs -> 2
[57.495396] End    layer0: 307 -> 639 + 1225 = 1865 (1950)
[57.495403] 
[57.495408] 
[57.495418] Start  layer1: 30 SMs -> 2
[57.497563] End    layer1: 1137 -> 2140 + 5708 = 7847 (6648)
[57.497570] 
[57.497578] 
[57.497589] Start  layer2: 20 SMs -> 2
[57.500277] End    layer2: 1556 -> 2682 + 10550 = 13232 (7555)
[57.500284] 
[57.500294] 
[57.500305] Start  layer3: 30 SMs -> 2
[57.504168] End    layer3: 1556 -> 3858 + 15960 = 19818 (9302)
[57.504175] 
[57.504186] 
[57.504197] Start  layer4: 40 SMs -> 4
[57.506552] End    layer4: 2089 -> 2351 + 27758 = 30108 (14182)
[57.506557] 
[57.506562] 
[57.506570] Start  layerX: 40 SMs -> 1
[57.506671] End    layerX: 53 -> 98 + 27997 = 28095 (360)
[57.506674] 
[57.506681] Reserved: 37983us
[57.544728] 
[57.544739] Start  layer0: 20 SMs -> 1
[57.545251] End    layer0: 424 -> 508 + 1369 = 1877 (1950)
[57.545256] 
[57.545260] 
[57.545268] Start  layer1: 40 SMs -> 2
[57.546782] End    layer1: 979 -> 1510 + 6487 = 7997 (6648)
[57.546788] 
[57.546792] 
[57.546800] Start  layer2: 40 SMs -> 2
[57.549306] End    layer2: 1113 -> 2502 + 11518 = 14019 (7555)
[57.549312] 
[57.549344] 
[57.549352] Start  layer3: 10 SMs -> 1
[57.551653] End    layer3: 2319 -> 2296 + 18474 = 20769 (9302)
[57.551659] 
[57.551663] 
[57.551672] Start  layer4: 40 SMs -> 1
[57.553592] End    layer4: 2089 -> 1915 + 30718 = 32633 (14182)
[57.553598] 
[57.553602] 
[57.553611] Start  layerX: 40 SMs -> 1
[57.553718] End    layerX: 53 -> 104 + 30951 = 31055 (360)
[57.553722] 
[57.553729] Reserved: 40935us
[57.594729] 
[57.594739] Start  layer0: 30 SMs -> 1
[57.595134] End    layer0: 307 -> 391 + 1486 = 1877 (1950)
[57.595139] 
[57.595142] 
[57.595150] Start  layer1: 20 SMs -> 1
[57.596447] End    layer1: 1301 -> 1293 + 6821 = 8114 (6648)
[57.596452] 
[57.596457] 
[57.596465] Start  layer2: 20 SMs -> 1
[57.598097] End    layer2: 1556 -> 1627 + 12727 = 14354 (7555)
[57.598102] 
[57.598107] 
[57.598115] Start  layer3: 20 SMs -> 1
[57.599874] End    layer3: 1723 -> 1748 + 20258 = 22006 (9302)
[57.599880] 
[57.599884] 
[57.599894] Start  layer4: 40 SMs -> 1
[57.601773] End    layer4: 2089 -> 1876 + 32535 = 34412 (14182)
[57.601779] 
[57.601783] 
[57.601791] Start  layerX: 40 SMs -> 1
[57.601893] End    layerX: 53 -> 99 + 32775 = 32874 (360)
[57.601896] 
[57.601903] Reserved: 42761us
