[41.639931] layer0:
[41.653164] 	10	344us, 558us
[41.663576] 	20	236us, 399us
[41.672858] 	30	206us, 313us
[41.681712] 	40	185us, 293us
[41.681725] Params: 0.62	0.36	0.39

[41.681729] layer1:
[41.719308] 	10	1118us, 1932us
[41.744377] 	20	797us, 1289us
[41.767382] 	30	694us, 1181us
[41.788122] 	40	683us, 986us
[41.788134] Params: 0.62	0.25	0.43

[41.788140] layer2:
[41.830350] 	10	1334us, 2122us
[41.859563] 	20	986us, 1514us
[41.886663] 	30	932us, 1379us
[41.910167] 	40	798us, 1154us
[41.910180] Params: 0.66	0.32	0.39

[41.910186] layer3:
[41.956434] 	10	1407us, 2387us
[41.986166] 	20	968us, 1623us
[42.015470] 	30	927us, 1588us
[42.042288] 	40	894us, 1363us
[42.042301] Params: 0.61	0.22	0.34

[42.042306] layer4:
[42.112459] 	10	2395us, 3515us
[42.156752] 	20	1572us, 2460us
[42.199175] 	30	1523us, 2315us
[42.238639] 	40	1423us, 2102us
[42.238652] Params: 0.66	0.27	0.29

[42.238658] layerX:
[42.243956] 	10	44us, 73us
[42.249214] 	20	41us, 63us
[42.254491] 	30	40us, 62us
[42.259574] 	40	40us, 54us
[42.259587] Params: 0.66	0.05	0.21

