[55.493926] 
[55.493938] Start  layer0: 30 SMs -> 5
[55.495986] End    layer0: 312 -> 2047 + -90 = 1956 (1967)
[55.495989] 
[55.495990] 
[55.495994] Start  layer1: 30 SMs -> 9
[55.508136] End    layer1: 1181 -> 12139 + -5617 = 6521 (6623)
[55.508139] 
[55.508143] 
[55.508148] Start  layer2: 40 SMs -> 13
[55.518823] End    layer2: 1154 -> 10671 + -8545 = 2126 (7757)
[55.518826] 
[55.518842] 
[55.518848] Start  layer3: 40 SMs -> 13
[55.535848] End    layer3: 1363 -> 16998 + -16410 = 588 (9161)
[55.535851] 
[55.535865] 
[55.535870] Start  layer4: 40 SMs -> 10
[55.549278] End    layer4: 2102 -> 13406 + -15713 = -2307 (14127)
[55.549281] 
[55.549290] 
[55.549295] Start  layerX: 40 SMs -> 13
[55.550251] End    layerX: 54 -> 954 + -16323 = -15369 (363)
[55.550254] 
[55.550267] Delayed : 6341us
[55.550271] 
[55.550275] Start  layer0: 10 SMs -> 8
[55.552383] End    layer0: 558 -> 2106 + -6487 = -4381 (1967)
[55.552386] 
[55.552388] 
[55.552392] Start  layer1: 20 SMs -> 7
[55.558855] End    layer1: 1288 -> 6460 + -6336 = 124 (6623)
[55.558859] 
[55.558863] 
[55.558870] Start  layer2: 20 SMs -> 8
[55.566154] End    layer2: 1514 -> 7282 + -5877 = 1404 (7757)
[55.566157] 
[55.566176] 
[55.566180] Start  layer3: 40 SMs -> 13
[55.577099] End    layer3: 1363 -> 10915 + -7660 = 3255 (9161)
[55.577103] 
[55.577112] 
[55.577118] Start  layer4: 40 SMs -> 12
[55.591868] End    layer4: 2102 -> 14748 + -8303 = 6444 (14127)
[55.591871] 
[55.591874] 
[55.591879] Start  layerX: 40 SMs -> 7
[55.591955] End    layerX: 54 -> 74 + -8028 = -7953 (363)
[55.591957] 
[55.591961] Reserved: 1964us
[55.593984] 
[55.593992] Start  layer0: 30 SMs -> 4
[55.595634] End    layer0: 312 -> 1640 + 261 = 1901 (1967)
[55.595637] 
[55.595639] 
[55.595643] Start  layer1: 40 SMs -> 15
[55.603293] End    layer1: 985 -> 7648 + -774 = 6873 (6623)
[55.603296] 
[55.603299] 
[55.603303] Start  layer2: 40 SMs -> 14
[55.615850] End    layer2: 1154 -> 12539 + -5568 = 6970 (7757)
[55.615857] 
[55.615866] 
[55.615877] Start  layer3: 10 SMs -> 6
[55.624954] End    layer3: 2387 -> 9074 + -5513 = 3560 (9161)
[55.624960] 
[55.624973] 
[55.624980] Start  layer4: 20 SMs -> 7
[55.633420] End    layer4: 2460 -> 8433 + 150 = 8583 (14127)
[55.633427] 
[55.633434] 
[55.633445] Start  layerX: 10 SMs -> 6
[55.634594] End    layerX: 72 -> 1143 + -660 = 481 (363)
[55.634601] 
[55.634622] Reserved: 9304us
[55.643989] 
[55.644004] Start  layer0: 30 SMs -> 9
[55.646616] End    layer0: 312 -> 2610 + -716 = 1892 (1967)
[55.646621] 
[55.646625] 
[55.646634] Start  layer1: 10 SMs -> 8
[55.656188] End    layer1: 1932 -> 9550 + -3666 = 5883 (6623)
[55.656194] 
[55.656200] 
[55.656209] Start  layer2: 40 SMs -> 16
[55.670953] End    layer2: 1154 -> 14739 + -10673 = 4066 (7757)
[55.670959] 
[55.670965] 
[55.670974] Start  layer3: 40 SMs -> 15
[55.686122] End    layer3: 1363 -> 15143 + -16681 = -1537 (9161)
[55.686128] 
[55.686133] 
[55.686142] Start  layer4: 40 SMs -> 12
[55.697954] End    layer4: 2102 -> 11807 + -14385 = -2578 (14127)
[55.697959] 
[55.697964] 
[55.697973] Start  layerX: 40 SMs -> 12
[55.699331] End    layerX: 54 -> 1353 + -15399 = -14046 (363)
[55.699336] 
[55.699347] Delayed : 5420us
[55.699352] 
[55.699361] Start  layer0: 40 SMs -> 13
[55.700907] End    layer0: 292 -> 1542 + -5008 = -3466 (1967)
[55.700914] 
[55.700919] 
[55.700929] Start  layer1: 40 SMs -> 14
[55.717685] End    layer1: 985 -> 16750 + -15161 = 1588 (6623)
[55.717692] 
[55.717727] 
[55.717740] Start  layer2: 10 SMs -> 6
[55.730539] End    layer2: 2121 -> 12795 + -20258 = -7463 (7757)
[55.730544] 
[55.730560] 
[55.730571] Start  layer3: 10 SMs -> 6
[55.737925] End    layer3: 2387 -> 7350 + -18483 = -11133 (9161)
[55.737930] 
[55.737935] 
[55.737943] Start  layer4: 20 SMs -> 5
[55.748284] End    layer4: 2460 -> 10334 + -14713 = -4379 (14127)
[55.748291] 
[55.748302] 
[55.748313] Start  layerX: 20 SMs -> 7
[55.749892] End    layerX: 63 -> 1575 + -15960 = -14385 (363)
[55.749897] 
[55.749906] Delayed : 5979us
[55.749912] 
[55.749921] Start  layer0: 20 SMs -> 8
[55.751552] End    layer0: 399 -> 1625 + -5650 = -4026 (1967)
[55.751558] 
[55.751593] 
[55.751605] Start  layer1: 20 SMs -> 8
[55.760058] End    layer1: 1288 -> 8448 + -7533 = 913 (6623)
[55.760064] 
[55.760070] 
[55.760080] Start  layer2: 10 SMs -> 5
[55.768858] End    layer2: 2121 -> 8772 + -8575 = 196 (7757)
[55.768865] 
[55.768888] 
[55.768901] Start  layer3: 10 SMs -> 4
[55.775652] End    layer3: 2387 -> 6748 + -6211 = 536 (9161)
[55.775658] 
[55.775666] 
[55.775674] Start  layer4: 20 SMs -> 7
[55.785699] End    layer4: 2460 -> 10021 + -2131 = 7889 (14127)
[55.785705] 
[55.785714] 
[55.785725] Start  layerX: 30 SMs -> 9
[55.786460] End    layerX: 61 -> 731 + -2529 = -1797 (363)
[55.786465] 
[55.786478] Reserved: 7448us
[55.793993] 
[55.794007] Start  layer0: 20 SMs -> 7
[55.797115] End    layer0: 399 -> 3104 + -1214 = 1889 (1967)
[55.797122] 
[55.797127] 
[55.797137] Start  layer1: 20 SMs -> 9
[55.806688] End    layer1: 1288 -> 9545 + -4163 = 5381 (6623)
[55.806695] 
[55.806702] 
[55.806714] Start  layer2: 40 SMs -> 17
[55.823340] End    layer2: 1154 -> 16623 + -13060 = 3562 (7757)
[55.823346] 
[55.823352] 
[55.823361] Start  layer3: 30 SMs -> 9
[55.832148] End    layer3: 1587 -> 8781 + -12705 = -3924 (9161)
[55.832155] 
[55.832163] 
[55.832173] Start  layer4: 30 SMs -> 7
[55.842110] End    layer4: 2315 -> 9933 + -8541 = 1391 (14127)
[55.842116] 
[55.842124] 
[55.842133] Start  layerX: 30 SMs -> 3
[55.842269] End    layerX: 61 -> 133 + -8339 = -8206 (363)
[55.842273] 
[55.842280] Reserved: 1645us
[55.843990] 
[55.844003] Start  layer0: 40 SMs -> 12
[55.846071] End    layer0: 292 -> 2065 + -172 = 1892 (1967)
[55.846077] 
[55.846080] 
[55.846088] Start  layer1: 20 SMs -> 9
[55.853474] End    layer1: 1288 -> 7381 + -951 = 6429 (6623)
[55.853479] 
[55.853484] 
[55.853493] Start  layer2: 20 SMs -> 7
[55.860681] End    layer2: 1514 -> 7182 + -399 = 6782 (7757)
[55.860689] 
[55.860699] 
[55.860710] Start  layer3: 30 SMs -> 5
[55.866492] End    layer3: 1587 -> 5777 + 2950 = 8727 (9161)
[55.866499] 
[55.866513] 
[55.866525] Start  layer4: 40 SMs -> 15
[55.883328] End    layer4: 2102 -> 16798 + 241 = 17039 (14127)
[55.883335] 
[55.883361] 
[55.883372] Start  layerX: 20 SMs -> 8
[55.884505] End    layerX: 63 -> 1130 + -573 = 555 (363)
[55.884510] 
[55.884526] Reserved: 9400us
[55.893993] 
[55.894007] Start  layer0: 20 SMs -> 12
[55.896607] End    layer0: 399 -> 2597 + -708 = 1888 (1967)
[55.896613] 
[55.896616] 
[55.896625] Start  layer1: 30 SMs -> 5
[55.905581] End    layer1: 1181 -> 8951 + -3058 = 5892 (6623)
[55.905587] 
[55.905591] 
[55.905599] Start  layer2: 20 SMs -> 5
[55.915406] End    layer2: 1514 -> 9799 + -5122 = 4676 (7757)
[55.915414] 
[55.915422] 
[55.915437] Start  layer3: 20 SMs -> 7
[55.924223] End    layer3: 1623 -> 8780 + -4778 = 4001 (9161)
[55.924231] 
[55.924240] 
[55.924254] Start  layer4: 20 SMs -> 9
[55.934322] End    layer4: 2460 -> 10066 + -754 = 9311 (14127)
[55.934328] 
[55.934335] 
[55.934344] Start  layerX: 20 SMs -> 7
[55.935586] End    layerX: 63 -> 1236 + -1653 = -417 (363)
[55.935593] 
[55.935624] Reserved: 8302us
[55.943993] 
[55.944011] Start  layer0: 40 SMs -> 14
[55.947981] End    layer0: 292 -> 3968 + -2082 = 1886 (1967)
[55.947987] 
[55.947990] 
[55.947999] Start  layer1: 20 SMs -> 7
[55.955316] End    layer1: 1288 -> 7311 + -2792 = 4518 (6623)
[55.955323] 
[55.955333] 
[55.955344] Start  layer2: 40 SMs -> 16
[55.978141] End    layer2: 1154 -> 22794 + -17860 = 4932 (7757)
[55.978146] 
[55.978151] 
[55.978161] Start  layer3: 40 SMs -> 17
[56.001814] End    layer3: 1363 -> 23648 + -32372 = -8724 (9161)
[56.001821] 
[56.001826] 
[56.001848] Start  layer4: 40 SMs -> 14
[56.022061] End    layer4: 2102 -> 20210 + -38493 = -18283 (14127)
[56.022067] 
[56.022076] 
[56.022085] Start  layerX: 40 SMs -> 16
[56.024002] End    layerX: 54 -> 1913 + -40070 = -38158 (363)
[56.024008] 
[56.024101] Delayed : 30171us
[56.024113] 
[56.024124] Start  layer0: 10 SMs -> 5
[56.025660] End    layer0: 558 -> 1531 + -29758 = -28228 (1967)
[56.025667] 
[56.025672] 
[56.025683] Start  layer1: 10 SMs -> 4
[56.034278] End    layer1: 1932 -> 8592 + -31756 = -23164 (6623)
[56.034284] 
[56.034314] 
[56.034323] Start  layer2: 10 SMs -> 4
[56.040638] End    layer2: 2121 -> 6311 + -30358 = -24047 (7757)
[56.040644] 
[56.040649] 
[56.040662] Start  layer3: 10 SMs -> 3
[56.049768] End    layer3: 2387 -> 9101 + -30325 = -21224 (9161)
[56.049775] 
[56.049781] 
[56.049792] Start  layer4: 20 SMs -> 8
[56.060737] End    layer4: 2460 -> 10941 + -27168 = -16227 (14127)
[56.060743] 
[56.060765] 
[56.060775] Start  layerX: 20 SMs -> 8
[56.061300] End    layerX: 63 -> 522 + -27369 = -26847 (363)
[56.061306] 
[56.061314] Delayed : 17387us
[56.061320] 
[56.061328] Start  layer0: 10 SMs -> 5
[56.062969] End    layer0: 558 -> 1636 + -17070 = -15433 (1967)
[56.062975] 
[56.062978] 
[56.062988] Start  layer1: 10 SMs -> 6
[56.069881] End    layer1: 1932 -> 6887 + -17356 = -10470 (6623)
[56.069888] 
[56.069894] 
[56.069905] Start  layer2: 20 SMs -> 8
[56.078965] End    layer2: 1514 -> 9056 + -18684 = -9628 (7757)
[56.078971] 
[56.078982] 
[56.078990] Start  layer3: 20 SMs -> 7
[56.089145] End    layer3: 1623 -> 10150 + -19703 = -9553 (9161)
[56.089150] 
[56.089158] 
[56.089166] Start  layer4: 30 SMs -> 5
[56.096851] End    layer4: 2315 -> 7680 + -13282 = -5602 (14127)
[56.096857] 
[56.096863] 
[56.096872] Start  layerX: 30 SMs -> 8
[56.097204] End    layerX: 61 -> 328 + -13273 = -12945 (363)
[56.097209] 
[56.097218] Delayed : 3292us
[56.097224] 
[56.097232] Start  layer0: 10 SMs -> 11
[56.103138] End    layer0: 558 -> 5902 + -7239 = -1337 (1967)
[56.103144] 
[56.103147] 
[56.103156] Start  layer1: 40 SMs -> 12
[56.118584] End    layer1: 985 -> 15424 + -16062 = -638 (6623)
[56.118590] 
[56.118619] 
[56.118628] Start  layer2: 30 SMs -> 7
[56.128604] End    layer2: 1378 -> 9972 + -18324 = -8352 (7757)
[56.128609] 
[56.128616] 
[56.128624] Start  layer3: 40 SMs -> 15
[56.146173] End    layer3: 1363 -> 17545 + -26732 = -9187 (9161)
[56.146179] 
[56.146185] 
[56.146197] Start  layer4: 20 SMs -> 8
[56.157090] End    layer4: 2460 -> 10889 + -23521 = -12633 (14127)
[56.157096] 
[56.157104] 
[56.157112] Start  layerX: 10 SMs -> 8
[56.158382] End    layerX: 72 -> 1265 + -24450 = -23185 (363)
[56.158387] 
[56.158397] Delayed : 14470us
[56.158403] 
[56.158410] Start  layer0: 40 SMs -> 14
[56.160214] End    layer0: 292 -> 1799 + -14315 = -12515 (1967)
[56.160220] 
[56.160223] 
[56.160232] Start  layer1: 40 SMs -> 16
[56.177456] End    layer1: 985 -> 17218 + -24932 = -7714 (6623)
[56.177463] 
[56.177471] 
[56.177483] Start  layer2: 20 SMs -> 7
[56.189941] End    layer2: 1514 -> 12455 + -29661 = -17206 (7757)
[56.189948] 
[56.189961] 
[56.189970] Start  layer3: 20 SMs -> 7
[56.199052] End    layer3: 1623 -> 9078 + -29611 = -20533 (9161)
[56.199058] 
[56.199097] 
[56.199106] Start  layer4: 40 SMs -> 18
[56.215623] End    layer4: 2102 -> 16510 + -32052 = -15542 (14127)
[56.215630] 
[56.215637] 
[56.215650] Start  layerX: 10 SMs -> 4
[56.215892] End    layerX: 72 -> 237 + -31959 = -31722 (363)
[56.215898] 
[56.215910] Delayed : 21983us
[56.215919] 
[56.215928] Start  layer0: 10 SMs -> 5
[56.217276] End    layer0: 558 -> 1343 + -21375 = -20032 (1967)
[56.217283] 
[56.217288] 
[56.217300] Start  layer1: 20 SMs -> 7
[56.225675] End    layer1: 1288 -> 8370 + -23150 = -14781 (6623)
[56.225682] 
[56.225688] 
[56.225699] Start  layer2: 20 SMs -> 7
[56.238340] End    layer2: 1514 -> 12637 + -28060 = -15422 (7757)
[56.238345] 
[56.238352] 
[56.238360] Start  layer3: 30 SMs -> 5
[56.245261] End    layer3: 1587 -> 6896 + -25819 = -18923 (9161)
[56.245266] 
[56.245272] 
[56.245279] Start  layer4: 30 SMs -> 7
[56.253218] End    layer4: 2315 -> 7934 + -19649 = -11715 (14127)
[56.253224] 
[56.253230] 
[56.253242] Start  layerX: 20 SMs -> 6
[56.254277] End    layerX: 63 -> 1030 + -20344 = -19314 (363)
[56.254284] 
[56.254301] Delayed : 10375us
[56.254308] 
[56.254316] Start  layer0: 30 SMs -> 7
[56.256118] End    layer0: 312 -> 1798 + -10219 = -8421 (1967)
[56.256124] 
[56.256127] 
[56.256136] Start  layer1: 30 SMs -> 8
[56.262425] End    layer1: 1181 -> 6284 + -9902 = -3618 (6623)
[56.262431] 
[56.262437] 
[56.262445] Start  layer2: 40 SMs -> 18
[56.282052] End    layer2: 1154 -> 19602 + -21771 = -2169 (7757)
[56.282081] 
[56.282090] 
[56.282103] Start  layer3: 10 SMs -> 5
[56.290553] End    layer3: 2387 -> 8447 + -21111 = -12664 (9161)
[56.290559] 
[56.290564] 
[56.290575] Start  layer4: 20 SMs -> 5
[56.300261] End    layer4: 2460 -> 9679 + -16690 = -7011 (14127)
[56.300267] 
[56.300276] 
[56.300288] Start  layerX: 20 SMs -> 6
[56.301756] End    layerX: 63 -> 1465 + -17825 = -16360 (363)
[56.301762] 
[56.301771] Delayed : 7844us
[56.301777] 
[56.301785] Start  layer0: 10 SMs -> 5
[56.302958] End    layer0: 558 -> 1166 + -7057 = -5890 (1967)
[56.302965] 
[56.302969] 
[56.302980] Start  layer1: 10 SMs -> 5
[56.310288] End    layer1: 1932 -> 7303 + -7765 = -462 (6623)
[56.310294] 
[56.310298] 
[56.310307] Start  layer2: 10 SMs -> 6
[56.320536] End    layer2: 2121 -> 10225 + -10255 = -31 (7757)
[56.320541] 
[56.320549] 
[56.320558] Start  layer3: 20 SMs -> 8
[56.330966] End    layer3: 1623 -> 10404 + -11524 = -1120 (9161)
[56.330971] 
[56.330985] 
[56.330995] Start  layer4: 20 SMs -> 7
[56.339550] End    layer4: 2460 -> 8551 + -5981 = 2568 (14127)
[56.339556] 
[56.339563] 
[56.339571] Start  layerX: 10 SMs -> 3
[56.340525] End    layerX: 72 -> 950 + -6594 = -5644 (363)
[56.340530] 
[56.340539] Reserved: 3387us
[56.343995] 
[56.344011] Start  layer0: 10 SMs -> 8
[56.348584] End    layer0: 558 -> 4570 + -2683 = 1886 (1967)
[56.348592] 
[56.348596] 
[56.348619] Start  layer1: 10 SMs -> 7
[56.357853] End    layer1: 1932 -> 9229 + -5328 = 3899 (6623)
[56.357860] 
[56.357866] 
[56.357879] Start  layer2: 30 SMs -> 6
[56.365677] End    layer2: 1378 -> 7795 + -5397 = 2397 (7757)
[56.365683] 
[56.365689] 
[56.365697] Start  layer3: 30 SMs -> 6
[56.372216] End    layer3: 1587 -> 6514 + -2774 = 3739 (9161)
[56.372222] 
[56.372228] 
[56.372237] Start  layer4: 30 SMs -> 6
[56.381389] End    layer4: 2315 -> 9148 + 2179 = 11326 (14127)
[56.381395] 
[56.381399] 
[56.381407] Start  layerX: 30 SMs -> 6
[56.381935] End    layerX: 61 -> 525 + 1993 = 2519 (363)
[56.381940] 
[56.381947] Reserved: 11979us
[56.393994] 
[56.394008] Start  layer0: 10 SMs -> 10
[56.400510] End    layer0: 558 -> 6498 + -4609 = 1887 (1967)
[56.400516] 
[56.400519] 
[56.400531] Start  layer1: 30 SMs -> 9
[56.408384] End    layer1: 1181 -> 7847 + -5859 = 1987 (6623)
[56.408391] 
[56.408398] 
[56.408411] Start  layer2: 40 SMs -> 17
[56.423459] End    layer2: 1154 -> 15044 + -13178 = 1865 (7757)
[56.423464] 
[56.423469] 
[56.423478] Start  layer3: 30 SMs -> 7
[56.430645] End    layer3: 1587 -> 7161 + -11202 = -4041 (9161)
[56.430652] 
[56.430679] 
[56.430690] Start  layer4: 30 SMs -> 6
[56.438702] End    layer4: 2315 -> 8007 + -5132 = 2874 (14127)
[56.438709] 
[56.438720] 
[56.438729] Start  layerX: 30 SMs -> 6
[56.439641] End    layerX: 61 -> 908 + -5710 = -4801 (363)
[56.439647] 
[56.439655] Reserved: 4270us
[56.443991] 
[56.444005] Start  layer0: 30 SMs -> 11
[56.447310] End    layer0: 312 -> 3301 + -1410 = 1890 (1967)
[56.447315] 
[56.447319] 
[56.447326] Start  layer1: 20 SMs -> 9
[56.455483] End    layer1: 1288 -> 8152 + -2961 = 5191 (6623)
[56.455490] 
[56.455495] 
[56.455504] Start  layer2: 40 SMs -> 14
[56.473605] End    layer2: 1154 -> 18100 + -13328 = 4771 (7757)
[56.473608] 
[56.473617] 
[56.473622] Start  layer3: 20 SMs -> 9
[56.480722] End    layer3: 1623 -> 7097 + -11284 = -4187 (9161)
[56.480725] 
[56.480732] 
[56.480738] Start  layer4: 10 SMs -> 6
[56.490187] End    layer4: 3515 -> 9446 + -6621 = 2824 (14127)
[56.490190] 
[56.490208] 
[56.490214] Start  layerX: 20 SMs -> 8
[56.491104] End    layerX: 63 -> 888 + -7176 = -6288 (363)
[56.491107] 
[56.491114] Reserved: 2811us
[56.493986] 
[56.493994] Start  layer0: 40 SMs -> 14
[56.497443] End    layer0: 292 -> 3448 + -1547 = 1899 (1967)
[56.497445] 
[56.497447] 
[56.497451] Start  layer1: 40 SMs -> 12
[56.509081] End    layer1: 985 -> 11626 + -6560 = 5065 (6623)
[56.509084] 
[56.509088] 
[56.509095] Start  layer2: 40 SMs -> 15
[56.519518] End    layer2: 1154 -> 10417 + -9238 = 1179 (7757)
[56.519524] 
[56.519531] 
[56.519540] Start  layer3: 40 SMs -> 15
[56.536334] End    layer3: 1363 -> 16794 + -16896 = -102 (9161)
[56.536349] 
[56.536358] 
[56.536364] Start  layer4: 40 SMs -> 12
[56.550502] End    layer4: 2102 -> 14132 + -16933 = -2802 (14127)
[56.550507] 
[56.550514] 
[56.550523] Start  layerX: 40 SMs -> 14
[56.551981] End    layerX: 54 -> 1452 + -18048 = -16596 (363)
[56.551988] 
[56.552000] Delayed : 8073us
[56.552009] 
[56.552019] Start  layer0: 30 SMs -> 9
[56.553686] End    layer0: 312 -> 1666 + -7790 = -6124 (1967)
[56.553689] 
[56.553690] 
[56.553694] Start  layer1: 40 SMs -> 14
[56.562233] End    layer1: 985 -> 8535 + -9713 = -1178 (6623)
[56.562236] 
[56.562241] 
[56.562247] Start  layer2: 40 SMs -> 14
[56.573598] End    layer2: 1154 -> 11348 + -13320 = -1972 (7757)
[56.573601] 
[56.573612] 
[56.573617] Start  layer3: 40 SMs -> 13
[56.585841] End    layer3: 1363 -> 12221 + -16403 = -4181 (9161)
[56.585844] 
[56.585847] 
[56.585852] Start  layer4: 40 SMs -> 10
[56.596862] End    layer4: 2102 -> 11008 + -13297 = -2289 (14127)
[56.596865] 
[56.596868] 
[56.596873] Start  layerX: 10 SMs -> 3
[56.597017] End    layerX: 72 -> 142 + -13090 = -12947 (363)
[56.597019] 
[56.597037] Delayed : 3111us
[56.597040] 
[56.597050] Start  layer0: 10 SMs -> 4
[56.598735] End    layer0: 558 -> 1683 + -2839 = -1156 (1967)
[56.598739] 
[56.598741] 
[56.598748] Start  layer1: 30 SMs -> 9
[56.605695] End    layer1: 1181 -> 6945 + -3176 = 3769 (6623)
[56.605698] 
[56.605701] 
[56.605706] Start  layer2: 30 SMs -> 8
[56.613372] End    layer2: 1378 -> 7664 + -3095 = 4568 (7757)
[56.613375] 
[56.613378] 
[56.613382] Start  layer3: 30 SMs -> 8
[56.621160] End    layer3: 1587 -> 7771 + -1717 = 6052 (9161)
[56.621165] 
[56.621173] 
[56.621182] Start  layer4: 40 SMs -> 13
[56.637295] End    layer4: 2102 -> 16109 + -3726 = 12381 (14127)
[56.637301] 
[56.637308] 
[56.637316] Start  layerX: 40 SMs -> 9
[56.637968] End    layerX: 54 -> 649 + -4038 = -3389 (363)
[56.637972] 
[56.637989] Reserved: 5937us
[56.643986] 
[56.643995] Start  layer0: 30 SMs -> 5
[56.646568] End    layer0: 312 -> 2569 + -668 = 1900 (1967)
[56.646573] 
[56.646577] 
[56.646585] Start  layer1: 40 SMs -> 12
[56.656744] End    layer1: 985 -> 10153 + -4219 = 5932 (6623)
[56.656751] 
[56.656758] 
[56.656770] Start  layer2: 40 SMs -> 15
[56.671152] End    layer2: 1154 -> 14378 + -10871 = 3506 (7757)
[56.671157] 
[56.671171] 
[56.671182] Start  layer3: 40 SMs -> 13
[56.686608] End    layer3: 1363 -> 15422 + -17167 = -1744 (9161)
[56.686613] 
[56.686620] 
[56.686628] Start  layer4: 30 SMs -> 3
[56.689204] End    layer4: 2315 -> 2572 + -5636 = -3064 (14127)
[56.689209] 
[56.689214] 
[56.689222] Start  layerX: 40 SMs -> 9
[56.690021] End    layerX: 54 -> 795 + -6091 = -5295 (363)
[56.690025] 
[56.690032] Reserved: 3893us
[56.693987] 
[56.693995] Start  layer0: 10 SMs -> 5
[56.696869] End    layer0: 558 -> 2868 + -968 = 1899 (1967)
[56.696876] 
[56.696880] 
[56.696889] Start  layer1: 40 SMs -> 9
[56.705212] End    layer1: 985 -> 8318 + -2689 = 5628 (6623)
[56.705218] 
[56.705222] 
[56.705231] Start  layer2: 40 SMs -> 11
[56.720819] End    layer2: 1154 -> 15581 + -10536 = 5044 (7757)
[56.720826] 
[56.720834] 
[56.720846] Start  layer3: 30 SMs -> 7
[56.731985] End    layer3: 1587 -> 11134 + -12542 = -1408 (9161)
[56.731992] 
[56.732008] 
[56.732020] Start  layer4: 20 SMs -> 6
[56.737090] End    layer4: 2460 -> 5065 + -3519 = 1544 (14127)
[56.737097] 
[56.737103] 
[56.737114] Start  layerX: 20 SMs -> 3
[56.737510] End    layerX: 63 -> 391 + -3577 = -3186 (363)
[56.737517] 
[56.737532] Reserved: 6394us
[56.743992] 
[56.744008] Start  layer0: 10 SMs -> 5
[56.747523] End    layer0: 558 -> 3513 + -1624 = 1888 (1967)
[56.747529] 
[56.747532] 
[56.747541] Start  layer1: 30 SMs -> 8
[56.755350] End    layer1: 1181 -> 7804 + -2828 = 4976 (6623)
[56.755356] 
[56.755360] 
[56.755369] Start  layer2: 10 SMs -> 4
[56.761718] End    layer2: 2121 -> 6345 + -1438 = 4906 (7757)
[56.761724] 
[56.761732] 
[56.761740] Start  layer3: 40 SMs -> 11
[56.774843] End    layer3: 1363 -> 13099 + -5402 = 7696 (9161)
[56.774849] 
[56.774854] 
[56.774863] Start  layer4: 20 SMs -> 6
[56.782937] End    layer4: 2460 -> 8069 + 631 = 8700 (14127)
[56.782943] 
[56.782948] 
[56.782958] Start  layerX: 40 SMs -> 8
[56.783202] End    layerX: 54 -> 241 + 727 = 969 (363)
[56.783206] 
[56.783214] Reserved: 10712us
[56.793989] 
[56.794001] Start  layer0: 10 SMs -> 5
[56.797066] End    layer0: 558 -> 3062 + -1166 = 1894 (1967)
[56.797071] 
[56.797075] 
[56.797083] Start  layer1: 10 SMs -> 7
[56.801795] End    layer1: 1932 -> 4707 + 727 = 5434 (6623)
[56.801802] 
[56.801809] 
[56.801820] Start  layer2: 10 SMs -> 4
[56.808336] End    layer2: 2121 -> 6513 + 1943 = 8456 (7757)
[56.808342] 
[56.808348] 
[56.808358] Start  layer3: 10 SMs -> 4
[56.815466] End    layer3: 2387 -> 7102 + 3977 = 11079 (9161)
[56.815473] 
[56.815483] 
[56.815493] Start  layer4: 40 SMs -> 12
[56.827760] End    layer4: 2102 -> 12263 + 5808 = 18071 (14127)
[56.827766] 
[56.827779] 
[56.827787] Start  layerX: 30 SMs -> 7
[56.828354] End    layerX: 61 -> 564 + 5575 = 6139 (363)
[56.828358] 
[56.828393] Reserved: 15533us
[56.843990] 
[56.844002] Start  layer0: 30 SMs -> 4
[56.845812] End    layer0: 312 -> 1808 + 87 = 1894 (1967)
[56.845818] 
[56.845821] 
[56.845830] Start  layer1: 10 SMs -> 6
[56.851499] End    layer1: 1932 -> 5662 + 1025 = 6687 (6623)
[56.851506] 
[56.851512] 
[56.851523] Start  layer2: 10 SMs -> 4
[56.857038] End    layer2: 2121 -> 5512 + 3242 = 8753 (7757)
[56.857044] 
[56.857049] 
[56.857059] Start  layer3: 10 SMs -> 4
[56.863576] End    layer3: 2387 -> 6512 + 5866 = 12378 (9161)
[56.863581] 
[56.863587] 
[56.863595] Start  layer4: 10 SMs -> 4
[56.872951] End    layer4: 3515 -> 9351 + 10617 = 19968 (14127)
[56.872956] 
[56.872961] 
[56.872971] Start  layerX: 10 SMs -> 2
[56.873482] End    layerX: 72 -> 508 + 10448 = 10956 (363)
[56.873487] 
[56.873495] Reserved: 20430us
[56.893994] 
[56.894010] Start  layer0: 40 SMs -> 5
[56.895010] End    layer0: 292 -> 998 + 888 = 1886 (1967)
[56.895016] 
[56.895019] 
[56.895027] Start  layer1: 40 SMs -> 8
[56.901321] End    layer1: 985 -> 6288 + 1202 = 7490 (6623)
[56.901327] 
[56.901337] 
[56.901350] Start  layer2: 30 SMs -> 6
[56.907143] End    layer2: 1378 -> 5788 + 3137 = 8925 (7757)
[56.907148] 
[56.907153] 
[56.907162] Start  layer3: 40 SMs -> 10
[56.918294] End    layer3: 1363 -> 11127 + 1147 = 12275 (9161)
[56.918299] 
[56.918304] 
[56.918313] Start  layer4: 30 SMs -> 5
[56.925671] End    layer4: 2315 -> 7353 + 7898 = 15250 (14127)
[56.925676] 
[56.925682] 
[56.925690] Start  layerX: 10 SMs -> 2
[56.926271] End    layerX: 72 -> 577 + 7659 = 8236 (363)
[56.926277] 
[56.926286] Reserved: 17640us
[56.943994] 
[56.944010] Start  layer0: 10 SMs -> 3
[56.946794] End    layer0: 558 -> 2782 + -895 = 1886 (1967)
[56.946800] 
[56.946803] 
[56.946812] Start  layer1: 30 SMs -> 7
[56.951414] End    layer1: 1181 -> 4598 + 1107 = 5705 (6623)
[56.951420] 
[56.951427] 
[56.951435] Start  layer2: 30 SMs -> 6
[56.957672] End    layer2: 1378 -> 6232 + 2608 = 8840 (7757)
[56.957677] 
[56.957684] 
[56.957693] Start  layer3: 30 SMs -> 6
[56.963583] End    layer3: 1587 -> 5886 + 5857 = 11743 (9161)
[56.963589] 
[56.963594] 
[56.963602] Start  layer4: 30 SMs -> 5
[56.973574] End    layer4: 2315 -> 9968 + 9993 = 19961 (14127)
[56.973580] 
[56.973593] 
[56.973602] Start  layerX: 20 SMs -> 6
[56.973880] End    layerX: 63 -> 275 + 10049 = 10324 (363)
[56.973883] 
[56.973893] Reserved: 20033us
[56.993996] 
[56.994012] Start  layer0: 10 SMs -> 2
[56.996132] End    layer0: 558 -> 2117 + -231 = 1885 (1967)
[56.996139] 
[56.996144] 
[56.996155] Start  layer1: 40 SMs -> 7
[57.001318] End    layer1: 985 -> 5160 + 1203 = 6363 (6623)
[57.001325] 
[57.001330] 
[57.001340] Start  layer2: 40 SMs -> 8
[57.009232] End    layer2: 1154 -> 7888 + 1048 = 8936 (7757)
[57.009238] 
[57.009255] 
[57.009263] Start  layer3: 40 SMs -> 9
[57.019038] End    layer3: 1363 -> 9771 + 402 = 10173 (9161)
[57.019044] 
[57.019049] 
[57.019057] Start  layer4: 10 SMs -> 6
[57.026260] End    layer4: 3515 -> 7199 + 7308 = 14506 (14127)
[57.026265] 
[57.026272] 
[57.026281] Start  layerX: 40 SMs -> 5
[57.026929] End    layerX: 54 -> 646 + 7000 = 7646 (363)
[57.026953] 
[57.026964] Reserved: 16962us
[57.043995] 
[57.044011] Start  layer0: 20 SMs -> 2
[57.045164] End    layer0: 399 -> 1147 + 737 = 1884 (1967)
[57.045171] 
[57.045175] 
[57.045186] Start  layer1: 20 SMs -> 4
[57.049953] End    layer1: 1288 -> 4764 + 2568 = 7332 (6623)
[57.049959] 
[57.049988] 
[57.049999] Start  layer2: 30 SMs -> 6
[57.055656] End    layer2: 1378 -> 5654 + 4623 = 10277 (7757)
[57.055662] 
[57.055667] 
[57.055675] Start  layer3: 30 SMs -> 6
[57.061977] End    layer3: 1587 -> 6296 + 7465 = 13761 (9161)
[57.061984] 
[57.061990] 
[57.062001] Start  layer4: 40 SMs -> 10
[57.071188] End    layer4: 2102 -> 9183 + 12380 = 21563 (14127)
[57.071193] 
[57.071199] 
[57.071208] Start  layerX: 20 SMs -> 1
[57.071347] End    layerX: 63 -> 136 + 12582 = 12718 (363)
[57.071351] 
[57.071360] Reserved: 22566us
[57.093994] 
[57.094011] Start  layer0: 20 SMs -> 2
[57.094766] End    layer0: 399 -> 752 + 1135 = 1886 (1967)
[57.094773] 
[57.094778] 
[57.094789] Start  layer1: 40 SMs -> 6
[57.102670] End    layer1: 985 -> 7878 + -147 = 7730 (6623)
[57.102676] 
[57.102681] 
[57.102690] Start  layer2: 30 SMs -> 5
[57.108049] End    layer2: 1378 -> 5355 + 2231 = 7585 (7757)
[57.108055] 
[57.108062] 
[57.108073] Start  layer3: 30 SMs -> 5
[57.114931] End    layer3: 1587 -> 6853 + 4512 = 11364 (9161)
[57.114938] 
[57.114944] 
[57.114954] Start  layer4: 40 SMs -> 6
[57.121258] End    layer4: 2102 -> 6300 + 12310 = 18610 (14127)
[57.121264] 
[57.121272] 
[57.121280] Start  layerX: 20 SMs -> 1
[57.121395] End    layerX: 63 -> 112 + 12533 = 12646 (363)
[57.121399] 
[57.121408] Reserved: 22518us
[57.143993] 
[57.144011] Start  layer0: 20 SMs -> 1
[57.144889] End    layer0: 399 -> 876 + 1010 = 1886 (1967)
[57.144894] 
[57.144898] 
[57.144905] Start  layer1: 30 SMs -> 3
[57.148165] End    layer1: 1181 -> 3255 + 4357 = 7612 (6623)
[57.148171] 
[57.148178] 
[57.148187] Start  layer2: 30 SMs -> 4
[57.152712] End    layer2: 1378 -> 4521 + 7567 = 12088 (7757)
[57.152718] 
[57.152726] 
[57.152737] Start  layer3: 20 SMs -> 4
[57.157324] End    layer3: 1623 -> 4582 + 12118 = 16700 (9161)
[57.157331] 
[57.157340] 
[57.157350] Start  layer4: 30 SMs -> 4
[57.164245] End    layer4: 2315 -> 6892 + 19322 = 26214 (14127)
[57.164251] 
[57.164257] 
[57.164265] Start  layerX: 10 SMs -> 3
[57.164733] End    layerX: 72 -> 464 + 19198 = 19661 (363)
[57.164738] 
[57.164747] Reserved: 29179us
[57.193987] 
[57.194003] Start  layer0: 40 SMs -> 1
[57.194613] End    layer0: 292 -> 608 + 1286 = 1894 (1967)
[57.194618] 
[57.194621] 
[57.194629] Start  layer1: 20 SMs -> 3
[57.197505] End    layer1: 1288 -> 2872 + 5016 = 7888 (6623)
[57.197510] 
[57.197515] 
[57.197523] Start  layer2: 40 SMs -> 5
[57.202098] End    layer2: 1154 -> 4570 + 8182 = 12752 (7757)
[57.202103] 
[57.202109] 
[57.202117] Start  layer3: 40 SMs -> 5
[57.208539] End    layer3: 1363 -> 6418 + 10901 = 17319 (9161)
[57.208545] 
[57.208551] 
[57.208559] Start  layer4: 20 SMs -> 3
[57.212936] End    layer4: 2460 -> 4373 + 20632 = 25004 (14127)
[57.212941] 
[57.212948] 
[57.212956] Start  layerX: 20 SMs -> 2
[57.213320] End    layerX: 63 -> 359 + 20610 = 20970 (363)
[57.213324] 
[57.213332] Reserved: 30594us
