[40.695625] layer0:
[40.709326] 	10	343us, 576us
[40.720058] 	20	236us, 434us
[40.729314] 	30	204us, 331us
[40.738147] 	40	185us, 288us
[40.738159] Params: 0.60	0.36	0.46

[40.738164] layer1:
[40.776037] 	10	1116us, 1983us
[40.800799] 	20	793us, 1295us
[40.823290] 	30	692us, 1145us
[40.844047] 	40	680us, 988us
[40.844059] Params: 0.62	0.25	0.42

[40.844066] layer2:
[40.886205] 	10	1332us, 2123us
[40.915027] 	20	983us, 1502us
[40.942459] 	30	930us, 1407us
[40.966176] 	40	799us, 1141us
[40.966189] Params: 0.66	0.32	0.42

[40.966196] layer3:
[41.010796] 	10	1404us, 2232us
[41.042452] 	20	971us, 1767us
[41.072305] 	30	931us, 1651us
[41.099050] 	40	897us, 1375us
[41.099063] Params: 0.60	0.21	0.34

[41.099068] layer4:
[41.169970] 	10	2395us, 3589us
[41.214238] 	20	1571us, 2476us
[41.256714] 	30	1522us, 2296us
[41.297224] 	40	1419us, 2184us
[41.297237] Params: 0.65	0.27	0.25

[41.297243] layerX:
[41.302494] 	10	44us, 75us
[41.307370] 	20	41us, 56us
[41.312635] 	30	39us, 62us
[41.317749] 	40	40us, 52us
[41.317762] Params: 0.69	0.05	0.18

