[55.493907] 
[55.493927] Start  layer0: 10 SMs -> 6
[55.499771] End    layer0: 575 -> 5844 + -3952 = 1891 (1910)
[55.499775] 
[55.499778] 
[55.499783] Start  layer1: 40 SMs -> 11
[55.510353] End    layer1: 988 -> 10567 + -7978 = 2588 (6555)
[55.510356] 
[55.510363] 
[55.510368] Start  layer2: 10 SMs -> 4
[55.516770] End    layer2: 2123 -> 6398 + -6822 = -424 (7571)
[55.516774] 
[55.516784] 
[55.516789] Start  layer3: 10 SMs -> 5
[55.526009] End    layer3: 2232 -> 9217 + -6939 = 2278 (9123)
[55.526011] 
[55.526015] 
[55.526020] Start  layer4: 40 SMs -> 13
[55.545444] End    layer4: 2184 -> 19419 + -11880 = 7538 (14490)
[55.545450] 
[55.545455] 
[55.545464] Start  layerX: 40 SMs -> 14
[55.545953] End    layerX: 52 -> 486 + -12042 = -11556 (347)
[55.545957] 
[55.545967] Delayed : 2061us
[55.545973] 
[55.545980] Start  layer0: 40 SMs -> 18
[55.547417] End    layer0: 288 -> 1433 + -1596 = -163 (1910)
[55.547422] 
[55.547426] 
[55.547434] Start  layer1: 20 SMs -> 4
[55.553666] End    layer1: 1295 -> 6225 + -1285 = 4938 (6555)
[55.553673] 
[55.553696] 
[55.553707] Start  layer2: 10 SMs -> 7
[55.566689] End    layer2: 2123 -> 12977 + -6737 = 6238 (7571)
[55.566695] 
[55.566701] 
[55.566709] Start  layer3: 10 SMs -> 7
[55.579856] End    layer3: 2232 -> 13142 + -10782 = 2358 (9123)
[55.579863] 
[55.579879] 
[55.579892] Start  layer4: 20 SMs -> 8
[55.591187] End    layer4: 2476 -> 11292 + -7623 = 3668 (14490)
[55.591193] 
[55.591198] 
[55.591206] Start  layerX: 30 SMs -> 2
[55.591456] End    layerX: 56 -> 247 + -7545 = -7298 (347)
[55.591460] 
[55.591470] Reserved: 2436us
[55.593965] 
[55.593973] Start  layer0: 10 SMs -> 6
[55.596536] End    layer0: 575 -> 2556 + -712 = 1843 (1910)
[55.596543] 
[55.596547] 
[55.596559] Start  layer1: 30 SMs -> 8
[55.601355] End    layer1: 1145 -> 4791 + 1024 = 5815 (6555)
[55.601362] 
[55.601369] 
[55.601380] Start  layer2: 30 SMs -> 7
[55.610275] End    layer2: 1406 -> 8892 + -325 = 8565 (7571)
[55.610282] 
[55.610288] 
[55.610296] Start  layer3: 10 SMs -> 6
[55.620560] End    layer3: 2232 -> 10259 + -1486 = 8771 (9123)
[55.620565] 
[55.620570] 
[55.620579] Start  layer4: 10 SMs -> 5
[55.633954] End    layer4: 3588 -> 13371 + -390 = 12980 (14490)
[55.633960] 
[55.633965] 
[55.633974] Start  layerX: 10 SMs -> 6
[55.634689] End    layerX: 74 -> 711 + -777 = -66 (347)
[55.634695] 
[55.634704] Reserved: 9201us
[55.643972] 
[55.643986] Start  layer0: 10 SMs -> 3
[55.646102] End    layer0: 575 -> 2112 + -279 = 1832 (1910)
[55.646108] 
[55.646112] 
[55.646121] Start  layer1: 20 SMs -> 6
[55.652981] End    layer1: 1295 -> 6854 + -601 = 6252 (6555)
[55.652990] 
[55.652997] 
[55.653006] Start  layer2: 20 SMs -> 9
[55.661347] End    layer2: 1501 -> 8336 + -1396 = 6939 (7571)
[55.661353] 
[55.661400] 
[55.661409] Start  layer3: 10 SMs -> 5
[55.670439] End    layer3: 2232 -> 9024 + -1364 = 7659 (9123)
[55.670446] 
[55.670485] 
[55.670497] Start  layer4: 40 SMs -> 16
[55.686157] End    layer4: 2184 -> 15657 + -2593 = 13063 (14490)
[55.686163] 
[55.686170] 
[55.686179] Start  layerX: 20 SMs -> 7
[55.687087] End    layerX: 56 -> 905 + -3176 = -2271 (347)
[55.687092] 
[55.687102] Reserved: 6804us
[55.693970] 
[55.693984] Start  layer0: 30 SMs -> 5
[55.696333] End    layer0: 330 -> 2346 + -511 = 1834 (1910)
[55.696339] 
[55.696342] 
[55.696352] Start  layer1: 30 SMs -> 10
[55.705816] End    layer1: 1145 -> 9460 + -3438 = 6021 (6555)
[55.705822] 
[55.705839] 
[55.705848] Start  layer2: 30 SMs -> 10
[55.715046] End    layer2: 1406 -> 9194 + -5096 = 4097 (7571)
[55.715051] 
[55.715069] 
[55.715081] Start  layer3: 10 SMs -> 5
[55.722220] End    layer3: 2232 -> 7136 + -3147 = 3988 (9123)
[55.722226] 
[55.722232] 
[55.722240] Start  layer4: 10 SMs -> 4
[55.731549] End    layer4: 3588 -> 9304 + 2015 = 11319 (14490)
[55.731554] 
[55.731560] 
[55.731568] Start  layerX: 10 SMs -> 5
[55.732178] End    layerX: 74 -> 606 + 1733 = 2338 (347)
[55.732183] 
[55.732191] Reserved: 11714us
[55.743971] 
[55.743985] Start  layer0: 30 SMs -> 5
[55.746685] End    layer0: 330 -> 2697 + -862 = 1833 (1910)
[55.746690] 
[55.746693] 
[55.746702] Start  layer1: 10 SMs -> 3
[55.751373] End    layer1: 1983 -> 4665 + 1006 = 5670 (6555)
[55.751380] 
[55.751387] 
[55.751397] Start  layer2: 10 SMs -> 5
[55.757247] End    layer2: 2123 -> 5846 + 2702 = 8548 (7571)
[55.757252] 
[55.757277] 
[55.757286] Start  layer3: 30 SMs -> 10
[55.765995] End    layer3: 1651 -> 8702 + 3079 = 11782 (9123)
[55.766002] 
[55.766010] 
[55.766021] Start  layer4: 30 SMs -> 9
[55.778567] End    layer4: 2296 -> 12540 + 4998 = 17538 (14490)
[55.778574] 
[55.778591] 
[55.778600] Start  layerX: 30 SMs -> 8
[55.779214] End    layerX: 56 -> 611 + 4696 = 5307 (347)
[55.779218] 
[55.779249] Reserved: 14657us
[55.793974] 
[55.793988] Start  layer0: 20 SMs -> 6
[55.797013] End    layer0: 433 -> 3021 + -1190 = 1830 (1910)
[55.797020] 
[55.797024] 
[55.797033] Start  layer1: 30 SMs -> 6
[55.809201] End    layer1: 1145 -> 12164 + -6823 = 5340 (6555)
[55.809207] 
[55.809213] 
[55.809223] Start  layer2: 20 SMs -> 7
[55.818798] End    layer2: 1501 -> 9571 + -8848 = 722 (7571)
[55.818804] 
[55.818826] 
[55.818835] Start  layer3: 30 SMs -> 8
[55.828479] End    layer3: 1651 -> 9639 + -9406 = 232 (9123)
[55.828485] 
[55.828491] 
[55.828501] Start  layer4: 20 SMs -> 6
[55.839877] End    layer4: 2476 -> 11372 + -6313 = 5058 (14490)
[55.839883] 
[55.839888] 
[55.839896] Start  layerX: 20 SMs -> 6
[55.840147] End    layerX: 56 -> 247 + -6235 = -5988 (347)
[55.840152] 
[55.840161] Reserved: 3745us
[55.843973] 
[55.843990] Start  layer0: 40 SMs -> 11
[55.847422] End    layer0: 288 -> 3430 + -1600 = 1829 (1910)
[55.847428] 
[55.847431] 
[55.847440] Start  layer1: 40 SMs -> 14
[55.857053] End    layer1: 988 -> 9609 + -4675 = 4933 (6555)
[55.857059] 
[55.857076] 
[55.857086] Start  layer2: 40 SMs -> 18
[55.869143] End    layer2: 1141 -> 12053 + -9193 = 2859 (7571)
[55.869148] 
[55.869154] 
[55.869164] Start  layer3: 30 SMs -> 6
[55.876663] End    layer3: 1651 -> 7495 + -7590 = -95 (9123)
[55.876669] 
[55.876683] 
[55.876693] Start  layer4: 20 SMs -> 7
[55.887392] End    layer4: 2476 -> 10695 + -3828 = 6866 (14490)
[55.887398] 
[55.887413] 
[55.887422] Start  layerX: 10 SMs -> 5
[55.888302] End    layerX: 74 -> 876 + -4390 = -3514 (347)
[55.888307] 
[55.888318] Reserved: 5588us
[55.893972] 
[55.893986] Start  layer0: 20 SMs -> 11
[55.896641] End    layer0: 433 -> 2650 + -817 = 1832 (1910)
[55.896648] 
[55.896652] 
[55.896663] Start  layer1: 20 SMs -> 8
[55.903607] End    layer1: 1295 -> 6938 + -1227 = 5710 (6555)
[55.903612] 
[55.903617] 
[55.903625] Start  layer2: 20 SMs -> 6
[55.909927] End    layer2: 1501 -> 6297 + 22 = 6319 (7571)
[55.909932] 
[55.909979] 
[55.909987] Start  layer3: 30 SMs -> 10
[55.919158] End    layer3: 1651 -> 9164 + -82 = 9080 (9123)
[55.919164] 
[55.919179] 
[55.919190] Start  layer4: 30 SMs -> 8
[55.933955] End    layer4: 2296 -> 14762 + -391 = 14370 (14490)
[55.933961] 
[55.933965] 
[55.933973] Start  layerX: 30 SMs -> 8
[55.935651] End    layerX: 56 -> 1673 + -1739 = -66 (347)
[55.935656] 
[55.935665] Reserved: 8240us
[55.943972] 
[55.943990] Start  layer0: 40 SMs -> 13
[55.947414] End    layer0: 288 -> 3422 + -1592 = 1829 (1910)
[55.947419] 
[55.947423] 
[55.947432] Start  layer1: 40 SMs -> 17
[55.968499] End    layer1: 988 -> 21061 + -16119 = 4941 (6555)
[55.968506] 
[55.968530] 
[55.968540] Start  layer2: 40 SMs -> 17
[55.989198] End    layer2: 1141 -> 20652 + -29246 = -8594 (7571)
[55.989205] 
[55.989220] 
[55.989229] Start  layer3: 10 SMs -> 5
[55.997280] End    layer3: 2232 -> 8046 + -28207 = -20161 (9123)
[55.997286] 
[55.997292] 
[55.997302] Start  layer4: 40 SMs -> 26
[56.015233] End    layer4: 2184 -> 17926 + -31668 = -13742 (14490)
[56.015239] 
[56.015252] 
[56.015261] Start  layerX: 20 SMs -> 6
[56.015910] End    layerX: 56 -> 644 + -31997 = -31353 (347)
[56.015915] 
[56.015924] Delayed : 22018us
[56.015931] 
[56.015938] Start  layer0: 30 SMs -> 8
[56.017281] End    layer0: 330 -> 1337 + -21458 = -20121 (1910)
[56.017288] 
[56.017293] 
[56.017303] Start  layer1: 40 SMs -> 16
[56.035066] End    layer1: 988 -> 17760 + -32688 = -14929 (6555)
[56.035072] 
[56.035078] 
[56.035087] Start  layer2: 10 SMs -> 4
[56.041840] End    layer2: 2123 -> 6749 + -31890 = -25141 (7571)
[56.041845] 
[56.041853] 
[56.041861] Start  layer3: 10 SMs -> 3
[56.051089] End    layer3: 2232 -> 9224 + -32016 = -22792 (9123)
[56.051095] 
[56.051100] 
[56.051108] Start  layer4: 40 SMs -> 14
[56.068008] End    layer4: 2184 -> 16896 + -34444 = -17548 (14490)
[56.068014] 
[56.068019] 
[56.068028] Start  layerX: 40 SMs -> 15
[56.070183] End    layerX: 52 -> 2151 + -36271 = -34120 (347)
[56.070189] 
[56.070199] Delayed : 26292us
[56.070205] 
[56.070213] Start  layer0: 10 SMs -> 5
[56.071663] End    layer0: 575 -> 1444 + -25839 = -24396 (1910)
[56.071670] 
[56.071675] 
[56.071686] Start  layer1: 10 SMs -> 5
[56.079371] End    layer1: 1983 -> 7681 + -26992 = -19311 (6555)
[56.079378] 
[56.079384] 
[56.079395] Start  layer2: 10 SMs -> 6
[56.088669] End    layer2: 2123 -> 9271 + -28719 = -19448 (7571)
[56.088675] 
[56.088681] 
[56.088690] Start  layer3: 10 SMs -> 4
[56.103375] End    layer3: 2232 -> 14680 + -34301 = -19622 (9123)
[56.103380] 
[56.103385] 
[56.103394] Start  layer4: 20 SMs -> 11
[56.111941] End    layer4: 2476 -> 8541 + -28375 = -19834 (14490)
[56.111948] 
[56.111958] 
[56.111971] Start  layerX: 10 SMs -> 6
[56.112439] End    layerX: 74 -> 463 + -28525 = -28062 (347)
[56.112446] 
[56.112484] Delayed : 18577us
[56.112490] 
[56.112497] Start  layer0: 10 SMs -> 6
[56.115201] End    layer0: 575 -> 2697 + -19377 = -16680 (1910)
[56.115208] 
[56.115212] 
[56.115223] Start  layer1: 20 SMs -> 8
[56.122893] End    layer1: 1295 -> 7666 + -20515 = -12849 (6555)
[56.122899] 
[56.122906] 
[56.122915] Start  layer2: 30 SMs -> 8
[56.131684] End    layer2: 1406 -> 8763 + -21732 = -12969 (7571)
[56.131689] 
[56.131695] 
[56.131705] Start  layer3: 30 SMs -> 7
[56.141010] End    layer3: 1651 -> 9301 + -21937 = -12636 (9123)
[56.141016] 
[56.141023] 
[56.141032] Start  layer4: 40 SMs -> 12
[56.157772] End    layer4: 2184 -> 16734 + -24206 = -7472 (14490)
[56.157779] 
[56.157786] 
[56.157796] Start  layerX: 10 SMs -> 9
[56.159187] End    layerX: 74 -> 1387 + -25274 = -23888 (347)
[56.159192] 
[56.159201] Delayed : 15295us
[56.159207] 
[56.159216] Start  layer0: 10 SMs -> 8
[56.161216] End    layer0: 575 -> 1995 + -15394 = -13398 (1910)
[56.161221] 
[56.161225] 
[56.161233] Start  layer1: 10 SMs -> 7
[56.168329] End    layer1: 1983 -> 7092 + -15951 = -8859 (6555)
[56.168335] 
[56.168340] 
[56.168348] Start  layer2: 10 SMs -> 6
[56.177755] End    layer2: 2123 -> 9400 + -17803 = -8403 (7571)
[56.177761] 
[56.177770] 
[56.177782] Start  layer3: 10 SMs -> 6
[56.189766] End    layer3: 2232 -> 11981 + -20693 = -8713 (9123)
[56.189772] 
[56.189777] 
[56.189785] Start  layer4: 30 SMs -> 9
[56.197109] End    layer4: 2296 -> 7319 + -13544 = -6226 (14490)
[56.197114] 
[56.197121] 
[56.197129] Start  layerX: 20 SMs -> 7
[56.198115] End    layerX: 56 -> 980 + -14201 = -13221 (347)
[56.198122] 
[56.198134] Delayed : 4227us
[56.198142] 
[56.198154] Start  layer0: 20 SMs -> 9
[56.201418] End    layer0: 433 -> 3259 + -5595 = -2336 (1910)
[56.201425] 
[56.201430] 
[56.201441] Start  layer1: 20 SMs -> 8
[56.209426] End    layer1: 1295 -> 7980 + -7046 = 933 (6555)
[56.209434] 
[56.209445] 
[56.209465] Start  layer2: 40 SMs -> 14
[56.230999] End    layer2: 1141 -> 21531 + -21049 = 481 (7571)
[56.231005] 
[56.231011] 
[56.231021] Start  layer3: 40 SMs -> 15
[56.248168] End    layer3: 1375 -> 17143 + -29095 = -11952 (9123)
[56.248173] 
[56.248179] 
[56.248188] Start  layer4: 30 SMs -> 7
[56.257136] End    layer4: 2296 -> 8941 + -23569 = -14628 (14490)
[56.257143] 
[56.257153] 
[56.257165] Start  layerX: 30 SMs -> 6
[56.257429] End    layerX: 56 -> 262 + -23518 = -23256 (347)
[56.257434] 
[56.257443] Delayed : 13536us
[56.257449] 
[56.257456] Start  layer0: 30 SMs -> 6
[56.258981] End    layer0: 330 -> 1521 + -13159 = -11638 (1910)
[56.258987] 
[56.258990] 
[56.258998] Start  layer1: 40 SMs -> 18
[56.276908] End    layer1: 988 -> 17904 + -24528 = -6625 (6555)
[56.276915] 
[56.276922] 
[56.276932] Start  layer2: 20 SMs -> 8
[56.285280] End    layer2: 1501 -> 8342 + -25327 = -16985 (7571)
[56.285316] 
[56.285324] 
[56.285338] Start  layer3: 20 SMs -> 4
[56.295894] End    layer3: 1767 -> 10554 + -26821 = -16268 (9123)
[56.295900] 
[56.295905] 
[56.295914] Start  layer4: 20 SMs -> 8
[56.306281] End    layer4: 2476 -> 10363 + -22717 = -12355 (14490)
[56.306287] 
[56.306292] 
[56.306302] Start  layerX: 10 SMs -> 6
[56.307000] End    layerX: 74 -> 693 + -23086 = -22394 (347)
[56.307007] 
[56.307017] Delayed : 13111us
[56.307024] 
[56.307032] Start  layer0: 10 SMs -> 6
[56.309352] End    layer0: 575 -> 2314 + -13528 = -11214 (1910)
[56.309359] 
[56.309363] 
[56.309373] Start  layer1: 10 SMs -> 6
[56.317099] End    layer1: 1983 -> 7722 + -14721 = -6999 (6555)
[56.317105] 
[56.317122] 
[56.317131] Start  layer2: 40 SMs -> 16
[56.333238] End    layer2: 1141 -> 16104 + -23289 = -7186 (7571)
[56.333242] 
[56.333248] 
[56.333256] Start  layer3: 10 SMs -> 4
[56.340608] End    layer3: 2232 -> 7348 + -21536 = -14188 (9123)
[56.340612] 
[56.340615] 
[56.340623] Start  layer4: 40 SMs -> 16
[56.358698] End    layer4: 2184 -> 18070 + -25134 = -7064 (14490)
[56.358704] 
[56.358709] 
[56.358721] Start  layerX: 10 SMs -> 9
[56.360429] End    layerX: 74 -> 1703 + -26515 = -24812 (347)
[56.360435] 
[56.360456] Delayed : 16550us
[56.360463] 
[56.360470] Start  layer0: 40 SMs -> 17
[56.363929] End    layer0: 288 -> 3454 + -18107 = -14653 (1910)
[56.363934] 
[56.363938] 
[56.363947] Start  layer1: 10 SMs -> 7
[56.371497] End    layer1: 1983 -> 7546 + -19119 = -11573 (6555)
[56.371503] 
[56.371508] 
[56.371517] Start  layer2: 10 SMs -> 8
[56.382567] End    layer2: 2123 -> 11046 + -22617 = -11572 (7571)
[56.382573] 
[56.382578] 
[56.382587] Start  layer3: 30 SMs -> 6
[56.391685] End    layer3: 1651 -> 9094 + -22611 = -13518 (9123)
[56.391691] 
[56.391698] 
[56.391707] Start  layer4: 40 SMs -> 15
[56.408036] End    layer4: 2184 -> 16324 + -24471 = -8148 (14490)
[56.408041] 
[56.408052] 
[56.408063] Start  layerX: 40 SMs -> 15
[56.409306] End    layerX: 52 -> 1239 + -25394 = -24155 (347)
[56.409311] 
[56.409322] Delayed : 15415us
[56.409328] 
[56.409337] Start  layer0: 20 SMs -> 6
[56.410865] End    layer0: 433 -> 1523 + -15041 = -13519 (1910)
[56.410871] 
[56.410876] 
[56.410889] Start  layer1: 30 SMs -> 7
[56.417651] End    layer1: 1145 -> 6758 + -15272 = -8514 (6555)
[56.417656] 
[56.417661] 
[56.417670] Start  layer2: 40 SMs -> 14
[56.436520] End    layer2: 1141 -> 18843 + -26568 = -7725 (7571)
[56.436528] 
[56.436537] 
[56.436549] Start  layer3: 10 SMs -> 7
[56.446500] End    layer3: 2232 -> 9947 + -27426 = -17479 (9123)
[56.446505] 
[56.446521] 
[56.446529] Start  layer4: 30 SMs -> 9
[56.456034] End    layer4: 2296 -> 9501 + -22470 = -12969 (14490)
[56.456040] 
[56.456045] 
[56.456053] Start  layerX: 30 SMs -> 6
[56.456453] End    layerX: 56 -> 396 + -22542 = -22146 (347)
[56.456457] 
[56.456491] Delayed : 12585us
[56.456498] 
[56.456506] Start  layer0: 30 SMs -> 7
[56.458242] End    layer0: 330 -> 1732 + -12420 = -10689 (1910)
[56.458248] 
[56.458251] 
[56.458260] Start  layer1: 10 SMs -> 6
[56.465369] End    layer1: 1983 -> 7105 + -12991 = -5886 (6555)
[56.465375] 
[56.465380] 
[56.465389] Start  layer2: 40 SMs -> 15
[56.480862] End    layer2: 1141 -> 15469 + -20912 = -5443 (7571)
[56.480867] 
[56.480881] 
[56.480890] Start  layer3: 30 SMs -> 8
[56.490793] End    layer3: 1651 -> 9898 + -21720 = -11822 (9123)
[56.490799] 
[56.490805] 
[56.490815] Start  layer4: 30 SMs -> 6
[56.501660] End    layer4: 2296 -> 10841 + -18096 = -7255 (14490)
[56.501667] 
[56.501673] 
[56.501681] Start  layerX: 30 SMs -> 9
[56.503011] End    layerX: 56 -> 1325 + -19099 = -17774 (347)
[56.503016] 
[56.503024] Delayed : 9118us
[56.503030] 
[56.503039] Start  layer0: 30 SMs -> 10
[56.505052] End    layer0: 330 -> 2007 + -9228 = -7221 (1910)
[56.505059] 
[56.505063] 
[56.505074] Start  layer1: 30 SMs -> 8
[56.510672] End    layer1: 1145 -> 5597 + -8298 = -2700 (6555)
[56.510675] 
[56.510679] 
[56.510685] Start  layer2: 30 SMs -> 6
[56.515282] End    layer2: 1406 -> 4594 + -5335 = -741 (7571)
[56.515286] 
[56.515291] 
[56.515299] Start  layer3: 10 SMs -> 7
[56.522558] End    layer3: 2232 -> 7257 + -3488 = 3768 (9123)
[56.522561] 
[56.522565] 
[56.522570] Start  layer4: 40 SMs -> 14
[56.535694] End    layer4: 2184 -> 13121 + -2133 = 10987 (14490)
[56.535697] 
[56.535703] 
[56.535708] Start  layerX: 40 SMs -> 11
[56.537357] End    layerX: 52 -> 1645 + -3447 = -1801 (347)
[56.537360] 
[56.537368] Reserved: 6536us
[56.543964] 
[56.543973] Start  layer0: 30 SMs -> 6
[56.546474] End    layer0: 330 -> 2495 + -651 = 1843 (1910)
[56.546480] 
[56.546483] 
[56.546492] Start  layer1: 30 SMs -> 9
[56.554298] End    layer1: 1145 -> 7805 + -1924 = 5881 (6555)
[56.554301] 
[56.554306] 
[56.554310] Start  layer2: 30 SMs -> 8
[56.561949] End    layer2: 1406 -> 7636 + -2002 = 5633 (7571)
[56.561952] 
[56.561954] 
[56.561959] Start  layer3: 30 SMs -> 7
[56.567679] End    layer3: 1651 -> 5718 + 1389 = 7107 (9123)
[56.567682] 
[56.567686] 
[56.567691] Start  layer4: 30 SMs -> 9
[56.576661] End    layer4: 2296 -> 8968 + 6899 = 15867 (14490)
[56.576664] 
[56.576668] 
[56.576673] Start  layerX: 30 SMs -> 7
[56.577215] End    layerX: 56 -> 539 + 6692 = 7232 (347)
[56.577217] 
[56.577222] Reserved: 16683us
[56.593962] 
[56.593968] Start  layer0: 40 SMs -> 10
[56.595441] End    layer0: 288 -> 1471 + 377 = 1848 (1910)
[56.595443] 
[56.595445] 
[56.595450] Start  layer1: 40 SMs -> 10
[56.605303] End    layer1: 988 -> 9851 + -2928 = 6921 (6555)
[56.605306] 
[56.605310] 
[56.605315] Start  layer2: 20 SMs -> 6
[56.610556] End    layer2: 1501 -> 5235 + -605 = 4628 (7571)
[56.610562] 
[56.610568] 
[56.610579] Start  layer3: 30 SMs -> 9
[56.620604] End    layer3: 1651 -> 10020 + -1529 = 8490 (9123)
[56.620611] 
[56.620627] 
[56.620636] Start  layer4: 20 SMs -> 7
[56.629659] End    layer4: 2476 -> 9022 + 3901 = 12923 (14490)
[56.629662] 
[56.629678] 
[56.629683] Start  layerX: 20 SMs -> 5
[56.630266] End    layerX: 56 -> 581 + 3641 = 4223 (347)
[56.630269] 
[56.630274] Reserved: 13631us
[56.643968] 
[56.643977] Start  layer0: 30 SMs -> 4
[56.645920] End    layer0: 330 -> 1942 + -102 = 1840 (1910)
[56.645923] 
[56.645925] 
[56.645929] Start  layer1: 40 SMs -> 11
[56.658238] End    layer1: 988 -> 12301 + -5858 = 6442 (6555)
[56.658245] 
[56.658251] 
[56.658263] Start  layer2: 20 SMs -> 7
[56.667835] End    layer2: 1501 -> 9569 + -7885 = 1682 (7571)
[56.667841] 
[56.667848] 
[56.667857] Start  layer3: 10 SMs -> 5
[56.674826] End    layer3: 2232 -> 6964 + -5752 = 1211 (9123)
[56.674832] 
[56.674837] 
[56.674846] Start  layer4: 20 SMs -> 7
[56.682779] End    layer4: 2476 -> 7929 + 784 = 8713 (14490)
[56.682784] 
[56.682790] 
[56.682799] Start  layerX: 30 SMs -> 5
[56.683482] End    layerX: 56 -> 681 + 427 = 1108 (347)
[56.683486] 
[56.683495] Reserved: 10410us
[56.693967] 
[56.693976] Start  layer0: 10 SMs -> 4
[56.698244] End    layer0: 575 -> 4262 + -2420 = 1841 (1910)
[56.698251] 
[56.698255] 
[56.698265] Start  layer1: 40 SMs -> 11
[56.705589] End    layer1: 988 -> 7319 + -3210 = 4108 (6555)
[56.705595] 
[56.705602] 
[56.705611] Start  layer2: 40 SMs -> 11
[56.717683] End    layer2: 1141 -> 12067 + -7732 = 4334 (7571)
[56.717689] 
[56.717694] 
[56.717703] Start  layer3: 40 SMs -> 13
[56.731500] End    layer3: 1375 -> 13793 + -12427 = 1365 (9123)
[56.731506] 
[56.731511] 
[56.731520] Start  layer4: 20 SMs -> 6
[56.737546] End    layer4: 2476 -> 6020 + -3981 = 2039 (14490)
[56.737551] 
[56.737565] 
[56.737574] Start  layerX: 40 SMs -> 5
[56.738381] End    layerX: 52 -> 805 + -4470 = -3665 (347)
[56.738385] 
[56.738392] Reserved: 5513us
[56.743966] 
[56.743975] Start  layer0: 30 SMs -> 6
[56.746029] End    layer0: 330 -> 2050 + -207 = 1841 (1910)
[56.746035] 
[56.746038] 
[56.746047] Start  layer1: 30 SMs -> 8
[56.751472] End    layer1: 1145 -> 5419 + 907 = 6326 (6555)
[56.751479] 
[56.751486] 
[56.751497] Start  layer2: 10 SMs -> 5
[56.757748] End    layer2: 2123 -> 6248 + 2201 = 8448 (7571)
[56.757754] 
[56.757761] 
[56.757770] Start  layer3: 30 SMs -> 8
[56.765465] End    layer3: 1651 -> 7691 + 3607 = 11298 (9123)
[56.765471] 
[56.765476] 
[56.765484] Start  layer4: 30 SMs -> 7
[56.775295] End    layer4: 2296 -> 9806 + 8268 = 18074 (14490)
[56.775320] 
[56.775326] 
[56.775335] Start  layerX: 30 SMs -> 6
[56.776226] End    layerX: 56 -> 886 + 7685 = 8571 (347)
[56.776231] 
[56.776241] Reserved: 17664us
[56.793970] 
[56.793986] Start  layer0: 40 SMs -> 4
[56.794768] End    layer0: 288 -> 781 + 1053 = 1833 (1910)
[56.794774] 
[56.794777] 
[56.794793] Start  layer1: 40 SMs -> 7
[56.801486] End    layer1: 988 -> 6686 + 893 = 7579 (6555)
[56.801493] 
[56.801511] 
[56.801524] Start  layer2: 10 SMs -> 4
[56.807019] End    layer2: 2123 -> 5489 + 2932 = 8421 (7571)
[56.807026] 
[56.807035] 
[56.807045] Start  layer3: 10 SMs -> 4
[56.812683] End    layer3: 2232 -> 5632 + 6391 = 12023 (9123)
[56.812690] 
[56.812699] 
[56.812710] Start  layer4: 10 SMs -> 3
[56.821513] End    layer4: 3588 -> 8800 + 12050 = 20850 (14490)
[56.821519] 
[56.821542] 
[56.821552] Start  layerX: 30 SMs -> 7
[56.822658] End    layerX: 56 -> 1103 + 11252 = 12355 (347)
[56.822663] 
[56.822672] Reserved: 21233us
[56.843971] 
[56.843987] Start  layer0: 10 SMs -> 3
[56.846966] End    layer0: 575 -> 2976 + -1144 = 1832 (1910)
[56.846971] 
[56.846975] 
[56.846983] Start  layer1: 10 SMs -> 5
[56.851742] End    layer1: 1983 -> 4755 + 635 = 5389 (6555)
[56.851748] 
[56.851755] 
[56.851765] Start  layer2: 10 SMs -> 4
[56.857127] End    layer2: 2123 -> 5356 + 2824 = 8179 (7571)
[56.857134] 
[56.857141] 
[56.857151] Start  layer3: 30 SMs -> 6
[56.863441] End    layer3: 1651 -> 6285 + 5633 = 11918 (9123)
[56.863448] 
[56.863465] 
[56.863477] Start  layer4: 30 SMs -> 5
[56.873682] End    layer4: 2296 -> 10203 + 9881 = 20083 (14490)
[56.873688] 
[56.873694] 
[56.873703] Start  layerX: 30 SMs -> 5
[56.874158] End    layerX: 56 -> 452 + 9751 = 10204 (347)
[56.874162] 
[56.874172] Reserved: 19733us
[56.893969] 
[56.893977] Start  layer0: 10 SMs -> 3
[56.896709] End    layer0: 575 -> 2728 + -887 = 1840 (1910)
[56.896714] 
[56.896718] 
[56.896727] Start  layer1: 40 SMs -> 8
[56.903771] End    layer1: 988 -> 7038 + -1391 = 5646 (6555)
[56.903778] 
[56.903785] 
[56.903796] Start  layer2: 40 SMs -> 10
[56.916648] End    layer2: 1141 -> 12848 + -6698 = 6149 (7571)
[56.916654] 
[56.916659] 
[56.916667] Start  layer3: 10 SMs -> 4
[56.923528] End    layer3: 2232 -> 6857 + -4455 = 2401 (9123)
[56.923534] 
[56.923557] 
[56.923566] Start  layer4: 40 SMs -> 9
[56.930216] End    layer4: 2184 -> 6646 + 3347 = 9993 (14490)
[56.930222] 
[56.930227] 
[56.930235] Start  layerX: 40 SMs -> 3
[56.930504] End    layerX: 52 -> 266 + 3405 = 3671 (347)
[56.930508] 
[56.930516] Reserved: 13390us
[56.943966] 
[56.943974] Start  layer0: 30 SMs -> 3
[56.944639] End    layer0: 330 -> 658 + 1184 = 1842 (1910)
[56.944645] 
[56.944648] 
[56.944657] Start  layer1: 30 SMs -> 6
[56.950790] End    layer1: 1145 -> 6128 + 1589 = 7716 (6555)
[56.950795] 
[56.950801] 
[56.950809] Start  layer2: 20 SMs -> 6
[56.959064] End    layer2: 1501 -> 8248 + 887 = 9135 (7571)
[56.959071] 
[56.959078] 
[56.959089] Start  layer3: 10 SMs -> 4
[56.968472] End    layer3: 2232 -> 9380 + 600 = 9979 (9123)
[56.968478] 
[56.968483] 
[56.968492] Start  layer4: 20 SMs -> 5
[56.975551] End    layer4: 2476 -> 7053 + 8014 = 15067 (14490)
[56.975558] 
[56.975565] 
[56.975576] Start  layerX: 20 SMs -> 3
[56.976034] End    layerX: 56 -> 454 + 7878 = 8332 (347)
[56.976039] 
[56.976056] Reserved: 17850us
[56.993974] 
[56.993991] Start  layer0: 20 SMs -> 3
[56.994971] End    layer0: 433 -> 976 + 852 = 1828 (1910)
[56.994978] 
[56.994983] 
[56.994994] Start  layer1: 20 SMs -> 6
[57.000846] End    layer1: 1295 -> 5849 + 1531 = 7380 (6555)
[57.000854] 
[57.000867] 
[57.000876] Start  layer2: 20 SMs -> 5
[57.006343] End    layer2: 1501 -> 5463 + 3607 = 9069 (7571)
[57.006348] 
[57.006356] 
[57.006364] Start  layer3: 20 SMs -> 5
[57.012505] End    layer3: 1767 -> 6135 + 6569 = 12703 (9123)
[57.012512] 
[57.012519] 
[57.012529] Start  layer4: 20 SMs -> 6
[57.022710] End    layer4: 2476 -> 10176 + 10855 = 21031 (14490)
[57.022717] 
[57.022724] 
[57.022735] Start  layerX: 20 SMs -> 7
[57.023105] End    layerX: 56 -> 366 + 10807 = 11173 (347)
[57.023136] 
[57.023158] Reserved: 20748us
[57.043977] 
[57.043995] Start  layer0: 30 SMs -> 3
[57.044747] End    layer0: 330 -> 750 + 1075 = 1825 (1910)
[57.044752] 
[57.044756] 
[57.044764] Start  layer1: 30 SMs -> 6
[57.050385] End    layer1: 1145 -> 5615 + 1993 = 7608 (6555)
[57.050390] 
[57.050395] 
[57.050404] Start  layer2: 10 SMs -> 3
[57.055418] End    layer2: 2123 -> 5009 + 4531 = 9541 (7571)
[57.055424] 
[57.055430] 
[57.055439] Start  layer3: 10 SMs -> 3
[57.061092] End    layer3: 2232 -> 5647 + 7982 = 13629 (9123)
[57.061099] 
[57.061110] 
[57.061120] Start  layer4: 20 SMs -> 3
[57.066200] End    layer4: 2476 -> 5076 + 17363 = 22439 (14490)
[57.066206] 
[57.066210] 
[57.066219] Start  layerX: 30 SMs -> 3
[57.067169] End    layerX: 56 -> 947 + 16741 = 17688 (347)
[57.067173] 
[57.067199] Reserved: 26707us
[57.093968] 
[57.093976] Start  layer0: 30 SMs -> 2
[57.094633] End    layer0: 330 -> 653 + 1187 = 1840 (1910)
[57.094638] 
[57.094642] 
[57.094649] Start  layer1: 30 SMs -> 5
[57.098114] End    layer1: 1145 -> 3460 + 4263 = 7723 (6555)
[57.098119] 
[57.098150] 
[57.098158] Start  layer2: 10 SMs -> 3
[57.101613] End    layer2: 2123 -> 3450 + 8336 = 11786 (7571)
[57.101618] 
[57.101623] 
[57.101630] Start  layer3: 10 SMs -> 3
[57.105902] End    layer3: 2232 -> 4267 + 13170 = 17437 (9123)
[57.105908] 
[57.105932] 
[57.105940] Start  layer4: 10 SMs -> 3
[57.111659] End    layer4: 3588 -> 5714 + 21904 = 27618 (14490)
[57.111664] 
[57.111669] 
[57.111677] Start  layerX: 10 SMs -> 3
[57.112269] End    layerX: 74 -> 588 + 21641 = 22229 (347)
[57.112274] 
[57.112286] Reserved: 31619us
[57.143967] 
[57.143976] Start  layer0: 40 SMs -> 2
[57.144557] End    layer0: 288 -> 577 + 1264 = 1840 (1910)
[57.144562] 
[57.144565] 
[57.144572] Start  layer1: 40 SMs -> 4
[57.148336] End    layer1: 988 -> 3759 + 4041 = 7800 (6555)
[57.148341] 
[57.148346] 
[57.148355] Start  layer2: 40 SMs -> 7
[57.152496] End    layer2: 1141 -> 4135 + 7455 = 11590 (7571)
[57.152503] 
[57.152532] 
[57.152545] Start  layer3: 10 SMs -> 3
[57.157383] End    layer3: 2232 -> 4835 + 11690 = 16525 (9123)
[57.157388] 
[57.157410] 
[57.157419] Start  layer4: 10 SMs -> 3
[57.164040] End    layer4: 3588 -> 6616 + 19523 = 26139 (14490)
[57.164045] 
[57.164053] 
[57.164061] Start  layerX: 10 SMs -> 2
[57.164625] End    layerX: 74 -> 559 + 19286 = 19845 (347)
[57.164630] 
[57.164642] Reserved: 29264us
