[32.207496] layer0:
[32.222413] 	10	341us, 593us
[32.232836] 	20	236us, 400us
[32.242213] 	30	202us, 339us
[32.251014] 	40	184us, 287us
[32.251027] Params: 0.60	0.36	0.46

[32.251031] layer1:
[32.288526] 	10	1107us, 1956us
[32.313850] 	20	792us, 1305us
[32.335957] 	30	688us, 1138us
[32.357165] 	40	678us, 1004us
[32.357178] Params: 0.61	0.25	0.40

[32.357184] layer2:
[32.399973] 	10	1327us, 2188us
[32.429253] 	20	979us, 1541us
[32.457130] 	30	926us, 1435us
[32.480733] 	40	797us, 1147us
[32.480745] Params: 0.65	0.32	0.44

[32.480751] layer3:
[32.525565] 	10	1397us, 2274us
[32.556766] 	20	966us, 1746us
[32.588369] 	30	926us, 1805us
[32.615212] 	40	893us, 1366us
[32.615226] Params: 0.59	0.22	0.38

[32.615231] layer4:
[32.685397] 	10	2378us, 3545us
[32.730142] 	20	1566us, 2500us
[32.772809] 	30	1518us, 2352us
[32.811776] 	40	1417us, 2073us
[32.811788] Params: 0.66	0.27	0.32

[32.811795] layerX:
[32.817058] 	10	44us, 80us
[32.822299] 	20	41us, 72us
[32.827472] 	30	39us, 62us
[32.832576] 	40	40us, 53us
[32.832588] Params: 0.62	0.05	0.32

