[55.493096] 
[55.493117] Start  layer0: 30 SMs -> 4
[55.494325] End    layer0: 339 -> 1207 + 710 = 1916 (1936)
[55.494330] 
[55.494333] 
[55.494341] Start  layer1: 20 SMs -> 7
[55.507548] End    layer1: 1305 -> 13205 + -5744 = 7460 (6770)
[55.507552] 
[55.507565] 
[55.507571] Start  layer2: 30 SMs -> 10
[55.516930] End    layer2: 1434 -> 9357 + -7390 = 1966 (7736)
[55.516933] 
[55.516938] 
[55.516943] Start  layer3: 30 SMs -> 9
[55.530947] End    layer3: 1745 -> 14002 + -12191 = 1810 (9216)
[55.530950] 
[55.530954] 
[55.530959] Start  layer4: 30 SMs -> 10
[55.544168] End    layer4: 2352 -> 13201 + -11421 = 1779 (13984)
[55.544175] 
[55.544182] 
[55.544195] Start  layerX: 20 SMs -> 5
[55.545041] End    layerX: 72 -> 843 + -11942 = -11099 (355)
[55.545047] 
[55.545060] Delayed : 1964us
[55.545068] 
[55.545078] Start  layer0: 20 SMs -> 7
[55.546124] End    layer0: 400 -> 1042 + -1088 = -46 (1936)
[55.546130] 
[55.546133] 
[55.546142] Start  layer1: 30 SMs -> 2
[55.549750] End    layer1: 1137 -> 3604 + 2056 = 5659 (6770)
[55.549755] 
[55.549760] 
[55.549772] Start  layer2: 40 SMs -> 14
[55.561988] End    layer2: 1146 -> 12215 + -2448 = 9766 (7736)
[55.561991] 
[55.561995] 
[55.562001] Start  layer3: 30 SMs -> 8
[55.570295] End    layer3: 1745 -> 8292 + -1539 = 6752 (9216)
[55.570298] 
[55.570302] 
[55.570307] Start  layer4: 30 SMs -> 8
[55.578559] End    layer4: 2352 -> 8250 + 4181 = 12431 (13984)
[55.578562] 
[55.578566] 
[55.578571] Start  layerX: 30 SMs -> 6
[55.579479] End    layerX: 62 -> 906 + 3616 = 4522 (355)
[55.579482] 
[55.579490] Reserved: 13604us
[55.593153] 
[55.593161] Start  layer0: 20 SMs -> 4
[55.594001] End    layer0: 400 -> 838 + 1031 = 1870 (1936)
[55.594005] 
[55.594007] 
[55.594013] Start  layer1: 20 SMs -> 4
[55.600348] End    layer1: 1305 -> 6328 + 1459 = 7787 (6770)
[55.600353] 
[55.600361] 
[55.600370] Start  layer2: 20 SMs -> 9
[55.607210] End    layer2: 1540 -> 6837 + 2330 = 9168 (7736)
[55.607213] 
[55.607252] 
[55.607260] Start  layer3: 20 SMs -> 7
[55.615562] End    layer3: 1745 -> 8301 + 3193 = 11494 (9216)
[55.615565] 
[55.615568] 
[55.615572] Start  layer4: 30 SMs -> 9
[55.627617] End    layer4: 2352 -> 12038 + 5128 = 17166 (13984)
[55.627623] 
[55.627630] 
[55.627639] Start  layerX: 20 SMs -> 7
[55.628453] End    layerX: 72 -> 809 + 4646 = 5455 (355)
[55.628459] 
[55.628468] Reserved: 14626us
[55.643166] 
[55.643185] Start  layer0: 30 SMs -> 6
[55.644989] End    layer0: 339 -> 1801 + 48 = 1849 (1936)
[55.644996] 
[55.645000] 
[55.645011] Start  layer1: 20 SMs -> 7
[55.652406] End    layer1: 1305 -> 7389 + -597 = 6791 (6770)
[55.652413] 
[55.652420] 
[55.652431] Start  layer2: 40 SMs -> 13
[55.664021] End    layer2: 1146 -> 11588 + -4479 = 7108 (7736)
[55.664025] 
[55.664040] 
[55.664047] Start  layer3: 40 SMs -> 16
[55.677371] End    layer3: 1365 -> 13317 + -8609 = 4706 (9216)
[55.677378] 
[55.677385] 
[55.677397] Start  layer4: 40 SMs -> 14
[55.693271] End    layer4: 2072 -> 15871 + -10526 = 5343 (13984)
[55.693277] 
[55.693283] 
[55.693292] Start  layerX: 10 SMs -> 4
[55.693656] End    layerX: 79 -> 360 + -10557 = -10197 (355)
[55.693662] 
[55.693672] Delayed : 577us
[55.693680] 
[55.693689] Start  layer0: 40 SMs -> 9
[55.696076] End    layer0: 286 -> 2383 + -1040 = 1343 (1936)
[55.696082] 
[55.696085] 
[55.696094] Start  layer1: 10 SMs -> 9
[55.703160] End    layer1: 1955 -> 7061 + -1353 = 5707 (6770)
[55.703167] 
[55.703174] 
[55.703186] Start  layer2: 10 SMs -> 5
[55.708018] End    layer2: 2188 -> 4829 + 1524 = 6353 (7736)
[55.708024] 
[55.708031] 
[55.708039] Start  layer3: 10 SMs -> 5
[55.714970] End    layer3: 2274 -> 6926 + 3790 = 10715 (9216)
[55.714975] 
[55.714982] 
[55.714991] Start  layer4: 20 SMs -> 9
[55.725213] End    layer4: 2499 -> 10218 + 7530 = 17748 (13984)
[55.725219] 
[55.725226] 
[55.725235] Start  layerX: 20 SMs -> 7
[55.725754] End    layerX: 72 -> 517 + 7342 = 7859 (355)
[55.725758] 
[55.725768] Reserved: 17326us
[55.743157] 
[55.743164] Start  layer0: 20 SMs -> 8
[55.746362] End    layer0: 400 -> 3194 + -1326 = 1867 (1936)
[55.746368] 
[55.746371] 
[55.746380] Start  layer1: 40 SMs -> 14
[55.758338] End    layer1: 1003 -> 11952 + -6530 = 5421 (6770)
[55.758344] 
[55.758351] 
[55.758364] Start  layer2: 40 SMs -> 15
[55.773316] End    layer2: 1146 -> 14948 + -13771 = 1176 (7736)
[55.773324] 
[55.773332] 
[55.773344] Start  layer3: 10 SMs -> 6
[55.780431] End    layer3: 2274 -> 7083 + -11671 = -4587 (9216)
[55.780436] 
[55.780454] 
[55.780462] Start  layer4: 30 SMs -> 8
[55.791860] End    layer4: 2352 -> 11393 + -9115 = 2277 (13984)
[55.791866] 
[55.791870] 
[55.791879] Start  layerX: 10 SMs -> 3
[55.792289] End    layerX: 79 -> 406 + -9190 = -8784 (355)
[55.792293] 
[55.792302] Reserved: 792us
[55.793154] 
[55.793161] Start  layer0: 30 SMs -> 8
[55.795352] End    layer0: 339 -> 2186 + -316 = 1869 (1936)
[55.795358] 
[55.795361] 
[55.795370] Start  layer1: 40 SMs -> 10
[55.807216] End    layer1: 1003 -> 11841 + -5409 = 6431 (6770)
[55.807221] 
[55.807229] 
[55.807238] Start  layer2: 10 SMs -> 4
[55.815442] End    layer2: 2188 -> 8199 + -5899 = 2300 (7736)
[55.815448] 
[55.815465] 
[55.815474] Start  layer3: 10 SMs -> 5
[55.823395] End    layer3: 2274 -> 7915 + -4634 = 3280 (9216)
[55.823402] 
[55.823411] 
[55.823420] Start  layer4: 40 SMs -> 16
[55.842469] End    layer4: 2072 -> 19043 + -9723 = 9320 (13984)
[55.842476] 
[55.842485] 
[55.842497] Start  layerX: 40 SMs -> 14
[55.843555] End    layerX: 52 -> 1055 + -10456 = -9401 (355)
[55.843560] 
[55.843577] Delayed : 482us
[55.843583] 
[55.843591] Start  layer0: 10 SMs -> 5
[55.846529] End    layer0: 593 -> 2934 + -1493 = 1439 (1936)
[55.846534] 
[55.846537] 
[55.846547] Start  layer1: 20 SMs -> 8
[55.853730] End    layer1: 1305 -> 7177 + -1922 = 5254 (6770)
[55.853737] 
[55.853746] 
[55.853758] Start  layer2: 30 SMs -> 7
[55.858611] End    layer2: 1434 -> 4849 + 932 = 5781 (7736)
[55.858616] 
[55.858640] 
[55.858648] Start  layer3: 30 SMs -> 6
[55.862890] End    layer3: 1745 -> 4236 + 5871 = 10106 (9216)
[55.862897] 
[55.862905] 
[55.862917] Start  layer4: 30 SMs -> 6
[55.873188] End    layer4: 2352 -> 10267 + 9556 = 19823 (13984)
[55.873194] 
[55.873283] 
[55.873292] Start  layerX: 30 SMs -> 7
[55.873610] End    layerX: 62 -> 315 + 9488 = 9802 (355)
[55.873615] 
[55.873633] Reserved: 19461us
[55.893163] 
[55.893180] Start  layer0: 20 SMs -> 8
[55.894373] End    layer0: 400 -> 1189 + 664 = 1853 (1936)
[55.894380] 
[55.894384] 
[55.894395] Start  layer1: 40 SMs -> 8
[55.910075] End    layer1: 1003 -> 15676 + -8268 = 7407 (6770)
[55.910081] 
[55.910106] 
[55.910120] Start  layer2: 40 SMs -> 14
[55.922580] End    layer2: 1146 -> 12457 + -13037 = -580 (7736)
[55.922587] 
[55.922594] 
[55.922606] Start  layer3: 20 SMs -> 9
[55.934564] End    layer3: 1745 -> 11954 + -15804 = -3850 (9216)
[55.934569] 
[55.934583] 
[55.934591] Start  layer4: 20 SMs -> 7
[55.944615] End    layer4: 2499 -> 10018 + -11869 = -1851 (13984)
[55.944622] 
[55.944629] 
[55.944641] Start  layerX: 20 SMs -> 7
[55.946613] End    layerX: 72 -> 1969 + -13514 = -11545 (355)
[55.946619] 
[55.946628] Delayed : 3533us
[55.946634] 
[55.946644] Start  layer0: 40 SMs -> 15
[55.951248] End    layer0: 286 -> 4599 + -6211 = -1612 (1936)
[55.951253] 
[55.951257] 
[55.951265] Start  layer1: 10 SMs -> 7
[55.959040] End    layer1: 1955 -> 7768 + -7231 = 536 (6770)
[55.959047] 
[55.959053] 
[55.959064] Start  layer2: 10 SMs -> 5
[55.966719] End    layer2: 2188 -> 7652 + -7176 = 475 (7736)
[55.966725] 
[55.966731] 
[55.966740] Start  layer3: 20 SMs -> 7
[55.974005] End    layer3: 1745 -> 7260 + -5245 = 2014 (9216)
[55.974010] 
[55.974014] 
[55.974022] Start  layer4: 20 SMs -> 5
[55.983473] End    layer4: 2499 -> 9446 + -728 = 8717 (13984)
[55.983478] 
[55.983484] 
[55.983492] Start  layerX: 30 SMs -> 5
[55.984462] End    layerX: 62 -> 967 + -1363 = -397 (355)
[55.984467] 
[55.984477] Reserved: 8617us
[55.993163] 
[55.993180] Start  layer0: 30 SMs -> 5
[55.994639] End    layer0: 339 -> 1457 + 397 = 1854 (1936)
[55.994644] 
[55.994648] 
[55.994656] Start  layer1: 40 SMs -> 22
[56.011038] End    layer1: 1003 -> 16378 + -9232 = 7145 (6770)
[56.011045] 
[56.011052] 
[56.011062] Start  layer2: 40 SMs -> 16
[56.030257] End    layer2: 1146 -> 19191 + -20713 = -1523 (7736)
[56.030263] 
[56.030268] 
[56.030276] Start  layer3: 30 SMs -> 9
[56.038185] End    layer3: 1745 -> 7904 + -19425 = -11521 (9216)
[56.038190] 
[56.038203] 
[56.038212] Start  layer4: 40 SMs -> 12
[56.054581] End    layer4: 2072 -> 16365 + -21837 = -5472 (13984)
[56.054587] 
[56.054591] 
[56.054600] Start  layerX: 10 SMs -> 7
[56.055022] End    layerX: 79 -> 419 + -21923 = -21504 (355)
[56.055028] 
[56.055037] Delayed : 11942us
[56.055043] 
[56.055051] Start  layer0: 20 SMs -> 10
[56.057502] End    layer0: 400 -> 2445 + -12465 = -10019 (1936)
[56.057507] 
[56.057511] 
[56.057519] Start  layer1: 40 SMs -> 13
[56.073865] End    layer1: 1003 -> 16339 + -22056 = -5717 (6770)
[56.073872] 
[56.073881] 
[56.073893] Start  layer2: 10 SMs -> 5
[56.083065] End    layer2: 2188 -> 9167 + -23520 = -14353 (7736)
[56.083070] 
[56.083077] 
[56.083085] Start  layer3: 10 SMs -> 5
[56.090647] End    layer3: 2274 -> 7556 + -21886 = -14330 (9216)
[56.090654] 
[56.090663] 
[56.090674] Start  layer4: 40 SMs -> 14
[56.106093] End    layer4: 2072 -> 15415 + -23348 = -7933 (13984)
[56.106100] 
[56.106109] 
[56.106118] Start  layerX: 30 SMs -> 5
[56.106508] End    layerX: 62 -> 386 + -23409 = -23023 (355)
[56.106513] 
[56.106520] Delayed : 13426us
[56.106526] 
[56.106534] Start  layer0: 10 SMs -> 8
[56.109771] End    layer0: 593 -> 3231 + -14733 = -11502 (1936)
[56.109778] 
[56.109781] 
[56.109792] Start  layer1: 30 SMs -> 5
[56.115660] End    layer1: 1137 -> 5863 + -13852 = -7989 (6770)
[56.115666] 
[56.115683] 
[56.115695] Start  layer2: 30 SMs -> 6
[56.120763] End    layer2: 1434 -> 5065 + -11220 = -6155 (7736)
[56.120769] 
[56.120775] 
[56.120784] Start  layer3: 30 SMs -> 6
[56.130964] End    layer3: 1745 -> 10175 + -12204 = -2029 (9216)
[56.130969] 
[56.130975] 
[56.130985] Start  layer4: 10 SMs -> 5
[56.138951] End    layer4: 3545 -> 7963 + -6207 = 1755 (13984)
[56.138959] 
[56.138965] 
[56.138978] Start  layerX: 20 SMs -> 6
[56.139999] End    layerX: 72 -> 1018 + -6900 = -5882 (355)
[56.140004] 
[56.140016] Reserved: 3078us
[56.143162] 
[56.143176] Start  layer0: 40 SMs -> 13
[56.149501] End    layer0: 286 -> 6320 + -4462 = 1857 (1936)
[56.149507] 
[56.149512] 
[56.149524] Start  layer1: 20 SMs -> 7
[56.158639] End    layer1: 1305 -> 9112 + -6833 = 2278 (6770)
[56.158645] 
[56.158650] 
[56.158659] Start  layer2: 40 SMs -> 15
[56.174271] End    layer2: 1146 -> 15606 + -14725 = 879 (7736)
[56.174277] 
[56.174281] 
[56.174291] Start  layer3: 20 SMs -> 6
[56.181939] End    layer3: 1745 -> 7644 + -13180 = -5536 (9216)
[56.181945] 
[56.181951] 
[56.181959] Start  layer4: 20 SMs -> 8
[56.193354] End    layer4: 2499 -> 11391 + -10610 = 780 (13984)
[56.193360] 
[56.193374] 
[56.193383] Start  layerX: 40 SMs -> 15
[56.195545] End    layerX: 52 -> 2158 + -12446 = -10288 (355)
[56.195551] 
[56.195560] Delayed : 2465us
[56.195566] 
[56.195575] Start  layer0: 30 SMs -> 9
[56.199122] End    layer0: 339 -> 3542 + -4085 = -543 (1936)
[56.199128] 
[56.199131] 
[56.199140] Start  layer1: 10 SMs -> 5
[56.206006] End    layer1: 1955 -> 6859 + -4197 = 2661 (6770)
[56.206013] 
[56.206028] 
[56.206039] Start  layer2: 40 SMs -> 13
[56.219373] End    layer2: 1146 -> 13330 + -9828 = 3500 (7736)
[56.219379] 
[56.219388] 
[56.219400] Start  layer3: 10 SMs -> 4
[56.228065] End    layer3: 2274 -> 8662 + -9305 = -644 (9216)
[56.228071] 
[56.228079] 
[56.228088] Start  layer4: 30 SMs -> 7
[56.237567] End    layer4: 2352 -> 9475 + -4823 = 4651 (13984)
[56.237573] 
[56.237577] 
[56.237586] Start  layerX: 20 SMs -> 7
[56.238307] End    layerX: 72 -> 717 + -5208 = -4491 (355)
[56.238313] 
[56.238325] Reserved: 4769us
[56.243165] 
[56.243179] Start  layer0: 30 SMs -> 8
[56.245212] End    layer0: 339 -> 2030 + -176 = 1853 (1936)
[56.245218] 
[56.245221] 
[56.245230] Start  layer1: 30 SMs -> 7
[56.251741] End    layer1: 1137 -> 6505 + 66 = 6571 (6770)
[56.251748] 
[56.251756] 
[56.251767] Start  layer2: 30 SMs -> 8
[56.259278] End    layer2: 1434 -> 7508 + 264 = 7772 (7736)
[56.259284] 
[56.259292] 
[56.259326] Start  layer3: 30 SMs -> 6
[56.265701] End    layer3: 1745 -> 6369 + 3059 = 9428 (9216)
[56.265708] 
[56.265734] 
[56.265744] Start  layer4: 10 SMs -> 6
[56.277428] End    layer4: 3545 -> 11683 + 5313 = 16996 (13984)
[56.277433] 
[56.277439] 
[56.277447] Start  layerX: 10 SMs -> 6
[56.278407] End    layerX: 79 -> 952 + 4695 = 5647 (355)
[56.278415] 
[56.278429] Reserved: 14666us
[56.293156] 
[56.293167] Start  layer0: 20 SMs -> 7
[56.294917] End    layer0: 400 -> 1747 + 117 = 1864 (1936)
[56.294922] 
[56.294924] 
[56.294940] Start  layer1: 30 SMs -> 5
[56.300476] End    layer1: 1137 -> 5531 + 1329 = 6861 (6770)
[56.300482] 
[56.300487] 
[56.300496] Start  layer2: 30 SMs -> 6
[56.306611] End    layer2: 1434 -> 6111 + 2931 = 9042 (7736)
[56.306617] 
[56.306641] 
[56.306650] Start  layer3: 30 SMs -> 5
[56.311272] End    layer3: 1745 -> 4618 + 7487 = 12104 (9216)
[56.311278] 
[56.311285] 
[56.311293] Start  layer4: 30 SMs -> 6
[56.319774] End    layer4: 2352 -> 8476 + 12970 = 21446 (13984)
[56.319780] 
[56.319785] 
[56.319794] Start  layerX: 30 SMs -> 6
[56.321041] End    layerX: 62 -> 1242 + 12058 = 13300 (355)
[56.321046] 
[56.321056] Reserved: 22038us
[56.343158] 
[56.343172] Start  layer0: 40 SMs -> 15
[56.347040] End    layer0: 286 -> 3865 + -2004 = 1860 (1936)
[56.347046] 
[56.347049] 
[56.347059] Start  layer1: 30 SMs -> 8
[56.353929] End    layer1: 1137 -> 6866 + -2123 = 4743 (6770)
[56.353935] 
[56.353941] 
[56.353949] Start  layer2: 20 SMs -> 8
[56.362206] End    layer2: 1540 -> 8252 + -2662 = 5589 (7736)
[56.362212] 
[56.362219] 
[56.362228] Start  layer3: 30 SMs -> 7
[56.368928] End    layer3: 1745 -> 6696 + -168 = 6526 (9216)
[56.368934] 
[56.368948] 
[56.368957] Start  layer4: 30 SMs -> 7
[56.377134] End    layer4: 2352 -> 8172 + 5610 = 13782 (13984)
[56.377141] 
[56.377150] 
[56.377163] Start  layerX: 30 SMs -> 7
[56.378108] End    layerX: 62 -> 940 + 4993 = 5932 (355)
[56.378114] 
[56.378137] Reserved: 14957us
[56.393154] 
[56.393162] Start  layer0: 10 SMs -> 7
[56.398366] End    layer0: 593 -> 5198 + -3328 = 1869 (1936)
[56.398373] 
[56.398377] 
[56.398385] Start  layer1: 40 SMs -> 12
[56.412537] End    layer1: 1003 -> 14148 + -10731 = 3416 (6770)
[56.412543] 
[56.412548] 
[56.412557] Start  layer2: 40 SMs -> 13
[56.429495] End    layer2: 1146 -> 16933 + -19951 = -3018 (7736)
[56.429501] 
[56.429507] 
[56.429516] Start  layer3: 10 SMs -> 7
[56.439209] End    layer3: 2274 -> 9688 + -20449 = -10761 (9216)
[56.439215] 
[56.439225] 
[56.439235] Start  layer4: 20 SMs -> 8
[56.452036] End    layer4: 2499 -> 12796 + -19290 = -6494 (13984)
[56.452042] 
[56.452100] 
[56.452114] Start  layerX: 30 SMs -> 8
[56.454155] End    layerX: 62 -> 2037 + -21054 = -19017 (355)
[56.454161] 
[56.454184] Delayed : 11089us
[56.454191] 
[56.454201] Start  layer0: 20 SMs -> 7
[56.455909] End    layer0: 400 -> 1702 + -10871 = -9169 (1936)
[56.455915] 
[56.455919] 
[56.455928] Start  layer1: 20 SMs -> 8
[56.464565] End    layer1: 1305 -> 8633 + -12758 = -4126 (6770)
[56.464570] 
[56.464575] 
[56.464583] Start  layer2: 30 SMs -> 8
[56.473761] End    layer2: 1434 -> 9174 + -14218 = -5044 (7736)
[56.473767] 
[56.473785] 
[56.473794] Start  layer3: 30 SMs -> 8
[56.482284] End    layer3: 1745 -> 8484 + -13523 = -5039 (9216)
[56.482291] 
[56.482301] 
[56.482313] Start  layer4: 30 SMs -> 8
[56.492313] End    layer4: 2352 -> 9995 + -9567 = 427 (13984)
[56.492320] 
[56.492338] 
[56.492348] Start  layerX: 40 SMs -> 10
[56.494521] End    layerX: 52 -> 2168 + -11421 = -9253 (355)
[56.494527] 
[56.494536] Delayed : 1441us
[56.494542] 
[56.494553] Start  layer0: 30 SMs -> 5
[56.496138] End    layer0: 339 -> 1579 + -1100 = 478 (1936)
[56.496145] 
[56.496149] 
[56.496161] Start  layer1: 30 SMs -> 6
[56.504935] End    layer1: 1137 -> 8770 + -3127 = 5641 (6770)
[56.504941] 
[56.504947] 
[56.504955] Start  layer2: 40 SMs -> 13
[56.517237] End    layer2: 1146 -> 12277 + -7693 = 4583 (7736)
[56.517243] 
[56.517249] 
[56.517258] Start  layer3: 40 SMs -> 13
[56.528767] End    layer3: 1365 -> 11508 + -10010 = 1496 (9216)
[56.528770] 
[56.528773] 
[56.528778] Start  layer4: 20 SMs -> 8
[56.541208] End    layer4: 2499 -> 12428 + -8467 = 3960 (13984)
[56.541211] 
[56.541215] 
[56.541220] Start  layerX: 10 SMs -> 5
[56.541343] End    layerX: 79 -> 122 + -8248 = -8126 (355)
[56.541345] 
[56.541351] Reserved: 1742us
[56.543152] 
[56.543159] Start  layer0: 40 SMs -> 12
[56.545537] End    layer0: 286 -> 2376 + -504 = 1871 (1936)
[56.545540] 
[56.545542] 
[56.545546] Start  layer1: 40 SMs -> 9
[56.556972] End    layer1: 1003 -> 11420 + -5165 = 6254 (6770)
[56.556978] 
[56.556988] 
[56.556997] Start  layer2: 40 SMs -> 14
[56.567617] End    layer2: 1146 -> 10615 + -8073 = 2541 (7736)
[56.567622] 
[56.567636] 
[56.567645] Start  layer3: 40 SMs -> 12
[56.582695] End    layer3: 1365 -> 15048 + -13938 = 1109 (9216)
[56.582699] 
[56.582706] 
[56.582712] Start  layer4: 20 SMs -> 8
[56.589716] End    layer4: 2499 -> 7001 + -6975 = 26 (13984)
[56.589719] 
[56.589721] 
[56.589726] Start  layerX: 30 SMs -> 7
[56.590649] End    layerX: 62 -> 921 + -7554 = -6632 (355)
[56.590651] 
[56.590656] Reserved: 2437us
[56.593151] 
[56.593156] Start  layer0: 20 SMs -> 6
[56.594480] End    layer0: 400 -> 1321 + 553 = 1874 (1936)
[56.594483] 
[56.594485] 
[56.594492] Start  layer1: 40 SMs -> 12
[56.606319] End    layer1: 1003 -> 11820 + -4510 = 7308 (6770)
[56.606326] 
[56.606333] 
[56.606344] Start  layer2: 40 SMs -> 13
[56.618414] End    layer2: 1146 -> 12066 + -8870 = 3195 (7736)
[56.618419] 
[56.618432] 
[56.618441] Start  layer3: 40 SMs -> 12
[56.634834] End    layer3: 1365 -> 16389 + -16074 = 313 (9216)
[56.634840] 
[56.634850] 
[56.634862] Start  layer4: 40 SMs -> 10
[56.649768] End    layer4: 2072 -> 14900 + -17021 = -2121 (13984)
[56.649775] 
[56.649785] 
[56.649797] Start  layerX: 40 SMs -> 13
[56.650248] End    layerX: 52 -> 447 + -17149 = -16701 (355)
[56.650253] 
[56.650264] Delayed : 7169us
[56.650271] 
[56.650279] Start  layer0: 10 SMs -> 6
[56.652286] End    layer0: 593 -> 2000 + -7247 = -5247 (1936)
[56.652293] 
[56.652297] 
[56.652309] Start  layer1: 40 SMs -> 14
[56.667633] End    layer1: 1003 -> 15320 + -15826 = -506 (6770)
[56.667639] 
[56.667652] 
[56.667662] Start  layer2: 40 SMs -> 14
[56.681649] End    layer2: 1146 -> 13983 + -22106 = -8123 (7736)
[56.681655] 
[56.681664] 
[56.681673] Start  layer3: 40 SMs -> 10
[56.690960] End    layer3: 1365 -> 9283 + -22201 = -12918 (9216)
[56.690966] 
[56.690971] 
[56.690980] Start  layer4: 40 SMs -> 5
[56.695152] End    layer4: 2072 -> 4168 + -12408 = -8240 (13984)
[56.695158] 
[56.695164] 
[56.695172] Start  layerX: 10 SMs -> 9
[56.696718] End    layerX: 79 -> 1540 + -13616 = -12077 (355)
[56.696725] 
[56.696748] Delayed : 3653us
[56.696756] 
[56.696767] Start  layer0: 10 SMs -> 8
[56.698501] End    layer0: 593 -> 1731 + -3465 = -1734 (1936)
[56.698507] 
[56.698510] 
[56.698518] Start  layer1: 10 SMs -> 4
[56.703834] End    layer1: 1955 -> 5311 + -2027 = 3283 (6770)
[56.703840] 
[56.703844] 
[56.703853] Start  layer2: 30 SMs -> 8
[56.710616] End    layer2: 1434 -> 6758 + -1072 = 5685 (7736)
[56.710621] 
[56.710626] 
[56.710635] Start  layer3: 10 SMs -> 4
[56.716439] End    layer3: 2274 -> 5800 + 2319 = 8119 (9216)
[56.716445] 
[56.716453] 
[56.716461] Start  layer4: 10 SMs -> 4
[56.726826] End    layer4: 3545 -> 10360 + 5918 = 16278 (13984)
[56.726831] 
[56.726839] 
[56.726849] Start  layerX: 10 SMs -> 4
[56.727702] End    layerX: 79 -> 849 + 5396 = 6246 (355)
[56.727707] 
[56.727716] Reserved: 15378us
[56.743159] 
[56.743173] Start  layer0: 40 SMs -> 2
[56.743727] End    layer0: 286 -> 551 + 1309 = 1860 (1936)
[56.743732] 
[56.743735] 
[56.743743] Start  layer1: 30 SMs -> 6
[56.752260] End    layer1: 1137 -> 8512 + -453 = 8058 (6770)
[56.752265] 
[56.752271] 
[56.752280] Start  layer2: 30 SMs -> 8
[56.761966] End    layer2: 1434 -> 9681 + -2422 = 7258 (7736)
[56.761971] 
[56.761976] 
[56.761986] Start  layer3: 30 SMs -> 8
[56.771577] End    layer3: 1745 -> 9584 + -2815 = 6768 (9216)
[56.771583] 
[56.771593] 
[56.771604] Start  layer4: 40 SMs -> 11
[56.784479] End    layer4: 2072 -> 12871 + -1734 = 11136 (13984)
[56.784485] 
[56.784489] 
[56.784520] Start  layerX: 20 SMs -> 2
[56.784651] End    layerX: 72 -> 128 + -1553 = -1425 (355)
[56.784655] 
[56.784664] Reserved: 8430us
[56.793155] 
[56.793163] Start  layer0: 30 SMs -> 2
[56.793695] End    layer0: 339 -> 528 + 1340 = 1868 (1936)
[56.793700] 
[56.793703] 
[56.793712] Start  layer1: 40 SMs -> 4
[56.798055] End    layer1: 1003 -> 4338 + 3751 = 8089 (6770)
[56.798061] 
[56.798071] 
[56.798080] Start  layer2: 40 SMs -> 9
[56.807369] End    layer2: 1146 -> 9285 + 2173 = 11458 (7736)
[56.807375] 
[56.807379] 
[56.807388] Start  layer3: 40 SMs -> 10
[56.817592] End    layer3: 1365 -> 10197 + 1169 = 11366 (9216)
[56.817598] 
[56.817610] 
[56.817619] Start  layer4: 40 SMs -> 11
[56.832148] End    layer4: 2072 -> 14523 + 597 = 15120 (13984)
[56.832156] 
[56.832165] 
[56.832177] Start  layerX: 20 SMs -> 2
[56.832517] End    layerX: 72 -> 338 + 581 = 918 (355)
[56.832523] 
[56.832531] Reserved: 10562us
[56.843159] 
[56.843172] Start  layer0: 40 SMs -> 2
[56.843603] End    layer0: 286 -> 428 + 1432 = 1860 (1936)
[56.843608] 
[56.843611] 
[56.843620] Start  layer1: 20 SMs -> 3
[56.848828] End    layer1: 1305 -> 5203 + 2978 = 8181 (6770)
[56.848833] 
[56.848840] 
[56.848849] Start  layer2: 10 SMs -> 4
[56.853694] End    layer2: 2188 -> 4841 + 5848 = 10689 (7736)
[56.853700] 
[56.853709] 
[56.853718] Start  layer3: 40 SMs -> 10
[56.866585] End    layer3: 1365 -> 12861 + 2176 = 15036 (9216)
[56.866592] 
[56.866603] 
[56.866613] Start  layer4: 40 SMs -> 11
[56.878235] End    layer4: 2072 -> 11618 + 4509 = 16126 (13984)
[56.878240] 
[56.878246] 
[56.878254] Start  layerX: 20 SMs -> 2
[56.878553] End    layerX: 72 -> 296 + 4544 = 4840 (355)
[56.878557] 
[56.878566] Reserved: 14528us
[56.893155] 
[56.893165] Start  layer0: 30 SMs -> 1
[56.893560] End    layer0: 339 -> 391 + 1475 = 1867 (1936)
[56.893565] 
[56.893568] 
[56.893576] Start  layer1: 30 SMs -> 2
[56.896768] End    layer1: 1137 -> 3187 + 5037 = 8225 (6770)
[56.896774] 
[56.896781] 
[56.896789] Start  layer2: 40 SMs -> 8
[56.904696] End    layer2: 1146 -> 7901 + 4849 = 12749 (7736)
[56.904702] 
[56.904726] 
[56.904735] Start  layer3: 30 SMs -> 7
[56.909586] End    layer3: 1745 -> 4847 + 9173 = 14020 (9216)
[56.909591] 
[56.909596] 
[56.909605] Start  layer4: 40 SMs -> 12
[56.921237] End    layer4: 2072 -> 11627 + 11507 = 23134 (13984)
[56.921244] 
[56.921251] 
[56.921262] Start  layerX: 40 SMs -> 8
[56.922746] End    layerX: 52 -> 1481 + 10353 = 11833 (355)
[56.922751] 
[56.922761] Reserved: 20333us
[56.943161] 
[56.943175] Start  layer0: 40 SMs -> 1
[56.943575] End    layer0: 286 -> 398 + 1460 = 1858 (1936)
[56.943580] 
[56.943583] 
[56.943591] Start  layer1: 40 SMs -> 3
[56.949367] End    layer1: 1003 -> 5770 + 2440 = 8210 (6770)
[56.949374] 
[56.949382] 
[56.949393] Start  layer2: 30 SMs -> 7
[56.954110] End    layer2: 1434 -> 4715 + 5432 = 10147 (7736)
[56.954116] 
[56.954120] 
[56.954128] Start  layer3: 20 SMs -> 6
[56.959597] End    layer3: 1745 -> 5464 + 9162 = 14626 (9216)
[56.959602] 
[56.959610] 
[56.959618] Start  layer4: 20 SMs -> 6
[56.966818] End    layer4: 2499 -> 7196 + 15926 = 23121 (13984)
[56.966823] 
[56.966845] 
[56.966853] Start  layerX: 20 SMs -> 5
[56.967320] End    layerX: 72 -> 463 + 15778 = 16241 (355)
[56.967325] 
[56.967344] Reserved: 25750us
