[49.194638] layer0:
[49.208423] 	10	345us, 563us
[49.218856] 	20	236us, 390us
[49.228135] 	30	206us, 336us
[49.236922] 	40	185us, 291us
[49.236934] Params: 0.62	0.37	0.41

[49.236939] layer1:
[49.274287] 	10	1112us, 1950us
[49.298867] 	20	792us, 1280us
[49.321443] 	30	693us, 1164us
[49.342304] 	40	676us, 999us
[49.342317] Params: 0.62	0.26	0.41

[49.342323] layer2:
[49.385139] 	10	1334us, 2165us
[49.414431] 	20	986us, 1505us
[49.442334] 	30	927us, 1422us
[49.465938] 	40	794us, 1145us
[49.465950] Params: 0.65	0.33	0.43

[49.465956] layer3:
[49.511184] 	10	1405us, 2281us
[49.542132] 	20	969us, 1705us
[49.571513] 	30	929us, 1574us
[49.597988] 	40	893us, 1334us
[49.598002] Params: 0.61	0.22	0.35

[49.598008] layer4:
[49.668329] 	10	2387us, 3549us
[49.712640] 	20	1570us, 2475us
[49.755574] 	30	1524us, 2361us
[49.794410] 	40	1418us, 2082us
[49.794423] Params: 0.66	0.27	0.31

[49.794429] layerX:
[49.799627] 	10	44us, 81us
[49.804987] 	20	41us, 76us
[49.810314] 	30	40us, 69us
[49.815407] 	40	39us, 56us
[49.815420] Params: 0.59	0.06	0.31

