[55.494422] 
[55.494435] Start  layer0: 40 SMs -> 7
[55.495444] End    layer0: 290 -> 1008 + 948 = 1956 (1968)
[55.495447] 
[55.495448] 
[55.495453] Start  layer1: 30 SMs -> 10
[55.507952] End    layer1: 1164 -> 12497 + -4797 = 7700 (6763)
[55.507955] 
[55.507958] 
[55.507962] Start  layer2: 30 SMs -> 10
[55.516036] End    layer2: 1422 -> 8071 + -5125 = 2945 (7754)
[55.516039] 
[55.516057] 
[55.516061] Start  layer3: 20 SMs -> 9
[55.523113] End    layer3: 1705 -> 7050 + -3169 = 3880 (9033)
[55.523116] 
[55.523119] 
[55.523124] Start  layer4: 20 SMs -> 8
[55.538965] End    layer4: 2474 -> 15838 + -4921 = 10916 (14098)
[55.538968] 
[55.538971] 
[55.538976] Start  layerX: 20 SMs -> 8
[55.540317] End    layerX: 75 -> 1339 + -5893 = -4553 (380)
[55.540320] 
[55.540326] Reserved: 4095us
[55.544479] 
[55.544486] Start  layer0: 20 SMs -> 7
[55.546229] End    layer0: 389 -> 1741 + 162 = 1903 (1968)
[55.546232] 
[55.546234] 
[55.546239] Start  layer1: 40 SMs -> 18
[55.558595] End    layer1: 998 -> 12351 + -5436 = 6914 (6763)
[55.558601] 
[55.558607] 
[55.558616] Start  layer2: 30 SMs -> 7
[55.566563] End    layer2: 1422 -> 7942 + -5649 = 2292 (7754)
[55.566568] 
[55.566573] 
[55.566582] Start  layer3: 20 SMs -> 6
[55.575612] End    layer3: 1705 -> 9024 + -5662 = 3361 (9033)
[55.575619] 
[55.575628] 
[55.575637] Start  layer4: 30 SMs -> 6
[55.587355] End    layer4: 2360 -> 11712 + -3306 = 8405 (14098)
[55.587362] 
[55.587371] 
[55.587382] Start  layerX: 40 SMs -> 11
[55.588593] End    layerX: 56 -> 1206 + -4163 = -2957 (380)
[55.588599] 
[55.588610] Reserved: 5811us
[55.594489] 
[55.594503] Start  layer0: 20 SMs -> 5
[55.596301] End    layer0: 389 -> 1796 + 94 = 1889 (1968)
[55.596307] 
[55.596310] 
[55.596318] Start  layer1: 20 SMs -> 7
[55.603633] End    layer1: 1279 -> 7310 + -474 = 6836 (6763)
[55.603638] 
[55.603651] 
[55.603660] Start  layer2: 20 SMs -> 8
[55.610080] End    layer2: 1504 -> 6415 + 835 = 7250 (7754)
[55.610087] 
[55.610093] 
[55.610102] Start  layer3: 40 SMs -> 14
[55.627432] End    layer3: 1333 -> 17326 + -7485 = 9841 (9033)
[55.627437] 
[55.627441] 
[55.627448] Start  layer4: 30 SMs -> 8
[55.635984] End    layer4: 2360 -> 8531 + -1937 = 6593 (14098)
[55.635990] 
[55.636003] 
[55.636012] Start  layerX: 40 SMs -> 11
[55.636708] End    layerX: 56 -> 694 + -2282 = -1588 (380)
[55.636713] 
[55.636719] Reserved: 7702us
[55.644490] 
[55.644505] Start  layer0: 10 SMs -> 5
[55.648315] End    layer0: 562 -> 3805 + -1917 = 1887 (1968)
[55.648322] 
[55.648327] 
[55.648336] Start  layer1: 30 SMs -> 8
[55.655323] End    layer1: 1164 -> 6983 + -2164 = 4818 (6763)
[55.655330] 
[55.655335] 
[55.655344] Start  layer2: 10 SMs -> 8
[55.663706] End    layer2: 2165 -> 8357 + -2792 = 5564 (7754)
[55.663711] 
[55.663717] 
[55.663727] Start  layer3: 20 SMs -> 7
[55.671215] End    layer3: 1705 -> 7484 + -1267 = 6216 (9033)
[55.671221] 
[55.671227] 
[55.671236] Start  layer4: 30 SMs -> 10
[55.681445] End    layer4: 2360 -> 10205 + 2602 = 12806 (14098)
[55.681452] 
[55.681458] 
[55.681468] Start  layerX: 10 SMs -> 5
[55.681923] End    layerX: 80 -> 452 + 2503 = 2956 (380)
[55.681929] 
[55.681938] Reserved: 12483us
[55.694492] 
[55.694510] Start  layer0: 30 SMs -> 9
[55.696639] End    layer0: 335 -> 2127 + -243 = 1883 (1968)
[55.696644] 
[55.696647] 
[55.696655] Start  layer1: 20 SMs -> 6
[55.705301] End    layer1: 1279 -> 8639 + -2140 = 6498 (6763)
[55.705308] 
[55.705327] 
[55.705339] Start  layer2: 40 SMs -> 17
[55.726759] End    layer2: 1145 -> 21417 + -15844 = 5571 (7754)
[55.726764] 
[55.726769] 
[55.726778] Start  layer3: 30 SMs -> 8
[55.736291] End    layer3: 1573 -> 9507 + -16341 = -6834 (9033)
[55.736298] 
[55.736314] 
[55.736327] Start  layer4: 40 SMs -> 13
[55.752407] End    layer4: 2081 -> 16076 + -18359 = -2283 (14098)
[55.752414] 
[55.752426] 
[55.752435] Start  layerX: 10 SMs -> 5
[55.753001] End    layerX: 80 -> 561 + -18572 = -18011 (380)
[55.753008] 
[55.753020] Delayed : 8597us
[55.753028] 
[55.753038] Start  layer0: 30 SMs -> 11
[55.755033] End    layer0: 335 -> 1990 + -8635 = -6645 (1968)
[55.755040] 
[55.755044] 
[55.755056] Start  layer1: 30 SMs -> 11
[55.763099] End    layer1: 1164 -> 8038 + -9938 = -1900 (6763)
[55.763106] 
[55.763112] 
[55.763123] Start  layer2: 30 SMs -> 9
[55.774857] End    layer2: 1422 -> 11730 + -13942 = -2212 (7754)
[55.774862] 
[55.774867] 
[55.774875] Start  layer3: 40 SMs -> 14
[55.789509] End    layer3: 1333 -> 14629 + -19561 = -4932 (9033)
[55.789515] 
[55.789519] 
[55.789527] Start  layer4: 30 SMs -> 7
[55.800152] End    layer4: 2360 -> 10621 + -16105 = -5485 (14098)
[55.800158] 
[55.800164] 
[55.800172] Start  layerX: 30 SMs -> 8
[55.800844] End    layerX: 68 -> 667 + -16416 = -15749 (380)
[55.800849] 
[55.800861] Delayed : 6439us
[55.800867] 
[55.800875] Start  layer0: 30 SMs -> 9
[55.802141] End    layer0: 335 -> 1262 + -5745 = -4483 (1968)
[55.802147] 
[55.802150] 
[55.802159] Start  layer1: 30 SMs -> 9
[55.810804] End    layer1: 1164 -> 8641 + -7645 = 996 (6763)
[55.810809] 
[55.810815] 
[55.810823] Start  layer2: 20 SMs -> 8
[55.817281] End    layer2: 1504 -> 6454 + -6367 = 86 (7754)
[55.817286] 
[55.817292] 
[55.817301] Start  layer3: 20 SMs -> 7
[55.826423] End    layer3: 1705 -> 9118 + -6475 = 2642 (9033)
[55.826429] 
[55.826434] 
[55.826442] Start  layer4: 20 SMs -> 6
[55.840089] End    layer4: 2474 -> 13642 + -6041 = 7599 (14098)
[55.840094] 
[55.840100] 
[55.840109] Start  layerX: 40 SMs -> 12
[55.842713] End    layerX: 56 -> 2599 + -8284 = -5685 (380)
[55.842719] 
[55.842734] Reserved: 1687us
[55.844490] 
[55.844508] Start  layer0: 20 SMs -> 8
[55.846521] End    layer0: 389 -> 2009 + -123 = 1885 (1968)
[55.846528] 
[55.846532] 
[55.846545] Start  layer1: 20 SMs -> 7
[55.855836] End    layer1: 1279 -> 9286 + -2675 = 6610 (6763)
[55.855843] 
[55.855848] 
[55.855856] Start  layer2: 40 SMs -> 16
[55.869527] End    layer2: 1145 -> 13664 + -8611 = 5052 (7754)
[55.869534] 
[55.869541] 
[55.869553] Start  layer3: 30 SMs -> 7
[55.877283] End    layer3: 1573 -> 7727 + -7335 = 390 (9033)
[55.877289] 
[55.877294] 
[55.877302] Start  layer4: 30 SMs -> 8
[55.886710] End    layer4: 2360 -> 9404 + -2663 = 6739 (14098)
[55.886716] 
[55.886722] 
[55.886731] Start  layerX: 30 SMs -> 6
[55.887442] End    layerX: 68 -> 708 + -3016 = -2307 (380)
[55.887446] 
[55.887454] Reserved: 6967us
[55.894487] 
[55.894501] Start  layer0: 10 SMs -> 5
[55.897242] End    layer0: 562 -> 2738 + -846 = 1891 (1968)
[55.897248] 
[55.897251] 
[55.897260] Start  layer1: 40 SMs -> 13
[55.908142] End    layer1: 998 -> 10875 + -4980 = 5894 (6763)
[55.908149] 
[55.908160] 
[55.908172] Start  layer2: 40 SMs -> 14
[55.922314] End    layer2: 1145 -> 14139 + -11400 = 2738 (7754)
[55.922320] 
[55.922325] 
[55.922334] Start  layer3: 40 SMs -> 15
[55.937043] End    layer3: 1333 -> 14703 + -17093 = -2390 (9033)
[55.937050] 
[55.937060] 
[55.937071] Start  layer4: 20 SMs -> 8
[55.948558] End    layer4: 2474 -> 11482 + -14509 = -3028 (14098)
[55.948565] 
[55.948572] 
[55.948584] Start  layerX: 10 SMs -> 6
[55.949761] End    layerX: 80 -> 1174 + -15333 = -14159 (380)
[55.949766] 
[55.949774] Delayed : 5352us
[55.949781] 
[55.949791] Start  layer0: 30 SMs -> 7
[55.950877] End    layer0: 335 -> 1082 + -4481 = -3399 (1968)
[55.950883] 
[55.950887] 
[55.950898] Start  layer1: 30 SMs -> 8
[55.956339] End    layer1: 1164 -> 5436 + -3178 = 2256 (6763)
[55.956346] 
[55.956413] 
[55.956422] Start  layer2: 40 SMs -> 18
[55.978410] End    layer2: 1145 -> 21984 + -17496 = 4487 (7754)
[55.978416] 
[55.978422] 
[55.978434] Start  layer3: 20 SMs -> 5
[55.986502] End    layer3: 1705 -> 8063 + -16553 = -8490 (9033)
[55.986510] 
[55.986521] 
[55.986532] Start  layer4: 20 SMs -> 5
[55.994417] End    layer4: 2474 -> 7880 + -10368 = -2488 (14098)
[55.994424] 
[55.994430] 
[55.994442] Start  layerX: 20 SMs -> 3
[55.995190] End    layerX: 75 -> 742 + -10760 = -10018 (380)
[55.995196] 
[55.995218] Delayed : 796us
[55.995225] 
[55.995232] Start  layer0: 30 SMs -> 3
[55.996158] End    layer0: 335 -> 922 + 236 = 1159 (1968)
[55.996164] 
[55.996167] 
[55.996176] Start  layer1: 30 SMs -> 3
[56.002281] End    layer1: 1164 -> 6101 + 877 = 6978 (6763)
[56.002290] 
[56.002299] 
[56.002354] Start  layer2: 30 SMs -> 8
[56.012539] End    layer2: 1422 -> 10181 + -1625 = 8555 (7754)
[56.012545] 
[56.012568] 
[56.012576] Start  layer3: 10 SMs -> 5
[56.019003] End    layer3: 2281 -> 6422 + 944 = 7366 (9033)
[56.019008] 
[56.019014] 
[56.019024] Start  layer4: 10 SMs -> 5
[56.028114] End    layer4: 3548 -> 9086 + 5933 = 15019 (14098)
[56.028119] 
[56.028124] 
[56.028132] Start  layerX: 10 SMs -> 4
[56.029479] End    layerX: 80 -> 1342 + 4948 = 6290 (380)
[56.029484] 
[56.029506] Reserved: 14915us
[56.044484] 
[56.044497] Start  layer0: 40 SMs -> 15
[56.048973] End    layer0: 290 -> 4470 + -2575 = 1895 (1968)
[56.048980] 
[56.048984] 
[56.048997] Start  layer1: 30 SMs -> 9
[56.057042] End    layer1: 1164 -> 8042 + -3883 = 4158 (6763)
[56.057048] 
[56.057061] 
[56.057069] Start  layer2: 40 SMs -> 12
[56.073732] End    layer2: 1145 -> 16657 + -12816 = 3839 (7754)
[56.073739] 
[56.073747] 
[56.073758] Start  layer3: 30 SMs -> 6
[56.082497] End    layer3: 1573 -> 8735 + -12549 = -3813 (9033)
[56.082502] 
[56.082520] 
[56.082529] Start  layer4: 30 SMs -> 6
[56.090604] End    layer4: 2360 -> 8070 + -6556 = 1512 (14098)
[56.090609] 
[56.090628] 
[56.090636] Start  layerX: 10 SMs -> 5
[56.091438] End    layerX: 80 -> 799 + -7011 = -6212 (380)
[56.091442] 
[56.091449] Reserved: 2972us
[56.094484] 
[56.094493] Start  layer0: 10 SMs -> 8
[56.097666] End    layer0: 562 -> 3167 + -1268 = 1898 (1968)
[56.097673] 
[56.097677] 
[56.097689] Start  layer1: 10 SMs -> 11
[56.110172] End    layer1: 1949 -> 12480 + -7013 = 5465 (6763)
[56.110178] 
[56.110199] 
[56.110210] Start  layer2: 30 SMs -> 5
[56.116310] End    layer2: 1422 -> 6094 + -5393 = 700 (7754)
[56.116317] 
[56.116322] 
[56.116329] Start  layer3: 30 SMs -> 6
[56.122263] End    layer3: 1573 -> 5929 + -2315 = 3613 (9033)
[56.122268] 
[56.122273] 
[56.122282] Start  layer4: 30 SMs -> 7
[56.131260] End    layer4: 2360 -> 8973 + 2787 = 11760 (14098)
[56.131266] 
[56.131272] 
[56.131281] Start  layerX: 30 SMs -> 7
[56.131796] End    layerX: 68 -> 510 + 2631 = 3141 (380)
[56.131801] 
[56.131827] Reserved: 12595us
[56.144485] 
[56.144498] Start  layer0: 10 SMs -> 10
[56.148196] End    layer0: 562 -> 3695 + -1800 = 1893 (1968)
[56.148202] 
[56.148205] 
[56.148214] Start  layer1: 40 SMs -> 14
[56.161455] End    layer1: 998 -> 13235 + -8294 = 4940 (6763)
[56.161462] 
[56.161502] 
[56.161519] Start  layer2: 40 SMs -> 16
[56.181037] End    layer2: 1145 -> 19514 + -20121 = -607 (7754)
[56.181045] 
[56.181059] 
[56.181071] Start  layer3: 40 SMs -> 13
[56.199257] End    layer3: 1333 -> 18182 + -29309 = -11127 (9033)
[56.199263] 
[56.199290] 
[56.199300] Start  layer4: 40 SMs -> 17
[56.216381] End    layer4: 2081 -> 17077 + -32334 = -15257 (14098)
[56.216387] 
[56.216395] 
[56.216403] Start  layerX: 40 SMs -> 13
[56.217326] End    layerX: 56 -> 918 + -32898 = -31980 (380)
[56.217331] 
[56.217340] Delayed : 22917us
[56.217346] 
[56.217355] Start  layer0: 10 SMs -> 5
[56.218718] End    layer0: 562 -> 1357 + -22320 = -20963 (1968)
[56.218725] 
[56.218730] 
[56.218740] Start  layer1: 20 SMs -> 9
[56.229383] End    layer1: 1279 -> 10638 + -26224 = -15586 (6763)
[56.229389] 
[56.229395] 
[56.229403] Start  layer2: 10 SMs -> 8
[56.241547] End    layer2: 2165 -> 12139 + -30632 = -18494 (7754)
[56.241552] 
[56.241565] 
[56.241574] Start  layer3: 30 SMs -> 4
[56.250575] End    layer3: 1573 -> 8996 + -30627 = -21631 (9033)
[56.250580] 
[56.250587] 
[56.250596] Start  layer4: 20 SMs -> 7
[56.257968] End    layer4: 2474 -> 7367 + -23920 = -16553 (14098)
[56.257973] 
[56.257988] 
[56.257997] Start  layerX: 30 SMs -> 8
[56.258542] End    layerX: 68 -> 541 + -24114 = -23573 (380)
[56.258547] 
[56.258565] Delayed : 14143us
[56.258571] 
[56.258579] Start  layer0: 10 SMs -> 5
[56.259504] End    layer0: 562 -> 920 + -13108 = -12188 (1968)
[56.259510] 
[56.259513] 
[56.259531] Start  layer1: 20 SMs -> 8
[56.265223] End    layer1: 1279 -> 5686 + -12062 = -6376 (6763)
[56.265230] 
[56.265243] 
[56.265254] Start  layer2: 40 SMs -> 18
[56.279390] End    layer2: 1145 -> 14131 + -18474 = -4344 (7754)
[56.279397] 
[56.279427] 
[56.279439] Start  layer3: 40 SMs -> 13
[56.300909] End    layer3: 1333 -> 21466 + -30961 = -9495 (9033)
[56.300915] 
[56.300928] 
[56.300937] Start  layer4: 40 SMs -> 18
[56.316545] End    layer4: 2081 -> 15603 + -32498 = -16894 (14098)
[56.316550] 
[56.316555] 
[56.316564] Start  layerX: 40 SMs -> 15
[56.318326] End    layerX: 56 -> 1758 + -33898 = -32141 (380)
[56.318332] 
[56.318342] Delayed : 23920us
[56.318349] 
[56.318357] Start  layer0: 10 SMs -> 6
[56.322006] End    layer0: 562 -> 3644 + -25610 = -21966 (1968)
[56.322012] 
[56.322015] 
[56.322023] Start  layer1: 10 SMs -> 7
[56.330184] End    layer1: 1949 -> 8156 + -27024 = -18869 (6763)
[56.330189] 
[56.330194] 
[56.330204] Start  layer2: 10 SMs -> 4
[56.338883] End    layer2: 2165 -> 8675 + -27969 = -19294 (7754)
[56.338889] 
[56.338894] 
[56.338904] Start  layer3: 30 SMs -> 4
[56.341064] End    layer3: 1573 -> 2157 + -21116 = -18959 (9033)
[56.341069] 
[56.341076] 
[56.341086] Start  layer4: 20 SMs -> 2
[56.346382] End    layer4: 2474 -> 5292 + -12335 = -7043 (14098)
[56.346388] 
[56.346393] 
[56.346401] Start  layerX: 10 SMs -> 9
[56.347481] End    layerX: 80 -> 1076 + -13054 = -11977 (380)
[56.347487] 
[56.347518] Delayed : 3095us
[56.347527] 
[56.347539] Start  layer0: 10 SMs -> 9
[56.349823] End    layer0: 562 -> 2280 + -3426 = -1146 (1968)
[56.349831] 
[56.349835] 
[56.349846] Start  layer1: 10 SMs -> 7
[56.358920] End    layer1: 1949 -> 9071 + -5761 = 3309 (6763)
[56.358926] 
[56.358964] 
[56.358972] Start  layer2: 20 SMs -> 7
[56.367778] End    layer2: 1504 -> 8801 + -6864 = 1936 (7754)
[56.367783] 
[56.367788] 
[56.367797] Start  layer3: 40 SMs -> 16
[56.386449] End    layer3: 1333 -> 18647 + -16500 = 2146 (9033)
[56.386454] 
[56.386459] 
[56.386469] Start  layer4: 10 SMs -> 4
[56.401861] End    layer4: 3548 -> 15388 + -17814 = -2426 (14098)
[56.401867] 
[56.401873] 
[56.401881] Start  layerX: 30 SMs -> 9
[56.402704] End    layerX: 68 -> 819 + -18277 = -17457 (380)
[56.402709] 
[56.402718] Delayed : 8296us
[56.402724] 
[56.402732] Start  layer0: 40 SMs -> 13
[56.406765] End    layer0: 290 -> 4029 + -10369 = -6340 (1968)
[56.406770] 
[56.406774] 
[56.406783] Start  layer1: 40 SMs -> 16
[56.416503] End    layer1: 998 -> 9716 + -13344 = -3628 (6763)
[56.416509] 
[56.416522] 
[56.416532] Start  layer2: 40 SMs -> 14
[56.435197] End    layer2: 1145 -> 18659 + -24281 = -5622 (7754)
[56.435205] 
[56.435213] 
[56.435224] Start  layer3: 40 SMs -> 15
[56.448398] End    layer3: 1333 -> 13170 + -28450 = -15280 (9033)
[56.448404] 
[56.448418] 
[56.448427] Start  layer4: 20 SMs -> 9
[56.459601] End    layer4: 2474 -> 11170 + -25554 = -14385 (14098)
[56.459607] 
[56.459613] 
[56.459621] Start  layerX: 20 SMs -> 6
[56.460096] End    layerX: 75 -> 471 + -25669 = -25198 (380)
[56.460101] 
[56.460127] Delayed : 15705us
[56.460133] 
[56.460141] Start  layer0: 10 SMs -> 6
[56.461936] End    layer0: 562 -> 1789 + -15538 = -13750 (1968)
[56.461943] 
[56.461948] 
[56.461961] Start  layer1: 10 SMs -> 5
[56.467817] End    layer1: 1949 -> 5856 + -14661 = -8805 (6763)
[56.467820] 
[56.467828] 
[56.467832] Start  layer2: 40 SMs -> 16
[56.485850] End    layer2: 1145 -> 18015 + -24939 = -6924 (7754)
[56.485853] 
[56.485856] 
[56.485861] Start  layer3: 20 SMs -> 8
[56.497787] End    layer3: 1705 -> 11924 + -27842 = -15919 (9033)
[56.497790] 
[56.497806] 
[56.497811] Start  layer4: 40 SMs -> 13
[56.512294] End    layer4: 2081 -> 14480 + -28250 = -13770 (14098)
[56.512297] 
[56.512300] 
[56.512305] Start  layerX: 10 SMs -> 7
[56.514172] End    layerX: 80 -> 1865 + -29748 = -27883 (380)
[56.514175] 
[56.514183] Delayed : 19761us
[56.514187] 
[56.514191] Start  layer0: 30 SMs -> 6
[56.514816] End    layer0: 335 -> 621 + -18422 = -17801 (1968)
[56.514820] 
[56.514822] 
[56.514828] Start  layer1: 30 SMs -> 6
[56.521728] End    layer1: 1164 -> 6897 + -18571 = -11674 (6763)
[56.521732] 
[56.521737] 
[56.521743] Start  layer2: 20 SMs -> 8
[56.529081] End    layer2: 1504 -> 7336 + -18170 = -10835 (7754)
[56.529084] 
[56.529088] 
[56.529093] Start  layer3: 10 SMs -> 6
[56.538332] End    layer3: 2281 -> 9236 + -18387 = -9151 (9033)
[56.538347] 
[56.538370] 
[56.538376] Start  layer4: 30 SMs -> 7
[56.547975] End    layer4: 2360 -> 9596 + -13931 = -4335 (14098)
[56.547978] 
[56.547982] 
[56.547988] Start  layerX: 30 SMs -> 7
[56.548726] End    layerX: 68 -> 735 + -14301 = -13566 (380)
[56.548729] 
[56.548740] Delayed : 4318us
[56.548743] 
[56.548750] Start  layer0: 10 SMs -> 6
[56.551565] End    layer0: 562 -> 2813 + -5172 = -2360 (1968)
[56.551568] 
[56.551569] 
[56.551574] Start  layer1: 40 SMs -> 14
[56.562257] End    layer1: 998 -> 10680 + -9101 = 1578 (6763)
[56.562260] 
[56.562263] 
[56.562268] Start  layer2: 30 SMs -> 8
[56.569109] End    layer2: 1422 -> 6839 + -8199 = -1360 (7754)
[56.569112] 
[56.569115] 
[56.569120] Start  layer3: 30 SMs -> 8
[56.577581] End    layer3: 1573 -> 8458 + -7636 = 822 (9033)
[56.577584] 
[56.577593] 
[56.577597] Start  layer4: 10 SMs -> 5
[56.584275] End    layer4: 3548 -> 6674 + -230 = 6443 (14098)
[56.584278] 
[56.584282] 
[56.584289] Start  layerX: 10 SMs -> 3
[56.584805] End    layerX: 80 -> 514 + -380 = 133 (380)
[56.584808] 
[56.584813] Reserved: 9607us
[56.594482] 
[56.594490] Start  layer0: 30 SMs -> 15
[56.598378] End    layer0: 335 -> 3887 + -1986 = 1900 (1968)
[56.598381] 
[56.598383] 
[56.598388] Start  layer1: 30 SMs -> 9
[56.604554] End    layer1: 1164 -> 6164 + -1398 = 4765 (6763)
[56.604557] 
[56.604559] 
[56.604565] Start  layer2: 10 SMs -> 6
[56.612354] End    layer2: 2165 -> 7784 + -1440 = 6343 (7754)
[56.612359] 
[56.612366] 
[56.612374] Start  layer3: 10 SMs -> 6
[56.620878] End    layer3: 2281 -> 8499 + -930 = 7568 (9033)
[56.620884] 
[56.620897] 
[56.620908] Start  layer4: 20 SMs -> 7
[56.629611] End    layer4: 2474 -> 8700 + 4435 = 13135 (14098)
[56.629617] 
[56.629622] 
[56.629631] Start  layerX: 20 SMs -> 5
[56.630364] End    layerX: 75 -> 731 + 4061 = 4792 (380)
[56.630368] 
[56.630385] Reserved: 14036us
[56.644482] 
[56.644490] Start  layer0: 20 SMs -> 4
[56.645538] End    layer0: 389 -> 1044 + 857 = 1900 (1968)
[56.645543] 
[56.645546] 
[56.645554] Start  layer1: 20 SMs -> 6
[56.651777] End    layer1: 1279 -> 6218 + 1382 = 7600 (6763)
[56.651782] 
[56.651797] 
[56.651817] Start  layer2: 20 SMs -> 6
[56.656619] End    layer2: 1504 -> 4809 + 4294 = 9102 (7754)
[56.656626] 
[56.656633] 
[56.656643] Start  layer3: 30 SMs -> 5
[56.661200] End    layer3: 1573 -> 4553 + 8747 = 13300 (9033)
[56.661206] 
[56.661217] 
[56.661226] Start  layer4: 30 SMs -> 6
[56.669139] End    layer4: 2360 -> 7909 + 14907 = 22815 (14098)
[56.669145] 
[56.669150] 
[56.669159] Start  layerX: 20 SMs -> 7
[56.669918] End    layerX: 75 -> 754 + 14510 = 15264 (380)
[56.669925] 
[56.669938] Reserved: 24484us
[56.694489] 
[56.694504] Start  layer0: 40 SMs -> 8
[56.696450] End    layer0: 290 -> 1944 + -54 = 1889 (1968)
[56.696455] 
[56.696459] 
[56.696467] Start  layer1: 40 SMs -> 9
[56.704638] End    layer1: 998 -> 8167 + -1479 = 6686 (6763)
[56.704644] 
[56.704650] 
[56.704660] Start  layer2: 40 SMs -> 11
[56.714236] End    layer2: 1145 -> 9569 + -3319 = 6249 (7754)
[56.714243] 
[56.714252] 
[56.714264] Start  layer3: 40 SMs -> 11
[56.729805] End    layer3: 1333 -> 15538 + -9857 = 5680 (9033)
[56.729811] 
[56.729824] 
[56.729833] Start  layer4: 40 SMs -> 9
[56.737013] End    layer4: 2081 -> 7175 + -2965 = 4208 (14098)
[56.737018] 
[56.737024] 
[56.737032] Start  layerX: 20 SMs -> 3
[56.737444] End    layerX: 75 -> 408 + -3017 = -2609 (380)
[56.737448] 
[56.737457] Reserved: 6964us
[56.744487] 
[56.744506] Start  layer0: 10 SMs -> 7
[56.748034] End    layer0: 562 -> 3524 + -1636 = 1887 (1968)
[56.748041] 
[56.748045] 
[56.748056] Start  layer1: 30 SMs -> 9
[56.755323] End    layer1: 1164 -> 7263 + -2164 = 5098 (6763)
[56.755329] 
[56.755336] 
[56.755347] Start  layer2: 20 SMs -> 8
[56.765345] End    layer2: 1504 -> 9992 + -4428 = 5563 (7754)
[56.765351] 
[56.765370] 
[56.765383] Start  layer3: 20 SMs -> 7
[56.774919] End    layer3: 1705 -> 9533 + -4971 = 4561 (9033)
[56.774925] 
[56.774931] 
[56.774939] Start  layer4: 20 SMs -> 6
[56.782967] End    layer4: 2474 -> 8023 + 1079 = 9103 (14098)
[56.782998] 
[56.783005] 
[56.783014] Start  layerX: 40 SMs -> 9
[56.783291] End    layerX: 56 -> 274 + 1134 = 1409 (380)
[56.783296] 
[56.783308] Reserved: 11113us
[56.794483] 
[56.794492] Start  layer0: 10 SMs -> 7
[56.798087] End    layer0: 562 -> 3591 + -1691 = 1899 (1968)
[56.798092] 
[56.798095] 
[56.798104] Start  layer1: 20 SMs -> 8
[56.804666] End    layer1: 1279 -> 6558 + -1507 = 5050 (6763)
[56.804671] 
[56.804678] 
[56.804687] Start  layer2: 40 SMs -> 11
[56.813774] End    layer2: 1145 -> 9083 + -2860 = 6221 (7754)
[56.813780] 
[56.813785] 
[56.813794] Start  layer3: 40 SMs -> 10
[56.825796] End    layer3: 1333 -> 11998 + -5848 = 6148 (9033)
[56.825802] 
[56.825806] 
[56.825814] Start  layer4: 40 SMs -> 9
[56.833830] End    layer4: 2081 -> 8012 + 216 = 8227 (14098)
[56.833835] 
[56.833840] 
[56.833849] Start  layerX: 40 SMs -> 4
[56.834141] End    layerX: 56 -> 289 + 284 = 574 (380)
[56.834145] 
[56.834154] Reserved: 10268us
[56.844485] 
[56.844497] Start  layer0: 20 SMs -> 4
[56.845806] End    layer0: 389 -> 1306 + 588 = 1894 (1968)
[56.845811] 
[56.845814] 
[56.845833] Start  layer1: 40 SMs -> 7
[56.853081] End    layer1: 998 -> 7243 + 77 = 7320 (6763)
[56.853086] 
[56.853090] 
[56.853098] Start  layer2: 20 SMs -> 7
[56.859720] End    layer2: 1504 -> 6618 + 1193 = 7810 (7754)
[56.859726] 
[56.859732] 
[56.859741] Start  layer3: 20 SMs -> 6
[56.866238] End    layer3: 1705 -> 6493 + 3709 = 10202 (9033)
[56.866244] 
[56.866248] 
[56.866257] Start  layer4: 20 SMs -> 5
[56.874520] End    layer4: 2474 -> 8258 + 9527 = 17785 (14098)
[56.874525] 
[56.874534] 
[56.874543] Start  layerX: 20 SMs -> 4
[56.875501] End    layerX: 75 -> 952 + 8928 = 9879 (380)
[56.875508] 
[56.875519] Reserved: 18902us
[56.894491] 
[56.894509] Start  layer0: 40 SMs -> 8
[56.895950] End    layer0: 290 -> 1439 + 445 = 1884 (1968)
[56.895955] 
[56.895958] 
[56.895967] Start  layer1: 40 SMs -> 8
[56.903403] End    layer1: 998 -> 7432 + -244 = 7187 (6763)
[56.903409] 
[56.903414] 
[56.903422] Start  layer2: 20 SMs -> 6
[56.908808] End    layer2: 1504 -> 5382 + 2105 = 7486 (7754)
[56.908815] 
[56.908822] 
[56.908831] Start  layer3: 20 SMs -> 6
[56.915213] End    layer3: 1705 -> 6378 + 4734 = 11112 (9033)
[56.915219] 
[56.915223] 
[56.915232] Start  layer4: 30 SMs -> 5
[56.923428] End    layer4: 2360 -> 8192 + 10618 = 18810 (14098)
[56.923433] 
[56.923438] 
[56.923447] Start  layerX: 40 SMs -> 7
[56.923852] End    layerX: 56 -> 402 + 10574 = 10976 (380)
[56.923857] 
[56.923864] Reserved: 20557us
[56.944483] 
[56.944491] Start  layer0: 10 SMs -> 6
[56.946715] End    layer0: 562 -> 2220 + -319 = 1899 (1968)
[56.946720] 
[56.946724] 
[56.946732] Start  layer1: 40 SMs -> 8
[56.952736] End    layer1: 998 -> 6000 + 422 = 6421 (6763)
[56.952741] 
[56.952757] 
[56.952765] Start  layer2: 40 SMs -> 10
[56.959275] End    layer2: 1145 -> 6506 + 1638 = 8143 (7754)
[56.959281] 
[56.959285] 
[56.959294] Start  layer3: 40 SMs -> 9
[56.971470] End    layer3: 1333 -> 12172 + -1522 = 10649 (9033)
[56.971475] 
[56.971481] 
[56.971488] Start  layer4: 30 SMs -> 5
[56.976319] End    layer4: 2360 -> 4827 + 7727 = 12553 (14098)
[56.976325] 
[56.976329] 
[56.976337] Start  layerX: 40 SMs -> 6
[56.977565] End    layerX: 56 -> 1225 + 6860 = 8085 (380)
[56.977570] 
[56.977580] Reserved: 16841us
[56.994484] 
[56.994492] Start  layer0: 20 SMs -> 4
[56.995891] End    layer0: 389 -> 1394 + 504 = 1898 (1968)
[56.995896] 
[56.995899] 
[56.995907] Start  layer1: 20 SMs -> 5
[57.000859] End    layer1: 1279 -> 4947 + 2299 = 7246 (6763)
[57.000867] 
[57.000872] 
[57.000880] Start  layer2: 20 SMs -> 6
[57.005342] End    layer2: 1504 -> 4458 + 5571 = 10028 (7754)
[57.005348] 
[57.005352] 
[57.005360] Start  layer3: 40 SMs -> 9
[57.013260] End    layer3: 1333 -> 7895 + 6687 = 14582 (9033)
[57.013266] 
[57.013276] 
[57.013284] Start  layer4: 10 SMs -> 4
[57.021282] End    layer4: 3548 -> 7993 + 12764 = 20757 (14098)
[57.021287] 
[57.021300] 
[57.021308] Start  layerX: 20 SMs -> 5
[57.022753] End    layerX: 75 -> 1442 + 11672 = 13115 (380)
[57.022758] 
[57.022767] Reserved: 21654us
[57.044484] 
[57.044493] Start  layer0: 30 SMs -> 5
[57.045929] End    layer0: 335 -> 1432 + 466 = 1898 (1968)
[57.045934] 
[57.045937] 
[57.045945] Start  layer1: 30 SMs -> 6
[57.049842] End    layer1: 1164 -> 3892 + 3316 = 7208 (6763)
[57.049847] 
[57.049868] 
[57.049877] Start  layer2: 20 SMs -> 6
[57.053204] End    layer2: 1504 -> 3323 + 7709 = 11032 (7754)
[57.053210] 
[57.053214] 
[57.053223] Start  layer3: 20 SMs -> 4
[57.056682] End    layer3: 1705 -> 3455 + 13265 = 16719 (9033)
[57.056688] 
[57.056704] 
[57.056713] Start  layer4: 20 SMs -> 3
[57.061016] End    layer4: 2474 -> 4299 + 23030 = 27328 (14098)
[57.061022] 
[57.061028] 
[57.061036] Start  layerX: 20 SMs -> 2
[57.061512] End    layerX: 75 -> 473 + 22913 = 23386 (380)
[57.061517] 
[57.061527] Reserved: 32894us
[57.094483] 
[57.094491] Start  layer0: 10 SMs -> 4
[57.096319] End    layer0: 562 -> 1824 + 75 = 1899 (1968)
[57.096325] 
[57.096328] 
[57.096336] Start  layer1: 40 SMs -> 7
[57.102330] End    layer1: 998 -> 5989 + 828 = 6818 (6763)
[57.102335] 
[57.102341] 
[57.102349] Start  layer2: 40 SMs -> 8
[57.110187] End    layer2: 1145 -> 7834 + 726 = 8560 (7754)
[57.110193] 
[57.110207] 
[57.110215] Start  layer3: 20 SMs -> 4
[57.115490] End    layer3: 1705 -> 5271 + 4457 = 9728 (9033)
[57.115496] 
[57.115511] 
[57.115520] Start  layer4: 30 SMs -> 4
[57.120080] End    layer4: 2360 -> 4556 + 13966 = 18522 (14098)
[57.120086] 
[57.120092] 
[57.120101] Start  layerX: 30 SMs -> 2
[57.120242] End    layerX: 68 -> 138 + 14183 = 14321 (380)
[57.120246] 
[57.120253] Reserved: 24168us
[57.144485] 
[57.144494] Start  layer0: 40 SMs -> 4
[57.145119] End    layer0: 290 -> 621 + 1276 = 1897 (1968)
[57.145124] 
[57.145127] 
[57.145135] Start  layer1: 40 SMs -> 4
[57.149060] End    layer1: 998 -> 3920 + 4098 = 8019 (6763)
[57.149065] 
[57.149071] 
[57.149080] Start  layer2: 40 SMs -> 6
[57.154121] End    layer2: 1145 -> 5037 + 6792 = 11829 (7754)
[57.154127] 
[57.154132] 
[57.154140] Start  layer3: 40 SMs -> 6
[57.160567] End    layer3: 1333 -> 6422 + 9380 = 15802 (9033)
[57.160572] 
[57.160577] 
[57.160585] Start  layer4: 40 SMs -> 6
[57.168061] End    layer4: 2081 -> 7472 + 15984 = 23456 (14098)
[57.168067] 
[57.168072] 
[57.168081] Start  layerX: 40 SMs -> 5
[57.168250] End    layerX: 56 -> 167 + 16175 = 16342 (380)
[57.168254] 
[57.168295] Reserved: 26126us
[57.194489] 
[57.194503] Start  layer0: 30 SMs -> 3
[57.195290] End    layer0: 335 -> 784 + 1105 = 1889 (1968)
[57.195295] 
[57.195298] 
[57.195306] Start  layer1: 10 SMs -> 4
[57.198106] End    layer1: 1949 -> 2796 + 5052 = 7848 (6763)
[57.198112] 
[57.198118] 
[57.198126] Start  layer2: 10 SMs -> 2
[57.201364] End    layer2: 2165 -> 3233 + 9549 = 12782 (7754)
[57.201369] 
[57.201375] 
[57.201383] Start  layer3: 10 SMs -> 2
[57.204752] End    layer3: 2281 -> 3365 + 15195 = 18560 (9033)
[57.204757] 
[57.204763] 
[57.204770] Start  layer4: 10 SMs -> 2
[57.209493] End    layer4: 3548 -> 4718 + 24553 = 29271 (14098)
[57.209498] 
[57.209503] 
[57.209511] Start  layerX: 10 SMs -> 2
[57.210113] End    layerX: 80 -> 599 + 24312 = 24911 (380)
[57.210117] 
[57.210127] Reserved: 34294us
[57.244483] 
[57.244491] Start  layer0: 20 SMs -> 2
[57.244941] End    layer0: 389 -> 445 + 1454 = 1899 (1968)
[57.244945] 
[57.244948] 
[57.244955] Start  layer1: 40 SMs -> 5
[57.248303] End    layer1: 998 -> 3343 + 4855 = 8198 (6763)
[57.248308] 
[57.248316] 
[57.248324] Start  layer2: 40 SMs -> 5
[57.251291] End    layer2: 1145 -> 2963 + 9622 = 12585 (7754)
[57.251296] 
[57.251303] 
[57.251311] Start  layer3: 40 SMs -> 4
[57.254856] End    layer3: 1333 -> 3541 + 15091 = 18631 (9033)
[57.254862] 
[57.254868] 
[57.254875] Start  layer4: 20 SMs -> 3
[57.259153] End    layer4: 2474 -> 4273 + 24893 = 29166 (14098)
[57.259158] 
[57.259162] 
[57.259170] Start  layerX: 10 SMs -> 2
[57.259384] End    layerX: 80 -> 211 + 25041 = 25252 (380)
[57.259388] 
[57.259396] Reserved: 35025us
[57.294483] 
[57.294491] Start  layer0: 10 SMs -> 1
[57.295286] End    layer0: 562 -> 791 + 1108 = 1899 (1968)
[57.295291] 
[57.295294] 
[57.295301] Start  layer1: 40 SMs -> 3
[57.297920] End    layer1: 998 -> 2614 + 5238 = 7852 (6763)
[57.297925] 
[57.297931] 
[57.297939] Start  layer2: 40 SMs -> 4
[57.300837] End    layer2: 1145 -> 2894 + 10076 = 12970 (7754)
[57.300842] 
[57.300850] 
[57.300858] Start  layer3: 40 SMs -> 4
[57.305169] End    layer3: 1333 -> 4306 + 14778 = 19085 (9033)
[57.305174] 
[57.305180] 
[57.305188] Start  layer4: 40 SMs -> 4
[57.310104] End    layer4: 2081 -> 4911 + 23942 = 28853 (14098)
[57.310109] 
[57.310113] 
[57.310122] Start  layerX: 40 SMs -> 2
[57.310227] End    layerX: 56 -> 103 + 24198 = 24301 (380)
[57.310231] 
[57.310246] Reserved: 34175us
[57.344482] 
[57.344491] Start  layer0: 30 SMs -> 2
[57.345063] End    layer0: 335 -> 568 + 1332 = 1900 (1968)
[57.345068] 
[57.345071] 
[57.345079] Start  layer1: 10 SMs -> 2
[57.347093] End    layer1: 1949 -> 2010 + 6064 = 8075 (6763)
[57.347099] 
[57.347106] 
[57.347115] Start  layer2: 20 SMs -> 3
[57.349593] End    layer2: 1504 -> 2474 + 11320 = 13794 (7754)
[57.349599] 
[57.349603] 
[57.349611] Start  layer3: 40 SMs -> 4
[57.353505] End    layer3: 1333 -> 3890 + 16442 = 20331 (9033)
[57.353510] 
[57.353516] 
[57.353524] Start  layer4: 20 SMs -> 3
[57.357915] End    layer4: 2474 -> 4387 + 26131 = 30517 (14098)
[57.357921] 
[57.357927] 
[57.357935] Start  layerX: 40 SMs -> 3
[57.358238] End    layerX: 56 -> 300 + 26187 = 26488 (380)
[57.358242] 
[57.358264] Reserved: 36157us
[57.394483] 
[57.394495] Start  layer0: 20 SMs -> 1
[57.395073] End    layer0: 389 -> 574 + 1322 = 1896 (1968)
[57.395078] 
[57.395081] 
[57.395088] Start  layer1: 20 SMs -> 2
[57.396939] End    layer1: 1279 -> 1846 + 6219 = 8065 (6763)
[57.396944] 
[57.396951] 
[57.396958] Start  layer2: 20 SMs -> 2
[57.398782] End    layer2: 1504 -> 1819 + 12131 = 13950 (7754)
[57.398787] 
[57.398792] 
[57.398800] Start  layer3: 30 SMs -> 3
[57.400990] End    layer3: 1573 -> 2186 + 18957 = 21142 (9033)
[57.400996] 
[57.401004] 
[57.401013] Start  layer4: 30 SMs -> 2
[57.404718] End    layer4: 2360 -> 3700 + 29328 = 33029 (14098)
[57.404723] 
[57.404729] 
[57.404737] Start  layerX: 30 SMs -> 2
[57.405108] End    layerX: 68 -> 368 + 29318 = 29685 (380)
[57.405112] 
[57.405121] Reserved: 39300us
[57.444488] 
[57.444503] Start  layer0: 30 SMs -> 1
[57.445065] End    layer0: 335 -> 559 + 1330 = 1889 (1968)
[57.445070] 
[57.445073] 
[57.445081] Start  layer1: 30 SMs -> 2
[57.446700] End    layer1: 1164 -> 1615 + 6457 = 8073 (6763)
[57.446706] 
[57.446712] 
[57.446719] Start  layer2: 30 SMs -> 2
[57.448521] End    layer2: 1422 -> 1798 + 12391 = 14189 (7754)
[57.448527] 
[57.448532] 
[57.448540] Start  layer3: 30 SMs -> 2
[57.450566] End    layer3: 1573 -> 2022 + 19381 = 21402 (9033)
[57.450572] 
[57.450584] 
[57.450593] Start  layer4: 30 SMs -> 2
[57.453738] End    layer4: 2360 -> 3140 + 30308 = 33448 (14098)
[57.453743] 
[57.453749] 
[57.453756] Start  layerX: 10 SMs -> 2
[57.453918] End    layerX: 80 -> 159 + 30507 = 30666 (380)
[57.453922] 
[57.453930] Reserved: 40491us
[57.494484] 
[57.494494] Start  layer0: 40 SMs -> 1
[57.494959] End    layer0: 290 -> 461 + 1436 = 1897 (1968)
[57.494964] 
[57.494967] 
[57.494974] Start  layer1: 40 SMs -> 2
[57.496460] End    layer1: 998 -> 1482 + 6697 = 8179 (6763)
[57.496466] 
[57.496471] 
[57.496479] Start  layer2: 40 SMs -> 2
[57.498325] End    layer2: 1145 -> 1842 + 12588 = 14430 (7754)
[57.498330] 
[57.498335] 
[57.498343] Start  layer3: 40 SMs -> 2
[57.500010] End    layer3: 1333 -> 1662 + 19937 = 21599 (9033)
[57.500015] 
[57.500020] 
[57.500028] Start  layer4: 40 SMs -> 1
[57.502810] End    layer4: 2081 -> 2777 + 31236 = 34013 (14098)
[57.502815] 
[57.502821] 
[57.502829] Start  layerX: 40 SMs -> 2
[57.503142] End    layerX: 56 -> 310 + 31283 = 31593 (380)
[57.503146] 
[57.503161] Reserved: 41261us
