[23.726222] layer0:
[23.740356] 	10	345us, 572us
[23.750858] 	20	235us, 405us
[23.760611] 	30	204us, 335us
[23.769377] 	40	184us, 288us
[23.769390] Params: 0.61	0.37	0.44

[23.769394] layer1:
[23.806575] 	10	1123us, 1906us
[23.831869] 	20	800us, 1300us
[23.854621] 	30	699us, 1142us
[23.875176] 	40	686us, 964us
[23.875190] Params: 0.63	0.25	0.43

[23.875196] layer2:
[23.918037] 	10	1346us, 2145us
[23.947574] 	20	992us, 1532us
[23.974846] 	30	943us, 1397us
[23.998250] 	40	804us, 1123us
[23.998263] Params: 0.67	0.33	0.44

[23.998269] layer3:
[24.044583] 	10	1414us, 2397us
[24.075646] 	20	977us, 1728us
[24.105024] 	30	937us, 1579us
[24.131401] 	40	900us, 1305us
[24.131414] Params: 0.61	0.22	0.40

[24.131421] layer4:
[24.201762] 	10	2405us, 3526us
[24.245908] 	20	1582us, 2448us
[24.288822] 	30	1534us, 2347us
[24.327851] 	40	1429us, 2078us
[24.327864] Params: 0.67	0.27	0.30

[24.327871] layerX:
[24.333187] 	10	44us, 78us
[24.338464] 	20	40us, 70us
[24.343598] 	30	40us, 58us
[24.348679] 	40	40us, 53us
[24.348692] Params: 0.64	0.04	0.27

