[26.523224] 
[26.523239] Start  layer0: 10 SMs -> 11
[26.527456] End    layer0: 571 -> 4216 + -2030 = 2184 (2199)
[26.527458] 
[26.527460] 
[26.527465] Start  layer1: 10 SMs -> 8
[26.534647] End    layer1: 1905 -> 7179 + -1850 = 5328 (7371)
[26.534651] 
[26.534655] 
[26.534662] Start  layer2: 10 SMs -> 6
[26.541823] End    layer2: 2144 -> 7159 + -436 = 6722 (8589)
[26.541826] 
[26.541828] 
[26.541833] Start  layer3: 20 SMs -> 10
[26.552180] End    layer3: 1727 -> 10344 + -809 = 9534 (9984)
[26.552183] 
[26.552188] 
[26.552193] Start  layer4: 20 SMs -> 9
[26.567093] End    layer4: 2447 -> 14894 + 175 = 15069 (15894)
[26.567098] 
[26.567103] 
[26.567111] Start  layerX: 10 SMs -> 10
[26.568952] End    layerX: 78 -> 1837 + -1279 = 557 (405)
[26.568957] 
[26.568968] Reserved: 9810us
[26.578843] 
[26.578859] Start  layer0: 20 SMs -> 7
[26.580318] End    layer0: 405 -> 1457 + 665 = 2122 (2199)
[26.580324] 
[26.580327] 
[26.580335] Start  layer1: 30 SMs -> 8
[26.589030] End    layer1: 1141 -> 8691 + -675 = 8015 (7371)
[26.589035] 
[26.589053] 
[26.589061] Start  layer2: 30 SMs -> 9
[26.597607] End    layer2: 1396 -> 8541 + -662 = 7878 (8589)
[26.597613] 
[26.597623] 
[26.597631] Start  layer3: 30 SMs -> 9
[26.608653] End    layer3: 1578 -> 11015 + -1721 = 9293 (9984)
[26.608659] 
[26.608666] 
[26.608677] Start  layer4: 10 SMs -> 9
[26.627643] End    layer4: 3526 -> 18962 + -4818 = 14143 (15894)
[26.627649] 
[26.627667] 
[26.627677] Start  layerX: 40 SMs -> 7
[26.628614] End    layerX: 52 -> 931 + -5383 = -4452 (405)
[26.628621] 
[26.628633] Reserved: 5702us
[26.634397] 
[26.634411] Start  layer0: 20 SMs -> 11
[26.636313] End    layer0: 405 -> 1900 + 225 = 2125 (2199)
[26.636317] 
[26.636320] 
[26.636326] Start  layer1: 30 SMs -> 8
[26.645938] End    layer1: 1141 -> 9605 + -2025 = 7579 (7371)
[26.645945] 
[26.645952] 
[26.645965] Start  layer2: 20 SMs -> 10
[26.657266] End    layer2: 1532 -> 11295 + -4762 = 6532 (8589)
[26.657275] 
[26.657282] 
[26.657292] Start  layer3: 40 SMs -> 15
[26.671113] End    layer3: 1305 -> 13818 + -8628 = 5189 (9984)
[26.671119] 
[26.671128] 
[26.671138] Start  layer4: 40 SMs -> 12
[26.693651] End    layer4: 2078 -> 22506 + -15269 = 7237 (15894)
[26.693658] 
[26.693675] 
[26.693687] Start  layerX: 30 SMs -> 7
[26.694401] End    layerX: 58 -> 711 + -15616 = -14906 (405)
[26.694407] 
[26.694416] Delayed : 4525us
[26.694422] 
[26.694431] Start  layer0: 10 SMs -> 7
[26.697991] End    layer0: 571 -> 3555 + -5894 = -2340 (2199)
[26.697999] 
[26.698003] 
[26.698017] Start  layer1: 40 SMs -> 17
[26.711891] End    layer1: 963 -> 13871 + -12424 = 1446 (7371)
[26.711897] 
[26.711902] 
[26.711911] Start  layer2: 10 SMs -> 7
[26.720925] End    layer2: 2144 -> 9009 + -12868 = -3859 (8589)
[26.720931] 
[26.720939] 
[26.720949] Start  layer3: 20 SMs -> 7
[26.730445] End    layer3: 1727 -> 9490 + -12402 = -2913 (9984)
[26.730452] 
[26.730470] 
[26.730482] Start  layer4: 20 SMs -> 4
[26.738155] End    layer4: 2447 -> 7670 + -4220 = 3449 (15894)
[26.738161] 
[26.738171] 
[26.738183] Start  layerX: 10 SMs -> 3
[26.739190] End    layerX: 78 -> 1002 + -4847 = -3846 (405)
[26.739197] 
[26.739226] Reserved: 6220us
[26.745512] 
[26.745527] Start  layer0: 10 SMs -> 5
[26.747538] End    layer0: 571 -> 2009 + 112 = 2121 (2199)
[26.747545] 
[26.747548] 
[26.747557] Start  layer1: 30 SMs -> 8
[26.755019] End    layer1: 1141 -> 7458 + 3 = 7460 (7371)
[26.755024] 
[26.755031] 
[26.755040] Start  layer2: 20 SMs -> 11
[26.763252] End    layer2: 1532 -> 8208 + 359 = 8566 (8589)
[26.763258] 
[26.763279] 
[26.763288] Start  layer3: 20 SMs -> 9
[26.771119] End    layer3: 1727 -> 7826 + 2476 = 10302 (9984)
[26.771124] 
[26.771129] 
[26.771137] Start  layer4: 30 SMs -> 9
[26.783473] End    layer4: 2347 -> 12330 + 6019 = 18348 (15894)
[26.783480] 
[26.783485] 
[26.783494] Start  layerX: 30 SMs -> 9
[26.785255] End    layerX: 58 -> 1756 + 4640 = 6397 (405)
[26.785260] 
[26.785270] Reserved: 15731us
[26.801065] 
[26.801078] Start  layer0: 40 SMs -> 23
[26.805931] End    layer0: 287 -> 4849 + -2724 = 2124 (2199)
[26.805937] 
[26.805940] 
[26.805951] Start  layer1: 10 SMs -> 5
[26.812184] End    layer1: 1905 -> 6227 + -1604 = 4622 (7371)
[26.812191] 
[26.812201] 
[26.812224] Start  layer2: 30 SMs -> 8
[26.818638] End    layer2: 1396 -> 6410 + 529 = 6939 (8589)
[26.818644] 
[26.818658] 
[26.818668] Start  layer3: 40 SMs -> 19
[26.838948] End    layer3: 1305 -> 20276 + -9796 = 10478 (9984)
[26.838954] 
[26.838960] 
[26.838969] Start  layer4: 40 SMs -> 14
[26.853496] End    layer4: 2078 -> 14523 + -8449 = 6073 (15894)
[26.853502] 
[26.853509] 
[26.853517] Start  layerX: 10 SMs -> 1
[26.853684] End    layerX: 78 -> 162 + -8232 = -8070 (405)
[26.853690] 
[26.853708] Reserved: 2849us
[26.856621] 
[26.856634] Start  layer0: 40 SMs -> 15
[26.860255] End    layer0: 287 -> 3618 + -1492 = 2124 (2199)
[26.860260] 
[26.860264] 
[26.860273] Start  layer1: 30 SMs -> 9
[26.867641] End    layer1: 1141 -> 7364 + -1508 = 5855 (7371)
[26.867647] 
[26.867665] 
[26.867674] Start  layer2: 30 SMs -> 7
[26.874253] End    layer2: 1396 -> 6572 + 472 = 7044 (8589)
[26.874260] 
[26.874286] 
[26.874298] Start  layer3: 30 SMs -> 7
[26.883284] End    layer3: 1578 -> 8982 + 1423 = 10405 (9984)
[26.883290] 
[26.883296] 
[26.883305] Start  layer4: 30 SMs -> 8
[26.897338] End    layer4: 2347 -> 14027 + 3265 = 17292 (15894)
[26.897346] 
[26.897366] 
[26.897378] Start  layerX: 10 SMs -> 6
[26.898615] End    layerX: 78 -> 1232 + 2393 = 3625 (405)
[26.898622] 
[26.898647] Reserved: 13465us
[26.912175] 
[26.912189] Start  layer0: 10 SMs -> 11
[26.915862] End    layer0: 571 -> 3670 + -1544 = 2125 (2199)
[26.915867] 
[26.915871] 
[26.915879] Start  layer1: 40 SMs -> 15
[26.928079] End    layer1: 963 -> 12196 + -6390 = 5804 (7371)
[26.928085] 
[26.928090] 
[26.928110] Start  layer2: 40 SMs -> 16
[26.949184] End    layer2: 1122 -> 21070 + -18905 = 2164 (8589)
[26.949190] 
[26.949196] 
[26.949207] Start  layer3: 40 SMs -> 15
[26.963817] End    layer3: 1305 -> 14595 + -23543 = -8948 (9984)
[26.963823] 
[26.963833] 
[26.963842] Start  layer4: 40 SMs -> 9
[26.983921] End    layer4: 2078 -> 20075 + -27763 = -7688 (15894)
[26.983927] 
[26.983932] 
[26.983941] Start  layerX: 10 SMs -> 6
[26.984728] End    layerX: 78 -> 782 + -28165 = -27383 (405)
[26.984735] 
[26.984745] Delayed : 17076us
[26.984751] 
[26.984759] Start  layer0: 10 SMs -> 6
[26.986340] End    layer0: 571 -> 1574 + -16465 = -14890 (2199)
[26.986347] 
[26.986351] 
[26.986362] Start  layer1: 10 SMs -> 6
[26.993115] End    layer1: 1905 -> 6750 + -15871 = -9121 (7371)
[26.993121] 
[26.993128] 
[26.993137] Start  layer2: 10 SMs -> 5
[27.005173] End    layer2: 2144 -> 12031 + -19338 = -7307 (8589)
[27.005179] 
[27.005188] 
[27.005196] Start  layer3: 10 SMs -> 6
[27.016781] End    layer3: 2397 -> 11581 + -20963 = -9382 (9984)
[27.016787] 
[27.016791] 
[27.016800] Start  layer4: 20 SMs -> 5
[27.022551] End    layer4: 2447 -> 5746 + -10838 = -5091 (15894)
[27.022557] 
[27.022563] 
[27.022575] Start  layerX: 40 SMs -> 16
[27.025865] End    layerX: 52 -> 3287 + -13747 = -10460 (405)
[27.025871] 
[27.025894] Delayed : 2670us
[27.025901] 
[27.025910] Start  layer0: 10 SMs -> 5
[27.027493] End    layer0: 571 -> 1579 + -2065 = -486 (2199)
[27.027499] 
[27.027502] 
[27.027513] Start  layer1: 40 SMs -> 16
[27.039318] End    layer1: 963 -> 11801 + -6518 = 5283 (7371)
[27.039324] 
[27.039345] 
[27.039355] Start  layer2: 40 SMs -> 18
[27.060879] End    layer2: 1122 -> 21520 + -19489 = 2030 (8589)
[27.060885] 
[27.060891] 
[27.060900] Start  layer3: 20 SMs -> 6
[27.069249] End    layer3: 1727 -> 8344 + -17875 = -9531 (9984)
[27.069255] 
[27.069262] 
[27.069271] Start  layer4: 20 SMs -> 5
[27.075366] End    layer4: 2447 -> 6090 + -8097 = -2007 (15894)
[27.075372] 
[27.075387] 
[27.075395] Start  layerX: 20 SMs -> 3
[27.075839] End    layerX: 69 -> 440 + -8166 = -7726 (405)
[27.075844] 
[27.075864] Reserved: 2914us
[27.078846] 
[27.078860] Start  layer0: 10 SMs -> 7
[27.083002] End    layer0: 571 -> 4138 + -2016 = 2121 (2199)
[27.083009] 
[27.083014] 
[27.083025] Start  layer1: 40 SMs -> 14
[27.099832] End    layer1: 963 -> 16801 + -11474 = 5326 (7371)
[27.099839] 
[27.099846] 
[27.099886] Start  layer2: 20 SMs -> 8
[27.108103] End    layer2: 1532 -> 8213 + -11157 = -2944 (8589)
[27.108109] 
[27.108125] 
[27.108137] Start  layer3: 20 SMs -> 7
[27.118766] End    layer3: 1727 -> 10626 + -11837 = -1211 (9984)
[27.118772] 
[27.118776] 
[27.118786] Start  layer4: 30 SMs -> 8
[27.128295] End    layer4: 2347 -> 9505 + -5470 = 4033 (15894)
[27.128301] 
[27.128305] 
[27.128314] Start  layerX: 20 SMs -> 2
[27.128871] End    layerX: 69 -> 554 + -5643 = -5089 (405)
[27.128876] 
[27.128892] Reserved: 5442us
[27.134400] 
[27.134415] Start  layer0: 40 SMs -> 13
[27.137216] End    layer0: 287 -> 2798 + -676 = 2121 (2199)
[27.137222] 
[27.137225] 
[27.137236] Start  layer1: 10 SMs -> 6
[27.146052] End    layer1: 1905 -> 8812 + -2141 = 6671 (7371)
[27.146058] 
[27.146063] 
[27.146072] Start  layer2: 40 SMs -> 17
[27.164739] End    layer2: 1122 -> 18662 + -12238 = 6424 (8589)
[27.164745] 
[27.164750] 
[27.164759] Start  layer3: 40 SMs -> 19
[27.181483] End    layer3: 1305 -> 16720 + -18999 = -2279 (9984)
[27.181489] 
[27.181495] 
[27.181505] Start  layer4: 20 SMs -> 4
[27.185535] End    layer4: 2447 -> 4025 + -7155 = -3130 (15894)
[27.185540] 
[27.185546] 
[27.185555] Start  layerX: 10 SMs -> 3
[27.185696] End    layerX: 78 -> 138 + -6912 = -6774 (405)
[27.185700] 
[27.185709] Reserved: 4181us
[27.189956] 
[27.189969] Start  layer0: 10 SMs -> 13
[27.194471] End    layer0: 571 -> 4499 + -2376 = 2122 (2199)
[27.194477] 
[27.194480] 
[27.194489] Start  layer1: 40 SMs -> 13
[27.208429] End    layer1: 963 -> 13935 + -8962 = 4972 (7371)
[27.208435] 
[27.208439] 
[27.208449] Start  layer2: 40 SMs -> 16
[27.226524] End    layer2: 1122 -> 18070 + -18466 = -396 (8589)
[27.226530] 
[27.226537] 
[27.226548] Start  layer3: 40 SMs -> 16
[27.242743] End    layer3: 1305 -> 16191 + -24702 = -8511 (9984)
[27.242749] 
[27.242755] 
[27.242764] Start  layer4: 30 SMs -> 4
[27.249461] End    layer4: 2347 -> 6692 + -15525 = -8833 (15894)
[27.249466] 
[27.249477] 
[27.249486] Start  layerX: 30 SMs -> 6
[27.250193] End    layerX: 58 -> 702 + -15852 = -15150 (405)
[27.250198] 
[27.250229] Delayed : 4782us
[27.250235] 
[27.250244] Start  layer0: 30 SMs -> 8
[27.252940] End    layer0: 335 -> 2691 + -5288 = -2597 (2199)
[27.252945] 
[27.252949] 
[27.252958] Start  layer1: 30 SMs -> 10
[27.260774] End    layer1: 1141 -> 7812 + -5752 = 2059 (7371)
[27.260779] 
[27.260785] 
[27.260795] Start  layer2: 20 SMs -> 9
[27.268550] End    layer2: 1532 -> 7751 + -4938 = 2812 (8589)
[27.268556] 
[27.268561] 
[27.268570] Start  layer3: 20 SMs -> 8
[27.277280] End    layer3: 1727 -> 8706 + -3684 = 5021 (9984)
[27.277288] 
[27.277310] 
[27.277322] Start  layer4: 40 SMs -> 18
[27.298484] End    layer4: 2078 -> 21158 + -8993 = 12165 (15894)
[27.298491] 
[27.298496] 
[27.298504] Start  layerX: 10 SMs -> 4
[27.298730] End    layerX: 78 -> 222 + -8835 = -8613 (405)
[27.298734] 
[27.298748] Reserved: 2253us
[27.301064] 
[27.301079] Start  layer0: 40 SMs -> 16
[27.307043] End    layer0: 287 -> 5960 + -3835 = 2124 (2199)
[27.307050] 
[27.307055] 
[27.307066] Start  layer1: 20 SMs -> 8
[27.313814] End    layer1: 1299 -> 6743 + -3234 = 3507 (7371)
[27.313821] 
[27.313827] 
[27.313836] Start  layer2: 40 SMs -> 16
[27.336387] End    layer2: 1122 -> 22546 + -17218 = 5326 (8589)
[27.336393] 
[27.336398] 
[27.336408] Start  layer3: 30 SMs -> 9
[27.346256] End    layer3: 1578 -> 9843 + -17104 = -7261 (9984)
[27.346262] 
[27.346268] 
[27.346277] Start  layer4: 20 SMs -> 8
[27.353958] End    layer4: 2447 -> 7677 + -8911 = -1234 (15894)
[27.353964] 
[27.353969] 
[27.353978] Start  layerX: 10 SMs -> 4
[27.355167] End    layerX: 78 -> 1183 + -9713 = -8530 (405)
[27.355174] 
[27.355194] Reserved: 1363us
[27.356622] 
[27.356637] Start  layer0: 30 SMs -> 10
[27.357854] End    layer0: 335 -> 1214 + 908 = 2122 (2199)
[27.357859] 
[27.357863] 
[27.357871] Start  layer1: 30 SMs -> 9
[27.368563] End    layer1: 1141 -> 10686 + -2428 = 8257 (7371)
[27.368570] 
[27.368577] 
[27.368590] Start  layer2: 20 SMs -> 9
[27.375403] End    layer2: 1532 -> 6810 + -679 = 6129 (8589)
[27.375408] 
[27.375439] 
[27.375447] Start  layer3: 30 SMs -> 10
[27.382964] End    layer3: 1578 -> 7512 + 1743 = 9255 (9984)
[27.382970] 
[27.382984] 
[27.382993] Start  layer4: 30 SMs -> 8
[27.392732] End    layer4: 2347 -> 9734 + 7870 = 17604 (15894)
[27.392739] 
[27.392746] 
[27.392758] Start  layerX: 30 SMs -> 7
[27.393531] End    layerX: 58 -> 771 + 7474 = 8245 (405)
[27.393537] 
[27.393549] Reserved: 18564us
[27.412172] 
[27.412182] Start  layer0: 10 SMs -> 1
[27.413006] End    layer0: 571 -> 819 + 1311 = 2130 (2199)
[27.413011] 
[27.413015] 
[27.413023] Start  layer1: 40 SMs -> 17
[27.429580] End    layer1: 963 -> 16553 + -7892 = 8661 (7371)
[27.429586] 
[27.429592] 
[27.429601] Start  layer2: 40 SMs -> 18
[27.448140] End    layer2: 1122 -> 18532 + -17859 = 672 (8589)
[27.448145] 
[27.448157] 
[27.448166] Start  layer3: 20 SMs -> 8
[27.456607] End    layer3: 1727 -> 8437 + -16344 = -7907 (9984)
[27.456614] 
[27.456618] 
[27.456627] Start  layer4: 20 SMs -> 4
[27.462966] End    layer4: 2447 -> 6334 + -6808 = -474 (15894)
[27.462972] 
[27.462977] 
[27.462986] Start  layerX: 40 SMs -> 12
[27.465436] End    layerX: 52 -> 2445 + -8873 = -6428 (405)
[27.465442] 
[27.465451] Reserved: 2217us
[27.467730] 
[27.467742] Start  layer0: 10 SMs -> 2
[27.468610] End    layer0: 571 -> 863 + 1264 = 2127 (2199)
[27.468617] 
[27.468622] 
[27.468635] Start  layer1: 20 SMs -> 2
[27.473488] End    layer1: 1299 -> 4850 + 3756 = 8605 (7371)
[27.473494] 
[27.473499] 
[27.473508] Start  layer2: 20 SMs -> 7
[27.484183] End    layer2: 1532 -> 10670 + 1651 = 12321 (8589)
[27.484189] 
[27.484205] 
[27.484217] Start  layer3: 20 SMs -> 7
[27.492085] End    layer3: 1727 -> 7864 + 3734 = 11598 (9984)
[27.492092] 
[27.492103] 
[27.492114] Start  layer4: 40 SMs -> 17
[27.510103] End    layer4: 2078 -> 17985 + 1609 = 19595 (15894)
[27.510109] 
[27.510113] 
[27.510123] Start  layerX: 10 SMs -> 6
[27.510739] End    layerX: 78 -> 613 + 1377 = 1990 (405)
[27.510744] 
[27.510763] Reserved: 12460us
[27.523294] 
[27.523312] Start  layer0: 10 SMs -> 15
[27.527637] End    layer0: 571 -> 4327 + -2212 = 2114 (2199)
[27.527641] 
[27.527642] 
[27.527648] Start  layer1: 30 SMs -> 8
[27.533937] End    layer1: 1141 -> 6283 + -1137 = 5146 (7371)
[27.533942] 
[27.533947] 
[27.533956] Start  layer2: 10 SMs -> 7
[27.542907] End    layer2: 2144 -> 8950 + -1521 = 7428 (8589)
[27.542910] 
[27.542913] 
[27.542919] Start  layer3: 20 SMs -> 12
[27.551786] End    layer3: 1727 -> 8865 + -416 = 8449 (9984)
[27.551790] 
[27.551793] 
[27.551798] Start  layer4: 20 SMs -> 9
[27.560666] End    layer4: 2447 -> 8865 + 6599 = 15464 (15894)
[27.560669] 
[27.560671] 
[27.560676] Start  layerX: 10 SMs -> 7
[27.561258] End    layerX: 78 -> 581 + 6411 = 6992 (405)
[27.561261] 
[27.561272] Reserved: 17506us
[27.578838] 
[27.578847] Start  layer0: 40 SMs -> 7
[27.580089] End    layer0: 287 -> 1241 + 891 = 2132 (2199)
[27.580092] 
[27.580094] 
[27.580100] Start  layer1: 40 SMs -> 11
[27.588756] End    layer1: 963 -> 8653 + -404 = 8249 (7371)
[27.588758] 
[27.588762] 
[27.588769] Start  layer2: 40 SMs -> 12
[27.603027] End    layer2: 1122 -> 14253 + -6082 = 8171 (8589)
[27.603033] 
[27.603039] 
[27.603048] Start  layer3: 40 SMs -> 13
[27.619994] End    layer3: 1305 -> 16942 + -13066 = 3876 (9984)
[27.620000] 
[27.620007] 
[27.620015] Start  layer4: 40 SMs -> 8
[27.628303] End    layer4: 2078 -> 8283 + -5478 = 2804 (15894)
[27.628309] 
[27.628325] 
[27.628336] Start  layerX: 30 SMs -> 3
[27.628501] End    layerX: 58 -> 161 + -5272 = -5111 (405)
[27.628505] 
[27.628512] Reserved: 5822us
[27.634398] 
[27.634409] Start  layer0: 20 SMs -> 10
[27.635940] End    layer0: 405 -> 1529 + 597 = 2126 (2199)
[27.635945] 
[27.635947] 
[27.635953] Start  layer1: 20 SMs -> 9
[27.642910] End    layer1: 1299 -> 6949 + 1003 = 7951 (7371)
[27.642918] 
[27.642928] 
[27.642941] Start  layer2: 20 SMs -> 9
[27.655625] End    layer2: 1532 -> 12679 + -3123 = 9555 (8589)
[27.655632] 
[27.655640] 
[27.655650] Start  layer3: 30 SMs -> 9
[27.665057] End    layer3: 1578 -> 9401 + -2571 = 6830 (9984)
[27.665063] 
[27.665069] 
[27.665