[44.470662] layer0:
[44.484757] 	10	344us, 594us
[44.495212] 	20	236us, 381us
[44.504596] 	30	205us, 336us
[44.513597] 	40	184us, 301us
[44.513609] Params: 0.60	0.37	0.39

[44.513614] layer1:
[44.551160] 	10	1119us, 1953us
[44.576067] 	20	799us, 1294us
[44.598233] 	30	693us, 1134us
[44.619071] 	40	683us, 1003us
[44.619083] Params: 0.62	0.25	0.39

[44.619089] layer2:
[44.662061] 	10	1328us, 2194us
[44.691521] 	20	987us, 1530us
[44.718584] 	30	928us, 1393us
[44.741983] 	40	795us, 1144us
[44.741996] Params: 0.65	0.33	0.43

[44.742002] layer3:
[44.787625] 	10	1405us, 2332us
[44.818334] 	20	968us, 1668us
[44.847565] 	30	931us, 1581us
[44.874393] 	40	896us, 1357us
[44.874406] Params: 0.61	0.22	0.33

[44.874412] layer4:
[44.944430] 	10	2394us, 3509us
[44.988162] 	20	1570us, 2414us
[45.030597] 	30	1520us, 2311us
[45.069835] 	40	1424us, 2097us
[45.069848] Params: 0.67	0.26	0.28

[45.069854] layerX:
[45.075288] 	10	44us, 77us
[45.080667] 	20	41us, 73us
[45.085934] 	30	40us, 72us
[45.091047] 	40	40us, 54us
[45.091059] Params: 0.60	0.04	0.37

