[55.494104] 
[55.494116] Start  layer0: 10 SMs -> 8
[55.500135] End    layer0: 593 -> 6017 + -4004 = 2012 (2024)
[55.500137] 
[55.500139] 
[55.500144] Start  layer1: 30 SMs -> 10
[55.509782] End    layer1: 1134 -> 9634 + -6912 = 2721 (6738)
[55.509785] 
[55.509789] 
[55.509795] Start  layer2: 20 SMs -> 9
[55.518933] End    layer2: 1529 -> 9136 + -8382 = 754 (7683)
[55.518936] 
[55.518939] 
[55.518943] Start  layer3: 20 SMs -> 9
[55.529361] End    layer3: 1668 -> 10414 + -9694 = 719 (9113)
[55.529364] 
[55.529371] 
[55.529377] Start  layer4: 10 SMs -> 6
[55.550041] End    layer4: 3509 -> 20662 + -16297 = 4365 (14079)
[55.550044] 
[55.550048] 
[55.550053] Start  layerX: 10 SMs -> 7
[55.550496] End    layerX: 77 -> 440 + -16390 = -15950 (361)
[55.550499] 
[55.550514] Delayed : 6410us
[55.550519] 
[55.550525] Start  layer0: 20 SMs -> 7
[55.551503] End    layer0: 381 -> 977 + -5373 = -4396 (2024)
[55.551506] 
[55.551507] 
[55.551512] Start  layer1: 20 SMs -> 7
[55.559292] End    layer1: 1293 -> 7777 + -6423 = 1353 (6738)
[55.559295] 
[55.559297] 
[55.559302] Start  layer2: 40 SMs -> 14
[55.573637] End    layer2: 1144 -> 14332 + -13086 = 1246 (7683)
[55.573640] 
[55.573642] 
[55.573648] Start  layer3: 40 SMs -> 13
[55.590309] End    layer3: 1357 -> 16654 + -20639 = -3985 (9113)
[55.590315] 
[55.590324] 
[55.590334] Start  layer4: 40 SMs -> 9
[55.604955] End    layer4: 2096 -> 14615 + -21205 = -6590 (14079)
[55.604962] 
[55.604970] 
[55.604982] Start  layerX: 10 SMs -> 6
[55.606129] End    layerX: 77 -> 1141 + -22018 = -20877 (361)
[55.606136] 
[55.606151] Delayed : 12046us
[55.606159] 
[55.606171] Start  layer0: 40 SMs -> 14
[55.608161] End    layer0: 301 -> 1986 + -12027 = -10040 (2024)
[55.608167] 
[55.608171] 
[55.608181] Start  layer1: 40 SMs -> 14
[55.620516] End    layer1: 1003 -> 12331 + -17644 = -5313 (6738)
[55.620522] 
[55.620529] 
[55.620538] Start  layer2: 40 SMs -> 16
[55.641543] End    layer2: 1144 -> 21001 + -30988 = -9987 (7683)
[55.641549] 
[55.641554] 
[55.641565] Start  layer3: 20 SMs -> 1
[55.645872] End    layer3: 1668 -> 4300 + -26200 = -21900 (9113)
[55.645880] 
[55.645890] 
[55.645904] Start  layer4: 40 SMs -> 12
[55.665489] End    layer4: 2096 -> 19582 + -31741 = -12159 (14079)
[55.665495] 
[55.665502] 
[55.665511] Start  layerX: 10 SMs -> 6
[55.666198] End    layerX: 77 -> 683 + -32090 = -31407 (361)
[55.666204] 
[55.666216] Delayed : 22111us
[55.666222] 
[55.666230] Start  layer0: 30 SMs -> 8
[55.668683] End    layer0: 336 -> 2448 + -22549 = -20101 (2024)
[55.668688] 
[55.668692] 
[55.668700] Start  layer1: 30 SMs -> 7
[55.678852] End    layer1: 1134 -> 10148 + -25980 = -15832 (6738)
[55.678858] 
[55.678865] 
[55.678874] Start  layer2: 30 SMs -> 8
[55.687137] End    layer2: 1392 -> 8259 + -26582 = -18323 (7683)
[55.687142] 
[55.687147] 
[55.687155] Start  layer3: 40 SMs -> 11
[55.705763] End    layer3: 1357 -> 18602 + -36093 = -17491 (9113)
[55.705768] 
[55.705778] 
[55.705788] Start  layer4: 40 SMs -> 17
[55.719329] End    layer4: 2096 -> 13537 + -35581 = -22044 (14079)
[55.719335] 
[55.719349] 
[55.719358] Start  layerX: 40 SMs -> 14
[55.721177] End    layerX: 53 -> 1815 + -37068 = -35254 (361)
[55.721184] 
[55.721203] Delayed : 27099us
[55.721210] 
[55.721218] Start  layer0: 30 SMs -> 8
[55.723991] End    layer0: 336 -> 2768 + -27857 = -25088 (2024)
[55.723996] 
[55.723999] 
[55.724007] Start  layer1: 30 SMs -> 8
[55.732079] End    layer1: 1134 -> 8065 + -29205 = -21140 (6738)
[55.732086] 
[55.732092] 
[55.732104] Start  layer2: 40 SMs -> 14
[55.747361] End    layer2: 1144 -> 15252 + -36804 = -21552 (7683)
[55.747366] 
[55.747371] 
[55.747380] Start  layer3: 20 SMs -> 8
[55.756678] End    layer3: 1668 -> 9293 + -37009 = -27715 (9113)
[55.756683] 
[55.756698] 
[55.756706] Start  layer4: 40 SMs -> 14
[55.770157] End    layer4: 2096 -> 13446 + -36409 = -22963 (14079)
[55.770163] 
[55.770170] 
[55.770178] Start  layerX: 40 SMs -> 14
[55.771748] End    layerX: 53 -> 1565 + -37638 = -36073 (361)
[55.771753] 
[55.771761] Delayed : 27657us
[55.771767] 
[55.771776] Start  layer0: 30 SMs -> 8
[55.774348] End    layer0: 336 -> 2567 + -28214 = -25646 (2024)
[55.774376] 
[55.774380] 
[55.774388] Start  layer1: 30 SMs -> 8
[55.783991] End    layer1: 1134 -> 9599 + -31119 = -21520 (6738)
[55.783997] 
[55.784003] 
[55.784012] Start  layer2: 30 SMs -> 8
[55.795709] End    layer2: 1392 -> 11691 + -35152 = -23461 (7683)
[55.795716] 
[55.795722] 
[55.795734] Start  layer3: 40 SMs -> 11
[55.810703] End    layer3: 1357 -> 14963 + -41032 = -26069 (9113)
[55.810710] 
[55.810719] 
[55.810731] Start  layer4: 30 SMs -> 9
[55.820107] End    layer4: 2311 -> 9371 + -36357 = -26986 (14079)
[55.820114] 
[55.820122] 
[55.820135] Start  layerX: 10 SMs -> 5
[55.821657] End    layerX: 77 -> 1519 + -37548 = -36029 (361)
[55.821662] 
[55.821678] Delayed : 27574us
[55.821684] 
[55.821692] Start  layer0: 10 SMs -> 5
[55.823844] End    layer0: 593 -> 2146 + -27708 = -25563 (2024)
[55.823850] 
[55.823855] 
[55.823866] Start  layer1: 10 SMs -> 5
[55.837028] End    layer1: 1952 -> 13157 + -34154 = -20998 (6738)
[55.837035] 
[55.837057] 
[55.837065] Start  layer2: 20 SMs -> 7
[55.847369] End    layer2: 1529 -> 10300 + -36814 = -26515 (7683)
[55.847375] 
[55.847386] 
[55.847395] Start  layer3: 30 SMs -> 6
[55.853883] End    layer3: 1580 -> 6483 + -34213 = -27731 (9113)
[55.853889] 
[55.853894] 
[55.853902] Start  layer4: 30 SMs -> 7
[55.858380] End    layer4: 2311 -> 4473 + -24632 = -20159 (14079)
[55.858385] 
[55.858392] 
[55.858401] Start  layerX: 30 SMs -> 5
[55.859093] End    layerX: 71 -> 687 + -24983 = -24296 (361)
[55.859099] 
[55.859110] Delayed : 15006us
[55.859118] 
[55.859128] Start  layer0: 30 SMs -> 6
[55.859908] End    layer0: 336 -> 776 + -13774 = -12998 (2024)
[55.859914] 
[55.859917] 
[55.859925] Start  layer1: 30 SMs -> 3
[55.864724] End    layer1: 1134 -> 4795 + -11852 = -7058 (6738)
[55.864730] 
[55.864735] 
[55.864743] Start  layer2: 30 SMs -> 6
[55.873552] End    layer2: 1392 -> 8804 + -12997 = -4193 (7683)
[55.873557] 
[55.873562] 
[55.873570] Start  layer3: 30 SMs -> 7
[55.881950] End    layer3: 1580 -> 8375 + -12281 = -3905 (9113)
[55.881955] 
[55.881960] 
[55.881969] Start  layer4: 30 SMs -> 8
[55.890490] End    layer4: 2311 -> 8517 + -6742 = 1774 (14079)
[55.890495] 
[55.890500] 
[55.890510] Start  layerX: 30 SMs -> 4
[55.891127] End    layerX: 71 -> 614 + -7019 = -6405 (361)
[55.891131] 
[55.891139] Reserved: 2965us
[55.894173] 
[55.894189] Start  layer0: 10 SMs -> 4
[55.897308] End    layer0: 593 -> 3117 + -1174 = 1942 (2024)
[55.897314] 
[55.897317] 
[55.897327] Start  layer1: 30 SMs -> 8
[55.908253] End    layer1: 1134 -> 10922 + -5381 = 5540 (6738)
[55.908258] 
[55.908263] 
[55.908272] Start  layer2: 30 SMs -> 10
[55.916798] End    layer2: 1392 -> 8525 + -6247 = 2277 (7683)
[55.916801] 
[55.916810] 
[55.916815] Start  layer3: 30 SMs -> 9
[55.922692] End    layer3: 1580 -> 5875 + -3026 = 2847 (9113)
[55.922695] 
[55.922703] 
[55.922708] Start  layer4: 30 SMs -> 7
[55.930681] End    layer4: 2311 -> 7967 + 3066 = 11033 (14079)
[55.930687] 
[55.930693] 
[55.930701] Start  layerX: 20 SMs -> 8
[55.932072] End    layerX: 73 -> 1367 + 2036 = 3403 (361)
[55.932077] 
[55.932086] Reserved: 12017us
[55.944171] 
[55.944185] Start  layer0: 10 SMs -> 2
[55.946141] End    layer0: 593 -> 1952 + -7 = 1945 (2024)
[55.946147] 
[55.946152] 
[55.946162] Start  layer1: 20 SMs -> 9
[55.955302] End    layer1: 1293 -> 9136 + -2428 = 6706 (6738)
[55.955309] 
[55.955329] 
[55.955338] Start  layer2: 20 SMs -> 7
[55.961956] End    layer2: 1529 -> 6614 + -1401 = 5212 (7683)
[55.961961] 
[55.961967] 
[55.961976] Start  layer3: 20 SMs -> 6
[55.968204] End    layer3: 1668 -> 6222 + 1466 = 7688 (9113)
[55.968211] 
[55.968218] 
[55.968229] Start  layer4: 20 SMs -> 6
[55.975848] End    layer4: 2414 -> 7615 + 7899 = 15514 (14079)
[55.975853] 
[55.975860] 
[55.975870] Start  layerX: 10 SMs -> 5
[55.976320] End    layerX: 77 -> 447 + 7787 = 8234 (361)
[55.976325] 
[55.976350] Reserved: 17753us
[55.994172] 
[55.994191] Start  layer0: 40 SMs -> 20
[55.998904] End    layer0: 301 -> 4712 + -2770 = 1940 (2024)
[55.998910] 
[55.998913] 
[55.998923] Start  layer1: 30 SMs -> 7
[56.006868] End    layer1: 1134 -> 7939 + -3994 = 3944 (6738)
[56.006877] 
[56.006885] 
[56.006897] Start  layer2: 30 SMs -> 7
[56.014861] End    layer2: 1392 -> 7961 + -4306 = 3654 (7683)
[56.014867] 
[56.014872] 
[56.014880] Start  layer3: 40 SMs -> 16
[56.032883] End    layer3: 1357 -> 17998 + -13214 = 4783 (9113)
[56.032888] 
[56.032893] 
[56.032902] Start  layer4: 40 SMs -> 14
[56.052453] End    layer4: 2096 -> 19546 + -18704 = 840 (14079)
[56.052460] 
[56.052472] 
[56.052481] Start  layerX: 10 SMs -> 7
[56.053929] End    layerX: 77 -> 1442 + -19818 = -18376 (361)
[56.053936] 
[56.053961] Delayed : 9856us
[56.053970] 
[56.053980] Start  layer0: 10 SMs -> 7
[56.056062] End    layer0: 593 -> 2078 + -9928 = -7850 (2024)
[56.056068] 
[56.056071] 
[56.056080] Start  layer1: 10 SMs -> 7
[56.063564] End    layer1: 1952 -> 7480 + -10692 = -3212 (6738)
[56.063570] 
[56.063576] 
[56.063584] Start  layer2: 30 SMs -> 7
[56.070282] End    layer2: 1392 -> 6694 + -9727 = -3033 (7683)
[56.070288] 
[56.070292] 
[56.070301] Start  layer3: 40 SMs -> 16
[56.089189] End    layer3: 1357 -> 18881 + -19518 = -637 (9113)
[56.089196] 
[56.089202] 
[56.089214] Start  layer4: 40 SMs -> 14
[56.108101] End    layer4: 2096 -> 18882 + -24351 = -5470 (14079)
[56.108108] 
[56.108129] 
[56.108141] Start  layerX: 20 SMs -> 9
[56.109215] End    layerX: 73 -> 1071 + -25106 = -24035 (361)
[56.109220] 
[56.109241] Delayed : 15136us
[56.109247] 
[56.109255] Start  layer0: 30 SMs -> 5
[56.109969] End    layer0: 336 -> 709 + -13835 = -13126 (2024)
[56.109974] 
[56.109977] 
[56.109985] Start  layer1: 20 SMs -> 7
[56.117300] End    layer1: 1293 -> 7308 + -14426 = -7117 (6738)
[56.117307] 
[56.117325] 
[56.117336] Start  layer2: 40 SMs -> 17
[56.137578] End    layer2: 1144 -> 20238 + -27022 = -6784 (7683)
[56.137586] 
[56.137591] 
[56.137601] Start  layer3: 20 SMs -> 7
[56.148276] End    layer3: 1668 -> 10671 + -28607 = -17936 (9113)
[56.148282] 
[56.148305] 
[56.148314] Start  layer4: 30 SMs -> 8
[56.155321] End    layer4: 2311 -> 7003 + -21573 = -14570 (14079)
[56.155328] 
[56.155337] 
[56.155346] Start  layerX: 10 SMs -> 7
[56.156054] End    layerX: 77 -> 704 + -21946 = -21242 (361)
[56.156059] 
[56.156066] Delayed : 11962us
[56.156072] 
[56.156080] Start  layer0: 30 SMs -> 6
[56.157627] End    layer0: 336 -> 1543 + -11493 = -9951 (2024)
[56.157633] 
[56.157636] 
[56.157644] Start  layer1: 20 SMs -> 7
[56.162970] End    layer1: 1293 -> 5321 + -10098 = -4777 (6738)
[56.162976] 
[56.162990] 
[56.162999] Start  layer2: 20 SMs -> 7
[56.171056] End    layer2: 1529 -> 8052 + -10501 = -2449 (7683)
[56.171063] 
[56.171070] 
[56.171081] Start  layer3: 20 SMs -> 7
[56.177798] End    layer3: 1668 -> 6712 + -8128 = -1416 (9113)
[56.177805] 
[56.177811] 
[56.177823] Start  layer4: 40 SMs -> 15
[56.199592] End    layer4: 2096 -> 21764 + -15843 = 5921 (14079)
[56.199599] 
[56.199608] 
[56.199620] Start  layerX: 30 SMs -> 6
[56.199958] End    layerX: 71 -> 333 + -15847 = -15514 (361)
[56.199964] 
[56.199979] Delayed : 5875us
[56.199988] 
[56.199996] Start  layer0: 30 SMs -> 8
[56.202361] End    layer0: 336 -> 2360 + -6227 = -3866 (2024)
[56.202366] 
[56.202369] 
[56.202377] Start  layer1: 40 SMs -> 12
[56.216491] End    layer1: 1003 -> 14107 + -13617 = 489 (6738)
[56.216498] 
[56.216506] 
[56.216516] Start  layer2: 40 SMs -> 13
[56.231352] End    layer2: 1144 -> 14831 + -20796 = -5965 (7683)
[56.231358] 
[56.231365] 
[56.231375] Start  layer3: 10 SMs -> 6
[56.241562] End    layer3: 2331 -> 10183 + -21893 = -11710 (9113)
[56.241568] 
[56.241573] 
[56.241582] Start  layer4: 20 SMs -> 4
[56.247677] End    layer4: 2414 -> 6091 + -13929 = -7838 (14079)
[56.247683] 
[56.247696] 
[56.247706] Start  layerX: 40 SMs -> 19
[56.249754] End    layerX: 53 -> 2044 + -15645 = -13601 (361)
[56.249760] 
[56.249799] Delayed : 5694us
[56.249805] 
[56.249814] Start  layer0: 20 SMs -> 7
[56.251501] End    layer0: 381 -> 1683 + -5367 = -3684 (2024)
[56.251507] 
[56.251510] 
[56.251518] Start  layer1: 10 SMs -> 6
[56.259233] End    layer1: 1952 -> 7710 + -6361 = 1348 (6738)
[56.259238] 
[56.259244] 
[56.259462] Start  layer2: 10 SMs -> 5
[56.267293] End    layer2: 2193 -> 7825 + -6736 = 1088 (7683)
[56.267300] 
[56.267309] 
[56.267319] Start  layer3: 40 SMs -> 16
[56.289034] End    layer3: 1357 -> 21711 + -19365 = 2345 (9113)
[56.289040] 
[56.289048] 
[56.289057] Start  layer4: 30 SMs -> 5
[56.293364] End    layer4: 2311 -> 4303 + -9617 = -5314 (14079)
[56.293370] 
[56.293377] 
[56.293386] Start  layerX: 10 SMs -> 5
[56.294306] End    layerX: 77 -> 917 + -10198 = -9281 (361)
[56.294310] 
[56.294356] Delayed : 252us
[56.294363] 
[56.294370] Start  layer0: 20 SMs -> 11
[56.296928] End    layer0: 381 -> 2552 + -792 = 1759 (2024)
[56.296935] 
[56.296939] 
[56.296950] Start  layer1: 20 SMs -> 6
[56.304071] End    layer1: 1293 -> 7116 + -1197 = 5918 (6738)
[56.304078] 
[56.304085] 
[56.304096] Start  layer2: 20 SMs -> 7
[56.314176] End    layer2: 1529 -> 10077 + -3621 = 6455 (7683)
[56.314182] 
[56.314188] 
[56.314197] Start  layer3: 30 SMs -> 6
[56.321247] End    layer3: 1580 -> 7043 + -1575 = 5467 (9113)
[56.321254] 
[56.321261] 
[56.321271] Start  layer4: 30 SMs -> 5
[56.329303] End    layer4: 2311 -> 8030 + 4442 = 12472 (14079)
[56.329308] 
[56.329314] 
[56.329321] Start  layerX: 30 SMs -> 5
[56.329824] End    layerX: 71 -> 501 + 4281 = 4782 (361)
[56.329828] 
[56.329837] Reserved: 14266us
[56.344166] 
[56.344179] Start  layer0: 20 SMs -> 6
[56.346135] End    layer0: 381 -> 1954 + -2 = 1951 (2024)
[56.346139] 
[56.346142] 
[56.346149] Start  layer1: 40 SMs -> 14
[56.363063] End    layer1: 1003 -> 16907 + -10189 = 6717 (6738)
[56.363070] 
[56.363089] 
[56.363102] Start  layer2: 10 SMs -> 6
[56.372654] End    layer2: 2193 -> 9549 + -12099 = -2550 (7683)
[56.372659] 
[56.372664] 
[56.372672] Start  layer3: 10 SMs -> 7
[56.382621] End    layer3: 2331 -> 9944 + -12951 = -3007 (9113)
[56.382626] 
[56.382634] 
[56.382642] Start  layer4: 30 SMs -> 8
[56.393547] End    layer4: 2311 -> 10898 + -9797 = 1100 (14079)
[56.393554] 
[56.393561] 
[56.393574] Start  layerX: 10 SMs -> 10
[56.395373] End    layerX: 77 -> 1796 + -11264 = -9468 (361)
[56.395378] 
[56.395387] Delayed : 1283us
[56.395394] 
[56.395402] Start  layer0: 10 SMs -> 11
[56.400655] End    layer0: 593 -> 5249 + -4521 = 726 (2024)
[56.400661] 
[56.400665] 
[56.400677] Start  layer1: 40 SMs -> 13
[56.413192] End    layer1: 1003 -> 12512 + -10320 = 2191 (6738)
[56.413198] 
[56.413204] 
[56.413212] Start  layer2: 40 SMs -> 13
[56.427101] End    layer2: 1144 -> 13883 + -16544 = -2662 (7683)
[56.427108] 
[56.427117] 
[56.427129] Start  layer3: 40 SMs -> 15
[56.446529] End    layer3: 1357 -> 19395 + -26858 = -7463 (9113)
[56.446535] 
[56.446549] 
[56.446559] Start  layer4: 20 SMs -> 8
[56.458291] End    layer4: 2414 -> 11727 + -24543 = -12815 (14079)
[56.458297] 
[56.458302] 
[56.458312] Start  layerX: 30 SMs -> 8
[56.458993] End    layerX: 71 -> 677 + -24885 = -24207 (361)
[56.458998] 
[56.459006] Delayed : 14902us
[56.459012] 
[56.459020] Start  layer0: 10 SMs -> 7
[56.460981] End    layer0: 593 -> 1957 + -14847 = -12890 (2024)
[56.460986] 
[56.460990] 
[56.460999] Start  layer1: 20 SMs -> 7
[56.468587] End    layer1: 1293 -> 7581 + -15712 = -8132 (6738)
[56.468593] 
[56.468601] 
[56.468612] Start  layer2: 20 SMs -> 7
[56.477551] End    layer2: 1529 -> 8936 + -16996 = -8061 (7683)
[56.477558] 
[56.477566] 
[56.477577] Start  layer3: 20 SMs -> 8
[56.489818] End    layer3: 1668 -> 12237 + -20149 = -7912 (9113)
[56.489823] 
[56.489831] 
[56.489840] Start  layer4: 30 SMs -> 7
[56.501145] End    layer4: 2311 -> 11301 + -17397 = -6096 (14079)
[56.501151] 
[56.501157] 
[56.501166] Start  layerX: 30 SMs -> 8
[56.501830] End    layerX: 71 -> 658 + -17719 = -17061 (361)
[56.501837] 
[56.501848] Delayed : 7743us
[56.501856] 
[56.501866] Start  layer0: 30 SMs -> 9
[56.504890] End    layer0: 336 -> 3020 + -8756 = -5736 (2024)
[56.504895] 
[56.504899] 
[56.504907] Start  layer1: 40 SMs -> 12
[56.515296] End    layer1: 1003 -> 10382 + -12422 = -2040 (6738)
[56.515303] 
[56.515311] 
[56.515323] Start  layer2: 40 SMs -> 13
[56.531186] End    layer2: 1144 -> 15860 + -20632 = -4772 (7683)
[56.531213] 
[56.531221] 
[56.531228] Start  layer3: 20 SMs -> 8
[56.543264] End    layer3: 1668 -> 12034 + -23598 = -11564 (9113)
[56.543267] 
[56.543271] 
[56.543276] Start  layer4: 20 SMs -> 7
[56.553244] End    layer4: 2414 -> 9966 + -19500 = -9534 (14079)
[56.553247] 
[56.553261] 
[56.553266] Start  layerX: 30 SMs -> 11
[56.553948] End    layerX: 71 -> 679 + -19842 = -19163 (361)
[56.553951] 
[56.553956] Delayed : 9853us
[56.553960] 
[56.553965] Start  layer0: 30 SMs -> 8
[56.555301] End    layer0: 336 -> 1333 + -9170 = -7837 (2024)
[56.555304] 
[56.555306] 
[56.555312] Start  layer1: 20 SMs -> 7
[56.561545] End    layer1: 1293 -> 6226 + -8671 = -2445 (6738)
[56.561552] 
[56.561558] 
[56.561571] Start  layer2: 10 SMs -> 5
[56.569878] End    layer2: 2193 -> 8301 + -9320 = -1019 (7683)
[56.569885] 
[56.569904] 
[56.569913] Start  layer3: 40 SMs -> 13
[56.583358] End    layer3: 1357 -> 13441 + -13689 = -248 (9113)
[56.583364] 
[56.583396] 
[56.583407] Start  layer4: 30 SMs -> 8
[56.593235] End    layer4: 2311 -> 9824 + -9487 = 336 (14079)
[56.593240] 
[56.593245] 
[56.593254] Start  layerX: 30 SMs -> 5
[56.594109] End    layerX: 71 -> 852 + -10001 = -9150 (361)
[56.594113] 
[56.594122] Delayed : 18us
[56.594128] 
[56.594135] Start  layer0: 30 SMs -> 11
[56.598026] End    layer0: 336 -> 3886 + -1892 = 1993 (2024)
[56.598031] 
[56.598035] 
[56.598044] Start  layer1: 10 SMs -> 7
[56.607387] End    layer1: 1952 -> 9339 + -4515 = 4823 (6738)
[56.607392] 
[56.607405] 
[56.607414] Start  layer2: 30 SMs -> 7
[56.617407] End    layer2: 1392 -> 9988 + -6852 = 3135 (7683)
[56.617412] 
[56.617417] 
[56.617426] Start  layer3: 20 SMs -> 6
[56.624494] End    layer3: 1668 -> 7062 + -4823 = 2238 (9113)
[56.624502] 
[56.624510] 
[56.624521] Start  layer4: 20 SMs -> 5
[56.635196] End    layer4: 2414 -> 10670 + -1447 = 9222 (14079)
[56.635202] 
[56.635218] 
[56.635227] Start  layerX: 30 SMs -> 5
[56.636166] End    layerX: 71 -> 936 + -2058 = -1122 (361)
[56.636171] 
[56.636180] Reserved: 7923us
[56.644164] 
[56.644172] Start  layer0: 40 SMs -> 11
[56.645545] End    layer0: 301 -> 1368 + 588 = 1956 (2024)
[56.645550] 
[56.645554] 
[56.645564] Start  layer1: 40 SMs -> 10
[56.658287] End    layer1: 1003 -> 12719 + -5415 = 7303 (6738)
[56.658292] 
[56.658298] 
[56.658307] Start  layer2: 30 SMs -> 6
[56.665101] End    layer2: 1392 -> 6788 + -4544 = 2242 (7683)
[56.665108] 
[56.665115] 
[56.665127] Start  layer3: 20 SMs -> 8
[56.674412] End    layer3: 1668 -> 9279 + -4741 = 4537 (9113)
[56.674419] 
[56.674425] 
[56.674437] Start  layer4: 20 SMs -> 6
[56.684020] End    layer4: 2414 -> 9577 + -270 = 9306 (14079)
[56.684027] 
[56.684035] 
[56.684046] Start  layerX: 10 SMs -> 3
[56.684879] End    layerX: 77 -> 829 + -770 = 59 (361)
[56.684884] 
[56.684894] Reserved: 9209us
[56.694166] 
[56.694177] Start  layer0: 40 SMs -> 6
[56.696253] End    layer0: 301 -> 2072 + -119 = 1952 (2024)
[56.696259] 
[56.696262] 
[56.696271] Start  layer1: 40 SMs -> 9
[56.705480] End    layer1: 1003 -> 9205 + -2608 = 6596 (6738)
[56.705486] 
[56.705491] 
[56.705500] Start  layer2: 40 SMs -> 11
[56.723432] End    layer2: 1144 -> 17928 + -12877 = 5049 (7683)
[56.723438] 
[56.723444] 
[56.723453] Start  layer3: 10 SMs -> 5
[56.734073] End    layer3: 2331 -> 10616 + -14404 = -3789 (9113)
[56.734079] 
[56.734083] 
[56.734091] Start  layer4: 40 SMs -> 6
[56.739486] End    layer4: 2096 -> 5390 + -5738 = -348 (14079)
[56.739492] 
[56.739499] 
[56.739508] Start  layerX: 40 SMs -> 2
[56.739640] End    layerX: 53 -> 129 + -5533 = -5403 (361)
[56.739644] 
[56.739653] Reserved: 4451us
[56.744172] 
[56.744186] Start  layer0: 10 SMs -> 6
[56.745784] End    layer0: 593 -> 1594 + 351 = 1944 (2024)
[56.745791] 
[56.745795] 
[56.745807] Start  layer1: 10 SMs -> 8
[56.752329] End    layer1: 1952 -> 6519 + 542 = 7061 (6738)
[56.752335] 
[56.752368] 
[56.752378] Start  layer2: 10 SMs -> 4
[56.758126] End    layer2: 2193 -> 5744 + 2428 = 8171 (7683)
[56.758132] 
[56.758137] 
[56.758145] Start  layer3: 10 SMs -> 4
[56.764253] End    layer3: 2331 -> 6103 + 5415 = 11518 (9113)
[56.764259] 
[56.764303] 
[56.764312] Start  layer4: 40 SMs -> 12
[56.776800] End    layer4: 2096 -> 12482 + 6948 = 19430 (14079)
[56.776807] 
[56.776825] 
[56.776836] Start  layerX: 40 SMs -> 8
[56.778451] End    layerX: 53 -> 1612 + 5657 = 7268 (361)
[56.778456] 
[56.778465] Reserved: 15638us
[56.794171] 
[56.794188] Start  layer0: 10 SMs -> 6
[56.797631] End    layer0: 593 -> 3440 + -1496 = 1943 (2024)
[56.797638] 
[56.797643] 
[56.797653] Start  layer1: 20 SMs -> 8
[56.804098] End    layer1: 1293 -> 6439 + -1223 = 5214 (6738)
[56.804105] 
[56.804115] 
[56.804126] Start  layer2: 20 SMs -> 7
[56.812199] End    layer2: 1529 -> 8067 + -1642 = 6424 (7683)
[56.812206] 
[56.812211] 
[56.812220] Start  layer3: 20 SMs -> 7
[56.823985] End    layer3: 1668 -> 11759 + -4314 = 7444 (9113)
[56.823992] 
[56.824001] 
[56.824013] Start  layer4: 30 SMs -> 6
[56.831062] End    layer4: 2311 -> 7046 + 2685 = 9731 (14079)
[56.831067] 
[56.831072] 
[56.831081] Start  layerX: 10 SMs -> 3
[56.831543] End    layerX: 77 -> 459 + 2564 = 3023 (361)
[56.831547] 
[56.831566] Reserved: 12537us
[56.844167] 
[56.844177] Start  layer0: 30 SMs -> 6
[56.845115] End    layer0: 336 -> 935 + 1017 = 1952 (2024)
[56.845121] 
[56.845124] 
[56.845131] Start  layer1: 30 SMs -> 8
[56.850444] End    layer1: 1134 -> 5308 + 2427 = 7735 (6738)
[56.850450] 
[56.850467] 
[56.850475] Start  layer2: 20 SMs -> 7
[56.857023] End    layer2: 1529 -> 6543 + 3531 = 10074 (7683)
[56.857028] 
[56.857033] 
[56.857042] Start  layer3: 20 SMs -> 6
[56.863525] End    layer3: 1668 -> 6478 + 6143 = 12621 (9113)
[56.863530] 
[56.863537] 
[56.863545] Start  layer4: 20 SMs -> 6
[56.871909] End    layer4: 2414 -> 8359 + 11838 = 20197 (14079)
[56.871915] 
[56.871922] 
[56.871930] Start  layerX: 10 SMs -> 3
[56.872935] End    layerX: 77 -> 1002 + 11171 = 12174 (361)
[56.872940] 
[56.872948] Reserved: 21155us
[56.894164] 
[56.894172] Start  layer0: 30 SMs -> 3
[56.894692] End    layer0: 336 -> 516 + 1441 = 1956 (2024)
[56.894697] 
[56.894700] 
[56.894708] Start  layer1: 30 SMs -> 4
[56.899530] End    layer1: 1134 -> 4818 + 3340 = 8158 (6738)
[56.899536] 
[56.899548] 
[56.899556] Start  layer2: 10 SMs -> 4
[56.903916] End    layer2: 2193 -> 4356 + 6638 = 10994 (7683)
[56.903921] 
[56.903928] 
[56.903937] Start  layer3: 10 SMs -> 3
[56.908386] End    layer3: 2331 -> 4445 + 11281 = 15726 (9113)
[56.908392] 
[56.908399] 
[56.908407] Start  layer4: 10 SMs -> 3
[56.914433] End    layer4: 3509 -> 6021 + 19314 = 25335 (14079)
[56.914438] 
[56.914445] 
[56.914453] Start  layerX: 10 SMs -> 3
[56.914869] End    layerX: 77 -> 413 + 19237 = 19650 (361)
[56.914873] 
[56.914881] Reserved: 29222us
[56.944166] 
[56.944180] Start  layer0: 40 SMs -> 4
[56.944802] End    layer0: 301 -> 620 + 1330 = 1950 (2024)
[56.944807] 
[56.944810] 
[56.944819] Start  layer1: 40 SMs -> 6
[56.950414] End    layer1: 1003 -> 5591 + 2456 = 8048 (6738)
[56.950420] 
[56.950425] 
[56.950433] Start  layer2: 30 SMs -> 7
[56.955281] End    layer2: 1392 -> 4844 + 5273 = 10117 (7683)
[56.955287] 
[56.955301] 
[56.955309] Start  layer3: 30 SMs -> 6
[56.960747] End    layer3: 1580 -> 5434 + 8920 = 14354 (9113)
[56.960753] 
[56.960758] 
[56.960766] Start  layer4: 30 SMs -> 5
[56.968053] End    layer4: 2311 -> 7282 + 15694 = 22976 (14079)
[56.968059] 
[56.968064] 
[56.968072] Start  layerX: 30 SMs -> 5
[56.969285] End    layerX: 71 -> 1210 + 14822 = 16031 (361)
[56.969289] 
[56.969314] Reserved: 24789us
[56.994163] 
[56.994172] Start  layer0: 30 SMs -> 4
[56.995484] End    layer0: 336 -> 1308 + 649 = 1957 (2024)
[56.995489] 
[56.995492] 
[56.995500] Start  layer1: 30 SMs -> 6
[56.999735] End    layer1: 1134 -> 4231 + 3135 = 7366 (6738)
[56.999741] 
[56.999748] 
[56.999756] Start  layer2: 30 SMs -> 5
[57.004222] End    layer2: 1392 -> 4461 + 6332 = 10793 (7683)
[57.004229] 
[57.004242] 
[57.004250] Start  layer3: 20 SMs -> 6
[57.009596] End    layer3: 1668 -> 5342 + 10072 = 15414 (9113)
[57.009601] 
[57.009607] 
[57.009615] Start  layer4: 40 SMs -> 9
[57.019420] End    layer4: 2096 -> 9800 + 14327 = 24127 (14079)
[57.019425] 
[57.019430] 
[57.019438] Start  layerX: 40 SMs -> 6
[57.020645] End    layerX: 53 -> 1203 + 13462 = 14665 (361)
[57.020649] 
[57.020667] Reserved: 23437us
[57.044165] 
[57.044172] Start  layer0: 20 SMs -> 4
[57.044978] End    layer0: 381 -> 801 + 1155 = 1956 (2024)
[57.044983] 
[57.044986] 
[57.044994] Start  layer1: 40 SMs -> 5
[57.049598] End    layer1: 1003 -> 4599 + 3273 = 7872 (6738)
[57.049603] 
[57.049608] 
[57.049616] Start  layer2: 40 SMs -> 7
[57.055708] End    layer2: 1144 -> 6087 + 4846 = 10933 (7683)
[57.055713] 
[57.055718] 
[57.055727] Start  layer3: 40 SMs -> 8
[57.064794] End    layer3: 1357 -> 9061 + 4876 = 13936 (9113)
[57.064801] 
[57.064812] 
[57.064824] Start  layer4: 40 SMs -> 7
[57.072813] End    layer4: 2096 -> 7986 + 10934 = 18919 (14079)
[57.072819] 
[57.072824] 
[57.072832] Start  layerX: 30 SMs -> 3
[57.072978] End    layerX: 71 -> 143 + 11128 = 11271 (361)
[57.072982] 
[57.072990] Reserved: 21114us
[57.094174] 
[57.094193] Start  layer0: 10 SMs -> 2
[57.095917] End    layer0: 593 -> 1722 + 216 = 1938 (2024)
[57.095922] 
[57.095926] 
[57.095934] Start  layer1: 10 SMs -> 4
[57.099255] End    layer1: 1952 -> 3317 + 3616 = 6932 (6738)
[57.099261] 
[57.099267] 
[57.099275] Start  layer2: 30 SMs -> 5
[57.103031] End    layer2: 1392 -> 3749 + 7525 = 11274 (7683)
[57.103037] 
[57.103043] 
[57.103051] Start  layer3: 30 SMs -> 5
[57.107079] End    layer3: 1580 -> 4021 + 12591 = 16612 (9113)
[57.107086] 
[57.107094] 
[57.107105] Start  layer4: 30 SMs -> 5
[57.113855] End    layer4: 2311 -> 6745 + 19894 = 26639 (14079)
[57.113862] 
[57.113872] 
[57.113881] Start  layerX: 30 SMs -> 4
[57.114565] End    layerX: 71 -> 679 + 19544 = 20223 (361)
[57.114572] 
[57.114585] Reserved: 29518us
[57.144170] 
[57.144185] Start  layer0: 10 SMs -> 1
[57.145302] End    layer0: 593 -> 1115 + 830 = 1945 (2024)
[57.145307] 
[57.145311] 
[57.145319] Start  layer1: 20 SMs -> 7
[57.149017] End    layer1: 1293 -> 3694 + 3854 = 7548 (6738)
[57.149023] 
[57.149037] 
[57.149045] Start  layer2: 40 SMs -> 7
[57.153888] End    layer2: 1144 -> 4838 + 6666 = 11504 (7683)
[57.153893] 
[57.153898] 
[57.153906] Start  layer3: 30 SMs -> 5
[57.158173] End    layer3: 1580 -> 4263 + 11495 = 15758 (9113)
[57.158178] 
[57.158183] 
[57.158192] Start  layer4: 40 SMs -> 7
[57.166436] End    layer4: 2096 -> 8240 + 17311 = 25551 (14079)
[57.166441] 
[57.166446] 
[57.166454] Start  layerX: 30 SMs -> 4
[57.167118] End    layerX: 71 -> 661 + 16988 = 17649 (361)
[57.167122] 
[57.167132] Reserved: 26971us
[57.194171] 
[57.194186] Start  layer0: 40 SMs -> 2
[57.194702] End    layer0: 301 -> 514 + 1430 = 1945 (2024)
[57.194707] 
[57.194711] 
[57.194718] Start  layer1: 30 SMs -> 5
[57.197774] End    layer1: 1134 -> 3052 + 5096 = 8148 (6738)
[57.197780] 
[57.197787] 
[57.197796] Start  layer2: 30 SMs -> 4
[57.200805] End    layer2: 1392 -> 3005 + 9749 = 12753 (7683)
[57.200811] 
[57.200822] 
[57.200829] Start  layer3: 20 SMs -> 4
[57.203919] End    layer3: 1668 -> 3086 + 15748 = 18834 (9113)
[57.203925] 
[57.203937] 
[57.203945] Start  layer4: 40 SMs -> 6
[57.210991] End    layer4: 2096 -> 7041 + 22756 = 29797 (14079)
[57.210996] 
[57.211002] 
[57.211010] Start  layerX: 30 SMs -> 3
[57.211381] End    layerX: 71 -> 368 + 22725 = 23093 (361)
[57.211385] 
[57.211393] Reserved: 32710us
[57.244166] 
[57.244175] Start  layer0: 30 SMs -> 1
[57.244667] End    layer0: 336 -> 488 + 1465 = 1953 (2024)
[57.244672] 
[57.244676] 
[57.244684] Start  layer1: 30 SMs -> 3
[57.246853] End    layer1: 1134 -> 2165 + 6018 = 8183 (6738)
[57.246858] 
[57.246877] 
[57.246885] Start  layer2: 30 SMs -> 3
[57.249418] End    layer2: 1392 -> 2529 + 11136 = 13664 (7683)
[57.249424] 
[57.249429] 
[57.249437] Start  layer3: 30 SMs -> 4
[57.252279] End    layer3: 1580 -> 2837 + 17389 = 20226 (9113)
[57.252284] 
[57.252302] 
[57.252310] Start  layer4: 30 SMs -> 3
[57.256714] End    layer4: 2311 -> 4400 + 27032 = 31432 (14079)
[57.256720] 
[57.256725] 
[57.256734] Start  layerX: 30 SMs -> 3
[57.257227] End    layerX: 71 -> 491 + 26879 = 27370 (361)
[57.257232] 
[57.257240] Reserved: 36863us
[57.294167] 
[57.294180] Start  layer0: 40 SMs -> 1
[57.294729] End    layer0: 301 -> 545 + 1403 = 1948 (2024)
[57.294734] 
[57.294738] 
[57.294745] Start  layer1: 30 SMs -> 3
[57.297111] End    layer1: 1134 -> 2362 + 5759 = 8121 (6738)
[57.297117] 
[57.297125] 
[57.297133] Start  layer2: 30 SMs -> 3
[57.299867] End    layer2: 1392 -> 2730 + 10686 = 13416 (7683)
[57.299873] 
[57.299878] 
[57.299886] Start  layer3: 30 SMs -> 3
[57.302615] End    layer3: 1580 -> 2725 + 17053 = 19777 (9113)
[57.302620] 
[57.302626] 
[57.302634] Start  layer4: 30 SMs -> 3
[57.306454] End    layer4: 2311 -> 3816 + 27292 = 31108 (14079)
[57.306460] 
[57.306466] 
[57.306474] Start  layerX: 30 SMs -> 3
[57.306622] End    layerX: 71 -> 145 + 27484 = 27630 (361)
[57.306626] 
[57.306634] Reserved: 37469us
