[23.757099] layer0:
[23.770985] 	10	339us, 596us
[23.781142] 	20	234us, 371us
[23.790283] 	30	201us, 322us
[23.798980] 	40	184us, 296us
[23.798995] Params: 0.61	0.35	0.39

[23.799000] layer1:
[23.835685] 	10	1102us, 1908us
[23.860112] 	20	786us, 1277us
[23.882209] 	30	683us, 1144us
[23.902705] 	40	675us, 973us
[23.902718] Params: 0.62	0.25	0.42

[23.902724] layer2:
[23.945232] 	10	1317us, 2164us
[23.974307] 	20	974us, 1513us
[24.001243] 	30	919us, 1382us
[24.024334] 	40	787us, 1119us
[24.024347] Params: 0.66	0.32	0.44

[24.024353] layer3:
[24.069127] 	10	1384us, 2261us
[24.101663] 	20	959us, 1911us
[24.131248] 	30	918us, 1637us
[24.156773] 	40	888us, 1272us
[24.156785] Params: 0.59	0.21	0.46

[24.156791] layer4:
[24.226373] 	10	2361us, 3527us
[24.270559] 	20	1554us, 2472us
[24.313088] 	30	1515us, 2331us
[24.352133] 	40	1412us, 2093us
[24.352146] Params: 0.66	0.26	0.30

[24.352152] layerX:
[24.357510] 	10	44us, 87us
[24.362742] 	20	41us, 64us
[24.367907] 	30	40us, 58us
[24.373012] 	40	40us, 54us
[24.373024] Params: 0.64	0.04	0.26

