[55.492676] 
[55.492698] Start  layer0: 10 SMs -> 1
[55.493476] End    layer0: 595 -> 777 + 1239 = 2016 (2036)
[55.493481] 
[55.493484] 
[55.493497] Start  layer1: 30 SMs -> 4
[55.505699] End    layer1: 1144 -> 12201 + -4285 = 7915 (6701)
[55.505702] 
[55.505705] 
[55.505709] Start  layer2: 20 SMs -> 10
[55.515168] End    layer2: 1513 -> 9457 + -6048 = 3408 (7707)
[55.515171] 
[55.515174] 
[55.515178] Start  layer3: 10 SMs -> 5
[55.523248] End    layer3: 2261 -> 8067 + -5364 = 2702 (8762)
[55.523252] 
[55.523255] 
[55.523261] Start  layer4: 10 SMs -> 6
[55.539042] End    layer4: 3526 -> 15778 + -6738 = 9039 (14420)
[55.539045] 
[55.539048] 
[55.539053] Start  layerX: 10 SMs -> 5
[55.539173] End    layerX: 87 -> 119 + -6498 = -6378 (372)
[55.539176] 
[55.539182] Reserved: 3491us
[55.542732] 
[55.542740] Start  layer0: 30 SMs -> 5
[55.544448] End    layer0: 321 -> 1706 + 264 = 1970 (2036)
[55.544452] 
[55.544454] 
[55.544461] Start  layer1: 40 SMs -> 12
[55.553689] End    layer1: 972 -> 9225 + -2274 = 6950 (6701)
[55.553692] 
[55.553696] 
[55.553701] Start  layer2: 20 SMs -> 7
[55.559812] End    layer2: 1513 -> 6103 + -686 = 5416 (7707)
[55.559816] 
[55.559818] 
[55.559823] Start  layer3: 20 SMs -> 7
[55.566194] End    layer3: 1910 -> 6367 + 1690 = 8057 (8762)
[55.566197] 
[55.566209] 
[55.566216] Start  layer4: 30 SMs -> 9
[55.573898] End    layer4: 2330 -> 7678 + 8408 = 16085 (14420)
[55.573903] 
[55.573907] 
[55.573915] Start  layerX: 30 SMs -> 6
[55.574599] End    layerX: 57 -> 680 + 8079 = 8759 (372)
[55.574603] 
[55.574612] Reserved: 18061us
[55.592737] 
[55.592752] Start  layer0: 10 SMs -> 1
[55.593965] End    layer0: 595 -> 1210 + 750 = 1960 (2036)
[55.593970] 
[55.593973] 
[55.593981] Start  layer1: 40 SMs -> 12
[55.607903] End    layer1: 972 -> 13918 + -6486 = 7430 (6701)
[55.607909] 
[55.607923] 
[55.607931] Start  layer2: 40 SMs -> 14
[55.626988] End    layer2: 1118 -> 19050 + -17862 = 1187 (7707)
[55.626995] 
[55.627000] 
[55.627010] Start  layer3: 10 SMs -> 6
[55.635708] End    layer3: 2261 -> 8694 + -17821 = -9127 (8762)
[55.635714] 
[55.635721] 
[55.635729] Start  layer4: 20 SMs -> 3
[55.638817] End    layer4: 2471 -> 3082 + -6508 = -3426 (14420)
[55.638824] 
[55.638831] 
[55.638841] Start  layerX: 40 SMs -> 11
[55.641002] End    layerX: 54 -> 2154 + -8320 = -6166 (372)
[55.641008] 
[55.641022] Reserved: 1652us
[55.642741] 
[55.642754] Start  layer0: 40 SMs -> 7
[55.645051] End    layer0: 295 -> 2293 + -334 = 1958 (2036)
[55.645056] 
[55.645059] 
[55.645069] Start  layer1: 40 SMs -> 12
[55.657159] End    layer1: 972 -> 12084 + -5740 = 6343 (6701)
[55.657166] 
[55.657175] 
[55.657187] Start  layer2: 40 SMs -> 15
[55.674083] End    layer2: 1118 -> 16892 + -14957 = 1933 (7707)
[55.674090] 
[55.674098] 
[55.674110] Start  layer3: 40 SMs -> 14
[55.692031] End    layer3: 1272 -> 17918 + -24144 = -6226 (8762)
[55.692037] 
[55.692046] 
[55.692054] Start  layer4: 30 SMs -> 3
[55.699963] End    layer4: 2330 -> 7903 + -17654 = -9752 (14420)
[55.699970] 
[55.699977] 
[55.699990] Start  layerX: 30 SMs -> 9
[55.700624] End    layerX: 57 -> 631 + -17944 = -17313 (372)
[55.700629] 
[55.700641] Delayed : 7966us
[55.700647] 
[55.700654] Start  layer0: 30 SMs -> 9
[55.702825] End    layer0: 321 -> 2165 + -8107 = -5942 (2036)
[55.702832] 
[55.702836] 
[55.702848] Start  layer1: 40 SMs -> 14
[55.713966] End    layer1: 972 -> 11115 + -12549 = -1434 (6701)
[55.713972] 
[55.713979] 
[55.713989] Start  layer2: 20 SMs -> 7
[55.723110] End    layer2: 1513 -> 9117 + -13985 = -4869 (7707)
[55.723115] 
[55.723122] 
[55.723131] Start  layer3: 30 SMs -> 9
[55.732655] End    layer3: 1637 -> 9518 + -14766 = -5249 (8762)
[55.732663] 
[55.732669] 
[55.732681] Start  layer4: 30 SMs -> 7
[55.740665] End    layer4: 2330 -> 7980 + -8358 = -378 (14420)
[55.740671] 
[55.740682] 
[55.740693] Start  layerX: 30 SMs -> 3
[55.741599] End    layerX: 57 -> 903 + -8920 = -8017 (372)
[55.741604] 
[55.741619] Reserved: 1055us
[55.742738] 
[55.742749] Start  layer0: 20 SMs -> 6
[55.747520] End    layer0: 370 -> 4766 + -2802 = 1963 (2036)
[55.747526] 
[55.747531] 
[55.747567] Start  layer1: 40 SMs -> 15
[55.758593] End    layer1: 972 -> 11022 + -7176 = 3845 (6701)
[55.758599] 
[55.758604] 
[55.758613] Start  layer2: 20 SMs -> 8
[55.769923] End    layer2: 1513 -> 11306 + -10799 = 506 (7707)
[55.769929] 
[55.769933] 
[55.769942] Start  layer3: 40 SMs -> 14
[55.793200] End    layer3: 1272 -> 23253 + -25312 = -2059 (8762)
[55.793205] 
[55.793211] 
[55.793220] Start  layer4: 30 SMs -> 9
[55.805030] End    layer4: 2330 -> 11806 + -22723 = -10918 (14420)
[55.805036] 
[55.805050] 
[55.805061] Start  layerX: 10 SMs -> 6
[55.805713] End    layerX: 87 -> 647 + -23033 = -22386 (372)
[55.805718] 
[55.805727] Delayed : 13052us
[55.805733] 
[55.805741] Start  layer0: 40 SMs -> 14
[55.808914] End    layer0: 295 -> 3169 + -14198 = -11029 (2036)
[55.808920] 
[55.808923] 
[55.808931] Start  layer1: 40 SMs -> 15
[55.823323] End    layer1: 972 -> 14386 + -21904 = -7518 (6701)
[55.823330] 
[55.823338] 
[55.823350] Start  layer2: 40 SMs -> 16
[55.840178] End    layer2: 1118 -> 16823 + -31052 = -14229 (7707)
[55.840184] 
[55.840191] 
[55.840199] Start  layer3: 40 SMs -> 12
[55.858280] End    layer3: 1272 -> 18077 + -40393 = -22317 (8762)
[55.858286] 
[55.858291] 
[55.858301] Start  layer4: 40 SMs -> 17
[55.874555] End    layer4: 2093 -> 16250 + -42248 = -25998 (14420)
[55.874561] 
[55.874590] 
[55.874601] Start  layerX: 30 SMs -> 7
[55.875246] End    layerX: 57 -> 641 + -42565 = -41924 (372)
[55.875251] 
[55.875259] Delayed : 32585us
[55.875265] 
[55.875273] Start  layer0: 30 SMs -> 8
[55.877042] End    layer0: 321 -> 1765 + -32326 = -30562 (2036)
[55.877048] 
[55.877051] 
[55.877060] Start  layer1: 30 SMs -> 8
[55.886347] End    layer1: 1144 -> 9282 + -34930 = -25647 (6701)
[55.886354] 
[55.886364] 
[55.886376] Start  layer2: 30 SMs -> 6
[55.896587] End    layer2: 1382 -> 10206 + -37461 = -27255 (7707)
[55.896594] 
[55.896604] 
[55.896614] Start  layer3: 40 SMs -> 13
[55.908481] End    layer3: 1272 -> 11863 + -40594 = -28731 (8762)
[55.908487] 
[55.908492] 
[55.908501] Start  layer4: 20 SMs -> 7
[55.917214] End    layer4: 2471 -> 8706 + -34903 = -26198 (14420)
[55.917222] 
[55.917232] 
[55.917247] Start  layerX: 20 SMs -> 8
[55.917857] End    layerX: 63 -> 607 + -35176 = -34570 (372)
[55.917862] 
[55.917883] Delayed : 25208us
[55.917890] 
[55.917898] Start  layer0: 10 SMs -> 5
[55.919701] End    layer0: 595 -> 1798 + -24984 = -23186 (2036)
[55.919708] 
[55.919711] 
[55.919721] Start  layer1: 10 SMs -> 5
[55.927971] End    layer1: 1908 -> 8246 + -26554 = -18308 (6701)
[55.927977] 
[55.927984] 
[55.928002] Start  layer2: 40 SMs -> 16
[55.943106] End    layer2: 1118 -> 15100 + -33982 = -18883 (7707)
[55.943112] 
[55.943124] 
[55.943133] Start  layer3: 40 SMs -> 11
[55.956607] End    layer3: 1272 -> 13470 + -38720 = -25250 (8762)
[55.956613] 
[55.956636] 
[55.956656] Start  layer4: 30 SMs -> 7
[55.962693] End    layer4: 2330 -> 6034 + -30386 = -24352 (14420)
[55.962699] 
[55.962704] 
[55.962713] Start  layerX: 10 SMs -> 5
[55.963450] End    layerX: 87 -> 733 + -30771 = -30038 (372)
[55.963455] 
[55.963463] Delayed : 20789us
[55.963469] 
[55.963478] Start  layer0: 20 SMs -> 7
[55.964709] End    layer0: 370 -> 1227 + -19993 = -18766 (2036)
[55.964715] 
[55.964718] 
[55.964725] Start  layer1: 10 SMs -> 6
[55.971972] End    layer1: 1908 -> 7242 + -20555 = -13313 (6701)
[55.971978] 
[55.971983] 
[55.971992] Start  layer2: 30 SMs -> 7
[55.980117] End    layer2: 1382 -> 8119 + -20991 = -12872 (7707)
[55.980124] 
[55.980133] 
[55.980145] Start  layer3: 10 SMs -> 4
[55.987440] End    layer3: 2261 -> 7291 + -19553 = -12261 (8762)
[55.987445] 
[55.987452] 
[55.987460] Start  layer4: 40 SMs -> 14
[56.009770] End    layer4: 2093 -> 22305 + -27463 = -5158 (14420)
[56.009777] 
[56.009783] 
[56.009791] Start  layerX: 40 SMs -> 16
[56.011069] End    layerX: 54 -> 1273 + -28389 = -27116 (372)
[56.011075] 
[56.011083] Delayed : 18409us
[56.011089] 
[56.011097] Start  layer0: 10 SMs -> 6
[56.012649] End    layer0: 595 -> 1547 + -17932 = -16386 (2036)
[56.012654] 
[56.012658] 
[56.012666] Start  layer1: 20 SMs -> 7
[56.018805] End    layer1: 1276 -> 6135 + -17388 = -11253 (6701)
[56.018833] 
[56.018838] 
[56.018846] Start  layer2: 30 SMs -> 9
[56.026514] End    layer2: 1382 -> 7664 + -17390 = -9726 (7707)
[56.026520] 
[56.026525] 
[56.026533] Start  layer3: 10 SMs -> 5
[56.034516] End    layer3: 2261 -> 7978 + -16629 = -8651 (8762)
[56.034521] 
[56.034534] 
[56.034542] Start  layer4: 20 SMs -> 6
[56.043144] End    layer4: 2471 -> 8596 + -10835 = -2239 (14420)
[56.043151] 
[56.043161] 
[56.043173] Start  layerX: 20 SMs -> 4
[56.044075] End    layerX: 63 -> 897 + -11393 = -10496 (372)
[56.044082] 
[56.044107] Delayed : 1431us
[56.044116] 
[56.044126] Start  layer0: 20 SMs -> 5
[56.046247] End    layer0: 370 -> 2118 + -1531 = 586 (2036)
[56.046253] 
[56.046257] 
[56.046266] Start  layer1: 30 SMs -> 5
[56.055240] End    layer1: 1144 -> 8968 + -3821 = 5146 (6701)
[56.055247] 
[56.055256] 
[56.055267] Start  layer2: 30 SMs -> 8
[56.062891] End    layer2: 1382 -> 7620 + -3767 = 3852 (7707)
[56.062897] 
[56.062903] 
[56.062911] Start  layer3: 20 SMs -> 9
[56.070618] End    layer3: 1910 -> 7701 + -2729 = 4971 (8762)
[56.070625] 
[56.070647] 
[56.070660] Start  layer4: 20 SMs -> 8
[56.079358] End    layer4: 2471 -> 8693 + 2950 = 11643 (14420)
[56.079365] 
[56.079373] 
[56.079384] Start  layerX: 10 SMs -> 6
[56.080884] End    layerX: 87 -> 1497 + 1795 = 3292 (372)
[56.080889] 
[56.080898] Reserved: 11775us
[56.092744] 
[56.092762] Start  layer0: 30 SMs -> 4
[56.094107] End    layer0: 321 -> 1343 + 608 = 1951 (2036)
[56.094112] 
[56.094116] 
[56.094124] Start  layer1: 20 SMs -> 6
[56.105789] End    layer1: 1276 -> 11660 + -4372 = 7288 (6701)
[56.105795] 
[56.105818] 
[56.105837] Start  layer2: 10 SMs -> 7
[56.115079] End    layer2: 2163 -> 9238 + -5955 = 3282 (7707)
[56.115087] 
[56.115095] 
[56.115107] Start  layer3: 30 SMs -> 7
[56.121422] End    layer3: 1637 -> 6310 + -3533 = 2776 (8762)
[56.121429] 
[56.121438] 
[56.121446] Start  layer4: 40 SMs -> 19
[56.140998] End    layer4: 2093 -> 19546 + -8689 = 10855 (14420)
[56.141005] 
[56.141012] 
[56.141024] Start  layerX: 40 SMs -> 12
[56.142244] End    layerX: 54 -> 1216 + -9564 = -8348 (372)
[56.142249] 
[56.142301] Reserved: 374us
[56.142738] 
[56.142751] Start  layer0: 40 SMs -> 11
[56.146508] End    layer0: 295 -> 3755 + -1792 = 1962 (2036)
[56.146513] 
[56.146517] 
[56.146525] Start  layer1: 40 SMs -> 13
[56.167279] End    layer1: 972 -> 20747 + -15859 = 4886 (6701)
[56.167286] 
[56.167301] 
[56.167313] Start  layer2: 30 SMs -> 8
[56.177764] End    layer2: 1382 -> 10447 + -18640 = -8192 (7707)
[56.177769] 
[56.177794] 
[56.177802] Start  layer3: 30 SMs -> 8
[56.187197] End    layer3: 1637 -> 9391 + -19310 = -9919 (8762)
[56.187203] 
[56.187219] 
[56.187227] Start  layer4: 30 SMs -> 8
[56.198254] End    layer4: 2330 -> 11023 + -15948 = -4924 (14420)
[56.198260] 
[56.198276] 
[56.198285] Start  layerX: 40 SMs -> 17
[56.199633] End    layerX: 54 -> 1343 + -16952 = -15609 (372)
[56.199639] 
[56.199658] Delayed : 6983us
[56.199667] 
[56.199678] Start  layer0: 30 SMs -> 7
[56.201960] End    layer0: 321 -> 2279 + -7244 = -4966 (2036)
[56.201966] 
[56.201969] 
[56.201978] Start  layer1: 30 SMs -> 10
[56.211014] End    layer1: 1144 -> 9032 + -9597 = -565 (6701)
[56.211021] 
[56.211027] 
[56.211036] Start  layer2: 20 SMs -> 10
[56.219676] End    layer2: 1513 -> 8635 + -10551 = -1916 (7707)
[56.219682] 
[56.219687] 
[56.219697] Start  layer3: 20 SMs -> 9
[56.229004] End    layer3: 1910 -> 9303 + -11117 = -1814 (8762)
[56.229010] 
[56.229018] 
[56.229027] Start  layer4: 20 SMs -> 7
[56.239334] End    layer4: 2471 -> 10303 + -7027 = 3275 (14420)
[56.239340] 
[56.239346] 
[56.239354] Start  layerX: 10 SMs -> 6
[56.240147] End    layerX: 87 -> 789 + -7468 = -6679 (372)
[56.240152] 
[56.240166] Reserved: 2507us
[56.242742] 
[56.242758] Start  layer0: 20 SMs -> 3
[56.243985] End    layer0: 370 -> 1223 + 732 = 1955 (2036)
[56.243992] 
[56.243996] 
[56.244009] Start  layer1: 40 SMs -> 13
[56.259071] End    layer1: 972 -> 15058 + -7654 = 7404 (6701)
[56.259076] 
[56.259082] 
[56.259090] Start  layer2: 40 SMs -> 18
[56.277696] End    layer2: 1118 -> 18601 + -18572 = 28 (7707)
[56.277723] 
[56.277730] 
[56.277739] Start  layer3: 10 SMs -> 6
[56.286342] End    layer3: 2261 -> 8599 + -18455 = -9856 (8762)
[56.286347] 
[56.286354] 
[56.286362] Start  layer4: 20 SMs -> 5
[56.293775] End    layer4: 2471 -> 7406 + -11466 = -4060 (14420)
[56.293782] 
[56.293792] 
[56.293803] Start  layerX: 20 SMs -> 8
[56.294591] End    layerX: 63 -> 785 + -11912 = -11127 (372)
[56.294596] 
[56.294605] Delayed : 1930us
[56.294611] 
[56.294619] Start  layer0: 10 SMs -> 6
[56.297153] End    layer0: 595 -> 2529 + -2437 = 91 (2036)
[56.297158] 
[56.297161] 
[56.297174] Start  layer1: 10 SMs -> 5
[56.303009] End    layer1: 1908 -> 5830 + -1590 = 4238 (6701)
[56.303016] 
[56.303022] 
[56.303032] Start  layer2: 30 SMs -> 6
[56.308840] End    layer2: 1382 -> 5805 + 283 = 6088 (7707)
[56.308846] 
[56.308863] 
[56.308875] Start  layer3: 30 SMs -> 4
[56.314073] End    layer3: 1637 -> 5195 + 3813 = 9008 (8762)
[56.314078] 
[56.314092] 
[56.314101] Start  layer4: 20 SMs -> 8
[56.328188] End    layer4: 2471 -> 14083 + 4118 = 18201 (14420)
[56.328193] 
[56.328201] 
[56.328209] Start  layerX: 40 SMs -> 15
[56.330127] End    layerX: 54 -> 1913 + 2552 = 4465 (372)
[56.330132] 
[56.330144] Reserved: 12530us
[56.342739] 
[56.342752] Start  layer0: 30 SMs -> 4
[56.343928] End    layer0: 321 -> 1173 + 787 = 1960 (2036)
[56.343933] 
[56.343936] 
[56.343945] Start  layer1: 30 SMs -> 3
[56.349254] End    layer1: 1144 -> 5305 + 2162 = 7467 (6701)
[56.349260] 
[56.349292] 
[56.349304] Start  layer2: 30 SMs -> 8
[56.357644] End    layer2: 1382 -> 8336 + 1479 = 9815 (7707)
[56.357650] 
[56.357667] 
[56.357677] Start  layer3: 40 SMs -> 16
[56.371759] End    layer3: 1272 -> 14077 + -3870 = 10205 (8762)
[56.371764] 
[56.371770] 
[56.371779] Start  layer4: 40 SMs -> 14
[56.391458] End    layer4: 2093 -> 19675 + -9151 = 10523 (14420)
[56.391464] 
[56.391471] 
[56.391479] Start  layerX: 40 SMs -> 14
[56.393288] End    layerX: 54 -> 1806 + -10609 = -8804 (372)
[56.393293] 
[56.393302] Delayed : 628us
[56.393309] 
[56.393317] Start  layer0: 20 SMs -> 5
[56.394788] End    layer0: 370 -> 1467 + -72 = 1394 (2036)
[56.394793] 
[56.394797] 
[56.394805] Start  layer1: 40 SMs -> 11
[56.407573] End    layer1: 972 -> 12763 + -6155 = 6607 (6701)
[56.407579] 
[56.407584] 
[56.407593] Start  layer2: 20 SMs -> 7
[56.416545] End    layer2: 1513 -> 8948 + -7421 = 1526 (7707)
[56.416551] 
[56.416557] 
[56.416566] Start  layer3: 30 SMs -> 8
[56.423284] End    layer3: 1637 -> 6714 + -5397 = 1315 (8762)
[56.423291] 
[56.423300] 
[56.423309] Start  layer4: 40 SMs -> 16
[56.440061] End    layer4: 2093 -> 16748 + -7754 = 8993 (14420)
[56.440067] 
[56.440073] 
[56.440082] Start  layerX: 40 SMs -> 11
[56.442703] End    layerX: 54 -> 2617 + -10023 = -7406 (372)
[56.442708] 
[56.442728] Delayed : 54us
[56.442735] 
[56.442743] Start  layer0: 30 SMs -> 9
[56.444005] End    layer0: 321 -> 1257 + 711 = 1968 (2036)
[56.444012] 
[56.444018] 
[56.444028] Start  layer1: 40 SMs -> 13
[56.459571] End    layer1: 972 -> 15537 + -8152 = 7384 (6701)
[56.459578] 
[56.459587] 
[56.459600] Start  layer2: 30 SMs -> 8
[56.465972] End    layer2: 1382 -> 6368 + -6847 = -479 (7707)
[56.465978] 
[56.465983] 
[56.465992] Start  layer3: 30 SMs -> 7
[56.474789] End    layer3: 1637 -> 8793 + -6902 = 1890 (8762)
[56.474794] 
[56.474803] 
[56.474811] Start  layer4: 40 SMs -> 15
[56.495025] End    layer4: 2093 -> 20213 + -12721 = 7490 (14420)
[56.495029] 
[56.495032] 
[56.495038] Start  layerX: 40 SMs -> 14
[56.495876] End    layerX: 54 -> 835 + -13200 = -12364 (372)
[56.495879] 
[56.495884] Delayed : 3210us
[56.495887] 
[56.495892] Start  layer0: 20 SMs -> 11
[56.498915] End    layer0: 370 -> 3021 + -4203 = -1182 (2036)
[56.498918] 
[56.498920] 
[56.498925] Start  layer1: 20 SMs -> 10
[56.505985] End    layer1: 1276 -> 7056 + -4570 = 2485 (6701)
[56.505989] 
[56.505993] 
[56.505999] Start  layer2: 10 SMs -> 9
[56.516900] End    layer2: 2163 -> 10896 + -7777 = 3118 (7707)
[56.516906] 
[56.516920] 
[56.516928] Start  layer3: 40 SMs -> 14
[56.531660] End    layer3: 1272 -> 14730 + -13776 = 954 (8762)
[56.531675] 
[56.531684] 
[56.531689] Start  layer4: 40 SMs -> 13
[56.548612] End    layer4: 2093 -> 16916 + -16303 = 612 (14420)
[56.548619] 
[56.548628] 
[56.548640] Start  layerX: 10 SMs -> 6
[56.549792] End    layerX: 87 -> 1148 + -17112 = -15963 (372)
[56.549797] 
[56.549806] Delayed : 7131us
[56.549812] 
[56.549820] Start  layer0: 40 SMs -> 13
[56.551685] End    layer0: 295 -> 1861 + -6969 = -5108 (2036)
[56.551691] 
[56.551694] 
[56.551703] Start  layer1: 30 SMs -> 8
[56.558304] End    layer1: 1144 -> 6598 + -6887 = -290 (6701)
[56.558310] 
[56.558315] 
[56.558324] Start  layer2: 40 SMs -> 14
[56.566550] End    layer2: 1118 -> 8221 + -7426 = 795 (7707)
[56.566556] 
[56.566560] 
[56.566570] Start  layer3: 40 SMs -> 12
[56.580324] End    layer3: 1272 -> 13750 + -12437 = 1312 (8762)
[56.580330] 
[56.580335] 
[56.580344] Start  layer4: 30 SMs -> 8
[56.591010] End    layer4: 2330 -> 10660 + -8701 = 1958 (14420)
[56.591017] 
[56.591025] 
[56.591036] Start  layerX: 10 SMs -> 2
[56.591218] End    layerX: 87 -> 178 + -8538 = -8359 (372)
[56.591224] 
[56.591234] Reserved: 1439us
