[52.030154] layer0:
[52.044141] 	10	345us, 592us
[52.054919] 	20	235us, 433us
[52.064216] 	30	204us, 323us
[52.072868] 	40	185us, 292us
[52.072881] Params: 0.60	0.36	0.46

[52.072886] layer1:
[52.110648] 	10	1118us, 1978us
[52.135443] 	20	791us, 1287us
[52.157737] 	30	689us, 1131us
[52.178544] 	40	679us, 982us
[52.178557] Params: 0.62	0.25	0.42

[52.178563] layer2:
[52.221344] 	10	1336us, 2167us
[52.250011] 	20	983us, 1491us
[52.277081] 	30	933us, 1389us
[52.300545] 	40	793us, 1158us
[52.300558] Params: 0.66	0.33	0.40

[52.300564] layer3:
[52.346805] 	10	1403us, 2432us
[52.378770] 	20	969us, 1821us
[52.408886] 	30	933us, 1663us
[52.434913] 	40	890us, 1313us
[52.434926] Params: 0.59	0.22	0.44

[52.434933] layer4:
[52.505356] 	10	2390us, 3562us
[52.550468] 	20	1569us, 2515us
[52.592722] 	30	1523us, 2297us
[52.632271] 	40	1420us, 2129us
[52.632284] Params: 0.66	0.27	0.28

[52.632290] layerX:
[52.637604] 	10	44us, 76us
[52.642644] 	20	40us, 70us
[52.647843] 	30	40us, 61us
[52.653018] 	40	40us, 55us
[52.653030] Params: 0.63	0.04	0.24

