[55.494573] 
[55.494587] Start  layer0: 10 SMs -> 11
[55.501073] End    layer0: 592 -> 6485 + -4530 = 1954 (1967)
[55.501076] 
[55.501078] 
[55.501082] Start  layer1: 20 SMs -> 9
[55.510516] End    layer1: 1286 -> 9432 + -7346 = 2085 (6626)
[55.510520] 
[55.510526] 
[55.510530] Start  layer2: 40 SMs -> 13
[55.517948] End    layer2: 1158 -> 7415 + -6963 = 451 (7815)
[55.517951] 
[55.517958] 
[55.517963] Start  layer3: 40 SMs -> 13
[55.535486] End    layer3: 1312 -> 17516 + -15638 = 1877 (8857)
[55.535491] 
[55.535506] 
[55.535524] Start  layer4: 10 SMs -> 7
[55.550466] End    layer4: 3561 -> 14941 + -16260 = -1319 (14362)
[55.550469] 
[55.550472] 
[55.550476] Start  layerX: 10 SMs -> 9
[55.551660] End    layerX: 75 -> 1181 + -17084 = -15903 (369)
[55.551662] 
[55.551675] Delayed : 7102us
[55.551679] 
[55.551683] Start  layer0: 10 SMs -> 8
[55.553665] End    layer0: 592 -> 1979 + -7122 = -5143 (1967)
[55.553667] 
[55.553669] 
[55.553674] Start  layer1: 30 SMs -> 8
[55.558865] End    layer1: 1131 -> 5188 + -5694 = -506 (6626)
[55.558868] 
[55.558872] 
[55.558878] Start  layer2: 30 SMs -> 6
[55.564078] End    layer2: 1389 -> 5197 + -3093 = 2104 (7815)
[55.564080] 
[55.564083] 
[55.564088] Start  layer3: 20 SMs -> 7
[55.570537] End    layer3: 1821 -> 6441 + -688 = 5752 (8857)
[55.570544] 
[55.570551] 
[55.570559] Start  layer4: 20 SMs -> 6
[55.581643] End    layer4: 2515 -> 11083 + 2562 = 13645 (14362)
[55.581646] 
[55.581649] 
[55.581654] Start  layerX: 10 SMs -> 5
[55.582539] End    layerX: 75 -> 881 + 2037 = 2919 (369)
[55.582543] 
[55.582565] Reserved: 12008us
[55.594639] 
[55.594652] Start  layer0: 40 SMs -> 15
[55.596828] End    layer0: 291 -> 2173 + -282 = 1890 (1967)
[55.596834] 
[55.596837] 
[55.596846] Start  layer1: 20 SMs -> 8
[55.606133] End    layer1: 1286 -> 9283 + -2960 = 6322 (6626)
[55.606139] 
[55.606168] 
[55.606179] Start  layer2: 40 SMs -> 15
[55.623577] End    layer2: 1158 -> 17395 + -12589 = 4805 (7815)
[55.623583] 
[55.623589] 
[55.623598] Start  layer3: 20 SMs -> 6
[55.632002] End    layer3: 1821 -> 8403 + -12159 = -3756 (8857)
[55.632005] 
[55.632009] 
[55.632013] Start  layer4: 10 SMs -> 5
[55.639422] End    layer4: 3561 -> 7403 + -5213 = 2189 (14362)
[55.639428] 
[55.639435] 
[55.639444] Start  layerX: 40 SMs -> 14
[55.640077] End    layerX: 54 -> 630 + -5499 = -4869 (369)
[55.640081] 
[55.640091] Reserved: 4482us
[55.644633] 
[55.644651] Start  layer0: 20 SMs -> 7
[55.646662] End    layer0: 433 -> 2007 + -116 = 1890 (1967)
[55.646667] 
[55.646670] 
[55.646679] Start  layer1: 20 SMs -> 7
[55.654009] End    layer1: 1286 -> 7325 + -835 = 6489 (6626)
[55.654014] 
[55.654020] 
[55.654029] Start  layer2: 10 SMs -> 7
[55.662564] End    layer2: 2166 -> 8530 + -1575 = 6953 (7815)
[55.662569] 
[55.662574] 
[55.662583] Start  layer3: 10 SMs -> 5
[55.669592] End    layer3: 2431 -> 7005 + 253 = 7258 (8857)
[55.669598] 
[55.669602] 
[55.669611] Start  layer4: 10 SMs -> 6
[55.679195] End    layer4: 3561 -> 9579 + 5014 = 14592 (14362)
[55.679200] 
[55.679206] 
[55.679215] Start  layerX: 10 SMs -> 5
[55.679653] End    layerX: 75 -> 434 + 4924 = 5359 (369)
[55.679657] 
[55.679664] Reserved: 14908us
[55.694640] 
[55.694654] Start  layer0: 30 SMs -> 11
[55.696896] End    layer0: 323 -> 2239 + -350 = 1888 (1967)
[55.696902] 
[55.696905] 
[55.696914] Start  layer1: 30 SMs -> 8
[55.705253] End    layer1: 1131 -> 8332 + -2077 = 6254 (6626)
[55.705260] 
[55.705276] 
[55.705285] Start  layer2: 30 SMs -> 10
[55.712964] End    layer2: 1389 -> 7674 + -1975 = 5698 (7815)
[55.712970] 
[55.712975] 
[55.712985] Start  layer3: 30 SMs -> 8
[55.721233] End    layer3: 1663 -> 8243 + -1386 = 6856 (8857)
[55.721238] 
[55.721245] 
[55.721253] Start  layer4: 30 SMs -> 8
[55.733250] End    layer4: 2297 -> 11992 + 959 = 12951 (14362)
[55.733255] 
[55.733261] 
[55.733269] Start  layerX: 20 SMs -> 8
[55.734360] End    layerX: 69 -> 1087 + 218 = 1305 (369)
[55.734365] 
[55.734393] Reserved: 10180us
[55.744639] 
[55.744654] Start  layer0: 30 SMs -> 8
[55.747697] End    layer0: 323 -> 3040 + -1151 = 1888 (1967)
[55.747703] 
[55.747706] 
[55.747715] Start  layer1: 10 SMs -> 4
[55.752884] End    layer1: 1977 -> 5164 + 289 = 5453 (6626)
[55.752889] 
[55.752897] 
[55.752907] Start  layer2: 10 SMs -> 4
[55.759152] End    layer2: 2166 -> 6239 + 1837 = 8076 (7815)
[55.759159] 
[55.759166] 
[55.759177] Start  layer3: 10 SMs -> 4
[55.765352] End    layer3: 2431 -> 6169 + 4496 = 10664 (8857)
[55.765359] 
[55.765367] 
[55.765376] Start  layer4: 10 SMs -> 4
[55.772694] End    layer4: 3561 -> 7312 + 11516 = 18828 (14362)
[55.772701] 
[55.772718] 
[55.772730] Start  layerX: 10 SMs -> 4
[55.773555] End    layerX: 75 -> 823 + 11023 = 11846 (369)
[55.773561] 
[55.773572] Reserved: 21000us
[55.794635] 
[55.794652] Start  layer0: 20 SMs -> 9
[55.797624] End    layer0: 433 -> 2970 + -1078 = 1890 (1967)
[55.797630] 
[55.797633] 
[55.797642] Start  layer1: 20 SMs -> 8
[55.804515] End    layer1: 1286 -> 6867 + -1340 = 5526 (6626)
[55.804523] 
[55.804528] 
[55.804538] Start  layer2: 40 SMs -> 11
[55.819662] End    layer2: 1158 -> 15119 + -8673 = 6445 (7815)
[55.819668] 
[55.819674] 
[55.819682] Start  layer3: 10 SMs -> 5
[55.827969] End    layer3: 2431 -> 8280 + -8120 = 159 (8857)
[55.827976] 
[55.827984] 
[55.827995] Start  layer4: 10 SMs -> 7
[55.840436] End    layer4: 3561 -> 12436 + -6225 = 6210 (14362)
[55.840443] 
[55.840451] 
[55.840462] Start  layerX: 40 SMs -> 13
[55.842511] End    layerX: 54 -> 2045 + -7931 = -5886 (369)
[55.842517] 
[55.842552] Reserved: 2021us
[55.844639] 
[55.844653] Start  layer0: 10 SMs -> 9
[55.847294] End    layer0: 592 -> 2638 + -747 = 1889 (1967)
[55.847299] 
[55.847302] 
[55.847311] Start  layer1: 40 SMs -> 14
[55.862529] End    layer1: 982 -> 15213 + -9355 = 5857 (6626)
[55.862535] 
[55.862596] 
[55.862609] Start  layer2: 40 SMs -> 13
[55.875541] End    layer2: 1158 -> 12929 + -14552 = -1624 (7815)
[55.875546] 
[55.875555] 
[55.875564] Start  layer3: 30 SMs -> 9
[55.885466] End    layer3: 1663 -> 9897 + -15619 = -5722 (8857)
[55.885472] 
[55.885476] 
[55.885486] Start  layer4: 40 SMs -> 9
[55.899929] End    layer4: 2128 -> 14438 + -15719 = -1281 (14362)
[55.899936] 
[55.899946] 
[55.899956] Start  layerX: 30 SMs -> 9
[55.900594] End    layerX: 61 -> 634 + -16015 = -15381 (369)
[55.900599] 
[55.900608] Delayed : 6035us
[55.900615] 
[55.900622] Start  layer0: 30 SMs -> 9
[55.902116] End    layer0: 323 -> 1489 + -5569 = -4080 (1967)
[55.902121] 
[55.902125] 
[55.902133] Start  layer1: 30 SMs -> 11
[55.911555] End    layer1: 1131 -> 9416 + -8380 = 1035 (6626)
[55.911563] 
[55.911570] 
[55.911578] Start  layer2: 10 SMs -> 6
[55.920411] End    layer2: 2166 -> 8828 + -9423 = -594 (7815)
[55.920417] 
[55.920422] 
[55.920431] Start  layer3: 30 SMs -> 8
[55.927963] End    layer3: 1663 -> 7526 + -8115 = -589 (8857)
[55.927970] 
[55.927983] 
[55.927996] Start  layer4: 10 SMs -> 5
[55.937232] End    layer4: 3561 -> 9232 + -3022 = 6209 (14362)
[55.937238] 
[55.937243] 
[55.937251] Start  layerX: 10 SMs -> 3
[55.938101] End    layerX: 75 -> 846 + -3522 = -2676 (369)
[55.938106] 
[55.938114] Reserved: 6459us
[55.944641] 
[55.944658] Start  layer0: 20 SMs -> 8
[55.947067] End    layer0: 433 -> 2407 + -520 = 1885 (1967)
[55.947073] 
[55.947076] 
[55.947087] Start  layer1: 10 SMs -> 4
[55.956064] End    layer1: 1977 -> 8972 + -2891 = 6080 (6626)
[55.956070] 
[55.956075] 
[55.956084] Start  layer2: 40 SMs -> 17
[55.976397] End    layer2: 1158 -> 20308 + -15408 = 4899 (7815)
[55.976403] 
[55.976408] 
[55.976419] Start  layer3: 10 SMs -> 5
[55.983926] End    layer3: 2431 -> 7503 + -14079 = -6576 (8857)
[55.983932] 
[55.983937] 
[55.983946] Start  layer4: 30 SMs -> 6
[55.992658] End    layer4: 2297 -> 8707 + -8448 = 258 (14362)
[55.992663] 
[55.992668] 
[55.992677] Start  layerX: 40 SMs -> 12
[55.993502] End    layerX: 54 -> 821 + -8923 = -8102 (369)
[55.993508] 
[55.993516] Reserved: 1056us
[55.994635] 
[55.994644] Start  layer0: 20 SMs -> 5
[55.996202] End    layer0: 433 -> 1554 + 343 = 1897 (1967)
[55.996208] 
[55.996212] 
[55.996221] Start  layer1: 40 SMs -> 24
[56.015936] End    layer1: 982 -> 19711 + -12762 = 6947 (6626)
[56.015943] 
[56.015947] 
[56.015957] Start  layer2: 20 SMs -> 7
[56.023594] End    layer2: 1490 -> 7633 + -12605 = -4973 (7815)
[56.023599] 
[56.023605] 
[56.023613] Start  layer3: 20 SMs -> 7
[56.035466] End    layer3: 1821 -> 11849 + -15620 = -3771 (8857)
[56.035472] 
[56.035480] 
[56.035489] Start  layer4: 30 SMs -> 6
[56.044125] End    layer4: 2297 -> 8631 + -9915 = -1284 (14362)
[56.044130] 
[56.044137] 
[56.044145] Start  layerX: 10 SMs -> 4
[56.044634] End    layerX: 75 -> 486 + -10056 = -9570 (369)
[56.044639] 
[56.044648] Delayed : 75us
[56.044654] 
[56.044662] Start  layer0: 20 SMs -> 7
[56.047089] End    layer0: 433 -> 2423 + -543 = 1879 (1967)
[56.047094] 
[56.047098] 
[56.047109] Start  layer1: 10 SMs -> 9
[56.057185] End    layer1: 1977 -> 10071 + -4010 = 6060 (6626)
[56.057192] 
[56.057201] 
[56.057213] Start  layer2: 20 SMs -> 9
[56.068086] End    layer2: 1490 -> 10868 + -7095 = 3771 (7815)
[56.068094] 
[56.068103] 
[56.068115] Start  layer3: 40 SMs -> 16
[56.085294] End    layer3: 1312 -> 17176 + -15448 = 1727 (8857)
[56.085300] 
[56.085306] 
[56.085315] Start  layer4: 20 SMs -> 6
[56.093959] End    layer4: 2515 -> 8640 + -9750 = -1110 (14362)
[56.093965] 
[56.093978] 
[56.093987] Start  layerX: 10 SMs -> 6
[56.095389] End    layerX: 75 -> 1397 + -10810 = -9412 (369)
[56.095394] 
[56.095415] Delayed : 842us
[56.095422] 
[56.095429] Start  layer0: 40 SMs -> 9
[56.097124] End    layer0: 291 -> 1690 + -578 = 1111 (1967)
[56.097129] 
[56.097133] 
[56.097141] Start  layer1: 20 SMs -> 7
[56.108344] End    layer1: 1286 -> 11197 + -5168 = 6027 (6626)
[56.108351] 
[56.108360] 
[56.108371] Start  layer2: 30 SMs -> 6
[56.113943] End    layer2: 1389 -> 5568 + -2954 = 2612 (7815)
[56.113948] 
[56.113972] 
[56.113984] Start  layer3: 40 SMs -> 15
[56.131863] End    layer3: 1312 -> 17876 + -12017 = 5858 (8857)
[56.131869] 
[56.131873] 
[56.131882] Start  layer4: 40 SMs -> 16
[56.148843] End    layer4: 2128 -> 16958 + -14635 = 2322 (14362)
[56.148848] 
[56.148856] 
[56.148866] Start  layerX: 10 SMs -> 6
[56.149644] End    layerX: 75 -> 772 + -15063 = -14291 (369)
[56.149651] 
[56.149667] Delayed : 5092us
[56.149675] 
[56.149685] Start  layer0: 10 SMs -> 6
[56.154483] End    layer0: 592 -> 4794 + -7937 = -3142 (1967)
[56.154489] 
[56.154492] 
[56.154501] Start  layer1: 20 SMs -> 6
[56.163849] End    layer1: 1286 -> 9342 + -10674 = -1332 (6626)
[56.163856] 
[56.163866] 
[56.163877] Start  layer2: 20 SMs -> 6
[56.170450] End    layer2: 1490 -> 6569 + -9462 = -2893 (7815)
[56.170456] 
[56.170462] 
[56.170472] Start  layer3: 30 SMs -> 8
[56.179260] End    layer3: 1663 -> 8782 + -9412 = -630 (8857)
[56.179267] 
[56.179275] 
[56.179286] Start  layer4: 30 SMs -> 8
[56.191372] End    layer4: 2297 -> 12082 + -7162 = 4919 (14362)
[56.191377] 
[56.191384] 
[56.191393] Start  layerX: 40 SMs -> 12
[56.192492] End    layerX: 54 -> 1093 + -7911 = -6818 (369)
[56.192499] 
[56.192511] Reserved: 2062us
[56.194640] 
[56.194653] Start  layer0: 40 SMs -> 21
[56.200008] End    layer0: 291 -> 5352 + -3462 = 1889 (1967)
[56.200014] 
[56.200017] 
[56.200026] Start  layer1: 30 SMs -> 9
[56.209785] End    layer1: 1131 -> 9753 + -6610 = 3141 (6626)
[56.209792] 
[56.209799] 
[56.209811] Start  layer2: 20 SMs -> 9
[56.216690] End    layer2: 1490 -> 6874 + -5700 = 1173 (7815)
[56.216698] 
[56.216718] 
[56.216731] Start  layer3: 40 SMs -> 15
[56.233198] End    layer3: 1312 -> 16461 + -13350 = 3111 (8857)
[56.233206] 
[56.233214] 
[56.233226] Start  layer4: 40 SMs -> 14
[56.249182] End    layer4: 2128 -> 15953 + -14973 = 979 (14362)
[56.249188] 
[56.249193] 
[56.249202] Start  layerX: 20 SMs -> 6
[56.249894] End    layerX: 69 -> 688 + -15315 = -14627 (369)
[56.249900] 
[56.249907] Delayed : 5333us
[56.249913] 
[56.249920] Start  layer0: 10 SMs -> 5
[56.251575] End    layer0: 592 -> 1648 + -5027 = -3379 (1967)
[56.251582] 
[56.251587] 
[56.251597] Start  layer1: 40 SMs -> 17
[56.268325] End    layer1: 982 -> 16723 + -15150 = 1572 (6626)
[56.268332] 
[56.268339] 
[56.268350] Start  layer2: 40 SMs -> 16
[56.285267] End    layer2: 1158 -> 16916 + -24282 = -7365 (7815)
[56.285271] 
[56.285282] 
[56.285289] Start  layer3: 40 SMs -> 13
[56.308809] End    layer3: 1312 -> 23515 + -38962 = -15448 (8857)
[56.308814] 
[56.308842] 
[56.308854] Start  layer4: 40 SMs -> 17
[56.324943] End    layer4: 2128 -> 16084 + -40732 = -24648 (14362)
[56.324950] 
[56.324958] 
[56.324969] Start  layerX: 20 SMs -> 7
[56.325971] End    layerX: 69 -> 997 + -41390 = -40393 (369)
[56.325978] 
[56.325991] Delayed : 31417us
[56.325998] 
[56.326005] Start  layer0: 40 SMs -> 15
[56.327008] End    layer0: 291 -> 998 + -30460 = -29463 (1967)
[56.327015] 
[56.327019] 
[56.327030] Start  layer1: 40 SMs -> 15
[56.343533] End    layer1: 982 -> 16498 + -40358 = -23861 (6626)
[56.343540] 
[56.343548] 
[56.343562] Start  layer2: 20 SMs -> 5
[56.353882] End    layer2: 1490 -> 10317 + -42893 = -32576 (7815)
[56.353887] 
[56.353892] 
[56.353900] Start  layer3: 20 SMs -> 7
[56.358961] End    layer3: 1821 -> 5058 + -39117 = -34058 (8857)
[56.358965] 
[56.358980] 
[56.358987] Start  layer4: 30 SMs -> 6
[56.365377] End    layer4: 2297 -> 6384 + -31166 = -24782 (14362)
[56.365384] 
[56.365391] 
[56.365402] Start  layerX: 10 SMs -> 7
[56.366071] End    layerX: 75 -> 663 + -31489 = -30827 (369)
[56.366077] 
[56.366090] Delayed : 21515us
[56.366098] 
[56.366105] Start  layer0: 20 SMs -> 8
[56.368671] End    layer0: 433 -> 2560 + -22123 = -19563 (1967)
[56.368678] 
[56.368683] 
[56.368694] Start  layer1: 30 SMs -> 7
[56.374909] End    layer1: 1131 -> 6211 + -21734 = -15524 (6626)
[56.374916] 
[56.374927] 
[56.374936] Start  layer2: 30 SMs -> 6
[56.386539] End    layer2: 1389 -> 11598 + -25550 = -13952 (7815)
[56.386545] 
[56.386553] 
[56.386569] Start  layer3: 40 SMs -> 16
[56.402468] End    layer3: 1312 -> 15893 + -32620 = -16727 (8857)
[56.402475] 
[56.402481] 
[56.402493] Start  layer4: 30 SMs -> 10
[56.410372] End    layer4: 2297 -> 7874 + -26161 = -18288 (14362)
[56.410379] 
[56.410385] 
[56.410397] Start  layerX: 20 SMs -> 9
[56.411009] End    layerX: 69 -> 609 + -26430 = -25821 (369)
[56.411015] 
[56.411035] Delayed : 16461us
[56.411041] 
[56.411049] Start  layer0: 30 SMs -> 8
[56.413056] End    layer0: 323 -> 2002 + -16509 = -14507 (1967)
[56.413063] 
[56.413067] 
[56.413077] Start  layer1: 30 SMs -> 8
[56.419597] End    layer1: 1131 -> 6518 + -16425 = -9908 (6626)
[56.419602] 
[56.419607] 
[56.419617] Start  layer2: 30 SMs -> 6
[56.428852] End    layer2: 1389 -> 9230 + -17863 = -8633 (7815)
[56.428857] 
[56.428862] 
[56.428870] Start  layer3: 40 SMs -> 15
[56.443177] End    layer3: 1312 -> 14302 + -23330 = -9028 (8857)
[56.443183] 
[56.443188] 
[56.443196] Start  layer4: 40 SMs -> 13
[56.461992] End    layer4: 2128 -> 18791 + -27783 = -8992 (14362)
[56.461998] 
[56.462005] 
[56.462014] Start  layerX: 40 SMs -> 16
[56.463190] End    layerX: 54 -> 1172 + -28612 = -27439 (369)
[56.463196] 
[56.463217] Delayed : 18644us
[56.463224] 
[56.463232] Start  layer0: 20 SMs -> 9
[56.465769] End    layer0: 433 -> 2532 + -19223 = -16690 (1967)
[56.465775] 
[56.465778] 
[56.465788] Start  layer1: 20 SMs -> 8
[56.473834] End    layer1: 1286 -> 8042 + -20660 = -12619 (6626)
[56.473839] 
[56.473848] 
[56.473857] Start  layer2: 20 SMs -> 9
[56.483488] End    layer2: 1490 -> 9626 + -22499 = -12873 (7815)
[56.483494] 
[56.483500] 
[56.483508] Start  layer3: 20 SMs -> 8
[56.496184] End    layer3: 1821 -> 12671 + -26338 = -13666 (8857)
[56.496190] 
[56.496199] 
[56.496208] Start  layer4: 40 SMs -> 14
[56.510916] End    layer4: 2128 -> 14703 + -26706 = -12003 (14362)
[56.510921] 
[56.510927] 
[56.510937] Start  layerX: 10 SMs -> 5
[56.511737] End    layerX: 75 -> 796 + -27158 = -26362 (369)
[56.511743] 
[56.511762] Delayed : 17188us
[56.511770] 
[56.511782] Start  layer0: 10 SMs -> 5
[56.514130] End    layer0: 592 -> 2349 + -17587 = -15238 (1967)
[56.514133] 
[56.514135] 
[56.514139] Start  layer1: 30 SMs -> 6
[56.520171] End    layer1: 1131 -> 6028 + -17000 = -10972 (6626)
[56.520175] 
[56.520181] 
[56.520188] Start  layer2: 30 SMs -> 8
[56.527563] End    layer2: 1389 -> 7372 + -16578 = -9205 (7815)
[56.527567] 
[56.527571] 
[56.527577] Start  layer3: 10 SMs -> 6
[56.536995] End    layer3: 2431 -> 9416 + -17152 = -7736 (8857)
[56.537010] 
[56.537015] 
[56.537020] Start  layer4: 30 SMs -> 7
[56.548840] End    layer4: 2297 -> 11813 + -14629 = -2816 (14362)
[56.548848] 
[56.548855] 
[56.548867] Start  layerX: 10 SMs -> 9
[56.550199] End    layerX: 75 -> 1328 + -15619 = -14291 (369)
[56.550204] 
[56.550215] Delayed : 5641us
[56.550221] 
[56.550229] Start  layer0: 10 SMs -> 7
[56.552397] End    layer0: 592 -> 2161 + -5848 = -3687 (1967)
[56.552404] 
[56.552408] 
[56.552420] Start  layer1: 20 SMs -> 8
[56.560271] End    layer1: 1286 -> 7851 + -7101 = 749 (6626)
[56.560275] 
[56.560278] 
[56.560283] Start  layer2: 20 SMs -> 6
[56.566893] End    layer2: 1490 -> 6606 + -5907 = 698 (7815)
[56.566896] 
[56.566903] 
[56.566910] Start  layer3: 10 SMs -> 5
[56.575277] End    layer3: 2431 -> 8361 + -5430 = 2930 (8857)
[56.575282] 
[56.575287] 
[56.575297] Start  layer4: 10 SMs -> 5
[56.587684] End    layer4: 3561 -> 12381 + -3473 = 8907 (14362)
[56.587692] 
[56.587698] 
[56.587709] Start  layerX: 10 SMs -> 3
[56.588406] End    layerX: 75 -> 691 + -3825 = -3134 (369)
[56.588413] 
[56.588424] Reserved: 6149us
[56.594642] 
[56.594659] Start  layer0: 10 SMs -> 2
[56.595639] End    layer0: 592 -> 976 + 908 = 1884 (1967)
[56.595646] 
[56.595651] 
[56.595662] Start  layer1: 40 SMs -> 11
[56.612505] End    layer1: 982 -> 16840 + -9332 = 7507 (6626)
[56.612511] 
[56.612533] 
[56.612542] Start  layer2: 10 SMs -> 7
[56.621689] End    layer2: 2166 -> 9143 + -10701 = -1558 (7815)
[56.621695] 
[56.621707] 
[56.621716] Start  layer3: 40 SMs -> 13
[56.636288] End    layer3: 1312 -> 14568 + -16442 = -1874 (8857)
[56.636294] 
[56.636323] 
[56.636332] Start  layer4: 20 SMs -> 4
[56.641060] End    layer4: 2515 -> 4724 + -6850 = -2127 (14362)
[56.641065] 
[56.641072] 
[56.641081] Start  layerX: 20 SMs -> 2
[56.641419] End    layerX: 69 -> 333 + -6839 = -6506 (369)
[56.641425] 
[56.641463] Reserved: 3111us
[56.644638] 
[56.644654] Start  layer0: 30 SMs -> 10
[56.647306] End    layer0: 323 -> 2650 + -760 = 1889 (1967)
[56.647312] 
[56.647315] 
[56.647324] Start  layer1: 40 SMs -> 13
[56.661504] End    layer1: 982 -> 14174 + -8329 = 5844 (6626)
[56.661511] 
[56.661518] 
[56.661531] Start  layer2: 20 SMs -> 7
[56.670201] End    layer2: 1490 -> 8667 + -9213 = -546 (7815)
[56.670207] 
[56.670215] 
[56.670224] Start  layer3: 40 SMs -> 14
[56.680351] End    layer3: 1312 -> 10121 + -10503 = -382 (8857)
[56.680357] 
[56.680364] 
[56.680371] Start  layer4: 40 SMs -> 10
[56.690974] End    layer4: 2128 -> 10597 + -6764 = 3832 (14362)
[56.690979] 
[56.690984] 
[56.690993] Start  layerX: 30 SMs -> 1
[56.691101] End    layerX: 61 -> 106 + -6524 = -6418 (369)
[56.691105] 
[56.691112] Reserved: 3461us
[56.694639] 
[56.694654] Start  layer0: 40 SMs -> 9
[56.695474] End    layer0: 291 -> 815 + 1073 = 1888 (1967)
[56.695480] 
[56.695485] 
[56.695497] Start  layer1: 40 SMs -> 9
[56.702680] End    layer1: 982 -> 7179 + 493 = 7671 (6626)
[56.702685] 
[56.702690] 
[56.702699] Start  layer2: 40 SMs -> 11
[56.713184] End    layer2: 1158 -> 10481 + -2196 = 8284 (7815)
[56.713190] 
[56.713196] 
[56.713205] Start  layer3: 10 SMs -> 5
[56.721460] End    layer3: 2431 -> 8251 + -1614 = 6636 (8857)
[56.721466] 
[56.721485] 
[56.721493] Start  layer4: 10 SMs -> 5
[56.734163] End    layer4: 3561 -> 12666 + 45 = 12711 (14362)
[56.734169] 
[56.734174] 
[56.734182] Start  layerX: 10 SMs -> 2
[56.734480] End    layerX: 75 -> 295 + 97 = 391 (369)
[56.734484] 
[56.734561] Reserved: 10012us
[56.744643] 
[56.744660] Start  layer0: 30 SMs -> 7
[56.746462] End    layer0: 323 -> 1800 + 84 = 1883 (1967)
[56.746467] 
[56.746471] 
[56.746479] Start  layer1: 30 SMs -> 8
[56.753327] End    layer1: 1131 -> 6844 + -154 = 6689 (6626)
[56.753333] 
[56.753339] 
[56.753348] Start  layer2: 30 SMs -> 9
[56.760492] End    layer2: 1389 -> 7140 + 495 = 7635 (7815)
[56.760497] 
[56.760503] 
[56.760511] Start  layer3: 30 SMs -> 8
[56.771163] End    layer3: 1663 -> 10646 + -1315 = 9330 (8857)
[56.771170] 
[56.771177] 
[56.771188] Start  layer4: 20 SMs -> 6
[56.781255] End    layer4: 2515 -> 10063 + 2954 = 13017 (14362)
[56.781281] 
[56.781288] 
[56.781296] Start  layerX: 10 SMs -> 6
[56.781580] End    layerX: 75 -> 279 + 2998 = 3278 (369)
[56.781585] 
[56.781593] Reserved: 12980us
[56.794643] 
[56.794660] Start  layer0: 20 SMs -> 8
[56.797726] End    layer0: 433 -> 3062 + -1178 = 1883 (1967)
[56.797733] 
[56.797737] 
[56.797748] Start  layer1: 30 SMs -> 8
[56.803196] End    layer1: 1131 -> 5445 + -23 = 5421 (6626)
[56.803202] 
[56.803225] 
[56.803236] Start  layer2: 30 SMs -> 7
[56.811987] End    layer2: 1389 -> 8746 + -997 = 7748 (7815)
[56.811994] 
[56.812000] 
[56.812012] Start  layer3: 30 SMs -> 8
[56.821416] End    layer3: 1663 -> 9401 + -1570 = 7830 (8857)
[56.821422] 
[56.821429] 
[56.821438] Start  layer4: 20 SMs -> 7
[56.830375] End    layer4: 2515 -> 8933 + 3833 = 12766 (14362)
[56.830381] 
[56.830386] 
[56.830395] Start  layerX: 30 SMs -> 3
[56.830698] End    layerX: 61 -> 301 + 3878 = 4179 (369)
[56.830703] 
[56.830711] Reserved: 13862us
[56.844639] 
[56.844655] Start  layer0: 10 SMs -> 7
[56.847110] End    layer0: 592 -> 2453 + -564 = 1888 (1967)
[56.847116] 
[56.847119] 
[56.847128] Start  layer1: 40 SMs -> 9
[56.853663] End    layer1: 982 -> 6531 + -489 = 6040 (6626)
[56.853669] 
[56.853678] 
[56.853690] Start  layer2: 40 SMs -> 9
[56.865354] End    layer2: 1158 -> 11660 + -4365 = 7294 (7815)
[56.865359] 
[56.865364] 
[56.865372] Start  layer3: 40 SMs -> 12
[56.878704] End    layer3: 1312 -> 13328 + -8858 = 4469 (8857)
[56.878710] 
[56.878718] 
[56.878727] Start  layer4: 10 SMs -> 1
[56.882310] End    layer4: 3561 -> 3578 + 1899 = 5477 (14362)
[56.882315] 
[56.882319] 
[56.882327] Start  layerX: 40 SMs -> 1
[56.882431] End    layerX: 54 -> 101 + 2145 = 2246 (369)
[56.882434] 
[56.882442] Reserved: 12130us
[56.894634] 
[56.894645] Start  layer0: 20 SMs -> 5
[56.895933] End    layer0: 433 -> 1285 + 612 = 1897 (1967)
[56.895938] 
[56.895941] 
[56.895950] Start  layer1: 20 SMs -> 6
[56.900648] End    layer1: 1286 -> 4694 + 2524 = 7218 (6626)
[56.900654] 
[56.900661] 
[56.900669] Start  layer2: 30 SMs -> 7
[56.905935] End    layer2: 1389 -> 5262 + 5052 = 10314 (7815)
[56.905941] 
[56.905946] 
[56.905954] Start  layer3: 30 SMs -> 6
[56.912051] End    layer3: 1663 -> 6092 + 7794 = 13887 (8857)
[56.912056] 
[56.912062] 
[56.912070] Start  layer4: 40 SMs -> 12
[56.923035] End    layer4: 2128 -> 10961 + 11173 = 22134 (14362)
[56.923041] 
[56.923056] 
[56.923065] Start  layerX: 40 SMs -> 6
[56.923723] End    layerX: 54 -> 655 + 10854 = 11509 (369)
[56.923727] 
[56.923746] Reserved: 20826us
[56.944634] 
[56.944644] Start  layer0: 40 SMs -> 6
[56.945698] End    layer0: 291 -> 1050 + 847 = 1898 (1967)
[56.945703] 
[56.945706] 
[56.945714] Start  layer1: 40 SMs -> 6
[56.950954] End    layer1: 982 -> 5235 + 2218 = 7454 (6626)
[56.950959] 
[56.950965] 
[56.950973] Start  layer2: 40 SMs -> 8
[56.958399] End    layer2: 1158 -> 7421 + 2588 = 10010 (7815)
[56.958404] 
[56.958410] 
[56.958418] Start  layer3: 20 SMs -> 7
[56.966731] End    layer3: 1821 -> 8309 + 3114 = 11423 (8857)
[56.966736] 
[56.966741] 
[56.966750] Start  layer4: 20 SMs -> 5
[56.973959] End    layer4: 2515 -> 7205 + 10250 = 17454 (14362)
[56.973964] 
[56.973970] 
[56.973977] Start  layerX: 10 SMs -> 2
[56.974621] End    layerX: 75 -> 641 + 9956 = 10597 (369)
[56.974625] 
[56.974632] Reserved: 19940us
[56.994636] 
[56.994645] Start  layer0: 20 SMs -> 6
[56.996165] End    layer0: 433 -> 1516 + 380 = 1896 (1967)
[56.996170] 
[56.996173] 
[56.996181] Start  layer1: 20 SMs -> 5
[57.001332] End    layer1: 1286 -> 5146 + 1840 = 6986 (6626)
[57.001339] 
[57.001359] 
[57.001367] Start  layer2: 20 SMs -> 6
[57.005820] End    layer2: 1490 -> 4449 + 5167 = 9615 (7815)
[57.005826] 
[57.005830] 
[57.005839] Start  layer3: 20 SMs -> 5
[57.011745] End    layer3: 1821 -> 5902 + 8100 = 14002 (8857)
[57.011750] 
[57.011756] 
[57.011764] Start  layer4: 20 SMs -> 6
[57.018936] End    layer4: 2515 -> 7167 + 15272 = 22439 (14362)
[57.018942] 
[57.018946] 
[57.018955] Start  layerX: 10 SMs -> 5
[57.020168] End    layerX: 75 -> 1210 + 14409 = 15619 (369)
[57.020173] 
[57.020182] Reserved: 24391us
[57.044635] 
[57.044645] Start  layer0: 30 SMs -> 6
[57.045583] End    layer0: 323 -> 934 + 962 = 1897 (1967)
[57.045588] 
[57.045591] 
[57.045599] Start  layer1: 30 SMs -> 6
[57.049061] End    layer1: 1131 -> 3457 + 4112 = 7569 (6626)
[57.049066] 
[57.049079] 
[57.049087] Start  layer2: 10 SMs -> 3
[57.052449] End    layer2: 2166 -> 3358 + 8539 = 11896 (7815)
[57.052454] 
[57.052459] 
[57.052467] Start  layer3: 10 SMs -> 3
[57.056791] End    layer3: 2431 -> 4320 + 13054 = 17374 (8857)
[57.056797] 
[57.056803] 
[57.056811] Start  layer4: 10 SMs -> 3
[57.062220] End    layer4: 3561 -> 5405 + 21988 = 27393 (14362)
[57.062226] 
[57.062232] 
[57.062240] Start  layerX: 10 SMs -> 2
[57.063111] End    layerX: 75 -> 868 + 21466 = 22334 (369)
[57.063116] 
[57.063142] Reserved: 31431us
[57.094635] 
[57.094645] Start  layer0: 40 SMs -> 4
[57.096248] End    layer0: 291 -> 1600 + 296 = 1897 (1967)
[57.096254] 
[57.096257] 
[57.096266] Start  layer1: 20 SMs -> 5
[57.099834] End    layer1: 1286 -> 3564 + 3338 = 6902 (6626)
[57.099839] 
[57.099852] 
[57.099862] Start  layer2: 30 SMs -> 5
[57.103757] End    layer2: 1389 -> 3891 + 7230 = 11121 (7815)
[57.103763] 
[57.103768] 
[57.103776] Start  layer3: 40 SMs -> 8
[57.112315] End    layer3: 1312 -> 8534 + 7530 = 16065 (8857)
[57.112320] 
[57.112333] 
[57.112341] Start  layer4: 10 SMs -> 3
[57.117375] End    layer4: 3561 -> 5030 + 16833 = 21863 (14362)
[57.117381] 
[57.117386] 
[57.117393] Start  layerX: 10 SMs -> 1
[57.117539] End    layerX: 75 -> 143 + 17038 = 17180 (369)
[57.117543] 
[57.117552] Reserved: 27020us
[57.144635] 
[57.144643] Start  layer0: 20 SMs -> 6
[57.146116] End    layer0: 433 -> 1469 + 429 = 1898 (1967)
[57.146121] 
[57.146125] 
[57.146132] Start  layer1: 40 SMs -> 6
[57.150550] End    layer1: 982 -> 4413 + 2622 = 7036 (6626)
[57.150555] 
[57.150562] 
[57.150570] Start  layer2: 40 SMs -> 6
[57.157790] End    layer2: 1158 -> 7213 + 3200 = 10413 (7815)
[57.157796] 
[57.157804] 
[57.157815] Start  layer3: 20 SMs -> 4
[57.164307] End    layer3: 1821 -> 6488 + 5539 = 12027 (8857)
[57.164313] 
[57.164318] 
[57.164326] Start  layer4: 20 SMs -> 3
[57.168647] End    layer4: 2515 -> 4317 + 15562 = 19878 (14362)
[57.168652] 
[57.168658] 
[57.168666] Start  layerX: 40 SMs -> 2
[57.168882] End    layerX: 54 -> 213 + 15695 = 15908 (369)
[57.168886] 
[57.168901] Reserved: 25671us
[57.194638] 
[57.194648] Start  layer0: 10 SMs -> 2
[57.196057] End    layer0: 592 -> 1406 + 488 = 1894 (1967)
[57.196063] 
[57.196066] 
[57.196073] Start  layer1: 30 SMs -> 4
[57.198688] End    layer1: 1131 -> 2610 + 4485 = 7095 (6626)
[57.198693] 
[57.198711] 
[57.198719] Start  layer2: 40 SMs -> 6
[57.203101] End    layer2: 1158 -> 4376 + 7887 = 12263 (7815)
[57.203107] 
[57.203118] 
[57.203126] Start  layer3: 30 SMs -> 4
[57.206994] End    layer3: 1663 -> 3863 + 12852 = 16715 (8857)
[57.207000] 
[57.207007] 
[57.207015] Start  layer4: 10 SMs -> 2
[57.212143] End    layer4: 3561 -> 5124 + 22065 = 27189 (14362)
[57.212148] 
[57.212153] 
[57.212161] Start  layerX: 10 SMs -> 2
[57.212332] End    layerX: 75 -> 168 + 22245 = 22413 (369)
[57.212336] 
[57.212345] Reserved: 32228us
[57.244636] 
[57.244645] Start  layer0: 40 SMs -> 4
[57.245369] End    layer0: 291 -> 720 + 1176 = 1896 (1967)
[57.245374] 
[57.245377] 
[57.245393] Start  layer1: 30 SMs -> 3
[57.247593] End    layer1: 1131 -> 2196 + 5579 = 7775 (6626)
[57.247598] 
[57.247604] 
[57.247612] Start  layer2: 40 SMs -> 5
[57.251009] End    layer2: 1158 -> 3393 + 9978 = 13370 (7815)
[57.251015] 
[57.251019] 
[57.251027] Start  layer3: 40 SMs -> 4
[57.255214] End    layer3: 1312 -> 4183 + 14631 = 18814 (8857)
[57.255220] 
[57.255225] 
[57.255233] Start  layer4: 40 SMs -> 4
[57.260482] End    layer4: 2128 -> 5245 + 23726 = 28971 (14362)
[57.260487] 
[57.260494] 
[57.260503] Start  layerX: 10 SMs -> 3
[57.260846] End    layerX: 75 -> 341 + 23730 = 24071 (369)
[57.260850] 
[57.260860] Reserved: 33712us
[57.294634] 
[57.294642] Start  layer0: 30 SMs -> 3
[57.295375] End    layer0: 323 -> 728 + 1170 = 1899 (1967)
[57.295380] 
[57.295383] 
[57.295417] Start  layer1: 20 SMs -> 4
[57.297977] End    layer1: 1286 -> 2556 + 5195 = 7751 (6626)
[57.297983] 
[57.297988] 
[57.297996] Start  layer2: 20 SMs -> 3
[57.300895] End    layer2: 1490 -> 2894 + 10092 = 12986 (7815)
[57.300901] 
[57.300906] 
[57.300914] Start  layer3: 20 SMs -> 4
[57.304075] End    layer3: 1821 -> 3157 + 15770 = 18927 (8857)
[57.304081] 
[57.304085] 
[57.304094] Start  layer4: 20 SMs -> 3
[57.309057] End    layer4: 2515 -> 4959 + 25152 = 30110 (14362)
[57.309062] 
[57.309068] 
[57.309076] Start  layerX: 30 SMs -> 3
[57.309201] End    layerX: 61 -> 123 + 25375 = 25498 (369)
[57.309205] 
[57.309212] Reserved: 35360us
[57.344636] 
[57.344644] Start  layer0: 20 SMs -> 2
[57.345434] End    layer0: 433 -> 786 + 1111 = 1897 (1967)
[57.345439] 
[57.345442] 
[57.345450] Start  layer1: 40 SMs -> 3
[57.348170] End    layer1: 982 -> 2716 + 5002 = 7718 (6626)
[57.348175] 
[57.348184] 
[57.348192] Start  layer2: 40 SMs -> 4
[57.351241] End    layer2: 1158 -> 3045 + 9746 = 12791 (7815)
[57.351247] 
[57.351252] 
[57.351259] Start  layer3: 40 SMs -> 4
[57.355032] End    layer3: 1312 -> 3769 + 14813 = 18581 (8857)
[57.355038] 
[57.355044] 
[57.355052] Start  layer4: 40 SMs -> 3
[57.358675] End    layer4: 2128 -> 3618 + 25534 = 29151 (14362)
[57.358680] 
[57.358685] 
[57.358693] Start  layerX: 10 SMs -> 2
[57.358989] End    layerX: 75 -> 293 + 25587 = 25881 (369)
[57.358993] 
[57.359001] Reserved: 35572us
[57.394635] 
[57.394646] Start  layer0: 10 SMs -> 1
[57.395274] End    layer0: 592 -> 626 + 1270 = 1896 (1967)
[57.395279] 
[57.395282] 
[57.395290] Start  layer1: 20 SMs -> 2
[57.397302] End    layer1: 1286 -> 2007 + 5871 = 7878 (6626)
[57.397308] 
[57.397320] 
[57.397328] Start  layer2: 10 SMs -> 1
[57.399481] End    layer2: 2166 -> 2148 + 11507 = 13655 (7815)
[57.399486] 
[57.399491] 
[57.399499] Start  layer3: 30 SMs -> 3
[57.401883] End    layer3: 1663 -> 2379 + 17962 = 20342 (8857)
[57.401888] 
[57.401905] 
[57.401913] Start  layer4: 40 SMs -> 4
[57.405806] End    layer4: 2128 -> 3888 + 28402 = 32290 (14362)
[57.405812] 
[57.405818] 
[57.405826] Start  layerX: 40 SMs -> 2
[57.406127] End    layerX: 54 -> 298 + 28450 = 28748 (369)
[57.406131] 
[57.406181] Reserved: 38392us
[57.444634] 
[57.444643] Start  layer0: 30 SMs -> 2
[57.445098] End    layer0: 323 -> 450 + 1447 = 1898 (1967)
[57.445102] 
[57.445106] 
[57.445113] Start  layer1: 20 SMs -> 3
[57.446936] End    layer1: 1286 -> 1819 + 6236 = 8054 (6626)
[57.446942] 
[57.446947] 
[57.446955] Start  layer2: 20 SMs -> 2
[57.449024] End    layer2: 1490 -> 2065 + 11963 = 14028 (7815)
[57.449030] 
[57.449036] 
[57.449044] Start  layer3: 20 SMs -> 2
[57.451433] End    layer3: 1821 -> 2384 + 18413 = 20797 (8857)
[57.451438] 
[57.451444] 
[57.451452] Start  layer4: 20 SMs -> 2
[57.454753] End    layer4: 2515 -> 3296 + 29455 = 32751 (14362)
[57.454758] 
[57.454765] 
[57.454782] Start  layerX: 10 SMs -> 1
[57.454902] End    layerX: 75 -> 117 + 29675 = 29792 (369)
[57.454906] 
[57.454914] Reserved: 39659us
[57.494635] 
[57.494645] Start  layer0: 40 SMs -> 2
[57.495073] End    layer0: 291 -> 424 + 1472 = 1896 (1967)
[57.495078] 
[57.495081] 
[57.495089] Start  layer1: 30 SMs -> 3
[57.496775] End    layer1: 1131 -> 1682 + 6397 = 8079 (6626)
[57.496781] 
[57.496786] 
[57.496794] Start  layer2: 30 SMs -> 2
[57.498861] End    layer2: 1389 -> 2062 + 12126 = 14189 (7815)
[57.498866] 
[57.498886] 
[57.498894] Start  layer3: 30 SMs -> 2
[57.501231] End    layer3: 1663 -> 2333 + 18614 = 20947 (8857)
[57.501236] 
[57.501241] 
[57.501249] Start  layer4: 30 SMs -> 2
[57.504067] End    layer4: 2297 -> 2813 + 30142 = 32954 (14362)
[57.504072] 
[57.504078] 
[57.504086] Start  layerX: 40 SMs -> 3
[57.504246] End    layerX: 54 -> 157 + 30331 = 30488 (369)
[57.504250] 
[57.504259] Reserved: 40313us
[57.544632] 
[57.544643] Start  layer0: 30 SMs -> 1
[57.544939] End    layer0: 323 -> 295 + 1603 = 1899 (1967)
[57.544942] 
[57.544944] 
[57.544949] Start  layer1: 30 SMs -> 1
[57.545882] End    layer1: 1131 -> 931 + 7287 = 8218 (6626)
[57.545886] 
[57.545889] 
[57.545894] Start  layer2: 30 SMs -> 1
[57.547002] End    layer2: 1389 -> 1106 + 13982 = 15088 (7815)
[57.547004] 
[57.547006] 
[57.547011] Start  layer3: 30 SMs -> 1
[57.548137] End    layer3: 1663 -> 1124 + 21705 = 22829 (8857)
[57.548139] 
[57.548142] 
[57.548146] Start  layer4: 30 SMs -> 1
[57.549975] End    layer4: 2297 -> 1827 + 34229 = 36056 (14362)
[57.549978] 
[57.549982] 
[57.549986] Start  layerX: 30 SMs -> 1
[57.550059] End    layerX: 61 -> 71 + 34514 = 34586 (369)
[57.550061] 
[57.550065] Reserved: 44507us
[57.594630] 
[57.594636] Start  layer0: 40 SMs -> 1
[57.594888] End    layer0: 291 -> 249 + 1654 = 1904 (1967)
[57.594891] 
[57.594893] 
[57.594898] Start  layer1: 40 SMs -> 1
[57.595756] End    layer1: 982 -> 855 + 7414 = 8269 (6626)
[57.595759] 
[57.595762] 
[57.595768] Start  layer2: 40 SMs -> 1
[57.596734] End    layer2: 1158 -> 965 + 14249 = 15214 (7815)
[57.596737] 
[57.596740] 
[57.596745] Start  layer3: 40 SMs -> 1
[57.597769] End    layer3: 1312 -> 1022 + 22073 = 23095 (8857)
[57.597772] 
[57.597775] 
[57.597779] Start  layer4: 40 SMs -> 1
[57.599462] End    layer4: 2128 -> 1680 + 34743 = 36423 (14362)
[57.599465] 
[57.599467] 
[57.599471] Start  layerX: 40 SMs -> 1
[57.599549] End    layerX: 54 -> 76 + 35025 = 35101 (369)
[57.599550] 
[57.599554] Reserved: 45018us
