[35.980566] layer0:
[35.994669] 	10	344us, 581us
[36.004702] 	20	236us, 373us
[36.014118] 	30	203us, 340us
[36.022883] 	40	184us, 289us
[36.022895] Params: 0.61	0.36	0.43

[36.022900] layer1:
[36.060630] 	10	1123us, 1942us
[36.085522] 	20	800us, 1296us
[36.108266] 	30	691us, 1165us
[36.128954] 	40	681us, 971us
[36.128967] Params: 0.62	0.25	0.44

[36.128972] layer2:
[36.171717] 	10	1329us, 2177us
[36.201062] 	20	982us, 1532us
[36.228196] 	30	930us, 1372us
[36.251701] 	40	793us, 1146us
[36.251713] Params: 0.66	0.33	0.42

[36.251720] layer3:
[36.296835] 	10	1407us, 2267us
[36.327542] 	20	970us, 1695us
[36.358171] 	30	928us, 1701us
[36.384809] 	40	895us, 1341us
[36.384822] Params: 0.60	0.22	0.38

[36.384828] layer4:
[36.454991] 	10	2394us, 3529us
[36.498754] 	20	1572us, 2410us
[36.540824] 	30	1511us, 2275us
[36.580688] 	40	1421us, 2123us
[36.580701] Params: 0.67	0.26	0.27

[36.580708] layerX:
[36.586174] 	10	44us, 91us
[36.591564] 	20	41us, 73us
[36.596741] 	30	40us, 65us
[36.601868] 	40	39us, 53us
[36.601881] Params: 0.60	0.05	0.39

