[55.493410] 
[55.493429] Start  layer0: 10 SMs -> 3
[55.499729] End    layer0: 581 -> 6300 + -4365 = 1934 (1953)
[55.499732] 
[55.499734] 
[55.499738] Start  layer1: 10 SMs -> 8
[55.508001] End    layer1: 1942 -> 8261 + -6079 = 2181 (6558)
[55.508004] 
[55.508007] 
[55.508012] Start  layer2: 10 SMs -> 4
[55.512999] End    layer2: 2176 -> 4984 + -3339 = 1644 (7737)
[55.513002] 
[55.513005] 
[55.513009] Start  layer3: 10 SMs -> 5
[55.520269] End    layer3: 2267 -> 7258 + -1556 = 5700 (9052)
[55.520272] 
[55.520277] 
[55.520281] Start  layer4: 10 SMs -> 5
[55.534173] End    layer4: 3528 -> 13889 + -1122 = 12767 (14339)
[55.534176] 
[55.534253] 
[55.534260] Start  layerX: 10 SMs -> 6
[55.535502] End    layerX: 90 -> 1241 + -2092 = -851 (358)
[55.535504] 
[55.535516] Reserved: 7890us
[55.543467] 
[55.543474] Start  layer0: 40 SMs -> 10
[55.547957] End    layer0: 289 -> 4479 + -2591 = 1887 (1953)
[55.547963] 
[55.547966] 
[55.547975] Start  layer1: 40 SMs -> 12
[55.561130] End    layer1: 971 -> 13150 + -9204 = 3945 (6558)
[55.561136] 
[55.561142] 
[55.561154] Start  layer2: 30 SMs -> 8
[55.571259] End    layer2: 1371 -> 10101 + -11596 = -1495 (7737)
[55.571265] 
[55.571274] 
[55.571283] Start  layer3: 10 SMs -> 7
[55.583831] End    layer3: 2267 -> 12542 + -15113 = -2571 (9052)
[55.583838] 
[55.583847] 
[55.583858] Start  layer4: 30 SMs -> 7
[55.591501] End    layer4: 2274 -> 7639 + -8446 = -807 (14339)
[55.591507] 
[55.591512] 
[55.591520] Start  layerX: 40 SMs -> 8
[55.592266] End    layerX: 53 -> 743 + -8853 = -8110 (358)
[55.592270] 
[55.592279] Reserved: 1128us
[55.593474] 
[55.593488] Start  layer0: 40 SMs -> 11
[55.595963] End    layer0: 289 -> 2473 + -596 = 1875 (1953)
[55.595969] 
[55.595972] 
[55.595981] Start  layer1: 30 SMs -> 7
[55.602492] End    layer1: 1164 -> 6507 + -566 = 5940 (6558)
[55.602499] 
[55.602526] 
[55.602537] Start  layer2: 40 SMs -> 14
[55.614389] End    layer2: 1145 -> 11846 + -4725 = 7121 (7737)
[55.614395] 
[55.614440] 
[55.614456] Start  layer3: 40 SMs -> 14
[55.633342] End    layer3: 1340 -> 18884 + -14626 = 4257 (9052)
[55.633348] 
[55.633354] 
[55.633363] Start  layer4: 30 SMs -> 6
[55.638915] End    layer4: 2274 -> 5548 + -5860 = -312 (14339)
[55.638921] 
[55.638950] 
[55.638960] Start  layerX: 40 SMs -> 13
[55.640049] End    layerX: 53 -> 1086 + -6636 = -5550 (358)
[55.640054] 
[55.640061] Reserved: 3346us
[55.643467] 
[55.643474] Start  layer0: 10 SMs -> 2
[55.646006] End    layer0: 581 -> 2527 + -638 = 1887 (1953)
[55.646013] 
[55.646017] 
[55.646028] Start  layer1: 30 SMs -> 12
[55.654036] End    layer1: 1164 -> 8003 + -2108 = 5893 (6558)
[55.654043] 
[55.654049] 
[55.654061] Start  layer2: 30 SMs -> 9
[55.662183] End    layer2: 1371 -> 8117 + -2518 = 5597 (7737)
[55.662190] 
[55.662225] 
[55.662234] Start  layer3: 20 SMs -> 7
[55.670429] End    layer3: 1695 -> 8189 + -1711 = 6477 (9052)
[55.670436] 
[55.670465] 
[55.670478] Start  layer4: 20 SMs -> 6
[55.680336] End    layer4: 2410 -> 9855 + 2718 = 12573 (14339)
[55.680342] 
[55.680372] 
[55.680381] Start  layerX: 10 SMs -> 5
[55.681767] End    layerX: 90 -> 1381 + 1646 = 3027 (358)
[55.681773] 
[55.681782] Reserved: 11626us
[55.693474] 
[55.693490] Start  layer0: 30 SMs -> 3
[55.694991] End    layer0: 340 -> 1498 + 376 = 1874 (1953)
[55.694997] 
[55.695001] 
[55.695011] Start  layer1: 40 SMs -> 12
[55.709325] End    layer1: 971 -> 14310 + -7399 = 6910 (6558)
[55.709331] 
[55.709339] 
[55.709348] Start  layer2: 40 SMs -> 16
[55.724320] End    layer2: 1145 -> 14968 + -14657 = 310 (7737)
[55.724326] 
[55.724331] 
[55.724340] Start  layer3: 40 SMs -> 16
[55.741149] End    layer3: 1340 -> 16804 + -22433 = -5629 (9052)
[55.741156] 
[55.741163] 
[55.741174] Start  layer4: 30 SMs -> 4
[55.750079] End    layer4: 2274 -> 8901 + -17023 = -8123 (14339)
[55.750084] 
[55.750089] 
[55.750098] Start  layerX: 20 SMs -> 9
[55.750873] End    layerX: 73 -> 769 + -17458 = -16689 (358)
[55.750880] 
[55.750934] Delayed : 7525us
[55.750943] 
[55.750953] Start  layer0: 10 SMs -> 5
[55.752860] End    layer0: 581 -> 1904 + -7494 = -5590 (1953)
[55.752866] 
[55.752869] 
[55.752905] Start  layer1: 40 SMs -> 13
[55.761027] End    layer1: 971 -> 8121 + -9104 = -983 (6558)
[55.761029] 
[55.761033] 
[55.761038] Start  layer2: 30 SMs -> 9
[55.769959] End    layer2: 1371 -> 8918 + -10299 = -1381 (7737)
[55.769962] 
[55.769964] 
[55.769969] Start  layer3: 30 SMs -> 9
[55.778253] End    layer3: 1695 -> 8282 + -9541 = -1259 (9052)
[55.778257] 
[55.778260] 
[55.778265] Start  layer4: 20 SMs -> 7
[55.787516] End    layer4: 2410 -> 9248 + -4464 = 4783 (14339)
[55.787519] 
[55.787529] 
[55.787534] Start  layerX: 10 SMs -> 4
[55.787684] End    layerX: 90 -> 149 + -4275 = -4126 (358)
[55.787686] 
[55.787693] Reserved: 5714us
[55.793466] 
[55.793474] Start  layer0: 10 SMs -> 7
[55.796392] End    layer0: 581 -> 2916 + -1028 = 1887 (1953)
[55.796395] 
[55.796396] 
[55.796401] Start  layer1: 40 SMs -> 12
[55.807076] End    layer1: 971 -> 10667 + -5148 = 5518 (6558)
[55.807083] 
[55.807105] 
[55.807118] Start  layer2: 40 SMs -> 16
[55.821804] End    layer2: 1145 -> 14682 + -12141 = 2541 (7737)
[55.821810] 
[55.821815] 
[55.821824] Start  layer3: 20 SMs -> 7
[55.830209] End    layer3: 1695 -> 8380 + -11493 = -3112 (9052)
[55.830215] 
[55.830220] 
[55.830229] Start  layer4: 20 SMs -> 6
[55.841428] End    layer4: 2410 -> 11195 + -8373 = 2820 (14339)
[55.841434] 
[55.841438] 
[55.841447] Start  layerX: 40 SMs -> 15
[55.842596] End    layerX: 53 -> 1144 + -9181 = -8037 (358)
[55.842603] 
[55.842617] Reserved: 791us
[55.843475] 
[55.843490] Start  layer0: 40 SMs -> 11
[55.847624] End    layer0: 289 -> 4135 + -2260 = 1873 (1953)
[55.847627] 
[55.847629] 
[55.847634] Start  layer1: 30 SMs -> 7
[55.853736] End    layer1: 1164 -> 6099 + -1812 = 4286 (6558)
[55.853739] 
[55.853752] 
[55.853759] Start  layer2: 40 SMs -> 14
[55.869224] End    layer2: 1145 -> 15462 + -9563 = 5898 (7737)
[55.869227] 
[55.869232] 
[55.869244] Start  layer3: 20 SMs -> 8
[55.875219] End    layer3: 1695 -> 5970 + -6503 = -533 (9052)
[55.875225] 
[55.875229] 
[55.875238] Start  layer4: 20 SMs -> 6
[55.884922] End    layer4: 2410 -> 9679 + -1867 = 7812 (14339)
[55.884927] 
[55.884935] 
[55.884944] Start  layerX: 20 SMs -> 7
[55.885935] End    layerX: 73 -> 987 + -2522 = -1535 (358)
[55.885940] 
[55.885950] Reserved: 7457us
[55.893473] 
[55.893487] Start  layer0: 20 SMs -> 9
[55.895670] End    layer0: 372 -> 2180 + -303 = 1876 (1953)
[55.895675] 
[55.895679] 
[55.895688] Start  layer1: 40 SMs -> 11
[55.906596] End    layer1: 971 -> 10904 + -4670 = 6233 (6558)
[55.906602] 
[55.906607] 
[55.906617] Start  layer2: 40 SMs -> 13
[55.919793] End    layer2: 1145 -> 13175 + -10134 = 3041 (7737)
[55.919796] 
[55.919802] 
[55.919813] Start  layer3: 40 SMs -> 15
[55.937400] End    layer3: 1340 -> 17587 + -18684 = -1097 (9052)
[55.937406] 
[55.937412] 
[55.937421] Start  layer4: 30 SMs -> 7
[55.946214] End    layer4: 2274 -> 8787 + -13157 = -4371 (14339)
[55.946222] 
[55.946228] 
[55.946239] Start  layerX: 10 SMs -> 6
[55.947038] End    layerX: 90 -> 796 + -13625 = -12829 (358)
[55.947044] 
[55.947069] Delayed : 3660us
[55.947077] 
[55.947100] Start  layer0: 40 SMs -> 17
[55.951735] End    layer0: 289 -> 4632 + -6369 = -1736 (1953)
[55.951741] 
[55.951744] 
[55.951754] Start  layer1: 20 SMs -> 7
[55.959612] End    layer1: 1296 -> 7856 + -7689 = 166 (6558)
[55.959616] 
[55.959621] 
[55.959628] Start  layer2: 20 SMs -> 6
[55.965185] End    layer2: 1531 -> 5555 + -5526 = 29 (7737)
[55.965188] 
[55.965190] 
[55.965195] Start  layer3: 40 SMs -> 17
[55.981406] End    layer3: 1340 -> 16203 + -12688 = 3514 (9052)
[55.981413] 
[55.981423] 
[55.981436] Start  layer4: 40 SMs -> 14
[56.000117] End    layer4: 2123 -> 18680 + -17065 = 1615 (14339)
[56.000123] 
[56.000125] 
[56.000130] Start  layerX: 10 SMs -> 6
[56.001382] End    layerX: 90 -> 1247 + -17969 = -16722 (358)
[56.001388] 
[56.001400] Delayed : 7992us
[56.001406] 
[56.001415] Start  layer0: 20 SMs -> 7
[56.003301] End    layer0: 372 -> 1884 + -7937 = -6053 (1953)
[56.003304] 
[56.003305] 
[56.003311] Start  layer1: 20 SMs -> 8
[56.008042] End    layer1: 1296 -> 4728 + -6118 = -1391 (6558)
[56.008045] 
[56.008069] 
[56.008074] Start  layer2: 20 SMs -> 6
[56.014415] End    layer2: 1531 -> 6339 + -4756 = 1582 (7737)
[56.014418] 
[56.014422] 
[56.014427] Start  layer3: 10 SMs -> 5
[56.020274] End    layer3: 2267 -> 5844 + -1561 = 4282 (9052)
[56.020277] 
[56.020292] 
[56.020297] Start  layer4: 30 SMs -> 10
[56.029020] End    layer4: 2274 -> 8717 + 4034 = 12751 (14339)
[56.029025] 
[56.029032] 
[56.029041] Start  layerX: 30 SMs -> 7
[56.030626] End    layerX: 64 -> 1581 + 2786 = 4368 (358)
[56.030631] 
[56.030655] Reserved: 12752us
[56.043466] 
[56.043474] Start  layer0: 30 SMs -> 7
[56.044985] End    layer0: 340 -> 1506 + 381 = 1887 (1953)
[56.044990] 
[56.044994] 
[56.045003] Start  layer1: 10 SMs -> 8
[56.054797] End    layer1: 1942 -> 9788 + -2869 = 6918 (6558)
[56.054804] 
[56.054813] 
[56.054823] Start  layer2: 10 SMs -> 7
[56.064459] End    layer2: 2176 -> 9632 + -4796 = 4835 (7737)
[56.064465] 
[56.064470] 
[56.064482] Start  layer3: 40 SMs -> 14
[56.080714] End    layer3: 1340 -> 16227 + -11996 = 4230 (9052)
[56.080721] 
[56.080728] 
[56.080737] Start  layer4: 30 SMs -> 7
[56.089521] End    layer4: 2274 -> 8779 + -6466 = 2312 (14339)
[56.089526] 
[56.089531] 
[56.089541] Start  layerX: 10 SMs -> 5
[56.090463] End    layerX: 90 -> 919 + -7050 = -6131 (358)
[56.090467] 
[56.090475] Reserved: 2932us
[56.093468] 
[56.093476] Start  layer0: 10 SMs -> 4
[56.097783] End    layer0: 581 -> 4302 + -2415 = 1886 (1953)
[56.097789] 
[56.097792] 
[56.097800] Start  layer1: 40 SMs -> 11
[56.111898] End    layer1: 971 -> 14094 + -9972 = 4121 (6558)
[56.111903] 
[56.111942] 
[56.111952] Start  layer2: 40 SMs -> 14
[56.124634] End    layer2: 1145 -> 12675 + -14969 = -2293 (7737)
[56.124641] 
[56.124668] 
[56.124677] Start  layer3: 40 SMs -> 15
[56.141015] End    layer3: 1340 -> 16334 + -22299 = -5965 (9052)
[56.141021] 
[56.141027] 
[56.141035] Start  layer4: 30 SMs -> 5
[56.148426] End    layer4: 2274 -> 7386 + -15371 = -7985 (14339)
[56.148431] 
[56.148436] 
[56.148446] Start  layerX: 40 SMs -> 15
[56.150767] End    layerX: 53 -> 2315 + -17352 = -15036 (358)
[56.150774] 
[56.150807] Delayed : 7398us
[56.150814] 
[56.150822] Start  layer0: 10 SMs -> 8
[56.153684] End    layer0: 581 -> 2856 + -8315 = -5460 (1953)
[56.153691] 
[56.153695] 
[56.153706] Start  layer1: 10 SMs -> 10
[56.164098] End    layer1: 1942 -> 10389 + -12172 = -1783 (6558)
[56.164104] 
[56.164111] 
[56.164120] Start  layer2: 20 SMs -> 7
[56.171374] End    layer2: 1531 -> 7249 + -11711 = -4462 (7737)
[56.171380] 
[56.171385] 
[56.171393] Start  layer3: 30 SMs -> 8
[56.182364] End    layer3: 1695 -> 10966 + -13648 = -2682 (9052)
[56.182370] 
[56.182376] 
[56.182385] Start  layer4: 40 SMs -> 14
[56.203280] End    layer4: 2123 -> 20890 + -20224 = 665 (14339)
[56.203287] 
[56.203294] 
[56.203303] Start  layerX: 40 SMs -> 13
[56.205263] End    layerX: 53 -> 1956 + -21849 = -19893 (358)
[56.205269] 
[56.205279] Delayed : 11871us
[56.205285] 
[56.205294] Start  layer0: 20 SMs -> 9
[56.207732] End    layer0: 372 -> 2433 + -12364 = -9931 (1953)
[56.207737] 
[56.207741] 
[56.207749] Start  layer1: 30 SMs -> 8
[56.215338] End    layer1: 1164 -> 7584 + -13412 = -5827 (6558)
[56.215343] 
[56.215357] 
[56.215365] Start  layer2: 40 SMs -> 15
[56.232402] End    layer2: 1145 -> 17033 + -22739 = -5706 (7737)
[56.232409] 
[56.232416] 
[56.232428] Start  layer3: 40 SMs -> 14
[56.255660] End    layer3: 1340 -> 23229 + -36944 = -13716 (9052)
[56.255667] 
[56.255703] 
[56.255714] Start  layer4: 40 SMs -> 17
[56.275260] End    layer4: 2123 -> 19541 + -42204 = -22663 (14339)
[56.275266] 
[56.275272] 
[56.275283] Start  layerX: 10 SMs -> 7
[56.276490] End    layerX: 90 -> 1205 + -43078 = -41873 (358)
[56.276495] 
[56.276511] Delayed : 33102us
[56.276517] 
[56.276526] Start  layer0: 20 SMs -> 7
[56.278124] End    layer0: 372 -> 1596 + -32759 = -31163 (1953)
[56.278129] 
[56.278131] 
[56.278138] Start  layer1: 40 SMs -> 13
[56.295003] End    layer1: 971 -> 16860 + -43077 = -26217 (6558)
[56.295009] 
[56.295014] 
[56.295024] Start  layer2: 40 SMs -> 14
[56.318031] End    layer2: 1145 -> 23001 + -58366 = -35365 (7737)
[56.318067] 
[56.318074] 
[56.318086] Start  layer3: 30 SMs -> 7
[56.327554] End    layer3: 1695 -> 9462 + -58835 = -49373 (9052)
[56.327562] 
[56.327570] 
[56.327583] Start  layer4: 20 SMs -> 7
[56.338613] End    layer4: 2410 -> 11026 + -55557 = -44532 (14339)
[56.338620] 
[56.338626] 
[56.338635] Start  layerX: 20 SMs -> 5
[56.339047] End    layerX: 73 -> 409 + -55634 = -55225 (358)
[56.339052] 
[56.339062] Delayed : 45654us
[56.339069] 
[56.339078] Start  layer0: 40 SMs -> 15
[56.341737] End    layer0: 289 -> 2654 + -46369 = -43715 (1953)
[56.341742] 
[56.341746] 
[56.341755] Start  layer1: 40 SMs -> 16
[56.352419] End    layer1: 971 -> 10660 + -50493 = -39833 (6558)
[56.352424] 
[56.352429] 
[56.352439] Start  layer2: 40 SMs -> 14
[56.367114] End    layer2: 1145 -> 14670 + -57451 = -42780 (7737)
[56.367119] 
[56.367126] 
[56.367135] Start  layer3: 20 SMs -> 9
[56.375671] End    layer3: 1695 -> 8529 + -56953 = -48424 (9052)
[56.375678] 
[56.375685] 
[56.375694] Start  layer4: 20 SMs -> 7
[56.386127] End    layer4: 2410 -> 10429 + -53072 = -42643 (14339)
[56.386132] 
[56.386138] 
[56.386148] Start  layerX: 20 SMs -> 5
[56.386548] End    layerX: 73 -> 397 + -53136 = -52738 (358)
[56.386552] 
[56.386560] Delayed : 43152us
[56.386566] 
[56.386573] Start  layer0: 10 SMs -> 5
[56.389087] End    layer0: 581 -> 2509 + -43720 = -41211 (1953)
[56.389092] 
[56.389095] 
[56.389104] Start  layer1: 40 SMs -> 14
[56.403952] End    layer1: 971 -> 14841 + -52024 = -37183 (6558)
[56.403959] 
[56.403978] 
[56.403990] Start  layer2: 40 SMs -> 12
[56.416405] End    layer2: 1145 -> 12412 + -56742 = -44330 (7737)
[56.416411] 
[56.416418] 
[56.416427] Start  layer3: 20 SMs -> 8
[56.426412] End    layer3: 1695 -> 9980 + -57695 = -47715 (9052)
[56.426420] 
[56.426427] 
[56.426436] Start  layer4: 20 SMs -> 5
[56.436946] End    layer4: 2410 -> 10505 + -53890 = -43385 (14339)
[56.436953] 
[56.436958] 
[56.436968] Start  layerX: 20 SMs -> 6
[56.438155] End    layerX: 73 -> 1182 + -54740 = -53558 (358)
[56.438160] 
[56.438170] Delayed : 44761us
[56.438177] 
[56.438185] Start  layer0: 20 SMs -> 7
[56.442660] End    layer0: 372 -> 4470 + -47292 = -42822 (1953)
[56.442667] 
[56.442670] 
[56.442680] Start  layer1: 30 SMs -> 7
[56.450999] End    layer1: 1164 -> 8312 + -49069 = -40758 (6558)
[56.451007] 
[56.451016] 
[56.451028] Start  layer2: 10 SMs -> 8
[56.461828] End    layer2: 2176 -> 10795 + -52163 = -41369 (7737)
[56.461836] 
[56.461845] 
[56.461857] Start  layer3: 40 SMs -> 16
[56.477905] End    layer3: 1340 -> 16045 + -59189 = -43144 (9052)
[56.477911] 
[56.477928] 
[56.477937] Start  layer4: 40 SMs -> 15
[56.497386] End    layer4: 2123 -> 19444 + -64331 = -44887 (14339)
[56.497391] 
[56.497399] 
[56.497408] Start  layerX: 40 SMs -> 12
[56.498536] End    layerX: 53 -> 1122 + -65120 = -63999 (358)
[56.498543] 
[56.498569] Delayed : 55160us
[56.498578] 
[56.498589] Start  layer0: 30 SMs -> 8
[56.500832] End    layer0: 340 -> 2238 + -55464 = -53226 (1953)
[56.500839] 
[56.500844] 
[56.500855] Start  layer1: 10 SMs -> 7
[56.510812] End    layer1: 1942 -> 9948 + -58880 = -48933 (6558)
[56.510820] 
[56.510839] 
[56.510852] Start  layer2: 30 SMs -> 6
[56.516947] End    layer2: 1371 -> 6095 + -57287 = -51192 (7737)
[56.516951] 
[56.516955] 
[56.516962] Start  layer3: 30 SMs -> 6
[56.525209] End    layer3: 1695 -> 8246 + -56497 = -48251 (9052)
[56.525212] 
[56.525219] 
[56.525223] Start  layer4: 30 SMs -> 9
[56.533468] End    layer4: 2274 -> 8242 + -50416 = -42174 (14339)
[56.533471] 
[56.533479] 
[56.533484] Start  layerX: 10 SMs -> 7
[56.535138] End    layerX: 90 -> 1649 + -51725 = -50076 (358)
[56.535143] 
[56.535151] Delayed : 41743us
[56.535158] 
[56.535165] Start  layer0: 20 SMs -> 8
[56.539410] End    layer0: 372 -> 4238 + -44041 = -39803 (1953)
[56.539417] 
[56.539421] 
[56.539433] Start  layer1: 10 SMs -> 6
[56.552095] End    layer1: 1942 -> 12663 + -50174 = -37510 (6558)
[56.552098] 
[56.552100] 
[56.552104] Start  layer2: 30 SMs -> 10
[56.560487] End    layer2: 1371 -> 8378 + -50824 = -42447 (7737)
[56.560493] 
[56.560500] 
[56.560530] Start  layer3: 40 SMs -> 13
[56.572748] End    layer3: 1340 -> 12214 + -54032 = -41818 (9052)
[56.572754] 
[56.572765] 
[56.572774] Start  layer4: 40 SMs -> 13
[56.589032] End    layer4: 2123 -> 16254 + -55977 = -39723 (14339)
[56.589038] 
[56.589043] 
[56.589052] Start  layerX: 40 SMs -> 9
[56.589505] End    layerX: 53 -> 449 + -56091 = -55642 (358)
[56.589509] 
[56.589519] Delayed : 46111us
[56.589525] 
[56.589533] Start  layer0: 10 SMs -> 2
[56.590495] End    layer0: 581 -> 957 + -45128 = -44171 (1953)
[56.590500] 
[56.590503] 
[56.590511] Start  layer1: 30 SMs -> 8
[56.601911] End    layer1: 1164 -> 11395 + -49985 = -38590 (6558)
[56.601918] 
[56.601923] 
[56.601932] Start  layer2: 40 SMs -> 12
[56.614542] End    layer2: 1145 -> 12606 + -54879 = -42273 (7737)
[56.614548] 
[56.614585] 
[56.614594] Start  layer3: 40 SMs -> 12
[56.631369] End    layer3: 1340 -> 16769 + -62651 = -45883 (9052)
[56.631376] 
[56.631383] 
[56.631395] Start  layer4: 10 SMs -> 5
[56.639203] End    layer4: 3528 -> 7804 + -56148 = -48344 (14339)
[56.639209] 
[56.639213] 
[56.639222] Start  layerX: 10 SMs -> 2
[56.639514] End    layerX: 90 -> 289 + -56102 = -55813 (358)
[56.639518] 
[56.639527] Delayed : 46119us
[56.639533] 
[56.639540] Start  layer0: 30 SMs -> 1
[56.640112] End    layer0: 340 -> 567 + -44745 = -44178 (1953)
[56.640117] 
[56.640120] 
[56.640128] Start  layer1: 40 SMs -> 8
[56.653199] End    layer1: 971 -> 13067 + -51274 = -38207 (6558)
[56.653205] 
[56.653210] 
[56.653219] Start  layer2: 20 SMs -> 6
[56.660420] End    layer2: 1531 -> 7197 + -50757 = -43560 (7737)
[56.660426] 
[56.660433] 
[56.660441] Start  layer3: 30 SMs -> 7
[56.667172] End    layer3: 1695 -> 6726 + -48456 = -41730 (9052)
[56.667177] 
[56.667182] 
[56.667191] Start  layer4: 30 SMs -> 6
[56.675969] End    layer4: 2274 -> 8771 + -42912 = -34140 (14339)
[56.675975] 
[56.675982] 
[56.675995] Start  layerX: 30 SMs -> 6
[56.676766] End    layerX: 64 -> 769 + -43353 = -42585 (358)
[56.676770] 
[56.676783] Delayed : 33375us
[56.676789] 
[56.676796] Start  layer0: 30 SMs -> 6
[56.678418] End    layer0: 340 -> 1617 + -33051 = -31434 (1953)
[56.678423] 
[56.678427] 
[56.678435] Start  layer1: 10 SMs -> 5
[56.684912] End    layer1: 1942 -> 6472 + -32986 = -26514 (6558)
[56.684918] 
[56.684929] 
[56.684937] Start  layer2: 40 SMs -> 9
[56.692256] End    layer2: 1145 -> 7314 + -32593 = -25279 (7737)
[56.692262] 
[56.692268] 
[56.692276] Start  layer3: 40 SMs -> 3
[56.698413] End    layer3: 1340 -> 6132 + -29697 = -23565 (9052)
[56.698418] 
[56.698427] 
[56.698436] Start  layer4: 30 SMs -> 8
[56.706168] End    layer4: 2274 -> 7729 + -23114 = -15385 (14339)
[56.706174] 
[56.706182] 
[56.706190] Start  layerX: 20 SMs -> 9
[56.707489] End    layerX: 73 -> 1294 + -24074 = -22780 (358)
[56.707495] 
[56.707523] Delayed : 14115us
[56.707530] 
[56.707537] Start  layer0: 20 SMs -> 9
[56.708293] End    layer0: 372 -> 750 + -12925 = -12175 (1953)
[56.708300] 
[56.708304] 
[56.708314] Start  layer1: 20 SMs -> 8
[56.716504] End    layer1: 1296 -> 8186 + -14578 = -6392 (6558)
[56.716510] 
[56.716515] 
[56.716523] Start  layer2: 20 SMs -> 8
[56.726971] End    layer2: 1531 -> 10444 + -17308 = -6865 (7737)
[56.726977] 
[56.726982] 
[56.726990] Start  layer3: 10 SMs -> 5
[56.734541] End    layer3: 2267 -> 7544 + -15823 = -8279 (9052)
[56.734546] 
[56.734554] 
[56.734562] Start  layer4: 30 SMs -> 4
[56.737574] End    layer4: 2274 -> 3006 + -4517 = -1512 (14339)
[56.737581] 
[56.737590] 
[56.737601] Start  layerX: 40 SMs -> 6
[56.738591] End    layerX: 53 -> 985 + -5175 = -4191 (358)
[56.738597] 
[56.738608] Reserved: 4799us
[56.743472] 
[56.743485] Start  layer0: 30 SMs -> 4
[56.744253] End    layer0: 340 -> 764 + 1115 = 1878 (1953)
[56.744260] 
[56.744264] 
[56.744274] Start  layer1: 40 SMs -> 5
[56.752165] End    layer1: 971 -> 7886 + -238 = 7647 (6558)
[56.752172] 
[56.752181] 
[56.752192] Start  layer2: 40 SMs -> 9
[56.762900] End    layer2: 1145 -> 10704 + -3236 = 7467 (7737)
[56.762906] 
[56.762911] 
[56.762920] Start  layer3: 10 SMs -> 4
[56.769809] End    layer3: 2267 -> 6883 + -1091 = 5791 (9052)
[56.769844] 
[56.769851] 
[56.769859] Start  layer4: 10 SMs -> 4
[56.780173] End    layer4: 3528 -> 10309 + 2881 = 13190 (14339)
[56.780178] 
[56.780185] 
[56.780193] Start  layerX: 10 SMs -> 3
[56.781337] End    layerX: 90 -> 1140 + 2076 = 3215 (358)
[56.781342] 
[56.781351] Reserved: 12056us
[56.793472] 
[56.793485] Start  layer0: 40 SMs -> 3
[56.794025] End    layer0: 289 -> 537 + 1341 = 1878 (1953)
[56.794030] 
[56.794033] 
[56.794041] Start  layer1: 40 SMs -> 4
[56.800213] End    layer1: 971 -> 6166 + 1714 = 7880 (6558)
[56.800220] 
[56.800227] 
[56.800239] Start  layer2: 40 SMs -> 10
[56.810530] End    layer2: 1145 -> 10285 + -865 = 9419 (7737)
[56.810536] 
[56.810557] 
[56.810569] Start  layer3: 40 SMs -> 10
[56.824035] End    layer3: 1340 -> 13462 + -5319 = 8142 (9052)
[56.824041] 
[56.824058] 
[56.824068] Start  layer4: 20 SMs -> 5
[56.832093] End    layer4: 2410 -> 8020 + 962 = 8982 (14339)
[56.832098] 
[56.832104] 
[56.832113] Start  layerX: 40 SMs -> 7
[56.832658] End    layerX: 53 -> 542 + 754 = 1296 (358)
[56.832662] 
[56.832670] Reserved: 10737us
[56.843468] 
[56.843477] Start  layer0: 20 SMs -> 2
[56.844166] End    layer0: 372 -> 684 + 1201 = 1885 (1953)
[56.844173] 
[56.844178] 
[56.844190] Start  layer1: 40 SMs -> 4
[56.849370] End    layer1: 971 -> 5176 + 2556 = 7732 (6558)
[56.849377] 
[56.849385] 
[56.849397] Start  layer2: 30 SMs -> 8
[56.855252] End    layer2: 1371 -> 5852 + 4410 = 10262 (7737)
[56.855258] 
[56.855265] 
[56.855276] Start  layer3: 10 SMs -> 4
[56.861076] End    layer3: 2267 -> 5794 + 7640 = 13435 (9052)
[56.861083] 
[56.861102] 
[56.861114] Start  layer4: 10 SMs -> 4
[56.869559] End    layer4: 3528 -> 8440 + 13497 = 21937 (14339)
[56.869566] 
[56.869576] 
[56.869587] Start  layerX: 10 SMs -> 3
[56.870435] End    layerX: 90 -> 845 + 12977 = 13822 (358)
[56.870441] 
[56.870450] Reserved: 22958us
[56.893474] 
[56.893491] Start  layer0: 40 SMs -> 2
[56.894449] End    layer0: 289 -> 955 + 918 = 1873 (1953)
[56.894456] 
[56.894461] 
[56.894471] Start  layer1: 30 SMs -> 4
[56.899132] End    layer1: 1164 -> 4657 + 2793 = 7450 (6558)
[56.899138] 
[56.899142] 
[56.899151] Start  layer2: 30 SMs -> 7
[56.904744] End    layer2: 1371 -> 5586 + 4920 = 10506 (7737)
[56.904751] 
[56.904776] 
[56.904787] Start  layer3: 20 SMs -> 7
[56.910694] End    layer3: 1695 -> 5903 + 8022 = 13925 (9052)
[56.910699] 
[56.910712] 
[56.910723] Start  layer4: 20 SMs -> 5
[56.918059] End    layer4: 2410 -> 7330 + 14997 = 22327 (14339)
[56.918065] 
[56.918073] 
[56.918084] Start  layerX: 20 SMs -> 4
[56.918370] End    layerX: 73 -> 282 + 15043 = 15325 (358)
[56.918375] 
[56.918385] Reserved: 25023us
[56.943476] 
[56.943491] Start  layer0: 30 SMs -> 2
[56.943974] End    layer0: 340 -> 481 + 1392 = 1873 (1953)
[56.943979] 
[56.943983] 
[56.943991] Start  layer1: 30 SMs -> 3
[56.949069] End    layer1: 1164 -> 5074 + 2856 = 7930 (6558)
[56.949075] 
[56.949094] 
[56.949103] Start  layer2: 40 SMs -> 9
[56.960834] End    layer2: 1145 -> 11727 + -1171 = 10555 (7737)
[56.960839] 
[56.960860] 
[56.960869] Start  layer3: 40 SMs -> 9
[56.975256] End    layer3: 1340 -> 14381 + -6538 = 7842 (9052)
[56.975262] 
[56.975267] 
[56.975276] Start  layer4: 40 SMs -> 5
[56.979888] End    layer4: 2123 -> 4608 + 3166 = 7774 (14339)
[56.979894] 
[56.979900] 
[56.979908] Start  layerX: 40 SMs -> 1
[56.980011] End    layerX: 53 -> 101 + 3399 = 3500 (358)
[56.980015] 
[56.980022] Reserved: 13385us
[56.993471] 
[56.993481] Start  layer0: 20 SMs -> 1
[56.994135] End    layer0: 372 -> 649 + 1232 = 1881 (1953)
[56.994142] 
[56.994146] 
[56.994157] Start  layer1: 40 SMs -> 3
[56.998983] End    layer1: 971 -> 4821 + 2944 = 7765 (6558)
[56.998990] 
[56.998997] 
[56.999007] Start  layer2: 40 SMs -> 8
[57.006710] End    layer2: 1145 -> 7699 + 2952 = 10651 (7737)
[57.006717] 
[57.006737] 
[57.006746] Start  layer3: 40 SMs -> 9
[57.016889] End    layer3: 1340 -> 10136 + 1828 = 11964 (9052)
[57.016896] 
[57.016903] 
[57.016912] Start  layer4: 20 SMs -> 5
[57.024531] End    layer4: 2410 -> 7615 + 8523 = 16138 (14339)
[57.024537] 
[57.024561] 
[57.024569] Start  layerX: 10 SMs -> 3
[57.025043] End    layerX: 90 -> 471 + 8369 = 8840 (358)
[57.025047] 
[57.025055] Reserved: 18353us
[57.043470] 
[57.043479] Start  layer0: 40 SMs -> 1
[57.043860] End    layer0: 289 -> 377 + 1505 = 1882 (1953)
[57.043865] 
[57.043868] 
[57.043876] Start  layer1: 40 SMs -> 2
[57.047362] End    layer1: 971 -> 3480 + 4564 = 8044 (6558)
[57.047368] 
[57.047386] 
[57.047395] Start  layer2: 40 SMs -> 7
[57.053984] End    layer2: 1145 -> 6583 + 5680 = 12262 (7737)
[57.053991] 
[57.053997] 
[57.054009] Start  layer3: 40 SMs -> 8
[57.063966] End    layer3: 1340 -> 9955 + 4748 = 14703 (9052)
[57.063971] 
[57.063977] 
[57.063985] Start  layer4: 40 SMs -> 8
[57.071333] End    layer4: 2123 -> 7344 + 11721 = 19064 (14339)
[57.071338] 
[57.071343] 
[57.071351] Start  layerX: 20 SMs -> 2
[57.071480] End    layerX: 73 -> 126 + 11931 = 12057 (358)
[57.071483] 
[57.071490] Reserved: 21917us
