[28.449137] layer0:
[28.462740] 	10	341us, 574us
[28.473103] 	20	236us, 390us
[28.482376] 	30	203us, 336us
[28.491313] 	40	186us, 290us
[28.491326] Params: 0.61	0.35	0.42

[28.491330] layer1:
[28.528424] 	10	1108us, 1930us
[28.553039] 	20	791us, 1266us
[28.575577] 	30	690us, 1160us
[28.596307] 	40	681us, 994us
[28.596320] Params: 0.62	0.24	0.40

[28.596326] layer2:
[28.638877] 	10	1325us, 2163us
[28.667651] 	20	982us, 1473us
[28.694692] 	30	928us, 1378us
[28.717999] 	40	795us, 1127us
[28.718012] Params: 0.66	0.32	0.43

[28.718018] layer3:
[28.763166] 	10	1400us, 2310us
[28.793658] 	20	967us, 1688us
[28.823178] 	30	926us, 1622us
[28.850054] 	40	891us, 1365us
[28.850067] Params: 0.60	0.22	0.34

[28.850073] layer4:
[28.919802] 	10	2378us, 3525us
[28.964238] 	20	1564us, 2508us
[29.006200] 	30	1512us, 2274us
[29.045759] 	40	1414us, 2138us
[29.045771] Params: 0.66	0.27	0.27

[29.045778] layerX:
[29.051081] 	10	44us, 74us
[29.056155] 	20	41us, 69us
[29.061277] 	30	40us, 59us
[29.066367] 	40	39us, 52us
[29.066379] Params: 0.66	0.05	0.27

