[55.492772] 
[55.492794] Start  layer0: 20 SMs -> 2
[55.493622] End    layer0: 390 -> 826 + 1099 = 1925 (1946)
[55.493627] 
[55.493630] 
[55.493640] Start  layer1: 20 SMs -> 4
[55.504920] End    layer1: 1266 -> 11278 + -3535 = 7742 (6665)
[55.504922] 
[55.504935] 
[55.504940] Start  layer2: 40 SMs -> 12
[55.513506] End    layer2: 1126 -> 8563 + -4568 = 3995 (7553)
[55.513508] 
[55.513513] 
[55.513517] Start  layer3: 20 SMs -> 9
[55.521168] End    layer3: 1688 -> 7647 + -3074 = 4572 (9154)
[55.521172] 
[55.521184] 
[55.521189] Start  layer4: 20 SMs -> 8
[55.531352] End    layer4: 2508 -> 10160 + 1071 = 11231 (14331)
[55.531355] 
[55.531359] 
[55.531363] Start  layerX: 20 SMs -> 7
[55.534348] End    layerX: 68 -> 2982 + -1575 = 1406 (348)
[55.534351] 
[55.534362] Reserved: 8406us
[55.542828] 
[55.542835] Start  layer0: 40 SMs -> 8
[55.545364] End    layer0: 290 -> 2527 + -645 = 1881 (1946)
[55.545367] 
[55.545369] 
[55.545373] Start  layer1: 20 SMs -> 9
[55.548721] End    layer1: 1266 -> 3345 + 2663 = 6008 (6665)
[55.548724] 
[55.548727] 
[55.548733] Start  layer2: 20 SMs -> 5
[55.554812] End    layer2: 1473 -> 6072 + 4130 = 10201 (7553)
[55.554819] 
[55.554827] 
[55.554838] Start  layer3: 10 SMs -> 8
[55.562592] End    layer3: 2309 -> 7752 + 5501 = 13253 (9154)
[55.562596] 
[55.562607] 
[55.562614] Start  layer4: 40 SMs -> 14
[55.576698] End    layer4: 2137 -> 14082 + 5725 = 19807 (14331)
[55.576701] 
[55.576703] 
[55.576708] Start  layerX: 10 SMs -> 8
[55.578390] End    layerX: 74 -> 1680 + 4381 = 6061 (348)
[55.578393] 
[55.578398] Reserved: 14371us
[55.592835] 
[55.592848] Start  layer0: 40 SMs -> 8
[55.595097] End    layer0: 290 -> 2246 + -375 = 1870 (1946)
[55.595103] 
[55.595106] 
[55.595115] Start  layer1: 40 SMs -> 15
[55.604312] End    layer1: 994 -> 9196 + -2927 = 6267 (6665)
[55.604315] 
[55.604329] 
[55.604334] Start  layer2: 40 SMs -> 14
[55.622321] End    layer2: 1126 -> 17981 + -13379 = 4601 (7553)
[55.622326] 
[55.622332] 
[55.622342] Start  layer3: 40 SMs -> 17
[55.640379] End    layer3: 1365 -> 18033 + -22283 = -4250 (9154)
[55.640387] 
[55.640396] 
[55.640408] Start  layer4: 30 SMs -> 1
[55.646083] End    layer4: 2273 -> 5671 + -13655 = -7984 (14331)
[55.646089] 
[55.646095] 
[55.646104] Start  layerX: 10 SMs -> 7
[55.647007] End    layerX: 74 -> 898 + -14230 = -13332 (348)
[55.647014] 
[55.647027] Delayed : 4256us
[55.647036] 
[55.647048] Start  layer0: 10 SMs -> 8
[55.649198] End    layer0: 574 -> 2144 + -4472 = -2328 (1946)
[55.649206] 
[55.649211] 
[55.649224] Start  layer1: 10 SMs -> 6
[55.658247] End    layer1: 1929 -> 9020 + -6858 = 2161 (6665)
[55.658253] 
[55.658266] 
[55.658276] Start  layer2: 30 SMs -> 8
[55.665743] End    layer2: 1377 -> 7463 + -6802 = 660 (7553)
[55.665749] 
[55.665755] 
[55.665763] Start  layer3: 10 SMs -> 7
[55.675898] End    layer3: 2309 -> 10130 + -7801 = 2327 (9154)
[55.675903] 
[55.675909] 
[55.675918] Start  layer4: 10 SMs -> 5
[55.684569] End    layer4: 3525 -> 8647 + -2142 = 6504 (14331)
[55.684575] 
[55.684596] 
[55.684604] Start  layerX: 10 SMs -> 3
[55.685245] End    layerX: 74 -> 636 + -2468 = -1832 (348)
[55.685252] 
[55.685266] Reserved: 7504us
[55.692838] 
[55.692855] Start  layer0: 20 SMs -> 4
[55.694064] End    layer0: 390 -> 1208 + 657 = 1865 (1946)
[55.694070] 
[55.694073] 
[55.694082] Start  layer1: 30 SMs -> 6
[55.704373] End    layer1: 1160 -> 10286 + -2984 = 7301 (6665)
[55.704378] 
[55.704384] 
[55.704392] Start  layer2: 30 SMs -> 9
[55.714596] End    layer2: 1377 -> 10200 + -5655 = 4543 (7553)
[55.714602] 
[55.714610] 
[55.714618] Start  layer3: 20 SMs -> 8
[55.723150] End    layer3: 1688 -> 8527 + -5054 = 3472 (9154)
[55.723156] 
[55.723162] 
[55.723171] Start  layer4: 20 SMs -> 6
[55.733995] End    layer4: 2508 -> 10818 + -1566 = 9251 (14331)
[55.734002] 
[55.734013] 
[55.734024] Start  layerX: 20 SMs -> 8
[55.735329] End    layerX: 68 -> 1301 + -2552 = -1251 (348)
[55.735336] 
[55.735351] Reserved: 7419us
[55.742834] 
[55.742847] Start  layer0: 20 SMs -> 7
[55.746898] End    layer0: 390 -> 4047 + -2176 = 1871 (1946)
[55.746904] 
[55.746907] 
[55.746915] Start  layer1: 30 SMs -> 9
[55.756256] End    layer1: 1160 -> 9336 + -4867 = 4467 (6665)
[55.756261] 
[55.756268] 
[55.756277] Start  layer2: 40 SMs -> 13
[55.769229] End    layer2: 1126 -> 12947 + -10288 = 2658 (7553)
[55.769234] 
[55.769240] 
[55.769249] Start  layer3: 40 SMs -> 14
[55.787455] End    layer3: 1365 -> 18199 + -19356 = -1157 (9154)
[55.787462] 
[55.787478] 
[55.787490] Start  layer4: 20 SMs -> 5
[55.794394] End    layer4: 2508 -> 6900 + -11966 = -5066 (14331)
[55.794399] 
[55.794406] 
[55.794416] Start  layerX: 20 SMs -> 7
[55.795635] End    layerX: 68 -> 1214 + -12859 = -11644 (348)
[55.795640] 
[55.795650] Delayed : 2879us
[55.795659] 
[55.795669] Start  layer0: 10 SMs -> 8
[55.797892] End    layer0: 574 -> 2220 + -3170 = -950 (1946)
[55.797898] 
[55.797901] 
[55.797908] Start  layer1: 10 SMs -> 6
[55.805784] End    layer1: 1929 -> 7871 + -4396 = 3474 (6665)
[55.805790] 
[55.805805] 
[55.805815] Start  layer2: 40 SMs -> 15
[55.821588] End    layer2: 1126 -> 15769 + -12646 = 3121 (7553)
[55.821593] 
[55.821598] 
[55.821607] Start  layer3: 30 SMs -> 8
[55.829377] End    layer3: 1621 -> 7765 + -11281 = -3515 (9154)
[55.829383] 
[55.829389] 
[55.829398] Start  layer4: 30 SMs -> 7
[55.840726] End    layer4: 2273 -> 11323 + -8299 = 3024 (14331)
[55.840732] 
[55.840736] 
[55.840745] Start  layerX: 40 SMs -> 14
[55.842395] End    layerX: 51 -> 1644 + -9617 = -7973 (348)
[55.842402] 
[55.842414] Reserved: 356us
[55.842832] 
[55.842841] Start  layer0: 20 SMs -> 6
[55.845944] End    layer0: 390 -> 3100 + -1222 = 1876 (1946)
[55.845950] 
[55.845953] 
[55.845962] Start  layer1: 30 SMs -> 5
[55.851540] End    layer1: 1160 -> 5572 + -150 = 5421 (6665)
[55.851547] 
[55.851555] 
[55.851566] Start  layer2: 40 SMs -> 15
[55.866077] End    layer2: 1126 -> 14507 + -7135 = 7371 (7553)
[55.866082] 
[55.866103] 
[55.866112] Start  layer3: 40 SMs -> 13
[55.878809] End    layer3: 1365 -> 12692 + -10712 = 1979 (9154)
[55.878814] 
[55.878824] 
[55.878833] Start  layer4: 40 SMs -> 11
[55.897611] End    layer4: 2137 -> 18774 + -15184 = 3589 (14331)
[55.897617] 
[55.897638] 
[55.897647] Start  layerX: 40 SMs -> 13
[55.898413] End    layerX: 51 -> 761 + -15636 = -14875 (348)
[55.898419] 
[55.898431] Delayed : 5660us
[55.898439] 
[55.898449] Start  layer0: 10 SMs -> 5
[55.900132] End    layer0: 574 -> 1679 + -5410 = -3730 (1946)
[55.900137] 
[55.900141] 
[55.900149] Start  layer1: 30 SMs -> 10
[55.908690] End    layer1: 1160 -> 8537 + -7302 = 1234 (6665)
[55.908696] 
[55.908702] 
[55.908711] Start  layer2: 40 SMs -> 14
[55.920732] End    layer2: 1126 -> 12017 + -11790 = 225 (7553)
[55.920738] 
[55.920745] 
[55.920763] Start  layer3: 20 SMs -> 8
[55.928375] End    layer3: 1688 -> 7608 + -10279 = -2671 (9154)
[55.928381] 
[55.928398] 
[55.928407] Start  layer4: 20 SMs -> 7
[55.940606] End    layer4: 2508 -> 12193 + -8177 = 4015 (14331)
[55.940613] 
[55.940621] 
[55.940632] Start  layerX: 20 SMs -> 5
[55.941287] End    layerX: 68 -> 650 + -8509 = -7859 (348)
[55.941294] 
[55.941305] Reserved: 1465us
[55.942837] 
[55.942853] Start  layer0: 30 SMs -> 7
[55.944526] End    layer0: 336 -> 1670 + 195 = 1865 (1946)
[55.944531] 
[55.944535] 
[55.944544] Start  layer1: 30 SMs -> 7
[55.952751] End    layer1: 1160 -> 8203 + -1363 = 6839 (6665)
[55.952757] 
[55.952763] 
[55.952772] Start  layer2: 30 SMs -> 8
[55.959884] End    layer2: 1377 -> 7107 + -942 = 6164 (7553)
[55.959889] 
[55.959894] 
[55.959903] Start  layer3: 30 SMs -> 6
[55.966048] End    layer3: 1621 -> 6139 + 2049 = 8188 (9154)
[55.966055] 
[55.966073] 
[55.966084] Start  layer4: 20 SMs -> 6
[55.973962] End    layer4: 2508 -> 7874 + 8465 = 16339 (14331)
[55.973967] 
[55.973980] 
[55.973989] Start  layerX: 20 SMs -> 5
[55.974789] End    layerX: 68 -> 797 + 7986 = 8782 (348)
[55.974794] 
[55.974806] Reserved: 17964us
[55.992834] 
[55.992846] Start  layer0: 40 SMs -> 15
[55.998936] End    layer0: 290 -> 6087 + -4214 = 1872 (1946)
[55.998941] 
[55.998945] 
[55.998954] Start  layer1: 20 SMs -> 4
[56.005994] End    layer1: 1266 -> 7035 + -4605 = 2429 (6665)
[56.006000] 
[56.006005] 
[56.006014] Start  layer2: 20 SMs -> 7
[56.013506] End    layer2: 1473 -> 7487 + -4564 = 2922 (7553)
[56.013511] 
[56.013518] 
[56.013527] Start  layer3: 20 SMs -> 7
[56.021913] End    layer3: 1688 -> 8381 + -3817 = 4564 (9154)
[56.021918] 
[56.021923] 
[56.021932] Start  layer4: 10 SMs -> 4
[56.030961] End    layer4: 3525 -> 9024 + 1465 = 10489 (14331)
[56.030967] 
[56.030973] 
[56.030981] Start  layerX: 10 SMs -> 4
[56.031476] End    layerX: 74 -> 492 + 1297 = 1790 (348)
[56.031481] 
[56.031500] Reserved: 11269us
[56.042835] 
[56.042849] Start  layer0: 40 SMs -> 13
[56.047144] End    layer0: 290 -> 4291 + -2421 = 1869 (1946)
[56.047149] 
[56.047153] 
[56.047165] Start  layer1: 30 SMs -> 6
[56.053455] End    layer1: 1160 -> 6283 + -2064 = 4217 (6665)
[56.053462] 
[56.053468] 
[56.053479] Start  layer2: 20 SMs -> 9
[56.064905] End    layer2: 1473 -> 11422 + -5963 = 5458 (7553)
[56.064910] 
[56.064915] 
[56.064924] Start  layer3: 10 SMs -> 6
[56.072299] End    layer3: 2309 -> 7370 + -4202 = 3167 (9154)
[56.072304] 
[56.072309] 
[56.072318] Start  layer4: 10 SMs -> 5
[56.081075] End    layer4: 3525 -> 8751 + 1353 = 10104 (14331)
[56.081082] 
[56.081092] 
[56.081104] Start  layerX: 10 SMs -> 6
[56.081622] End    layerX: 74 -> 515 + 1153 = 1668 (348)
[56.081627] 
[56.081634] Reserved: 11135us
[56.092836] 
[56.092850] Start  layer0: 30 SMs -> 5
[56.094749] End    layer0: 336 -> 1895 + -26 = 1868 (1946)
[56.094754] 
[56.094758] 
[56.094767] Start  layer1: 20 SMs -> 8
[56.107289] End    layer1: 1266 -> 12516 + -5899 = 6616 (6665)
[56.107296] 
[56.107303] 
[56.107313] Start  layer2: 30 SMs -> 5
[56.112679] End    layer2: 1377 -> 5362 + -3738 = 1623 (7553)
[56.112684] 
[56.112690] 
[56.112699] Start  layer3: 30 SMs -> 7
[56.119757] End    layer3: 1621 -> 7053 + -1661 = 5391 (9154)
[56.119763] 
[56.119769] 
[56.119778] Start  layer4: 40 SMs -> 18
[56.132642] End    layer4: 2137 -> 12858 + -213 = 12644 (14331)
[56.132649] 
[56.132661] 
[56.132673] Start  layerX: 10 SMs -> 5
[56.133138] End    layerX: 74 -> 463 + -363 = 99 (348)
[56.133143] 
[56.133151] Reserved: 9619us
[56.142832] 
[56.142843] Start  layer0: 10 SMs -> 7
[56.145528] End    layer0: 574 -> 2681 + -806 = 1874 (1946)
[56.145534] 
[56.145537] 
[56.145546] Start  layer1: 40 SMs -> 15
[56.160744] End    layer1: 994 -> 15194 + -9355 = 5837 (6665)
[56.160749] 
[56.160763] 
[56.160772] Start  layer2: 40 SMs -> 16
[56.178601] End    layer2: 1126 -> 17825 + -19660 = -1835 (7553)
[56.178607] 
[56.178612] 
[56.178621] Start  layer3: 10 SMs -> 6
[56.187965] End    layer3: 2309 -> 9340 + -19869 = -10529 (9154)
[56.187971] 
[56.187976] 
[56.187985] Start  layer4: 10 SMs -> 4
[56.193986] End    layer4: 3525 -> 5997 + -11558 = -5562 (14331)
[56.193991] 
[56.193996] 
[56.194005] Start  layerX: 10 SMs -> 2
[56.194286] End    layerX: 74 -> 279 + -11512 = -11233 (348)
[56.194290] 
[56.194298] Delayed : 1527us
[56.194304] 
[56.194310] Start  layer0: 40 SMs -> 19
[56.199208] End    layer0: 290 -> 4893 + -4486 = 406 (1946)
[56.199214] 
[56.199217] 
[56.199229] Start  layer1: 20 SMs -> 8
[56.209759] End    layer1: 1266 -> 10526 + -8370 = 2154 (6665)
[56.209764] 
[56.209779] 
[56.209789] Start  layer2: 20 SMs -> 8
[56.219542] End    layer2: 1473 -> 9749 + -10601 = -852 (7553)
[56.219548] 
[56.219555] 
[56.219564] Start  layer3: 20 SMs -> 9
[56.228240] End    layer3: 1688 -> 8672 + -10144 = -1472 (9154)
[56.228246] 
[56.228251] 
[56.228261] Start  layer4: 40 SMs -> 16
[56.250595] End    layer4: 2137 -> 22329 + -18167 = 4161 (14331)
[56.250600] 
[56.250606] 
[56.250616] Start  layerX: 10 SMs -> 5
[56.251496] End    layerX: 74 -> 877 + -18721 = -17844 (348)
[56.251501] 
[56.251511] Delayed : 8740us
[56.251517] 
[56.251525] Start  layer0: 30 SMs -> 7
[56.252681] End    layer0: 336 -> 1151 + -7959 = -6807 (1946)
[56.252686] 
[56.252690] 
[56.252698] Start  layer1: 40 SMs -> 16
[56.273425] End    layer1: 994 -> 20722 + -22036 = -1314 (6665)
[56.273431] 
[56.273439] 
[56.273448] Start  layer2: 30 SMs -> 7
[56.282504] End    layer2: 1377 -> 9051 + -23562 = -14511 (7553)
[56.282509] 
[56.282514] 
[56.282522] Start  layer3: 30 SMs -> 6
[56.288789] End    layer3: 1621 -> 6261 + -20691 = -14430 (9154)
[56.288796] 
[56.288806] 
[56.288819] Start  layer4: 40 SMs -> 15
[56.307911] End    layer4: 2137 -> 19089 + -25483 = -6395 (14331)
[56.307917] 
[56.307925] 
[56.307934] Start  layerX: 30 SMs -> 5
[56.308261] End    layerX: 58 -> 325 + -25486 = -25162 (348)
[56.308265] 
[56.308291] Delayed : 15520us
[56.308297] 
[56.308304] Start  layer0: 20 SMs -> 7
[56.310088] End    layer0: 390 -> 1779 + -15366 = -13587 (1946)
[56.310094] 
[56.310097] 
[56.310105] Start  layer1: 30 SMs -> 5
[56.315170] End    layer1: 1160 -> 5060 + -13782 = -8722 (6665)
[56.315176] 
[56.315181] 
[56.315190] Start  layer2: 30 SMs -> 6
[56.322364] End    layer2: 1377 -> 7170 + -13423 = -6253 (7553)
[56.322370] 
[56.322376] 
[56.322384] Start  layer3: 30 SMs -> 6
[56.328986] End    layer3: 1621 -> 6597 + -10890 = -4292 (9154)
[56.328992] 
[56.328998] 
[56.329007] Start  layer4: 40 SMs -> 17
[56.342302] End    layer4: 2137 -> 13291 + -9875 = 3415 (14331)
[56.342308] 
[56.342334] 
[56.342343] Start  layerX: 30 SMs -> 2
[56.342866] End    layerX: 58 -> 516 + -10087 = -9571 (348)
[56.342872] 
[56.342888] Delayed : 117us
[56.342896] 
[56.342906] Start  layer0: 20 SMs -> 3
[56.344601] End    layer0: 390 -> 1692 + 120 = 1812 (1946)
[56.344606] 
[56.344610] 
[56.344618] Start  layer1: 30 SMs -> 4
[56.350972] End    layer1: 1160 -> 6349 + 415 = 6764 (6665)
[56.350978] 
[56.350982] 
[56.350991] Start  layer2: 40 SMs -> 14
[56.370984] End    layer2: 1126 -> 19989 + -12043 = 7945 (7553)
[56.370990] 
[56.371002] 
[56.371011] Start  layer3: 40 SMs -> 15
[56.386489] End    layer3: 1365 -> 15473 + -18392 = -2919 (9154)
[56.386494] 
[56.386549] 
[56.386560] Start  layer4: 20 SMs -> 4
[56.392767] End    layer4: 2508 -> 6202 + -10340 = -4138 (14331)
[56.392773] 
[56.392781] 
[56.392799] Start  layerX: 10 SMs -> 6
[56.393963] End    layerX: 74 -> 1160 + -11187 = -10027 (348)
[56.393969] 
[56.393979] Delayed : 1209us
[56.393987] 
[56.393998] Start  layer0: 10 SMs -> 9
[56.398550] End    layer0: 574 -> 4548 + -3828 = 719 (1946)
[56.398556] 
[56.398559] 
[56.398568] Start  layer1: 10 SMs -> 9
[56.410868] End    layer1: 1929 -> 12295 + -9479 = 2814 (6665)
[56.410873] 
[56.410878] 
[56.410896] Start  layer2: 40 SMs -> 14
[56.426239] End    layer2: 1126 -> 15339 + -17298 = -1959 (7553)
[56.426245] 
[56.426260] 
[56.426269] Start  layer3: 30 SMs -> 7
[56.434982] End    layer3: 1621 -> 8708 + -16886 = -8177 (9154)
[56.434988] 
[56.434994] 
[56.435002] Start  layer4: 30 SMs -> 6
[56.442767] End    layer4: 2273 -> 7760 + -10339 = -2579 (14331)
[56.442773] 
[56.442782] 
[56.442791] Start  layerX: 30 SMs -> 9
[56.444087] End    layerX: 58 -> 1292 + -11311 = -10019 (348)
[56.444093] 
[56.444102] Delayed : 1331us
[56.444108] 
[56.444115] Start  layer0: 20 SMs -> 8
[56.446904] End    layer0: 390 -> 2784 + -2182 = 601 (1946)
[56.446909] 
[56.446913] 
[56.446923] Start  layer1: 20 SMs -> 8
[56.457647] End    layer1: 1266 -> 10720 + -6258 = 4461 (6665)
[56.457652] 
[56.457658] 
[56.457667] Start  layer2: 40 SMs -> 14
[56.473145] End    layer2: 1126 -> 15476 + -14206 = 1269 (7553)
[56.473148] 
[56.473151] 
[56.473156] Start  layer3: 10 SMs -> 4
[56.482883] End    layer3: 2309 -> 9720 + -14785 = -5065 (9154)
[56.482890] 
[56.482951] 
[56.482964] Start  layer4: 40 SMs -> 13
[56.497833] End    layer4: 2137 -> 14869 + -15409 = -540 (14331)
[56.497836] 
[56.497839] 
[56.497843] Start  layerX: 10 SMs -> 9
[56.498287] End    layerX: 74 -> 441 + -15514 = -15073 (348)
[56.498290] 
[56.498295] Delayed : 5525us
[56.498298] 
[56.498303] Start  layer0: 20 SMs -> 11
[56.500700] End    layer0: 390 -> 2395 + -5982 = -3587 (1946)
[56.500703] 
[56.500705] 
[56.500710] Start  layer1: 40 SMs -> 11
[56.512717] End    layer1: 994 -> 12002 + -11330 = 671 (6665)
[56.512723] 
[56.512729] 
[56.512737] Start  layer2: 20 SMs -> 9
[56.521097] End    layer2: 1473 -> 8358 + -12159 = -3801 (7553)
[56.521101] 
[56.521104] 
[56.521109] Start  layer3: 30 SMs -> 9
[56.531058] End    layer3: 1621 -> 9946 + -12964 = -3018 (9154)
[56.531061] 
[56.531075] 
[56.531080] Start  layer4: 30 SMs -> 8
[56.539363] End    layer4: 2273 -> 8281 + -6940 = 1341 (14331)
[56.539366] 
[56.539369] 
[56.539373] Start  layerX: 10 SMs -> 5
[56.540257] End    layerX: 74 -> 881 + -7484 = -6603 (348)
[56.540259] 
[56.540272] Reserved: 2498us
[56.542829] 
[56.542836] Start  layer0: 40 SMs -> 11
[56.544982] End    layer0: 290 -> 2144 + -263 = 1880 (1946)
[56.544984] 
[56.544986] 
[56.544991] Start  layer1: 40 SMs -> 9
[56.558431] End    layer1: 994 -> 13434 + -7043 = 6390 (6665)
[56.558437] 
[56.558444] 
[56.558452] Start  layer2: 20 SMs -> 8
[56.564548] End    layer2: 1473 -> 6094 + -5610 = 484 (7553)
[56.564551] 
[56.564558] 
[56.564563] Start  layer3: 20 SMs -> 7
[56.571323] End    layer3: 1688 -> 6758 + -3230 = 3527 (9154)
[56.571326] 
[56.571328] 
[56.571333] Start  layer4: 30 SMs -> 9
[56.580909] End    layer4: 2273 -> 9573 + 1514 = 11087 (14331)
[56.580911] 
[56.580914] 
[56.580920] Start  layerX: 30 SMs -> 8
[56.581009] End    layerX: 58 -> 87 + 1763 = 1850 (348)
[56.581011] 
[56.581017] Reserved: 11752us
[56.592828] 
[56.592837] Start  layer0: 10 SMs -> 2
[56.593454] End    layer0: 574 -> 616 + 1264 = 1880 (1946)
[56.593457] 
[56.593458] 
[56.593462] Start  layer1: 20 SMs -> 7
[56.597364] End    layer1: 1266 -> 3899 + 4020 = 7919 (6665)
[56.597366] 
[56.597370] 
[56.597375] Start  layer2: 40 SMs -> 11
[56.607698] End    layer2: 1126 -> 10317 + 1243 = 11559 (7553)
[56.607703] 
[56.607708] 
[56.607717] Start  layer3: 40 SMs -> 14
[56.619254] End    layer3: 1365 -> 11533 + -1157 = 10375 (9154)
[56.619259] 
[56.619266] 
[56.619274] Start  layer4: 40 SMs -> 12
[56.637182] End    layer4: 2137 -> 17903 + -4755 = 13147 (14331)
[56.637188] 
[56.637195] 
[56.637202] Start  layerX: 40 SMs -> 9
[56.638365] End    layerX: 51 -> 1159 + -5590 = -4431 (348)
[56.638369] 
[56.638377] Reserved: 4392us
[56.642833] 
[56.642842] Start  layer0: 30 SMs -> 2
[56.643491] End    layer0: 336 -> 645 + 1230 = 1875 (1946)
[56.643496] 
[56.643499] 
[56.643507] Start  layer1: 30 SMs -> 2
[56.650092] End    layer1: 1160 -> 6581 + 1295 = 7876 (6665)
[56.650097] 
[56.650102] 
[56.650111] Start  layer2: 30 SMs -> 6
[56.654329] End    layer2: 1377 -> 4214 + 4611 = 8825 (7553)
[56.654335] 
[56.654339] 
[56.654348] Start  layer3: 30 SMs -> 5
[56.658853] End    layer3: 1621 -> 4500 + 9242 = 13743 (9154)
[56.658858] 
[56.658870] 
[56.658878] Start  layer4: 40 SMs -> 14
[56.673010] End    layer4: 2137 -> 14128 + 9416 = 23544 (14331)
[56.673015] 
[56.673021] 
[56.673030] Start  layerX: 40 SMs -> 12
[56.674627] End    layerX: 51 -> 1594 + 8146 = 9741 (348)
[56.674631] 
[56.674639] Reserved: 18130us
[56.692831] 
[56.692839] Start  layer0: 30 SMs -> 2
[56.693301] End    layer0: 336 -> 457 + 1420 = 1878 (1946)
[56.693305] 
[56.693308] 
[56.693316] Start  layer1: 40 SMs -> 4
[56.699294] End    layer1: 994 -> 5974 + 2093 = 8067 (6665)
[56.699300] 
[56.699305] 
[56.699314] Start  layer2: 40 SMs -> 10
[56.711881] End    layer2: 1126 -> 12562 + -2939 = 9622 (7553)
[56.711886] 
[56.711894] 
[56.711905] Start  layer3: 40 SMs -> 11
[56.728728] End    layer3: 1365 -> 16819 + -10632 = 6187 (9154)
[56.728733] 
[56.728739] 
[56.728748] Start  layer4: 30 SMs -> 6
[56.735314] End    layer4: 2273 -> 6562 + -2886 = 3674 (14331)
[56.735319] 
[56.735324] 
[56.735334] Start  layerX: 40 SMs -> 7
[56.735972] End    layerX: 51 -> 632 + -3194 = -2561 (348)
[56.735978] 
[56.735987] Reserved: 6782us
[56.742835] 
[56.742849] Start  layer0: 20 SMs -> 1
[56.743309] End    layer0: 390 -> 458 + 1411 = 1869 (1946)
[56.743314] 
[56.743318] 
[56.743328] Start  layer1: 40 SMs -> 3
[56.747204] End    layer1: 994 -> 3872 + 4183 = 8055 (6665)
[56.747210] 
[56.747226] 
[56.747237] Start  layer2: 40 SMs -> 8
[56.756616] End    layer2: 1126 -> 9374 + 2326 = 11699 (7553)
[56.756623] 
[56.756630] 
[56.756642] Start  layer3: 40 SMs -> 10
[56.771059] End    layer3: 1365 -> 14414 + -2963 = 11450 (9154)
[56.771065] 
[56.771070] 
[56.771079] Start  layer4: 10 SMs -> 4
[56.782615] End    layer4: 3525 -> 11532 + -188 = 11343 (14331)
[56.782621] 
[56.782627] 
[56.782636] Start  layerX: 40 SMs -> 7
[56.783242] End    layerX: 51 -> 600 + -464 = 135 (348)
[56.783248] 
[56.783259] Reserved: 9511us
[56.792838] 
[56.792856] Start  layer0: 40 SMs -> 1
[56.793229] End    layer0: 290 -> 371 + 1491 = 1862 (1946)
[56.793234] 
[56.793237] 
[56.793245] Start  layer1: 20 SMs -> 2
[56.799486] End    layer1: 1266 -> 6236 + 1901 = 8137 (6665)
[56.799492] 
[56.799500] 
[56.799510] Start  layer2: 10 SMs -> 4
[56.804502] End    layer2: 2163 -> 4986 + 4440 = 9426 (7553)
[56.804509] 
[56.804518] 
[56.804529] Start  layer3: 30 SMs -> 8
[56.815191] End    layer3: 1621 -> 10658 + 2904 = 13562 (9154)
[56.815197] 
[56.815203] 
[56.815212] Start  layer4: 20 SMs -> 6
[56.827801] End    layer4: 2508 -> 12584 + 4626 = 17210 (14331)
[56.827817] 
[56.827824] 
[56.827833] Start  layerX: 40 SMs -> 6
[56.829067] End    layerX: 51 -> 1230 + 3708 = 4938 (348)
[56.829073] 
[56.829082] Reserved: 13687us
