[23.916306] layer0:
[23.930225] 	10	349us, 577us
[23.940674] 	20	237us, 382us
[23.950127] 	30	204us, 331us
[23.959099] 	40	186us, 295us
[23.959112] Params: 0.62	0.36	0.39

[23.959116] layer1:
[24.038368] 	10	2559us, 4305us
[24.090382] 	20	1839us, 2974us
[24.136832] 	30	1604us, 2637us
[24.179461] 	40	1502us, 2357us
[24.179474] Params: 0.61	0.30	0.35

[24.179480] layer2:
[24.278641] 	10	3281us, 5324us
[24.343561] 	20	2394us, 3710us
[24.403652] 	30	2115us, 3480us
[24.458811] 	40	1951us, 3148us
[24.458824] Params: 0.62	0.30	0.29

[24.458832] layer3:
[24.610409] 	10	5140us, 8158us
[24.710639] 	20	3632us, 5994us
[24.801443] 	30	3330us, 5349us
[24.884801] 	40	3140us, 4784us
[24.884815] Params: 0.63	0.26	0.32

[24.884822] layer4:
[25.014415] 	10	4595us, 6770us
[25.092983] 	20	3054us, 4393us
[25.164945] 	30	2817us, 3989us
[25.228716] 	40	2555us, 3402us
[25.228730] Params: 0.71	0.33	0.42

[25.228737] layerX:
[25.234553] 	10	62us, 116us
[25.240142] 	20	53us, 87us
[25.245704] 	30	53us, 84us
[25.251034] 	40	52us, 73us
[25.251046] Params: 0.62	0.09	0.30

