[21.818225] layer0:
[21.831913] 	10	346us, 550us
[21.842382] 	20	235us, 409us
[21.851589] 	30	203us, 327us
[21.860203] 	40	185us, 281us
[21.860216] Params: 0.62	0.36	0.45

[21.860221] layer1:
[21.897773] 	10	1124us, 1943us
[21.922995] 	20	797us, 1301us
[21.945565] 	30	697us, 1119us
[21.966228] 	40	684us, 992us
[21.966241] Params: 0.63	0.25	0.40

[21.966247] layer2:
[22.009166] 	10	1344us, 2149us
[22.038037] 	20	993us, 1509us
[22.065581] 	30	940us, 1436us
[22.088728] 	40	803us, 1115us
[22.088741] Params: 0.66	0.33	0.46

[22.088747] layer3:
[22.135342] 	10	1415us, 2418us
[22.166620] 	20	978us, 1756us
[22.197075] 	30	939us, 1668us
[22.223946] 	40	903us, 1357us
[22.223959] Params: 0.59	0.22	0.39

[22.223966] layer4:
[22.295688] 	10	2403us, 3681us
[22.339932] 	20	1580us, 2424us
[22.382845] 	30	1529us, 2353us
[22.422266] 	40	1429us, 2104us
[22.422279] Params: 0.66	0.27	0.31

[22.422285] layerX:
[22.427693] 	10	44us, 89us
[22.433019] 	20	41us, 69us
[22.438234] 	30	39us, 74us
[22.443327] 	40	39us, 52us
[22.443340] Params: 0.60	0.05	0.43

