[26.523016] 
[26.523031] Start  layer0: 10 SMs -> 10
[26.529517] End    layer0: 550 -> 6485 + -4383 = 2101 (2116)
[26.529520] 
[26.529522] 
[26.529529] Start  layer1: 10 SMs -> 5
[26.536905] End    layer1: 1942 -> 7374 + -4297 = 3076 (7472)
[26.536908] 
[26.536911] 
[26.536915] Start  layer2: 40 SMs -> 13
[26.548002] End    layer2: 1115 -> 11084 + -6995 = 4088 (8399)
[26.548005] 
[26.548012] 
[26.548017] Start  layer3: 40 SMs -> 14
[26.568994] End    layer3: 1356 -> 20971 + -17768 = 3202 (10215)
[26.568999] 
[26.569005] 
[26.569015] Start  layer4: 20 SMs -> 8
[26.574446] End    layer4: 2424 -> 5428 + -7374 = -1946 (15847)
[26.574452] 
[26.574459] 
[26.574468] Start  layerX: 10 SMs -> 8
[26.575455] End    layerX: 88 -> 984 + -7991 = -7007 (392)
[26.575459] 
[26.575467] Reserved: 3104us
[26.578635] 
[26.578648] Start  layer0: 30 SMs -> 6
[26.580237] End    layer0: 326 -> 1585 + 456 = 2041 (2116)
[26.580243] 
[26.580247] 
[26.580257] Start  layer1: 20 SMs -> 7
[26.588635] End    layer1: 1300 -> 8375 + -470 = 7904 (7472)
[26.588640] 
[26.588645] 
[26.588653] Start  layer2: 20 SMs -> 9
[26.596149] End    layer2: 1509 -> 7490 + 417 = 7907 (8399)
[26.596155] 
[26.596160] 
[26.596170] Start  layer3: 20 SMs -> 8
[26.608924] End    layer3: 1756 -> 12750 + -2143 = 10606 (10215)
[26.608930] 
[26.608936] 
[26.608944] Start  layer4: 20 SMs -> 9
[26.622332] End    layer4: 2424 -> 13383 + 295 = 13678 (15847)
[26.622339] 
[26.622344] 
[26.622352] Start  layerX: 20 SMs -> 8
[26.623441] End    layerX: 69 -> 1083 + -418 = 664 (392)
[26.623448] 
[26.623463] Reserved: 10664us
[26.634189] 
[26.634199] Start  layer0: 10 SMs -> 13
[26.638340] End    layer0: 550 -> 4138 + -2091 = 2045 (2116)
[26.638346] 
[26.638349] 
[26.638359] Start  layer1: 30 SMs -> 10
[26.648421] End    layer1: 1118 -> 10057 + -4697 = 5359 (7472)
[26.648428] 
[26.648437] 
[26.648449] Start  layer2: 40 SMs -> 14
[26.662357] End    layer2: 1115 -> 13902 + -10234 = 3667 (8399)
[26.662364] 
[26.662373] 
[26.662384] Start  layer3: 20 SMs -> 11
[26.674823] End    layer3: 1756 -> 12435 + -12486 = -51 (10215)
[26.674829] 
[26.674834] 
[26.674843] Start  layer4: 20 SMs -> 8
[26.686403] End    layer4: 2424 -> 11555 + -8219 = 3335 (15847)
[26.686409] 
[26.686415] 
[26.686423] Start  layerX: 10 SMs -> 5
[26.688033] End    layerX: 88 -> 1606 + -9456 = -7851 (392)
[26.688039] 
[26.688047] Reserved: 1634us
[26.689747] 
[26.689762] Start  layer0: 30 SMs -> 2
[26.690243] End    layer0: 326 -> 478 + 1561 = 2039 (2116)
[26.690248] 
[26.690251] 
[26.690265] Start  layer1: 30 SMs -> 3
[26.692700] End    layer1: 1118 -> 2430 + 6576 = 9007 (7472)
[26.692706] 
[26.692711] 
[26.692722] Start  layer2: 30 SMs -> 5
[26.699291] End    layer2: 1436 -> 6564 + 8385 = 14949 (8399)
[26.699297] 
[26.699304] 
[26.699313] Start  layer3: 30 SMs -> 8
[26.705629] End    layer3: 1668 -> 6311 + 12262 = 18574 (10215)
[26.705635] 
[26.705654] 
[26.705664] Start  layer4: 30 SMs -> 7
[26.713221] End    layer4: 2352 -> 7553 + 20517 = 28070 (15847)
[26.713227] 
[26.713232] 
[26.713241] Start  layerX: 30 SMs -> 8
[26.714556] End    layerX: 69 -> 1309 + 19577 = 20886 (392)
[26.714562] 
[26.714575] Reserved: 30663us
[26.745299] 
[26.745315] Start  layer0: 10 SMs -> 4
[26.746839] End    layer0: 550 -> 1522 + 520 = 2041 (2116)
[26.746845] 
[26.746848] 
[26.746857] Start  layer1: 20 SMs -> 8
[26.754058] End    layer1: 1300 -> 7194 + 776 = 7970 (7472)
[26.754064] 
[26.754080] 
[26.754089] Start  layer2: 20 SMs -> 11
[26.761344] End    layer2: 1509 -> 7249 + 1889 = 9138 (8399)
[26.761351] 
[26.761366] 
[26.761379] Start  layer3: 20 SMs -> 7
[26.770453] End    layer3: 1756 -> 9072 + 2994 = 12065 (10215)
[26.770459] 
[26.770465] 
[26.770474] Start  layer4: 40 SMs -> 17
[26.789525] End    layer4: 2104 -> 19047 + -230 = 18816 (15847)
[26.789531] 
[26.789536] 
[26.789545] Start  layerX: 40 SMs -> 12
[26.791219] End    layerX: 52 -> 1670 + -1531 = 138 (392)
[26.791225] 
[26.791243] Reserved: 9550us
[26.800855] 
[26.800872] Start  layer0: 10 SMs -> 5
[26.802528] End    layer0: 550 -> 1654 + 386 = 2040 (2116)
[26.802534] 
[26.802537] 
[26.802546] Start  layer1: 30 SMs -> 8
[26.809756] End    layer1: 1118 -> 7206 + 632 = 7837 (7472)
[26.809762] 
[26.809767] 
[26.809775] Start  layer2: 30 SMs -> 11
[26.817772] End    layer2: 1436 -> 7993 + 1015 = 9007 (8399)
[26.817778] 
[26.817783] 
[26.817792] Start  layer3: 40 SMs -> 18
[26.837623] End    layer3: 1356 -> 19826 + -8619 = 11206 (10215)
[26.837628] 
[26.837635] 
[26.837646] Start  layer4: 30 SMs -> 7
[26.846262] End    layer4: 2352 -> 8612 + -1411 = 7199 (15847)
[26.846268] 
[26.846291] 
[26.846299] Start  layerX: 20 SMs -> 3
[26.846678] End    layerX: 69 -> 376 + -1436 = -1060 (392)
[26.846682] 
[26.846699] Reserved: 9649us
[26.856416] 
[26.856433] Start  layer0: 10 SMs -> 7
[26.859158] End    layer0: 550 -> 2722 + -686 = 2035 (2116)
[26.859163] 
[26.859167] 
[26.859175] Start  layer1: 10 SMs -> 7
[26.869374] End    layer1: 1942 -> 10193 + -3429 = 6763 (7472)
[26.869381] 
[26.869386] 
[26.869395] Start  layer2: 10 SMs -> 6
[26.879075] End    layer2: 2149 -> 9675 + -4732 = 4942 (8399)
[26.879081] 
[26.879086] 
[26.879097] Start  layer3: 10 SMs -> 5
[26.888204] End    layer3: 2418 -> 9100 + -3642 = 5456 (10215)
[26.888210] 
[26.888216] 
[26.888227] Start  layer4: 10 SMs -> 6
[26.897640] End    layer4: 3681 -> 9408 + 2766 = 12174 (15847)
[26.897645] 
[26.897652] 
[26.897661] Start  layerX: 10 SMs -> 5
[26.898902] End    layerX: 88 -> 1237 + 1896 = 3133 (392)
[26.898908] 
[26.898916] Reserved: 12988us
[26.911968] 
[26.911982] Start  layer0: 10 SMs -> 10
[26.916644] End    layer0: 550 -> 4659 + -2618 = 2040 (2116)
[26.916650] 
[26.916653] 
[26.916661] Start  layer1: 10 SMs -> 5
[26.924999] End    layer1: 1942 -> 8333 + -3499 = 4833 (7472)
[26.925005] 
[26.925020] 
[26.925029] Start  layer2: 40 SMs -> 18
[26.945348] End    layer2: 1115 -> 20315 + -15449 = 4865 (8399)
[26.945354] 
[26.945359] 
[26.945369] Start  layer3: 20 SMs -> 7
[26.955461] End    layer3: 1756 -> 10087 + -15346 = -5258 (10215)
[26.955466] 
[26.955472] 
[26.955483] Start  layer4: 30 SMs -> 7
[26.965197] End    layer4: 2352 -> 9710 + -9235 = 474 (15847)
[26.965207] 
[26.965224] 
[26.965245] Start  layerX: 30 SMs -> 5
[26.965681] End    layerX: 69 -> 432 + -9325 = -8893 (392)
[26.965688] 
[26.965712] Reserved: 1748us
[26.967526] 
[26.967542] Start  layer0: 20 SMs -> 6
[26.969079] End    layer0: 409 -> 1534 + 503 = 2037 (2116)
[26.969084] 
[26.969088] 
[26.969097] Start  layer1: 20 SMs -> 6
[26.976606] End    layer1: 1300 -> 7504 + 449 = 7953 (7472)
[26.976611] 
[26.976616] 
[26.976625] Start  layer2: 40 SMs -> 15
[26.992160] End    layer2: 1115 -> 15529 + -6704 = 8824 (8399)
[26.992167] 
[26.992186] 
[26.992199] Start  layer3: 20 SMs -> 7
[27.000938] End    layer3: 1756 -> 8734 + -5265 = 3468 (10215)
[27.000946] 
[27.000952] 
[27.000962] Start  layer4: 40 SMs -> 16
[27.023585] End    layer4: 2104 -> 22619 + -12067 = 10551 (15847)
[27.023590] 
[27.023599] 
[27.023608] Start  layerX: 10 SMs -> 5
[27.024405] End    layerX: 88 -> 791 + -12493 = -11702 (392)
[27.024412] 
[27.024426] Delayed : 1409us
[27.024435] 
[27.024443] Start  layer0: 30 SMs -> 7
[27.025770] End    layer0: 326 -> 1323 + -633 = 689 (2116)
[27.025777] 
[27.025781] 
[27.025791] Start  layer1: 20 SMs -> 6
[27.033257] End    layer1: 1300 -> 7461 + -646 = 6814 (7472)
[27.033263] 
[27.033270] 
[27.033279] Start  layer2: 40 SMs -> 18
[27.053943] End    layer2: 1115 -> 20660 + -12933 = 7726 (8399)
[27.053949] 
[27.053955] 
[27.053964] Start  layer3: 20 SMs -> 7
[27.062727] End    layer3: 1756 -> 8758 + -11501 = -2742 (10215)
[27.062732] 
[27.062738] 
[27.062748] Start  layer4: 20 SMs -> 7
[27.072779] End    layer4: 2424 -> 10026 + -5706 = 4319 (15847)
[27.072784] 
[27.072793] 
[27.072801] Start  layerX: 10 SMs -> 1
[27.072977] End    layerX: 88 -> 174 + -5513 = -5340 (392)
[27.072981] 
[27.072989] Reserved: 5581us
[27.078634] 
[27.078649] Start  layer0: 10 SMs -> 5
[27.081720] End    layer0: 550 -> 3069 + -1028 = 2040 (2116)
[27.081724] 
[27.081728] 
[27.081735] Start  layer1: 10 SMs -> 10
[27.090845] End    layer1: 1942 -> 9105 + -2679 = 6425 (7472)
[27.090851] 
[27.090856] 
[27.090864] Start  layer2: 40 SMs -> 16
[27.118027] End    layer2: 1115 -> 27156 + -21459 = 5695 (8399)
[27.118034] 
[27.118043] 
[27.118056] Start  layer3: 20 SMs -> 8
[27.127286] End    layer3: 1756 -> 9226 + -20504 = -11279 (10215)
[27.127292] 
[27.127297] 
[27.127306] Start  layer4: 30 SMs -> 6
[27.132927] End    layer4: 2352 -> 5616 + -10298 = -4682 (15847)
[27.132932] 
[27.132938] 
[27.132948] Start  layerX: 40 SMs -> 7
[27.136206] End    layerX: 52 -> 3254 + -13185 = -9931 (392)
[27.136212] 
[27.136236] Delayed : 2108us
[27.136242] 
[27.136252] Start  layer0: 40 SMs -> 15
[27.139855] End    layer0: 281 -> 3599 + -3606 = -7 (2116)
[27.139861] 
[27.139865] 
[27.139876] Start  layer1: 30 SMs -> 10
[27.146111] End    layer1: 1118 -> 6228 + -2387 = 3840 (7472)
[27.146118] 
[27.146126] 
[27.146138] Start  layer2: 10 SMs -> 5
[27.154353] End    layer2: 2149 -> 8212 + -2232 = 5978 (8399)
[27.154359] 
[27.154365] 
[27.154373] Start  layer3: 20 SMs -> 9
[27.163469] End    layer3: 1756 -> 9090 + -1130 = 7958 (10215)
[27.163476] 
[27.163486] 
[27.163497] Start  layer4: 10 SMs -> 5
[27.178026] End    layer4: 3681 -> 14527 + 155 = 14682 (15847)
[27.178031] 
[27.178036] 
[27.178043] Start  layerX: 10 SMs -> 5
[27.179330] End    layerX: 88 -> 1284 + -755 = 528 (392)
[27.179335] 
[27.179343] Reserved: 10338us
[27.189749] 
[27.189763] Start  layer0: 30 SMs -> 7
[27.191484] End    layer0: 326 -> 1718 + 319 = 2037 (2116)
[27.191489] 
[27.191493] 
[27.191502] Start  layer1: 30 SMs -> 8
[27.200828] End    layer1: 1118 -> 9322 + -1550 = 7770 (7472)
[27.200833] 
[27.200859] 
[27.200868] Start  layer2: 30 SMs -> 8
[27.211121] End    layer2: 1436 -> 10247 + -3443 = 6803 (8399)
[27.211129] 
[27.211137] 
[27.211148] Start  layer3: 40 SMs -> 17
[27.230419] End    layer3: 1356 -> 19268 + -12526 = 6740 (10215)
[27.230425] 
[27.230438] 
[27.230446] Start  layer4: 40 SMs -> 15
[27.249177] End    layer4: 2104 -> 18727 + -15437 = 3288 (15847)
[27.249183] 
[27.249189] 
[27.249202] Start  layerX: 20 SMs -> 8
[27.250391] End    layerX: 69 -> 1187 + -16259 = -15072 (392)
[27.250397] 
[27.250421] Delayed : 5183us
[27.250428] 
[27.250436] Start  layer0: 10 SMs -> 6
[27.251837] End    layer0: 550 -> 1397 + -4477 = -3080 (2116)
[27.251842] 
[27.251845] 
[27.251853] Start  layer1: 20 SMs -> 8
[27.260434] End    layer1: 1300 -> 8574 + -5599 = 2974 (7472)
[27.260441] 
[27.260477] 
[27.260491] Start  layer2: 30 SMs -> 9
[27.274518] End    layer2: 1436 -> 14022 + -11283 = 2737 (8399)
[27.274525] 
[27.274532] 
[27.274544] Start  layer3: 40 SMs -> 18
[27.296518] End    layer3: 1356 -> 21970 + -23069 = -1100 (10215)
[27.296524] 
[27.296531] 
[27.296540] Start  layer4: 30 SMs -> 9
[27.302484] End    layer4: 2352 -> 5940 + -13189 = -7249 (15847)
[27.302490] 
[27.302512] 
[27.302521] Start  layerX: 30 SMs -> 7
[27.302942] End    layerX: 69 -> 416 + -13254 = -12838 (392)
[27.302948] 
[27.302961] Delayed : 2166us
[27.302969] 
[27.302980] Start  layer0: 30 SMs -> 7
[27.304142] End    layer0: 326 -> 1157 + -1226 = -69 (2116)
[27.304148] 
[27.304151] 
[27.304159] Start  layer1: 20 SMs -> 7
[27.311519] End    layer1: 1300 -> 7355 + -1130 = 6224 (7472)
[27.311526] 
[27.311533] 
[27.311543] Start  layer2: 20 SMs -> 9
[27.319245] End    layer2: 1509 -> 7697 + -456 = 7240 (8399)
[27.319252] 
[27.319258] 
[27.319267] Start  layer3: 20 SMs -> 7
[27.330007] End    layer3: 1756 -> 10733 + -1001 = 9731 (10215)
[27.330014] 
[27.330034] 
[27.330048] Start  layer4: 30 SMs -> 8
[27.338601] End    layer4: 2352 -> 8548 + 6251 = 14799 (15847)
[27.338608] 
[27.338614] 
[27.338625] Start  layerX: 20 SMs -> 8
[27.339566] End    layerX: 69 -> 938 + 5676 = 6614 (392)
[27.339571] 
[27.339582] Reserved: 16767us
[27.356417] 
[27.356435] Start  layer0: 10 SMs -> 10
[27.358669] End    layer0: 550 -> 2233 + -198 = 2034 (2116)
[27.358675] 
[27.358678] 
[27.358687] Start  layer1: 40 SMs -> 15
[27.383388] End    layer1: 992 -> 24696 + -17443 = 7251 (7472)
[27.383393] 
[27.383412] 
[27.383422] Start  layer2: 20 SMs -> 8
[27.396150] End    layer2: 1509 -> 12721 + -21804 = -9083 (8399)
[27.396157] 
[27.396168] 
[27.396179] Start  layer3: 10 SMs -> 7
[27.403083] End    layer3: 2418 -> 6900 + -18524 = -11624 (10215)
[27.403089] 
[27.403093] 
[27.403102] Start  layer4: 30 SMs -> 5
[27.409333] End    layer4: 2352 -> 6226 + -8927 = -2701 (15847)
[27.409339] 
[27.409345] 
[27.409355] Start  layerX: 20 SMs -> 4
[27.410034] End    layerX: 69 -> 676 + -9236 = -8560 (392)
[27.410039] 
[27.410055] Reserved: 1849us
[27.411968] 
[27.411983] Start  layer0: 30 SMs -> 10
[27.414266] End    layer0: 326 -> 2281 + -240 = 2040 (2116)
[27.414272] 
[27.414275] 
[27.414284] Start  layer1: 40 SMs -> 18
[27.431216] End    layer1: 992 -> 16928 + -9716 = 7210 (7472)
[27.431224] 
[27.431230] 
[27.431240] Start  layer2: 40 SMs -> 18
[27.448964] End    layer2: 1115 -> 17716 + -19061 = -1346 (8399)
[27.448973] 
[27.448981] 
[27.448995] Start  layer3: 10 SMs -> 6
[27.456924] End    layer3: 2418 -> 7923 + -16807 = -8884 (10215)
[27.456930] 
[27.456936] 
[27.456946] Start  layer4: 40 SMs -> 14
[27.476639] End    layer4: 2104 -> 19689 + -20677 = -988 (15847)
[27.476645] 
[27.476653] 
[27.476664] Start  layerX: 10 SMs -> 7
[27.477736] End    layerX: 88 -> 1067 + -21380 = -20313 (392)
[27.477743] 
[27.477770] Delayed : 10310us
[27.477777] 
[27.477786] Start  layer0: 10 SMs -> 7
[27.479299] End    layer0: 550 -> 1509 + -9717 = -8208 (2116)
[27.479304] 
[27.479308] 
[27.479317] Start  layer1: 10 SMs -> 8
[27.491454] End    layer1: 1942 -> 12133 + -14399 = -2267 (7472)
[27.491461] 
[27.491467] 
[27.491475] Start  layer2: 10 SMs -> 7
[27.502627] End    layer2: 2149 -> 11147 + -17172 = -6025 (8399)
[27.502632] 
[27.502639] 
[27.502648] Start  layer3: 20 SMs -> 9
[27.512873] End    layer3: 1756 -> 10220 + -17203 = -6982 (10215)
[27.512879] 
[27.512918] 
[27.512927] Start  layer4: 20 SMs -> 6
[27.520750] End    layer4: 2424 -> 7818 + -9232 = -1414 (15847)
[27.520755] 
[27.520762] 
[27.520771] Start  layerX: 40 SMs -> 13
[27.522783] End    layerX: 52 -> 2008 + -10873 = -8865 (392)
[27.522789] 
[27.522798] Reserved: 217us
[27.523081] 
[27.523093] Start  layer0: 20 SMs -> 10
[27.526703] End    layer0: 409 -> 3607 + -1565 = 2041 (2116)
[27.526709] 
[27.526712] 
[27.526720] Start  layer1: 10 SMs -> 15
[27.537954] End    layer1: 1942 -> 11228 + -5342 = 5885 (7472)
[27.537961] 
[27.537976] 
[27.537986] Start  layer2: 20 SMs -> 9
[27.547091] End    layer2: 1509 -> 9104 + -6084 = 3019 (8399)
[27.547094] 
[27.547097] 
[27.547103] Start  layer3: 10 SMs -> 7
[27.559156] End    layer3: 2418 -> 12051 + -7934 = 4116 (10215)
[27.559159] 
[27.559162] 
[27.559167] Start  layer4: 30 SMs -> 9
[27.569215] End    layer4: 2352 -> 10045 + -2146 = 7899 (15847)
[27.569218] 
[27.569220] 
[27.569226] Start  layerX: 40 SMs -> 8
[27.570612] End    layerX: 52 -> 1384 + -3150 = -1766 (392)
[27.570615] 
[27.570640] Reserved: 7930us
[27.578631] 
[27.578641] Start  layer0: 10 SMs -> 12
[27.582694] End    layer0: 550 -> 4052 + -2004 = 2047 (2116)
[27.582697] 
[27.582699] 
[27.582703] Start  layer1: 40 SMs -> 14
[27.592636] End    layer1: 992 -> 9930 + -4473 = 5456 (7472)
[27.592639] 
[27.592646] 
[27.592651] Start  layer2: 30 SMs -> 9
[27.599536] End    layer2: 1436 -> 6882 + -2974 = 3907 (8399)
[27.599539] 
[27.599547] 
[27.599552] Start  layer3: 40 SMs -> 14
[27.614566] End    layer3: 1356 -> 15012 + -7788 = 7223 (10215)
[27.614569] 
[27.614572] 
[27.614577] Start  layer4: 20 SMs -> 8
[27.624414] End    layer4: 2424 -> 9834 + -1789 = 8044 (15847)
[27.624416] 
[27.624421] 
[27.624427] Start  layerX: 10 SMs -> 4
[27.624592] End    layerX: 88 -> 163 + -1575 = -1411 (392)
[27.624594] 
[27.624599] Reserved: 9527us
[27.634185] 
[27.634193] Start  layer0: 20 SMs -> 9
[27.636031] End    layer0: 409 -> 1833 + 217 = 2050 (2116)
[27.636037] 
[27.636040] 
[27.636048] Start  layer1: 30 SMs -> 8
[27.642404] End    layer1: 1118 -> 6350 + 1318 = 7669 (7472)
[27.642410] 
[27.642428] 
[27.642437] Start  layer2: 30 SMs -> 9
[27.649708] End    layer2: 1436 -> 7267 + 2412 = 9679 (8399)
[27.649716] 
[27.649723] 
[27.649732] Start  layer3: 30 SMs -> 8
[27.660558] End    layer3: 1668 -> 10820 + 1780 = 12600 (10215)
[27.660563] 
[27