[31.267709] layer0:
[31.281044] 	10	342us, 542us
[31.290819] 	20	234us, 351us
[31.300419] 	30	204us, 329us
[31.309242] 	40	184us, 291us
[31.309255] Params: 0.64	0.36	0.36

[31.309259] layer1:
[31.346413] 	10	1110us, 1931us
[31.370762] 	20	794us, 1254us
[31.393647] 	30	693us, 1197us
[31.414526] 	40	681us, 997us
[31.414539] Params: 0.62	0.25	0.41

[31.414544] layer2:
[31.457356] 	10	1326us, 2197us
[31.486920] 	20	988us, 1543us
[31.514542] 	30	927us, 1401us
[31.537875] 	40	795us, 1125us
[31.537888] Params: 0.65	0.32	0.45

[31.537895] layer3:
[31.584200] 	10	1399us, 2403us
[31.614881] 	20	964us, 1699us
[31.644345] 	30	928us, 1624us
[31.670867] 	40	892us, 1326us
[31.670880] Params: 0.60	0.22	0.39

[31.670887] layer4:
[31.740797] 	10	2379us, 3534us
[31.784612] 	20	1566us, 2419us
[31.826214] 	30	1509us, 2268us
[31.865432] 	40	1415us, 2103us
[31.865444] Params: 0.66	0.26	0.28

[31.865450] layerX:
[31.870952] 	10	44us, 84us
[31.875927] 	20	41us, 68us
[31.881101] 	30	40us, 63us
[31.886201] 	40	39us, 53us
[31.886215] Params: 0.63	0.06	0.33

