[55.493010] 
[55.493029] Start  layer0: 20 SMs -> 3
[55.494363] End    layer0: 351 -> 1334 + 622 = 1956 (1976)
[55.494366] 
[55.494368] 
[55.494373] Start  layer1: 30 SMs -> 8
[55.506626] End    layer1: 1196 -> 12249 + -4873 = 7375 (6765)
[55.506630] 
[55.506634] 
[55.506641] Start  layer2: 10 SMs -> 5
[55.511774] End    layer2: 2196 -> 5131 + -2388 = 2742 (7634)
[55.511777] 
[55.511789] 
[55.511794] Start  layer3: 40 SMs -> 13
[55.525176] End    layer3: 1326 -> 13379 + -6792 = 6586 (8997)
[55.525180] 
[55.525184] 
[55.525191] Start  layer4: 30 SMs -> 9
[55.536853] End    layer4: 2268 -> 11659 + -4200 = 7458 (14269)
[55.536856] 
[55.536860] 
[55.536866] Start  layerX: 30 SMs -> 8
[55.538089] End    layerX: 63 -> 1221 + -5079 = -3857 (358)
[55.538092] 
[55.538096] Reserved: 4910us
[55.543066] 
[55.543073] Start  layer0: 30 SMs -> 7
[55.544899] End    layer0: 329 -> 1824 + 87 = 1911 (1976)
[55.544901] 
[55.544903] 
[55.544908] Start  layer1: 40 SMs -> 13
[55.558024] End    layer1: 997 -> 13110 + -6268 = 6840 (6765)
[55.558030] 
[55.558037] 
[55.558047] Start  layer2: 10 SMs -> 7
[55.567586] End    layer2: 2196 -> 9536 + -8198 = 1337 (7634)
[55.567591] 
[55.567599] 
[55.567608] Start  layer3: 10 SMs -> 7
[55.578748] End    layer3: 2402 -> 11136 + -10362 = 773 (8997)
[55.578753] 
[55.578757] 
[55.578764] Start  layer4: 30 SMs -> 7
[55.588566] End    layer4: 2268 -> 9798 + -5912 = 3886 (14269)
[55.588570] 
[55.588588] 
[55.588597] Start  layerX: 30 SMs -> 3
[55.589280] End    layerX: 63 -> 680 + -6266 = -5587 (358)
[55.589286] 
[55.589301] Reserved: 3706us
[55.593069] 
[55.593079] Start  layer0: 10 SMs -> 2
[55.594183] End    layer0: 541 -> 1100 + 806 = 1906 (1976)
[55.594188] 
[55.594192] 
[55.594202] Start  layer1: 40 SMs -> 14
[55.603943] End    layer1: 997 -> 9735 + -2186 = 7548 (6765)
[55.603950] 
[55.603957] 
[55.603969] Start  layer2: 40 SMs -> 14
[55.617217] End    layer2: 1125 -> 13245 + -7828 = 5416 (7634)
[55.617222] 
[55.617228] 
[55.617237] Start  layer3: 40 SMs -> 15
[55.634830] End    layer3: 1326 -> 17586 + -16441 = 1144 (8997)
[55.634837] 
[55.634843] 
[55.634855] Start  layer4: 40 SMs -> 11
[55.650594] End    layer4: 2103 -> 15735 + -17937 = -2203 (14269)
[55.650602] 
[55.650612] 
[55.650626] Start  layerX: 40 SMs -> 12
[55.652190] End    layerX: 52 -> 1559 + -19173 = -17614 (358)
[55.652198] 
[55.652217] Delayed : 9207us
[55.652226] 
[55.652241] Start  layer0: 30 SMs -> 8
[55.654765] End    layer0: 329 -> 2520 + -9773 = -7253 (1976)
[55.654771] 
[55.654776] 
[55.654787] Start  layer1: 20 SMs -> 6
[55.660379] End    layer1: 1254 -> 5587 + -8622 = -3035 (6765)
[55.660386] 
[55.660393] 
[55.660404] Start  layer2: 40 SMs -> 17
[55.681529] End    layer2: 1125 -> 21119 + -22137 = -1018 (7634)
[55.681537] 
[55.681544] 
[55.681554] Start  layer3: 40 SMs -> 13
[55.697610] End    layer3: 1326 -> 16052 + -29223 = -13172 (8997)
[55.697615] 
[55.697626] 
[55.697636] Start  layer4: 30 SMs -> 9
[55.707388] End    layer4: 2268 -> 9746 + -24731 = -14985 (14269)
[55.707395] 
[55.707420] 
[55.707432] Start  layerX: 10 SMs -> 5
[55.707945] End    layerX: 83 -> 509 + -24930 = -24421 (358)
[55.707952] 
[55.707978] Delayed : 14968us
[55.707986] 
[55.707994] Start  layer0: 10 SMs -> 5
[55.709895] End    layer0: 541 -> 1896 + -14904 = -13008 (1976)
[55.709900] 
[55.709903] 
[55.709911] Start  layer1: 10 SMs -> 5
[55.716906] End    layer1: 1931 -> 6990 + -15150 = -8160 (6765)
[55.716911] 
[55.716919] 
[55.716928] Start  layer2: 10 SMs -> 5
[55.728037] End    layer2: 2196 -> 11104 + -18647 = -7543 (7634)
[55.728042] 
[55.728047] 
[55.728058] Start  layer3: 10 SMs -> 5
[55.736871] End    layer3: 2402 -> 8808 + -18483 = -9675 (8997)
[55.736877] 
[55.736884] 
[55.736895] Start  layer4: 30 SMs -> 4
[55.743917] End    layer4: 2268 -> 7017 + -11260 = -4243 (14269)
[55.743924] 
[55.743931] 
[55.743941] Start  layerX: 30 SMs -> 4
[55.744588] End    layerX: 63 -> 641 + -11572 = -10931 (358)
[55.744595] 
[55.744608] Delayed : 1598us
[55.744616] 
[55.744625] Start  layer0: 30 SMs -> 7
[55.747803] End    layer0: 329 -> 3174 + -2813 = 360 (1976)
[55.747819] 
[55.747850] 
[55.747862] Start  layer1: 30 SMs -> 9
[55.757559] End    layer1: 1196 -> 9693 + -5804 = 3888 (6765)
[55.757564] 
[55.757570] 
[55.757578] Start  layer2: 20 SMs -> 8
[55.764576] End    layer2: 1543 -> 6993 + -5187 = 1806 (7634)
[55.764581] 
[55.764589] 
[55.764597] Start  layer3: 40 SMs -> 13
[55.776465] End    layer3: 1326 -> 11863 + -8079 = 3784 (8997)
[55.776470] 
[55.776493] 
[55.776506] Start  layer4: 10 SMs -> 5
[55.785383] End    layer4: 3533 -> 8872 + -2726 = 6145 (14269)
[55.785390] 
[55.785397] 
[55.785409] Start  layerX: 30 SMs -> 9
[55.786323] End    layerX: 63 -> 912 + -3309 = -2398 (358)
[55.786328] 
[55.786336] Reserved: 6672us
[55.793073] 
[55.793087] Start  layer0: 10 SMs -> 3
[55.796695] End    layer0: 541 -> 3605 + -1705 = 1899 (1976)
[55.796701] 
[55.796705] 
[55.796713] Start  layer1: 40 SMs -> 13
[55.807775] End    layer1: 997 -> 11057 + -6019 = 5036 (6765)
[55.807780] 
[55.807787] 
[55.807796] Start  layer2: 40 SMs -> 16
[55.825207] End    layer2: 1125 -> 17405 + -15816 = 1588 (7634)
[55.825215] 
[55.825224] 
[55.825236] Start  layer3: 20 SMs -> 7
[55.836635] End    layer3: 1699 -> 11396 + -18248 = -6853 (8997)
[55.836642] 
[55.836653] 
[55.836665] Start  layer4: 10 SMs -> 7
[55.851726] End    layer4: 3533 -> 15056 + -19069 = -4013 (14269)
[55.851733] 
[55.851740] 
[55.851751] Start  layerX: 10 SMs -> 7
[55.852868] End    layerX: 83 -> 1113 + -19854 = -18741 (358)
[55.852873] 
[55.852882] Delayed : 9874us
[55.852889] 
[55.852896] Start  layer0: 30 SMs -> 7
[55.854401] End    layer0: 329 -> 1501 + -9411 = -7910 (1976)
[55.854407] 
[55.854410] 
[55.854418] Start  layer1: 10 SMs -> 8
[55.867224] End    layer1: 1931 -> 12801 + -15469 = -2667 (6765)
[55.867230] 
[55.867238] 
[55.867250] Start  layer2: 10 SMs -> 8
[55.881111] End    layer2: 2196 -> 13855 + -21720 = -7865 (7634)
[55.881118] 
[55.881157] 
[55.881169] Start  layer3: 20 SMs -> 7
[55.891475] End    layer3: 1699 -> 10303 + -23089 = -12786 (8997)
[55.891481] 
[55.891495] 
[55.891504] Start  layer4: 30 SMs -> 4
[55.899918] End    layer4: 2268 -> 8408 + -17261 = -8853 (14269)
[55.899925] 
[55.899934] 
[55.899947] Start  layerX: 30 SMs -> 8
[55.900546] End    layerX: 63 -> 597 + -17532 = -16936 (358)
[55.900551] 
[55.900598] Delayed : 7588us
[55.900606] 
[55.900617] Start  layer0: 10 SMs -> 6
[55.904265] End    layer0: 541 -> 3643 + -9273 = -5630 (1976)
[55.904271] 
[55.904275] 
[55.904283] Start  layer1: 10 SMs -> 8
[55.912603] End    layer1: 1931 -> 8316 + -10848 = -2532 (6765)
[55.912608] 
[55.912614] 
[55.912623] Start  layer2: 30 SMs -> 10
[55.920026] End    layer2: 1401 -> 7399 + -10637 = -3238 (7634)
[55.920031] 
[55.920054] 
[55.920065] Start  layer3: 10 SMs -> 6
[55.928090] End    layer3: 2402 -> 8022 + -9704 = -1682 (8997)
[55.928095] 
[55.928104] 
[55.928113] Start  layer4: 30 SMs -> 8
[55.940840] End    layer4: 2268 -> 12721 + -8182 = 4537 (14269)
[55.940847] 
[55.940854] 
[55.940865] Start  layerX: 20 SMs -> 5
[55.941857] End    layerX: 68 -> 986 + -8841 = -7854 (358)
[55.941864] 
[55.941876] Reserved: 1132us
[55.943073] 
[55.943085] Start  layer0: 30 SMs -> 8
[55.945378] End    layer0: 329 -> 2288 + -386 = 1901 (1976)
[55.945385] 
[55.945389] 
[55.945401] Start  layer1: 30 SMs -> 8
[55.953998] End    layer1: 1196 -> 8594 + -2243 = 6350 (6765)
[55.954004] 
[55.954011] 
[55.954021] Start  layer2: 10 SMs -> 7
[55.961111] End    layer2: 2196 -> 7086 + -1722 = 5363 (7634)
[55.961117] 
[55.961121] 
[55.961129] Start  layer3: 20 SMs -> 7
[55.968331] End    layer3: 1699 -> 7197 + 55 = 7252 (8997)
[55.968336] 
[55.968362] 
[55.968370] Start  layer4: 10 SMs -> 6
[55.976335] End    layer4: 3533 -> 7961 + 6319 = 14280 (14269)
[55.976341] 
[55.976347] 
[55.976355] Start  layerX: 10 SMs -> 4
[55.977285] End    layerX: 83 -> 927 + 5727 = 6654 (358)
[55.977289] 
[55.977297] Reserved: 15711us
[55.993074] 
[55.993089] Start  layer0: 10 SMs -> 4
[55.995368] End    layer0: 541 -> 2274 + -376 = 1897 (1976)
[55.995375] 
[55.995379] 
[55.995390] Start  layer1: 10 SMs -> 5
[56.001929] End    layer1: 1931 -> 6533 + -171 = 6361 (6765)
[56.001979] 
[56.001995] 
[56.002005] Start  layer2: 10 SMs -> 5
[56.011952] End    layer2: 2196 -> 9943 + -2562 = 7380 (7634)
[56.011957] 
[56.011967] 
[56.011976] Start  layer3: 40 SMs -> 15
[56.031460] End    layer3: 1326 -> 19479 + -13074 = 6405 (8997)
[56.031465] 
[56.031482] 
[56.031491] Start  layer4: 40 SMs -> 16
[56.045952] End    layer4: 2103 -> 14456 + -13296 = 1159 (14269)
[56.045957] 
[56.045962] 
[56.045971] Start  layerX: 10 SMs -> 8
[56.047488] End    layerX: 83 -> 1510 + -14471 = -12961 (358)
[56.047495] 
[56.047542] Delayed : 4533us
[56.047552] 
[56.047563] Start  layer0: 30 SMs -> 7
[56.050122] End    layer0: 329 -> 2556 + -5132 = -2576 (1976)
[56.050128] 
[56.050131] 
[56.050139] Start  layer1: 30 SMs -> 9
[56.057966] End    layer1: 1196 -> 7821 + -6209 = 1610 (6765)
[56.057973] 
[56.058039] 
[56.058051] Start  layer2: 40 SMs -> 15
[56.078616] End    layer2: 1125 -> 20560 + -19226 = 1334 (7634)
[56.078623] 
[56.078631] 
[56.078643] Start  layer3: 30 SMs -> 8
[56.086607] End    layer3: 1623 -> 7961 + -18221 = -10260 (8997)
[56.086613] 
[56.086620] 
[56.086629] Start  layer4: 40 SMs -> 14
[56.107401] End    layer4: 2103 -> 20766 + -24744 = -3978 (14269)
[56.107408] 
[56.107417] 
[56.107429] Start  layerX: 20 SMs -> 9
[56.108480] End    layerX: 68 -> 1047 + -25466 = -24419 (358)
[56.108485] 
[56.108498] Delayed : 15489us
[56.108504] 
[56.108513] Start  layer0: 10 SMs -> 8
[56.110228] End    layer0: 541 -> 1711 + -15238 = -13527 (1976)
[56.110234] 
[56.110237] 
[56.110246] Start  layer1: 20 SMs -> 8
[56.117760] End    layer1: 1254 -> 7509 + -16004 = -8495 (6765)
[56.117765] 
[56.117771] 
[56.117779] Start  layer2: 30 SMs -> 6
[56.126086] End    layer2: 1401 -> 8300 + -16694 = -8394 (7634)
[56.126093] 
[56.126128] 
[56.126140] Start  layer3: 30 SMs -> 8
[56.138147] End    layer3: 1623 -> 12002 + -19761 = -7758 (8997)
[56.138153] 
[56.138158] 
[56.138166] Start  layer4: 30 SMs -> 6
[56.148683] End    layer4: 2268 -> 10513 + -16028 = -5515 (14269)
[56.148689] 
[56.148695] 
[56.148704] Start  layerX: 10 SMs -> 6
[56.149607] End    layerX: 83 -> 899 + -16593 = -15694 (358)
[56.149613] 
[56.149644] Delayed : 6635us
[56.149653] 
[56.149664] Start  layer0: 10 SMs -> 5
[56.152436] End    layer0: 541 -> 2767 + -7444 = -4677 (1976)
[56.152443] 
[56.152447] 
[56.152457] Start  layer1: 10 SMs -> 9
[56.163153] End    layer1: 1931 -> 10692 + -11398 = -706 (6765)
[56.163159] 
[56.163172] 
[56.163182] Start  layer2: 20 SMs -> 6
[56.169516] End    layer2: 1543 -> 6330 + -10127 = -3797 (7634)
[56.169522] 
[56.169536] 
[56.169546] Start  layer3: 20 SMs -> 6
[56.176869] End    layer3: 1699 -> 7317 + -8480 = -1164 (8997)
[56.176876] 
[56.176884] 
[56.176896] Start  layer4: 20 SMs -> 7
[56.187356] End    layer4: 2418 -> 10457 + -4701 = 5755 (14269)
[56.187362] 
[56.187367] 
[56.187375] Start  layerX: 20 SMs -> 8
[56.188778] End    layerX: 68 -> 1399 + -5764 = -4365 (358)
[56.188783] 
[56.188793] Reserved: 4215us
[56.193077] 
[56.193095] Start  layer0: 40 SMs -> 13
[56.198667] End    layer0: 291 -> 5571 + -3677 = 1893 (1976)
[56.198673] 
[56.198676] 
[56.198685] Start  layer1: 40 SMs -> 17
[56.210989] End    layer1: 997 -> 12299 + -9233 = 3065 (6765)
[56.210994] 
[56.211002] 
[56.211011] Start  layer2: 30 SMs -> 9
[56.220483] End    layer2: 1401 -> 9468 + -11094 = -1626 (7634)
[56.220489] 
[56.220494] 
[56.220502] Start  layer3: 10 SMs -> 5
[56.228510] End    layer3: 2402 -> 8002 + -10122 = -2120 (8997)
[56.228517] 
[56.228553] 
[56.228566] Start  layer4: 10 SMs -> 5
[56.239172] End    layer4: 3533 -> 10602 + -6515 = 4086 (14269)
[56.239179] 
[56.239187] 
[56.239199] Start  layerX: 20 SMs -> 6
[56.239962] End    layerX: 68 -> 758 + -6946 = -6188 (358)
[56.239968] 
[56.239979] Reserved: 3029us
[56.243074] 
[56.243088] Start  layer0: 30 SMs -> 7
[56.245369] End    layer0: 329 -> 2278 + -379 = 1898 (1976)
[56.245374] 
[56.245378] 
[56.245386] Start  layer1: 20 SMs -> 4
[56.252321] End    layer1: 1254 -> 6930 + -566 = 6363 (6765)
[56.252327] 
[56.252333] 
[56.252342] Start  layer2: 10 SMs -> 7
[56.261135] End    layer2: 2196 -> 8788 + -1745 = 7042 (7634)
[56.261180] 
[56.261187] 
[56.261196] Start  layer3: 20 SMs -> 8
[56.267598] End    layer3: 1699 -> 6397 + 788 = 7185 (8997)
[56.267603] 
[56.267609] 
[56.267620] Start  layer4: 20 SMs -> 7
[56.275491] End    layer4: 2418 -> 7867 + 7163 = 15030 (14269)
[56.275497] 
[56.275504] 
[56.275513] Start  layerX: 10 SMs -> 8
[56.276474] End    layerX: 83 -> 957 + 6539 = 7496 (358)
[56.276480] 
[56.276492] Reserved: 16516us
[56.293076] 
[56.293090] Start  layer0: 10 SMs -> 5
[56.294816] End    layer0: 541 -> 1721 + 175 = 1896 (1976)
[56.294823] 
[56.294827] 
[56.294839] Start  layer1: 10 SMs -> 7
[56.301411] End    layer1: 1931 -> 6567 + 345 = 6912 (6765)
[56.301418] 
[56.301425] 
[56.301436] Start  layer2: 30 SMs -> 7
[56.307399] End    layer2: 1401 -> 5959 + 1990 = 7948 (7634)
[56.307404] 
[56.307409] 
[56.307417] Start  layer3: 30 SMs -> 5
[56.313633] End    layer3: 1623 -> 6211 + 4753 = 10963 (8997)
[56.313638] 
[56.313652] 
[56.313661] Start  layer4: 30 SMs -> 6
[56.320691] End    layer4: 2268 -> 7024 + 11965 = 18989 (14269)
[56.320698] 
[56.320709] 
[56.320721] Start  layerX: 30 SMs -> 7
[56.321231] End    layerX: 63 -> 505 + 11784 = 12289 (358)
[56.321237] 
[56.321250] Reserved: 21758us
[56.343073] 
[56.343087] Start  layer0: 10 SMs -> 3
[56.345824] End    layer0: 541 -> 2734 + -834 = 1899 (1976)
[56.345830] 
[56.345833] 
[56.345842] Start  layer1: 40 SMs -> 13
[56.359252] End    layer1: 997 -> 13405 + -7496 = 5908 (6765)
[56.359257] 
[56.359262] 
[56.359271] Start  layer2: 20 SMs -> 9
[56.368798] End    layer2: 1543 -> 9521 + -9407 = 112 (7634)
[56.368803] 
[56.368809] 
[56.368817] Start  layer3: 40 SMs -> 17
[56.391491] End    layer3: 1326 -> 22669 + -23105 = -435 (8997)
[56.391496] 
[56.391502] 
[56.391510] Start  layer4: 40 SMs -> 14
[56.406177] End    layer4: 2103 -> 14664 + -23524 = -8859 (14269)
[56.406181] 
[56.406186] 
[56.406193] Start  layerX: 30 SMs -> 5
[56.406632] End    layerX: 63 -> 435 + -23618 = -23184 (358)
[56.406637] 
[56.406647] Delayed : 13638us
[56.406653] 
[56.406661] Start  layer0: 30 SMs -> 5
[56.407686] End    layer0: 329 -> 1019 + -12694 = -11675 (1976)
[56.407693] 
[56.407697] 
[56.407708] Start  layer1: 30 SMs -> 6
[56.414320] End    layer1: 1196 -> 6607 + -12563 = -5956 (6765)
[56.414326] 
[56.414332] 
[56.414342] Start  layer2: 40 SMs -> 14
[56.428164] End    layer2: 1125 -> 13819 + -18775 = -4956 (7634)
[56.428170] 
[56.428176] 
[56.428188] Start  layer3: 40 SMs -> 15
[56.443357] End    layer3: 1326 -> 15167 + -24972 = -9805 (8997)
[56.443361] 
[56.443365] 
[56.443373] Start  layer4: 30 SMs -> 10
[56.455307] End    layer4: 2268 -> 11929 + -22652 = -10723 (14269)
[56.455313] 
[56.455318] 
[56.455327] Start  layerX: 10 SMs -> 6
[56.456371] End    layerX: 83 -> 1039 + -23357 = -22317 (358)
[56.456376] 
[56.456386] Delayed : 13377us
[56.456392] 
[56.456400] Start  layer0: 20 SMs -> 9
[56.458430] End    layer0: 351 -> 2025 + -13439 = -11414 (1976)
[56.458435] 
[56.458438] 
[56.458447] Start  layer1: 40 SMs -> 15
[56.472040] End    layer1: 997 -> 13589 + -20285 = -6696 (6765)
[56.472046] 
[56.472051] 
[56.472060] Start  layer2: 40 SMs -> 15
[56.489214] End    layer2: 1125 -> 17151 + -29826 = -12675 (7634)
[56.489218] 
[56.489223] 
[56.489230] Start  layer3: 10 SMs -> 7
[56.500281] End    layer3: 2402 -> 11046 + -31895 = -20849 (8997)
[56.500287] 
[56.500319] 
[56.500327] Start  layer4: 20 SMs -> 11
[56.512390] End    layer4: 2418 -> 12058 + -29735 = -17676 (14269)
[56.512396] 
[56.512401] 
[56.512409] Start  layerX: 20 SMs -> 8
[56.513020] End    layerX: 68 -> 606 + -30005 = -29399 (358)
[56.513025] 
[56.513034] Delayed : 20025us
[56.513040] 
[56.513050] Start  layer0: 10 SMs -> 8
[56.515045] End    layer0: 541 -> 1992 + -20055 = -18063 (1976)
[56.515051] 
[56.515054] 
[56.515063] Start  layer1: 10 SMs -> 7
[56.524179] End    layer1: 1931 -> 9114 + -22426 = -13312 (6765)
[56.524182] 
[56.524186] 
[56.524190] Start  layer2: 10 SMs -> 5
[56.535402] End    layer2: 2196 -> 11205 + -26011 = -14807 (7634)
[56.535410] 
[56.535416] 
[56.535427] Start  layer3: 20 SMs -> 10
[56.548352] End    layer3: 1699 -> 12921 + -29966 = -17044 (8997)
[56.548383] 
[56.548391] 
[56.548401] Start  layer4: 20 SMs -> 8
[56.558573] End    layer4: 2418 -> 10167 + -25916 = -15750 (14269)
[56.558580] 
[56.558588] 
[56.558600] Start  layerX: 30 SMs -> 8
[56.559339] End    layerX: 63 -> 735 + -26325 = -25589 (358)
[56.559344] 
[56.559353] Delayed : 16344us
[56.559359] 
[56.559367] Start  layer0: 40 SMs -> 12
[56.562199] End    layer0: 291 -> 2826 + -17207 = -14381 (1976)
[56.562206] 
[56.562210] 
[56.562221] Start  layer1: 40 SMs -> 14
[56.571603] End    layer1: 997 -> 9378 + -19848 = -10469 (6765)
[56.571608] 
[56.571614] 
[56.571623] Start  layer2: 40 SMs -> 13
[56.587439] End    layer2: 1125 -> 15811 + -28049 = -12238 (7634)
[56.587444] 
[56.587453] 
[56.587461] Start  layer3: 40 SMs -> 10
[56.599538] End    layer3: 1326 -> 12072 + -31151 = -19079 (8997)
[56.599543] 
[56.599548] 
[56.599557] Start  layer4: 40 SMs -> 12
[56.610969] End    layer4: 2103 -> 11408 + -28314 = -16906 (14269)
[56.610975] 
[56.610988] 
[56.610997] Start  layerX: 10 SMs -> 6
[56.611578] End    layerX: 83 -> 577 + -28564 = -27987 (358)
[56.611583] 
[56.611636] Delayed : 18628us
[56.611643] 
[56.611651] Start  layer0: 10 SMs -> 5
[56.614520] End    layer0: 541 -> 2862 + -19527 = -16665 (1976)
[56.614527] 
[56.614531] 
[56.614542] Start  layer1: 20 SMs -> 6
[56.620752] End    layer1: 1254 -> 6207 + -18997 = -12790 (6765)
[56.620758] 
[56.620764] 
[56.620774] Start  layer2: 40 SMs -> 12
[56.639560] End    layer2: 1125 -> 18781 + -30169 = -11389 (7634)
[56.639567] 
[56.639585] 
[56.639596] Start  layer3: 30 SMs -> 2
[56.641541] End    layer3: 1623 -> 1939 + -23152 = -21214 (8997)
[56.641548] 
[56.641553] 
[56.641564] Start  layer4: 30 SMs -> 2
[56.646924] End    layer4: 2268 -> 5357 + -14269 = -8912 (14269)
[56.646930] 
[56.646935] 
[56.646943] Start  layerX: 10 SMs -> 5
[56.647239] End    layerX: 83 -> 289 + -14223 = -13933 (358)
[56.647245] 
[56.647260] Delayed : 4251us
[56.647267] 
[56.647277] Start  layer0: 10 SMs -> 5
[56.648770] End    layer0: 541 -> 1489 + -3780 = -2291 (1976)
[56.648776] 
[56.648779] 
[56.648789] Start  layer1: 10 SMs -> 5
[56.656716] End    layer1: 1931 -> 7922 + -4959 = 2962 (6765)
[56.656722] 
[56.656745] 
[56.656753] Start  layer2: 20 SMs -> 6
[56.665304] End    layer2: 1543 -> 8545 + -5913 = 2631 (7634)
[56.665311] 
[56.665329] 
[56.665340] Start  layer3: 30 SMs -> 6
[56.673537] End    layer3: 1623 -> 8192 + -5149 = 3042 (8997)
[56.673544] 
[56.673568] 
[56.673581] Start  layer4: 30 SMs -> 6
[56.683393] End    layer4: 2268 -> 9809 + -738 = 9070 (14269)
[56.683399] 
[56.683404] 
[56.683412] Start  layerX: 20 SMs -> 4
[56.683973] End    layerX: 68 -> 558 + -960 = -402 (358)
[56.683977] 
[56.683987] Reserved: 9021us
[56.693069] 
[56.693077] Start  layer0: 10 SMs -> 1
[56.693963] End    layer0: 541 -> 881 + 1026 = 1907 (1976)
[56.693968] 
[56.693971] 
[56.693979] Start  layer1: 30 SMs -> 4
[56.698173] End    layer1: 1196 -> 4190 + 3581 = 7771 (6765)
[56.698179] 
[56.698191] 
[56.698199] Start  layer2: 30 SMs -> 7
[56.705318] End    layer2: 1401 -> 7113 + 4072 = 11185 (7634)
[56.705325] 
[56.705349] 
[56.705361] Start  layer3: 10 SMs -> 4
[56.710771] End    layer3: 2402 -> 5407 + 7614 = 13021 (8997)
[56.710777] 
[56.710783] 
[56.710791] Start  layer4: 30 SMs -> 7
[56.720567] End    layer4: 2268 -> 9770 + 12089 = 21859 (14269)
[56.720574] 
[56.720581] 
[56.720592] Start  layerX: 30 SMs -> 6
[56.721040] End    layerX: 63 -> 444 + 11974 = 12418 (358)
[56.721047] 
[56.721080] Reserved: 21928us
[56.743071] 
[56.743084] Start  layer0: 30 SMs -> 2
[56.743780] End    layer0: 329 -> 693 + 1209 = 1902 (1976)
[56.743785] 
[56.743788] 
[56.743796] Start  layer1: 40 SMs -> 3
[56.748686] End    layer1: 997 -> 4883 + 3070 = 7954 (6765)
[56.748693] 
[56.748699] 
[56.748711] Start  layer2: 40 SMs -> 9
[56.757513] End    layer2: 1125 -> 8799 + 1875 = 10674 (7634)
[56.757519] 
[56.757524] 
[56.757533] Start  layer3: 10 SMs -> 5
[56.762277] End    layer3: 2402 -> 4740 + 6108 = 10848 (8997)
[56.762283] 
[56.762289] 
[56.762298] Start  layer4: 10 SMs -> 3
[56.769770] End    layer4: 3533 -> 7468 + 12884 = 20352 (14269)
[56.769776] 
[56.769781] 
[56.769789] Start  layerX: 10 SMs -> 4
[56.770857] End    layerX: 83 -> 1063 + 12156 = 13219 (358)
[56.770862] 
[56.770871] Reserved: 22136us
[56.793076] 
[56.793090] Start  layer0: 40 SMs -> 2
[56.793603] End    layer0: 291 -> 511 + 1386 = 1896 (1976)
[56.793608] 
[56.793612] 
[56.793620] Start  layer1: 20 SMs -> 2
[56.799693] End    layer1: 1254 -> 6067 + 2063 = 8130 (6765)
[56.799700] 
[56.799756] 
[56.799766] Start  layer2: 20 SMs -> 7
[56.806097] End    layer2: 1543 -> 6325 + 3293 = 9618 (7634)
[56.806104] 
[56.806114] 
[56.806125] Start  layer3: 30 SMs -> 8
[56.812925] End    layer3: 1623 -> 6796 + 5461 = 12257 (8997)
[56.812930] 
[56.812947] 
[56.812958] Start  layer4: 20 SMs -> 8
[56.822157] End    layer4: 2418 -> 9193 + 10500 = 19693 (14269)
[56.822164] 
[56.822171] 
[56.822183] Start  layerX: 20 SMs -> 6
[56.823848] End    layerX: 68 -> 1662 + 9165 = 10827 (358)
[56.823853] 
[56.823862] Reserved: 19145us
[56.843074] 
[56.843088] Start  layer0: 30 SMs -> 1
[56.843582] End    layer0: 329 -> 491 + 1407 = 1898 (1976)
[56.843586] 
[56.843590] 
[56.843597] Start  layer1: 30 SMs -> 3
[56.848669] End    layer1: 1196 -> 5065 + 3088 = 8152 (6765)
[56.848676] 
[56.848692] 
[56.848703] Start  layer2: 20 SMs -> 8
[56.854603] End    layer2: 1543 -> 5897 + 4785 = 10682 (7634)
[56.854609] 
[56.854616] 
[56.854625] Start  layer3: 20 SMs -> 6
[56.860076] End    layer3: 1699 -> 5446 + 8310 = 13756 (8997)
[56.860081] 
[56.860087] 
[56.860095] Start  layer4: 30 SMs -> 7
[56.868339] End    layer4: 2268 -> 8240 + 14315 = 22554 (14269)
[56.868345] 
[56.868356] 
[56.868365] Start  layerX: 20 SMs -> 6
[56.869124] End    layerX: 68 -> 755 + 13889 = 14644 (358)
[56.869128] 
[56.869144] Reserved: 23863us
[56.893078] 
[56.893092] Start  layer0: 40 SMs -> 1
[56.893474] End    layer0: 291 -> 380 + 1515 = 1894 (1976)
[56.893479] 
[56.893482] 
[56.893491] Start  layer1: 20 SMs -> 2
[56.896874] End    layer1: 1254 -> 3376 + 4882 = 8259 (6765)
[56.896881] 
[56.896893] 
[56.896904] Start  layer2: 20 SMs -> 6
[56.902627] End    layer2: 1543 -> 5720 + 6761 = 12481 (7634)
[56.902633] 
[56.902645] 
[56.902654] Start  layer3: 20 SMs -> 6
[56.908825] End    layer3: 1699 -> 6166 + 9561 = 15727 (8997)
[56.908830] 
[56.908839] 
[56.908847] Start  layer4: 20 SMs -> 6
[56.915492] End    layer4: 2418 -> 6641 + 17162 = 23803 (14269)
[56.915498] 
[56.915503] 
[56.915512] Start  layerX: 10 SMs -> 3
[56.915891] End    layerX: 83 -> 376 + 17121 = 17497 (358)
[56.915896] 
[56.915905] Reserved: 27103us
