[50.137141] layer0:
[50.150916] 	10	344us, 557us
[50.161333] 	20	237us, 378us
[50.170696] 	30	205us, 328us
[50.179404] 	40	186us, 280us
[50.179417] Params: 0.63	0.36	0.43

[50.179422] layer1:
[50.216621] 	10	1122us, 1921us
[50.241029] 	20	797us, 1248us
[50.264029] 	30	693us, 1178us
[50.285311] 	40	685us, 1003us
[50.285324] Params: 0.62	0.25	0.39

[50.285329] layer2:
[50.328010] 	10	1332us, 2154us
[50.357310] 	20	985us, 1527us
[50.384304] 	30	933us, 1356us
[50.407791] 	40	799us, 1159us
[50.407803] Params: 0.66	0.32	0.39

[50.407813] layer3:
[50.451997] 	10	1405us, 2219us
[50.484677] 	20	969us, 1898us
[50.514320] 	30	927us, 1637us
[50.540801] 	40	891us, 1320us
[50.540814] Params: 0.60	0.22	0.40

[50.540820] layer4:
[50.611107] 	10	2389us, 3567us
[50.655682] 	20	1569us, 2480us
[50.698506] 	30	1518us, 2343us
[50.738221] 	40	1426us, 2109us
[50.738234] Params: 0.66	0.26	0.30

[50.738241] layerX:
[50.743630] 	10	44us, 79us
[50.748893] 	20	42us, 62us
[50.754048] 	30	40us, 63us
[50.759163] 	40	40us, 55us
[50.759175] Params: 0.65	0.05	0.22

