[55.494515] 
[55.494527] Start  layer0: 10 SMs -> 10
[55.498918] End    layer0: 557 -> 4390 + -2509 = 1880 (1892)
[55.498921] 
[55.498923] 
[55.498927] Start  layer1: 40 SMs -> 10
[55.508504] End    layer1: 1003 -> 9574 + -5322 = 4251 (6772)
[55.508507] 
[55.508510] 
[55.508514] Start  layer2: 20 SMs -> 10
[55.517507] End    layer2: 1526 -> 8990 + -6505 = 2485 (7821)
[55.517510] 
[55.517513] 
[55.517518] Start  layer3: 20 SMs -> 9
[55.527267] End    layer3: 1897 -> 9745 + -7355 = 2390 (8909)
[55.527270] 
[55.527274] 
[55.527279] Start  layer4: 20 SMs -> 8
[55.540364] End    layer4: 2479 -> 13083 + -6217 = 6865 (14235)
[55.540367] 
[55.540372] 
[55.540376] Start  layerX: 20 SMs -> 6
[55.541482] End    layerX: 61 -> 1104 + -6967 = -5862 (369)
[55.541485] 
[55.541497] Reserved: 3017us
[55.544572] 
[55.544580] Start  layer0: 10 SMs -> 9
[55.548991] End    layer0: 557 -> 4410 + -2582 = 1827 (1892)
[55.548994] 
[55.548996] 
[55.549001] Start  layer1: 40 SMs -> 14
[55.558825] End    layer1: 1003 -> 9822 + -5643 = 4177 (6772)
[55.558828] 
[55.558844] 
[55.558849] Start  layer2: 10 SMs -> 8
[55.570476] End    layer2: 2153 -> 11624 + -9473 = 2150 (7821)
[55.570479] 
[55.570489] 
[55.570493] Start  layer3: 10 SMs -> 7
[55.580770] End    layer3: 2218 -> 10274 + -10858 = -584 (8909)
[55.580773] 
[55.580776] 
[55.580780] Start  layer4: 40 SMs -> 11
[55.592234] End    layer4: 2109 -> 11451 + -8086 = 3364 (14235)
[55.592237] 
[55.592240] 
[55.592245] Start  layerX: 40 SMs -> 6
[55.592519] End    layerX: 54 -> 272 + -8003 = -7731 (369)
[55.592521] 
[55.592526] Reserved: 1987us
[55.594572] 
[55.594578] Start  layer0: 20 SMs -> 6
[55.596133] End    layer0: 378 -> 1549 + 280 = 1828 (1892)
[55.596139] 
[55.596143] 
[55.596153] Start  layer1: 20 SMs -> 7
[55.603602] End    layer1: 1247 -> 7443 + -415 = 7027 (6772)
[55.603609] 
[55.603615] 
[55.603627] Start  layer2: 20 SMs -> 8
[55.612698] End    layer2: 1526 -> 9065 + -1689 = 7374 (7821)
[55.612707] 
[55.612738] 
[55.612752] Start  layer3: 20 SMs -> 7
[55.620705] End    layer3: 1897 -> 7950 + -789 = 7160 (8909)
[55.620712] 
[55.620726] 
[55.620740] Start  layer4: 30 SMs -> 8
[55.633131] End    layer4: 2342 -> 12388 + 1019 = 13408 (14235)
[55.633136] 
[55.633144] 
[55.633152] Start  layerX: 30 SMs -> 5
[55.634766] End    layerX: 61 -> 1608 + -244 = 1363 (369)
[55.634773] 
[55.634793] Reserved: 9722us
[55.644581] 
[55.644596] Start  layer0: 20 SMs -> 6
[55.645992] End    layer0: 378 -> 1391 + 422 = 1813 (1892)
[55.645999] 
[55.646003] 
[55.646016] Start  layer1: 20 SMs -> 5
[55.653678] End    layer1: 1247 -> 7659 + -493 = 7165 (6772)
[55.653684] 
[55.653688] 
[55.653700] Start  layer2: 30 SMs -> 9
[55.661401] End    layer2: 1356 -> 7696 + -394 = 7301 (7821)
[55.661408] 
[55.661416] 
[55.661426] Start  layer3: 40 SMs -> 18
[55.681966] End    layer3: 1320 -> 20535 + -12050 = 8484 (8909)
[55.681972] 
[55.681991] 
[55.682002] Start  layer4: 30 SMs -> 7
[55.690234] End    layer4: 2342 -> 8228 + -6082 = 2144 (14235)
[55.690240] 
[55.690249] 
[55.690259] Start  layerX: 40 SMs -> 14
[55.691729] End    layerX: 54 -> 1466 + -7209 = -5743 (369)
[55.691733] 
[55.691753] Reserved: 2762us
[55.694586] 
[55.694607] Start  layer0: 30 SMs -> 10
[55.696777] End    layer0: 328 -> 2169 + -364 = 1804 (1892)
[55.696783] 
[55.696786] 
[55.696794] Start  layer1: 40 SMs -> 12
[55.706191] End    layer1: 1003 -> 9393 + -3006 = 6385 (6772)
[55.706197] 
[55.706221] 
[55.706230] Start  layer2: 40 SMs -> 16
[55.725948] End    layer2: 1158 -> 19711 + -14940 = 4771 (7821)
[55.725954] 
[55.725961] 
[55.725973] Start  layer3: 40 SMs -> 15
[55.741168] End    layer3: 1320 -> 15189 + -21250 = -6062 (8909)
[55.741175] 
[55.741195] 
[55.741208] Start  layer4: 30 SMs -> 5
[55.751630] End    layer4: 2342 -> 10417 + -17477 = -7060 (14235)
[55.751636] 
[55.751667] 
[55.751676] Start  layerX: 30 SMs -> 9
[55.752184] End    layerX: 61 -> 502 + -17662 = -17160 (369)
[55.752191] 
[55.752201] Delayed : 7685us
[55.752207] 
[55.752214] Start  layer0: 30 SMs -> 9
[55.753625] End    layer0: 328 -> 1407 + -7212 = -5806 (1892)
[55.753631] 
[55.753634] 
[55.753668] Start  layer1: 30 SMs -> 11
[55.760563] End    layer1: 1178 -> 6890 + -7376 = -486 (6772)
[55.760570] 
[55.760576] 
[55.760588] Start  layer2: 40 SMs -> 16
[55.775095] End    layer2: 1158 -> 14502 + -14087 = 414 (7821)
[55.775103] 
[55.775110] 
[55.775121] Start  layer3: 20 SMs -> 8
[55.785071] End    layer3: 1897 -> 9946 + -15156 = -5210 (8909)
[55.785077] 
[55.785083] 
[55.785091] Start  layer4: 20 SMs -> 5
[55.793212] End    layer4: 2479 -> 8114 + -9059 = -945 (14235)
[55.793219] 
[55.793256] 
[55.793271] Start  layerX: 10 SMs -> 4
[55.794722] End    layerX: 79 -> 1447 + -10200 = -8754 (369)
[55.794729] 
[55.794741] Delayed : 225us
[55.794749] 
[55.794760] Start  layer0: 10 SMs -> 8
[55.798324] End    layer0: 557 -> 3560 + -1911 = 1649 (1892)
[55.798329] 
[55.798332] 
[55.798340] Start  layer1: 40 SMs -> 14
[55.811311] End    layer1: 1003 -> 12965 + -8124 = 4840 (6772)
[55.811319] 
[55.811325] 
[55.811338] Start  layer2: 30 SMs -> 9
[55.819657] End    layer2: 1356 -> 8316 + -8651 = -335 (7821)
[55.819663] 
[55.819668] 
[55.819677] Start  layer3: 30 SMs -> 8
[55.827835] End    layer3: 1637 -> 8153 + -7920 = 232 (8909)
[55.827840] 
[55.827846] 
[55.827855] Start  layer4: 30 SMs -> 8
[55.838639] End    layer4: 2342 -> 10780 + -4488 = 6291 (14235)
[55.838645] 
[55.838651] 
[55.838660] Start  layerX: 10 SMs -> 5
[55.839854] End    layerX: 79 -> 1190 + -5335 = -4145 (369)
[55.839859] 
[55.839876] Reserved: 4638us
[55.844581] 
[55.844595] Start  layer0: 10 SMs -> 8
[55.847503] End    layer0: 557 -> 2905 + -1090 = 1815 (1892)
[55.847508] 
[55.847511] 
[55.847520] Start  layer1: 30 SMs -> 7
[55.854139] End    layer1: 1178 -> 6614 + -954 = 5660 (6772)
[55.854144] 
[55.854165] 
[55.854173] Start  layer2: 30 SMs -> 6
[55.859256] End    layer2: 1356 -> 5078 + 1750 = 6827 (7821)
[55.859261] 
[55.859282] 
[55.859290] Start  layer3: 20 SMs -> 5
[55.866759] End    layer3: 1897 -> 7465 + 3155 = 10620 (8909)
[55.866765] 
[55.866772] 
[55.866780] Start  layer4: 30 SMs -> 5
[55.876602] End    layer4: 2342 -> 9815 + 7551 = 17366 (14235)
[55.876609] 
[55.876618] 
[55.876629] Start  layerX: 10 SMs -> 8
[55.878340] End    layerX: 79 -> 1706 + 6181 = 7887 (369)
[55.878346] 
[55.878359] Reserved: 16156us
[55.894577] 
[55.894589] Start  layer0: 10 SMs -> 6
[55.897372] End    layer0: 557 -> 2781 + -960 = 1820 (1892)
[55.897378] 
[55.897381] 
[55.897389] Start  layer1: 10 SMs -> 6
[55.906737] End    layer1: 1921 -> 9343 + -3552 = 5790 (6772)
[55.906743] 
[55.906748] 
[55.906756] Start  layer2: 40 SMs -> 14
[55.920271] End    layer2: 1158 -> 13511 + -9265 = 4244 (7821)
[55.920277] 
[55.920283] 
[55.920293] Start  layer3: 40 SMs -> 15
[55.937143] End    layer3: 1320 -> 16844 + -17225 = -382 (8909)
[55.937150] 
[55.937157] 
[55.937169] Start  layer4: 40 SMs -> 10
[55.957065] End    layer4: 2109 -> 19892 + -22914 = -3022 (14235)
[55.957071] 
[55.957075] 
[55.957084] Start  layerX: 40 SMs -> 16
[55.957696] End    layerX: 54 -> 608 + -23176 = -22569 (369)
[55.957702] 
[55.957713] Delayed : 13197us
[55.957719] 
[55.957732] Start  layer0: 20 SMs -> 7
[55.959487] End    layer0: 378 -> 1749 + -13072 = -11323 (1892)
[55.959494] 
[55.959497] 
[55.959506] Start  layer1: 20 SMs -> 7
[55.964743] End    layer1: 1247 -> 5232 + -11557 = -6325 (6772)
[55.964748] 
[55.964784] 
[55.964793] Start  layer2: 20 SMs -> 6
[55.971785] End    layer2: 1526 -> 6987 + -10778 = -3792 (7821)
[55.971790] 
[55.971805] 
[55.971825] Start  layer3: 40 SMs -> 18
[55.987911] End    layer3: 1320 -> 16083 + -17996 = -1913 (8909)
[55.987917] 
[55.987925] 
[55.987934] Start  layer4: 20 SMs -> 6
[55.995549] End    layer4: 2479 -> 7609 + -11396 = -3787 (14235)
[55.995556] 
[55.995565] 
[55.995576] Start  layerX: 30 SMs -> 5
[55.996025] End    layerX: 61 -> 446 + -11506 = -11060 (369)
[55.996032] 
[55.996045] Delayed : 1529us
[55.996052] 
[55.996064] Start  layer0: 10 SMs -> 6
[55.997440] End    layer0: 557 -> 1373 + -1027 = 345 (1892)
[55.997446] 
[55.997449] 
[55.997459] Start  layer1: 10 SMs -> 3
[56.003698] End    layer1: 1921 -> 6235 + -512 = 5721 (6772)
[56.003705] 
[56.003716] 
[56.003750] Start  layer2: 40 SMs -> 15
[56.022121] End    layer2: 1158 -> 18366 + -11115 = 7251 (7821)
[56.022126] 
[56.022131] 
[56.022140] Start  layer3: 40 SMs -> 16
[56.040116] End    layer3: 1320 -> 17972 + -20201 = -2229 (8909)
[56.040122] 
[56.040128] 
[56.040137] Start  layer4: 30 SMs -> 5
[56.047132] End    layer4: 2342 -> 6991 + -12981 = -5990 (14235)
[56.047140] 
[56.047148] 
[56.047162] Start  layerX: 30 SMs -> 5
[56.047535] End    layerX: 61 -> 370 + -13015 = -12645 (369)
[56.047540] 
[56.047552] Delayed : 3037us
[56.047558] 
[56.047565] Start  layer0: 10 SMs -> 8
[56.050117] End    layer0: 557 -> 2547 + -3704 = -1157 (1892)
[56.050123] 
[56.050126] 
[56.050136] Start  layer1: 10 SMs -> 5
[56.058531] End    layer1: 1921 -> 8391 + -5346 = 3044 (6772)
[56.058537] 
[56.058542] 
[56.058551] Start  layer2: 10 SMs -> 5
[56.065987] End    layer2: 2153 -> 7432 + -4981 = 2450 (7821)
[56.065993] 
[56.065998] 
[56.066005] Start  layer3: 10 SMs -> 5
[56.073693] End    layer3: 2218 -> 7684 + -3778 = 3904 (8909)
[56.073699] 
[56.073704] 
[56.073712] Start  layer4: 40 SMs -> 18
[56.092257] End    layer4: 2109 -> 18538 + -8104 = 10433 (14235)
[56.092264] 
[56.092275] 
[56.092286] Start  layerX: 20 SMs -> 6
[56.093688] End    layerX: 61 -> 1398 + -9168 = -7769 (369)
[56.093694] 
[56.093704] Reserved: 811us
[56.094578] 
[56.094592] Start  layer0: 10 SMs -> 9
[56.100262] End    layer0: 557 -> 5667 + -3849 = 1817 (1892)
[56.100268] 
[56.100271] 
[56.100281] Start  layer1: 40 SMs -> 12
[56.116616] End    layer1: 1003 -> 16331 + -13431 = 2900 (6772)
[56.116622] 
[56.116651] 
[56.116660] Start  layer2: 10 SMs -> 6
[56.125911] End    layer2: 2153 -> 9245 + -14903 = -5659 (7821)
[56.125919] 
[56.125930] 
[56.125941] Start  layer3: 30 SMs -> 9
[56.135223] End    layer3: 1637 -> 9277 + -15306 = -6030 (8909)
[56.135231] 
[56.135249] 
[56.135260] Start  layer4: 30 SMs -> 7
[56.145121] End    layer4: 2342 -> 9857 + -10969 = -1113 (14235)
[56.145126] 
[56.145131] 
[56.145140] Start  layerX: 20 SMs -> 8
[56.146162] End    layerX: 61 -> 1015 + -11639 = -10625 (369)
[56.146168] 
[56.146182] Delayed : 1666us
[56.146188] 
[56.146202] Start  layer0: 10 SMs -> 9
[56.148773] End    layer0: 557 -> 2566 + -2359 = 206 (1892)
[56.148778] 
[56.148781] 
[56.148789] Start  layer1: 40 SMs -> 18
[56.162686] End    layer1: 1003 -> 13892 + -9501 = 4390 (6772)
[56.162692] 
[56.162727] 
[56.162737] Start  layer2: 30 SMs -> 6
[56.170165] End    layer2: 1356 -> 7424 + -9159 = -1735 (7821)
[56.170171] 
[56.170179] 
[56.170187] Start  layer3: 20 SMs -> 7
[56.177729] End    layer3: 1897 -> 7539 + -7815 = -276 (8909)
[56.177734] 
[56.177745] 
[56.177752] Start  layer4: 40 SMs -> 14
[56.198061] End    layer4: 2109 -> 20304 + -13910 = 6393 (14235)
[56.198067] 
[56.198074] 
[56.198083] Start  layerX: 40 SMs -> 17
[56.201169] End    layerX: 54 -> 3080 + -16647 = -13567 (369)
[56.201176] 
[56.201206] Delayed : 6690us
[56.201215] 
[56.201227] Start  layer0: 10 SMs -> 6
[56.203176] End    layer0: 557 -> 1946 + -6763 = -4817 (1892)
[56.203181] 
[56.203185] 
[56.203193] Start  layer1: 10 SMs -> 4
[56.208664] End    layer1: 1921 -> 5464 + -5477 = -13 (6772)
[56.208671] 
[56.208685] 
[56.208693] Start  layer2: 20 SMs -> 10
[56.221798] End    layer2: 1526 -> 13100 + -10791 = 2307 (7821)
[56.221803] 
[56.221817] 
[56.221825] Start  layer3: 40 SMs -> 14
[56.236768] End    layer3: 1320 -> 14937 + -16851 = -1915 (8909)
[56.236775] 
[56.236782] 
[56.236792] Start  layer4: 30 SMs -> 8
[56.245426] End    layer4: 2342 -> 8629 + -11275 = -2645 (14235)
[56.245432] 
[56.245437] 
[56.245446] Start  layerX: 10 SMs -> 9
[56.246635] End    layerX: 79 -> 1185 + -12115 = -10930 (369)
[56.246640] 
[56.246651] Delayed : 2136us
[56.246657] 
[56.246665] Start  layer0: 30 SMs -> 6
[56.247961] End    layer0: 328 -> 1291 + -1548 = -257 (1892)
[56.247966] 
[56.247969] 
[56.247978] Start  layer1: 30 SMs -> 6
[56.256526] End    layer1: 1178 -> 8542 + -3339 = 5202 (6772)
[56.256533] 
[56.256550] 
[56.256559] Start  layer2: 10 SMs -> 5
[56.263112] End    layer2: 2153 -> 6548 + -2105 = 4442 (7821)
[56.263146] 
[56.263155] 
[56.263164] Start  layer3: 30 SMs -> 6
[56.269942] End    layer3: 1637 -> 6772 + -25 = 6746 (8909)
[56.269949] 
[56.269959] 
[56.269971] Start  layer4: 40 SMs -> 17
[56.292511] End    layer4: 2109 -> 22535 + -8358 = 14176 (14235)
[56.292517] 
[56.292534] 
[56.292548] Start  layerX: 10 SMs -> 7
[56.293276] End    layerX: 79 -> 722 + -8752 = -8030 (369)
[56.293284] 
[56.293300] Reserved: 1215us
[56.294584] 
[56.294600] Start  layer0: 10 SMs -> 5
[56.297238] End    layer0: 557 -> 2632 + -821 = 1810 (1892)
[56.297245] 
[56.297251] 
[56.297263] Start  layer1: 30 SMs -> 7
[56.303207] End    layer1: 1178 -> 5941 + -22 = 5918 (6772)
[56.303213] 
[56.303218] 
[56.303227] Start  layer2: 10 SMs -> 4
[56.311296] End    layer2: 2153 -> 8063 + -288 = 7774 (7821)
[56.311303] 
[56.311308] 
[56.311319] Start  layer3: 40 SMs -> 16
[56.328076] End    layer3: 1320 -> 16754 + -8161 = 8592 (8909)
[56.328083] 
[56.328093] 
[56.328104] Start  layer4: 10 SMs -> 4
[56.334520] End    layer4: 3566 -> 6412 + -369 = 6042 (14235)
[56.334526] 
[56.334542] 
[56.334551] Start  layerX: 20 SMs -> 5
[56.335301] End    layerX: 61 -> 746 + -781 = -35 (369)
[56.335306] 
[56.335315] Reserved: 9199us
[56.344583] 
[56.344597] Start  layer0: 10 SMs -> 10
[56.348116] End    layer0: 557 -> 3516 + -1703 = 1812 (1892)
[56.348121] 
[56.348125] 
[56.348133] Start  layer1: 40 SMs -> 13
[56.360861] End    layer1: 1003 -> 12723 + -7675 = 5046 (6772)
[56.360866] 
[56.360870] 
[56.360879] Start  layer2: 40 SMs -> 17
[56.378367] End    layer2: 1158 -> 17483 + -17361 = 122 (7821)
[56.378373] 
[56.378389] 
[56.378402] Start  layer3: 40 SMs -> 15
[56.397935] End    layer3: 1320 -> 19528 + -28018 = -8491 (8909)
[56.397942] 
[56.397953] 
[56.397964] Start  layer4: 20 SMs -> 7
[56.406098] End    layer4: 2479 -> 8128 + -21945 = -13817 (14235)
[56.406105] 
[56.406117] 
[56.406129] Start  layerX: 20 SMs -> 4
[56.406477] End    layerX: 61 -> 345 + -21957 = -21612 (369)
[56.406483] 
[56.406492] Delayed : 11976us
[56.406498] 
[56.406506] Start  layer0: 20 SMs -> 5
[56.408475] End    layer0: 378 -> 1964 + -12062 = -10098 (1892)
[56.408480] 
[56.408484] 
[56.408493] Start  layer1: 30 SMs -> 7
[56.414705] End    layer1: 1178 -> 6209 + -11522 = -5312 (6772)
[56.414710] 
[56.414716] 
[56.414723] Start  layer2: 30 SMs -> 7
[56.422090] End    layer2: 1356 -> 7361 + -11082 = -3722 (7821)
[56.422096] 
[56.422105] 
[56.422114] Start  layer3: 40 SMs -> 17
[56.440753] End    layer3: 1320 -> 18634 + -20837 = -2203 (8909)
[56.440758] 
[56.440764] 
[56.440772] Start  layer4: 40 SMs -> 11
[56.456485] End    layer4: 2109 -> 15708 + -22334 = -6626 (14235)
[56.456491] 
[56.456513] 
[56.456521] Start  layerX: 30 SMs -> 8
[56.457535] End    layerX: 61 -> 1010 + -23015 = -22005 (369)
[56.457540] 
[56.457569] Delayed : 13053us
[56.457576] 
[56.457585] Start  layer0: 30 SMs -> 8
[56.459105] End    layer0: 328 -> 1516 + -12692 = -11176 (1892)
[56.459111] 
[56.459114] 
[56.459122] Start  layer1: 40 SMs -> 16
[56.469615] End    layer1: 1003 -> 10488 + -16430 = -5942 (6772)
[56.469621] 
[56.469626] 
[56.469635] Start  layer2: 10 SMs -> 5
[56.477642] End    layer2: 2153 -> 8003 + -16636 = -8634 (7821)
[56.477648] 
[56.477654] 
[56.477662] Start  layer3: 30 SMs -> 9
[56.487533] End    layer3: 1637 -> 9865 + -17617 = -7752 (8909)
[56.487540] 
[56.487545] 
[56.487555] Start  layer4: 30 SMs -> 7
[56.497006] End    layer4: 2342 -> 9450 + -12858 = -3408 (14235)
[56.497010] 
[56.497014] 
[56.497019] Start  layerX: 10 SMs -> 8
[56.498092] End    layerX: 79 -> 1070 + -13575 = -12505 (369)
[56.498095] 
[56.498101] Delayed : 3586us
[56.498105] 
[56.498110] Start  layer0: 40 SMs -> 12
[56.499549] End    layer0: 280 -> 1437 + -3139 = -1703 (1892)
[56.499552] 
[56.499554] 
[56.499560] Start  layer1: 40 SMs -> 10
[56.514621] End    layer1: 1003 -> 15058 + -11439 = 3618 (6772)
[56.514624] 
[56.514627] 
[56.514632] Start  layer2: 30 SMs -> 6
[56.519846] End    layer2: 1356 -> 5211 + -8844 = -3632 (7821)
[56.519849] 
[56.519852] 
[56.519858] Start  layer3: 10 SMs -> 5
[56.527651] End    layer3: 2218 -> 7789 + -7738 = 50 (8909)
[56.527669] 
[56.527675] 
[56.527681] Start  layer4: 40 SMs -> 15
[56.542798] End    layer4: 2109 -> 15114 + -8649 = 6463 (14235)
[56.542802] 
[56.542806] 
[56.542812] Start  layerX: 40 SMs -> 10
[56.543964] End    layerX: 54 -> 1150 + -9447 = -8297 (369)
[56.543967] 
[56.543978] Reserved: 535us
[56.544572] 
[56.544580] Start  layer0: 20 SMs -> 9
[56.547845] End    layer0: 378 -> 3263 + -1435 = 1827 (1892)
[56.547849] 
[56.547851] 
[56.547857] Start  layer1: 40 SMs -> 13
[56.563087] End    layer1: 1003 -> 15225 + -9902 = 5322 (6772)
[56.563093] 
[56.563098] 
[56.563107] Start  layer2: 40 SMs -> 12
[56.577231] End    layer2: 1158 -> 14120 + -16225 = -2105 (7821)
[56.577237] 
[56.577241] 
[56.577252] Start  layer3: 30 SMs -> 8
[56.589243] End    layer3: 1637 -> 11985 + -19326 = -7341 (8909)
[56.589250] 
[56.589262] 
[56.589284] Start  layer4: 30 SMs -> 5
[56.599016] End    layer4: 2342 -> 9730 + -14865 = -5136 (14235)
[56.599022] 
[56.599028] 
[56.599036] Start  layerX: 30 SMs -> 8
[56.599672] End    layerX: 61 -> 633 + -15153 = -14521 (369)
[56.599676] 
[56.599685] Delayed : 5170us
[56.599691] 
[56.599699] Start  layer0: 10 SMs -> 7
[56.601992] End    layer0: 557 -> 2288 + -5578 = -3291 (1892)
[56.601997] 
[56.602000] 
[56.602009] Start  layer1: 30 SMs -> 10
[56.608597] End    layer1: 1178 -> 6584 + -5412 = 1171 (6772)
[56.608603] 
[56.608608] 
[56.608617] Start  layer2: 10 SMs -> 5
[56.617054] End    layer2: 2153 -> 8432 + -6047 = 2384 (7821)
[56.617059] 
[56.617064] 
[56.617073] Start  layer3: 10 SMs -> 4
[56.626470] End    layer3: 2218 -> 9392 + -6554 = 2837 (8909)
[56.626476] 
[56.626490] 
[56.626500] Start  layer4: 30 SMs -> 7
[56.636318] End    layer4: 2342 -> 9815 + -2167 = 7646 (14235)
[56.636324] 
[56.636329] 
[56.636338] Start  layerX: 10 SMs -> 7
[56.636656] End    layerX: 79 -> 313 + -2135 = -1822 (369)
[56.636661] 
[56.636673] Reserved: 7842us
[56.644579] 
[56.644593] Start  layer0: 10 SMs -> 4
[56.646132] End    layer0: 557 -> 1536 + 280 = 1816 (1892)
[56.646137] 
[56.646140] 
[56.646150] Start  layer1: 20 SMs -> 6
[56.652508] End    layer1: 1247 -> 6352 + 678 = 7030 (6772)
[56.652515] 
[56.652522] 
[56.652534] Start  layer2: 20 SMs -> 6
[56.659022] End    layer2: 1526 -> 6483 + 1985 = 8468 (7821)
[56.659029] 
[56.659036] 
[56.659046] Start  layer3: 20 SMs -> 7
[56.666008] End    layer3: 1897 -> 6958 + 3906 = 10864 (8909)
[56.666014] 
[56.666019] 
[56.666028] Start  layer4: 20 SMs -> 7
[56.674567] End    layer4: 2479 -> 8535 + 9583 = 18118 (14235)
[56.674573] 
[56.674589] 
[56.674597] Start  layerX: 10 SMs -> 5
[56.674982] End    layerX: 79 -> 381 + 9536 = 9918 (369)
[56.674987] 
[56.674997] Reserved: 19517us
[56.694584] 
[56.694598] Start  layer0: 20 SMs -> 6
[56.696176] End    layer0: 378 -> 1573 + 238 = 1811 (1892)
[56.696183] 
[56.696187] 
[56.696196] Start  layer1: 20 SMs -> 6
[56.703410] End    layer1: 1247 -> 7210 + -225 = 6984 (6772)
[56.703416] 
[56.703421] 
[56.703430] Start  layer2: 20 SMs -> 7
[56.712397] End    layer2: 1526 -> 8963 + -1391 = 7571 (7821)
[56.712403] 
[56.712408] 
[56.712416] Start  layer3: 20 SMs -> 8
[56.721045] End    layer3: 1897 -> 8624 + -1130 = 7493 (8909)
[56.721050] 
[56.721064] 
[56.721073] Start  layer4: 30 SMs -> 7
[56.731628] End    layer4: 2342 -> 10550 + 2522 = 13073 (14235)
[56.731633] 
[56.731640] 
[56.731648] Start  layerX: 10 SMs -> 5
[56.732543] End    layerX: 79 -> 891 + 1975 = 2866 (369)
[56.732547] 
[56.732556] Reserved: 11959us
[56.744579] 
[56.744588] Start  layer0: 10 SMs -> 8
[56.747869] End    layer0: 557 -> 3278 + -1457 = 1820 (1892)
[56.747875] 
[56.747878] 
[56.747886] Start  layer1: 10 SMs -> 6
[56.753090] End    layer1: 1921 -> 5200 + 94 = 5293 (6772)
[56.753096] 
[56.753103] 
[56.753112] Start  layer2: 10 SMs -> 4
[56.758279] End    layer2: 2153 -> 5163 + 2726 = 7889 (7821)
[56.758284] 
[56.758310] 
[56.758319] Start  layer3: 40 SMs -> 11
[56.770027] End    layer3: 1320 -> 11704 + -112 = 11591 (8909)
[56.770032] 
[56.770038] 
[56.770046] Start  layer4: 40 SMs -> 12
[56.783270] End    layer4: 2109 -> 13220 + 880 = 14099 (14235)
[56.783298] 
[56.783312] 
[56.783321] Start  layerX: 10 SMs -> 2
[56.783790] End    layerX: 79 -> 464 + 730 = 1194 (369)
[56.783796] 
[56.783817] Reserved: 10708us
[56.794584] 
[56.794599] Start  layer0: 20 SMs -> 7
[56.796544] End    layer0: 378 -> 1942 + -131 = 1811 (1892)
[56.796549] 
[56.796552] 
[56.796561] Start  layer1: 40 SMs -> 8
[56.805390] End    layer1: 1003 -> 8825 + -2205 = 6619 (6772)
[56.805396] 
[56.805401] 
[56.805410] Start  layer2: 20 SMs -> 7
[56.813268] End    layer2: 1526 -> 7851 + -2259 = 5590 (7821)
[56.813275] 
[56.813285] 
[56.813297] Start  layer3: 40 SMs -> 11
[56.825152] End    layer3: 1320 -> 11850 + -5235 = 6614 (8909)
[56.825159] 
[56.825176] 
[56.825184] Start  layer4: 40 SMs -> 9
[56.833895] End    layer4: 2109 -> 8706 + 255 = 8961 (14235)
[56.833900] 
[56.833907] 
[56.833916] Start  layerX: 40 SMs -> 4
[56.834182] End    layerX: 54 -> 264 + 335 = 599 (369)
[56.834186] 
[56.834196] Reserved: 10318us
[56.844581] 
[56.844596] Start  layer0: 10 SMs -> 6
[56.847065] End    layer0: 557 -> 2467 + -652 = 1814 (1892)
[56.847070] 
[56.847074] 
[56.847082] Start  layer1: 20 SMs -> 7
[56.853837] End    layer1: 1247 -> 6749 + -650 = 6098 (6772)
[56.853844] 
[56.853851] 
[56.853862] Start  layer2: 40 SMs -> 10
[56.861669] End    layer2: 1158 -> 7803 + -663 = 7139 (7821)
[56.861674] 
[56.861679] 
[56.861688] Start  layer3: 40 SMs -> 11
[56.874585] End    layer3: 1320 -> 12892 + -4670 = 8221 (8909)
[56.874591] 
[56.874597] 
[56.874605] Start  layer4: 30 SMs -> 3
[56.878129] End    layer4: 2342 -> 3520 + 6021 = 9540 (14235)
[56.878135] 
[56.878140] 
[56.878150] Start  layerX: 40 SMs -> 9
[56.878689] End    layerX: 54 -> 534 + 5831 = 6365 (369)
[56.878695] 
[56.878728] Reserved: 15787us
[56.894579] 
[56.894593] Start  layer0: 20 SMs -> 4
[56.896210] End    layer0: 378 -> 1612 + 204 = 1816 (1892)
[56.896216] 
[56.896219] 
[56.896227] Start  layer1: 30 SMs -> 6
[56.901237] End    layer1: 1178 -> 5004 + 1949 = 6953 (6772)
[56.901244] 
[56.901372] 
[56.901382] Start  layer2: 20 SMs -> 6
[56.908132] End    layer2: 1526 -> 6745 + 2875 = 9619 (7821)
[56.908139] 
[56.908145] 
[56.908157] Start  layer3: 20 SMs -> 6
[56.916098] End    layer3: 1897 -> 7938 + 3816 = 11754 (8909)
[56.916104] 
[56.916111] 
[56.916120] Start  layer4: 10 SMs -> 3
[56.923498] End    layer4: 3566 -> 7374 + 10652 = 18026 (14235)
[56.923503] 
[56.923512] 
[56.923521] Start  layerX: 40 SMs -> 8
[56.924003] End    layerX: 54 -> 479 + 10515 = 10994 (369)
[56.924007] 
[56.924019] Reserved: 20495us
[56.944586] 
[56.944604] Start  layer0: 20 SMs -> 4
[56.945768] End    layer0: 378 -> 1162 + 644 = 1806 (1892)
[56.945774] 
[56.945777] 
[56.945787] Start  layer1: 20 SMs -> 5
[56.952074] End    layer1: 1247 -> 6283 + 1110 = 7393 (6772)
[56.952079] 
[56.952098] 
[56.952108] Start  layer2: 20 SMs -> 7
[56.961073] End    layer2: 1526 -> 8959 + -65 = 8893 (7821)
[56.961080] 
[56.961088] 
[56.961100] Start  layer3: 20 SMs -> 6
[56.969500] End    layer3: 1897 -> 8394 + 416 = 8810 (8909)
[56.969507] 
[56.969524] 
[56.969536] Start  layer4: 30 SMs -> 5
[56.975973] End    layer4: 2342 -> 6434 + 8177 = 14611 (14235)
[56.975979] 
[56.975986] 
[56.975995] Start  layerX: 30 SMs -> 3
[56.976305] End    layerX: 61 -> 307 + 8213 = 8519 (369)
[56.976309] 
[56.976317] Reserved: 18197us
[56.994584] 
[56.994601] Start  layer0: 10 SMs -> 5
[56.997010] End    layer0: 557 -> 2407 + -597 = 1809 (1892)
[56.997015] 
[56.997019] 
[56.997027] Start  layer1: 40 SMs -> 8
[57.004401] End    layer1: 1003 -> 7369 + -1215 = 6153 (6772)
[57.004407] 
[57.004413] 
[57.004421] Start  layer2: 30 SMs -> 6
[57.010733] End    layer2: 1356 -> 6306 + 274 = 6579 (7821)
[57.010740] 
[57.010748] 
[57.010759] Start  layer3: 20 SMs -> 6
[57.018296] End    layer3: 1897 -> 7533 + 1618 = 9151 (8909)
[57.018301] 
[57.018308] 
[57.018317] Start  layer4: 20 SMs -> 5
[57.024901] End    layer4: 2479 -> 6580 + 9249 = 15829 (14235)
[57.024906] 
[57.024912] 
[57.024920] Start  layerX: 10 SMs -> 4
[57.025112] End    layerX: 79 -> 189 + 9405 = 9594 (369)
[57.025117] 
[57.025130] Reserved: 19385us
[57.044577] 
[57.044610] Start  layer0: 30 SMs -> 5
[57.046032] End    layer0: 328 -> 1420 + 379 = 1799 (1892)
[57.046037] 
[57.046041] 
[57.046048] Start  layer1: 10 SMs -> 5
[57.049469] End    layer1: 1921 -> 3417 + 3715 = 7131 (6772)
[57.049475] 
[57.049479] 
[57.049488] Start  layer2: 30 SMs -> 6
[57.053498] End    layer2: 1356 -> 4006 + 7507 = 11512 (7821)
[57.053504] 
[57.053509] 
[57.053516] Start  layer3: 30 SMs -> 5
[57.058596] End    layer3: 1637 -> 5076 + 11318 = 16393 (8909)
[57.058602] 
[57.058609] 
[57.058617] Start  layer4: 30 SMs -> 5
[57.065869] End    layer4: 2342 -> 7248 + 18281 = 25529 (14235)
[57.065875] 
[57.065880] 
[57.065888] Start  layerX: 30 SMs -> 3
[57.066125] End    layerX: 61 -> 234 + 18393 = 18627 (369)
[57.066129] 
[57.066138] Reserved: 28376us
[57.094577] 
[57.094585] Start  layer0: 20 SMs -> 4
[57.095722] End    layer0: 378 -> 1130 + 692 = 1822 (1892)
[57.095728] 
[57.095733] 
[57.095744] Start  layer1: 30 SMs -> 4
[57.099882] End    layer1: 1178 -> 4133 + 3304 = 7437 (6772)
[57.099889] 
[57.099897] 
[57.099909] Start  layer2: 20 SMs -> 5
[57.104750] End    layer2: 1526 -> 4837 + 6257 = 11093 (7821)
[57.104758] 
[57.104769] 
[57.104780] Start  layer3: 40 SMs -> 8
[57.115140] End    layer3: 1320 -> 10357 + 4774 = 15131 (8909)
[57.115146] 
[57.115152] 
[57.115160] Start  layer4: 20 SMs -> 4
[57.120728] End    layer4: 2479 -> 5564 + 13422 = 18986 (14235)
[57.120734] 
[57.120739] 
[57.120747] Start  layerX: 40 SMs -> 3
[57.121210] End    layerX: 54 -> 460 + 13307 = 13767 (369)
[57.121215] 
[57.121223] Reserved: 23291us
[57.144577] 
[57.144587] Start  layer0: 10 SMs -> 3
[57.146109] End    layer0: 557 -> 1517 + 304 = 1821 (1892)
[57.146115] 
[57.146119] 
[57.146130] Start  layer1: 20 SMs -> 5
[57.150173] End    layer1: 1247 -> 4038 + 3013 = 7050 (6772)
[57.150180] 
[57.150189] 
[57.150200] Start  layer2: 30 SMs -> 4
[57.155224] End    layer2: 1356 -> 5019 + 5783 = 10802 (7821)
[57.155231] 
[57.155238] 
[57.155249] Start  layer3: 40 SMs -> 6
[57.162974] End    layer3: 1320 -> 7720 + 6942 = 14662 (8909)
[57.162981] 
[57.162988] 
[57.163000] Start  layer4: 40 SMs -> 5
[57.168854] End    layer4: 2109 -> 5851 + 15296 = 21147 (14235)
[57.168859] 
[57.168867] 
[57.168875] Start  layerX: 40 SMs -> 2
[57.168983] End    layerX: 54 -> 105 + 15534 = 15639 (369)
[57.168986] 
[57.168994] Reserved: 25520us
[57.194577] 
[57.194591] Start  layer0: 20 SMs -> 2
[57.195631] End    layer0: 378 -> 1035 + 783 = 1818 (1892)
[57.195638] 
[57.195642] 
[57.195652] Start  layer1: 20 SMs -> 3
[57.198640] End    layer1: 1247 -> 2984 + 4544 = 7528 (6772)
[57.198646] 
[57.198652] 
[57.198661] Start  layer2: 20 SMs -> 3
[57.202046] End    layer2: 1526 -> 3379 + 8961 = 12340 (7821)
[57.202053] 
[57.202061] 
[57.202072] Start  layer3: 30 SMs -> 4
[57.206389] End    layer3: 1637 -> 4311 + 13527 = 17838 (8909)
[57.206396] 
[57.206408] 
[57.206420] Start  layer4: 30 SMs -> 4
[57.212024] End    layer4: 2342 -> 5599 + 22128 = 27727 (14235)
[57.212031] 
[57.212041] 
[57.212052] Start  layerX: 10 SMs -> 2
[57.212233] End    layerX: 79 -> 179 + 22285 = 22464 (369)
[57.212237] 
[57.212245] Reserved: 32269us
[57.244581] 
[57.244595] Start  layer0: 10 SMs -> 1
[57.245753] End    layer0: 557 -> 1154 + 661 = 1815 (1892)
[57.245760] 
[57.245765] 
[57.245775] Start  layer1: 10 SMs -> 2
[57.248979] End    layer1: 1921 -> 3200 + 4205 = 7405 (6772)
[57.248984] 
[57.248991] 
[57.248999] Start  layer2: 20 SMs -> 3
[57.252650] End    layer2: 1526 -> 3644 + 8357 = 12001 (7821)
[57.252657] 
[57.252685] 
[57.252695] Start  layer3: 40 SMs -> 4
[57.258631] End    layer3: 1320 -> 5930 + 11285 = 17215 (8909)
[57.258638] 
[57.258645] 
[57.258656] Start  layer4: 30 SMs -> 2
[57.262218] End    layer4: 2342 -> 3558 + 21932 = 25491 (14235)
[57.262224] 
[57.262229] 
[57.262238] Start  layerX: 40 SMs -> 1
[57.262360] End    layerX: 54 -> 120 + 22157 = 22277 (369)
[57.262364] 
[57.262373] Reserved: 32141us
[57.294577] 
[57.294585] Start  layer0: 40 SMs -> 3
[57.295273] End    layer0: 280 -> 683 + 1140 = 1823 (1892)
[57.295280] 
[57.295285] 
[57.295296] Start  layer1: 10 SMs -> 3
[57.297777] End    layer1: 1921 -> 2476 + 5409 = 7885 (6772)
[57.297784] 
[57.297791] 
[57.297801] Start  layer2: 20 SMs -> 3
[57.301717] End    layer2: 1526 -> 3911 + 9289 = 13200 (7821)
[57.301723] 
[57.301740] 
[57.301750] Start  layer3: 10 SMs -> 2
[57.306315] End    layer3: 2218 -> 4561 + 13600 = 18161 (8909)
[57.306320] 
[57.306326] 
[57.306334] Start  layer4: 10 SMs -> 2
[57.311516] End    layer4: 3566 -> 5178 + 22634 = 27812 (14235)
[57.311521] 
[57.311527] 
[57.311535] Start  layerX: 40 SMs -> 1
[57.311648] End    layerX: 54 -> 110 + 22869 = 22980 (369)
[57.311651] 
[57.311658] Reserved: 32856us
[57.344579] 
[57.344588] Start  layer0: 40 SMs -> 3
[57.345293] End    layer0: 280 -> 701 + 1119 = 1820 (1892)
[57.345298] 
[57.345302] 
[57.345309] Start  layer1: 30 SMs -> 3
[57.347763] End    layer1: 1178 -> 2447 + 5423 = 7870 (6772)
[57.347770] 
[57.347776] 
[57.347786] Start  layer2: 30 SMs -> 3
[57.351359] End    layer2: 1356 -> 3567 + 9648 = 13215 (7821)
[57.351366] 
[57.351373] 
[57.351384] Start  layer3: 30 SMs -> 3
[57.355470] End    layer3: 1637 -> 4081 + 14446 = 18527 (8909)
[57.355477] 
[57.355483] 
[57.355494] Start  layer4: 30 SMs -> 3
[57.360002] End    layer4: 2342 -> 4502 + 24150 = 28652 (14235)
[57.360009] 
[57.360019] 
[57.360031] Start  layerX: 30 SMs -> 3
[57.360348] End    layerX: 61 -> 313 + 24172 = 24485 (369)
[57.360355] 
[57.360366] Reserved: 34149us
[57.394577] 
[57.394591] Start  layer0: 40 SMs -> 2
[57.395235] End    layer0: 280 -> 640 + 1178 = 1818 (1892)
[57.395242] 
[57.395247] 
[57.395258] Start  layer1: 30 SMs -> 2
[57.397409] End    layer1: 1178 -> 2145 + 5777 = 7923 (6772)
[57.397416] 
[57.397424] 
[57.397435] Start  layer2: 40 SMs -> 4
[57.400990] End    layer2: 1158 -> 3549 + 10017 = 13566 (7821)
[57.400998] 
[57.401017] 
[57.401028] Start  layer3: 40 SMs -> 3
[57.405315] End    layer3: 1320 -> 4282 + 14601 = 18883 (8909)
[57.405322] 
[57.405329] 
[57.405340] Start  layer4: 30 SMs -> 2
[57.408149] End    layer4: 2342 -> 2806 + 26001 = 28807 (14235)
[57.408154] 
[57.408159] 
[57.408167] Start  layerX: 40 SMs -> 1
[57.408280] End    layerX: 54 -> 110 + 26237 = 26347 (369)
[57.408284] 
[57.408291] Reserved: 36223us
[57.444576] 
[57.444588] Start  layer0: 20 SMs -> 1
[57.445255] End    layer0: 378 -> 662 + 1158 = 1821 (1892)
[57.445262] 
[57.445267] 
[57.445278] Start  layer1: 10 SMs -> 1
[57.447899] End    layer1: 1921 -> 2615 + 5287 = 7903 (6772)
[57.447905] 
[57.447912] 
[57.447922] Start  layer2: 20 SMs -> 2
[57.451378] End    layer2: 1526 -> 3451 + 9629 = 13080 (7821)
[57.451385] 
[57.451392] 
[57.451403] Start  layer3: 10 SMs -> 2
[57.454337] End    layer3: 2218 -> 2929 + 15579 = 18508 (8909)
[57.454344] 
[57.454351] 
[57.454361] Start  layer4: 40 SMs -> 2
[57.457143] End    layer4: 2109 -> 2776 + 27010 = 29785 (14235)
[57.457149] 
[57.457156] 
[57.457167] Start  layerX: 30 SMs -> 2
[57.457488] End    layerX: 61 -> 316 + 27033 = 27349 (369)
[57.457495] 
[57.457505] Reserved: 37010us
[57.494578] 
[57.494592] Start  layer0: 30 SMs -> 1
[57.495170] End    layer0: 328 -> 574 + 1244 = 1817 (1892)
[57.495177] 
[57.495182] 
[57.495192] Start  layer1: 40 SMs -> 2
[57.497241] End    layer1: 1003 -> 2043 + 5945 = 7989 (6772)
[57.497248] 
[57.497264] 
[57.497275] Start  layer2: 30 SMs -> 3
[57.500277] End    layer2: 1356 -> 2996 + 10731 = 13726 (7821)
[57.500284] 
[57.500301] 
[57.500312] Start  layer3: 20 SMs -> 2
[57.502727] End    layer3: 1897 -> 2410 + 17189 = 19599 (8909)
[57.502734] 
[57.502740] 
[57.502751] Start  layer4: 20 SMs -> 1
[57.505704] End    layer4: 2479 -> 2948 + 28449 = 31396 (14235)
[57.505711] 
[57.505717] 
[57.505728] Start  layerX: 20 SMs -> 1
[57.505860] End    layerX: 61 -> 129 + 28659 = 28788 (369)
[57.505865] 
[57.505875] Reserved: 38640us
