[53.919471] layer0:
[53.933371] 	10	344us, 586us
[53.943574] 	20	236us, 383us
[53.952929] 	30	204us, 326us
[53.961914] 	40	185us, 296us
[53.961928] Params: 0.61	0.36	0.39

[53.961934] layer1:
[53.998904] 	10	1119us, 1909us
[54.023463] 	20	796us, 1288us
[54.046008] 	30	689us, 1136us
[54.066739] 	40	681us, 1006us
[54.066752] Params: 0.62	0.25	0.38

[54.066758] layer2:
[54.109473] 	10	1333us, 2161us
[54.138319] 	20	983us, 1509us
[54.165419] 	30	935us, 1359us
[54.189083] 	40	798us, 1163us
[54.189096] Params: 0.66	0.33	0.39

[54.189102] layer3:
[54.233830] 	10	1407us, 2229us
[54.264478] 	20	971us, 1697us
[54.293832] 	30	931us, 1605us
[54.320541] 	40	901us, 1321us
[54.320556] Params: 0.62	0.21	0.36

[54.320563] layer4:
[54.390610] 	10	2390us, 3522us
[54.435251] 	20	1572us, 2477us
[54.477484] 	30	1516us, 2298us
[54.516959] 	40	1420us, 2090us
[54.516972] Params: 0.66	0.27	0.29

[54.516978] layerX:
[54.522347] 	10	44us, 85us
[54.527697] 	20	41us, 71us
[54.532874] 	30	41us, 58us
[54.538200] 	40	40us, 52us
[54.538212] Params: 0.64	0.06	0.32

