[55.494698] 
[55.494712] Start  layer0: 20 SMs -> 7
[55.499222] End    layer0: 382 -> 4508 + -2523 = 1985 (1999)
[55.499225] 
[55.499227] 
[55.499232] Start  layer1: 30 SMs -> 9
[55.508989] End    layer1: 1136 -> 9754 + -5504 = 4250 (6786)
[55.508992] 
[55.508999] 
[55.509004] Start  layer2: 40 SMs -> 15
[55.519994] End    layer2: 1163 -> 10987 + -8660 = 2326 (7847)
[55.519998] 
[55.520002] 
[55.520008] Start  layer3: 40 SMs -> 13
[55.536653] End    layer3: 1320 -> 16643 + -16409 = 233 (8911)
[55.536657] 
[55.536660] 
[55.536665] Start  layer4: 40 SMs -> 10
[55.552500] End    layer4: 2089 -> 15832 + -18154 = -2321 (14101)
[55.552503] 
[55.552507] 
[55.552516] Start  layerX: 30 SMs -> 8
[55.552933] End    layerX: 58 -> 414 + -18233 = -17818 (353)
[55.552936] 
[55.552941] Delayed : 8244us
[55.552944] 
[55.552949] Start  layer0: 20 SMs -> 8
[55.554144] End    layer0: 382 -> 1192 + -7444 = -6252 (1999)
[55.554148] 
[55.554150] 
[55.554157] Start  layer1: 40 SMs -> 14
[55.562884] End    layer1: 1005 -> 8724 + -9398 = -673 (6786)
[55.562887] 
[55.562891] 
[55.562897] Start  layer2: 10 SMs -> 6
[55.573620] End    layer2: 2161 -> 10721 + -12287 = -1566 (7847)
[55.573623] 
[55.573626] 
[55.573631] Start  layer3: 20 SMs -> 7
[55.584286] End    layer3: 1696 -> 10651 + -14039 = -3389 (8911)
[55.584291] 
[55.584294] 
[55.584301] Start  layer4: 30 SMs -> 8
[55.591082] End    layer4: 2298 -> 6776 + -6732 = 42 (14101)
[55.591088] 
[55.591093] 
[55.591102] Start  layerX: 10 SMs -> 2
[55.591240] End    layerX: 85 -> 135 + -6538 = -6402 (353)
[55.591243] 
[55.591250] Reserved: 3447us
[55.594759] 
[55.594770] Start  layer0: 10 SMs -> 7
[55.597622] End    layer0: 586 -> 2849 + -920 = 1928 (1999)
[55.597628] 
[55.597632] 
[55.597640] Start  layer1: 20 SMs -> 9
[55.605767] End    layer1: 1287 -> 8123 + -2279 = 5844 (6786)
[55.605773] 
[55.605778] 
[55.605786] Start  layer2: 40 SMs -> 14
[55.620659] End    layer2: 1163 -> 14867 + -9321 = 5545 (7847)
[55.620666] 
[55.620673] 
[55.620685] Start  layer3: 40 SMs -> 16
[55.637004] End    layer3: 1320 -> 16316 + -16756 = -440 (8911)
[55.637010] 
[55.637016] 
[55.637025] Start  layer4: 40 SMs -> 12
[55.648500] End    layer4: 2089 -> 11473 + -14152 = -2679 (14101)
[55.648505] 
[55.648510] 
[55.648517] Start  layerX: 10 SMs -> 7
[55.649463] End    layerX: 85 -> 941 + -14759 = -13819 (353)
[55.649468] 
[55.649481] Delayed : 4783us
[55.649487] 
[55.649495] Start  layer0: 10 SMs -> 6
[55.651433] End    layer0: 586 -> 1935 + -4731 = -2796 (1999)
[55.651437] 
[55.651440] 
[55.651447] Start  layer1: 40 SMs -> 14
[55.665096] End    layer1: 1005 -> 13645 + -11608 = 2036 (6786)
[55.665102] 
[55.665121] 
[55.665130] Start  layer2: 30 SMs -> 8
[55.674055] End    layer2: 1359 -> 8920 + -12718 = -3797 (7847)
[55.674060] 
[55.674076] 
[55.674085] Start  layer3: 30 SMs -> 8
[55.685156] End    layer3: 1605 -> 11064 + -14906 = -3842 (8911)
[55.685163] 
[55.685170] 
[55.685181] Start  layer4: 40 SMs -> 12
[55.698383] End    layer4: 2089 -> 13199 + -14033 = -835 (14101)
[55.698390] 
[55.698415] 
[55.698427] Start  layerX: 20 SMs -> 8
[55.699348] End    layerX: 70 -> 918 + -14645 = -13727 (353)
[55.699354] 
[55.699363] Delayed : 4665us
[55.699370] 
[55.699377] Start  layer0: 40 SMs -> 14
[55.701993] End    layer0: 296 -> 2611 + -5290 = -2679 (1999)
[55.701999] 
[55.702002] 
[55.702011] Start  layer1: 30 SMs -> 11
[55.711827] End    layer1: 1136 -> 9812 + -8338 = 1473 (6786)
[55.711832] 
[55.711841] 
[55.711850] Start  layer2: 20 SMs -> 7
[55.720177] End    layer2: 1509 -> 8322 + -8840 = -517 (7847)
[55.720183] 
[55.720200] 
[55.720209] Start  layer3: 20 SMs -> 7
[55.730213] End    layer3: 1696 -> 10000 + -9965 = 33 (8911)
[55.730219] 
[55.730224] 
[55.730232] Start  layer4: 20 SMs -> 6
[55.738914] End    layer4: 2477 -> 8678 + -4565 = 4112 (14101)
[55.738920] 
[55.738926] 
[55.738936] Start  layerX: 20 SMs -> 4
[55.740335] End    layerX: 70 -> 1396 + -5632 = -4236 (353)
[55.740339] 
[55.740351] Reserved: 4346us
[55.744762] 
[55.744777] Start  layer0: 30 SMs -> 10
[55.746217] End    layer0: 326 -> 1438 + 484 = 1922 (1999)
[55.746223] 
[55.746250] 
[55.746258] Start  layer1: 30 SMs -> 10
[55.755163] End    layer1: 1136 -> 8899 + -1673 = 7225 (6786)
[55.755168] 
[55.755175] 
[55.755183] Start  layer2: 40 SMs -> 14
[55.773039] End    layer2: 1163 -> 17852 + -11702 = 6148 (7847)
[55.773046] 
[55.773054] 
[55.773065] Start  layer3: 10 SMs -> 5
[55.780575] End    layer3: 2229 -> 7506 + -10327 = -2821 (8911)
[55.780581] 
[55.780588] 
[55.780596] Start  layer4: 10 SMs -> 4
[55.790950] End    layer4: 3521 -> 10349 + -6600 = 3748 (14101)
[55.790955] 
[55.790960] 
[55.790968] Start  layerX: 20 SMs -> 5
[55.791246] End    layerX: 70 -> 272 + -6540 = -6269 (353)
[55.791252] 
[55.791264] Reserved: 3434us
[55.794762] 
[55.794776] Start  layer0: 20 SMs -> 10
[55.799396] End    layer0: 382 -> 4615 + -2691 = 1923 (1999)
[55.799403] 
[55.799407] 
[55.799416] Start  layer1: 20 SMs -> 8
[55.806415] End    layer1: 1287 -> 6993 + -2924 = 4068 (6786)
[55.806422] 
[55.806428] 
[55.806439] Start  layer2: 30 SMs -> 9
[55.814328] End    layer2: 1359 -> 7885 + -2991 = 4893 (7847)
[55.814335] 
[55.814342] 
[55.814353] Start  layer3: 40 SMs -> 15
[55.829950] End    layer3: 1320 -> 15593 + -9701 = 5891 (8911)
[55.829956] 
[55.829963] 
[55.829975] Start  layer4: 40 SMs -> 14
[55.846770] End    layer4: 2089 -> 16791 + -12420 = 4371 (14101)
[55.846776] 
[55.846781] 
[55.846791] Start  layerX: 40 SMs -> 12
[55.847856] End    layerX: 52 -> 1059 + -13151 = -12092 (353)
[55.847862] 
[55.847875] Delayed : 3176us
[55.847883] 
[55.847894] Start  layer0: 10 SMs -> 8
[55.849876] End    layer0: 586 -> 1979 + -3173 = -1195 (1999)
[55.849881] 
[55.849884] 
[55.849892] Start  layer1: 10 SMs -> 8
[55.862069] End    layer1: 1908 -> 12170 + -8578 = 3591 (6786)
[55.862076] 
[55.862082] 
[55.862094] Start  layer2: 30 SMs -> 7
[55.870359] End    layer2: 1359 -> 8262 + -9022 = -760 (7847)
[55.870365] 
[55.870373] 
[55.870382] Start  layer3: 30 SMs -> 7
[55.878906] End    layer3: 1605 -> 8522 + -8661 = -138 (8911)
[55.878909] 
[55.878913] 
[55.878920] Start  layer4: 10 SMs -> 7
[55.889469] End    layer4: 3521 -> 10547 + -5123 = 5424 (14101)
[55.889472] 
[55.889486] 
[55.889491] Start  layerX: 10 SMs -> 4
[55.890142] End    layerX: 85 -> 649 + -5442 = -4793 (353)
[55.890144] 
[55.890156] Reserved: 4541us
[55.894763] 
[55.894778] Start  layer0: 30 SMs -> 9
[55.896457] End    layer0: 326 -> 1676 + 245 = 1921 (1999)
[55.896462] 
[55.896466] 
[55.896474] Start  layer1: 10 SMs -> 9
[55.906664] End    layer1: 1908 -> 10185 + -3176 = 7009 (6786)
[55.906670] 
[55.906675] 
[55.906684] Start  layer2: 30 SMs -> 11
[55.915719] End    layer2: 1359 -> 9030 + -4381 = 4648 (7847)
[55.915726] 
[55.915732] 
[55.915744] Start  layer3: 30 SMs -> 9
[55.922969] End    layer3: 1605 -> 7222 + -2721 = 4499 (8911)
[55.922975] 
[55.922979] 
[55.922988] Start  layer4: 40 SMs -> 15
[55.935038] End    layer4: 2089 -> 12046 + -688 = 11356 (14101)
[55.935044] 
[55.935049] 
[55.935058] Start  layerX: 20 SMs -> 8
[55.936037] End    layerX: 70 -> 975 + -1334 = -359 (353)
[55.936043] 
[55.936070] Reserved: 8627us
[55.944765] 
[55.944783] Start  layer0: 20 SMs -> 8
[55.947141] End    layer0: 382 -> 2360 + -442 = 1917 (1999)
[55.947144] 
[55.947146] 
[55.947150] Start  layer1: 40 SMs -> 18
[55.961186] End    layer1: 1005 -> 14033 + -7701 = 6331 (6786)
[55.961189] 
[55.961192] 
[55.961197] Start  layer2: 30 SMs -> 7
[55.967205] End    layer2: 1359 -> 6004 + -5870 = 133 (7847)
[55.967208] 
[55.967212] 
[55.967218] Start  layer3: 30 SMs -> 7
[55.975098] End    layer3: 1605 -> 7875 + -4851 = 3023 (8911)
[55.975104] 
[55.975118] 
[55.975127] Start  layer4: 30 SMs -> 7
[55.982164] End    layer4: 2298 -> 7036 + 2182 = 9217 (14101)
[55.982167] 
[55.982169] 
[55.982174] Start  layerX: 40 SMs -> 15
[55.983960] End    layerX: 52 -> 1784 + 739 = 2523 (353)
[55.983963] 
[55.983968] Reserved: 10728us
[55.994753] 
[55.994759] Start  layer0: 20 SMs -> 6
[55.996384] End    layer0: 382 -> 1623 + 314 = 1937 (1999)
[55.996387] 
[55.996388] 
[55.996393] Start  layer1: 30 SMs -> 5
[56.002409] End    layer1: 1136 -> 6010 + 1079 = 7089 (6786)
[56.002415] 
[56.002452] 
[56.002484] Start  layer2: 20 SMs -> 9
[56.012127] End    layer2: 1509 -> 9640 + -790 = 8850 (7847)
[56.012132] 
[56.012146] 
[56.012157] Start  layer3: 30 SMs -> 10
[56.020347] End    layer3: 1605 -> 8186 + -100 = 8085 (8911)
[56.020353] 
[56.020360] 
[56.020368] Start  layer4: 20 SMs -> 8
[56.030252] End    layer4: 2477 -> 9880 + 4097 = 13977 (14101)
[56.030257] 
[56.030263] 
[56.030273] Start  layerX: 30 SMs -> 8
[56.031090] End    layerX: 58 -> 813 + 3612 = 4425 (353)
[56.031095] 
[56.031105] Reserved: 13592us
[56.044765] 
[56.044781] Start  layer0: 20 SMs -> 8
[56.047473] End    layer0: 382 -> 2688 + -769 = 1918 (1999)
[56.047480] 
[56.047484] 
[56.047494] Start  layer1: 30 SMs -> 7
[56.055696] End    layer1: 1136 -> 8197 + -2207 = 5990 (6786)
[56.055701] 
[56.055714] 
[56.055723] Start  layer2: 20 SMs -> 10
[56.065020] End    layer2: 1509 -> 9293 + -3683 = 5608 (7847)
[56.065026] 
[56.065039] 
[56.065048] Start  layer3: 20 SMs -> 8
[56.074659] End    layer3: 1696 -> 9605 + -4410 = 5194 (8911)
[56.074666] 
[56.074686] 
[56.074695] Start  layer4: 20 SMs -> 7
[56.084234] End    layer4: 2477 -> 9535 + 115 = 9649 (14101)
[56.084240] 
[56.084245] 
[56.084254] Start  layerX: 40 SMs -> 14
[56.084795] End    layerX: 52 -> 539 + -93 = 445 (353)
[56.084799] 
[56.084808] Reserved: 9889us
[56.094759] 
[56.094774] Start  layer0: 10 SMs -> 11
[56.097117] End    layer0: 586 -> 2341 + -415 = 1925 (1999)
[56.097123] 
[56.097126] 
[56.097135] Start  layer1: 40 SMs -> 10
[56.110896] End    layer1: 1005 -> 13754 + -7405 = 6348 (6786)
[56.110903] 
[56.110910] 
[56.110922] Start  layer2: 20 SMs -> 8
[56.119519] End    layer2: 1509 -> 8593 + -8181 = 410 (7847)
[56.119524] 
[56.119552] 
[56.119561] Start  layer3: 20 SMs -> 7
[56.127473] End    layer3: 1696 -> 7907 + -7225 = 681 (8911)
[56.127478] 
[56.127484] 
[56.127493] Start  layer4: 30 SMs -> 9
[56.137163] End    layer4: 2298 -> 9666 + -2813 = 6852 (14101)
[56.137169] 
[56.137183] 
[56.137192] Start  layerX: 20 SMs -> 6
[56.138513] End    layerX: 70 -> 1318 + -3811 = -2492 (353)
[56.138517] 
[56.138525] Reserved: 6172us
[56.144757] 
[56.144764] Start  layer0: 20 SMs -> 6
[56.145988] End    layer0: 382 -> 1221 + 713 = 1933 (1999)
[56.145994] 
[56.145997] 
[56.146004] Start  layer1: 30 SMs -> 5
[56.152527] End    layer1: 1136 -> 6518 + 961 = 7479 (6786)
[56.152532] 
[56.152542] 
[56.152551] Start  layer2: 30 SMs -> 6
[56.159109] End    layer2: 1359 -> 6554 + 2227 = 8781 (7847)
[56.159115] 
[56.159121] 
[56.159130] Start  layer3: 40 SMs -> 16
[56.170728] End    layer3: 1320 -> 11592 + -478 = 11112 (8911)
[56.170735] 
[56.170746] 
[56.170758] Start  layer4: 40 SMs -> 16
[56.186655] End    layer4: 2089 -> 15894 + -2305 = 13587 (14101)
[56.186661] 
[56.186666] 
[56.186679] Start  layerX: 30 SMs -> 7
[56.187758] End    layerX: 58 -> 1075 + -3053 = -1978 (353)
[56.187765] 
[56.187775] Reserved: 6922us
[56.194765] 
[56.194779] Start  layer0: 30 SMs -> 6
[56.196862] End    layer0: 326 -> 2080 + -159 = 1919 (1999)
[56.196868] 
[56.196871] 
[56.196879] Start  layer1: 10 SMs -> 2
[56.202579] End    layer1: 1908 -> 5693 + 911 = 6604 (6786)
[56.202586] 
[56.202604] 
[56.202615] Start  layer2: 40 SMs -> 13
[56.224342] End    layer2: 1163 -> 21724 + -13005 = 8718 (7847)
[56.224347] 
[56.224352] 
[56.224361] Start  layer3: 40 SMs -> 15
[56.241379] End    layer3: 1320 -> 17011 + -21129 = -4118 (8911)
[56.241386] 
[56.241403] 
[56.241415] Start  layer4: 40 SMs -> 11
[56.265156] End    layer4: 2089 -> 23738 + -30806 = -7068 (14101)
[56.265161] 
[56.265167] 
[56.265176] Start  layerX: 10 SMs -> 5
[56.265640] End    layerX: 85 -> 461 + -30938 = -30477 (353)
[56.265645] 
[56.265653] Delayed : 20955us
[56.265659] 
[56.265666] Start  layer0: 10 SMs -> 5
[56.268029] End    layer0: 586 -> 2358 + -21326 = -18968 (1999)
[56.268035] 
[56.268038] 
[56.268046] Start  layer1: 10 SMs -> 6
[56.277555] End    layer1: 1908 -> 9504 + -24066 = -14562 (6786)
[56.277560] 
[56.277574] 
[56.277582] Start  layer2: 40 SMs -> 14
[56.292681] End    layer2: 1163 -> 15093 + -31343 = -16250 (7847)
[56.292687] 
[56.292715] 
[56.292757] Start  layer3: 40 SMs -> 11
[56.310561] End    layer3: 1320 -> 17801 + -40313 = -22512 (8911)
[56.310566] 
[56.310574] 
[56.310583] Start  layer4: 40 SMs -> 17
[56.329791] End    layer4: 2089 -> 19204 + -45441 = -26238 (14101)
[56.329797] 
[56.329807] 
[56.329819] Start  layerX: 30 SMs -> 7
[56.330334] End    layerX: 58 -> 511 + -45631 = -45119 (353)
[56.330339] 
[56.330354] Delayed : 35657us
[56.330361] 
[56.330369] Start  layer0: 10 SMs -> 3
[56.332361] End    layer0: 586 -> 1987 + -35658 = -33671 (1999)
[56.332366] 
[56.332369] 
[56.332378] Start  layer1: 10 SMs -> 4
[56.339508] End    layer1: 1908 -> 7126 + -36019 = -28893 (6786)
[56.339515] 
[56.339536] 
[56.339548] Start  layer2: 20 SMs -> 5
[56.342065] End    layer2: 1509 -> 2514 + -30728 = -28214 (7847)
[56.342070] 
[56.342075] 
[56.342084] Start  layer3: 10 SMs -> 2
[56.351597] End    layer3: 2229 -> 9509 + -31349 = -21840 (8911)
[56.351602] 
[56.351607] 
[56.351616] Start  layer4: 20 SMs -> 9
[56.358762] End    layer4: 2477 -> 7141 + -24412 = -17271 (14101)
[56.358768] 
[56.358784] 
[56.358792] Start  layerX: 20 SMs -> 5
[56.359155] End    layerX: 70 -> 357 + -24450 = -24093 (353)
[56.359162] 
[56.359181] Delayed : 14483us
[56.359187] 
[56.359195] Start  layer0: 20 SMs -> 8
[56.361044] End    layer0: 382 -> 1844 + -14340 = -12496 (1999)
[56.361050] 
[56.361053] 
[56.361061] Start  layer1: 10 SMs -> 6
[56.369088] End    layer1: 1908 -> 8022 + -15599 = -7577 (6786)
[56.369093] 
[56.369098] 
[56.369106] Start  layer2: 20 SMs -> 7
[56.375728] End    layer2: 1509 -> 6618 + -14391 = -7774 (7847)
[56.375734] 
[56.375768] 
[56.375777] Start  layer3: 20 SMs -> 6
[56.386203] End    layer3: 1696 -> 10421 + -15955 = -5534 (8911)
[56.386208] 
[56.386214] 
[56.386222] Start  layer4: 40 SMs -> 17
[56.404993] End    layer4: 2089 -> 18765 + -20642 = -1877 (14101)
[56.405001] 
[56.405010] 
[56.405021] Start  layerX: 40 SMs -> 14
[56.406725] End    layerX: 52 -> 1701 + -22022 = -20321 (353)
[56.406731] 
[56.406740] Delayed : 12042us
[56.406746] 
[56.406754] Start  layer0: 20 SMs -> 6
[56.408166] End    layer0: 382 -> 1406 + -11462 = -10056 (1999)
[56.408173] 
[56.408177] 
[56.408189] Start  layer1: 40 SMs -> 16
[56.420793] End    layer1: 1005 -> 12600 + -17304 = -4704 (6786)
[56.420799] 
[56.420806] 
[56.420814] Start  layer2: 40 SMs -> 17
[56.438900] End    layer2: 1163 -> 18083 + -27565 = -9482 (7847)
[56.438905] 
[56.438909] 
[56.438916] Start  layer3: 30 SMs -> 7
[56.448272] End    layer3: 1605 -> 9348 + -28022 = -18674 (8911)
[56.448279] 
[56.448289] 
[56.448302] Start  layer4: 30 SMs -> 8
[56.458069] End    layer4: 2298 -> 9762 + -23717 = -13956 (14101)
[56.458076] 
[56.458091] 
[56.458104] Start  layerX: 10 SMs -> 5
[56.459100] End    layerX: 85 -> 992 + -24396 = -23404 (353)
[56.459106] 
[56.459114] Delayed : 14416us
[56.459121] 
[56.459129] Start  layer0: 30 SMs -> 7
[56.461205] End    layer0: 326 -> 2072 + -14502 = -12430 (1999)
[56.461211] 
[56.461214] 
[56.461222] Start  layer1: 30 SMs -> 6
[56.467549] End    layer1: 1136 -> 6319 + -14057 = -7738 (6786)
[56.467557] 
[56.467565] 
[56.467578] Start  layer2: 30 SMs -> 7
[56.478155] End    layer2: 1359 -> 10572 + -16816 = -6244 (7847)
[56.478162] 
[56.478169] 
[56.478181] Start  layer3: 10 SMs -> 4
[56.488813] End    layer3: 2229 -> 10629 + -18566 = -7937 (8911)
[56.488819] 
[56.488824] 
[56.488833] Start  layer4: 10 SMs -> 4
[56.498482] End    layer4: 3521 -> 9643 + -14131 = -4488 (14101)
[56.498488] 
[56.498497] 
[56.498508] Start  layerX: 30 SMs -> 7
[56.498943] End    layerX: 58 -> 433 + -14240 = -13808 (353)
[56.498947] 
[56.498957] Delayed : 4259us
[56.498962] 
[56.498970] Start  layer0: 10 SMs -> 7
[56.501385] End    layer0: 586 -> 2409 + -4681 = -2272 (1999)
[56.501392] 
[56.501397] 
[56.501409] Start  layer1: 30 SMs -> 9
[56.508305] End    layer1: 1136 -> 6896 + -4820 = 2075 (6786)
[56.508308] 
[56.508311] 
[56.508316] Start  layer2: 10 SMs -> 6
[56.517399] End    layer2: 2161 -> 9081 + -6066 = 3014 (7847)
[56.517402] 
[56.517406] 
[56.517412] Start  layer3: 10 SMs -> 6
[56.524466] End    layer3: 2229 -> 7052 + -4222 = 2829 (8911)
[56.524482] 
[56.524490] 
[56.524494] Start  layer4: 30 SMs -> 9
[56.536906] End    layer4: 2298 -> 12406 + -2556 = 9849 (14101)
[56.536912] 
[56.536930] 
[56.536940] Start  layerX: 30 SMs -> 7
[56.537614] End    layerX: 58 -> 671 + -2911 = -2240 (353)
[56.537620] 
[56.537627] Reserved: 7070us
[56.544761] 
[56.544775] Start  layer0: 30 SMs -> 9
[56.546871] End    layer0: 326 -> 2097 + -172 = 1924 (1999)
[56.546875] 
[56.546876] 
[56.546881] Start  layer1: 40 SMs -> 11
[56.560189] End    layer1: 1005 -> 13302 + -6700 = 6601 (6786)
[56.560195] 
[56.560201] 
[56.560210] Start  layer2: 30 SMs -> 9
[56.570933] End    layer2: 1359 -> 10719 + -9597 = 1121 (7847)
[56.570939] 
[56.570944] 
[56.570955] Start  layer3: 30 SMs -> 8
[56.583507] End    layer3: 1605 -> 12548 + -13259 = -711 (8911)
[56.583513] 
[56.583518] 
[56.583526] Start  layer4: 30 SMs -> 7
[56.596785] End    layer4: 2298 -> 13255 + -12435 = 819 (14101)
[56.596791] 
[56.596799] 
[56.596809] Start  layerX: 10 SMs -> 2
[56.596997] End    layerX: 85 -> 185 + -12295 = -12109 (353)
[56.597001] 
[56.597032] Delayed : 2334us
[56.597039] 
[56.597046] Start  layer0: 10 SMs -> 3
[56.599404] End    layer0: 586 -> 2353 + -2702 = -349 (1999)
[56.599411] 
[56.599416] 
[56.599427] Start  layer1: 30 SMs -> 9
[56.606809] End    layer1: 1136 -> 7379 + -3320 = 4057 (6786)
[56.606814] 
[56.606871] 
[56.606882] Start  layer2: 30 SMs -> 6
[56.616859] End    layer2: 1359 -> 9973 + -5523 = 4450 (7847)
[56.616865] 
[56.616870] 
[56.616879] Start  layer3: 30 SMs -> 9
[56.630135] End    layer3: 1605 -> 13251 + -9887 = 3363 (8911)
[56.630140] 
[56.630145] 
[56.630153] Start  layer4: 40 SMs -> 11
[56.644638] End    layer4: 2089 -> 14481 + -10289 = 4191 (14101)
[56.644644] 
[56.644652] 
[56.644661] Start  layerX: 20 SMs -> 5
[56.645581] End    layerX: 70 -> 916 + -10878 = -9961 (353)
[56.645587] 
[56.645608] Delayed : 910us
[56.645614] 
[56.645622] Start  layer0: 30 SMs -> 11
[56.647049] End    layer0: 326 -> 1423 + -347 = 1075 (1999)
[56.647055] 
[56.647058] 
[56.647066] Start  layer1: 30 SMs -> 8
[56.652727] End    layer1: 1136 -> 5656 + 760 = 6417 (6786)
[56.652733] 
[56.652740] 
[56.652748] Start  layer2: 40 SMs -> 15
[56.665470] End    layer2: 1163 -> 12717 + -4133 = 8583 (7847)
[56.665475] 
[56.665480] 
[56.665489] Start  layer3: 40 SMs -> 14
[56.679359] End    layer3: 1320 -> 13864 + -9109 = 4754 (8911)
[56.679364] 
[56.679374] 
[56.679384] Start  layer4: 10 SMs -> 6
[56.686427] End    layer4: 3521 -> 7039 + -2077 = 4961 (14101)
[56.686433] 
[56.686437] 
[56.686445] Start  layerX: 40 SMs -> 10
[56.687278] End    layerX: 52 -> 829 + -2575 = -1745 (353)
[56.687284] 
[56.687295] Reserved: 7403us
[56.694767] 
[56.694782] Start  layer0: 40 SMs -> 10
[56.696791] End    layer0: 296 -> 2006 + -88 = 1917 (1999)
[56.696796] 
[56.696799] 
[56.696808] Start  layer1: 10 SMs -> 9
[56.703643] End    layer1: 1908 -> 6830 + -154 = 6675 (6786)
[56.703648] 
[56.703653] 
[56.703662] Start  layer2: 10 SMs -> 5
[56.709518] End    layer2: 2161 -> 5852 + 1818 = 7669 (7847)
[56.709523] 
[56.709530] 
[56.709538] Start  layer3: 40 SMs -> 12
[56.718877] End    layer3: 1320 -> 9335 + 1369 = 10704 (8911)
[56.718883] 
[56.718888] 
[56.718897] Start  layer4: 40 SMs -> 13
[56.731509] End    layer4: 2089 -> 12608 + 2840 = 15448 (14101)
[56.731514] 
[56.731520] 
[56.731528] Start  layerX: 10 SMs -> 4
[56.732591] End    layerX: 85 -> 1057 + 2113 = 3170 (353)
[56.732598] 
[56.732610] Reserved: 12088us
[56.744766] 
[56.744781] Start  layer0: 30 SMs -> 8
[56.746284] End    layer0: 326 -> 1499 + 419 = 1918 (1999)
[56.746291] 
[56.746295] 
[56.746306] Start  layer1: 30 SMs -> 8
[56.752806] End    layer1: 1136 -> 6497 + 681 = 7178 (6786)
[56.752812] 
[56.752816] 
[56.752825] Start  layer2: 30 SMs -> 9
[56.762519] End    layer2: 1359 -> 9689 + -1182 = 8506 (7847)
[56.762524] 
[56.762530] 
[56.762538] Start  layer3: 40 SMs -> 12
[56.775767] End    layer3: 1320 -> 13223 + -5518 = 7704 (8911)
[56.775773] 
[56.775779] 
[56.775789] Start  layer4: 10 SMs -> 4
[56.783761] End    layer4: 3521 -> 7968 + 588 = 8556 (14101)
[56.783786] 
[56.783795] 
[56.783803] Start  layerX: 40 SMs -> 5
[56.784178] End    layerX: 52 -> 372 + 523 = 895 (353)
[56.784183] 
[56.784202] Reserved: 10495us
[56.794769] 
[56.794788] Start  layer0: 40 SMs -> 6
[56.795836] End    layer0: 296 -> 1043 + 868 = 1911 (1999)
[56.795843] 
[56.795848] 
[56.795859] Start  layer1: 40 SMs -> 7
[56.804351] End    layer1: 1005 -> 8488 + -862 = 7625 (6786)
[56.804358] 
[56.804366] 
[56.804377] Start  layer2: 40 SMs -> 10
[56.815722] End    layer2: 1163 -> 11340 + -4384 = 6955 (7847)
[56.815727] 
[56.815732] 
[56.815741] Start  layer3: 30 SMs -> 8
[56.826031] End    layer3: 1605 -> 10286 + -5783 = 4501 (8911)
[56.826037] 
[56.826043] 
[56.826053] Start  layer4: 10 SMs -> 3
[56.831611] End    layer4: 3521 -> 5554 + 2738 = 8292 (14101)
[56.831616] 
[56.831623] 
[56.831631] Start  layerX: 40 SMs -> 6
[56.832237] End    layerX: 52 -> 603 + 2464 = 3068 (353)
[56.832241] 
[56.832258] Reserved: 12439us
[56.844769] 
[56.844784] Start  layer0: 20 SMs -> 6
[56.846632] End    layer0: 382 -> 1845 + 70 = 1915 (1999)
[56.846637] 
[56.846640] 
[56.846649] Start  layer1: 20 SMs -> 6
[56.851958] End    layer1: 1287 -> 5304 + 1530 = 6834 (6786)
[56.851963] 
[56.851969] 
[56.851977] Start  layer2: 20 SMs -> 6
[56.858650] End    layer2: 1509 -> 6668 + 2686 = 9354 (7847)
[56.858655] 
[56.858660] 
[56.858668] Start  layer3: 30 SMs -> 7
[56.865041] End    layer3: 1605 -> 6369 + 5206 = 11575 (8911)
[56.865048] 
[56.865057] 
[56.865066] Start  layer4: 30 SMs -> 5
[56.873149] End    layer4: 2298 -> 8079 + 11200 = 19279 (14101)
[56.873155] 
[56.873161] 
[56.873169] Start  layerX: 30 SMs -> 4
[56.874118] End    layerX: 58 -> 945 + 10584 = 11529 (353)
[56.874122] 
[56.874131] Reserved: 20566us
[56.894766] 
[56.894781] Start  layer0: 20 SMs -> 6
[56.896281] End    layer0: 382 -> 1498 + 420 = 1918 (1999)
[56.896287] 
[56.896290] 
[56.896299] Start  layer1: 40 SMs -> 8
[56.904309] End    layer1: 1005 -> 8006 + -821 = 7184 (6786)
[56.904315] 
[56.904320] 
[56.904329] Start  layer2: 40 SMs -> 10
[56.916237] End    layer2: 1163 -> 11902 + -4898 = 7003 (7847)
[56.916243] 
[56.916270] 
[56.916282] Start  layer3: 40 SMs -> 10
[56.927032] End    layer3: 1320 -> 10746 + -6784 = 3961 (8911)
[56.927038] 
[56.927044] 
[56.927053] Start  layer4: 30 SMs -> 4
[56.930405] End    layer4: 2298 -> 3348 + 3944 = 7292 (14101)
[56.930410] 
[56.930415] 
[56.930424] Start  layerX: 40 SMs -> 3
[56.930598] End    layerX: 52 -> 171 + 4103 = 4275 (353)
[56.930603] 
[56.930610] Reserved: 14087us
[56.944765] 
[56.944779] Start  layer0: 10 SMs -> 7
[56.947112] End    layer0: 586 -> 2329 + -408 = 1920 (1999)
[56.947119] 
[56.947124] 
[56.947134] Start  layer1: 10 SMs -> 3
[56.951914] End    layer1: 1908 -> 4776 + 1574 = 6350 (6786)
[56.951919] 
[56.951927] 
[56.951935] Start  layer2: 40 SMs -> 9
[56.962362] End    layer2: 1163 -> 10422 + -1025 = 9396 (7847)
[56.962367] 
[56.962372] 
[56.962381] Start  layer3: 10 SMs -> 5
[56.971338] End    layer3: 2229 -> 8951 + -1089 = 7861 (8911)
[56.971345] 
[56.971353] 
[56.971364] Start  layer4: 20 SMs -> 4
[56.976494] End    layer4: 2477 -> 5126 + 7855 = 12981 (14101)
[56.976500] 
[56.976505] 
[56.976514] Start  layerX: 40 SMs -> 8
[56.977198] End    layerX: 52 -> 680 + 7505 = 8185 (353)
[56.977203] 
[56.977211] Reserved: 17486us
[56.994769] 
[56.994786] Start  layer0: 30 SMs -> 7
[56.996105] End    layer0: 326 -> 1315 + 599 = 1914 (1999)
[56.996112] 
[56.996117] 
[56.996128] Start  layer1: 30 SMs -> 5
[57.000647] End    layer1: 1136 -> 4515 + 2841 = 7356 (6786)
[57.000655] 
[57.000660] 
[57.000668] Start  layer2: 40 SMs -> 8
[57.009456] End    layer2: 1163 -> 8784 + 1880 = 10664 (7847)
[57.009462] 
[57.009466] 
[57.009475] Start  layer3: 30 SMs -> 7
[57.018213] End    layer3: 1605 -> 8734 + 2033 = 10768 (8911)
[57.018219] 
[57.018227] 
[57.018235] Start  layer4: 30 SMs -> 6
[57.024978] End    layer4: 2298 -> 6738 + 9371 = 16109 (14101)
[57.024983] 
[57.024997] 
[57.025005] Start  layerX: 30 SMs -> 3
[57.025405] End    layerX: 58 -> 397 + 9296 = 9693 (353)
[57.025409] 
[57.025416] Reserved: 19281us
[57.044766] 
[57.044780] Start  layer0: 10 SMs -> 5
[57.047101] End    layer0: 586 -> 2317 + -398 = 1918 (1999)
[57.047106] 
[57.047109] 
[57.047118] Start  layer1: 30 SMs -> 6
[57.051180] End    layer1: 1136 -> 4058 + 2307 = 6366 (6786)
[57.051186] 
[57.051192] 
[57.051200] Start  layer2: 40 SMs -> 9
[57.064029] End    layer2: 1163 -> 12823 + -2690 = 10131 (7847)
[57.064036] 
[57.064043] 
[57.064054] Start  layer3: 20 SMs -> 3
[57.067969] End    layer3: 1696 -> 3912 + 2278 = 6189 (8911)
[57.067975] 
[57.067979] 
[57.067987] Start  layer4: 30 SMs -> 3
[57.072837] End    layer4: 2298 -> 4846 + 11511 = 16357 (14101)
[57.072843] 
[57.072851] 
[57.072859] Start  layerX: 40 SMs -> 3
[57.073267] End    layerX: 52 -> 405 + 11434 = 11839 (353)
[57.073271] 
[57.073278] Reserved: 21419us
[57.094768] 
[57.094788] Start  layer0: 40 SMs -> 5
[57.096002] End    layer0: 296 -> 1212 + 700 = 1912 (1999)
[57.096007] 
[57.096010] 
[57.096022] Start  layer1: 40 SMs -> 7
[57.102223] End    layer1: 1005 -> 6196 + 1266 = 7462 (6786)
[57.102230] 
[57.102238] 
[57.102249] Start  layer2: 40 SMs -> 8
[57.111357] End    layer2: 1163 -> 9103 + -19 = 9083 (7847)
[57.111362] 
[57.111384] 
[57.111394] Start  layer3: 40 SMs -> 7
[57.120139] End    layer3: 1320 -> 8741 + 108 = 8849 (8911)
[57.120144] 
[57.120151] 
[57.120159] Start  layer4: 30 SMs -> 3
[57.122550] End    layer4: 2298 -> 2387 + 11798 = 14185 (14101)
[57.122556] 
[57.122561] 
[57.122569] Start  layerX: 40 SMs -> 1
[57.122670] End    layerX: 52 -> 99 + 12030 = 12129 (353)
[57.122674] 
[57.122681] Reserved: 22016us
[57.144763] 
[57.144773] Start  layer0: 20 SMs -> 7
[57.146051] End    layer0: 382 -> 1275 + 650 = 1925 (1999)
[57.146056] 
[57.146060] 
[57.146067] Start  layer1: 30 SMs -> 4
[57.149491] End    layer1: 1136 -> 3420 + 3997 = 7416 (6786)
[57.149497] 
[57.149502] 
[57.149509] Start  layer2: 30 SMs -> 4
[57.153022] End    layer2: 1359 -> 3508 + 8314 = 11822 (7847)
[57.153027] 
[57.153033] 
[57.153041] Start  layer3: 30 SMs -> 4
[57.156549] End    layer3: 1605 -> 3504 + 13698 = 17201 (8911)
[57.156554] 
[57.156559] 
[57.156568] Start  layer4: 30 SMs -> 3
[57.162251] End    layer4: 2298 -> 5679 + 22097 = 27777 (14101)
[57.162257] 
[57.162261] 
[57.162270] Start  layerX: 30 SMs -> 4
[57.163378] End    layerX: 58 -> 1105 + 21323 = 22429 (353)
[57.163383] 
[57.163392] Reserved: 31305us
[57.194760] 
[57.194769] Start  layer0: 10 SMs -> 3
[57.195978] End    layer0: 586 -> 1205 + 723 = 1928 (1999)
[57.195983] 
[57.195987] 
[57.195995] Start  layer1: 10 SMs -> 3
[57.199071] End    layer1: 1908 -> 3072 + 4416 = 7489 (6786)
[57.199077] 
[57.199082] 
[57.199090] Start  layer2: 10 SMs -> 2
[57.202343] End    layer2: 2161 -> 3248 + 8993 = 12241 (7847)
[57.202348] 
[57.202355] 
[57.202363] Start  layer3: 10 SMs -> 2
[57.206009] End    layer3: 2229 -> 3641 + 14238 = 17879 (8911)
[57.206014] 
[57.206020] 
[57.206028] Start  layer4: 40 SMs -> 7
[57.212399] End    layer4: 2089 -> 6366 + 21950 = 28317 (14101)
[57.212404] 
[57.212409] 
[57.212417] Start  layerX: 10 SMs -> 1
[57.212578] End    layerX: 85 -> 158 + 22122 = 22281 (353)
[57.212582] 
[57.212590] Reserved: 32107us
[57.244759] 
[57.244768] Start  layer0: 10 SMs -> 2
[57.245668] End    layer0: 586 -> 896 + 1033 = 1929 (1999)
[57.245673] 
[57.245676] 
[57.245684] Start  layer1: 20 SMs -> 3
[57.248239] End    layer1: 1287 -> 2550 + 5249 = 7799 (6786)
[57.248245] 
[57.248249] 
[57.248257] Start  layer2: 20 SMs -> 3
[57.251224] End    layer2: 1509 -> 2962 + 10112 = 13074 (7847)
[57.251230] 
[57.251235] 
[57.251243] Start  layer3: 20 SMs -> 3
[57.254637] End    layer3: 1696 -> 3390 + 15609 = 18999 (8911)
[57.254643] 
[57.254647] 
[57.254655] Start  layer4: 40 SMs -> 5
[57.260456] End    layer4: 2089 -> 5797 + 23892 = 29689 (14101)
[57.260462] 
[57.260467] 
[57.260475] Start  layerX: 10 SMs -> 2
[57.260802] End    layerX: 85 -> 324 + 23899 = 24223 (353)
[57.260806] 
[57.260814] Reserved: 33883us
[57.294759] 
[57.294766] Start  layer0: 10 SMs -> 2
[57.295517] End    layer0: 586 -> 746 + 1185 = 1931 (1999)
[57.295522] 
[57.295525] 
[57.295532] Start  layer1: 40 SMs -> 4
[57.297938] End    layer1: 1005 -> 2401 + 5549 = 7951 (6786)
[57.297944] 
[57.297965] 
[57.297973] Start  layer2: 30 SMs -> 4
[57.300805] End    layer2: 1359 -> 2827 + 10531 = 13358 (7847)
[57.300810] 
[57.300822] 
[57.300830] Start  layer3: 30 SMs -> 3
[57.303158] End    layer3: 1605 -> 2323 + 17089 = 19412 (8911)
[57.303163] 
[57.303168] 
[57.303175] Start  layer4: 10 SMs -> 2
[57.308410] End    layer4: 3521 -> 5230 + 25939 = 31169 (14101)
[57.308415] 
[57.308423] 
[57.308431] Start  layerX: 30 SMs -> 3
[57.308676] End    layerX: 58 -> 242 + 26025 = 26267 (353)
[57.308681] 
[57.308712] Reserved: 35985us
[57.344758] 
[57.344766] Start  layer0: 20 SMs -> 3
[57.345484] End    layer0: 382 -> 714 + 1217 = 1931 (1999)
[57.345489] 
[57.345492] 
[57.345502] Start  layer1: 20 SMs -> 2
[57.347505] End    layer1: 1287 -> 1998 + 5983 = 7981 (6786)
[57.347510] 
[57.347515] 
[57.347523] Start  layer2: 20 SMs -> 2
[57.349869] End    layer2: 1509 -> 2342 + 11467 = 13809 (7847)
[57.349875] 
[57.349887] 
[57.349895] Start  layer3: 20 SMs -> 2
[57.352192] End    layer3: 1696 -> 2293 + 18054 = 20347 (8911)
[57.352198] 
[57.352204] 
[57.352212] Start  layer4: 40 SMs -> 4
[57.356751] End    layer4: 2089 -> 4534 + 27598 = 32132 (14101)
[57.356757] 
[57.356770] 
[57.356778] Start  layerX: 40 SMs -> 3
[57.357320] End    layerX: 52 -> 539 + 27381 = 27920 (353)
[57.357324] 
[57.357338] Reserved: 37359us
[57.394758] 
[57.394768] Start  layer0: 20 SMs -> 2
[57.395213] End    layer0: 382 -> 441 + 1488 = 1930 (1999)
[57.395218] 
[57.395221] 
[57.395228] Start  layer1: 10 SMs -> 2
[57.397078] End    layer1: 1908 -> 1845 + 6410 = 8255 (6786)
[57.397083] 
[57.397088] 
[57.397096] Start  layer2: 40 SMs -> 4
[57.399422] End    layer2: 1163 -> 2321 + 11914 = 14235 (7847)
[57.399427] 
[57.399432] 
[57.399440] Start  layer3: 40 SMs -> 3
[57.401905] End    layer3: 1320 -> 2461 + 18342 = 20802 (8911)
[57.401911] 
[57.401939] 
[57.401947] Start  layer4: 30 SMs -> 2
[57.405428] End    layer4: 2298 -> 3477 + 28921 = 32398 (14101)
[57.405433] 
[57.405438] 
[57.405446] Start  layerX: 10 SMs -> 1
[57.405584] End    layerX: 85 -> 136 + 29117 = 29252 (353)
[57.405587] 
[57.405595] Reserved: 39102us
[57.444761] 
[57.444770] Start  layer0: 20 SMs -> 2
[57.445382] End    layer0: 382 -> 608 + 1319 = 1927 (1999)
[57.445387] 
[57.445390] 
[57.445398] Start  layer1: 30 SMs -> 2
[57.446995] End    layer1: 1136 -> 1592 + 6493 = 8085 (6786)
[57.447000] 
[57.447007] 
[57.447016] Start  layer2: 40 SMs -> 3
[57.448820] End    layer2: 1163 -> 1800 + 12516 = 14316 (7847)
[57.448825] 
[57.448831] 
[57.448839] Start  layer3: 40 SMs -> 2
[57.451012] End    layer3: 1320 -> 2169 + 19235 = 21403 (8911)
[57.451017] 
[57.451023] 
[57.451031] Start  layer4: 40 SMs -> 2
[57.454749] End    layer4: 2089 -> 3713 + 29600 = 33313 (14101)
[57.454754] 
[57.454764] 
[57.454774] Start  layerX: 20 SMs -> 1
[57.454882] End    layerX: 70 -> 106 + 29818 = 29924 (353)
[57.454886] 
[57.454899] Reserved: 39798us
[57.494760] 
[57.494770] Start  layer0: 10 SMs -> 1
[57.495363] End    layer0: 586 -> 589 + 1339 = 1928 (1999)
[57.495367] 
[57.495370] 
[57.495378] Start  layer1: 10 SMs -> 1
[57.497167] End    layer1: 1908 -> 1784 + 6321 = 8105 (6786)
[57.497172] 
[57.497184] 
[57.497192] Start  layer2: 40 SMs -> 3
[57.499121] End    layer2: 1163 -> 1924 + 12215 = 14139 (7847)
[57.499126] 
[57.499131] 
[57.499139] Start  layer3: 20 SMs -> 2
[57.501342] End    layer3: 1696 -> 2198 + 18905 = 21103 (8911)
[57.501347] 
[57.501352] 
[57.501360] Start  layer4: 40 SMs -> 2
[57.504249] End    layer4: 2089 -> 2885 + 30099 = 32984 (14101)
[57.504255] 
[57.504260] 
[57.504269] Start  layerX: 30 SMs -> 1
[57.504376] End    layerX: 58 -> 105 + 30324 = 30430 (353)
[57.504380] 
[57.504388] Reserved: 40309us
[57.544757] 
[57.544766] Start  layer0: 40 SMs -> 2
[57.545040] End    layer0: 296 -> 273 + 1658 = 1931 (1999)
[57.545043] 
[57.545045] 
[57.545050] Start  layer1: 20 SMs -> 2
[57.546090] End    layer1: 1287 -> 1038 + 7394 = 8432 (6786)
[57.546093] 
[57.546096] 
[57.546100] Start  layer2: 20 SMs -> 1
[57.547241] End    layer2: 1509 -> 1138 + 14091 = 15230 (7847)
[57.547244] 
[57.547246] 
[57.547250] Start  layer3: 20 SMs -> 1
[57.548503] End    layer3: 1696 -> 1251 + 21740 = 22991 (8911)
[57.548506] 
[57.548508] 
[57.548512] Start  layer4: 20 SMs -> 1
[57.550605] End    layer4: 2477 -> 2090 + 33740 = 35831 (14101)
[57.550608] 
[57.550613] 
[57.550617] Start  layerX: 30 SMs -> 1
[57.550680] End    layerX: 58 -> 61 + 34018 = 34080 (353)
[57.550682] 
[57.550685] Reserved: 44011us
[57.594754] 
[57.594760] Start  layer0: 20 SMs -> 1
[57.595086] End    layer0: 382 -> 324 + 1612 = 1936 (1999)
[57.595089] 
[57.595091] 
[57.595096] Start  layer1: 30 SMs -> 2
[57.595972] End    layer1: 1136 -> 873 + 7513 = 8386 (6786)
[57.595975] 
[57.595979] 
[57.595983] Start  layer2: 30 SMs -> 1
[57.597075] End    layer2: 1359 -> 1090 + 14257 = 15347 (7847)
[57.597078] 
[57.597080] 
[57.597085] Start  layer3: 30 SMs -> 1
[57.598151] End    layer3: 1605 -> 1064 + 22092 = 23156 (8911)
[57.598153] 
[57.598156] 
[57.598160] Start  layer4: 30 SMs -> 1
[57.599939] End    layer4: 2298 -> 1777 + 34407 = 36183 (14101)
[57.599941] 
[57.599944] 
[57.599948] Start  layerX: 30 SMs -> 1
[57.600006] End    layerX: 58 -> 57 + 34692 = 34749 (353)
[57.600008] 
[57.600012] Reserved: 44684us
[57.644757] 
[57.644764] Start  layer0: 40 SMs -> 1
[57.645011] End    layer0: 296 -> 245 + 1688 = 1933 (1999)
[57.645014] 
[57.645016] 
[57.645020] Start  layer1: 40 SMs -> 1
[57.645803] End    layer1: 1005 -> 780 + 7682 = 8462 (6786)
[57.645806] 
[57.645809] 
[57.645813] Start  layer2: 40 SMs -> 1
[57.646956] End    layer2: 1163 -> 1138 + 14379 = 15517 (7847)
[57.646962] 
[57.646966] 
[57.646975] Start  layer3: 40 SMs -> 1
[57.648297] End    layer3: 1320 -> 1318 + 21949 = 23268 (8911)
[57.648303] 
[57.648308] 
[57.648316] Start  layer4: 40 SMs -> 1
[57.650175] End    layer4: 2089 -> 1855 + 34174 = 36028 (14101)
[57.650180] 
[57.650185] 
[57.650193] Start  layerX: 40 SMs -> 1
[57.650294] End    layerX: 52 -> 99 + 34406 = 34505 (353)
[57.650298] 
[57.650306] Reserved: 44391us
