[22.819196] layer0:
[22.832800] 	10	340us, 584us
[22.842914] 	20	234us, 402us
[22.852661] 	30	204us, 340us
[22.861486] 	40	183us, 292us
[22.861499] Params: 0.60	0.36	0.44

[22.861503] layer1:
[22.899059] 	10	1104us, 1920us
[22.923539] 	20	787us, 1276us
[22.946518] 	30	688us, 1171us
[22.967243] 	40	673us, 993us
[22.967256] Params: 0.61	0.25	0.41

[22.967262] layer2:
[23.009786] 	10	1318us, 2182us
[23.038829] 	20	975us, 1526us
[23.065895] 	30	921us, 1383us
[23.089431] 	40	792us, 1148us
[23.089443] Params: 0.65	0.32	0.42

[23.089449] layer3:
[23.134446] 	10	1388us, 2299us
[23.164452] 	20	966us, 1644us
[23.194108] 	30	923us, 1627us
[23.220353] 	40	889us, 1315us
[23.220365] Params: 0.61	0.22	0.38

[23.220372] layer4:
[23.290000] 	10	2368us, 3527us
[23.334219] 	20	1559us, 2445us
[23.376798] 	30	1507us, 2358us
[23.416141] 	40	1415us, 2135us
[23.416155] Params: 0.65	0.26	0.28

[23.416160] layerX:
[23.421521] 	10	44us, 86us
[23.426712] 	20	40us, 63us
[23.431812] 	30	39us, 58us
[23.436882] 	40	40us, 53us
[23.436895] Params: 0.64	0.04	0.27

