[55.492490] 
[55.492514] Start  layer0: 30 SMs -> 1
[55.493389] End    layer0: 339 -> 873 + 1072 = 1944 (1968)
[55.493395] 
[55.493399] 
[55.493407] Start  layer1: 20 SMs -> 5
[55.505731] End    layer1: 1275 -> 12323 + -4583 = 7739 (6688)
[55.505734] 
[55.505737] 
[55.505742] Start  layer2: 40 SMs -> 13
[55.513696] End    layer2: 1147 -> 7952 + -4816 = 3135 (7733)
[55.513699] 
[55.513702] 
[55.513707] Start  layer3: 40 SMs -> 12
[55.522163] End    layer3: 1314 -> 8453 + -4420 = 4031 (8861)
[55.522167] 
[55.522171] 
[55.522177] Start  layer4: 40 SMs -> 13
[55.540082] End    layer4: 2135 -> 17902 + -7950 = 9951 (14389)
[55.540086] 
[55.540095] 
[55.540103] Start  layerX: 30 SMs -> 7
[55.540324] End    layerX: 57 -> 220 + -7835 = -7615 (358)
[55.540326] 
[55.540333] Reserved: 2153us
[55.542546] 
[55.542552] Start  layer0: 10 SMs -> 5
[55.546392] End    layer0: 583 -> 3838 + -1934 = 1903 (1968)
[55.546395] 
[55.546397] 
[55.546402] Start  layer1: 20 SMs -> 2
[55.551241] End    layer1: 1275 -> 4833 + -90 = 4742 (6688)
[55.551247] 
[55.551275] 
[55.551284] Start  layer2: 20 SMs -> 7
[55.558239] End    layer2: 1526 -> 6948 + 646 = 7594 (7733)
[55.558245] 
[55.558251] 
[55.558259] Start  layer3: 40 SMs -> 14
[55.566845] End    layer3: 1314 -> 8582 + 899 = 9481 (8861)
[55.566851] 
[55.566859] 
[55.566868] Start  layer4: 30 SMs -> 9
[55.576434] End    layer4: 2357 -> 9561 + 5700 = 15261 (14389)
[55.576440] 
[55.576444] 
[55.576452] Start  layerX: 10 SMs -> 7
[55.577203] End    layerX: 85 -> 748 + 5287 = 6035 (358)
[55.577207] 
[55.577216] Reserved: 15272us
[55.592555] 
[55.592570] Start  layer0: 40 SMs -> 5
[55.594070] End    layer0: 292 -> 1498 + 391 = 1889 (1968)
[55.594075] 
[55.594078] 
[55.594087] Start  layer1: 10 SMs -> 6
[55.603881] End    layer1: 1919 -> 9789 + -2729 = 7058 (6688)
[55.603888] 
[55.603904] 
[55.603912] Start  layer2: 10 SMs -> 6
[55.612775] End    layer2: 2181 -> 8860 + -3892 = 4966 (7733)
[55.612780] 
[55.612785] 
[55.612792] Start  layer3: 30 SMs -> 9
[55.620921] End    layer3: 1626 -> 8126 + -3178 = 4947 (8861)
[55.620928] 
[55.620936] 
[55.620945] Start  layer4: 20 SMs -> 6
[55.632151] End    layer4: 2445 -> 11201 + -16 = 11184 (14389)
[55.632156] 
[55.632169] 
[55.632178] Start  layerX: 30 SMs -> 6
[55.632980] End    layerX: 57 -> 799 + -489 = 309 (358)
[55.632984] 
[55.632994] Reserved: 9493us
[55.642547] 
[55.642554] Start  layer0: 30 SMs -> 3
[55.643558] End    layer0: 339 -> 1000 + 902 = 1902 (1968)
[55.643563] 
[55.643566] 
[55.643574] Start  layer1: 40 SMs -> 10
[55.657308] End    layer1: 992 -> 13729 + -6157 = 7571 (6688)
[55.657313] 
[55.657321] 
[55.657330] Start  layer2: 40 SMs -> 15
[55.670502] End    layer2: 1147 -> 13168 + -11618 = 1548 (7733)
[55.670508] 
[55.670518] 
[55.670527] Start  layer3: 20 SMs -> 7
[55.680882] End    layer3: 1644 -> 10350 + -13137 = -2787 (8861)
[55.680887] 
[55.680896] 
[55.680904] Start  layer4: 20 SMs -> 7
[55.690034] End    layer4: 2445 -> 9126 + -7899 = 1225 (14389)
[55.690040] 
[55.690046] 
[55.690055] Start  layerX: 40 SMs -> 11
[55.690820] End    layerX: 53 -> 761 + -8328 = -7566 (358)
[55.690826] 
[55.690848] Reserved: 1639us
[55.692553] 
[55.692567] Start  layer0: 20 SMs -> 2
[55.694205] End    layer0: 402 -> 1637 + 254 = 1891 (1968)
[55.694209] 
[55.694212] 
[55.694220] Start  layer1: 20 SMs -> 3
[55.700917] End    layer1: 1275 -> 6692 + 233 = 6925 (6688)
[55.700923] 
[55.700929] 
[55.700938] Start  layer2: 20 SMs -> 8
[55.708225] End    layer2: 1526 -> 7280 + 660 = 7940 (7733)
[55.708232] 
[55.708239] 
[55.708251] Start  layer3: 20 SMs -> 7
[55.715041] End    layer3: 1644 -> 6785 + 2705 = 9489 (8861)
[55.715048] 
[55.715058] 
[55.715070] Start  layer4: 40 SMs -> 15
[55.733048] End    layer4: 2135 -> 17972 + -911 = 17061 (14389)
[55.733054] 
[55.733061] 
[55.733070] Start  layerX: 20 SMs -> 7
[55.733703] End    layerX: 63 -> 629 + -1211 = -582 (358)
[55.733708] 
[55.733751] Reserved: 8736us
[55.742555] 
[55.742568] Start  layer0: 10 SMs -> 1
[55.743844] End    layer0: 583 -> 1274 + 616 = 1890 (1968)
[55.743850] 
[55.743854] 
[55.743862] Start  layer1: 10 SMs -> 4
[55.748484] End    layer1: 1919 -> 4617 + 2666 = 7283 (6688)
[55.748490] 
[55.748495] 
[55.748504] Start  layer2: 20 SMs -> 8
[55.758875] End    layer2: 1526 -> 10367 + 8 = 10375 (7733)
[55.758880] 
[55.758897] 
[55.758906] Start  layer3: 20 SMs -> 8
[55.767367] End    layer3: 1644 -> 8457 + 377 = 8834 (8861)
[55.767373] 
[55.767381] 
[55.767390] Start  layer4: 20 SMs -> 8
[55.776649] End    layer4: 2445 -> 9258 + 5482 = 14740 (14389)
[55.776651] 
[55.776655] 
[55.776660] Start  layerX: 30 SMs -> 9
[55.777653] End    layerX: 57 -> 991 + 4835 = 5827 (358)
[55.777656] 
[55.777662] Reserved: 14825us
[55.792544] 
[55.792552] Start  layer0: 30 SMs -> 6
[55.794890] End    layer0: 339 -> 2334 + -428 = 1904 (1968)
[55.794895] 
[55.794898] 
[55.794907] Start  layer1: 40 SMs -> 8
[55.808721] End    layer1: 992 -> 13810 + -7570 = 6238 (6688)
[55.808727] 
[55.808740] 
[55.808748] Start  layer2: 30 SMs -> 10
[55.817401] End    layer2: 1383 -> 8648 + -8517 = 130 (7733)
[55.817407] 
[55.817422] 
[55.817435] Start  layer3: 40 SMs -> 17
[55.831339] End    layer3: 1314 -> 13900 + -13594 = 305 (8861)
[55.831345] 
[55.831351] 
[55.831360] Start  layer4: 10 SMs -> 6
[55.844306] End    layer4: 3527 -> 12939 + -12169 = 769 (14389)
[55.844313] 
[55.844322] 
[55.844332] Start  layerX: 20 SMs -> 6
[55.846181] End    layerX: 63 -> 1845 + -13689 = -11844 (358)
[55.846186] 
[55.846195] Delayed : 3707us
[55.846202] 
[55.846210] Start  layer0: 10 SMs -> 10
[55.848291] End    layer0: 583 -> 2076 + -3829 = -1753 (1968)
[55.848296] 
[55.848300] 
[55.848308] Start  layer1: 30 SMs -> 8
[55.853945] End    layer1: 1171 -> 5633 + -2794 = 2837 (6688)
[55.853951] 
[55.853962] 
[55.853970] Start  layer2: 20 SMs -> 8
[55.860737] End    layer2: 1526 -> 6761 + -1851 = 4909 (7733)
[55.860744] 
[55.860751] 
[55.860763] Start  layer3: 20 SMs -> 6
[55.870179] End    layer3: 1644 -> 9413 + -2434 = 6978 (8861)
[55.870184] 
[55.870197] 
[55.870206] Start  layer4: 40 SMs -> 14
[55.883079] End    layer4: 2135 -> 12868 + -944 = 11923 (14389)
[55.883085] 
[55.883103] 
[55.883112] Start  layerX: 20 SMs -> 7
[55.883830] End    layerX: 63 -> 712 + -1335 = -623 (358)
[55.883837] 
[55.883861] Reserved: 8627us
[55.892551] 
[55.892565] Start  layer0: 20 SMs -> 7
[55.894109] End    layer0: 402 -> 1541 + 352 = 1893 (1968)
[55.894114] 
[55.894117] 
[55.894126] Start  layer1: 20 SMs -> 12
[55.902148] End    layer1: 1275 -> 8020 + -1000 = 7019 (6688)
[55.902151] 
[55.902154] 
[55.902160] Start  layer2: 40 SMs -> 12
[55.921386] End    layer2: 1147 -> 19219 + -12501 = 6718 (7733)
[55.921391] 
[55.921406] 
[55.921416] Start  layer3: 30 SMs -> 7
[55.929744] End    layer3: 1626 -> 8323 + -11998 = -3676 (8861)
[55.929750] 
[55.929755] 
[55.929764] Start  layer4: 40 SMs -> 17
[55.948480] End    layer4: 2135 -> 18711 + -16345 = 2366 (14389)
[55.948486] 
[55.948490] 
[55.948499] Start  layerX: 10 SMs -> 5
[55.949036] End    layerX: 85 -> 533 + -16544 = -16011 (358)
[55.949041] 
[55.949050] Delayed : 6561us
[55.949056] 
[55.949065] Start  layer0: 20 SMs -> 7
[55.951026] End    layer0: 402 -> 1957 + -6564 = -4608 (1968)
[55.951031] 
[55.951034] 
[55.951043] Start  layer1: 40 SMs -> 15
[55.964927] End    layer1: 992 -> 13879 + -13776 = 102 (6688)
[55.964932] 
[55.964937] 
[55.964947] Start  layer2: 40 SMs -> 16
[55.979303] End    layer2: 1147 -> 14352 + -20419 = -6067 (7733)
[55.979309] 
[55.979314] 
[55.979323] Start  layer3: 40 SMs -> 15
[56.000731] End    layer3: 1314 -> 21407 + -32990 = -11582 (8861)
[56.000735] 
[56.000739] 
[56.000744] Start  layer4: 30 SMs -> 8
[56.009316] End    layer4: 2357 -> 8564 + -27179 = -18615 (14389)
[56.009324] 
[56.009341] 
[56.009353] Start  layerX: 40 SMs -> 15
[56.010177] End    layerX: 53 -> 821 + -27685 = -26864 (358)
[56.010183] 
[56.010193] Delayed : 17705us
[56.010199] 
[56.010208] Start  layer0: 10 SMs -> 5
[56.011759] End    layer0: 583 -> 1544 + -17295 = -15751 (1968)
[56.011765] 
[56.011770] 
[56.011780] Start  layer1: 20 SMs -> 7
[56.017837] End    layer1: 1275 -> 6054 + -16686 = -10633 (6688)
[56.017843] 
[56.017848] 
[56.017856] Start  layer2: 30 SMs -> 8
[56.029294] End    layer2: 1383 -> 11433 + -20409 = -8977 (7733)
[56.029299] 
[56.029304] 
[56.029312] Start  layer3: 30 SMs -> 7
[56.035171] End    layer3: 1626 -> 5854 + -17426 = -11572 (8861)
[56.035176] 
[56.035182] 
[56.035198] Start  layer4: 40 SMs -> 14
[56.052086] End    layer4: 2135 -> 16882 + -19950 = -3068 (14389)
[56.052093] 
[56.052100] 
[56.052112] Start  layerX: 20 SMs -> 8
[56.052277] End    layerX: 63 -> 163 + -19785 = -19622 (358)
[56.052281] 
[56.052310] Delayed : 9822us
[56.052316] 
[56.052323] Start  layer0: 20 SMs -> 8
[56.053712] End    layer0: 402 -> 1384 + -9250 = -7866 (1968)
[56.053717] 
[56.053721] 
[56.053729] Start  layer1: 20 SMs -> 9
[56.063824] End    layer1: 1275 -> 10079 + -12661 = -2582 (6688)
[56.063832] 
[56.063857] 
[56.063870] Start  layer2: 20 SMs -> 9
[56.073254] End    layer2: 1526 -> 9381 + -14370 = -4989 (7733)
[56.073260] 
[56.073274] 
[56.073284] Start  layer3: 40 SMs -> 18
[56.092132] End    layer3: 1314 -> 18842 + -24385 = -5543 (8861)
[56.092139] 
[56.092149] 
[56.092160] Start  layer4: 20 SMs -> 5
[56.105836] End    layer4: 2445 -> 13673 + -23701 = -10028 (14389)
[56.105842] 
[56.105847] 
[56.105856] Start  layerX: 40 SMs -> 16
[56.108075] End    layerX: 53 -> 2215 + -25582 = -23367 (358)
[56.108080] 
[56.108091] Delayed : 15602us
[56.108098] 
[56.108106] Start  layer0: 40 SMs -> 14
[56.111497] End    layer0: 292 -> 3384 + -17033 = -13649 (1968)
[56.111504] 
[56.111509] 
[56.111520] Start  layer1: 30 SMs -> 7
[56.117223] End    layer1: 1171 -> 5699 + -16072 = -10373 (6688)
[56.117228] 
[56.117234] 
[56.117244] Start  layer2: 10 SMs -> 6
[56.124874] End    layer2: 2181 -> 7623 + -15987 = -8364 (7733)
[56.124883] 
[56.124941] 
[56.124952] Start  layer3: 10 SMs -> 5
[56.133110] End    layer3: 2299 -> 8153 + -15364 = -7211 (8861)
[56.133117] 
[56.133144] 
[56.133160] Start  layer4: 10 SMs -> 4
[56.149084] End    layer4: 3527 -> 15920 + -16947 = -1028 (14389)
[56.149092] 
[56.149104] 
[56.149116] Start  layerX: 10 SMs -> 6
[56.149686] End    layerX: 85 -> 568 + -17194 = -16626 (358)
[56.149692] 
[56.149725] Delayed : 7236us
[56.149733] 
[56.149743] Start  layer0: 10 SMs -> 6
[56.151599] End    layer0: 583 -> 1853 + -7137 = -5284 (1968)
[56.151604] 
[56.151608] 
[56.151615] Start  layer1: 30 SMs -> 8
[56.158014] End    layer1: 1171 -> 6394 + -6863 = -469 (6688)
[56.158019] 
[56.158026] 
[56.158034] Start  layer2: 30 SMs -> 6
[56.164891] End    layer2: 1383 -> 6850 + -6005 = 844 (7733)
[56.164898] 
[56.164908] 
[56.164920] Start  layer3: 30 SMs -> 8
[56.174593] End    layer3: 1626 -> 9669 + -6848 = 2820 (8861)
[56.174599] 
[56.174610] 
[56.174619] Start  layer4: 40 SMs -> 16
[56.191329] End    layer4: 2135 -> 16705 + -9194 = 7510 (14389)
[56.191334] 
[56.191342] 
[56.191351] Start  layerX: 40 SMs -> 11
[56.192886] End    layerX: 53 -> 1531 + -10393 = -8862 (358)
[56.192892] 
[56.192904] Delayed : 416us
[56.192910] 
[56.192918] Start  layer0: 40 SMs -> 11
[56.198516] End    layer0: 292 -> 5593 + -4054 = 1538 (1968)
[56.198521] 
[56.198525] 
[56.198533] Start  layer1: 40 SMs -> 17
[56.212340] End    layer1: 992 -> 13803 + -11189 = 2612 (6688)
[56.212346] 
[56.212363] 
[56.212372] Start  layer2: 40 SMs -> 13
[56.229660] End    layer2: 1147 -> 17281 + -20774 = -3493 (7733)
[56.229667] 
[56.229673] 
[56.229686] Start  layer3: 40 SMs -> 15
[56.248718] End    layer3: 1314 -> 19028 + -30972 = -11944 (8861)
[56.248724] 
[56.248740] 
[56.248749] Start  layer4: 20 SMs -> 6
[56.258087] End    layer4: 2445 -> 9334 + -25952 = -16619 (14389)
[56.258093] 
[56.258100] 
[56.258109] Start  layerX: 30 SMs -> 9
[56.258444] End    layerX: 57 -> 331 + -25951 = -25620 (358)
[56.258450] 
[56.258462] Delayed : 15973us
[56.258470] 
[56.258480] Start  layer0: 20 SMs -> 5
[56.260028] End    layer0: 402 -> 1544 + -15565 = -14022 (1968)
[56.260033] 
[56.260036] 
[56.260045] Start  layer1: 30 SMs -> 6
[56.265213] End    layer1: 1171 -> 5164 + -14062 = -8898 (6688)
[56.265219] 
[56.265231] 
[56.265241] Start  layer2: 30 SMs -> 6
[56.273200] End    layer2: 1383 -> 7955 + -14316 = -6361 (7733)
[56.273206] 
[56.273233] 
[56.273241] Start  layer3: 30 SMs -> 6
[56.281788] End    layer3: 1626 -> 8541 + -14041 = -5501 (8861)
[56.281794] 
[56.281816] 
[56.281826] Start  layer4: 30 SMs -> 6
[56.288833] End    layer4: 2357 -> 7002 + -6698 = 304 (14389)
[56.288838] 
[56.288846] 
[56.288853] Start  layerX: 30 SMs -> 4
[56.289423] End    layerX: 57 -> 565 + -6930 = -6365 (358)
[56.289428] 
[56.289440] Reserved: 3047us
[56.292554] 
[56.292567] Start  layer0: 10 SMs -> 8
[56.293992] End    layer0: 583 -> 1422 + 469 = 1891 (1968)
[56.293997] 
[56.294000] 
[56.294008] Start  layer1: 20 SMs -> 9
[56.301205] End    layer1: 1275 -> 7192 + -54 = 7137 (6688)
[56.301211] 
[56.301241] 
[56.301251] Start  layer2: 10 SMs -> 5
[56.309237] End    layer2: 2181 -> 7980 + -351 = 7628 (7733)
[56.309244] 
[56.309251] 
[56.309262] Start  layer3: 20 SMs -> 8
[56.318146] End    layer3: 1644 -> 8880 + -401 = 8478 (8861)
[56.318152] 
[56.318156] 
[56.318165] Start  layer4: 20 SMs -> 8
[56.327172] End    layer4: 2445 -> 9001 + 4963 = 13964 (14389)
[56.327178] 
[56.327184] 
[56.327194] Start  layerX: 40 SMs -> 16
[56.327478] End    layerX: 53 -> 279 + 5015 = 5294 (358)
[56.327485] 
[56.327499] Reserved: 14989us
[56.342554] 
[56.342568] Start  layer0: 30 SMs -> 3
[56.343583] End    layer0: 339 -> 1013 + 877 = 1890 (1968)
[56.343587] 
[56.343590] 
[56.343597] Start  layer1: 30 SMs -> 4
[56.348587] End    layer1: 1171 -> 4986 + 2562 = 7548 (6688)
[56.348591] 
[56.348595] 
[56.348604] Start  layer2: 30 SMs -> 8
[56.356228] End    layer2: 1383 -> 7619 + 2655 = 10274 (7733)
[56.356234] 
[56.356241] 
[56.356250] Start  layer3: 30 SMs -> 7
[56.362957] End    layer3: 1626 -> 6703 + 4787 = 11490 (8861)
[56.362963] 
[56.362992] 
[56.363000] Start  layer4: 30 SMs -> 7
[56.370698] End    layer4: 2357 -> 7693 + 11436 = 19129 (14389)
[56.370704] 
[56.370726] 
[56.370736] Start  layerX: 10 SMs -> 7
[56.371607] End    layerX: 85 -> 865 + 10887 = 11752 (358)
[56.371613] 
[56.371655] Reserved: 20833us
[56.392552] 
[56.392569] Start  layer0: 10 SMs -> 4
[56.395189] End    layer0: 583 -> 2617 + -727 = 1889 (1968)
[56.395195] 
[56.395198] 
[56.395207] Start  layer1: 10 SMs -> 11
[56.410400] End    layer1: 1919 -> 15188 + -9249 = 5938 (6688)
[56.410406] 
[56.410412] 
[56.410421] Start  layer2: 10 SMs -> 7
[56.420502] End    layer2: 2181 -> 10075 + -11616 = -1541 (7733)
[56.420509] 
[56.420514] 
[56.420522] Start  layer3: 20 SMs -> 7
[56.429079] End    layer3: 1644 -> 8552 + -11333 = -2782 (8861)
[56.429084] 
[56.429088] 
[56.429098] Start  layer4: 20 SMs -> 6
[56.442698] End    layer4: 2445 -> 13596 + -10563 = 3032 (14389)
[56.442704] 
[56.442711] 
[56.442721] Start  layerX: 30 SMs -> 8
[56.443759] End    layerX: 57 -> 1034 + -11267 = -10233 (358)
[56.443765] 
[56.443773] Delayed : 1285us
[56.443780] 
[56.443789] Start  layer0: 30 SMs -> 10
[56.446564] End    layer0: 339 -> 2769 + -2100 = 668 (1968)
[56.446571] 
[56.446576] 
[56.446587] Start  layer1: 10 SMs -> 7
[56.456884] End    layer1: 1919 -> 10291 + -5731 = 4559 (6688)
[56.456891] 
[56.456913] 
[56.456925] Start  layer2: 40 SMs -> 14
[56.472350] End    layer2: 1147 -> 15421 + -13465 = 1954 (7733)
[56.472356] 
[56.472361] 
[56.472370] Start  layer3: 40 SMs -> 16
[56.485319] End    layer3: 1314 -> 12944 + -17574 = -4630 (8861)
[56.485324] 
[56.485361] 
[56.485369] Start  layer4: 40 SMs -> 13
[56.498849] End    layer4: 2135 -> 13475 + -16714 = -3239 (14389)
[56.498856] 
[56.498878] 
[56.498887] Start  layerX: 10 SMs -> 7
[56.499873] End    layerX: 85 -> 982 + -17380 = -16398 (358)
[56.499878] 
[56.499887] Delayed : 7399us
[56.499893] 
[56.499901] Start  layer0: 10 SMs -> 7
[56.502548] End    layer0: 583 -> 2642 + -8086 = -5444 (1968)
[56.502554] 
[56.502558] 
[56.502566] Start  layer1: 30 SMs -> 10
[56.510461] End    layer1: 1171 -> 7891 + -9310 = -1420 (6688)
[56.510467] 
[56.510472] 
[56.510480] Start  layer2: 40 SMs -> 16
[56.525070] End    layer2: 1147 -> 14585 + -16186 = -1601 (7733)
[56.525075] 
[56.525080] 
[56.525089] Start  layer3: 10 SMs -> 5
[56.537069] End    layer3: 2299 -> 11973 + -19322 = -7349 (8861)
[56.537076] 
[56.537108] 
[56.537121] Start  layer4: 40 SMs -> 13
[56.554797] End    layer4: 2135 -> 17672 + -22661 = -4989 (14389)
[56.554802] 
[56.554807] 
[56.554816] Start  layerX: 30 SMs -> 8
[56.555424] End    layerX: 57 -> 602 + -22929 = -22327 (358)
[56.555431] 
[56.555444] Delayed : 12955us
