[34.100504] layer0:
[34.114310] 	10	341us, 564us
[34.124645] 	20	235us, 395us
[34.134380] 	30	202us, 348us
[34.143197] 	40	185us, 291us
[34.143210] Params: 0.60	0.35	0.43

[34.143214] layer1:
[34.180089] 	10	1111us, 1910us
[34.204797] 	20	793us, 1301us
[34.227152] 	30	688us, 1135us
[34.247817] 	40	680us, 990us
[34.247830] Params: 0.62	0.25	0.40

[34.247837] layer2:
[34.290053] 	10	1324us, 2124us
[34.318540] 	20	980us, 1472us
[34.345643] 	30	924us, 1391us
[34.368819] 	40	791us, 1112us
[34.368831] Params: 0.67	0.33	0.44

[34.368837] layer3:
[34.413645] 	10	1396us, 2254us
[34.445100] 	20	969us, 1777us
[34.475199] 	30	927us, 1655us
[34.501784] 	40	892us, 1329us
[34.501797] Params: 0.60	0.22	0.38

[34.501803] layer4:
[34.571207] 	10	2376us, 3471us
[34.615547] 	20	1562us, 2504us
[34.657306] 	30	1517us, 2274us
[34.696601] 	40	1417us, 2109us
[34.696614] Params: 0.66	0.26	0.27

[34.696620] layerX:
[34.701677] 	10	43us, 75us
[34.706928] 	20	40us, 68us
[34.712200] 	30	39us, 65us
[34.717292] 	40	40us, 53us
[34.717305] Params: 0.63	0.04	0.30

