[55.493253] 
[55.493274] Start  layer0: 10 SMs -> 2
[55.495287] End    layer0: 563 -> 2014 + -54 = 1959 (1979)
[55.495289] 
[55.495291] 
[55.495296] Start  layer1: 40 SMs -> 9
[55.510714] End    layer1: 990 -> 15414 + -8748 = 6665 (6731)
[55.510717] 
[55.510721] 
[55.510728] Start  layer2: 10 SMs -> 5
[55.517312] End    layer2: 2124 -> 6581 + -7789 = -1207 (7558)
[55.517316] 
[55.517321] 
[55.517328] Start  layer3: 10 SMs -> 5
[55.527354] End    layer3: 2253 -> 10024 + -8796 = 1227 (9034)
[55.527357] 
[55.527361] 
[55.527365] Start  layer4: 40 SMs -> 13
[55.547166] End    layer4: 2109 -> 19798 + -14271 = 5527 (14338)
[55.547169] 
[55.547172] 
[55.547176] Start  layerX: 10 SMs -> 14
[55.548934] End    layerX: 74 -> 1756 + -15681 = -13925 (357)
[55.548937] 
[55.548943] Delayed : 5692us
[55.548947] 
[55.548952] Start  layer0: 20 SMs -> 6
[55.549786] End    layer0: 394 -> 833 + -4554 = -3721 (1979)
[55.549789] 
[55.549791] 
[55.549795] Start  layer1: 20 SMs -> 7
[55.555964] End    layer1: 1300 -> 6165 + -3999 = 2166 (6731)
[55.555969] 
[55.555973] 
[55.555980] Start  layer2: 20 SMs -> 6
[55.563874] End    layer2: 1471 -> 7887 + -4346 = 3540 (7558)
[55.563881] 
[55.563887] 
[55.563896] Start  layer3: 40 SMs -> 13
[55.578000] End    layer3: 1328 -> 14100 + -9440 = 4660 (9034)
[55.578006] 
[55.578012] 
[55.578020] Start  layer4: 40 SMs -> 11
[55.590659] End    layer4: 2109 -> 12636 + -7762 = 4873 (14338)
[55.590664] 
[55.590671] 
[55.590677] Start  layerX: 20 SMs -> 5
[55.591166] End    layerX: 68 -> 486 + -7911 = -7425 (357)
[55.591169] 
[55.591181] Reserved: 2069us
[55.593314] 
[55.593328] Start  layer0: 10 SMs -> 3
[55.594317] End    layer0: 563 -> 988 + 916 = 1904 (1979)
[55.594321] 
[55.594324] 
[55.594331] Start  layer1: 30 SMs -> 6
[55.600518] End    layer1: 1135 -> 6181 + 1451 = 7631 (6731)
[55.600524] 
[55.600529] 
[55.600539] Start  layer2: 10 SMs -> 6
[55.609925] End    layer2: 2124 -> 9380 + -397 = 8982 (7558)
[55.609932] 
[55.609964] 
[55.609973] Start  layer3: 20 SMs -> 8
[55.618776] End    layer3: 1777 -> 8796 + -212 = 8583 (9034)
[55.618783] 
[55.618790] 
[55.618798] Start  layer4: 20 SMs -> 7
[55.628218] End    layer4: 2503 -> 9415 + 4680 = 14096 (14338)
[55.628223] 
[55.628229] 
[55.628238] Start  layerX: 20 SMs -> 7
[55.629392] End    layerX: 68 -> 1150 + 3864 = 5014 (357)
[55.629397] 
[55.629405] Reserved: 13845us
[55.643316] 
[55.643330] Start  layer0: 20 SMs -> 4
[55.644880] End    layer0: 394 -> 1547 + 355 = 1902 (1979)
[55.644886] 
[55.644889] 
[55.644898] Start  layer1: 30 SMs -> 11
[55.652584] End    layer1: 1135 -> 7681 + -615 = 7065 (6731)
[55.652591] 
[55.652597] 
[55.652608] Start  layer2: 30 SMs -> 8
[55.658607] End    layer2: 1391 -> 5994 + 919 = 6913 (7558)
[55.658612] 
[55.658617] 
[55.658626] Start  layer3: 30 SMs -> 7
[55.666626] End    layer3: 1655 -> 7994 + 1936 = 9930 (9034)
[55.666633] 
[55.666642] 
[55.666654] Start  layer4: 40 SMs -> 15
[55.687051] End    layer4: 2109 -> 20393 + -4150 = 16241 (14338)
[55.687058] 
[55.687074] 
[55.687086] Start  layerX: 30 SMs -> 6
[55.688781] End    layerX: 65 -> 1692 + -5524 = -3832 (357)
[55.688787] 
[55.688805] Reserved: 4446us
[55.693316] 
[55.693330] Start  layer0: 10 SMs -> 5
[55.697076] End    layer0: 563 -> 3743 + -1840 = 1902 (1979)
[55.697082] 
[55.697085] 
[55.697093] Start  layer1: 40 SMs -> 13
[55.706727] End    layer1: 990 -> 9630 + -4759 = 4869 (6731)
[55.706733] 
[55.706738] 
[55.706746] Start  layer2: 20 SMs -> 7
[55.715906] End    layer2: 1471 -> 9156 + -6380 = 2774 (7558)
[55.715912] 
[55.715918] 
[55.715926] Start  layer3: 30 SMs -> 8
[55.724952] End    layer3: 1655 -> 9020 + -6389 = 2629 (9034)
[55.724959] 
[55.725002] 
[55.725011] Start  layer4: 40 SMs -> 16
[55.742860] End    layer4: 2109 -> 17843 + -9959 = 7883 (14338)
[55.742867] 
[55.742897] 
[55.742909] Start  layerX: 10 SMs -> 4
[55.743520] End    layerX: 74 -> 608 + -10264 = -9656 (357)
[55.743526] 
[55.743534] Delayed : 283us
[55.743540] 
[55.743548] Start  layer0: 20 SMs -> 10
[55.747398] End    layer0: 394 -> 3843 + -2160 = 1682 (1979)
[55.747404] 
[55.747408] 
[55.747417] Start  layer1: 30 SMs -> 11
[55.758809] End    layer1: 1135 -> 11386 + -6839 = 4546 (6731)
[55.758817] 
[55.758823] 
[55.758834] Start  layer2: 30 SMs -> 8
[55.767085] End    layer2: 1391 -> 8247 + -7558 = 688 (7558)
[55.767090] 
[55.767096] 
[55.767103] Start  layer3: 30 SMs -> 9
[55.776603] End    layer3: 1655 -> 9494 + -8040 = 1452 (9034)
[55.776610] 
[55.776616] 
[55.776625] Start  layer4: 40 SMs -> 13
[55.791663] End    layer4: 2109 -> 15033 + -8764 = 6268 (14338)
[55.791668] 
[55.791673] 
[55.791682] Start  layerX: 10 SMs -> 2
[55.792205] End    layerX: 74 -> 520 + -8949 = -8429 (357)
[55.792209] 
[55.792218] Reserved: 1032us
[55.793314] 
[55.793327] Start  layer0: 10 SMs -> 6
[55.795936] End    layer0: 563 -> 2604 + -698 = 1905 (1979)
[55.795943] 
[55.795948] 
[55.795960] Start  layer1: 30 SMs -> 7
[55.804858] End    layer1: 1135 -> 8895 + -2890 = 6004 (6731)
[55.804864] 
[55.804869] 
[55.804878] Start  layer2: 10 SMs -> 7
[55.810692] End    layer2: 2124 -> 5809 + -1166 = 4642 (7558)
[55.810698] 
[55.810705] 
[55.810715] Start  layer3: 40 SMs -> 17
[55.823833] End    layer3: 1328 -> 13114 + -5272 = 7841 (9034)
[55.823839] 
[55.823845] 
[55.823854] Start  layer4: 20 SMs -> 6
[55.834426] End    layer4: 2503 -> 10568 + -1527 = 9040 (14338)
[55.834432] 
[55.834437] 
[55.834446] Start  layerX: 10 SMs -> 6
[55.835441] End    layerX: 74 -> 990 + -2183 = -1194 (357)
[55.835446] 
[55.835475] Reserved: 7775us
[55.843318] 
[55.843332] Start  layer0: 40 SMs -> 10
[55.848149] End    layer0: 291 -> 4814 + -2913 = 1900 (1979)
[55.848155] 
[55.848158] 
[55.848168] Start  layer1: 40 SMs -> 12
[55.862501] End    layer1: 990 -> 14327 + -10531 = 3795 (6731)
[55.862508] 
[55.862515] 
[55.862527] Start  layer2: 40 SMs -> 14
[55.872894] End    layer2: 1111 -> 10362 + -13366 = -3005 (7558)
[55.872901] 
[55.872908] 
[55.872920] Start  layer3: 30 SMs -> 8
[55.884229] End    layer3: 1655 -> 11306 + -15668 = -4362 (9034)
[55.884235] 
[55.884240] 
[55.884248] Start  layer4: 20 SMs -> 8
[55.894753] End    layer4: 2503 -> 10498 + -11852 = -1354 (14338)
[55.894759] 
[55.894764] 
[55.894773] Start  layerX: 10 SMs -> 7
[55.896944] End    layerX: 74 -> 2166 + -13687 = -11521 (357)
[55.896949] 
[55.896969] Delayed : 3718us
[55.896975] 
[55.896984] Start  layer0: 30 SMs -> 6
[55.898641] End    layer0: 348 -> 1653 + -3405 = -1752 (1979)
[55.898647] 
[55.898650] 
[55.898658] Start  layer1: 30 SMs -> 9
[55.908907] End    layer1: 1135 -> 10242 + -6936 = 3304 (6731)
[55.908914] 
[55.908924] 
[55.908937] Start  layer2: 30 SMs -> 9
[55.916416] End    layer2: 1391 -> 7474 + -6888 = 585 (7558)
[55.916423] 
[55.916440] 
[55.916452] Start  layer3: 40 SMs -> 14
[55.930868] End    layer3: 1328 -> 14413 + -12307 = 2105 (9034)
[55.930874] 
[55.930880] 
[55.930889] Start  layer4: 20 SMs -> 9
[55.940698] End    layer4: 2503 -> 9804 + -7799 = 2004 (14338)
[55.940704] 
[55.940709] 
[55.940717] Start  layerX: 30 SMs -> 8
[55.941609] End    layerX: 65 -> 889 + -8354 = -7465 (357)
[55.941614] 
[55.941622] Reserved: 1628us
[55.943316] 
[55.943329] Start  layer0: 40 SMs -> 12
[55.946483] End    layer0: 291 -> 3150 + -1247 = 1902 (1979)
[55.946488] 
[55.946492] 
[55.946501] Start  layer1: 40 SMs -> 14
[55.962485] End    layer1: 990 -> 15979 + -10517 = 5462 (6731)
[55.962490] 
[55.962500] 
[55.962509] Start  layer2: 40 SMs -> 17
[55.979190] End    layer2: 1111 -> 16677 + -19664 = -2987 (7558)
[55.979196] 
[55.979203] 
[55.979212] Start  layer3: 20 SMs -> 5
[55.988970] End    layer3: 1777 -> 9755 + -20410 = -10655 (9034)
[55.988975] 
[55.988982] 
[55.988990] Start  layer4: 20 SMs -> 6
[55.996243] End    layer4: 2503 -> 7247 + -13342 = -6095 (14338)
[55.996250] 
[55.996269] 
[55.996282] Start  layerX: 30 SMs -> 4
[55.996768] End    layerX: 65 -> 483 + -13511 = -13028 (357)
[55.996773] 
[55.996803] Delayed : 3551us
[55.996812] 
[55.996822] Start  layer0: 30 SMs -> 5
[55.997615] End    layer0: 348 -> 788 + -2377 = -1589 (1979)
[55.997622] 
[55.997626] 
[55.997637] Start  layer1: 30 SMs -> 4
[56.004401] End    layer1: 1135 -> 6761 + -2433 = 4327 (6731)
[56.004408] 
[56.004421] 
[56.004431] Start  layer2: 20 SMs -> 8
[56.011716] End    layer2: 1471 -> 7280 + -2189 = 5090 (7558)
[56.011721] 
[56.011726] 
[56.011737] Start  layer3: 40 SMs -> 14
[56.026385] End    layer3: 1328 -> 14644 + -7824 = 6819 (9034)
[56.026390] 
[56.026396] 
[56.026405] Start  layer4: 40 SMs -> 16
[56.051105] End    layer4: 2109 -> 24693 + -18204 = 6488 (14338)
[56.051112] 
[56.051123] 
[56.051133] Start  layerX: 30 SMs -> 9
[56.052527] End    layerX: 65 -> 1390 + -19270 = -17880 (357)
[56.052532] 
[56.052544] Delayed : 9292us
[56.052550] 
[56.052558] Start  layer0: 30 SMs -> 10
[56.053571] End    layer0: 348 -> 1008 + -8335 = -7326 (1979)
[56.053577] 
[56.053580] 
[56.053589] Start  layer1: 30 SMs -> 9
[56.060494] End    layer1: 1135 -> 6901 + -8526 = -1625 (6731)
[56.060500] 
[56.060505] 
[56.060514] Start  layer2: 30 SMs -> 7
[56.067170] End    layer2: 1391 -> 6652 + -7644 = -992 (7558)
[56.067176] 
[56.067182] 
[56.067191] Start  layer3: 40 SMs -> 15
[56.083012] End    layer3: 1328 -> 15814 + -14449 = 1365 (9034)
[56.083019] 
[56.083025] 
[56.083038] Start  layer4: 20 SMs -> 7
[56.092278] End    layer4: 2503 -> 9236 + -9378 = -142 (14338)
[56.092283] 
[56.092289] 
[56.092298] Start  layerX: 20 SMs -> 6
[56.093200] End    layerX: 68 -> 897 + -9943 = -9045 (357)
[56.093205] 
[56.093214] Reserved: 37us
[56.093311] 
[56.093318] Start  layer0: 30 SMs -> 6
[56.096888] End    layer0: 348 -> 3566 + -1652 = 1912 (1979)
[56.096894] 
[56.096897] 
[56.096905] Start  layer1: 30 SMs -> 8
[56.103871] End    layer1: 1135 -> 6960 + -1901 = 5057 (6731)
[56.103878] 
[56.103897] 
[56.103910] Start  layer2: 30 SMs -> 5
[56.109064] End    layer2: 1391 -> 5148 + 464 = 5612 (7558)
[56.109070] 
[56.109077] 
[56.109088] Start  layer3: 40 SMs -> 15
[56.122723] End    layer3: 1328 -> 13629 + -4160 = 9468 (9034)
[56.122730] 
[56.122738] 
[56.122750] Start  layer4: 10 SMs -> 5
[56.131805] End    layer4: 3470 -> 9049 + 1095 = 10144 (14338)
[56.131823] 
[56.131834] 
[56.131844] Start  layerX: 40 SMs -> 16
[56.133319] End    layerX: 52 -> 1471 + -63 = 1407 (357)
[56.133325] 
[56.133334] Reserved: 9916us
[56.143317] 
[56.143330] Start  layer0: 20 SMs -> 5
[56.144495] End    layer0: 394 -> 1163 + 739 = 1902 (1979)
[56.144501] 
[56.144505] 
[56.144513] Start  layer1: 20 SMs -> 4
[56.153507] End    layer1: 1300 -> 8990 + -1539 = 7449 (6731)
[56.153513] 
[56.153518] 
[56.153527] Start  layer2: 40 SMs -> 14
[56.165364] End    layer2: 1111 -> 11833 + -5838 = 5994 (7558)
[56.165371] 
[56.165387] 
[56.165397] Start  layer3: 10 SMs -> 5
[56.173687] End    layer3: 2253 -> 8285 + -5125 = 3159 (9034)
[56.173694] 
[56.173701] 
[56.173712] Start  layer4: 40 SMs -> 17
[56.191893] End    layer4: 2109 -> 18175 + -8991 = 9182 (14338)
[56.191900] 
[56.191909] 
[56.191921] Start  layerX: 40 SMs -> 12
[56.192549] End    layerX: 52 -> 626 + -9293 = -8667 (357)
[56.192554] 
[56.192575] Reserved: 675us
[56.193311] 
[56.193319] Start  layer0: 40 SMs -> 14
[56.200438] End    layer0: 291 -> 7115 + -5202 = 1912 (1979)
[56.200444] 
[56.200447] 
[56.200456] Start  layer1: 30 SMs -> 10
[56.210637] End    layer1: 1135 -> 10177 + -8669 = 1507 (6731)
[56.210643] 
[56.210663] 
[56.210671] Start  layer2: 10 SMs -> 4
[56.217478] End    layer2: 2124 -> 6800 + -7950 = -1150 (7558)
[56.217485] 
[56.217491] 
[56.217501] Start  layer3: 20 SMs -> 8
[56.226381] End    layer3: 1777 -> 8876 + -7820 = 1055 (9034)
[56.226386] 
[56.226391] 
[56.226401] Start  layer4: 20 SMs -> 7
[56.235707] End    layer4: 2503 -> 9302 + -2808 = 6493 (14338)
[56.235712] 
[56.235731] 
[56.235739] Start  layerX: 20 SMs -> 7
[56.236892] End    layerX: 68 -> 1148 + -3635 = -2486 (357)
[56.236897] 
[56.236905] Reserved: 6346us
[56.243317] 
[56.243331] Start  layer0: 30 SMs -> 9
[56.244942] End    layer0: 348 -> 1608 + 293 = 1901 (1979)
[56.244948] 
[56.244951] 
[56.244960] Start  layer1: 30 SMs -> 7
[56.251696] End    layer1: 1135 -> 6731 + 271 = 7003 (6731)
[56.251702] 
[56.251721] 
[56.251731] Start  layer2: 30 SMs -> 7
[56.258566] End    layer2: 1391 -> 6831 + 959 = 7790 (7558)
[56.258572] 
[56.258577] 
[56.258585] Start  layer3: 20 SMs -> 6
[56.266504] End    layer3: 1777 -> 7915 + 2056 = 9971 (9034)
[56.266510] 
[56.266522] 
[56.266530] Start  layer4: 40 SMs -> 17
[56.284969] End    layer4: 2109 -> 18434 + -2070 = 16363 (14338)
[56.284976] 
[56.284983] 
[56.284992] Start  layerX: 10 SMs -> 6
[56.286310] End    layerX: 74 -> 1314 + -3053 = -1739 (357)
[56.286315] 
[56.286327] Reserved: 6923us
[56.293313] 
[56.293327] Start  layer0: 30 SMs -> 5
[56.294630] End    layer0: 348 -> 1300 + 605 = 1905 (1979)
[56.294636] 
[56.294639] 
[56.294648] Start  layer1: 40 SMs -> 15
[56.310388] End    layer1: 990 -> 15734 + -8418 = 7315 (6731)
[56.310395] 
[56.310412] 
[56.310422] Start  layer2: 40 SMs -> 17
[56.327208] End    layer2: 1111 -> 16781 + -17680 = -900 (7558)
[56.327215] 
[56.327225] 
[56.327237] Start  layer3: 40 SMs -> 16
[56.346278] End    layer3: 1328 -> 19036 + -27715 = -8679 (9034)
[56.346285] 
[56.346292] 
[56.346304] Start  layer4: 20 SMs -> 8
[56.356183] End    layer4: 2503 -> 9875 + -23284 = -13409 (14338)
[56.356189] 
[56.356195] 
[56.356204] Start  layerX: 10 SMs -> 8
[56.357046] End    layerX: 74 -> 839 + -23790 = -22951 (357)
[56.357051] 
[56.357062] Delayed : 13811us
[56.357068] 
[56.357076] Start  layer0: 10 SMs -> 9
[56.360116] End    layer0: 563 -> 3036 + -14880 = -11844 (1979)
[56.360121] 
[56.360125] 
[56.360134] Start  layer1: 10 SMs -> 7
[56.367454] End    layer1: 1909 -> 7316 + -15486 = -8170 (6731)
[56.367459] 
[56.367465] 
[56.367473] Start  layer2: 40 SMs -> 15
[56.386815] End    layer2: 1111 -> 19337 + -27289 = -7951 (7558)
[56.386820] 
[56.386835] 
[56.386844] Start  layer3: 30 SMs -> 7
[56.394737] End    layer3: 1655 -> 7887 + -26174 = -18288 (9034)
[56.394744] 
[56.394750] 
[56.394761] Start  layer4: 20 SMs -> 8
[56.403598] End    layer4: 2503 -> 8834 + -20699 = -11865 (14338)
[56.403604] 
[56.403609] 
[56.403617] Start  layerX: 20 SMs -> 7
[56.404764] End    layerX: 68 -> 1143 + -21507 = -20365 (357)
[56.404770] 
[56.404778] Delayed : 11526us
[56.404784] 
[56.404792] Start  layer0: 10 SMs -> 9
[56.407211] End    layer0: 563 -> 2414 + -11974 = -9561 (1979)
[56.407216] 
[56.407220] 
[56.407230] Start  layer1: 30 SMs -> 6
[56.413497] End    layer1: 1135 -> 6263 + -11529 = -5266 (6731)
[56.413503] 
[56.413508] 
[56.413516] Start  layer2: 30 SMs -> 8
[56.419775] End    layer2: 1391 -> 6256 + -10250 = -3994 (7558)
[56.419779] 
[56.419796] 
[56.419802] Start  layer3: 30 SMs -> 6
[56.427827] End    layer3: 1655 -> 8018 + -9264 = -1246 (9034)
[56.427834] 
[56.427841] 
[56.427849] Start  layer4: 20 SMs -> 6
[56.439330] End    layer4: 2503 -> 11475 + -6429 = 5045 (14338)
[56.439337] 
[56.439360] 
[56.439373] Start  layerX: 20 SMs -> 8
[56.441568] End    layerX: 68 -> 2192 + -8311 = -6119 (357)
[56.441573] 
[56.441582] Reserved: 1668us
[56.443314] 
[56.443327] Start  layer0: 30 SMs -> 9
[56.446681] End    layer0: 348 -> 3350 + -1445 = 1905 (1979)
[56.446686] 
[56.446690] 
[56.446699] Start  layer1: 30 SMs -> 8
[56.458729] End    layer1: 1135 -> 12026 + -6761 = 5263 (6731)
[56.458736] 
[56.458741] 
[56.458751] Start  layer2: 30 SMs -> 8
[56.465792] End    layer2: 1391 -> 7035 + -6264 = 770 (7558)
[56.465799] 
[56.465805] 
[56.465814] Start  layer3: 10 SMs -> 5
[56.472819] End    layer3: 2253 -> 6999 + -4257 = 2742 (9034)
[56.472824] 
[56.472829] 
[56.472838] Start  layer4: 40 SMs -> 16
[56.489539] End    layer4: 2109 -> 16695 + -6638 = 10055 (14338)
[56.489546] 
[56.489556] 
[56.489566] Start  layerX: 30 SMs -> 6
[56.490217] End    layerX: 65 -> 646 + -6959 = -6313 (357)
[56.490221] 
[56.490230] Reserved: 3020us
[56.493316] 
[56.493331] Start  layer0: 40 SMs -> 12
[56.496754] End    layer0: 291 -> 3420 + -1518 = 1901 (1979)
[56.496760] 
[56.496763] 
[56.496773] Start  layer1: 30 SMs -> 6
[56.505305] End    layer1: 1135 -> 8526 + -3335 = 5190 (6731)
[56.505312] 
[56.505318] 
[56.505326] Start  layer2: 20 SMs -> 8
[56.514459] End    layer2: 1471 -> 9132 + -4937 = 4195 (7558)
[56.514463] 
[56.514466] 
[56.514470] Start  layer3: 20 SMs -> 8
[56.521518] End    layer3: 1777 -> 7041 + -2956 = 4084 (9034)
[56.521523] 
[56.521528] 
[56.521568] Start  layer4: 20 SMs -> 7
[56.535091] End    layer4: 2503 -> 13519 + -2192 = 11325 (14338)
[56.535097] 
[56.535103] 
[56.535111] Start  layerX: 20 SMs -> 7
[56.536131] End    layerX: 68 -> 1016 + -2874 = -1859 (357)
[56.536136] 
[56.536144] Reserved: 7107us
[56.543319] 
[56.543336] Start  layer0: 10 SMs -> 7
[56.547734] End    layer0: 563 -> 4394 + -2496 = 1897 (1979)
[56.547740] 
[56.547744] 
[56.547767] Start  layer1: 20 SMs -> 9
[56.555662] End    layer1: 1300 -> 7892 + -3694 = 4197 (6731)
[56.555669] 
[56.555697] 
[56.555706] Start  layer2: 10 SMs -> 7
[56.564780] End    layer2: 2124 -> 9073 + -5257 = 3815 (7558)
[56.564783] 
[56.564787] 
[56.564791] Start  layer3: 30 SMs -> 9
[56.573450] End    layer3: 1655 -> 8652 + -4888 = 3763 (9034)
[56.573455] 
[56.573462] 
[56.573471] Start  layer4: 20 SMs -> 7
[56.584732] End    layer4: 2503 -> 11256 + -1832 = 9423 (14338)
[56.584737] 
[56.584742] 
[56.584750] Start  layerX: 10 SMs -> 4
[56.585639] End    layerX: 74 -> 883 + -2380 = -1497 (357)
[56.585646] 
[56.585657] Reserved: 7594us
[56.593317] 
[56.593331] Start  layer0: 30 SMs -> 6
[56.596393] End    layer0: 348 -> 3057 + -1155 = 1901 (1979)
[56.596400] 
[56.596405] 
[56.596417] Start  layer1: 30 SMs -> 16
[56.602887] End    layer1: 1135 -> 6467 + -919 = 5547 (6731)
[56.602893] 
[56.602900] 
[56.602909] Start  layer2: 40 SMs -> 14
[56.614940] End    layer2: 1111 -> 12026 + -5414 = 6612 (7558)
[56.614945] 
[56.614951] 
[56.614963] Start  layer3: 30 SMs -> 8
[56.627470] End    layer3: 1655 -> 12507 + -8912 = 3594 (9034)
[56.627474] 
[56.627479] 
[56.627484] Start  layer4: 30 SMs -> 7
[56.636259] End    layer4: 2274 -> 8772 + -3363 = 5408 (14338)
[56.636262] 
[56.636266] 
[56.636271] Start  layerX: 10 SMs -> 5
[56.636717] End    layerX: 74 -> 444 + -3464 = -3020 (357)
[56.636719] 
[56.636736] Reserved: 6514us
[56.643306] 
[56.643311] Start  layer0: 20 SMs -> 3
[56.643975] End    layer0: 394 -> 661 + 1257 = 1918 (1979)
[56.643978] 
[56.643980] 
[56.643986] Start  layer1: 40 SMs -> 10
[56.652667] End    layer1: 990 -> 8679 + -703 = 7976 (6731)
[56.652670] 
[56.652673] 
[56.652678] Start  layer2: 20 SMs -> 6
[56.659036] End    layer2: 1471 -> 6353 + 489 = 6842 (7558)
[56.659042] 
[56.659057] 
[56.659064] Start  layer3: 20 SMs -> 7
[56.666481] End    layer3: 1777 -> 7411 + 2080 = 9491 (9034)
[56.666487] 
[56.666492] 
[56.666499] Start  layer4: 20 SMs -> 7
[56.677562] End    layer4: 2503 -> 11058 + 5337 = 16394 (14338)
[56.677569] 
[56.677578] 
[56.677587] Start  layerX: 30 SMs -> 7
[56.678357] End    layerX: 65 -> 766 + 4898 = 5665 (357)
[56.678363] 
[56.678381] Reserved: 14870us
[56.693315] 
[56.693329] Start  layer0: 20 SMs -> 3
[56.694364] End    layer0: 394 -> 1031 + 872 = 1903 (1979)
[56.694369] 
[56.694372] 
[56.694380] Start  layer1: 30 SMs -> 5
[56.699480] End    layer1: 1135 -> 5095 + 2487 = 7582 (6731)
[56.699485] 
[56.699490] 
[56.699499] Start  layer2: 20 SMs -> 9
[56.707697] End    layer2: 1471 -> 8194 + 1828 = 10021 (7558)
[56.707703] 
[56.707728] 
[56.707737] Start  layer3: 40 SMs -> 11
[56.720796] End    layer3: 1328 -> 13054 + -2234 = 10818 (9034)
[56.720801] 
[56.720808] 
[56.720817] Start  layer4: 20 SMs -> 8
[56.730230] End    layer4: 2503 -> 9409 + 2668 = 12076 (14338)
[56.730236] 
[56.730254] 
[56.730263] Start  layerX: 10 SMs -> 7
[56.731207] End    layerX: 74 -> 938 + 2051 = 2988 (357)
[56.731213] 
[56.731226] Reserved: 12025us
[56.743315] 
[56.743338] Start  layer0: 10 SMs -> 1
[56.745115] End    layer0: 563 -> 1774 + 120 = 1894 (1979)
[56.745120] 
[56.745124] 
[56.745132] Start  layer1: 40 SMs -> 7
[56.750350] End    layer1: 990 -> 5211 + 1620 = 6830 (6731)
[56.750357] 
[56.750374] 
[56.750384] Start  layer2: 20 SMs -> 7
[56.756870] End    layer2: 1471 -> 6482 + 2655 = 9137 (7558)
[56.756876] 
[56.756904] 
[56.756913] Start  layer3: 40 SMs -> 11
[56.769031] End    layer3: 1328 -> 12114 + -470 = 11643 (9034)
[56.769036] 
[56.769042] 
[56.769050] Start  layer4: 30 SMs -> 8
[56.780215] End    layer4: 2274 -> 11161 + 2683 = 13843 (14338)
[56.780221] 
[56.780226] 
[56.780234] Start  layerX: 10 SMs -> 4
[56.781432] End    layerX: 74 -> 1194 + 1824 = 3018 (357)
[56.781438] 
[56.781447] Reserved: 11804us
[56.793315] 
[56.793329] Start  layer0: 10 SMs -> 1
[56.794434] End    layer0: 563 -> 1102 + 801 = 1903 (1979)
[56.794438] 
[56.794442] 
[56.794449] Start  layer1: 30 SMs -> 5
[56.798908] End    layer1: 1135 -> 4454 + 3059 = 7513 (6731)
[56.798914] 
[56.798919] 
[56.798927] Start  layer2: 30 SMs -> 7
[56.807742] End    layer2: 1391 -> 8810 + 1783 = 10594 (7558)
[56.807747] 
[56.807754] 
[56.807762] Start  layer3: 40 SMs -> 10
[56.819768] End    layer3: 1328 -> 12001 + -1207 = 10793 (9034)
[56.819774] 
[56.819782] 
[56.819791] Start  layer4: 10 SMs -> 4
[56.827593] End    layer4: 3470 -> 7798 + 5305 = 13102 (14338)
[56.827599] 
[56.827606] 
[56.827614] Start  layerX: 30 SMs -> 7
[56.828498] End    layerX: 65 -> 881 + 4757 = 5638 (357)
[56.828503] 
[56.828512] Reserved: 14739us
[56.843312] 
[56.843321] Start  layer0: 30 SMs -> 2
[56.843738] End    layer0: 348 -> 413 + 1497 = 1910 (1979)
[56.843743] 
[56.843746] 
[56.843753] Start  layer1: 40 SMs -> 3
[56.847601] End    layer1: 990 -> 3843 + 4366 = 8209 (6731)
[56.847607] 
[56.847612] 
[56.847620] Start  layer2: 40 SMs -> 9
[56.855145] End    layer2: 1111 -> 7518 + 4382 = 11900 (7558)
[56.855152] 
[56.855160] 
[56.855172] Start  layer3: 40 SMs -> 10
[56.862718] End    layer3: 1328 -> 7543 + 5842 = 13385 (9034)
[56.862724] 
[56.862728] 
[56.862736] Start  layer4: 40 SMs -> 11
[56.875580] End    layer4: 2109 -> 12840 + 7318 = 20158 (14338)
[56.875586] 
[56.875592] 
[56.875601] Start  layerX: 40 SMs -> 9
[56.876587] End    layerX: 52 -> 983 + 6668 = 7651 (357)
[56.876591] 
[56.876599] Reserved: 16651us
[56.893313] 
[56.893321] Start  layer0: 40 SMs -> 2
[56.893841] End    layer0: 291 -> 517 + 1393 = 1910 (1979)
[56.893846] 
[56.893849] 
[56.893857] Start  layer1: 30 SMs -> 3
[56.896644] End    layer1: 1135 -> 2782 + 5323 = 8105 (6731)
[56.896650] 
[56.896657] 
[56.896665] Start  layer2: 30 SMs -> 6
[56.901878] End    layer2: 1391 -> 5208 + 7647 = 12855 (7558)
[56.901883] 
[56.901889] 
[56.901897] Start  layer3: 30 SMs -> 6
[56.908522] End    layer3: 1655 -> 6621 + 10038 = 16658 (9034)
[56.908527] 
[56.908542] 
[56.908551] Start  layer4: 30 SMs -> 6
[56.914581] End    layer4: 2274 -> 6026 + 18317 = 24343 (14338)
[56.914586] 
[56.914593] 
[56.914601] Start  layerX: 30 SMs -> 5
[56.915116] End    layerX: 65 -> 509 + 18142 = 18650 (357)
[56.915122] 
[56.915138] Reserved: 28113us
[56.943317] 
[56.943331] Start  layer0: 20 SMs -> 1
[56.943794] End    layer0: 394 -> 460 + 1440 = 1901 (1979)
[56.943799] 
[56.943802] 
[56.943823] Start  layer1: 20 SMs -> 2
[56.948833] End    layer1: 1300 -> 5008 + 3131 = 8139 (6731)
[56.948836] 
[56.948847] 
[56.948851] Start  layer2: 30 SMs -> 7
[56.952622] End    layer2: 1391 -> 3769 + 6900 = 10669 (7558)
[56.952625] 
[56.952630] 
[56.952635] Start  layer3: 30 SMs -> 5
[56.958191] End    layer3: 1655 -> 5550 + 10369 = 15919 (9034)
[56.958197] 
[56.958210] 
[56.958218] Start  layer4: 40 SMs -> 10
[56.967853] End    layer4: 2109 -> 9629 + 15047 = 24676 (14338)
[56.967860] 
[56.967867] 
[56.967878] Start  layerX: 30 SMs -> 5
[56.968102] End    layerX: 65 -> 221 + 15154 = 15374 (357)
[56.968107] 
[56.968121] Reserved: 25129us
[56.993316] 
[56.993330] Start  layer0: 30 SMs -> 1
[56.993839] End    layer0: 348 -> 506 + 1396 = 1902 (1979)
[56.993844] 
[56.993847] 
[56.993854] Start  layer1: 30 SMs -> 3
[56.998020] End    layer1: 1135 -> 4161 + 3948 = 8108 (6731)
[56.998025] 
[56.998032] 
[56.998040] Start  layer2: 40 SMs -> 8
[57.006441] End    layer2: 1111 -> 8397 + 3084 = 11481 (7558)
[57.006448] 
[57.006452] 
[57.006463] Start  layer3: 30 SMs -> 7
[57.012654] End    layer3: 1655 -> 6187 + 5907 = 12093 (9034)
[57.012659] 
[57.012668] 
[57.012676] Start  layer4: 20 SMs -> 6
[57.022397] End    layer4: 2503 -> 9717 + 10501 = 20218 (14338)
[57.022403] 
[57.022408] 
[57.022416] Start  layerX: 20 SMs -> 5
[57.022833] End    layerX: 68 -> 413 + 10423 = 10835 (357)
[57.022838] 
[57.022845] Reserved: 20405us
