[22.771679] layer0:
[22.785597] 	10	346us, 571us
[22.795800] 	20	235us, 372us
[22.804745] 	30	203us, 305us
[22.813565] 	40	185us, 295us
[22.813578] Params: 0.63	0.36	0.36

[22.813582] layer1:
[22.851433] 	10	1129us, 1947us
[22.876301] 	20	804us, 1273us
[22.902228] 	30	709us, 1193us
[22.922906] 	40	688us, 992us
[22.922918] Params: 0.62	0.25	0.42

[22.922924] layer2:
[22.965796] 	10	1345us, 2154us
[22.995346] 	20	995us, 1562us
[23.022760] 	30	942us, 1406us
[23.046559] 	40	805us, 1156us
[23.046571] Params: 0.66	0.32	0.42

[23.046578] layer3:
[23.092448] 	10	1420us, 2347us
[23.122585] 	20	978us, 1648us
[23.151733] 	30	942us, 1568us
[23.178700] 	40	904us, 1381us
[23.178713] Params: 0.61	0.22	0.31

[23.178719] layer4:
[23.249445] 	10	2405us, 3571us
[23.294277] 	20	1584us, 2484us
[23.336927] 	30	1528us, 2316us
[23.376743] 	40	1441us, 2106us
[23.376756] Params: 0.66	0.26	0.29

[23.376763] layerX:
[23.382045] 	10	44us, 89us
[23.387380] 	20	40us, 71us
[23.392507] 	30	40us, 63us
[23.397701] 	40	40us, 50us
[23.397714] Params: 0.62	0.04	0.42

