[26.523115] 
[26.523129] Start  layer0: 20 SMs -> 10
[26.525304] End    layer0: 371 -> 2173 + 4 = 2177 (2191)
[26.525307] 
[26.525309] 
[26.525313] Start  layer1: 10 SMs -> 10
[26.533908] End    layer1: 1947 -> 8593 + -1231 = 7361 (7369)
[26.533911] 
[26.533915] 
[26.533920] Start  layer2: 10 SMs -> 6
[26.540996] End    layer2: 2154 -> 7074 + 274 = 7348 (8593)
[26.540999] 
[26.541002] 
[26.541007] Start  layer3: 30 SMs -> 10
[26.551790] End    layer3: 1567 -> 10781 + -257 = 10523 (10262)
[26.551794] 
[26.551796] 
[26.551801] Start  layer4: 40 SMs -> 13
[26.567225] End    layer4: 2106 -> 15421 + -38 = 15383 (15653)
[26.567229] 
[26.567331] 
[26.567337] Start  layerX: 20 SMs -> 7
[26.568410] End    layerX: 70 -> 1072 + -849 = 222 (373)
[26.568413] 
[26.568428] Reserved: 10241us
[26.578727] 
[26.578735] Start  layer0: 40 SMs -> 10
[26.580358] End    layer0: 294 -> 1618 + 509 = 2127 (2191)
[26.580364] 
[26.580368] 
[26.580378] Start  layer1: 20 SMs -> 7
[26.588442] End    layer1: 1272 -> 8064 + -209 = 7854 (7369)
[26.588445] 
[26.588450] 
[26.588454] Start  layer2: 40 SMs -> 12
[26.596301] End    layer2: 1156 -> 7845 + 525 = 8370 (8593)
[26.596305] 
[26.596313] 
[26.596318] Start  layer3: 30 SMs -> 9
[26.607541] End    layer3: 1567 -> 11219 + -450 = 10768 (10262)
[26.607544] 
[26.607549] 
[26.607555] Start  layer4: 30 SMs -> 10
[26.622312] End    layer4: 2316 -> 14752 + 434 = 15185 (15653)
[26.622318] 
[26.622325] 
[26.622334] Start  layerX: 20 SMs -> 8
[26.623504] End    layerX: 70 -> 1164 + -382 = 781 (373)
[26.623511] 
[26.623525] Reserved: 10701us
[26.634293] 
[26.634317] Start  layer0: 20 SMs -> 10
[26.636979] End    layer0: 371 -> 2660 + -555 = 2103 (2191)
[26.636986] 
[26.636990] 
[26.636999] Start  layer1: 40 SMs -> 11
[26.647994] End    layer1: 991 -> 10991 + -4202 = 6788 (7369)
[26.648000] 
[26.648011] 
[26.648022] Start  layer2: 40 SMs -> 14
[26.663628] End    layer2: 1156 -> 15602 + -11240 = 4360 (8593)
[26.663635] 
[26.663640] 
[26.663651] Start  layer3: 40 SMs -> 15
[26.678279] End    layer3: 1380 -> 14622 + -15628 = -1007 (10262)
[26.678286] 
[26.678296] 
[26.678308] Start  layer4: 40 SMs -> 11
[26.699454] End    layer4: 2106 -> 21142 + -21152 = -9 (15653)
[26.699461] 
[26.699469] 
[26.699479] Start  layerX: 40 SMs -> 16
[26.701104] End    layerX: 50 -> 1620 + -22428 = -20807 (373)
[26.701109] 
[26.701119] Delayed : 11337us
[26.701126] 
[26.701137] Start  layer0: 30 SMs -> 7
[26.702798] End    layer0: 304 -> 1658 + -10820 = -9162 (2191)
[26.702804] 
[26.702807] 
[26.702816] Start  layer1: 20 SMs -> 7
[26.708234] End    layer1: 1272 -> 5411 + -8884 = -3473 (7369)
[26.708241] 
[26.708251] 
[26.708263] Start  layer2: 10 SMs -> 7
[26.719759] End    layer2: 2154 -> 11491 + -11816 = -325 (8593)
[26.719766] 
[26.719775] 
[26.719786] Start  layer3: 10 SMs -> 4
[26.729029] End    layer3: 2346 -> 9240 + -10826 = -1586 (10262)
[26.729035] 
[26.729047] 
[26.729058] Start  layer4: 20 SMs -> 5
[26.735880] End    layer4: 2484 -> 6818 + -2022 = 4795 (15653)
[26.735885] 
[26.735891] 
[26.735899] Start  layerX: 10 SMs -> 4
[26.736505] End    layerX: 89 -> 602 + -2273 = -1671 (373)
[26.736510] 
[26.736533] Reserved: 8803us
[26.745400] 
[26.745414] Start  layer0: 20 SMs -> 7
[26.747461] End    layer0: 371 -> 2042 + 74 = 2116 (2191)
[26.747468] 
[26.747472] 
[26.747484] Start  layer1: 20 SMs -> 7
[26.755553] End    layer1: 1272 -> 8064 + -648 = 7415 (7369)
[26.755560] 
[26.755567] 
[26.755587] Start  layer2: 10 SMs -> 5
[26.762664] End    layer2: 2154 -> 7073 + 834 = 7907 (8593)
[26.762671] 
[26.762682] 
[26.762693] Start  layer3: 10 SMs -> 4
[26.769298] End    layer3: 2346 -> 6602 + 4461 = 11062 (10262)
[26.769304] 
[26.769319] 
[26.769328] Start  layer4: 10 SMs -> 4
[26.779083] End    layer4: 3570 -> 9750 + 10331 = 20080 (15653)
[26.779090] 
[26.779128] 
[26.779140] Start  layerX: 10 SMs -> 5
[26.782082] End    layerX: 89 -> 2936 + 7706 = 10643 (373)
[26.782089] 
[26.782104] Reserved: 18789us
[26.800960] 
[26.800975] Start  layer0: 20 SMs -> 7
[26.801982] End    layer0: 371 -> 1002 + 1109 = 2111 (2191)
[26.801989] 
[26.801994] 
[26.802004] Start  layer1: 30 SMs -> 7
[26.810100] End    layer1: 1192 -> 8091 + 360 = 8450 (7369)
[26.810107] 
[26.810122] 
[26.810132] Start  layer2: 10 SMs -> 5
[26.818226] End    layer2: 2154 -> 8089 + 826 = 8915 (8593)
[26.818231] 
[26.818236] 
[26.818245] Start  layer3: 10 SMs -> 5
[26.825049] End    layer3: 2346 -> 6802 + 4262 = 11065 (10262)
[26.825052] 
[26.825057] 
[26.825065] Start  layer4: 10 SMs -> 5
[26.835678] End    layer4: 3570 -> 10607 + 9290 = 19897 (15653)
[26.835684] 
[26.835690] 
[26.835698] Start  layerX: 30 SMs -> 7
[26.837112] End    layerX: 62 -> 1410 + 8229 = 9639 (373)
[26.837118] 
[26.837127] Reserved: 19321us
[26.856511] 
[26.856526] Start  layer0: 30 SMs -> 8
[26.857669] End    layer0: 304 -> 1140 + 975 = 2115 (2191)
[26.857675] 
[26.857678] 
[26.857686] Start  layer1: 10 SMs -> 9
[26.867849] End    layer1: 1947 -> 10158 + -1834 = 8323 (7369)
[26.867854] 
[26.867859] 
[26.867868] Start  layer2: 20 SMs -> 8
[26.876975] End    layer2: 1561 -> 9102 + -2367 = 6735 (8593)
[26.876981] 
[26.876987] 
[26.876995] Start  layer3: 30 SMs -> 8
[26.884843] End    layer3: 1567 -> 7843 + 27 = 7870 (10262)
[26.884848] 
[26.884855] 
[26.884864] Start  layer4: 30 SMs -> 8
[26.896006] End    layer4: 2316 -> 11137 + 4518 = 15655 (15653)
[26.896012] 
[26.896020] 
[26.896030] Start  layerX: 10 SMs -> 5
[26.897384] End    layerX: 89 -> 1350 + 3513 = 4863 (373)
[26.897388] 
[26.897398] Reserved: 14605us
[26.912066] 
[26.912083] Start  layer0: 20 SMs -> 7
[26.913414] End    layer0: 371 -> 1329 + 786 = 2115 (2191)
[26.913419] 
[26.913423] 
[26.913432] Start  layer1: 20 SMs -> 7
[26.923803] End    layer1: 1272 -> 10365 + -2231 = 8133 (7369)
[26.923822] 
[26.923829] 
[26.923840] Start  layer2: 20 SMs -> 8
[26.932961] End    layer2: 1561 -> 9115 + -2795 = 6318 (8593)
[26.932968] 
[26.932977] 
[26.932988] Start  layer3: 20 SMs -> 9
[26.942822] End    layer3: 1648 -> 9830 + -2396 = 7433 (10262)
[26.942828] 
[26.942833] 
[26.942843] Start  layer4: 20 SMs -> 8
[26.953598] End    layer4: 2484 -> 10751 + 2481 = 13232 (15653)
[26.953604] 
[26.953619] 
[26.953628] Start  layerX: 10 SMs -> 5
[26.954126] End    layerX: 89 -> 496 + 2325 = 2820 (373)
[26.954131] 
[26.954189] Reserved: 13371us
[26.967629] 
[26.967645] Start  layer0: 20 SMs -> 6
[26.969552] End    layer0: 371 -> 1903 + 205 = 2108 (2191)
[26.969559] 
[26.969564] 
[26.969574] Start  layer1: 20 SMs -> 7
[26.978425] End    layer1: 1272 -> 8847 + -1300 = 7547 (7369)
[26.978431] 
[26.978454] 
[26.978462] Start  layer2: 20 SMs -> 8
[26.986082] End    layer2: 1561 -> 7616 + -363 = 7252 (8593)
[26.986089] 
[26.986095] 
[26.986104] Start  layer3: 20 SMs -> 8
[26.993643] End    layer3: 1648 -> 7534 + 2339 = 9872 (10262)
[26.993649] 
[26.993654] 
[26.993663] Start  layer4: 40 SMs -> 17
[27.017017] End    layer4: 2106 -> 23348 + -5380 = 17967 (15653)
[27.017026] 
[27.017033] 
[27.017044] Start  layerX: 40 SMs -> 9
[27.018576] End    layerX: 50 -> 1528 + -6567 = -5038 (373)
[27.018582] 
[27.018590] Reserved: 4524us
[27.023177] 
[27.023192] Start  layer0: 20 SMs -> 6
[27.024317] End    layer0: 371 -> 1123 + 994 = 2116 (2191)
[27.024323] 
[27.024326] 
[27.024334] Start  layer1: 10 SMs -> 5
[27.032030] End    layer1: 1947 -> 7691 + 650 = 8341 (7369)
[27.032035] 
[27.032040] 
[27.032049] Start  layer2: 10 SMs -> 7
[27.038994] End    layer2: 2154 -> 6941 + 2280 = 9220 (8593)
[27.039000] 
[27.039028] 
[27.039037] Start  layer3: 40 SMs -> 19
[27.060421] End    layer3: 1380 -> 21379 + -8883 = 12495 (10262)
[27.060426] 
[27.060432] 
[27.060441] Start  layer4: 40 SMs -> 16
[27.075921] End    layer4: 2106 -> 15476 + -8730 = 6745 (15653)
[27.075926] 
[27.075932] 
[27.075941] Start  layerX: 20 SMs -> 3
[27.076304] End    layerX: 70 -> 359 + -8739 = -8380 (373)
[27.076309] 
[27.076317] Reserved: 2353us
[27.078732] 
[27.078746] Start  layer0: 10 SMs -> 7
[27.082913] End    layer0: 570 -> 4162 + -2044 = 2117 (2191)
[27.082921] 
[27.082925] 
[27.082936] Start  layer1: 30 SMs -> 9
[27.090948] End    layer1: 1192 -> 8009 + -2711 = 5296 (7369)
[27.090954] 
[27.090959] 
[27.090969] Start  layer2: 10 SMs -> 8
[27.099629] End    layer2: 2154 -> 8656 + -2798 = 5857 (8593)
[27.099636] 
[27.099643] 
[27.099653] Start  layer3: 30 SMs -> 7
[27.107134] End    layer3: 1567 -> 7477 + -41 = 7434 (10262)
[27.107140] 
[27.107147] 
[27.107155] Start  layer4: 30 SMs -> 8
[27.120826] End    layer4: 2316 -> 13666 + 1920 = 15586 (15653)
[27.120831] 
[27.120839] 
[27.120850] Start  layerX: 30 SMs -> 8
[27.122614] End    layerX: 62 -> 1758 + 508 = 2265 (373)
[27.122621] 
[27.122635] Reserved: 11591us
[27.134292] 
[27.134306] Start  layer0: 20 SMs -> 10
[27.136528] End    layer0: 371 -> 2217 + -102 = 2113 (2191)
[27.136535] 
[27.136539] 
[27.136551] Start  layer1: 40 SMs -> 17
[27.151961] End    layer1: 991 -> 15405 + -8167 = 7237 (7369)
[27.151969] 
[27.151976] 
[27.151988] Start  layer2: 30 SMs -> 10
[27.160870] End    layer2: 1405 -> 8878 + -8484 = 394 (8593)
[27.160876] 
[27.160880] 
[27.160888] Start  layer3: 40 SMs -> 19
[27.179441] End    layer3: 1380 -> 18546 + -16790 = 1754 (10262)
[27.179450] 
[27.179459] 
[27.179473] Start  layer4: 40 SMs -> 12
[27.193825] End    layer4: 2106 -> 14350 + -15523 = -1173 (15653)
[27.193832] 
[27.193840] 
[27.193854] Start  layerX: 40 SMs -> 10
[27.195757] End    layerX: 50 -> 1898 + -17078 = -15181 (373)
[27.195764] 
[27.195790] Delayed : 6007us
[27.195798] 
[27.195821] Start  layer0: 30 SMs -> 12
[27.196910] End    layer0: 304 -> 1098 + -4931 = -3833 (2191)
[27.196916] 
[27.196919] 
[27.196927] Start  layer1: 40 SMs -> 15
[27.206939] End    layer1: 991 -> 10007 + -7590 = 2416 (7369)
[27.206946] 
[27.206955] 
[27.206965] Start  layer2: 40 SMs -> 16
[27.230871] End    layer2: 1156 -> 23903 + -22929 = 972 (8593)
[27.230877] 
[27.230884] 
[27.230892] Start  layer3: 20 SMs -> 7
[27.239483] End    layer3: 1648 -> 8587 + -21280 = -12693 (10262)
[27.239489] 
[27.239494] 
[27.239502] Start  layer4: 10 SMs -> 3
[27.248309] End    layer4: 3570 -> 8801 + -14449 = -5648 (15653)
[27.248316] 
[27.248339] 
[27.248350] Start  layerX: 40 SMs -> 23
[27.250133] End    layerX: 50 -> 1777 + -15900 = -14122 (373)
[27.250140] 
[27.250156] Delayed : 4817us
[27.250163] 
[27.250171] Start  layer0: 10 SMs -> 4
[27.253982] End    layer0: 570 -> 3806 + -6447 = -2641 (2191)
[27.253988] 
[27.253991] 
[27.254000] Start  layer1: 30 SMs -> 8
[27.260997] End    layer1: 1192 -> 6993 + -6094 = 898 (7369)
[27.261003] 
[27.261008] 
[27.261016] Start  layer2: 30 SMs -> 7
[27.271172] End    layer2: 1405 -> 10150 + -7674 = 2475 (8593)
[27.271178] 
[27.271183] 
[27.271193] Start  layer3: 30 SMs -> 9
[27.280652] End    layer3: 1567 -> 9455 + -6892 = 2562 (10262)
[27.280658] 
[27.280662] 
[27.280671] Start  layer4: 20 SMs -> 7
[27.290237] End    layer4: 2484 -> 9560 + -821 = 8737 (15653)
[27.290244] 
[27.290252] 
[27.290262] Start  layerX: 40 SMs -> 13
[27.292049] End    layerX: 50 -> 1782 + -2260 = -478 (373)
[27.292055] 
[27.292066] Reserved: 8826us
[27.300958] 
[27.300973] Start  layer0: 40 SMs -> 15
[27.307539] End    layer0: 294 -> 6561 + -4447 = 2113 (2191)
[27.307546] 
[27.307551] 
[27.307563] Start  layer1: 30 SMs -> 11
[27.317906] End    layer1: 1192 -> 10340 + -7447 = 2891 (7369)
[27.317912] 
[27.317917] 
[27.317926] Start  layer2: 20 SMs -> 7
[27.327494] End    layer2: 1561 -> 9563 + -8441 = 1121 (8593)
[27.327499] 
[27.327505] 
[27.327513] Start  layer3: 40 SMs -> 18
[27.345885] End    layer3: 1380 -> 18366 + -16568 = 1797 (10262)
[27.345892] 
[27.345900] 
[27.345910] Start  layer4: 40 SMs -> 11
[27.365951] End    layer4: 2106 -> 20035 + -20980 = -945 (15653)
[27.365958] 
[27.365970] 
[27.365981] Start  layerX: 40 SMs -> 18
[27.367255] End    layerX: 50 -> 1269 + -21910 = -20642 (373)
[27.367262] 
[27.367286] Delayed : 10837us
[27.367293] 
[27.367305] Start  layer0: 20 SMs -> 6
[27.368792] End    layer0: 371 -> 1484 + -10146 = -8663 (2191)
[27.368798] 
[27.368801] 
[27.368812] Start  layer1: 30 SMs -> 9
[27.377631] End    layer1: 1192 -> 8816 + -11617 = -2801 (7369)
[27.377635] 
[27.377650] 
[27.377657] Start  layer2: 40 SMs -> 18
[27.400302] End    layer2: 1156 -> 22639 + -25692 = -3053 (8593)
[27.400309] 
[27.400317] 
[27.400330] Start  layer3: 40 SMs -> 13
[27.419008] End    layer3: 1380 -> 18675 + -34138 = -15463 (10262)
[27.419015] 
[27.419020] 
[27.419028] Start  layer4: 20 SMs -> 9
[27.427433] End    layer4: 2484 -> 8400 + -26908 = -18508 (15653)
[27.427439] 
[27.427447] 
[27.427458] Start  layerX: 20 SMs -> 7
[27.428269] End    layerX: 70 -> 807 + -27370 = -26563 (373)
[27.428274] 
[27.428393] Delayed : 16388us
[27.428403] 
[27.428411] Start  layer0: 30 SMs -> 9
[27.429852] End    layer0: 304 -> 1437 + -15651 = -14215 (2191)
[27.429858] 
[27.429861] 
[27.429870] Start  layer1: 30 SMs -> 10
[27.439577] End    layer1: 1192 -> 9701 + -18006 = -8305 (7369)
[27.439583] 
[27.439590] 
[27.439600] Start  layer2: 20 SMs -> 8
[27.449887] End    layer2: 1561 -> 10284 + -19724 = -9440 (8593)
[27.449892] 
[27.449903] 
[27.449910] Start  layer3: 40 SMs -> 14
[27.473639] End    layer3: 1380 -> 23724 + -33213 = -9489 (10262)
[27.473645] 
[27.473687] 
[27.473699] Start  layer4: 20 SMs -> 8
[27.482246] End    layer4: 2484 -> 8542 + -26164 = -17622 (15653)
[27.482253] 
[27.482274] 
[27.482287] Start  layerX: 20 SMs -> 7
[27.482744] End    layerX: 70 -> 455 + -26291 = -25836 (373)
[27.482750] 
[27.482760] Delayed : 15200us
[27.482766] 
[27.482774] Start  layer0: 10 SMs -> 6
[27.484707] End    layer0: 570 -> 1926 + -14949 = -13022 (2191)
[27.484714] 
[27.484719] 
[27.484741] Start  layer1: 40 SMs -> 15
[27.503292] End    layer1: 991 -> 18548 + -26167 = -7619 (7369)
[27.503298] 
[27.503303] 
[27.503312] Start  layer2: 30 SMs -> 8
[27.513586] End    layer2: 1405 -> 10270 + -27867 = -17597 (8593)
[27.513592] 
[27.513597] 
[27.513606] Start  layer3: 10 SMs -> 5
[27.520927] End    layer3: 2346 -> 7316 + -24945 = -17629 (10262)
[27.520932] 
[27.520940] 
[27.520948] Start  layer4: 40 SMs -> 15
[27.536110] End    layer4: 2106 -> 15159 + -24477 = -9317 (15653)
[27.536114] 
[27.536118] 
[27.536134] Start  layerX: 10 SMs -> 10
[27.537144] End    layerX: 89 -> 1008 + -25138 = -24129 (373)
[27.537147] 
[27.537155] Delayed : 14041us
[27.537159] 
[27.537163] Start  layer0: 40 SMs -> 13
[27.538098] End    layer0: 294 -> 932 + -12789 = -11857 (2191)
[27.538101] 
[27.538103] 
[27.538108] Start  layer1: 10 SMs -> 7
[27.545123] End    layer1: 1947 -> 7012 + -12445 = -5433 (7369)
[27.545126] 
[27.545129] 
[27.545134] Start  layer2: 10 SMs -> 6
[27.552795] End    layer2: 2154 -> 7656 + -11520 = -3864 (8593)
[27.552802] 
[27.552810] 
[27.552820] Start  layer3: 40 SMs -> 13
[27.568974] End    layer3: 1380 -> 16149 + -17436 = -1287 (10262)
[27.568979] 
[27.568984] 
[27.568992] Start  layer4: 20 SMs -> 7
[27.577877] End    layer4: 2484 -> 8880 + -10686 = -1806 (15653)
[27.577883] 
[27.577891] 
[27.577900] Start  layerX: 20 SMs -> 8
[27.578901] End    layerX: 70 -> 998 + -11337 = -10339 (373)
[27.578907] 
[27.578917] Delayed : 246us
[27.578925] 
[27.578937] Start  layer0: 40 SMs -> 8
[27.580642] End    layer0: 294 -> 1701 + 225 = 1926 (2191)
[27.580647] 
[27.580650] 
[27.580659] Start  layer1: 40 SMs -> 12
[27.592384] End    layer1: 991 -> 11724 + -4151 = 7572 (7369)
[27.592388] 
[27.592391] 
[27.592396] Start  layer2: 40 SMs -> 15
[27.603304] End    layer2: 1156 -> 10905 + -6477 = 4427 (8593)
[27.603307] 
[27.603316] 
[27.603320] Start  layer3: 40 SMs -> 13
[27.621098] End    layer3: 1380 -> 17771 + -14005 = 3766 (10262)
[27.621103] 
[27.621111] 
[27.621120] Start  layer4: 20 SMs -> 8
[27.628233] End    layer4: 2484 -> 7108 + -5486 = 1622 (15653)
[27.628239] 
[27.628246] 
[27.628255] Start  layerX: 30 SMs -> 2
[27.628407] End    layerX: 62 -> 148 + -5287 = -5139 (373)
[27.628411] 
[27.628420] Reserved: 5805us
[27.634288] 
[27.634302] Start  layer0: 10 SMs -> 10
[27.637268] End    layer0: 570 -> 2963 + -845 = 2117 (2191)
[27.637274] 
[27.637277] 
[27.637286] Start  layer1: 10 SMs -> 6
[27.642759] End    layer1: 1947 -> 5469 + 1033 = 6501 (7369)
[27.642764] 
[27.642770] 
[27.642780] Start  layer2: 20 SMs -> 9
[27.654524] End    layer2: 1561 -> 11740 + -2137 = 9601 (8593)
[27.654529] 
[27.654534] 
[27.654542] Start  layer3: 40 SMs -> 14
[27.673083] End    layer3: 1380 -> 18536 + -10435