[26.570765] layer0:
[26.584672] 	10	343us, 562us
[26.594811] 	20	235us, 380us
[26.604040] 	30	202us, 320us
[26.612656] 	40	184us, 283us
[26.612669] Params: 0.63	0.36	0.41

[26.612673] layer1:
[26.649430] 	10	1109us, 1895us
[26.673811] 	20	791us, 1219us
[26.696309] 	30	687us, 1152us
[26.717118] 	40	675us, 982us
[26.717131] Params: 0.63	0.25	0.40

[26.717137] layer2:
[26.759485] 	10	1325us, 2149us
[26.788818] 	20	984us, 1545us
[26.816355] 	30	927us, 1400us
[26.839747] 	40	798us, 1130us
[26.839761] Params: 0.66	0.32	0.44

[26.839768] layer3:
[26.885429] 	10	1397us, 2368us
[26.915184] 	20	964us, 1584us
[26.946444] 	30	925us, 1763us
[26.973142] 	40	889us, 1373us
[26.973154] Params: 0.61	0.22	0.32

[26.973160] layer4:
[27.042375] 	10	2378us, 3487us
[27.085740] 	20	1559us, 2395us
[27.128746] 	30	1513us, 2389us
[27.168203] 	40	1418us, 2117us
[27.168216] Params: 0.66	0.26	0.28

[27.168223] layerX:
[27.173477] 	10	44us, 79us
[27.178723] 	20	41us, 66us
[27.183864] 	30	40us, 57us
[27.188965] 	40	40us, 55us
[27.188977] Params: 0.64	0.04	0.20

