[55.492632] 
[55.492654] Start  layer0: 30 SMs -> 2
[55.493429] End    layer0: 319 -> 773 + 1112 = 1886 (1907)
[55.493435] 
[55.493438] 
[55.493446] Start  layer1: 40 SMs -> 5
[55.505768] End    layer1: 982 -> 12321 + -4614 = 7706 (6615)
[55.505772] 
[55.505846] 
[55.505851] Start  layer2: 30 SMs -> 10
[55.513459] End    layer2: 1400 -> 7606 + -4697 = 2908 (7608)
[55.513462] 
[55.513465] 
[55.513470] Start  layer3: 30 SMs -> 9
[55.520381] End    layer3: 1584 -> 6908 + -2375 = 4533 (9243)
[55.520384] 
[55.520386] 
[55.520391] Start  layer4: 40 SMs -> 14
[55.537322] End    layer4: 2116 -> 16925 + -5059 = 11864 (14252)
[55.537328] 
[55.537333] 
[55.537342] Start  layerX: 30 SMs -> 9
[55.538185] End    layerX: 56 -> 839 + -5550 = -4711 (372)
[55.538190] 
[55.538197] Reserved: 4432us
[55.542695] 
[55.542709] Start  layer0: 10 SMs -> 6
[55.548702] End    layer0: 562 -> 5991 + -4160 = 1830 (1907)
[55.548708] 
[55.548711] 
[55.548720] Start  layer1: 10 SMs -> 11
[55.560560] End    layer1: 1895 -> 11840 + -9406 = 2433 (6615)
[55.560563] 
[55.560566] 
[55.560571] Start  layer2: 10 SMs -> 7
[55.568256] End    layer2: 2148 -> 7683 + -9494 = -1811 (7608)
[55.568259] 
[55.568262] 
[55.568267] Start  layer3: 10 SMs -> 7
[55.578346] End    layer3: 2368 -> 10076 + -10340 = -264 (9243)
[55.578349] 
[55.578354] 
[55.578359] Start  layer4: 10 SMs -> 8
[55.587390] End    layer4: 3487 -> 9028 + -5130 = 3897 (14252)
[55.587393] 
[55.587398] 
[55.587403] Start  layerX: 10 SMs -> 4
[55.588503] End    layerX: 79 -> 1099 + -5872 = -4773 (372)
[55.588506] 
[55.588512] Reserved: 4117us
[55.592685] 
[55.592689] Start  layer0: 40 SMs -> 7
[55.593947] End    layer0: 283 -> 1255 + 592 = 1847 (1907)
[55.593951] 
[55.593953] 
[55.593960] Start  layer1: 40 SMs -> 11
[55.605941] End    layer1: 982 -> 11975 + -4782 = 7191 (6615)
[55.605947] 
[55.605953] 
[55.605961] Start  layer2: 30 SMs -> 8
[55.615080] End    layer2: 1400 -> 9115 + -6315 = 2799 (7608)
[55.615085] 
[55.615090] 
[55.615098] Start  layer3: 20 SMs -> 8
[55.621909] End    layer3: 1584 -> 6807 + -3899 = 2906 (9243)
[55.621915] 
[55.621921] 
[55.621930] Start  layer4: 30 SMs -> 8
[55.632728] End    layer4: 2389 -> 10794 + -466 = 10327 (14252)
[55.632733] 
[55.632737] 
[55.632744] Start  layerX: 30 SMs -> 6
[55.633269] End    layerX: 56 -> 522 + -635 = -113 (372)
[55.633274] 
[55.633293] Reserved: 9336us
[55.642691] 
[55.642702] Start  layer0: 40 SMs -> 6
[55.645660] End    layer0: 283 -> 2952 + -1115 = 1836 (1907)
[55.645667] 
[55.645672] 
[55.645681] Start  layer1: 40 SMs -> 11
[55.662173] End    layer1: 982 -> 16487 + -11014 = 5471 (6615)
[55.662180] 
[55.662216] 
[55.662232] Start  layer2: 30 SMs -> 7
[55.673464] End    layer2: 1400 -> 11228 + -14697 = -3469 (7608)
[55.673472] 
[55.673493] 
[55.673506] Start  layer3: 20 SMs -> 7
[55.685282] End    layer3: 1584 -> 11773 + -17272 = -5500 (9243)
[55.685288] 
[55.685302] 
[55.685310] Start  layer4: 10 SMs -> 2
[55.690205] End    layer4: 3487 -> 4891 + -7943 = -3052 (14252)
[55.690211] 
[55.690216] 
[55.690225] Start  layerX: 40 SMs -> 13
[55.691224] End    layerX: 55 -> 997 + -8590 = -7594 (372)
[55.691228] 
[55.691240] Reserved: 1389us
[55.692689] 
[55.692696] Start  layer0: 20 SMs -> 4
[55.694253] End    layer0: 379 -> 1550 + 290 = 1841 (1907)
[55.694260] 
[55.694264] 
[55.694275] Start  layer1: 20 SMs -> 3
[55.701483] End    layer1: 1219 -> 7204 + -325 = 6878 (6615)
[55.701488] 
[55.701514] 
[55.701524] Start  layer2: 20 SMs -> 7
[55.707250] End    layer2: 1544 -> 5720 + 1516 = 7236 (7608)
[55.707257] 
[55.707286] 
[55.707296] Start  layer3: 30 SMs -> 9
[55.714640] End    layer3: 1584 -> 7340 + 3369 = 10709 (9243)
[55.714645] 
[55.714657] 
[55.714668] Start  layer4: 30 SMs -> 9
[55.722894] End    layer4: 2389 -> 8222 + 9368 = 17590 (14252)
[55.722899] 
[55.722906] 
[55.722914] Start  layerX: 30 SMs -> 8
[55.723724] End    layerX: 56 -> 805 + 8911 = 9716 (372)
[55.723729] 
[55.723738] Reserved: 18890us
[55.742699] 
[55.742714] Start  layer0: 10 SMs -> 2
[55.743920] End    layer0: 562 -> 1203 + 622 = 1825 (1907)
[55.743925] 
[55.743929] 
[55.743937] Start  layer1: 30 SMs -> 3
[55.754771] End    layer1: 1152 -> 10828 + -3611 = 7215 (6615)
[55.754778] 
[55.754784] 
[55.754796] Start  layer2: 40 SMs -> 13
[55.768891] End    layer2: 1129 -> 14092 + -10126 = 3965 (7608)
[55.768897] 
[55.768904] 
[55.768918] Start  layer3: 40 SMs -> 15
[55.787004] End    layer3: 1372 -> 18080 + -18992 = -912 (9243)
[55.787010] 
[55.787019] 
[55.787031] Start  layer4: 40 SMs -> 13
[55.802818] End    layer4: 2116 -> 15784 + -20555 = -4771 (14252)
[55.802824] 
[55.802828] 
[55.802837] Start  layerX: 30 SMs -> 11
[55.803880] End    layerX: 56 -> 1039 + -21245 = -20206 (372)
[55.803885] 
[55.803895] Delayed : 11265us
[55.803901] 
[55.803909] Start  layer0: 30 SMs -> 11
[55.806366] End    layer0: 319 -> 2451 + -11821 = -9371 (1907)
[55.806373] 
[55.806377] 
[55.806388] Start  layer1: 20 SMs -> 8
[55.812723] End    layer1: 1219 -> 6332 + -11566 = -5234 (6615)
[55.812729] 
[55.812750] 
[55.812759] Start  layer2: 30 SMs -> 10
[55.823225] End    layer2: 1400 -> 10460 + -14457 = -3997 (7608)
[55.823232] 
[55.823241] 
[55.823251] Start  layer3: 30 SMs -> 8
[55.831728] End    layer3: 1584 -> 8470 + -13716 = -5246 (9243)
[55.831734] 
[55.831742] 
[55.831754] Start  layer4: 30 SMs -> 7
[55.842155] End    layer4: 2389 -> 10397 + -9893 = 504 (14252)
[55.842161] 
[55.842173] 
[55.842181] Start  layerX: 40 SMs -> 15
[55.843066] End    layerX: 55 -> 882 + -10432 = -9550 (372)
[55.843070] 
[55.843094] Delayed : 464us
[55.843100] 
[55.843108] Start  layer0: 20 SMs -> 8
[55.845165] End    layer0: 379 -> 2053 + -623 = 1429 (1907)
[55.845171] 
[55.845174] 
[55.845182] Start  layer1: 40 SMs -> 14
[55.858137] End    layer1: 982 -> 12950 + -6979 = 5970 (6615)
[55.858142] 
[55.858147] 
[55.858155] Start  layer2: 40 SMs -> 17
[55.870891] End    layer2: 1129 -> 12731 + -12125 = 605 (7608)
[55.870896] 
[55.870901] 
[55.870910] Start  layer3: 10 SMs -> 8
[55.884423] End    layer3: 2368 -> 13509 + -16413 = -2904 (9243)
[55.884429] 
[55.884436] 
[55.884444] Start  layer4: 10 SMs -> 6
[55.896831] End    layer4: 3487 -> 12383 + -14569 = -2186 (14252)
[55.896837] 
[55.896846] 
[55.896855] Start  layerX: 10 SMs -> 9
[55.897989] End    layerX: 79 -> 1130 + -15354 = -14224 (372)
[55.897995] 
[55.898003] Delayed : 5373us
[55.898009] 
[55.898017] Start  layer0: 40 SMs -> 14
[55.901027] End    layer0: 283 -> 3006 + -6484 = -3479 (1907)
[55.901033] 
[55.901036] 
[55.901045] Start  layer1: 10 SMs -> 8
[55.909548] End    layer1: 1895 -> 8498 + -8390 = 107 (6615)
[55.909553] 
[55.909560] 
[55.909572] Start  layer2: 40 SMs -> 15
[55.925324] End    layer2: 1129 -> 15747 + -16557 = -810 (7608)
[55.925331] 
[55.925338] 
[55.925350] Start  layer3: 40 SMs -> 14
[55.945565] End    layer3: 1372 -> 20211 + -27555 = -7344 (9243)
[55.945570] 
[55.945578] 
[55.945588] Start  layer4: 20 SMs -> 9
[55.956099] End    layer4: 2394 -> 10506 + -23836 = -13330 (14252)
[55.956105] 
[55.956120] 
[55.956129] Start  layerX: 10 SMs -> 5
[55.956612] End    layerX: 79 -> 479 + -23977 = -23498 (372)
[55.956618] 
[55.956629] Delayed : 13999us
[55.956635] 
[55.956645] Start  layer0: 20 SMs -> 7
[55.958975] End    layer0: 379 -> 2325 + -14432 = -12107 (1907)
[55.958981] 
[55.958984] 
[55.958993] Start  layer1: 30 SMs -> 6
[55.965647] End    layer1: 1152 -> 6649 + -14489 = -7840 (6615)
[55.965652] 
[55.965673] 
[55.965683] Start  layer2: 30 SMs -> 7
[55.975019] End    layer2: 1400 -> 9332 + -16253 = -6922 (7608)
[55.975025] 
[55.975045] 
[55.975053] Start  layer3: 20 SMs -> 5
[55.982526] End    layer3: 1584 -> 7466 + -14514 = -7048 (9243)
[55.982532] 
[55.982543] 
[55.982554] Start  layer4: 20 SMs -> 7
[55.990011] End    layer4: 2394 -> 7452 + -7748 = -296 (14252)
[55.990016] 
[55.990023] 
[55.990032] Start  layerX: 40 SMs -> 11
[55.991225] End    layerX: 55 -> 1190 + -8591 = -7401 (372)
[55.991229] 
[55.991241] Reserved: 1388us
[55.992689] 
[55.992697] Start  layer0: 40 SMs -> 13
[56.000864] End    layer0: 283 -> 8161 + -6319 = 1841 (1907)
[56.000872] 
[56.000877] 
[56.000889] Start  layer1: 40 SMs -> 15
[56.018233] End    layer1: 982 -> 17340 + -17075 = 264 (6615)
[56.018262] 
[56.018269] 
[56.018278] Start  layer2: 10 SMs -> 5
[56.027574] End    layer2: 2148 -> 9290 + -18807 = -9517 (7608)
[56.027581] 
[56.027588] 
[56.027599] Start  layer3: 40 SMs -> 16
[56.045394] End    layer3: 1372 -> 17791 + -27383 = -9593 (9243)
[56.045399] 
[56.045404] 
[56.045413] Start  layer4: 20 SMs -> 7
[56.055507] End    layer4: 2394 -> 10088 + -23243 = -13155 (14252)
[56.055512] 
[56.055526] 
[56.055535] Start  layerX: 10 SMs -> 7
[56.056382] End    layerX: 79 -> 840 + -23744 = -22904 (372)
[56.056388] 
[56.056406] Delayed : 13775us
[56.056415] 
[56.056425] Start  layer0: 20 SMs -> 8
[56.057802] End    layer0: 379 -> 1374 + -13259 = -11886 (1907)
[56.057807] 
[56.057811] 
[56.057819] Start  layer1: 30 SMs -> 8
[56.063756] End    layer1: 1152 -> 5932 + -12598 = -6666 (6615)
[56.063762] 
[56.063767] 
[56.063776] Start  layer2: 30 SMs -> 7
[56.071838] End    layer2: 1400 -> 8055 + -13070 = -5015 (7608)
[56.071845] 
[56.071864] 
[56.071876] Start  layer3: 20 SMs -> 8
[56.082856] End    layer3: 1584 -> 10976 + -14845 = -3869 (9243)
[56.082864] 
[56.082883] 
[56.082895] Start  layer4: 20 SMs -> 6
[56.092257] End    layer4: 2394 -> 9359 + -9995 = -636 (14252)
[56.092263] 
[56.092268] 
[56.092278] Start  layerX: 20 SMs -> 5
[56.093776] End    layerX: 65 -> 1495 + -11141 = -9646 (372)
[56.093780] 
[56.093791] Delayed : 1161us
[56.093797] 
[56.093805] Start  layer0: 30 SMs -> 8
[56.097292] End    layer0: 319 -> 3482 + -2749 = 732 (1907)
[56.097298] 
[56.097301] 
[56.097310] Start  layer1: 30 SMs -> 7
[56.103839] End    layer1: 1152 -> 6525 + -2682 = 3843 (6615)
[56.103845] 
[56.103849] 
[56.103858] Start  layer2: 40 SMs -> 14
[56.123952] End    layer2: 1129 -> 20090 + -15186 = 4902 (7608)
[56.123958] 
[56.123966] 
[56.123975] Start  layer3: 40 SMs -> 15
[56.141541] End    layer3: 1372 -> 17561 + -23531 = -5970 (9243)
[56.141547] 
[56.141570] 
[56.141579] Start  layer4: 20 SMs -> 8
[56.152781] End    layer4: 2394 -> 11198 + -20519 = -9320 (14252)
[56.152787] 
[56.152793] 
[56.152801] Start  layerX: 10 SMs -> 10
[56.154538] End    layerX: 79 -> 1732 + -21902 = -20170 (372)
[56.154543] 
[56.154559] Delayed : 11929us
[56.154565] 
[56.154573] Start  layer0: 40 SMs -> 15
[56.156836] End    layer0: 283 -> 2258 + -12293 = -10035 (1907)
[56.156841] 
[56.156844] 
[56.156853] Start  layer1: 20 SMs -> 7
[56.163159] End    layer1: 1219 -> 6301 + -12001 = -5700 (6615)
[56.163164] 
[56.163183] 
[56.163193] Start  layer2: 10 SMs -> 6
[56.170586] End    layer2: 2148 -> 7388 + -11820 = -4432 (7608)
[56.170593] 
[56.170600] 
[56.170613] Start  layer3: 20 SMs -> 7
[56.176313] End    layer3: 1584 -> 5697 + -8303 = -2606 (9243)
[56.176319] 
[56.176330] 
[56.176342] Start  layer4: 20 SMs -> 6
[56.187311] End    layer4: 2394 -> 10966 + -5048 = 5917 (14252)
[56.187316] 
[56.187321] 
[56.187330] Start  layerX: 20 SMs -> 8
[56.188829] End    layerX: 65 -> 1495 + -6193 = -4699 (372)
[56.188834] 
[56.188846] Reserved: 3783us
[56.192698] 
[56.192715] Start  layer0: 40 SMs -> 10
[56.196787] End    layer0: 283 -> 4068 + -2242 = 1824 (1907)
[56.196794] 
[56.196798] 
[56.196810] Start  layer1: 20 SMs -> 6
[56.205046] End    layer1: 1219 -> 8230 + -3886 = 4343 (6615)
[56.205053] 
[56.205068] 
[56.205079] Start  layer2: 10 SMs -> 5
[56.211630] End    layer2: 2148 -> 6545 + -2862 = 3682 (7608)
[56.211637] 
[56.211643] 
[56.211652] Start  layer3: 10 SMs -> 4
[56.219351] End    layer3: 2368 -> 7693 + -1339 = 6353 (9243)
[56.219358] 
[56.219368] 
[56.219381] Start  layer4: 40 SMs -> 15
[56.237642] End    layer4: 2116 -> 18258 + -5379 = 12878 (14252)
[56.237647] 
[56.237653] 
[56.237662] Start  layerX: 20 SMs -> 9
[56.238208] End    layerX: 65 -> 542 + -5573 = -5031 (372)
[56.238213] 
[56.238226] Reserved: 4403us
[56.242698] 
[56.242716] Start  layer0: 10 SMs -> 7
[56.245833] End    layer0: 562 -> 3115 + -1290 = 1824 (1907)
[56.245838] 
[56.245842] 
[56.245850] Start  layer1: 40 SMs -> 18
[56.259597] End    layer1: 982 -> 13741 + -8437 = 5302 (6615)
[56.259604] 
[56.259615] 
[56.259627] Start  layer2: 10 SMs -> 5
[56.269293] End    layer2: 2148 -> 9663 + -10527 = -865 (7608)
[56.269322] 
[56.269328] 
[56.269337] Start  layer3: 20 SMs -> 7
[56.278859] End    layer3: 1584 -> 9518 + -10850 = -1332 (9243)
[56.278865] 
[56.278869] 
[56.278878] Start  layer4: 30 SMs -> 8
[56.288813] End    layer4: 2389 -> 9929 + -6548 = 3379 (14252)
[56.288819] 
[56.288826] 
[56.288837] Start  layerX: 30 SMs -> 4
[56.289468] End    layerX: 56 -> 626 + -6831 = -6205 (372)
[56.289475] 
[56.289488] Reserved: 3142us
[56.292694] 
[56.292708] Start  layer0: 20 SMs -> 5
[56.295117] End    layer0: 379 -> 2404 + -573 = 1830 (1907)
[56.295124] 
[56.295129] 
[56.295141] Start  layer1: 40 SMs -> 15
[56.310902] End    layer1: 982 -> 15756 + -9743 = 6012 (6615)
[56.310909] 
[56.310919] 
[56.310932] Start  layer2: 40 SMs -> 15
[56.327895] End    layer2: 1129 -> 16961 + -19130 = -2169 (7608)
[56.327901] 
[56.327905] 
[56.327915] Start  layer3: 30 SMs -> 7
[56.334503] End    layer3: 1584 -> 6584 + -16494 = -9909 (9243)
[56.334509] 
[56.334514] 
[56.334523] Start  layer4: 10 SMs -> 5
[56.341337] End    layer4: 3487 -> 6810 + -9075 = -2265 (14252)
[56.341343] 
[56.341347] 
[56.341355] Start  layerX: 40 SMs -> 16
[56.343166] End    layerX: 55 -> 1807 + -10531 = -8724 (372)
[56.343172] 
[56.343182] Delayed : 552us
[56.343188] 
[56.343197] Start  layer0: 40 SMs -> 15
[56.346477] End    layer0: 283 -> 3275 + -1934 = 1340 (1907)
[56.346482] 
[56.346486] 
[56.346497] Start  layer1: 40 SMs -> 12
[56.361187] End    layer1: 982 -> 14686 + -10029 = 4656 (6615)
[56.361193] 
[56.361199] 
[56.361208] Start  layer2: 40 SMs -> 17
[56.381203] End    layer2: 1129 -> 19991 + -22437 = -2447 (7608)
[56.381209] 
[56.381214] 
[56.381223] Start  layer3: 10 SMs -> 6
[56.389650] End    layer3: 2368 -> 8422 + -21640 = -13218 (9243)
[56.389656] 
[56.389671] 
[56.389679] Start  layer4: 10 SMs -> 3
[56.404228] End    layer4: 3487 -> 14544 + -21966 = -7421 (14252)
[56.404234] 
[56.404239] 
[56.404246] Start  layerX: 10 SMs -> 7
[56.405043] End    layerX: 79 -> 792 + -22408 = -21615 (372)
[56.405048] 
[56.405057] Delayed : 12427us
[56.405063] 
[56.405072] Start  layer0: 40 SMs -> 15
[56.409628] End    layer0: 283 -> 4552 + -15085 = -10534 (1907)
[56.409634] 
[56.409637] 
[56.409649] Start  layer1: 20 SMs -> 7
[56.415684] End    layer1: 1219 -> 6031 + -14526 = -8495 (6615)
[56.415689] 
[56.415726] 
[56.415734] Start  layer2: 40 SMs -> 15
[56.430347] End    layer2: 1129 -> 14607 + -21579 = -6973 (7608)
[56.430353] 
[56.430358] 
[56.430368] Start  layer3: 30 SMs -> 8
[56.439706] End    layer3: 1584 -> 9332 + -21695 = -12363 (9243)
[56.439714] 
[56.439720] 
[56.439732] Start  layer4: 20 SMs -> 9
[56.452351] End    layer4: 2394 -> 12615 + -20088 = -7473 (14252)
[56.452356] 
[56.452370] 
[56.452379] Start  layerX: 30 SMs -> 9
[56.452533] End    layerX: 56 -> 152 + -19899 = -19748 (372)
[56.452537] 
[56.452545] Delayed : 9915us
[56.452552] 
[56.452558] Start  layer0: 30 SMs -> 9
[56.454897] End    layer0: 319 -> 2334 + -10354 = -8020 (1907)
[56.454902] 
[56.454905] 
[56.454914] Start  layer1: 10 SMs -> 6
[56.461966] End    layer1: 1895 -> 7047 + -10808 = -3761 (6615)
[56.461972] 
[56.462010] 
[56.462023] Start  layer2: 40 SMs -> 17
[56.474058] End    layer2: 1129 -> 12031 + -15292 = -3261 (7608)
[56.474063] 
[56.474068] 
[56.474078] Start  layer3: 40 SMs -> 14
[56.491951] End    layer3: 1372 -> 17868 + -23941 = -6073 (9243)
[56.491958] 
[56.491964] 
[56.491974] Start  layer4: 20 SMs -> 8
[56.505733] End    layer4: 2394 -> 13760 + -23475 = -9715 (14252)
[56.505736] 
[56.505739] 
[56.505742] Start  layerX: 10 SMs -> 9
[56.506122] End    layerX: 79 -> 373 + -23486 = -23113 (372)
[56.506127] 
[56.506162] Delayed : 13531us
[56.506170] 
[56.506179] Start  layer0: 20 SMs -> 9
[56.508544] End    layer0: 379 -> 2361 + -14001 = -11641 (1907)
[56.508550] 
[56.508553] 
[56.508562] Start  layer1: 30 SMs -> 7
[56.514021] End    layer1: 1152 -> 5457 + -12865 = -7408 (6615)
[56.514025] 
[56.514030] 
[56.514036] Start  layer2: 30 SMs -> 5
[56.521664] End    layer2: 1400 -> 7622 + -12898 = -5276 (7608)
[56.521669] 
[56.521675] 
[56.521684] Start  layer3: 30 SMs -> 9
[56.528956] End    layer3: 1584 -> 7271 + -10950 = -3679 (9243)
[56.528959] 
[56.528962] 
[56.528967] Start  layer4: 30 SMs -> 8
[56.539781] End    layer4: 2389 -> 10811 + -7521 = 3289 (14252)
[56.539785] 
[56.539789] 
[56.539795] Start  layerX: 10 SMs -> 7
[56.540505] End    layerX: 79 -> 708 + -7873 = -7164 (372)
[56.540508] 
[56.540514] Reserved: 2114us
[56.542688] 
[56.542695] Start  layer0: 20 SMs -> 7
[56.544825] End    layer0: 379 -> 2128 + -286 = 1841 (1907)
[56.544828] 
[56.544829] 
[56.544834] Start  layer1: 20 SMs -> 9
[56.553211] End    layer1: 1219 -> 8375 + -2057 = 6317 (6615)
[56.553215] 
[56.553230] 
[56.553235] Start  layer2: 20 SMs -> 7
[56.559388] End    layer2: 1544 -> 6151 + -626 = 5524 (7608)
[56.559391] 
[56.559410] 
[56.559415] Start  layer3: 40 SMs -> 13
[56.571080] End    layer3: 1372 -> 11657 + -3068 = 8588 (9243)
[56.571087] 
[56.571095] 
[56.571105] Start  layer4: 20 SMs -> 8
[56.582374] End    layer4: 2394 -> 11265 + -111 = 11152 (14252)
[56.582380] 
[56.582385] 
[56.582394] Start  layerX: 20 SMs -> 7
[56.583791] End    layerX: 65 -> 1393 + -1156 = 237 (372)
[56.583797] 
[56.583805] Reserved: 8823us
[56.592693] 
[56.592708] Start  layer0: 40 SMs -> 9
[56.595998] End    layer0: 283 -> 3287 + -1455 = 1831 (1907)
[56.596004] 
[56.596007] 
[56.596016] Start  layer1: 20 SMs -> 4
[56.600672] End    layer1: 1219 -> 4652 + 485 = 5137 (6615)
[56.600678] 
[56.600684] 
[56.600694] Start  layer2: 20 SMs -> 5
[56.606896] End    layer2: 1544 -> 6197 + 1870 = 8066 (7608)
[56.606903] 
[56.606912] 
[56.606924] Start  layer3: 20 SMs -> 5
[56.611868] End    layer3: 1584 -> 4939 + 6142 = 11081 (9243)
[56.611875] 
[56.611882] 
[56.611894] Start  layer4: 20 SMs -> 6
[56.619310] End    layer4: 2394 -> 7412 + 12952 = 20364 (14252)
[56.619315] 
[56.619321] 
[56.619330] Start  layerX: 10 SMs -> 6
[56.619937] End    layerX: 79 -> 603 + 12697 = 13300 (372)
[56.619942] 
[56.619954] Reserved: 22675us
[56.642693] 
[56.642707] Start  layer0: 10 SMs -> 2
[56.643941] End    layer0: 562 -> 1230 + 602 = 1833 (1907)
[56.643948] 
[56.643953] 
[56.643964] Start  layer1: 10 SMs -> 3
[56.651499] End    layer1: 1895 -> 7530 + -340 = 7189 (6615)
[56.651506] 
[56.651513] 
[56.651522] Start  layer2: 10 SMs -> 6
[56.660040] End    layer2: 2148 -> 8512 + -1272 = 7238 (7608)
[56.660045] 
[56.660053] 
[56.660062] Start  layer3: 10 SMs -> 5
[56.668842] End    layer3: 2368 -> 8776 + -832 = 7943 (9243)
[56.668848] 
[56.668852] 
[56.668861] Start  layer4: 30 SMs -> 8
[56.677814] End    layer4: 2389 -> 8949 + 4448 = 13396 (14252)
[56.677820] 
[56.677849] 
[56.677858] Start  layerX: 10 SMs -> 4
[56.678519] End    layerX: 79 -> 657 + 4116 = 4773 (372)
[56.678524] 
[56.678533] Reserved: 14096us
[56.692696] 
[56.692710] Start  layer0: 30 SMs -> 1
[56.693228] End    layer0: 319 -> 515 + 1314 = 1829 (1907)
[56.693233] 
[56.693236] 
[56.693243] Start  layer1: 30 SMs -> 3
[56.696913] End    layer1: 1152 -> 3665 + 4244 = 7909 (6615)
[56.696918] 
[56.696959] 
[56.696969] Start  layer2: 30 SMs -> 7
[56.705418] End    layer2: 1400 -> 8445 + 3347 = 11792 (7608)
[56.705423] 
[56.705456] 
[56.705467] Start  layer3: 30 SMs -> 7
[56.712743] End    layer3: 1584 -> 7271 + 5268 = 12538 (9243)
[56.712750] 
[56.712758] 
[56.712769] Start  layer4: 30 SMs -> 7
[56.723910] End    layer4: 2389 -> 11136 + 8353 = 19489 (14252)
[56.723917] 
[56.723925] 
[56.723936] Start  layerX: 30 SMs -> 7
[56.725446] End    layerX: 56 -> 1506 + 7188 = 8694 (372)
[56.725451] 
[56.725461] Reserved: 17168us
