[35.038812] layer0:
[35.052754] 	10	341us, 573us
[35.063125] 	20	235us, 390us
[35.072366] 	30	203us, 323us
[35.081170] 	40	184us, 289us
[35.081182] Params: 0.62	0.36	0.41

[35.081187] layer1:
[35.118387] 	10	1109us, 1928us
[35.142890] 	20	791us, 1279us
[35.165220] 	30	689us, 1145us
[35.185965] 	40	681us, 993us
[35.185978] Params: 0.62	0.24	0.40

[35.185984] layer2:
[35.227818] 	10	1326us, 2106us
[35.257046] 	20	981us, 1558us
[35.284761] 	30	925us, 1431us
[35.308074] 	40	790us, 1137us
[35.308087] Params: 0.65	0.33	0.43

[35.308093] layer3:
[35.352708] 	10	1395us, 2249us
[35.382805] 	20	968us, 1637us
[35.412867] 	30	930us, 1668us
[35.439050] 	40	898us, 1335us
[35.439063] Params: 0.61	0.21	0.35

[35.439069] layer4:
[35.510343] 	10	2409us, 3637us
[35.554840] 	20	1576us, 2485us
[35.597788] 	30	1524us, 2349us
[35.637527] 	40	1421us, 2127us
[35.637540] Params: 0.65	0.27	0.30

[35.637546] layerX:
[35.642794] 	10	43us, 79us
[35.648135] 	20	40us, 68us
[35.653331] 	30	40us, 59us
[35.658624] 	40	39us, 53us
[35.658636] Params: 0.64	0.06	0.26

