[55.493341] 
[55.493362] Start  layer0: 20 SMs -> 4
[55.494441] End    layer0: 390 -> 1079 + 848 = 1927 (1947)
[55.494444] 
[55.494445] 
[55.494450] Start  layer1: 40 SMs -> 8
[55.506655] End    layer1: 992 -> 12202 + -4672 = 7529 (6693)
[55.506658] 
[55.506662] 
[55.506668] Start  layer2: 40 SMs -> 12
[55.515671] End    layer2: 1137 -> 9002 + -6023 = 2978 (7666)
[55.515674] 
[55.515677] 
[55.515682] Start  layer3: 40 SMs -> 13
[55.526858] End    layer3: 1334 -> 11174 + -8212 = 2962 (8997)
[55.526861] 
[55.526864] 
[55.526869] Start  layer4: 30 SMs -> 9
[55.541858] End    layer4: 2348 -> 14985 + -8873 = 6111 (14336)
[55.541862] 
[55.541868] 
[55.541874] Start  layerX: 30 SMs -> 4
[55.542332] End    layerX: 59 -> 451 + -8985 = -8534 (358)
[55.542339] 
[55.542349] Reserved: 991us
[55.543406] 
[55.543419] Start  layer0: 20 SMs -> 4
[55.545709] End    layer0: 390 -> 2287 + -416 = 1869 (1947)
[55.545715] 
[55.545718] 
[55.545735] Start  layer1: 40 SMs -> 17
[55.556215] End    layer1: 992 -> 10476 + -4229 = 6246 (6693)
[55.556221] 
[55.556228] 
[55.556238] Start  layer2: 20 SMs -> 7
[55.563859] End    layer2: 1557 -> 7615 + -4205 = 3409 (7666)
[55.563866] 
[55.563873] 
[55.563884] Start  layer3: 30 SMs -> 9
[55.573788] End    layer3: 1636 -> 9899 + -5136 = 4762 (8997)
[55.573795] 
[55.573804] 
[55.573815] Start  layer4: 40 SMs -> 14
[55.588621] End    layer4: 2126 -> 14800 + -5632 = 9167 (14336)
[55.588628] 
[55.588635] 
[55.588647] Start  layerX: 30 SMs -> 5
[55.589328] End    layerX: 59 -> 678 + -5983 = -5305 (358)
[55.589334] 
[55.589347] Reserved: 3993us
[55.593405] 
[55.593419] Start  layer0: 40 SMs -> 10
[55.596795] End    layer0: 288 -> 3373 + -1502 = 1871 (1947)
[55.596800] 
[55.596803] 
[55.596812] Start  layer1: 40 SMs -> 13
[55.607875] End    layer1: 992 -> 11058 + -5888 = 5169 (6693)
[55.607880] 
[55.607906] 
[55.607915] Start  layer2: 10 SMs -> 6
[55.617442] End    layer2: 2105 -> 9521 + -7788 = 1731 (7666)
[55.617448] 
[55.617461] 
[55.617472] Start  layer3: 20 SMs -> 7
[55.626965] End    layer3: 1636 -> 9489 + -8315 = 1173 (8997)
[55.626971] 
[55.626984] 
[55.626993] Start  layer4: 40 SMs -> 16
[55.640463] End    layer4: 2126 -> 13466 + -7476 = 5989 (14336)
[55.640469] 
[55.640475] 
[55.640484] Start  layerX: 20 SMs -> 1
[55.640626] End    layerX: 67 -> 138 + -7282 = -7144 (358)
[55.640631] 
[55.640639] Reserved: 2700us
[55.643406] 
[55.643420] Start  layer0: 40 SMs -> 9
[55.646268] End    layer0: 288 -> 2845 + -975 = 1869 (1947)
[55.646274] 
[55.646277] 
[55.646286] Start  layer1: 20 SMs -> 7
[55.654121] End    layer1: 1278 -> 7831 + -2135 = 5695 (6693)
[55.654127] 
[55.654131] 
[55.654139] Start  layer2: 40 SMs -> 14
[55.670988] End    layer2: 1137 -> 16844 + -11335 = 5507 (7666)
[55.670993] 
[55.671011] 
[55.671020] Start  layer3: 20 SMs -> 7
[55.682522] End    layer3: 1636 -> 11498 + -13872 = -2374 (8997)
[55.682528] 
[55.682534] 
[55.682543] Start  layer4: 20 SMs -> 7
[55.690003] End    layer4: 2485 -> 7455 + -7015 = 438 (14336)
[55.690009] 
[55.690032] 
[55.690044] Start  layerX: 40 SMs -> 10
[55.691405] End    layerX: 53 -> 1358 + -8061 = -6703 (358)
[55.691411] 
[55.691421] Reserved: 1918us
[55.693406] 
[55.693420] Start  layer0: 40 SMs -> 8
[55.696117] End    layer0: 288 -> 2694 + -824 = 1869 (1947)
[55.696123] 
[55.696127] 
[55.696138] Start  layer1: 40 SMs -> 11
[55.707346] End    layer1: 992 -> 11205 + -5360 = 5843 (6693)
[55.707352] 
[55.707363] 
[55.707372] Start  layer2: 20 SMs -> 7
[55.715891] End    layer2: 1557 -> 8514 + -6239 = 2275 (7666)
[55.715896] 
[55.715902] 
[55.715910] Start  layer3: 20 SMs -> 8
[55.725588] End    layer3: 1636 -> 9671 + -6936 = 2734 (8997)
[55.725595] 
[55.725603] 
[55.725613] Start  layer4: 20 SMs -> 7
[55.736051] End    layer4: 2485 -> 10433 + -3062 = 7369 (14336)
[55.736058] 
[55.736065] 
[55.736078] Start  layerX: 10 SMs -> 5
[55.736576] End    layerX: 79 -> 494 + -3230 = -2736 (358)
[55.736583] 
[55.736603] Reserved: 6737us
[55.743407] 
[55.743421] Start  layer0: 20 SMs -> 9
[55.745336] End    layer0: 390 -> 1911 + -41 = 1868 (1947)
[55.745342] 
[55.745347] 
[55.745358] Start  layer1: 20 SMs -> 11
[55.754437] End    layer1: 1278 -> 9074 + -2449 = 6623 (6693)
[55.754444] 
[55.754451] 
[55.754462] Start  layer2: 20 SMs -> 9
[55.764157] End    layer2: 1557 -> 9692 + -4505 = 5186 (7666)
[55.764162] 
[55.764168] 
[55.764177] Start  layer3: 30 SMs -> 10
[55.771620] End    layer3: 1636 -> 7439 + -2970 = 4468 (8997)
[55.771626] 
[55.771631] 
[55.771641] Start  layer4: 20 SMs -> 8
[55.780085] End    layer4: 2485 -> 8440 + 2901 = 11341 (14336)
[55.780091] 
[55.780104] 
[55.780113] Start  layerX: 10 SMs -> 6
[55.780566] End    layerX: 79 -> 449 + 2777 = 3227 (358)
[55.780571] 
[55.780579] Reserved: 12760us
[55.793408] 
[55.793422] Start  layer0: 20 SMs -> 4
[55.794370] End    layer0: 390 -> 945 + 922 = 1867 (1947)
[55.794375] 
[55.794378] 
[55.794388] Start  layer1: 40 SMs -> 7
[55.807105] End    layer1: 992 -> 12712 + -5118 = 7593 (6693)
[55.807110] 
[55.807116] 
[55.807126] Start  layer2: 10 SMs -> 4
[55.814193] End    layer2: 2105 -> 7061 + -4539 = 2521 (7666)
[55.814200] 
[55.814207] 
[55.814218] Start  layer3: 30 SMs -> 10
[55.824327] End    layer3: 1636 -> 10104 + -5676 = 4427 (8997)
[55.824332] 
[55.824337] 
[55.824346] Start  layer4: 10 SMs -> 6
[55.835626] End    layer4: 3637 -> 11274 + -2637 = 8636 (14336)
[55.835634] 
[55.835640] 
[55.835650] Start  layerX: 10 SMs -> 5
[55.837130] End    layerX: 79 -> 1476 + -3785 = -2309 (358)
[55.837135] 
[55.837143] Reserved: 6196us
[55.843407] 
[55.843421] Start  layer0: 30 SMs -> 2
[55.844061] End    layer0: 323 -> 637 + 1231 = 1868 (1947)
[55.844067] 
[55.844070] 
[55.844078] Start  layer1: 40 SMs -> 13
[55.861139] End    layer1: 992 -> 17056 + -9153 = 7903 (6693)
[55.861145] 
[55.861158] 
[55.861168] Start  layer2: 10 SMs -> 9
[55.876309] End    layer2: 2105 -> 15136 + -16656 = -1520 (7666)
[55.876314] 
[55.876319] 
[55.876328] Start  layer3: 30 SMs -> 10
[55.886732] End    layer3: 1636 -> 10397 + -18079 = -7682 (8997)
[55.886739] 
[55.886747] 
[55.886758] Start  layer4: 30 SMs -> 6
[55.893514] End    layer4: 2348 -> 6750 + -10524 = -3774 (14336)
[55.893520] 
[55.893528] 
[55.893540] Start  layerX: 30 SMs -> 6
[55.894106] End    layerX: 59 -> 562 + -10761 = -10199 (358)
[55.894111] 
[55.894120] Delayed : 780us
[55.894126] 
[55.894134] Start  layer0: 10 SMs -> 3
[55.898102] End    layer0: 573 -> 3962 + -2808 = 1153 (1947)
[55.898107] 
[55.898111] 
[55.898119] Start  layer1: 40 SMs -> 15
[55.915466] End    layer1: 992 -> 17343 + -13480 = 3862 (6693)
[55.915472] 
[55.915487] 
[55.915497] Start  layer2: 20 SMs -> 8
[55.923197] End    layer2: 1557 -> 7695 + -13544 = -5849 (7666)
[55.923202] 
[55.923208] 
[55.923216] Start  layer3: 20 SMs -> 9
[55.937873] End    layer3: 1636 -> 14652 + -19222 = -4570 (8997)
[55.937878] 
[55.937884] 
[55.937893] Start  layer4: 10 SMs -> 5
[55.946623] End    layer4: 3637 -> 8725 + -13634 = -4910 (14336)
[55.946631] 
[55.946658] 
[55.946671] Start  layerX: 40 SMs -> 16
[55.948866] End    layerX: 53 -> 2191 + -15520 = -13329 (358)
[55.948871] 
[55.948880] Delayed : 5540us
[55.948886] 
[55.948895] Start  layer0: 10 SMs -> 7
[55.950128] End    layer0: 573 -> 1229 + -4835 = -3606 (1947)
[55.950133] 
[55.950137] 
[55.950145] Start  layer1: 10 SMs -> 5
[55.958740] End    layer1: 1928 -> 8591 + -6754 = 1835 (6693)
[55.958746] 
[55.958769] 
[55.958777] Start  layer2: 40 SMs -> 17
[55.976801] End    layer2: 1137 -> 18019 + -17149 = 870 (7666)
[55.976806] 
[55.976811] 
[55.976820] Start  layer3: 20 SMs -> 5
[55.984654] End    layer3: 1636 -> 7827 + -16002 = -8175 (8997)
[55.984661] 
[55.984668] 
[55.984677] Start  layer4: 10 SMs -> 4
[55.994761] End    layer4: 3637 -> 10080 + -11774 = -1694 (14336)
[55.994766] 
[55.994772] 
[55.994780] Start  layerX: 10 SMs -> 4
[55.996169] End    layerX: 79 -> 1384 + -12824 = -11440 (358)
[55.996174] 
[55.996184] Delayed : 2844us
[55.996190] 
[55.996198] Start  layer0: 40 SMs -> 23
[56.001287] End    layer0: 288 -> 5083 + -5993 = -910 (1947)
[56.001296] 
[56.001300] 
[56.001309] Start  layer1: 40 SMs -> 14
[56.016303] End    layer1: 992 -> 14990 + -14317 = 672 (6693)
[56.016309] 
[56.016314] 
[56.016344] Start  layer2: 30 SMs -> 9
[56.028992] End    layer2: 1431 -> 12644 + -19340 = -6696 (7666)
[56.028998] 
[56.029005] 
[56.029014] Start  layer3: 40 SMs -> 18
[56.044517] End    layer3: 1334 -> 15499 + -25867 = -10368 (8997)
[56.044523] 
[56.044530] 
[56.044539] Start  layer4: 40 SMs -> 15
[56.063136] End    layer4: 2126 -> 18591 + -30147 = -11556 (14336)
[56.063143] 
[56.063163] 
[56.063173] Start  layerX: 10 SMs -> 7
[56.063698] End    layerX: 79 -> 520 + -30352 = -29832 (358)
[56.063704] 
[56.063713] Delayed : 20372us
[56.063720] 
[56.063730] Start  layer0: 10 SMs -> 6
[56.065674] End    layer0: 573 -> 1940 + -20381 = -18441 (1947)
[56.065679] 
[56.065682] 
[56.065691] Start  layer1: 40 SMs -> 14
[56.077588] End    layer1: 992 -> 11891 + -25600 = -13709 (6693)
[56.077596] 
[56.077603] 
[56.077616] Start  layer2: 10 SMs -> 5
[56.087155] End    layer2: 2105 -> 9536 + -27502 = -17967 (7666)
[56.087160] 
[56.087165] 
[56.087174] Start  layer3: 10 SMs -> 4
[56.098886] End    layer3: 2248 -> 11708 + -30236 = -18528 (8997)
[56.098892] 
[56.098899] 
[56.098908] Start  layer4: 30 SMs -> 8
[56.107014] End    layer4: 2348 -> 8101 + -24027 = -15926 (14336)
[56.107020] 
[56.107032] 
[56.107041] Start  layerX: 20 SMs -> 8
[56.107993] End    layerX: 67 -> 948 + -24648 = -23701 (358)
[56.107998] 
[56.108075] Delayed : 14735us
[56.108082] 
[56.108090] Start  layer0: 20 SMs -> 9
[56.110097] End    layer0: 390 -> 2000 + -14802 = -12802 (1947)
[56.110104] 
[56.110107] 
[56.110116] Start  layer1: 20 SMs -> 7
[56.116851] End    layer1: 1278 -> 6729 + -14863 = -8135 (6693)
[56.116857] 
[56.116869] 
[56.116880] Start  layer2: 40 SMs -> 16
[56.133100] End    layer2: 1137 -> 16218 + -23449 = -7231 (7666)
[56.133104] 
[56.133170] 
[56.133188] Start  layer3: 40 SMs -> 15
[56.150023] End    layer3: 1334 -> 16834 + -31373 = -14539 (8997)
[56.150029] 
[56.150034] 
[56.150043] Start  layer4: 20 SMs -> 8
[56.160281] End    layer4: 2485 -> 10233 + -27294 = -17061 (14336)
[56.160287] 
[56.160295] 
[56.160304] Start  layerX: 10 SMs -> 7
[56.161452] End    layerX: 79 -> 1144 + -28107 = -26963 (358)
[56.161458] 
[56.161470] Delayed : 18130us
[56.161476] 
[56.161486] Start  layer0: 10 SMs -> 6
[56.164020] End    layer0: 573 -> 2527 + -18724 = -16198 (1947)
[56.164027] 
[56.164032] 
[56.164043] Start  layer1: 40 SMs -> 17
[56.176272] End    layer1: 992 -> 12225 + -24286 = -12061 (6693)
[56.176277] 
[56.176284] 
[56.176292] Start  layer2: 10 SMs -> 6
[56.187930] End    layer2: 2105 -> 11631 + -28275 = -16645 (7666)
[56.187937] 
[56.187944] 
[56.187957] Start  layer3: 20 SMs -> 9
[56.196989] End    layer3: 1636 -> 9029 + -28339 = -19310 (8997)
[56.196995] 
[56.197001] 
[56.197010] Start  layer4: 30 SMs -> 9
[56.207267] End    layer4: 2348 -> 10253 + -24280 = -14027 (14336)
[56.207273] 
[56.207299] 
[56.207308] Start  layerX: 20 SMs -> 10
[56.208053] End    layerX: 67 -> 741 + -24708 = -23967 (358)
[56.208059] 
[56.208099] Delayed : 14758us
[56.208105] 
[56.208113] Start  layer0: 30 SMs -> 9
[56.209435] End    layer0: 323 -> 1316 + -14141 = -12825 (1947)
[56.209440] 
[56.209445] 
[56.209457] Start  layer1: 30 SMs -> 9
[56.218317] End    layer1: 1145 -> 8854 + -16329 = -7475 (6693)
[56.218324] 
[56.218334] 
[56.218345] Start  layer2: 30 SMs -> 8
[56.227017] End    layer2: 1431 -> 8666 + -17363 = -8697 (7666)
[56.227024] 
[56.227031] 
[56.227042] Start  layer3: 10 SMs -> 6
[56.236599] End    layer3: 2248 -> 9553 + -17949 = -8395 (8997)
[56.236604] 
[56.236611] 
[56.236619] Start  layer4: 40 SMs -> 13
[56.250816] End    layer4: 2126 -> 14193 + -17829 = -3637 (14336)
[56.250822] 
[56.250830] 
[56.250839] Start  layerX: 40 SMs -> 16
[56.252034] End    layerX: 53 -> 1190 + -18689 = -17499 (358)
[56.252040] 
[56.252049] Delayed : 8709us
[56.252055] 
[56.252063] Start  layer0: 10 SMs -> 6
[56.255109] End    layer0: 573 -> 3042 + -9816 = -6775 (1947)
[56.255115] 
[56.255118] 
[56.255129] Start  layer1: 30 SMs -> 8
[56.261289] End    layer1: 1145 -> 6156 + -9303 = -3147 (6693)
[56.261295] 
[56.261300] 
[56.261309] Start  layer2: 10 SMs -> 5
[56.271769] End    layer2: 2105 -> 10453 + -12114 = -1661 (7666)
[56.271795] 
[56.271804] 
[56.271825] Start  layer3: 20 SMs -> 8
[56.281661] End    layer3: 1636 -> 9828 + -13007 = -3179 (8997)
[56.281669] 
[56.281681] 
[56.281694] Start  layer4: 20 SMs -> 6
[56.289362] End    layer4: 2485 -> 7663 + -6373 = 1289 (14336)
[56.289369] 
[56.289385] 
[56.289397] Start  layerX: 10 SMs -> 5
[56.290280] End    layerX: 79 -> 878 + -6933 = -6055 (358)
[56.290287] 
[56.290309] Reserved: 3030us
[56.293404] 
[56.293418] Start  layer0: 30 SMs -> 4
[56.294481] End    layer0: 323 -> 1059 + 813 = 1871 (1947)
[56.294488] 
[56.294492] 
[56.294502] Start  layer1: 30 SMs -> 4
[56.301243] End    layer1: 1145 -> 6737 + 742 = 7479 (6693)
[56.301249] 
[56.301256] 
[56.301265] Start  layer2: 30 SMs -> 6
[56.306569] End    layer2: 1431 -> 5300 + 3082 = 8382 (7666)
[56.306575] 
[56.306579] 
[56.306588] Start  layer3: 20 SMs -> 6
[56.314065] End    layer3: 1636 -> 7472 + 4585 = 12057 (8997)
[56.314072] 
[56.314081] 
[56.314093] Start  layer4: 40 SMs -> 15
[56.330898] End    layer4: 2126 -> 16800 + 2090 = 18890 (14336)
[56.330905] 
[56.330915] 
[56.330927] Start  layerX: 10 SMs -> 4
[56.331397] End    layerX: 79 -> 468 + 1946 = 2414 (358)
[56.331401] 
[56.331410] Reserved: 11929us
[56.343400] 
[56.343412] Start  layer0: 40 SMs -> 16
[56.345140] End    layer0: 288 -> 1724 + 152 = 1876 (1947)
[56.345145] 
[56.345148] 
[56.345157] Start  layer1: 30 SMs -> 5
[56.350274] End    layer1: 1145 -> 5110 + 1714 = 6824 (6693)
[56.350281] 
[56.350290] 
[56.350301] Start  layer2: 40 SMs -> 14
[56.369036] End    layer2: 1137 -> 18730 + -9382 = 9346 (7666)
[56.369043] 
[56.369054] 
[56.369066] Start  layer3: 10 SMs -> 6
[56.379477] End    layer3: 2248 -> 10407 + -10827 = -419 (8997)
[56.379482] 
[56.379488] 
[56.379497] Start  layer4: 20 SMs -> 6
[56.387414] End    layer4: 2485 -> 7913 + -4427 = 3485 (14336)
[56.387420] 
[56.387428] 
[56.387437] Start  layerX: 10 SMs -> 6
[56.388140] End    layerX: 79 -> 700 + -4796 = -4096 (358)
[56.388144] 
[56.388160] Reserved: 5179us
[56.393400] 
[56.393409] Start  layer0: 10 SMs -> 8
[56.397227] End    layer0: 573 -> 3811 + -1932 = 1878 (1947)
[56.397234] 
[56.397238] 
[56.397250] Start  layer1: 10 SMs -> 11
[56.410073] End    layer1: 1928 -> 12819 + -8086 = 4731 (6693)
[56.410079] 
[56.410086] 
[56.410094] Start  layer2: 10 SMs -> 7
[56.419935] End    layer2: 2105 -> 9836 + -10283 = -447 (7666)
[56.419941] 
[56.419946] 
[56.419954] Start  layer3: 30 SMs -> 7
[56.427427] End    layer3: 1636 -> 7466 + -8775 = -1309 (8997)
[56.427434] 
[56.427445] 
[56.427457] Start  layer4: 30 SMs -> 8
[56.438426] End    layer4: 2348 -> 10964 + -5438 = 5525 (14336)
[56.438433] 
[56.438446] 
[56.438456] Start  layerX: 30 SMs -> 6
[56.439100] End    layerX: 59 -> 640 + -5756 = -5115 (358)
[56.439105] 
[56.439114] Reserved: 4226us
[56.443417] 
[56.443433] Start  layer0: 20 SMs -> 6
[56.445043] End    layer0: 390 -> 1605 + 252 = 1857 (1947)
[56.445051] 
[56.445056] 
[56.445068] Start  layer1: 20 SMs -> 9
[56.456520] End    layer1: 1278 -> 11449 + -4534 = 6914 (6693)
[56.456527] 
[56.456541] 
[56.456550] Start  layer2: 20 SMs -> 9
[56.463247] End    layer2: 1557 -> 6691 + -3593 = 3096 (7666)
[56.463255] 
[56.463262] 
[56.463273] Start  layer3: 30 SMs -> 8
[56.471753] End    layer3: 1636 -> 8474 + -3101 = 5372 (8997)
[56.471760] 
[56.471768] 
[56.471777] Start  layer4: 30 SMs -> 7
[56.481216] End    layer4: 2348 -> 9433 + 1771 = 11204 (14336)
[56.481221] 
[56.481226] 
[56.481234] Start  layerX: 10 SMs -> 7
[56.481977] End    layerX: 79 -> 738 + 1367 = 2105 (358)
[56.481982] 
[56.482013] Reserved: 11327us
[56.493399] 
[56.493410] Start  layer0: 20 SMs -> 9
[56.495717] End    layer0: 390 -> 2302 + -424 = 1878 (1947)
[56.495722] 
[56.495726] 
[56.495735] Start  layer1: 20 SMs -> 10
[56.506641] End    layer1: 1278 -> 10901 + -4654 = 6245 (6693)
[56.506646] 
[56.506652] 
[56.506662] Start  layer2: 40 SMs -> 13
[56.521215] End    layer2: 1137 -> 14552 + -11566 = 2985 (7666)
[56.521218] 
[56.521229] 
[56.521234] Start  layer3: 40 SMs -> 14
[56.537128] End    layer3: 1334 -> 15890 + -18480 = -2590 (8997)
[56.537145] 
[56.537149] 
[56.537154] Start  layer4: 20 SMs -> 9
[56.547733] End    layer4: 2485 -> 10577 + -14750 = -4173 (14336)
[56.547736] 
[56.547747] 
[56.547769] Start  layerX: 20 SMs -> 10
[56.548070] End    layerX: 67 -> 299 + -14729 = -14429 (358)
[56.548073] 
[56.548078] Delayed : 4738us
[56.548082] 
[56.548086] Start  layer0: 30 SMs -> 8
[56.550091] End    layer0: 323 -> 2002 + -4801 = -2799 (1947)
[56.550095] 
[56.550097] 
[56.550103] Start  layer1: 40 SMs -> 14
[56.558513] End    layer1: 992 -> 8405 + -6527 = 1876 (6693)
[56.558519] 
[56.558524] 
[56.558533] Start  layer2: 10 SMs -> 7
[56.566969] End    layer2: 2105 -> 8435 + -7320 = 1114 (7666)
[56.566972] 
[56.566975] 
[56.566980] Start  layer3: 10 SMs -> 5
[56.575994] End    layer3: 2248 -> 9008 + -7344 = 1663 (8997)
[56.575999] 
[56.576005] 
[56.576022] Start  layer4: 40 SMs -> 13
[56.593933] End    layer4: 2126 -> 17904 + -10943 = 6960 (14336)
[56.593940] 
[56.593948] 
[56.593961] Start  layerX: 40 SMs -> 9
[56.595013] End    layerX: 53 -> 1049 + -11668 = -10619 (358)
[56.595018] 
[56.595026] Delayed : 1686us
[56.595033] 
[56.595041] Start  layer0: 20 SMs -> 4
[56.595989] End    layer0: 390 -> 944 + -696 = 246 (1947)
[56.595994] 
[56.595998] 
[56.596005] Start  layer1: 40 SMs -> 12
[56.608816] End    layer1: 992 -> 12806 + -6829 = 5975 (6693)
[56.608821] 
[56.608826] 
[56.608835] Start  layer2: 20 SMs -> 6
[56.615433] End    layer2: 1557 -> 6592 + -5780 = 812 (7666)
[56.615438] 
[56.615444] 
[56.615452] Start  layer3: 40 SMs -> 12
[56.629713] End    layer3: 1334 -> 14256 + -11063 = 3192 (8997)
[56.629719] 
[56.629726] 
[56.629735] Start  layer4: 20 SMs -> 6
[56.637026] End    layer4: 2485 -> 7287 + -4039 = 3247 (14336)
[56.637032] 
[56.637039] 
[56.637047] Start  layerX: 40 SMs -> 9
[56.637713] End    layerX: 53 -> 660 + -4366 = -3706 (358)
[56.637719] 
[56.637729] Reserved: 5611us
[56.643405] 
[56.643419] Start  layer0: 10 SMs -> 3
[56.644480] End    layer0: 573 -> 1058 + 813 = 1871 (1947)
[56.644485] 
[56.644488] 
[56.644496] Start  layer1: 40 SMs -> 12
[56.656643] End    layer1: 992 -> 12142 + -4656 = 7484 (6693)
[56.656648] 
[56.656653] 
[56.656662] Start  layer2: 40 SMs -> 15
[56.674563] End    layer2: 1137 -> 17895 + -14909 = 2984 (7666)
[56.674570] 
[56.674581] 
[56.674593] Start  layer3: 20 SMs -> 6
[56.682998] End    layer3: 1636 -> 8401 + -14348 = -5947 (8997)
[56.683003] 
[56.683009] 
[56.683017] Start  layer4: 30 SMs -> 6
[56.687209] End    layer4: 2348 -> 4187 + -4222 = -35 (14336)
[56.687215] 
[56.687219] 
[56.687228] Start  layerX: 20 SMs -> 4
[56.687699] End    layerX: 67 -> 468 + -4356 = -3887 (358)
[56.687703] 
[56.687722] Reserved: 5618us
[56.693407] 
[56.693423] Start  layer0: 10 SMs -> 2
[56.695782] End    layer0: 573 -> 2356 + -487 = 1867 (1947)
[56.695789] 
[56.695794] 
[56.695805] Start  layer1: 10 SMs -> 9
[56.702300] End    layer1: 1928 -> 6491 + -314 = 6176 (6693)
[56.702306] 
[56.702311] 
[56.702321] Start  layer2: 10 SMs -> 5
[56.708566] End    layer2: 2105 -> 6240 + 1086 = 7326 (7666)
[56.708571] 
[56.708580] 
[56.708588] Start  layer3: 10 SMs -> 4
[56.714163] End    layer3: 2248 -> 5569 + 4487 = 10056 (8997)
[56.714169] 
[56.714177] 
[56.714187] Start  layer4: 30 SMs -> 7
[56.723945] End    layer4: 2348 -> 9753 + 9043 = 18795 (14336)
[56.723953] 
[56.723967] 
[56.723975] Start  layerX: 30 SMs -> 7
[56.725123] End    layerX: 59 -> 1143 + 8221 = 9364 (358)
[56.725128] 
[56.725139] Reserved: 18200us
[56.743404] 
[56.743418] Start  layer0: 30 SMs -> 3
[56.744390] End    layer0: 323 -> 967 + 904 = 1871 (1947)
[56.744396] 
[56.744401] 
[56.744413] Start  layer1: 30 SMs -> 6
[56.751154] End    layer1: 1145 -> 6737 + 832 = 7569 (6693)
[56.751160] 
[56.751166] 
[56.751175] Start  layer2: 20 SMs -> 7
[56.758991] End    layer2: 1557 -> 7810 + 663 = 8472 (7666)
[56.758998] 
[56.759006] 
[56.759018] Start  layer3: 20 SMs -> 7
[56.767261] End    layer3: 1636 -> 8239 + 1389 = 9627 (8997)
[56.767266] 
[56.767272] 
[56.767281] Start  layer4: 20 SMs -> 7
[56.777531] End    layer4: 2485 -> 10246 + 5455 = 15701 (14336)
[56.777572] 
[56.777586] 
[56.777595] Start  layerX: 10 SMs -> 5
[56.778814] End    layerX: 79 -> 1213 + 4532 = 5745 (358)
[56.778820] 
[56.778836] Reserved: 14504us
[56.793408] 
[56.793421] Start  layer0: 30 SMs -> 3
[56.794131] End    layer0: 323 -> 707 + 1161 = 1868 (1947)
[56.794136] 
[56.794139] 
[56.794148] Start  layer1: 30 SMs -> 4
[56.798821] End    layer1: 1145 -> 4669 + 3164 = 7833 (6693)
[56.798827] 
[56.798833] 
[56.798841] Start  layer2: 40 SMs -> 10
[56.807633] End    layer2: 1137 -> 8788 + 2018 = 10805 (7666)
[56.807639] 
[56.807659] 
[56.807667] Start  layer3: 20 SMs -> 7
[56.815127] End    layer3: 1636 -> 7456 + 3522 = 10977 (8997)
[56.815133] 
[56.815144] 
[56.815153] Start  layer4: 40 SMs -> 11
[56.827581] End    layer4: 2126 -> 12422 + 5407 = 17828 (14336)
[56.827588] 
[56.827599] 
[56.827611] Start  layerX: 30 SMs -> 6
[56.828385] End    layerX: 59 -> 770 + 4959 = 5730 (358)
[56.828390] 
[56.828400] Reserved: 14940us
[56.843406] 
[56.843419] Start  layer0: 40 SMs -> 3
[56.843930] End    layer0: 288 -> 508 + 1361 = 1870 (1947)
[56.843935] 
[56.843938] 
[56.843946] Start  layer1: 40 SMs -> 3
[56.848542] End    layer1: 992 -> 4589 + 3445 = 8034 (6693)
[56.848549] 
[56.848555] 
[56.848566] Start  layer2: 30 SMs -> 8
[56.855057] End    layer2: 1431 -> 6488 + 4594 = 11082 (7666)
[56.855062] 
[56.855070] 
[56.855079] Start  layer3: 30 SMs -> 7
[56.860931] End    layer3: 1636 -> 5846 + 7720 = 13566 (8997)
[56.860938] 
[56.860945] 
[56.860957] Start  layer4: 30 SMs -> 6
[56.869596] End    layer4: 2348 -> 8634 + 13393 = 22026 (14336)
[56.869603] 
[56.869623] 
[56.869634] Start  layerX: 10 SMs -> 4
[56.870469] End    layerX: 79 -> 831 + 12875 = 13706 (358)
[56.870474] 
[56.870482] Reserved: 22857us
[56.893406] 
[56.893420] Start  layer0: 30 SMs -> 2
[56.893890] End    layer0: 323 -> 467 + 1402 = 1869 (1947)
[56.893895] 
[56.893898] 
[56.893905] Start  layer1: 20 SMs -> 2
[56.898911] End    layer1: 1278 -> 5000 + 3076 = 8075 (6693)
[56.898918] 
[56.898925] 
[56.898936] Start  layer2: 20 SMs -> 6
[56.905471] End    layer2: 1557 -> 6529 + 4183 = 10711 (7666)
[56.905478] 
[56.905495] 
[56.905506] Start  layer3: 10 SMs -> 4
[56.911528] End    layer3: 2248 -> 6019 + 7121 = 13140 (8997)
[56.911534] 
[56.911540] 
[56.911548] Start  layer4: 30 SMs -> 6
[56.918220] End    layer4: 2348 -> 6667 + 14766 = 21433 (14336)
[56.918226] 
[56.918233] 
[56.918241] Start  layerX: 30 SMs -> 4
[56.918885] End    layerX: 59 -> 641 + 14458 = 15098 (358)
[56.918889] 
[56.918905] Reserved: 24434us
[56.943401] 
[56.943409] Start  layer0: 40 SMs -> 2
[56.943965] End    layer0: 288 -> 551 + 1327 = 1878 (1947)
[56.943970] 
[56.943973] 
[56.943981] Start  layer1: 40 SMs -> 3
[56.948269] End    layer1: 992 -> 4282 + 3718 = 8000 (6693)
[56.948276] 
[56.948295] 
[56.948304] Start  layer2: 20 SMs -> 7
[56.954761] End    layer2: 1557 -> 6450 + 4892 = 11343 (7666)
[56.954767] 
[56.954778] 
[56.954789] Start  layer3: 20 SMs -> 5
[56.961459] End    layer3: 1636 -> 6667 + 7190 = 13857 (8997)
[56.961466] 
[56.961476] 
[56.961486] Start  layer4: 20 SMs -> 6
[56.969530] End    layer4: 2485 -> 8039 + 13458 = 21496 (14336)
[56.969536] 
[56.969543] 
[56.969553] Start  layerX: 20 SMs -> 4
[56.970433] End    layerX: 67 -> 876 + 12911 = 13787 (358)
[56.970438] 
[56.970447] Reserved: 22893us
[56.993406] 
[56.993419] Start  layer0: 40 SMs -> 2
[56.993847] End    layer0: 288 -> 425 + 1445 = 1870 (1947)
[56.993851] 
[56.993855] 
[56.993862] Start  layer1: 40 SMs -> 2
[56.997555] End    layer1: 992 -> 3687 + 4432 = 8118 (6693)
[56.997562] 
[56.997569] 
[56.997580] Start  layer2: 30 SMs -> 7
[57.003031] End    layer2: 1431 -> 5447 + 6621 = 12068 (7666)
[57.003037] 
[57.003042] 
[57.003051] Start  layer3: 30 SMs -> 6
[57.009914] End    layer3: 1636 -> 6859 + 8735 = 15594 (8997)
[57.009919] 
[57.009924] 
[57.009932] Start  layer4: 30 SMs -> 7
[57.020718] End    layer4: 2348 -> 10781 + 12268 = 23049 (14336)
[57.020725] 
[57.020732] 
[57.020744] Start  layerX: 10 SMs -> 4
[57.021339] End    layerX: 79 -> 591 + 12006 = 12597 (358)
[57.021346] 
[57.021357] Reserved: 21983us
