[45.413494] layer0:
[45.427203] 	10	343us, 571us
[45.437575] 	20	236us, 381us
[45.446941] 	30	204us, 338us
[45.455900] 	40	186us, 296us
[45.455912] Params: 0.61	0.35	0.39

[45.455917] layer1:
[45.493214] 	10	1119us, 1948us
[45.518696] 	20	795us, 1335us
[45.541900] 	30	693us, 1212us
[45.562687] 	40	684us, 1000us
[45.562700] Params: 0.61	0.25	0.43

[45.562705] layer2:
[45.605482] 	10	1330us, 2187us
[45.634675] 	20	987us, 1518us
[45.661699] 	30	928us, 1390us
[45.685373] 	40	794us, 1159us
[45.685386] Params: 0.65	0.33	0.41

[45.685391] layer3:
[45.731348] 	10	1403us, 2375us
[45.762696] 	20	969us, 1733us
[45.793826] 	30	933us, 1774us
[45.820788] 	40	895us, 1399us
[45.820802] Params: 0.58	0.22	0.36

[45.820808] layer4:
[45.891741] 	10	2392us, 3607us
[45.936946] 	20	1575us, 2531us
[45.979682] 	30	1523us, 2334us
[46.019517] 	40	1422us, 2156us
[46.019531] Params: 0.65	0.27	0.28

[46.019537] layerX:
[46.024817] 	10	44us, 91us
[46.030187] 	20	41us, 74us
[46.035438] 	30	39us, 62us
[46.040533] 	40	40us, 53us
[46.040545] Params: 0.60	0.05	0.37

