[55.494165] 
[55.494178] Start  layer0: 30 SMs -> 7
[55.495477] End    layer0: 337 -> 1298 + 640 = 1938 (1951)
[55.495480] 
[55.495482] 
[55.495486] Start  layer1: 40 SMs -> 9
[55.509763] End    layer1: 1000 -> 14274 + -7045 = 7228 (6599)
[55.509767] 
[55.509771] 
[55.509776] Start  layer2: 30 SMs -> 10
[55.517344] End    layer2: 1390 -> 7566 + -6980 = 585 (7647)
[55.517347] 
[55.517355] 
[55.517360] Start  layer3: 30 SMs -> 9
[55.531568] End    layer3: 1732 -> 14206 + -11975 = 2230 (9228)
[55.531571] 
[55.531576] 
[55.531581] Start  layer4: 40 SMs -> 12
[55.550274] End    layer4: 2155 -> 18687 + -16455 = 2231 (14222)
[55.550279] 
[55.550284] 
[55.550293] Start  layerX: 10 SMs -> 9
[55.551289] End    layerX: 90 -> 992 + -17121 = -16128 (351)
[55.551295] 
[55.551304] Delayed : 7139us
[55.551310] 
[55.551318] Start  layer0: 30 SMs -> 7
[55.552575] End    layer0: 337 -> 1253 + -6454 = -5201 (1951)
[55.552581] 
[55.552584] 
[55.552592] Start  layer1: 30 SMs -> 8
[55.558466] End    layer1: 1211 -> 5869 + -5745 = 123 (6599)
[55.558471] 
[55.558476] 
[55.558485] Start  layer2: 30 SMs -> 7
[55.568320] End    layer2: 1390 -> 9829 + -7951 = 1877 (7647)
[55.568327] 
[55.568334] 
[55.568345] Start  layer3: 40 SMs -> 13
[55.584350] End    layer3: 1398 -> 16002 + -14754 = 1247 (9228)
[55.584356] 
[55.584368] 
[55.584377] Start  layer4: 10 SMs -> 4
[55.591276] End    layer4: 3607 -> 6894 + -7458 = -563 (14222)
[55.591281] 
[55.591287] 
[55.591295] Start  layerX: 30 SMs -> 3
[55.591486] End    layerX: 62 -> 188 + -7319 = -7130 (351)
[55.591490] 
[55.591499] Reserved: 2665us
[55.594231] 
[55.594245] Start  layer0: 20 SMs -> 4
[55.595595] End    layer0: 380 -> 1347 + 525 = 1872 (1951)
[55.595601] 
[55.595604] 
[55.595613] Start  layer1: 20 SMs -> 7
[55.603567] End    layer1: 1334 -> 7950 + -846 = 7102 (6599)
[55.603573] 
[55.603578] 
[55.603587] Start  layer2: 20 SMs -> 8
[55.610342] End    layer2: 1518 -> 6751 + 24 = 6775 (7647)
[55.610348] 
[55.610353] 
[55.610362] Start  layer3: 20 SMs -> 7
[55.618629] End    layer3: 1732 -> 8264 + 965 = 9229 (9228)
[55.618633] 
[55.618638] 
[55.618645] Start  layer4: 20 SMs -> 7
[55.629521] End    layer4: 2531 -> 10869 + 4299 = 15168 (14222)
[55.629528] 
[55.629535] 
[55.629545] Start  layerX: 20 SMs -> 4
[55.630010] End    layerX: 74 -> 463 + 4157 = 4620 (351)
[55.630015] 
[55.630027] Reserved: 14137us
[55.644229] 
[55.644244] Start  layer0: 30 SMs -> 10
[55.646098] End    layer0: 337 -> 1851 + 23 = 1873 (1951)
[55.646103] 
[55.646106] 
[55.646115] Start  layer1: 10 SMs -> 7
[55.653326] End    layer1: 1948 -> 7207 + -606 = 6600 (6599)
[55.653332] 
[55.653337] 
[55.653346] Start  layer2: 10 SMs -> 6
[55.660326] End    layer2: 2187 -> 6976 + 39 = 7016 (7647)
[55.660331] 
[55.660355] 
[55.660363] Start  layer3: 10 SMs -> 4
[55.667413] End    layer3: 2375 -> 7044 + 2183 = 9227 (9228)
[55.667419] 
[55.667435] 
[55.667443] Start  layer4: 20 SMs -> 6
[55.677901] End    layer4: 2531 -> 10452 + 5918 = 16370 (14222)
[55.677909] 
[55.677916] 
[55.677928] Start  layerX: 20 SMs -> 7
[55.679073] End    layerX: 74 -> 1140 + 5097 = 6237 (351)
[55.679079] 
[55.679096] Reserved: 15068us
[55.694227] 
[55.694238] Start  layer0: 10 SMs -> 8
[55.698533] End    layer0: 570 -> 4292 + -2412 = 1879 (1951)
[55.698539] 
[55.698543] 
[55.698551] Start  layer1: 20 SMs -> 9
[55.705452] End    layer1: 1334 -> 6897 + -2732 = 4164 (6599)
[55.705458] 
[55.705465] 
[55.705475] Start  layer2: 10 SMs -> 3
[55.713080] End    layer2: 2187 -> 7600 + -2711 = 4887 (7647)
[55.713088] 
[55.713096] 
[55.713107] Start  layer3: 10 SMs -> 5
[55.722209] End    layer3: 2375 -> 9096 + -2610 = 6484 (9228)
[55.722216] 
[55.722225] 
[55.722236] Start  layer4: 20 SMs -> 7
[55.734054] End    layer4: 2531 -> 11814 + -235 = 11578 (14222)
[55.734059] 
[55.734065] 
[55.734073] Start  layerX: 40 SMs -> 13
[55.736052] End    layerX: 53 -> 1974 + -1883 = 91 (351)
[55.736058] 
[55.736083] Reserved: 8080us
[55.744229] 
[55.744242] Start  layer0: 40 SMs -> 9
[55.750512] End    layer0: 295 -> 6265 + -4389 = 1875 (1951)
[55.750519] 
[55.750523] 
[55.750535] Start  layer1: 40 SMs -> 13
[55.764192] End    layer1: 1000 -> 13653 + -11471 = 2181 (6599)
[55.764199] 
[55.764258] 
[55.764268] Start  layer2: 20 SMs -> 9
[55.775034] End    layer2: 1518 -> 10762 + -14666 = -3905 (7647)
[55.775039] 
[55.775045] 
[55.775054] Start  layer3: 20 SMs -> 7
[55.782719] End    layer3: 1732 -> 7661 + -13123 = -5462 (9228)
[55.782725] 
[55.782730] 
[55.782738] Start  layer4: 20 SMs -> 5
[55.789923] End    layer4: 2531 -> 7180 + -6105 = 1075 (14222)
[55.789929] 
[55.789935] 
[55.789943] Start  layerX: 20 SMs -> 4
[55.790744] End    layerX: 74 -> 797 + -6576 = -5778 (351)
[55.790748] 
[55.790757] Reserved: 3407us
[55.794232] 
[55.794247] Start  layer0: 30 SMs -> 10
[55.796309] End    layer0: 337 -> 2060 + -188 = 1871 (1951)
[55.796315] 
[55.796318] 
[55.796326] Start  layer1: 30 SMs -> 5
[55.805453] End    layer1: 1211 -> 9121 + -2732 = 6388 (6599)
[55.805458] 
[55.805464] 
[55.805473] Start  layer2: 20 SMs -> 8
[55.813298] End    layer2: 1518 -> 7820 + -2930 = 4889 (7647)
[55.813304] 
[55.813308] 
[55.813316] Start  layer3: 30 SMs -> 10
[55.821388] End    layer3: 1732 -> 8067 + -1792 = 6274 (9228)
[55.821394] 
[55.821400] 
[55.821407] Start  layer4: 40 SMs -> 17
[55.839020] End    layer4: 2155 -> 17608 + -5201 = 12405 (14222)
[55.839025] 
[55.839039] 
[55.839047] Start  layerX: 10 SMs -> 6
[55.840337] End    layerX: 90 -> 1285 + -6168 = -4882 (351)
[55.840342] 
[55.840351] Reserved: 3813us
[55.844223] 
[55.844236] Start  layer0: 10 SMs -> 6
[55.848183] End    layer0: 570 -> 3943 + -2061 = 1881 (1951)
[55.848188] 
[55.848191] 
[55.848200] Start  layer1: 10 SMs -> 8
[55.860501] End    layer1: 1948 -> 12294 + -7778 = 4514 (6599)
[55.860508] 
[55.860515] 
[55.860524] Start  layer2: 40 SMs -> 18
[55.874605] End    layer2: 1158 -> 14076 + -14237 = -161 (7647)
[55.874612] 
[55.874620] 
[55.874630] Start  layer3: 30 SMs -> 8
[55.886323] End    layer3: 1732 -> 11690 + -16726 = -5037 (9228)
[55.886329] 
[55.886342] 
[55.886350] Start  layer4: 20 SMs -> 10
[55.898519] End    layer4: 2531 -> 12163 + -14699 = -2536 (14222)
[55.898526] 
[55.898535] 
[55.898547] Start  layerX: 10 SMs -> 6
[55.899702] End    layerX: 90 -> 1152 + -15533 = -14381 (351)
[55.899708] 
[55.899718] Delayed : 5552us
[55.899725] 
[55.899733] Start  layer0: 20 SMs -> 7
[55.900843] End    layer0: 380 -> 1104 + -4720 = -3616 (1951)
[55.900849] 
[55.900854] 
[55.900865] Start  layer1: 30 SMs -> 10
[55.910318] End    layer1: 1211 -> 9450 + -7598 = 1851 (6599)
[55.910324] 
[55.910338] 
[55.910347] Start  layer2: 20 SMs -> 7
[55.917911] End    layer2: 1518 -> 7559 + -7544 = 15 (7647)
[55.917917] 
[55.917924] 
[55.917933] Start  layer3: 20 SMs -> 7
[55.926770] End    layer3: 1732 -> 8833 + -7173 = 1658 (9228)
[55.926776] 
[55.926789] 
[55.926798] Start  layer4: 10 SMs -> 5
[55.937207] End    layer4: 3607 -> 10405 + -3389 = 7015 (14222)
[55.937213] 
[55.937229] 
[55.937238] Start  layerX: 10 SMs -> 3
[55.938195] End    layerX: 90 -> 953 + -4026 = -3073 (351)
[55.938201] 
[55.938218] Reserved: 5946us
[55.944228] 
[55.944241] Start  layer0: 10 SMs -> 4
[55.946046] End    layer0: 570 -> 1802 + 74 = 1876 (1951)
[55.946052] 
[55.946055] 
[55.946063] Start  layer1: 10 SMs -> 5
[55.954851] End    layer1: 1948 -> 8781 + -2129 = 6652 (6599)
[55.954857] 
[55.954866] 
[55.954878] Start  layer2: 10 SMs -> 5
[55.961983] End    layer2: 2187 -> 7102 + -1615 = 5485 (7647)
[55.961989] 
[55.961994] 
[55.962002] Start  layer3: 10 SMs -> 4
[55.969943] End    layer3: 2375 -> 7936 + -345 = 7589 (9228)
[55.969950] 
[55.969962] 
[55.969981] Start  layer4: 40 SMs -> 18
[55.985119] End    layer4: 2155 -> 15134 + -1301 = 13832 (14222)
[55.985125] 
[55.985131] 
[55.985140] Start  layerX: 40 SMs -> 14
[55.986651] End    layerX: 53 -> 1507 + -2482 = -975 (351)
[55.986656] 
[55.986664] Reserved: 7499us
[55.994230] 
[55.994244] Start  layer0: 30 SMs -> 4
[55.995142] End    layer0: 337 -> 895 + 978 = 1874 (1951)
[55.995147] 
[55.995150] 
[55.995158] Start  layer1: 10 SMs -> 5
[56.001809] End    layer1: 1948 -> 6644 + 913 = 7556 (6599)
[56.001817] 
[56.001825] 
[56.001839] Start  layer2: 20 SMs -> 8
[56.010575] End    layer2: 1518 -> 8733 + -208 = 8524 (7647)
[56.010581] 
[56.010585] 
[56.010597] Start  layer3: 20 SMs -> 7
[56.017713] End    layer3: 1732 -> 7110 + 1885 = 8995 (9228)
[56.017720] 
[56.017729] 
[56.017740] Start  layer4: 20 SMs -> 8
[56.028887] End    layer4: 2531 -> 11143 + 4932 = 16074 (14222)
[56.028894] 
[56.028906] 
[56.028918] Start  layerX: 40 SMs -> 17
[56.030977] End    layerX: 53 -> 2055 + 3192 = 5247 (351)
[56.030982] 
[56.030991] Reserved: 13172us
[56.044226] 
[56.044238] Start  layer0: 10 SMs -> 5
[56.047427] End    layer0: 570 -> 3184 + -1304 = 1879 (1951)
[56.047434] 
[56.047439] 
[56.047450] Start  layer1: 20 SMs -> 6
[56.056177] End    layer1: 1334 -> 8724 + -3457 = 5266 (6599)
[56.056183] 
[56.056187] 
[56.056196] Start  layer2: 30 SMs -> 8
[56.062804] End    layer2: 1390 -> 6602 + -2435 = 4166 (7647)
[56.062811] 
[56.062819] 
[56.062832] Start  layer3: 30 SMs -> 7
[56.069777] End    layer3: 1732 -> 6940 + -179 = 6760 (9228)
[56.069784] 
[56.069790] 
[56.069802] Start  layer4: 30 SMs -> 7
[56.080608] End    layer4: 2333 -> 10803 + 3209 = 14012 (14222)
[56.080614] 
[56.080643] 
[56.080652] Start  layerX: 10 SMs -> 7
[56.081133] End    layerX: 90 -> 477 + 3034 = 3512 (351)
[56.081139] 
[56.081151] Reserved: 13013us
[56.094231] 
[56.094245] Start  layer0: 10 SMs -> 7
[56.099207] End    layer0: 570 -> 4957 + -3083 = 1873 (1951)
[56.099214] 
[56.099218] 
[56.099229] Start  layer1: 10 SMs -> 10
[56.111838] End    layer1: 1948 -> 12605 + -9118 = 3486 (6599)
[56.111844] 
[56.111851] 
[56.111860] Start  layer2: 20 SMs -> 9
[56.120238] End    layer2: 1518 -> 8374 + -9870 = -1497 (7647)
[56.120244] 
[56.120264] 
[56.120274] Start  layer3: 40 SMs -> 18
[56.139988] End    layer3: 1398 -> 19709 + -20391 = -682 (9228)
[56.139993] 
[56.139999] 
[56.140008] Start  layer4: 20 SMs -> 7
[56.151288] End    layer4: 2531 -> 11276 + -17470 = -6194 (14222)
[56.151295] 
[56.151304] 
[56.151313] Start  layerX: 10 SMs -> 9
[56.153583] End    layerX: 90 -> 2264 + -19412 = -17148 (351)
[56.153590] 
[56.153611] Delayed : 9446us
[56.153619] 
[56.153630] Start  layer0: 10 SMs -> 10
[56.156174] End    layer0: 570 -> 2539 + -10052 = -7512 (1951)
[56.156179] 
[56.156183] 
[56.156191] Start  layer1: 30 SMs -> 7
[56.161106] End    layer1: 1211 -> 4910 + -8385 = -3475 (6599)
[56.161112] 
[56.161116] 
[56.161126] Start  layer2: 30 SMs -> 6
[56.168662] End    layer2: 1390 -> 7531 + -8294 = -763 (7647)
[56.168667] 
[56.168673] 
[56.168681] Start  layer3: 30 SMs -> 8
[56.178279] End    layer3: 1732 -> 9593 + -8682 = 910 (9228)
[56.178284] 
[56.178291] 
[56.178300] Start  layer4: 30 SMs -> 8
[56.188432] End    layer4: 2333 -> 10127 + -4614 = 5513 (14222)
[56.188438] 
[56.188443] 
[56.188451] Start  layerX: 30 SMs -> 7
[56.190106] End    layerX: 62 -> 1651 + -5937 = -4287 (351)
[56.190112] 
[56.190121] Reserved: 4043us
[56.194231] 
[56.194245] Start  layer0: 10 SMs -> 4
[56.195642] End    layer0: 570 -> 1392 + 480 = 1872 (1951)
[56.195649] 
[56.195653] 
[56.195664] Start  layer1: 20 SMs -> 5
[56.203186] End    layer1: 1334 -> 7518 + -465 = 7052 (6599)
[56.203191] 
[56.203197] 
[56.203206] Start  layer2: 40 SMs -> 13
[56.217580] End    layer2: 1158 -> 14369 + -7213 = 7156 (7647)
[56.217586] 
[56.217590] 
[56.217600] Start  layer3: 30 SMs -> 10
[56.225310] End    layer3: 1732 -> 7704 + -5711 = 1991 (9228)
[56.225317] 
[56.225338] 
[56.225350] Start  layer4: 40 SMs -> 16
[56.244977] End    layer4: 2155 -> 19625 + -11159 = 8464 (14222)
[56.244983] 
[56.244990] 
[56.244998] Start  layerX: 40 SMs -> 16
[56.247529] End    layerX: 53 -> 2526 + -13359 = -10833 (351)
[56.247534] 
[56.247557] Delayed : 3392us
[56.247563] 
[56.247571] Start  layer0: 40 SMs -> 18
[56.250847] End    layer0: 295 -> 3271 + -4726 = -1455 (1951)
[56.250852] 
[56.250856] 
[56.250864] Start  layer1: 40 SMs -> 16
[56.266955] End    layer1: 1000 -> 16087 + -14235 = 1851 (6599)
[56.266961] 
[56.266967] 
[56.266976] Start  layer2: 40 SMs -> 16
[56.283534] End    layer2: 1158 -> 16554 + -23167 = -6613 (7647)
[56.283540] 
[56.283547] 
[56.283556] Start  layer3: 40 SMs -> 14
[56.301230] End    layer3: 1398 -> 17669 + -31633 = -13964 (9228)
[56.301235] 
[56.301267] 
[56.301279] Start  layer4: 20 SMs -> 7
[56.309108] End    layer4: 2531 -> 7825 + -25289 = -17464 (14222)
[56.309113] 
[56.309119] 
[56.309127] Start  layerX: 10 SMs -> 7
[56.310397] End    layerX: 90 -> 1264 + -26226 = -24962 (351)
[56.310404] 
[56.310426] Delayed : 16261us
[56.310434] 
[56.310445] Start  layer0: 20 SMs -> 8
[56.312347] End    layer0: 380 -> 1899 + -16226 = -14327 (1951)
[56.312353] 
[56.312356] 
[56.312365] Start  layer1: 20 SMs -> 9
[56.321759] End    layer1: 1334 -> 9390 + -19039 = -9649 (6599)
[56.321765] 
[56.321770] 
[56.321779] Start  layer2: 20 SMs -> 8
[56.334117] End    layer2: 1518 -> 12332 + -23749 = -11416 (7647)
[56.334124] 
[56.334131] 
[56.334141] Start  layer3: 40 SMs -> 13
[56.350401] End    layer3: 1398 -> 16256 + -30804 = -14549 (9228)
[56.350406] 
[56.350411] 
[56.350420] Start  layer4: 30 SMs -> 8
[56.358860] End    layer4: 2333 -> 8435 + -25041 = -16606 (14222)
[56.358865] 
[56.358894] 
[56.358903] Start  layerX: 20 SMs -> 6
[56.359550] End    layerX: 74 -> 643 + -25381 = -24738 (351)
[56.359555] 
[56.359564] Delayed : 15399us
[56.359570] 
[56.359578] Start  layer0: 40 SMs -> 14
[56.362590] End    layer0: 295 -> 3008 + -16469 = -13461 (1951)
[56.362596] 
[56.362599] 
[56.362608] Start  layer1: 20 SMs -> 6
[56.370388] End    layer1: 1334 -> 7775 + -17667 = -9892 (6599)
[56.370393] 
[56.370398] 
[56.370406] Start  layer2: 20 SMs -> 7
[56.377920] End    layer2: 1518 -> 7507 + -17550 = -10043 (7647)
[56.377927] 
[56.377950] 
[56.377963] Start  layer3: 10 SMs -> 6
[56.389590] End    layer3: 2375 -> 11622 + -19992 = -8370 (9228)
[56.389598] 
[56.389606] 
[56.389618] Start  layer4: 20 SMs -> 4
[56.399202] End    layer4: 2531 -> 9581 + -15384 = -5803 (14222)
[56.399208] 
[56.399229] 
[56.399237] Start  layerX: 10 SMs -> 9
[56.400759] End    layerX: 90 -> 1515 + -16587 = -15072 (351)
[56.400765] 
[56.400782] Delayed : 6616us
[56.400789] 
[56.400801] Start  layer0: 10 SMs -> 7
[56.403852] End    layer0: 570 -> 3046 + -7729 = -4683 (1951)
[56.403857] 
[56.403861] 
[56.403869] Start  layer1: 20 SMs -> 8
[56.410813] End    layer1: 1334 -> 6937 + -8091 = -1153 (6599)
[56.410819] 
[56.410825] 
[56.410836] Start  layer2: 20 SMs -> 9
[56.418271] End    layer2: 1518 -> 7427 + -7900 = -473 (7647)
[56.418280] 
[56.418287] 
[56.418302] Start  layer3: 10 SMs -> 8
[56.431030] End    layer3: 2375 -> 12726 + -11434 = 1291 (9228)
[56.431036] 
[56.431041] 
[56.431050] Start  layer4: 40 SMs -> 16
[56.449642] End    layer4: 2155 -> 18588 + -15823 = 2764 (14222)
[56.449648] 
[56.449653] 
[56.449662] Start  layerX: 30 SMs -> 9
[56.450326] End    layerX: 62 -> 657 + -16155 = -15498 (351)
[56.450333] 
[56.450346] Delayed : 6180us
[56.450354] 
[56.450364] Start  layer0: 10 SMs -> 6
[56.453564] End    layer0: 570 -> 3195 + -7441 = -4246 (1951)
[56.453570] 
[56.453573] 
[56.453582] Start  layer1: 30 SMs -> 12
[56.461223] End    layer1: 1211 -> 7637 + -8503 = -866 (6599)
[56.461229] 
[56.461235] 
[56.461242] Start  layer2: 30 SMs -> 6
[56.469114] End    layer2: 1390 -> 7867 + -8747 = -880 (7647)
[56.469120] 
[56.469125] 
[56.469133] Start  layer3: 20 SMs -> 8
[56.478906] End    layer3: 1732 -> 9769 + -9310 = 458 (9228)
[56.478912] 
[56.478920] 
[56.478928] Start  layer4: 40 SMs -> 15
[56.497111] End    layer4: 2155 -> 18177 + -13291 = 4885 (14222)
[56.497119] 
[56.497139] 
[56.497153] Start  layerX: 40 SMs -> 13
[56.498176] End    layerX: 53 -> 1020 + -14006 = -12986 (351)
[56.498181] 
[56.498197] Delayed : 4033us
[56.498204] 
[56.498212] Start  layer0: 20 SMs -> 10
[56.500372] End    layer0: 380 -> 2156 + -4251 = -2095 (1951)
[56.500377] 
[56.500380] 
[56.500389] Start  layer1: 30 SMs -> 9
[56.508892] End    layer1: 1211 -> 8501 + -6174 = 2326 (6599)
[56.508896] 
[56.508918] 
[56.508924] Start  layer2: 30 SMs -> 7
[56.514168] End    layer2: 1390 -> 5241 + -3804 = 1437 (7647)
[56.514171] 
[56.514176] 
[56.514181] Start  layer3: 10 SMs -> 7
[56.522425] End    layer3: 2375 -> 8241 + -2832 = 5408 (9228)
[56.522428] 
[56.522450] 
[56.522457] Start  layer4: 10 SMs -> 6
[56.530733] End    layer4: 3607 -> 8274 + 3081 = 11355 (14222)
[56.530735] 
[56.530738] 
[56.530743] Start  layerX: 10 SMs -> 6
[56.531761] End    layerX: 90 -> 1016 + 2403 = 3419 (351)
[56.531764] 
[56.531771] Reserved: 12392us
[56.544221] 
[56.544228] Start  layer0: 30 SMs -> 8
[56.547446] End    layer0: 337 -> 3216 + -1328 = 1887 (1951)
[56.547449] 
[56.547451] 
[56.547456] Start  layer1: 30 SMs -> 7
[56.553647] End    layer1: 1211 -> 6189 + -930 = 5258 (6599)
[56.553650] 
[56.553652] 
[56.553658] Start  layer2: 30 SMs -> 10
[56.560400] End    layer2: 1390 -> 6739 + -36 = 6703 (7647)
[56.560403] 
[56.560410] 
[56.560415] Start  layer3: 10 SMs -> 7
[56.566897] End    layer3: 2375 -> 6480 + 2695 = 9175 (9228)
[56.566900] 
[56.566923] 
[56.566927] Start  layer4: 20 SMs -> 8
[56.575631] End    layer4: 2531 -> 8701 + 8183 = 16884 (14222)
[56.575634] 
[56.575637] 
[56.575641] Start  layerX: 20 SMs -> 7
[56.576276] End    layerX: 74 -> 631 + 7890 = 8521 (351)
[56.576280] 
[56.576286] Reserved: 17877us
[56.594223] 
[56.594231] Start  layer0: 30 SMs -> 12
[56.597645] End    layer0: 337 -> 3412 + -1527 = 1884 (1951)
[56.597648] 
[56.597650] 
[56.597655] Start  layer1: 20 SMs -> 5
[56.602224] End    layer1: 1334 -> 4567 + 492 = 5059 (6599)
[56.602227] 
[56.602230] 
[56.602234] Start  layer2: 20 SMs -> 5
[56.607871] End    layer2: 1518 -> 5634 + 2492 = 8126 (7647)
[56.607874] 
[56.607876] 
[56.607881] Start  layer3: 40 SMs -> 15
[56.618032] End    layer3: 1398 -> 10148 + 1560 = 11708 (9228)
[56.618035] 
[56.618038] 
[56.618042] Start  layer4: 30 SMs -> 9
[56.625125] End    layer4: 2333 -> 7080 + 8689 = 15769 (14222)
[56.625128] 
[56.625132] 
[56.625137] Start  layerX: 40 SMs -> 14
[56.626103] End    layerX: 53 -> 963 + 8063 = 9026 (351)
[56.626106] 
[56.626113] Reserved: 18051us
[56.644223] 
[56.644232] Start  layer0: 30 SMs -> 8
[56.645781] End    layer0: 337 -> 1547 + 336 = 1884 (1951)
[56.645783] 
[56.645785] 
[56.645790] Start  layer1: 30 SMs -> 11
[56.651344] End    layer1: 1211 -> 5551 + 1372 = 6923 (6599)
[56.651347] 
[56.651359] 
[56.651364] Start  layer2: 30 SMs -> 6
[56.655836] End    layer2: 1390 -> 4469 + 4527 = 8996 (7647)
[56.655839] 
[56.655861] 
[56.655867] Start  layer3: 30 SMs -> 4
[56.659984] End    layer3: 1732 -> 4110 + 9614 = 13724 (9228)
[56.659990] 
[56.659997] 
[56.660008] Start  layer4: 30 SMs -> 5
[56.668764] End    layer4: 2333 -> 8750 + 15055 = 23806 (14222)
[56.668771] 
[56.668781] 
[56.668794] Start  layerX: 30 SMs -> 6
[56.669854] End    layerX: 62 -> 1056 + 14315 = 15371 (351)
[56.669861] 
[56.669885] Reserved: 24279us
[56.694228] 
[56.694242] Start  layer0: 40 SMs -> 7
[56.695126] End    layer0: 295 -> 881 + 994 = 1875 (1951)
[56.695131] 
[56.695135] 
[56.695142] Start  layer1: 40 SMs -> 10
[56.703192] End    layer1: 1000 -> 8044 + -470 = 7572 (6599)
[56.703198] 
[56.703203] 
[56.703213] Start  layer2: 40 SMs -> 11
[56.714158] End    layer2: 1158 -> 10938 + -3788 = 7149 (7647)
[56.714165] 
[56.714198] 
[56.714210] Start  layer3: 20 SMs -> 8
[56.723187] End    layer3: 1732 -> 8974 + -3591 = 5382 (9228)
[56.723193] 
[56.723198] 
[56.723207] Start  layer4: 20 SMs -> 6
[56.732628] End    layer4: 2531 -> 9417 + 1189 = 10606 (14222)
[56.732634] 
[56.732641] 
[56.732649] Start  layerX: 10 SMs -> 6
[56.733435] End    layerX: 90 -> 782 + 732 = 1514 (351)
[56.733439] 
[56.733449] Reserved: 10714us
[56.744231] 
[56.744246] Start  layer0: 20 SMs -> 4
[56.745418] End    layer0: 380 -> 1169 + 703 = 1872 (1951)
[56.745423] 
[56.745426] 
[56.745435] Start  layer1: 20 SMs -> 6
[56.752265] End    layer1: 1334 -> 6824 + 456 = 7280 (6599)
[56.752272] 
[56.752281] 
[56.752292] Start  layer2: 30 SMs -> 9
[56.761478] End    layer2: 1390 -> 9181 + -1109 = 8071 (7647)
[56.761485] 
[56.761494] 
[56.761507] Start  layer3: 30 SMs -> 8
[56.771617] End    layer3: 1732 -> 10106 + -2020 = 8086 (9228)
[56.771623] 
[56.771628] 
[56.771637] Start  layer4: 30 SMs -> 7
[56.781461] End    layer4: 2333 -> 9820 + 2356 = 12176 (14222)
[56.781467] 
[56.781477] 
[56.781486] Start  layerX: 30 SMs -> 2
[56.781858] End    layerX: 62 -> 369 + 2309 = 2678 (351)
[56.781862] 
[56.781870] Reserved: 12294us
[56.794236] 
[56.794254] Start  layer0: 20 SMs -> 5
[56.795946] End    layer0: 380 -> 1693 + 172 = 1865 (1951)
[56.795949] 
[56.795952] 
[56.795958] Start  layer1: 20 SMs -> 7
[56.801508] End    layer1: 1334 -> 5545 + 1211 = 6756 (6599)
[56.801514] 
[56.801536] 
[56.801545] Start  layer2: 40 SMs -> 10
[56.811247] End    layer2: 1158 -> 9698 + -879 = 8817 (7647)
[56.811252] 
[56.811272] 
[56.811282] Start  layer3: 40 SMs -> 10
[56.827753] End    layer3: 1398 -> 16467 + -8156 = 8309 (9228)
[56.827759] 
[56.827765] 
[56.827774] Start  layer4: 20 SMs -> 6
[56.832827] End    layer4: 2531 -> 5049 + 990 = 6039 (14222)
[56.832833] 
[56.832837] 
[56.832846] Start  layerX: 40 SMs -> 5
[56.833782] End    layerX: 53 -> 933 + 385 = 1318 (351)
[56.833786] 
[56.833803] Reserved: 10361us
[56.844233] 
[56.844250] Start  layer0: 10 SMs -> 5
[56.846742] End    layer0: 570 -> 2488 + -619 = 1868 (1951)
[56.846749] 
[56.846754] 
[56.846765] Start  layer1: 30 SMs -> 7
[56.852495] End    layer1: 1211 -> 5725 + 227 = 5951 (6599)
[56.852502] 
[56.852521] 
[56.852534] Start  layer2: 30 SMs -> 7
[56.858733] End    layer2: 1390 -> 6196 + 1634 = 7830 (7647)
[56.858738] 
[56.858755] 
[56.858764] Start  layer3: 10 SMs -> 4
[56.866315] End    layer3: 2375 -> 7547 + 3281 = 10827 (9228)
[56.866320] 
[56.866326] 
[56.866334] Start  layer4: 10 SMs -> 4
[56.874085] End    layer4: 3607 -> 7747 + 9732 = 17479 (14222)
[56.874091] 
[56.874099] 
[56.874107] Start  layerX: 30 SMs -> 6
[56.874293] End    layerX: 62 -> 183 + 9873 = 10057 (351)
[56.874297] 
[56.874304] Reserved: 19859us
[56.894235] 
[56.894252] Start  layer0: 40 SMs -> 7
[56.896126] End    layer0: 295 -> 1872 + -4 = 1866 (1951)
[56.896131] 
[56.896134] 
[56.896142] Start  layer1: 20 SMs -> 7
[56.901693] End    layer1: 1334 -> 5545 + 1028 = 6573 (6599)
[56.901700] 
[56.901707] 
[56.901717] Start  layer2: 20 SMs -> 6
[56.909043] End    layer2: 1518 -> 7320 + 1324 = 8645 (7647)
[56.909048] 
[56.909054] 
[56.909062] Start  layer3: 40 SMs -> 11
[56.921217] End    layer3: 1398 -> 12149 + -1619 = 10529 (9228)
[56.921225] 
[56.921233] 
[56.921244] Start  layer4: 30 SMs -> 5
[56.927402] End    layer4: 2333 -> 6155 + 6415 = 12570 (14222)
[56.927408] 
[56.927414] 
[56.927422] Start  layerX: 20 SMs -> 1
[56.927547] End    layerX: 74 -> 122 + 6619 = 6742 (351)
[56.927551] 
[56.927559] Reserved: 16605us
[56.944232] 
[56.944249] Start  layer0: 40 SMs -> 5
[56.945563] End    layer0: 295 -> 1312 + 557 = 1869 (1951)
[56.945569] 
[56.945574] 
[56.945584] Start  layer1: 40 SMs -> 6
[56.951264] End    layer1: 1000 -> 5675 + 1456 = 7131 (6599)
[56.951269] 
[56.951275] 
[56.951284] Start  layer2: 40 SMs -> 8
[56.960012] End    layer2: 1158 -> 8724 + 354 = 9078 (7647)
[56.960018] 
[56.960023] 
[56.960031] Start  layer3: 40 SMs -> 9
[56.971454] End    layer3: 1398 -> 11418 + -1857 = 9559 (9228)
[56.971459] 
[56.971464] 
[56.971472] Start  layer4: 40 SMs -> 8
[56.978772] End    layer4: 2155 -> 7295 + 5046 = 12341 (14222)
[56.978777] 
[56.978783] 
[56.978792] Start  layerX: 40 SMs -> 3
[56.979185] End    layerX: 53 -> 390 + 4982 = 5372 (351)
[56.979189] 
[56.979196] Reserved: 14967us
[56.994227] 
[56.994238] Start  layer0: 10 SMs -> 4
[56.996722] End    layer0: 570 -> 2480 + -600 = 1879 (1951)
[56.996727] 
[56.996730] 
[56.996738] Start  layer1: 40 SMs -> 7
[57.002081] End    layer1: 1000 -> 5339 + 638 = 5977 (6599)
[57.002088] 
[57.002092] 
[57.002101] Start  layer2: 40 SMs -> 8
[57.009722] End    layer2: 1158 -> 7617 + 644 = 8261 (7647)
[57.009728] 
[57.009734] 
[57.009742] Start  layer3: 20 SMs -> 5
[57.016468] End    layer3: 1732 -> 6722 + 3127 = 9849 (9228)
[57.016473] 
[57.016478] 
[57.016486] Start  layer4: 10 SMs -> 5
[57.025013] End    layer4: 3607 -> 8523 + 8804 = 17327 (14222)
[57.025019] 
[57.025039] 
[57.025047] Start  layerX: 10 SMs -> 4
[57.025695] End    layerX: 90 -> 645 + 8472 = 9116 (351)
[57.025700] 
[57.025715] Reserved: 18449us
[57.044225] 
[57.044235] Start  layer0: 10 SMs -> 2
[57.045554] End    layer0: 570 -> 1315 + 566 = 1881 (1951)
[57.045580] 
[57.045583] 
[57.045591] Start  layer1: 20 SMs -> 4
[57.049989] End    layer1: 1334 -> 4394 + 2730 = 7124 (6599)
[57.049994] 
[57.050001] 
[57.050010] Start  layer2: 20 SMs -> 5
[57.053719] End    layer2: 1518 -> 3705 + 6647 = 10352 (7647)
[57.053724] 
[57.053731] 
[57.053739] Start  layer3: 20 SMs -> 4
[57.057361] End    layer3: 1732 -> 3618 + 12234 = 15852 (9228)
[57.057366] 
[57.057371] 
[57.057380] Start  layer4: 40 SMs -> 10
[57.066468] End    layer4: 2155 -> 9084 + 17349 = 26433 (14222)
[57.066474] 
[57.066479] 
[57.066487] Start  layerX: 30 SMs -> 6
[57.067210] End    layerX: 62 -> 719 + 16957 = 17677 (351)
[57.067214] 
[57.067226] Reserved: 26937us
[57.094227] 
[57.094236] Start  layer0: 40 SMs -> 3
[57.094769] End    layer0: 295 -> 529 + 1351 = 1880 (1951)
[57.094774] 
[57.094777] 
[57.094792] Start  layer1: 20 SMs -> 4
[57.099187] End    layer1: 1334 -> 4391 + 3532 = 7923 (6599)
[57.099193] 
[57.099198] 
[57.099206] Start  layer2: 20 SMs -> 5
[57.103119] End    layer2: 1518 -> 3908 + 7247 = 11156 (7647)
[57.103124] 
[57.103129] 
[57.103138] Start  layer3: 20 SMs -> 4
[57.107218] End    layer3: 1732 -> 4076 + 12377 = 16453 (9228)
[57.107224] 
[57.107229] 
[57.107237] Start  layer4: 20 SMs -> 4
[57.113586] End    layer4: 2531 -> 6345 + 20231 = 26576 (14222)
[57.113592] 
[57.113599] 
[57.113606] Start  layerX: 20 SMs -> 4
[57.114479] End    layerX: 74 -> 870 + 19688 = 20558 (351)
[57.114483] 
[57.114491] Reserved: 29672us
[57.144227] 
[57.144236] Start  layer0: 20 SMs -> 2
[57.145882] End    layer0: 380 -> 1643 + 238 = 1880 (1951)
[57.145887] 
[57.145890] 
[57.145899] Start  layer1: 20 SMs -> 6
[57.149614] End    layer1: 1334 -> 3710 + 3106 = 6816 (6599)
[57.149619] 
[57.149624] 
[57.149632] Start  layer2: 20 SMs -> 4
[57.153177] End    layer2: 1518 -> 3540 + 7190 = 10730 (7647)
[57.153182] 
[57.153187] 
[57.153195] Start  layer3: 20 SMs -> 4
[57.157242] End    layer3: 1732 -> 4043 + 12353 = 16396 (9228)
[57.157248] 
[57.157255] 
[57.157263] Start  layer4: 20 SMs -> 4
[57.163084] End    layer4: 2531 -> 5817 + 20733 = 26550 (14222)
[57.163089] 
[57.163094] 
[57.163102] Start  layerX: 10 SMs -> 3
[57.163974] End    layerX: 90 -> 869 + 20193 = 21062 (351)
[57.163978] 
[57.163995] Reserved: 30169us
[57.194232] 
[57.194247] Start  layer0: 30 SMs -> 2
[57.194858] End    layer0: 337 -> 608 + 1262 = 1870 (1951)
[57.194863] 
[57.194866] 
[57.194874] Start  layer1: 40 SMs -> 4
[57.198475] End    layer1: 1000 -> 3597 + 4244 = 7841 (6599)
[57.198480] 
[57.198487] 
[57.198495] Start  layer2: 40 SMs -> 5
[57.202780] End    layer2: 1158 -> 4280 + 7587 = 11867 (7647)
[57.202785] 
[57.202790] 
[57.202799] Start  layer3: 40 SMs -> 5
[57.209740] End    layer3: 1398 -> 6937 + 9855 = 16792 (9228)
[57.209745] 
[57.209750] 
[57.209758] Start  layer4: 40 SMs -> 5
[57.214964] End    layer4: 2155 -> 5201 + 18853 = 24055 (14222)
[57.214969] 
[57.214975] 
[57.214983] Start  layerX: 40 SMs -> 3
[57.215213] End    layerX: 53 -> 227 + 18954 = 19181 (351)
[57.215217] 
[57.215223] Reserved: 28940us
[57.244226] 
[57.244234] Start  layer0: 20 SMs -> 1
[57.244794] End    layer0: 380 -> 555 + 1326 = 1881 (1951)
[57.244799] 
[57.244802] 
[57.244809] Start  layer1: 20 SMs -> 3
[57.247273] End    layer1: 1334 -> 2459 + 5446 = 7905 (6599)
[57.247279] 
[57.247285] 
[57.247293] Start  layer2: 20 SMs -> 3
[57.249891] End    layer2: 1518 -> 2594 + 10475 = 13069 (7647)
[57.249897] 
[57.249914] 
[57.249923] Start  layer3: 20 SMs -> 3
[57.252639] End    layer3: 1732 -> 2712 + 16956 = 19668 (9228)
[57.252645] 
[57.252678] 
[57.252685] Start  layer4: 20 SMs -> 3
[57.256742] End    layer4: 2531 -> 4052 + 27076 = 31128 (14222)
[57.256747] 
[57.256753] 
[57.256761] Start  layerX: 30 SMs -> 4
[57.257354] End    layerX: 62 -> 590 + 26813 = 27403 (351)
[57.257358] 
[57.257383] Reserved: 36781us
[57.294225] 
[57.294233] Start  layer0: 30 SMs -> 1
[57.294724] End    layer0: 337 -> 487 + 1395 = 1883 (1951)
[57.294729] 
[57.294733] 
[57.294740] Start  layer1: 40 SMs -> 3
[57.297174] End    layer1: 1000 -> 2429 + 5546 = 7974 (6599)
[57.297199] 
[57.297204] 
[57.297212] Start  layer2: 40 SMs -> 4
[57.299823] End    layer2: 1158 -> 2607 + 10543 = 13150 (7647)
[57.299829] 
[57.299834] 
[57.299842] Start  layer3: 10 SMs -> 2
[57.302271] End    layer3: 2375 -> 2425 + 17325 = 19749 (9228)
[57.302276] 
[57.302285] 
[57.302293] Start  layer4: 40 SMs -> 5
[57.307638] End    layer4: 2155 -> 5341 + 26179 = 31520 (14222)
[57.307644] 
[57.307650] 
[57.307657] Start  layerX: 30 SMs -> 3
[57.308094] End    layerX: 62 -> 434 + 26073 = 26507 (351)
[57.308098] 
[57.308107] Reserved: 36057us
[57.344227] 
[57.344237] Start  layer0: 40 SMs -> 1
[57.344580] End    layer0: 295 -> 339 + 1540 = 1879 (1951)
[57.344585] 
[57.344588] 
[57.344595] Start  layer1: 40 SMs -> 3
[57.347317] End    layer1: 1000 -> 2717 + 5403 = 8120 (6599)
[57.347322] 
[57.347327] 
[57.347335] Start  layer2: 10 SMs -> 1
[57.349901] End    layer2: 2187 -> 2561 + 10466 = 13027 (7647)
[57.349906] 
[57.349911] 
[57.349919] Start  layer3: 30 SMs -> 3
[57.352505] End    layer3: 1732 -> 2582 + 17090 = 19672 (9228)
[57.352511] 
[57.352517] 
[57.352525] Start  layer4: 30 SMs -> 3
[57.356220] End    layer4: 2333 -> 3690 + 27597 = 31287 (14222)
[57.356225] 
[57.356231] 
[57.356239] Start  layerX: 30 SMs -> 3
[57.356647] End    layerX: 62 -> 404 + 27520 = 27925 (351)
[57.356651] 
[57.356659] Reserved: 37504us
