[47.306442] layer0:
[47.320333] 	10	343us, 576us
[47.330927] 	20	236us, 397us
[47.340175] 	30	204us, 322us
[47.348853] 	40	183us, 285us
[47.348866] Params: 0.62	0.37	0.44

[47.348870] layer1:
[47.387036] 	10	1122us, 1985us
[47.412125] 	20	803us, 1276us
[47.434709] 	30	692us, 1166us
[47.455636] 	40	684us, 993us
[47.455649] Params: 0.62	0.25	0.42

[47.455654] layer2:
[47.498204] 	10	1335us, 2141us
[47.526835] 	20	984us, 1499us
[47.553830] 	30	933us, 1381us
[47.577332] 	40	799us, 1138us
[47.577344] Params: 0.66	0.32	0.41

[47.577351] layer3:
[47.623923] 	10	1406us, 2427us
[47.654480] 	20	969us, 1688us
[47.684419] 	30	929us, 1668us
[47.711062] 	40	897us, 1337us
[47.711075] Params: 0.60	0.21	0.40

[47.711081] layer4:
[47.781575] 	10	2391us, 3569us
[47.825476] 	20	1574us, 2400us
[47.867756] 	30	1522us, 2317us
[47.907205] 	40	1420us, 2108us
[47.907218] Params: 0.66	0.27	0.29

[47.907224] layerX:
[47.912541] 	10	45us, 81us
[47.917810] 	20	41us, 69us
[47.923040] 	30	40us, 70us
[47.928168] 	40	40us, 55us
[47.928181] Params: 0.61	0.05	0.32

