[55.494312] 
[55.494326] Start  layer0: 40 SMs -> 6
[55.496949] End    layer0: 284 -> 2622 + -711 = 1910 (1923)
[55.496952] 
[55.496954] 
[55.496961] Start  layer1: 10 SMs -> 11
[55.508540] End    layer1: 1984 -> 11576 + -5585 = 5990 (6716)
[55.508543] 
[55.508548] 
[55.508552] Start  layer2: 10 SMs -> 4
[55.514101] End    layer2: 2141 -> 5545 + -3454 = 2091 (7692)
[55.514105] 
[55.514108] 
[55.514114] Start  layer3: 30 SMs -> 10
[55.522492] End    layer3: 1668 -> 8375 + -2801 = 5574 (9043)
[55.522497] 
[55.522503] 
[55.522509] Start  layer4: 20 SMs -> 9
[55.541005] End    layer4: 2400 -> 18491 + -7059 = 11431 (14252)
[55.541011] 
[55.541016] 
[55.541024] Start  layerX: 20 SMs -> 8
[55.542339] End    layerX: 69 -> 1311 + -8021 = -6710 (371)
[55.542345] 
[55.542355] Reserved: 1956us
[55.544376] 
[55.544390] Start  layer0: 20 SMs -> 6
[55.546057] End    layer0: 397 -> 1664 + 183 = 1847 (1923)
[55.546063] 
[55.546066] 
[55.546076] Start  layer1: 40 SMs -> 17
[55.557254] End    layer1: 993 -> 11175 + -4296 = 6877 (6716)
[55.557260] 
[55.557277] 
[55.557288] Start  layer2: 40 SMs -> 15
[55.578024] End    layer2: 1137 -> 20731 + -17373 = 3357 (7692)
[55.578031] 
[55.578037] 
[55.578048] Start  layer3: 10 SMs -> 8
[55.588523] End    layer3: 2426 -> 10472 + -18829 = -8357 (9043)
[55.588527] 
[55.588543] 
[55.588550] Start  layer4: 40 SMs -> 10
[55.602718] End    layer4: 2107 -> 14162 + -18770 = -4609 (14252)
[55.602725] 
[55.602762] 
[55.602773] Start  layerX: 10 SMs -> 5
[55.603444] End    layerX: 80 -> 667 + -19126 = -18458 (371)
[55.603449] 
[55.603478] Delayed : 9165us
[55.603484] 
[55.603492] Start  layer0: 10 SMs -> 6
[55.604620] End    layer0: 575 -> 1124 + -8379 = -7255 (1923)
[55.604626] 
[55.604629] 
[55.604638] Start  layer1: 30 SMs -> 8
[55.611830] End    layer1: 1165 -> 7189 + -8873 = -1684 (6716)
[55.611835] 
[55.611839] 
[55.611846] Start  layer2: 30 SMs -> 9
[55.622003] End    layer2: 1380 -> 10153 + -11354 = -1201 (7692)
[55.622007] 
[55.622012] 
[55.622018] Start  layer3: 10 SMs -> 5
[55.633221] End    layer3: 2426 -> 11198 + -13526 = -2328 (9043)
[55.633228] 
[55.633243] 
[55.633253] Start  layer4: 30 SMs -> 6
[55.638905] End    layer4: 2317 -> 5648 + -4958 = 688 (14252)
[55.638912] 
[55.638920] 
[55.638931] Start  layerX: 40 SMs -> 12
[55.640111] End    layerX: 54 -> 1176 + -5792 = -4616 (371)
[55.640116] 
[55.640126] Reserved: 4186us
[55.644380] 
[55.644397] Start  layer0: 30 SMs -> 11
[55.646259] End    layer0: 321 -> 1860 + -18 = 1841 (1923)
[55.646265] 
[55.646268] 
[55.646276] Start  layer1: 30 SMs -> 9
[55.651541] End    layer1: 1165 -> 5261 + 1416 = 6677 (6716)
[55.651547] 
[55.651552] 
[55.651562] Start  layer2: 30 SMs -> 8
[55.658391] End    layer2: 1380 -> 6824 + 2260 = 9083 (7692)
[55.658397] 
[55.658412] 
[55.658423] Start  layer3: 20 SMs -> 7
[55.666200] End    layer3: 1688 -> 7772 + 3494 = 11266 (9043)
[55.666205] 
[55.666225] 
[55.666234] Start  layer4: 30 SMs -> 9
[55.678812] End    layer4: 2317 -> 12574 + 5133 = 17707 (14252)
[55.678819] 
[55.678828] 
[55.678840] Start  layerX: 10 SMs -> 5
[55.679695] End    layerX: 80 -> 850 + 4624 = 5473 (371)
[55.679702] 
[55.679718] Reserved: 14594us
[55.694380] 
[55.694397] Start  layer0: 10 SMs -> 8
[55.698090] End    layer0: 575 -> 3689 + -1847 = 1840 (1923)
[55.698097] 
[55.698101] 
[55.698113] Start  layer1: 40 SMs -> 13
[55.714513] End    layer1: 993 -> 16397 + -11555 = 4841 (6716)
[55.714520] 
[55.714527] 
[55.714536] Start  layer2: 30 SMs -> 10
[55.724696] End    layer2: 1380 -> 10155 + -14045 = -3890 (7692)
[55.724702] 
[55.724707] 
[55.724716] Start  layer3: 10 SMs -> 5
[55.735624] End    layer3: 2426 -> 10902 + -15927 = -5026 (9043)
[55.735631] 
[55.735637] 
[55.735647] Start  layer4: 40 SMs -> 13
[55.753888] End    layer4: 2107 -> 18237 + -19942 = -1704 (14252)
[55.753894] 
[55.753909] 
[55.753921] Start  layerX: 20 SMs -> 9
[55.754925] End    layerX: 69 -> 1000 + -20607 = -19606 (371)
[55.754930] 
[55.754946] Delayed : 10633us
[55.754952] 
[55.754960] Start  layer0: 30 SMs -> 11
[55.756297] End    layer0: 321 -> 1332 + -10055 = -8724 (1923)
[55.756302] 
[55.756328] 
[55.756337] Start  layer1: 10 SMs -> 4
[55.761742] End    layer1: 1984 -> 5397 + -8780 = -3383 (6716)
[55.761750] 
[55.761757] 
[55.761767] Start  layer2: 20 SMs -> 8
[55.771060] End    layer2: 1498 -> 9288 + -10407 = -1120 (7692)
[55.771067] 
[55.771073] 
[55.771085] Start  layer3: 40 SMs -> 15
[55.787879] End    layer3: 1337 -> 16791 + -18185 = -1394 (9043)
[55.787885] 
[55.787891] 
[55.787900] Start  layer4: 10 SMs -> 3
[55.795338] End    layer4: 3568 -> 7431 + -11389 = -3958 (14252)
[55.795345] 
[55.795354] 
[55.795365] Start  layerX: 40 SMs -> 9
[55.796540] End    layerX: 54 -> 1171 + -12220 = -11050 (371)
[55.796547] 
[55.796561] Delayed : 2248us
[55.796569] 
[55.796581] Start  layer0: 40 SMs -> 12
[55.799071] End    layer0: 284 -> 2486 + -2830 = -343 (1923)
[55.799076] 
[55.799080] 
[55.799088] Start  layer1: 40 SMs -> 14
[55.812730] End    layer1: 993 -> 13638 + -9772 = 3865 (6716)
[55.812736] 
[55.812742] 
[55.812752] Start  layer2: 10 SMs -> 5
[55.821121] End    layer2: 2141 -> 8363 + -10469 = -2106 (7692)
[55.821128] 
[55.821135] 
[55.821145] Start  layer3: 30 SMs -> 8
[55.831008] End    layer3: 1668 -> 9859 + -11313 = -1454 (9043)
[55.831013] 
[55.831020] 
[55.831028] Start  layer4: 20 SMs -> 7
[55.842954] End    layer4: 2400 -> 11922 + -9008 = 2913 (14252)
[55.842960] 
[55.842974] 
[55.842982] Start  layerX: 20 SMs -> 6
[55.843760] End    layerX: 69 -> 775 + -9443 = -8669 (371)
[55.843764] 
[55.843774] Reserved: 538us
[55.844372] 
[55.844379] Start  layer0: 20 SMs -> 7
[55.846351] End    layer0: 397 -> 1967 + -110 = 1857 (1923)
[55.846356] 
[55.846360] 
[55.846368] Start  layer1: 40 SMs -> 12
[55.857675] End    layer1: 993 -> 11300 + -4714 = 6585 (6716)
[55.857682] 
[55.857689] 
[55.857701] Start  layer2: 40 SMs -> 18
[55.874588] End    layer2: 1137 -> 16882 + -13936 = 2945 (7692)
[55.874595] 
[55.874613] 
[55.874626] Start  layer3: 40 SMs -> 10
[55.889659] End    layer3: 1337 -> 15030 + -19965 = -4935 (9043)
[55.889665] 
[55.889673] 
[55.889682] Start  layer4: 10 SMs -> 5
[55.899969] End    layer4: 3568 -> 10282 + -16022 = -5740 (14252)
[55.899974] 
[55.900028] 
[55.900040] Start  layerX: 10 SMs -> 6
[55.900755] End    layerX: 80 -> 709 + -16434 = -15725 (371)
[55.900762] 
[55.900815] Delayed : 6503us
[55.900822] 
[55.900829] Start  layer0: 10 SMs -> 7
[55.903591] End    layer0: 575 -> 2757 + -7349 = -4593 (1923)
[55.903597] 
[55.903600] 
[55.903608] Start  layer1: 20 SMs -> 6
[55.909500] End    layer1: 1275 -> 5886 + -6540 = -654 (6716)
[55.909507] 
[55.909517] 
[55.909529] Start  layer2: 20 SMs -> 7
[55.917362] End    layer2: 1498 -> 7827 + -6709 = 1116 (7692)
[55.917369] 
[55.917377] 
[55.917388] Start  layer3: 20 SMs -> 8
[55.927316] End    layer3: 1688 -> 9925 + -7622 = 2302 (9043)
[55.927322] 
[55.927326] 
[55.927336] Start  layer4: 20 SMs -> 8
[55.939109] End    layer4: 2400 -> 11767 + -5161 = 6605 (14252)
[55.939116] 
[55.939123] 
[55.939134] Start  layerX: 20 SMs -> 5
[55.940583] End    layerX: 69 -> 1446 + -6265 = -4819 (371)
[55.940588] 
[55.940598] Reserved: 3714us
[55.944377] 
[55.944391] Start  layer0: 40 SMs -> 15
[55.949941] End    layer0: 284 -> 5545 + -3698 = 1846 (1923)
[55.949948] 
[55.949952] 
[55.949964] Start  layer1: 30 SMs -> 8
[55.957128] End    layer1: 1165 -> 7158 + -4167 = 2990 (6716)
[55.957135] 
[55.957141] 
[55.957153] Start  layer2: 40 SMs -> 17
[55.981376] End    layer2: 1137 -> 24219 + -20725 = 3492 (7692)
[55.981382] 
[55.981387] 
[55.981396] Start  layer3: 20 SMs -> 7
[55.990095] End    layer3: 1688 -> 8693 + -20400 = -11706 (9043)
[55.990100] 
[55.990108] 
[55.990117] Start  layer4: 40 SMs -> 12
[56.009286] End    layer4: 2107 -> 19165 + -25340 = -6175 (14252)
[56.009293] 
[56.009306] 
[56.009315] Start  layerX: 40 SMs -> 14
[56.011435] End    layerX: 54 -> 2115 + -27117 = -25001 (371)
[56.011440] 
[56.011453] Delayed : 17141us
[56.011460] 
[56.011468] Start  layer0: 30 SMs -> 8
[56.013245] End    layer0: 321 -> 1773 + -17004 = -15231 (1923)
[56.013251] 
[56.013254] 
[56.013263] Start  layer1: 30 SMs -> 9
[56.019727] End    layer1: 1165 -> 6459 + -16768 = -10309 (6716)
[56.019754] 
[56.019763] 
[56.019772] Start  layer2: 30 SMs -> 9
[56.030288] End    layer2: 1380 -> 10509 + -19635 = -9126 (7692)
[56.030295] 
[56.030301] 
[56.030312] Start  layer3: 40 SMs -> 17
[56.047017] End    layer3: 1337 -> 16702 + -27323 = -10621 (9043)
[56.047023] 
[56.047030] 
[56.047039] Start  layer4: 40 SMs -> 16
[56.065224] End    layer4: 2107 -> 18181 + -31278 = -13097 (14252)
[56.065230] 
[56.065237] 
[56.065249] Start  layerX: 30 SMs -> 8
[56.065904] End    layerX: 69 -> 652 + -31587 = -30934 (371)
[56.065909] 
[56.065979] Delayed : 21666us
[56.065985] 
[56.065993] Start  layer0: 10 SMs -> 5
[56.067313] End    layer0: 575 -> 1314 + -21070 = -19756 (1923)
[56.067320] 
[56.067323] 
[56.067332] Start  layer1: 20 SMs -> 9
[56.074036] End    layer1: 1275 -> 6698 + -21076 = -14378 (6716)
[56.074044] 
[56.074051] 
[56.074063] Start  layer2: 30 SMs -> 7
[56.084000] End    layer2: 1380 -> 9934 + -23350 = -13416 (7692)
[56.084006] 
[56.084011] 
[56.084020] Start  layer3: 30 SMs -> 6
[56.090578] End    layer3: 1668 -> 6553 + -20884 = -14331 (9043)
[56.090584] 
[56.090589] 
[56.090598] Start  layer4: 30 SMs -> 4
[56.098984] End    layer4: 2317 -> 8382 + -15038 = -6656 (14252)
[56.098990] 
[56.098995] 
[56.099004] Start  layerX: 10 SMs -> 11
[56.099746] End    layerX: 80 -> 738 + -15429 = -14690 (371)
[56.099751] 
[56.099767] Delayed : 5455us
[56.099774] 
[56.099782] Start  layer0: 40 SMs -> 11
[56.104175] End    layer0: 284 -> 4388 + -7933 = -3545 (1923)
[56.104180] 
[56.104184] 
[56.104194] Start  layer1: 40 SMs -> 14
[56.120106] End    layer1: 993 -> 15907 + -17146 = -1239 (6716)
[56.120113] 
[56.120121] 
[56.120134] Start  layer2: 40 SMs -> 17
[56.136678] End    layer2: 1137 -> 16540 + -26028 = -9487 (7692)
[56.136684] 
[56.136689] 
[56.136697] Start  layer3: 10 SMs -> 4
[56.148311] End    layer3: 2426 -> 11608 + -28615 = -17007 (9043)
[56.148318] 
[56.148325] 
[56.148336] Start  layer4: 20 SMs -> 7
[56.156976] End    layer4: 2400 -> 8637 + -23030 = -14393 (14252)
[56.156982] 
[56.156987] 
[56.156995] Start  layerX: 10 SMs -> 7
[56.157438] End    layerX: 80 -> 440 + -23121 = -22681 (371)
[56.157443] 
[56.157459] Delayed : 13146us
[56.157465] 
[56.157472] Start  layer0: 10 SMs -> 8
[56.159648] End    layer0: 575 -> 2170 + -13405 = -11235 (1923)
[56.159655] 
[56.159660] 
[56.159670] Start  layer1: 20 SMs -> 7
[56.165564] End    layer1: 1275 -> 5891 + -12606 = -6715 (6716)
[56.165570] 
[56.165578] 
[56.165591] Start  layer2: 20 SMs -> 6
[56.172997] End    layer2: 1498 -> 7401 + -12347 = -4946 (7692)
[56.173003] 
[56.173008] 
[56.173017] Start  layer3: 10 SMs -> 6
[56.181372] End    layer3: 2426 -> 8351 + -11678 = -3327 (9043)
[56.181378] 
[56.181384] 
[56.181392] Start  layer4: 10 SMs -> 6
[56.190879] End    layer4: 3568 -> 9482 + -6933 = 2548 (14252)
[56.190884] 
[56.190890] 
[56.190898] Start  layerX: 40 SMs -> 11
[56.192291] End    layerX: 54 -> 1390 + -7974 = -6584 (371)
[56.192295] 
[56.192303] Reserved: 2009us
[56.194371] 
[56.194380] Start  layer0: 40 SMs -> 20
[56.197870] End    layer0: 284 -> 3485 + -1629 = 1856 (1923)
[56.197875] 
[56.197879] 
[56.197888] Start  layer1: 20 SMs -> 8
[56.205998] End    layer1: 1275 -> 8106 + -3040 = 5065 (6716)
[56.206003] 
[56.206017] 
[56.206026] Start  layer2: 20 SMs -> 9
[56.215114] End    layer2: 1498 -> 9084 + -4464 = 4619 (7692)
[56.215120] 
[56.215142] 
[56.215152] Start  layer3: 30 SMs -> 9
[56.225253] End    layer3: 1668 -> 10097 + -5559 = 4538 (9043)
[56.225259] 
[56.225280] 
[56.225291] Start  layer4: 30 SMs -> 8
[56.236316] End    layer4: 2317 -> 11019 + -2367 = 8651 (14252)
[56.236323] 
[56.236329] 
[56.236340] Start  layerX: 30 SMs -> 7
[56.237144] End    layerX: 69 -> 801 + -2826 = -2025 (371)
[56.237149] 
[56.237174] Reserved: 7138us
[56.244377] 
[56.244391] Start  layer0: 10 SMs -> 8
[56.247794] End    layer0: 575 -> 3400 + -1552 = 1847 (1923)
[56.247799] 
[56.247802] 
[56.247826] Start  layer1: 40 SMs -> 20
[56.266503] End    layer1: 993 -> 18672 + -13544 = 5127 (6716)
[56.266508] 
[56.266516] 
[56.266525] Start  layer2: 20 SMs -> 7
[56.275584] End    layer2: 1498 -> 9055 + -14934 = -5879 (7692)
[56.275590] 
[56.275629] 
[56.275637] Start  layer3: 20 SMs -> 6
[56.284113] End    layer3: 1688 -> 8473 + -14421 = -5948 (9043)
[56.284118] 
[56.284122] 
[56.284129] Start  layer4: 20 SMs -> 8
[56.292132] End    layer4: 2400 -> 7999 + -8186 = -187 (14252)
[56.292136] 
[56.292142] 
[56.292149] Start  layerX: 10 SMs -> 6
[56.292693] End    layerX: 80 -> 539 + -8375 = -7835 (371)
[56.292698] 
[56.292711] Reserved: 1601us
[56.294375] 
[56.294386] Start  layer0: 40 SMs -> 13
[56.300598] End    layer0: 284 -> 6207 + -4356 = 1850 (1923)
[56.300603] 
[56.300607] 
[56.300616] Start  layer1: 20 SMs -> 7
[56.310250] End    layer1: 1275 -> 9628 + -7289 = 2337 (6716)
[56.310257] 
[56.310264] 
[56.310275] Start  layer2: 20 SMs -> 7
[56.321773] End    layer2: 1498 -> 11493 + -11122 = 370 (7692)
[56.321779] 
[56.321801] 
[56.321810] Start  layer3: 30 SMs -> 6
[56.329926] End    layer3: 1668 -> 8112 + -10232 = -2120 (9043)
[56.329932] 
[56.329946] 
[56.329954] Start  layer4: 20 SMs -> 7
[56.338866] End    layer4: 2400 -> 8907 + -4919 = 3987 (14252)
[56.338871] 
[56.338887] 
[56.338895] Start  layerX: 30 SMs -> 3
[56.339058] End    layerX: 69 -> 160 + -4741 = -4581 (371)
[56.339062] 
[56.339072] Reserved: 5239us
[56.344376] 
[56.344391] Start  layer0: 20 SMs -> 7
[56.346419] End    layer0: 397 -> 2026 + -178 = 1846 (1923)
[56.346425] 
[56.346428] 
[56.346437] Start  layer1: 10 SMs -> 10
[56.358714] End    layer1: 1984 -> 12272 + -5755 = 6516 (6716)
[56.358720] 
[56.358725] 
[56.358733] Start  layer2: 10 SMs -> 9
[56.367822] End    layer2: 2141 -> 9069 + -7156 = 1912 (7692)
[56.367829] 
[56.367843] 
[56.367855] Start  layer3: 20 SMs -> 8
[56.375766] End    layer3: 1688 -> 7907 + -6071 = 1834 (9043)
[56.375771] 
[56.375779] 
[56.375788] Start  layer4: 40 SMs -> 15
[56.390074] End    layer4: 2107 -> 14282 + -6127 = 8153 (14252)
[56.390079] 
[56.390085] 
[56.390094] Start  layerX: 40 SMs -> 13
[56.392725] End    layerX: 54 -> 2626 + -8407 = -5780 (371)
[56.392731] 
[56.392742] Reserved: 1570us
[56.394373] 
[56.394382] Start  layer0: 20 SMs -> 7
[56.396151] End    layer0: 397 -> 1764 + 90 = 1854 (1923)
[56.396157] 
[56.396160] 
[56.396168] Start  layer1: 30 SMs -> 7
[56.404597] End    layer1: 1165 -> 8424 + -1638 = 6785 (6716)
[56.404602] 
[56.404629] 
[56.404644] Start  layer2: 40 SMs -> 13
[56.421337] End    layer2: 1137 -> 16687 + -10686 = 6001 (7692)
[56.421344] 
[56.421353] 
[56.421364] Start  layer3: 30 SMs -> 7
[56.430656] End    layer3: 1668 -> 9285 + -10959 = -1674 (9043)
[56.430664] 
[56.430670] 
[56.430682] Start  layer4: 20 SMs -> 5
[56.443589] End    layer4: 2400 -> 12903 + -9642 = 3260 (14252)
[56.443596] 
[56.443607] 
[56.443616] Start  layerX: 20 SMs -> 6
[56.444496] End    layerX: 69 -> 876 + -10178 = -9302 (371)
[56.444502] 
[56.444511] Delayed : 199us
[56.444518] 
[56.444534] Start  layer0: 20 SMs -> 9
[56.447840] End    layer0: 397 -> 3299 + -1596 = 1702 (1923)
[56.447847] 
[56.447851] 
[56.447862] Start  layer1: 40 SMs -> 14
[56.458414] End    layer1: 993 -> 10549 + -5456 = 5092 (6716)
[56.458420] 
[56.458426] 
[56.458435] Start  layer2: 40 SMs -> 14
[56.478392] End    layer2: 1137 -> 19952 + -17742 = 2210 (7692)
[56.478398] 
[56.478416] 
[56.478427] Start  layer3: 20 SMs -> 9
[56.489181] End    layer3: 1688 -> 10748 + -19484 = -8736 (9043)
[56.489188] 
[56.489197] 
[56.489210] Start  layer4: 20 SMs -> 8
[56.502926] End    layer4: 2400 -> 13713 + -18980 = -5267 (14252)
[56.502932] 
[56.502939] 
[56.502947] Start  layerX: 10 SMs -> 7
[56.504140] End    layerX: 80 -> 1188 + -19821 = -18633 (371)
[56.504145] 
[56.504153] Delayed : 9841us
[56.504160] 
[56.504168] Start  layer0: 10 SMs -> 7
[56.505976] End    layer0: 575 -> 1802 + -9733 = -7931 (1923)
[56.505983] 
[56.505987] 
[56.505999] Start  layer1: 20 SMs -> 7
[56.513920] End    layer1: 1275 -> 7918 + -10961 = -3044 (6716)
[56.513926] 
[56.513931] 
[56.513940] Start  layer2: 40 SMs -> 15
[56.530933] End    layer2: 1137 -> 16991 + -20285 = -3294 (7692)
[56.530937] 
[56.530941] 
[56.530948] Start  layer3: 10 SMs -> 7
[56.540659] End    layer3: 2426 -> 9706 + -20964 = -11259 (9043)
[56.540664] 
[56.540669] 
[56.540677] Start  layer4: 40 SMs -> 10
[56.557248] End    layer4: 2107 -> 16565 + -23299 = -6735 (14252)
[56.557255] 
[56.557263] 
[56.557274] Start  layerX: 40 SMs -> 14
[56.558122] End    layerX: 54 -> 845 + -23804 = -22959 (371)
[56.558127] 
[56.558137] Delayed : 13824us
[56.558144] 
[56.558155] Start  layer0: 20 SMs -> 7
[56.560133] End    layer0: 397 -> 1974 + -13892 = -11917 (1923)
[56.560139] 
[56.560142] 
[56.560151] Start  layer1: 20 SMs -> 6
[56.567103] End    layer1: 1275 -> 6950 + -14147 = -7197 (6716)
[56.567107] 
[56.567111] 
[56.567117] Start  layer2: 30 SMs -> 9
[56.576490] End    layer2: 1380 -> 9368 + -15840 = -6472 (7692)
[56.576496] 
[56.576502] 
[56.576512] Start  layer3: 20 SMs -> 8
[56.584576] End    layer3: 1688 -> 8060 + -14882 = -6822 (9043)
[56.584582] 
[56.584587] 
[56.584596] Start  layer4: 20 SMs -> 6
[56.591967] End    layer4: 2400 -> 7365 + -8018 = -654 (14252)
[56.591974] 
[56.591981] 
[56.591991] Start  layerX: 10 SMs -> 2
[56.592419] End    layerX: 80 -> 425 + -8101 = -7676 (371)
[56.592423] 
[56.592432] Reserved: 1880us
[56.594378] 
[56.594392] Start  layer0: 30 SMs -> 14
[56.598939] End    layer0: 321 -> 4542 + -2695 = 1845 (1923)
[56.598945] 
[56.598950] 
[56.598962] Start  layer1: 10 SMs -> 7
[56.607847] End    layer1: 1984 -> 8880 + -4886 = 3992 (6716)
[56.607854] 
[56.607860] 
[56.607871] Start  layer2: 20 SMs -> 6
[56.615108] End    layer2: 1498 -> 7234 + -4458 = 2775 (7692)
[56.615114] 
[56.615119] 
[56.615127] Start  layer3: 20 SMs -> 6
[56.623261] End    layer3: 1688 -> 8128 + -3565 = 4561 (9043)
[56.623268] 
[56.623275] 
[56.623287] Start  layer4: 20 SMs -> 6
[56.634003] End    layer4: 2400 -> 10711 + -55 = 10655 (14252)
[56.634010] 
[56.634018] 
[56.634030] Start  layerX: 40 SMs -> 10
[56.635180] End    layerX: 54 -> 1145 + -860 = 284 (371)
[56.635187] 
[56.635201] Reserved: 9111us
[56.644378] 
[56.644393] Start  layer0: 10 SMs -> 4
[56.645693] End    layer0: 575 -> 1296 + 549 = 1845 (1923)
[56.645699] 
[56.645702] 
[56.645711] Start  layer1: 40 SMs -> 11
[56.660405] End    layer1: 993 -> 14690 + -7447 = 7242 (6716)
[56.660411] 
[56.660419] 
[56.660428] Start  layer2: 30 SMs -> 6
[56.668773] End    layer2: 1380 -> 8339 + -8121 = 217 (7692)
[56.668780] 
[56.668809] 
[56.668818] Start  layer3: 30 SMs -> 7
[56.676660] End    layer3: 1668 -> 7836 + -6964 = 871 (9043)
[56.676667] 
[56.676674] 
[56.676684] Start  layer4: 30 SMs -> 6
[56.684610] End    layer4: 2317 -> 7920 + -662 = 7257 (14252)
[56.684617] 
[56.684636] 
[56.684648] Start  layerX: 10 SMs -> 4
[56.684949] End    layerX: 80 -> 299 + -631 = -333 (371)
[56.684954] 
[56.684973] Reserved: 9338us
[56.694377] 
[56.694391] Start  layer0: 20 SMs -> 5
[56.696417] End    layer0: 397 -> 2023 + -176 = 1846 (1923)
[56.696423] 
[56.696426] 
[56.696434] Start  layer1: 20 SMs -> 6
[56.703624] End    layer1: 1275 -> 7186 + -666 = 6519 (6716)
[56.703630] 
[56.703637] 
[56.703646] Start  layer2: 20 SMs -> 7
[56.712828] End    layer2: 1498 -> 9178 + -2178 = 6999 (7692)
[56.712834] 
[56.712840] 
[56.712849] Start  layer3: 40 SMs -> 12
[56.725193] End    layer3: 1337 -> 12340 + -5499 = 6840 (9043)
[56.725198] 
[56.725206] 
[56.725215] Start  layer4: 30 SMs -> 7
[56.732410] End    layer4: 2317 -> 7190 + 1536 = 8726 (14252)
[56.732415] 
[56.732420] 
[56.732429] Start  layerX: 10 SMs -> 7
[56.733088] End    layerX: 80 -> 656 + 1227 = 1884 (371)
[56.733092] 
[56.733100] Reserved: 11212us
[56.744373] 
[56.744384] Start  layer0: 20 SMs -> 5
[56.745838] End    layer0: 397 -> 1450 + 402 = 1852 (1923)
[56.745843] 
[56.745846] 
[56.745854] Start  layer1: 30 SMs -> 9
[56.753814] End    layer1: 1165 -> 7955 + -855 = 7099 (6716)
[56.753819] 
[56.753824] 
[56.753832] Start  layer2: 20 SMs -> 7
[56.761808] End    layer2: 1498 -> 7971 + -1157 = 6813 (7692)
[56.761813] 
[56.761826] 
[56.761835] Start  layer3: 20 SMs -> 7
[56.768469] End    layer3: 1688 -> 6629 + 1225 = 7854 (9043)
[56.768474] 
[56.768479] 
[56.768487] Start  layer4: 40 SMs -> 13
[56.781705] End    layer4: 2107 -> 13214 + 2241 = 15454 (14252)
[56.781733] 
[56.781741] 
[56.781751] Start  layerX: 40 SMs -> 7
[56.782403] End    layerX: 54 -> 649 + 1913 = 2562 (371)
[56.782407] 
[56.782414] Reserved: 11897us
[56.794374] 
[56.794385] Start  layer0: 20 SMs -> 6
[56.795678] End    layer0: 397 -> 1290 + 562 = 1851 (1923)
[56.795683] 
[56.795686] 
[56.795694] Start  layer1: 20 SMs -> 8
[56.802191] End    layer1: 1275 -> 6493 + 766 = 7259 (6716)
[56.802197] 
[56.802202] 
[56.802211] Start  layer2: 40 SMs -> 11
[56.809748] End    layer2: 1137 -> 7532 + 902 = 8434 (7692)
[56.809753] 
[56.809757] 
[56.809766] Start  layer3: 10 SMs -> 4
[56.814734] End    layer3: 2426 -> 4963 + 4960 = 9922 (9043)
[56.814739] 
[56.814744] 
[56.814752] Start  layer4: 10 SMs -> 4
[56.821834] End    layer4: 3568 -> 7078 + 12111 = 19189 (14252)
[56.821840] 
[56.821846] 
[56.821854] Start  layerX: 30 SMs -> 8
[56.822615] End    layerX: 69 -> 758 + 11701 = 12459 (371)
[56.822619] 
[56.822636] Reserved: 21676us
[56.844375] 
[56.844384] Start  layer0: 30 SMs -> 7
[56.845961] End    layer0: 321 -> 1573 + 279 = 1852 (1923)
[56.845966] 
[56.845969] 
[56.845977] Start  layer1: 30 SMs -> 7
[56.851044] End    layer1: 1165 -> 5063 + 1913 = 6976 (6716)
[56.851049] 
[56.851073] 
[56.851081] Start  layer2: 30 SMs -> 6
[56.856626] End    layer2: 1380 -> 5541 + 4023 = 9564 (7692)
[56.856632] 
[56.856637] 
[56.856645] Start  layer3: 40 SMs -> 11
[56.865974] End    layer3: 1337 -> 9325 + 3719 = 13044 (9043)
[56.865979] 
[56.865986] 
[56.865994] Start  layer4: 30 SMs -> 6
[56.874178] End    layer4: 2317 -> 8180 + 9767 = 17947 (14252)
[56.874183] 
[56.874188] 
[56.874197] Start  layerX: 20 SMs -> 5
[56.874504] End    layerX: 69 -> 304 + 9812 = 10116 (371)
[56.874508] 
[56.874518] Reserved: 19794us
[56.894374] 
[56.894382] Start  layer0: 20 SMs -> 3
[56.895380] End    layer0: 397 -> 993 + 860 = 1853 (1923)
[56.895385] 
[56.895388] 
[56.895396] Start  layer1: 20 SMs -> 6
[56.900837] End    layer1: 1275 -> 5437 + 2120 = 7557 (6716)
[56.900842] 
[56.900885] 
[56.900895] Start  layer2: 20 SMs -> 5
[56.906446] End    layer2: 1498 -> 5547 + 4203 = 9750 (7692)
[56.906452] 
[56.906464] 
[56.906473] Start  layer3: 20 SMs -> 6
[56.912420] End    layer3: 1688 -> 5943 + 7273 = 13216 (9043)
[56.912425] 
[56.912432] 
[56.912440] Start  layer4: 30 SMs -> 5
[56.918980] End    layer4: 2317 -> 6533 + 14967 = 21500 (14252)
[56.918987] 
[56.918997] 
[56.919008] Start  layerX: 30 SMs -> 4
[56.920485] End    layerX: 69 -> 1471 + 13835 = 15306 (371)
[56.920492] 
[56.920506] Reserved: 23806us
[56.944380] 
[56.944394] Start  layer0: 10 SMs -> 5
[56.946360] End    layer0: 575 -> 1964 + -119 = 1843 (1923)
[56.946366] 
[56.946369] 
[56.946377] Start  layer1: 30 SMs -> 6
[56.951593] End    layer1: 1165 -> 5212 + 1364 = 6575 (6716)
[56.951598] 
[56.951603] 
[56.951611] Start  layer2: 20 SMs -> 7
[56.957263] End    layer2: 1498 -> 5647 + 3386 = 9033 (7692)
[56.957268] 
[56.957282] 
[56.957290] Start  layer3: 20 SMs -> 6
[56.963638] End    layer3: 1688 -> 6344 + 6055 = 12399 (9043)
[56.963644] 
[56.963660] 
[56.963668] Start  layer4: 40 SMs -> 9
[56.974409] End    layer4: 2107 -> 10736 + 9537 = 20273 (14252)
[56.974414] 
[56.974421] 
[56.974429] Start  layerX: 10 SMs -> 3
[56.974738] End    layerX: 80 -> 306 + 9578 = 9884 (371)
[56.974742] 
[56.974751] Reserved: 19561us
[56.994373] 
[56.994381] Start  layer0: 30 SMs -> 5
[56.995555] End    layer0: 321 -> 1170 + 685 = 1855 (1923)
[56.995560] 
[56.995563] 
[56.995570] Start  layer1: 30 SMs -> 6
[56.999729] End    layer1: 1165 -> 4155 + 3228 = 7383 (6716)
[56.999734] 
[56.999739] 
[56.999747] Start  layer2: 40 SMs -> 8
[57.007638] End    layer2: 1137 -> 7886 + 3012 = 10898 (7692)
[57.007644] 
[57.007649] 
[57.007657] Start  layer3: 30 SMs -> 7
[57.012998] End    layer3: 1668 -> 5337 + 6695 = 12032 (9043)
[57.013004] 
[57.013009] 
[57.013017] Start  layer4: 30 SMs -> 6
[57.022139] End    layer4: 2317 -> 9118 + 11806 = 20924 (14252)
[57.022145] 
[57.022149] 
[57.022158] Start  layerX: 30 SMs -> 5
[57.022643] End    layerX: 69 -> 482 + 11673 = 12155 (371)
[57.022672] 
[57.022683] Reserved: 21628us
[57.044373] 
[57.044384] Start  layer0: 30 SMs -> 4
[57.045558] End    layer0: 321 -> 1171 + 682 = 1853 (1923)
[57.045564] 
[57.045567] 
[57.045575] Start  layer1: 30 SMs -> 6
[57.049734] End    layer1: 1165 -> 4154 + 3223 = 7378 (6716)
[57.049739] 
[57.049744] 
[57.049752] Start  layer2: 30 SMs -> 6
[57.056615] End    layer2: 1380 -> 6856 + 4036 = 10892 (7692)
[57.056622] 
[57.056649] 
[57.056660] Start  layer3: 40 SMs -> 9
[57.067262] End    layer3: 1337 -> 10599 + 2431 = 13029 (9043)
[57.067268] 
[57.067275] 
[57.067283] Start  layer4: 20 SMs -> 2
[57.070333] End    layer4: 2400 -> 3046 + 13612 = 16658 (14252)
[57.070339] 
[57.070356] 
[57.070365] Start  layerX: 40 SMs -> 7
[57.071109] End    layerX: 54 -> 741 + 13207 = 13948 (371)
[57.071113] 
[57.071121] Reserved: 23191us
[57.094373] 
[57.094381] Start  layer0: 20 SMs -> 3
[57.095152] End    layer0: 397 -> 767 + 1088 = 1855 (1923)
[57.095157] 
[57.095160] 
[57.095168] Start  layer1: 20 SMs -> 4
[57.099277] End    layer1: 1275 -> 4104 + 3680 = 7784 (6716)
[57.099282] 
[57.099292] 
[57.099300] Start  layer2: 20 SMs -> 5
[57.103130] End    layer2: 1498 -> 3826 + 7520 = 11345 (7692)
[57.103135] 
[57.103140] 
[57.103148] Start  layer3: 20 SMs -> 4
[57.107203] End    layer3: 1688 -> 4050 + 12491 = 16541 (9043)
[57.107208] 
[57.107213] 
[57.107221] Start  layer4: 20 SMs -> 4
[57.113577] End    layer4: 2400 -> 6351 + 20368 = 26719 (14252)
[57.113583] 
[57.113588] 
[57.113596] Start  layerX: 20 SMs -> 4
[57.114434] End    layerX: 69 -> 835 + 19882 = 20717 (371)
[57.114438] 
[57.114445] Reserved: 29866us
[57.144374] 
[57.144382] Start  layer0: 10 SMs -> 2
[57.145656] End    layer0: 575 -> 1270 + 584 = 1854 (1923)
[57.145661] 
[57.145664] 
[57.145672] Start  layer1: 10 SMs -> 3
[57.148297] End    layer1: 1984 -> 2620 + 4660 = 7281 (6716)
[57.148302] 
[57.148308] 
[57.148316] Start  layer2: 10 SMs -> 2
[57.151740] End    layer2: 2141 -> 3420 + 8909 = 12329 (7692)
[57.151746] 
[57.151751] 
[57.151759] Start  layer3: 30 SMs -> 5
[57.155887] End    layer3: 1668 -> 4122 + 13808 = 17930 (9043)
[57.155894] 
[57.155904] 
[57.155915] Start  layer4: 40 SMs -> 7
[57.165815] End    layer4: 2107 -> 9896 + 18131 = 28026 (14252)
[57.165820] 
[57.165826] 
[57.165835] Start  layerX: 30 SMs -> 3
[57.166280] End    layerX: 69 -> 443 + 18035 = 18478 (371)
[57.166284] 
[57.166306] Reserved: 28006us
[57.194379] 
[57.194394] Start  layer0: 20 SMs -> 2
[57.195030] End    layer0: 397 -> 633 + 1210 = 1843 (1923)
[57.195035] 
[57.195038] 
[57.195046] Start  layer1: 40 SMs -> 4
[57.198092] End    layer1: 993 -> 3042 + 4865 = 7907 (6716)
[57.198097] 
[57.198102] 
[57.198110] Start  layer2: 40 SMs -> 5
[57.202057] End    layer2: 1137 -> 3942 + 8593 = 12535 (7692)
[57.202062] 
[57.202083] 
[57.202091] Start  layer3: 20 SMs -> 3
[57.205576] End    layer3: 1688 -> 3481 + 14117 = 17598 (9043)
[57.205581] 
[57.205586] 
[57.205594] Start  layer4: 30 SMs -> 4
[57.210865] End    layer4: 2317 -> 5266 + 23080 = 28347 (14252)
[57.210870] 
[57.210875] 
[57.210883] Start  layerX: 30 SMs -> 2
[57.211356] End    layerX: 69 -> 470 + 22960 = 23430 (371)
[57.211360] 
[57.211367] Reserved: 32945us
[57.244379] 
[57.244393] Start  layer0: 30 SMs -> 2
[57.244947] End    layer0: 321 -> 551 + 1293 = 1844 (1923)
[57.244952] 
[57.244955] 
[57.244963] Start  layer1: 30 SMs -> 3
[57.247168] End    layer1: 1165 -> 2200 + 5789 = 7989 (6716)
[57.247173] 
[57.247187] 
[57.247194] Start  layer2: 30 SMs -> 3
[57.249867] End    layer2: 1380 -> 2669 + 10782 = 13451 (7692)
[57.249872] 
[57.249879] 
[57.249887] Start  layer3: 10 SMs -> 2
[57.252932] End    layer3: 2426 -> 3041 + 16762 = 19802 (9043)
[57.252937] 
[57.252943] 
[57.252951] Start  layer4: 30 SMs -> 4
[57.257940] End    layer4: 2317 -> 4984 + 26005 = 30990 (14252)
[57.257945] 
[57.257950] 
[57.257957] Start  layerX: 30 SMs -> 2
[57.258093] End    layerX: 69 -> 133 + 26222 = 26355 (371)
[57.258097] 
[57.258105] Reserved: 36206us
[57.294374] 
[57.294383] Start  layer0: 20 SMs -> 1
[57.294965] End    layer0: 397 -> 578 + 1275 = 1853 (1923)
[57.294991] 
[57.294994] 
[57.295002] Start  layer1: 20 SMs -> 3
[57.297647] End    layer1: 1275 -> 2641 + 5310 = 7951 (6716)
[57.297652] 
[57.297658] 
[57.297666] Start  layer2: 10 SMs -> 2
[57.299843] End    layer2: 2141 -> 2173 + 10806 = 12979 (7692)
[57.299849] 
[57.299856] 
[57.299864] Start  layer3: 40 SMs -> 4
[57.303615] End    layer3: 1337 -> 3746 + 16079 = 19825 (9043)
[57.303620] 
[57.303626] 
[57.303635] Start  layer4: 40 SMs -> 4
[57.309112] End    layer4: 2107 -> 5473 + 24833 = 30306 (14252)
[57.309117] 
[57.309122] 
[57.309130] Start  layerX: 20 SMs -> 2
[57.309590] End    layerX: 69 -> 457 + 24726 = 25183 (371)
[57.309594] 
[57.309603] Reserved: 34709us
[57.344373] 
[57.344381] Start  layer0: 20 SMs -> 1
[57.344809] End    layer0: 397 -> 424 + 1430 = 1854 (1923)
[57.344814] 
[57.344817] 
[57.344824] Start  layer1: 30 SMs -> 4
[57.346911] End    layer1: 1165 -> 2082 + 6046 = 8128 (6716)
[57.346916] 
[57.346923] 
[57.346932] Start  layer2: 30 SMs -> 3
[57.349350] End    layer2: 1380 -> 2413 + 11300 = 13713 (7692)
[57.349355] 
[57.349361] 
[57.349369] Start  layer3: 10 SMs -> 2
[57.351617] End    layer3: 2426 -> 2243 + 18076 = 20319 (9043)
[57.351622] 
[57.351628] 
[57.351635] Start  layer4: 10 SMs -> 1
[57.355062] End    layer4: 3568 -> 3422 + 28883 = 32305 (14252)
[57.355067] 
[57.355072] 
[57.355080] Start  layerX: 20 SMs -> 3
[57.355254] End    layerX: 69 -> 171 + 29062 = 29233 (371)
[57.355258] 
[57.355267] Reserved: 39045us
[57.394376] 
[57.394389] Start  layer0: 40 SMs -> 1
[57.394858] End    layer0: 284 -> 466 + 1382 = 1848 (1923)
[57.394863] 
[57.394866] 
[57.394874] Start  layer1: 40 SMs -> 3
[57.397202] End    layer1: 993 -> 2324 + 5755 = 8079 (6716)
[57.397208] 
[57.397215] 
[57.397224] Start  layer2: 30 SMs -> 3
[57.399531] End    layer2: 1380 -> 2303 + 11118 = 13421 (7692)
[57.399536] 
[57.399542] 
[57.399551] Start  layer3: 10 SMs -> 1
[57.402279] End    layer3: 2426 -> 2724 + 17414 = 20138 (9043)
[57.402284] 
[57.402290] 
[57.402298] Start  layer4: 20 SMs -> 2
[57.406183] End    layer4: 2400 -> 3881 + 27762 = 31643 (14252)
[57.406188] 
[57.406194] 
[57.406202] Start  layerX: 40 SMs -> 2
[57.406509] End    layerX: 54 -> 304 + 27807 = 28110 (371)
[57.406513] 
[57.406520] Reserved: 37791us
