[36.924040] layer0:
[36.938007] 	10	344us, 577us
[36.948475] 	20	235us, 374us
[36.957758] 	30	203us, 322us
[36.966595] 	40	184us, 291us
[36.966608] Params: 0.62	0.36	0.40

[36.966612] layer1:
[37.003630] 	10	1115us, 1892us
[37.028437] 	20	789us, 1294us
[37.050875] 	30	691us, 1136us
[37.071455] 	40	684us, 993us
[37.071467] Params: 0.62	0.24	0.39

[37.071473] layer2:
[37.114180] 	10	1332us, 2163us
[37.143402] 	20	984us, 1518us
[37.170527] 	30	929us, 1385us
[37.193922] 	40	797us, 1133us
[37.193935] Params: 0.66	0.32	0.43

[37.193942] layer3:
[37.238435] 	10	1407us, 2212us
[37.270278] 	20	972us, 1779us
[37.300035] 	30	932us, 1637us
[37.326641] 	40	896us, 1342us
[37.326655] Params: 0.60	0.22	0.36

[37.326661] layer4:
[37.397669] 	10	2392us, 3604us
[37.442118] 	20	1573us, 2446us
[37.484791] 	30	1524us, 2337us
[37.524258] 	40	1423us, 2113us
[37.524271] Params: 0.66	0.27	0.30

[37.524276] layerX:
[37.529588] 	10	44us, 79us
[37.534876] 	20	41us, 67us
[37.540040] 	30	40us, 56us
[37.545156] 	40	40us, 52us
[37.545169] Params: 0.66	0.05	0.28

