[55.493475] 
[55.493506] Start  layer0: 10 SMs -> 3
[55.497297] End    layer0: 577 -> 3793 + -1858 = 1934 (1963)
[55.497300] 
[55.497302] 
[55.497307] Start  layer1: 20 SMs -> 8
[55.508787] End    layer1: 1293 -> 11477 + -6642 = 4834 (6705)
[55.508789] 
[55.508828] 
[55.508837] Start  layer2: 30 SMs -> 10
[55.516674] End    layer2: 1384 -> 7835 + -6876 = 959 (7653)
[55.516677] 
[55.516680] 
[55.516685] Start  layer3: 20 SMs -> 9
[55.527295] End    layer3: 1778 -> 10607 + -8434 = 2172 (9062)
[55.527298] 
[55.527300] 
[55.527305] Start  layer4: 20 SMs -> 8
[55.541420] End    layer4: 2446 -> 14112 + -8293 = 5819 (14267)
[55.541423] 
[55.541433] 
[55.541437] Start  layerX: 20 SMs -> 8
[55.541931] End    layerX: 67 -> 492 + -8455 = -7963 (348)
[55.541933] 
[55.541939] Reserved: 1533us
[55.543531] 
[55.543539] Start  layer0: 30 SMs -> 8
[55.545065] End    layer0: 321 -> 1524 + 374 = 1898 (1963)
[55.545069] 
[55.545071] 
[55.545083] Start  layer1: 30 SMs -> 3
[55.546504] End    layer1: 1135 -> 1420 + 5639 = 7059 (6705)
[55.546507] 
[55.546510] 
[55.546514] Start  layer2: 30 SMs -> 2
[55.550739] End    layer2: 1384 -> 4222 + 9058 = 13280 (7653)
[55.550742] 
[55.550746] 
[55.550751] Start  layer3: 30 SMs -> 6
[55.554839] End    layer3: 1636 -> 4086 + 14020 = 18106 (9062)
[55.554842] 
[55.554844] 
[55.554849] Start  layer4: 30 SMs -> 6
[55.560937] End    layer4: 2337 -> 6086 + 22189 = 28275 (14267)
[55.560940] 
[55.560944] 
[55.560948] Start  layerX: 10 SMs -> 7
[55.562382] End    layerX: 78 -> 1431 + 21093 = 22525 (348)
[55.562385] 
[55.562389] Reserved: 31083us
[55.593532] 
[55.593540] Start  layer0: 30 SMs -> 2
[55.594424] End    layer0: 321 -> 882 + 1015 = 1897 (1963)
[55.594428] 
[55.594430] 
[55.594436] Start  layer1: 30 SMs -> 6
[55.599331] End    layer1: 1135 -> 4893 + 2812 = 7705 (6705)
[55.599334] 
[55.599338] 
[55.599343] Start  layer2: 30 SMs -> 9
[55.604903] End    layer2: 1384 -> 5554 + 4897 = 10452 (7653)
[55.604907] 
[55.604915] 
[55.604922] Start  layer3: 20 SMs -> 9
[55.611443] End    layer3: 1778 -> 6517 + 7419 = 13936 (9062)
[55.611448] 
[55.611463] 
[55.611473] Start  layer4: 20 SMs -> 7
[55.618598] End    layer4: 2446 -> 7123 + 14530 = 21653 (14267)
[55.618603] 
[55.618608] 
[55.618615] Start  layerX: 20 SMs -> 7
[55.619586] End    layerX: 67 -> 966 + 13893 = 14859 (348)
[55.619591] 
[55.619600] Reserved: 23873us
[55.643535] 
[55.643547] Start  layer0: 30 SMs -> 7
[55.646652] End    layer0: 321 -> 3099 + -1207 = 1891 (1963)
[55.646658] 
[55.646663] 
[55.646671] Start  layer1: 30 SMs -> 7
[55.652055] End    layer1: 1135 -> 5379 + 92 = 5471 (6705)
[55.652061] 
[55.652075] 
[55.652083] Start  layer2: 20 SMs -> 9
[55.659204] End    layer2: 1517 -> 7115 + 598 = 7713 (7653)
[55.659211] 
[55.659217] 
[55.659227] Start  layer3: 20 SMs -> 7
[55.666180] End    layer3: 1778 -> 6949 + 2683 = 9632 (9062)
[55.666185] 
[55.666190] 
[55.666200] Start  layer4: 20 SMs -> 7
[55.673498] End    layer4: 2446 -> 7294 + 9632 = 16926 (14267)
[55.673504] 
[55.673511] 
[55.673519] Start  layerX: 20 SMs -> 7
[55.675005] End    layerX: 67 -> 1483 + 8473 = 9956 (348)
[55.675009] 
[55.675020] Reserved: 18453us
[55.693545] 
[55.693559] Start  layer0: 10 SMs -> 6
[55.697436] End    layer0: 577 -> 3872 + -1991 = 1880 (1963)
[55.697442] 
[55.697447] 
[55.697459] Start  layer1: 20 SMs -> 7
[55.704699] End    layer1: 1293 -> 7237 + -2552 = 4685 (6705)
[55.704705] 
[55.704719] 
[55.704727] Start  layer2: 20 SMs -> 7
[55.712419] End    layer2: 1517 -> 7686 + -2616 = 5069 (7653)
[55.712426] 
[55.712433] 
[55.712444] Start  layer3: 40 SMs -> 16
[55.729175] End    layer3: 1341 -> 16727 + -10311 = 6415 (9062)
[55.729180] 
[55.729186] 
[55.729198] Start  layer4: 40 SMs -> 13
[55.747386] End    layer4: 2112 -> 18184 + -14255 = 3928 (14267)
[55.747392] 
[55.747398] 
[55.747408] Start  layerX: 30 SMs -> 10
[55.747979] End    layerX: 56 -> 567 + -14500 = -13932 (348)
[55.747984] 
[55.747994] Delayed : 4520us
[55.748000] 
[55.748009] Start  layer0: 30 SMs -> 9
[55.749372] End    layer0: 321 -> 1359 + -3929 = -2570 (1963)
[55.749377] 
[55.749380] 
[55.749389] Start  layer1: 30 SMs -> 10
[55.758296] End    layer1: 1135 -> 8901 + -6146 = 2753 (6705)
[55.758303] 
[55.758310] 
[55.758322] Start  layer2: 30 SMs -> 8
[55.771703] End    layer2: 1384 -> 13377 + -11901 = 1476 (7653)
[55.771708] 
[55.771723] 
[55.771732] Start  layer3: 10 SMs -> 4
[55.781949] End    layer3: 2211 -> 10213 + -13085 = -2872 (9062)
[55.781954] 
[55.781959] 
[55.781968] Start  layer4: 10 SMs -> 4
[55.790964] End    layer4: 3604 -> 8992 + -7834 = 1158 (14267)
[55.790970] 
[55.790976] 
[55.790984] Start  layerX: 10 SMs -> 2
[55.791562] End    layerX: 78 -> 574 + -8083 = -7509 (348)
[55.791566] 
[55.791585] Reserved: 1889us
[55.793537] 
[55.793549] Start  layer0: 20 SMs -> 5
[55.796219] End    layer0: 374 -> 2666 + -776 = 1890 (1963)
[55.796225] 
[55.796228] 
[55.796237] Start  layer1: 10 SMs -> 9
[55.805040] End    layer1: 1892 -> 8799 + -2892 = 5906 (6705)
[55.805045] 
[55.805050] 
[55.805069] Start  layer2: 10 SMs -> 7
[55.810483] End    layer2: 2163 -> 5410 + -682 = 4728 (7653)
[55.810489] 
[55.810496] 
[55.810507] Start  layer3: 20 SMs -> 7
[55.817555] End    layer3: 1778 -> 7045 + 1308 = 8352 (9062)
[55.817561] 
[55.817566] 
[55.817575] Start  layer4: 20 SMs -> 7
[55.827872] End    layer4: 2446 -> 10293 + 5258 = 15550 (14267)
[55.827878] 
[55.827891] 
[55.827900] Start  layerX: 10 SMs -> 6
[55.828978] End    layerX: 78 -> 1075 + 4500 = 5575 (348)
[55.828982] 
[55.829011] Reserved: 14462us
[55.843543] 
[55.843560] Start  layer0: 30 SMs -> 3
[55.844173] End    layer0: 321 -> 611 + 1269 = 1880 (1963)
[55.844178] 
[55.844181] 
[55.844189] Start  layer1: 30 SMs -> 2
[55.848391] End    layer1: 1135 -> 4197 + 3756 = 7953 (6705)
[55.848396] 
[55.848401] 
[55.848409] Start  layer2: 30 SMs -> 8
[55.854516] End    layer2: 1384 -> 6102 + 5285 = 11387 (7653)
[55.854521] 
[55.854535] 
[55.854544] Start  layer3: 40 SMs -> 15
[55.870873] End    layer3: 1341 -> 16325 + -2009 = 14315 (9062)
[55.870879] 
[55.870895] 
[55.870904] Start  layer4: 40 SMs -> 13
[55.885896] End    layer4: 2112 -> 14985 + -2763 = 12221 (14267)
[55.885903] 
[55.885922] 
[55.885936] Start  layerX: 20 SMs -> 10
[55.886775] End    layerX: 67 -> 837 + -3296 = -2459 (348)
[55.886780] 
[55.886788] Reserved: 6685us
[55.893538] 
[55.893552] Start  layer0: 30 SMs -> 7
[55.894797] End    layer0: 321 -> 1242 + 645 = 1887 (1963)
[55.894802] 
[55.894806] 
[55.894814] Start  layer1: 40 SMs -> 10
[55.906168] End    layer1: 992 -> 11350 + -4021 = 7328 (6705)
[55.906174] 
[55.906181] 
[55.906189] Start  layer2: 40 SMs -> 13
[55.922344] End    layer2: 1133 -> 16149 + -12540 = 3608 (7653)
[55.922351] 
[55.922376] 
[55.922387] Start  layer3: 40 SMs -> 15
[55.939934] End    layer3: 1341 -> 17543 + -21070 = -3527 (9062)
[55.939939] 
[55.939944] 
[55.939955] Start  layer4: 40 SMs -> 10
[55.960257] End    layer4: 2112 -> 20298 + -27126 = -6828 (14267)
[55.960262] 
[55.960268] 
[55.960278] Start  layerX: 10 SMs -> 6
[55.961152] End    layerX: 78 -> 871 + -27673 = -26802 (348)
[55.961158] 
[55.961222] Delayed : 17748us
[55.961229] 
[55.961236] Start  layer0: 40 SMs -> 17
[55.966502] End    layer0: 290 -> 5261 + -21059 = -15798 (1963)
[55.966507] 
[55.966510] 
[55.966519] Start  layer1: 10 SMs -> 6
[55.973939] End    layer1: 1892 -> 7413 + -21789 = -14376 (6705)
[55.973946] 
[55.973953] 
[55.973964] Start  layer2: 10 SMs -> 4
[55.982084] End    layer2: 2163 -> 8115 + -22280 = -14166 (7653)
[55.982091] 
[55.982098] 
[55.982110] Start  layer3: 10 SMs -> 4
[55.990559] End    layer3: 2211 -> 8446 + -21696 = -13250 (9062)
[55.990565] 
[55.990570] 
[55.990579] Start  layer4: 30 SMs -> 5
[55.996918] End    layer4: 2337 -> 6333 + -13785 = -7453 (14267)
[55.996926] 
[55.996932] 
[55.996943] Start  layerX: 40 SMs -> 25
[55.998416] End    layerX: 51 -> 1470 + -14936 = -13466 (348)
[55.998422] 
[55.998468] Delayed : 4993us
[55.998477] 
[55.998490] Start  layer0: 10 SMs -> 4
[56.000198] End    layer0: 577 -> 1705 + -4755 = -3050 (1963)
[56.000204] 
[56.000208] 
[56.000216] Start  layer1: 10 SMs -> 7
[56.009900] End    layer1: 1892 -> 9678 + -7750 = 1927 (6705)
[56.009907] 
[56.009923] 
[56.009962] Start  layer2: 30 SMs -> 7
[56.019628] End    layer2: 1384 -> 9661 + -9824 = -163 (7653)
[56.019635] 
[56.019654] 
[56.019665] Start  layer3: 40 SMs -> 15
[56.039706] End    layer3: 1341 -> 20038 + -20842 = -805 (9062)
[56.039712] 
[56.039724] 
[56.039733] Start  layer4: 20 SMs -> 5
[56.048278] End    layer4: 2446 -> 8541 + -15147 = -6606 (14267)
[56.048284] 
[56.048291] 
[56.048300] Start  layerX: 20 SMs -> 5
[56.048905] End    layerX: 67 -> 599 + -15424 = -14825 (348)
[56.048912] 
[56.048935] Delayed : 5460us
[56.048941] 
[56.048949] Start  layer0: 20 SMs -> 7
[56.051348] End    layer0: 374 -> 2393 + -5904 = -3511 (1963)
[56.051355] 
[56.051360] 
[56.051372] Start  layer1: 30 SMs -> 10
[56.059117] End    layer1: 1135 -> 7742 + -6969 = 772 (6705)
[56.059123] 
[56.059128] 
[56.059137] Start  layer2: 40 SMs -> 15
[56.073279] End    layer2: 1133 -> 14137 + -13477 = 660 (7653)
[56.073284] 
[56.073290] 
[56.073299] Start  layer3: 40 SMs -> 18
[56.087772] End    layer3: 1341 -> 14469 + -18908 = -4440 (9062)
[56.087777] 
[56.087784] 
[56.087793] Start  layer4: 40 SMs -> 14
[56.103654] End    layer4: 2112 -> 15856 + -20523 = -4667 (14267)
[56.103659] 
[56.103673] 
[56.103683] Start  layerX: 40 SMs -> 12
[56.105075] End    layerX: 51 -> 1388 + -21595 = -20207 (348)
[56.105080] 
[56.105089] Delayed : 11615us
[56.105095] 
[56.105103] Start  layer0: 10 SMs -> 6
[56.108038] End    layer0: 577 -> 2928 + -12593 = -9665 (1963)
[56.108044] 
[56.108049] 
[56.108063] Start  layer1: 20 SMs -> 8
[56.116779] End    layer1: 1293 -> 8712 + -14631 = -5919 (6705)
[56.116785] 
[56.116790] 
[56.116799] Start  layer2: 20 SMs -> 8
[56.125362] End    layer2: 1517 -> 8559 + -15560 = -7001 (7653)
[56.125368] 
[56.125374] 
[56.125382] Start  layer3: 20 SMs -> 7
[56.134478] End    layer3: 1778 -> 9092 + -15615 = -6523 (9062)
[56.134483] 
[56.134488] 
[56.134494] Start  layer4: 20 SMs -> 7
[56.143274] End    layer4: 2446 -> 8772 + -10141 = -1369 (14267)
[56.143281] 
[56.143290] 
[56.143302] Start  layerX: 10 SMs -> 8
[56.144911] End    layerX: 78 -> 1606 + -11431 = -9825 (348)
[56.144917] 
[56.144939] Delayed : 1465us
[56.144947] 
[56.144957] Start  layer0: 20 SMs -> 7
[56.147564] End    layer0: 374 -> 2604 + -2122 = 482 (1963)
[56.147570] 
[56.147573] 
[56.147582] Start  layer1: 30 SMs -> 7
[56.154164] End    layer1: 1135 -> 6578 + -2016 = 4560 (6705)
[56.154170] 
[56.154175] 
[56.154184] Start  layer2: 30 SMs -> 6
[56.161878] End    layer2: 1384 -> 7687 + -2074 = 5612 (7653)
[56.161885] 
[56.161892] 
[56.161904] Start  layer3: 10 SMs -> 6
[56.170832] End    layer3: 2211 -> 8924 + -1968 = 6955 (9062)
[56.170837] 
[56.170846] 
[56.170856] Start  layer4: 10 SMs -> 5
[56.181770] End    layer4: 3604 -> 10910 + 1360 = 12269 (14267)
[56.181776] 
[56.181781] 
[56.181789] Start  layerX: 20 SMs -> 8
[56.182430] End    layerX: 67 -> 638 + 1047 = 1685 (348)
[56.182435] 
[56.182443] Reserved: 11030us
[56.193542] 
[56.193555] Start  layer0: 40 SMs -> 16
[56.198227] End    layer0: 290 -> 4666 + -2782 = 1883 (1963)
[56.198234] 
[56.198238] 
[56.198251] Start  layer1: 20 SMs -> 10
[56.208692] End    layer1: 1293 -> 10437 + -6544 = 3892 (6705)
[56.208697] 
[56.208704] 
[56.208713] Start  layer2: 10 SMs -> 5
[56.215552] End    layer2: 2163 -> 6833 + -5748 = 1084 (7653)
[56.215559] 
[56.215566] 
[56.215577] Start  layer3: 30 SMs -> 9
[56.223845] End    layer3: 1636 -> 8265 + -4981 = 3282 (9062)
[56.223852] 
[56.223861] 
[56.223873] Start  layer4: 40 SMs -> 15
[56.242675] End    layer4: 2112 -> 18797 + -9542 = 9254 (14267)
[56.242682] 
[56.242690] 
[56.242703] Start  layerX: 10 SMs -> 6
[56.243715] End    layerX: 78 -> 1009 + -10236 = -9226 (348)
[56.243721] 
[56.243730] Delayed : 256us
[56.243736] 
[56.243743] Start  layer0: 40 SMs -> 12
[56.248687] End    layer0: 290 -> 4939 + -3244 = 1694 (1963)
[56.248693] 
[56.248696] 
[56.248706] Start  layer1: 40 SMs -> 19
[56.266272] End    layer1: 992 -> 17562 + -14124 = 3437 (6705)
[56.266278] 
[56.266283] 
[56.266292] Start  layer2: 20 SMs -> 7
[56.276204] End    layer2: 1517 -> 9907 + -16401 = -6494 (7653)
[56.276212] 
[56.276255] 
[56.276269] Start  layer3: 20 SMs -> 6
[56.284762] End    layer3: 1778 -> 8490 + -15897 = -7407 (9062)
[56.284769] 
[56.284774] 
[56.284784] Start  layer4: 30 SMs -> 5
[56.291325] End    layer4: 2337 -> 6537 + -8194 = -1657 (14267)
[56.291331] 
[56.291347] 
[56.291356] Start  layerX: 10 SMs -> 4
[56.292126] End    layerX: 78 -> 766 + -8647 = -7881 (348)
[56.292130] 
[56.292141] Reserved: 1332us
[56.293540] 
[56.293555] Start  layer0: 10 SMs -> 6
[56.295089] End    layer0: 577 -> 1532 + 352 = 1884 (1963)
[56.295095] 
[56.295098] 
[56.295107] Start  layer1: 30 SMs -> 6
[56.302039] End    layer1: 1135 -> 6927 + 109 = 7035 (6705)
[56.302045] 
[56.302057] 
[56.302066] Start  layer2: 20 SMs -> 7
[56.312515] End    layer2: 1517 -> 10444 + -2713 = 7730 (7653)
[56.312520] 
[56.312525] 
[56.312535] Start  layer3: 30 SMs -> 6
[56.319323] End    layer3: 1636 -> 6782 + -457 = 6324 (9062)
[56.319330] 
[56.319342] 
[56.319354] Start  layer4: 30 SMs -> 6
[56.328957] End    layer4: 2337 -> 9599 + 4174 = 13773 (14267)
[56.328964] 
[56.328970] 
[56.328979] Start  layerX: 40 SMs -> 16
[56.330964] End    layerX: 51 -> 1979 + 2516 = 4496 (348)
[56.330972] 
[56.330998] Reserved: 12476us
[56.343547] 
[56.343571] Start  layer0: 10 SMs -> 4
[56.345336] End    layer0: 577 -> 1762 + 107 = 1869 (1963)
[56.345342] 
[56.345346] 
[56.345356] Start  layer1: 30 SMs -> 6
[56.353265] End    layer1: 1135 -> 7905 + -1117 = 6787 (6705)
[56.353271] 
[56.353275] 
[56.353285] Start  layer2: 20 SMs -> 7
[56.361054] End    layer2: 1517 -> 7765 + -1252 = 6512 (7653)
[56.361060] 
[56.361077] 
[56.361086] Start  layer3: 40 SMs -> 18
[56.372940] End    layer3: 1341 -> 11850 + -4076 = 7772 (9062)
[56.372946] 
[56.372954] 
[56.372971] Start  layer4: 20 SMs -> 7
[56.382573] End    layer4: 2446 -> 9597 + 557 = 10154 (14267)
[56.382578] 
[56.382596] 
[56.382604] Start  layerX: 30 SMs -> 7
[56.383604] End    layerX: 56 -> 995 + -124 = 870 (348)
[56.383609] 
[56.383628] Reserved: 9845us
[56.393535] 
[56.393550] Start  layer0: 10 SMs -> 9
[56.397056] End    layer0: 577 -> 3502 + -1613 = 1888 (1963)
[56.397061] 
[56.397065] 
[56.397073] Start  layer1: 40 SMs -> 11
[56.409749] End    layer1: 992 -> 12672 + -7601 = 5069 (6705)
[56.409755] 
[56.409759] 
[56.409771] Start  layer2: 30 SMs -> 7
[56.418025] End    layer2: 1384 -> 8251 + -8223 = 27 (7653)
[56.418031] 
[56.418036] 
[56.418044] Start  layer3: 40 SMs -> 15
[56.435267] End    layer3: 1341 -> 17218 + -16402 = 815 (9062)
[56.435273] 
[56.435286] 
[56.435296] Start  layer4: 40 SMs -> 15
[56.453688] End    layer4: 2112 -> 18387 + -20556 = -2169 (14267)
[56.453694] 
[56.453715] 
[56.453726] Start  layerX: 10 SMs -> 6
[56.455094] End    layerX: 78 -> 1361 + -21611 = -20250 (348)
[56.455100] 
[56.455112] Delayed : 11638us
[56.455119] 
[56.455129] Start  layer0: 40 SMs -> 13
[56.457064] End    layer0: 290 -> 1929 + -11619 = -9690 (1963)
[56.457071] 
[56.457076] 
[56.457087] Start  layer1: 30 SMs -> 9
[56.463708] End    layer1: 1135 -> 6617 + -11560 = -4943 (6705)
[56.463713] 
[56.463720] 
[56.463728] Start  layer2: 30 SMs -> 7
[56.469701] End    layer2: 1384 -> 5968 + -9899 = -3931 (7653)
[56.469707] 
[56.469713] 
[56.469722] Start  layer3: 40 SMs -> 15
[56.487934] End    layer3: 1341 -> 18208 + -19071 = -863 (9062)
[56.487940] 
[56.487946] 
[56.487955] Start  layer4: 30 SMs -> 7
[56.495322] End    layer4: 2337 -> 7362 + -12191 = -4829 (14267)
[56.495327] 
[56.495333] 
[56.495342] Start  layerX: 30 SMs -> 6
[56.496146] End    layerX: 56 -> 799 + -12666 = -11867 (348)
[56.496151] 
[56.496167] Delayed : 2693us
[56.496173] 
[56.496180] Start  layer0: 10 SMs -> 5
[56.499207] End    layer0: 577 -> 3022 + -3764 = -742 (1963)
[56.499213] 
[56.499216] 
[56.499224] Start  layer1: 10 SMs -> 7
[56.510489] End    layer1: 1892 -> 11261 + -8341 = 2919 (6705)
[56.510495] 
[56.510499] 
[56.510508] Start  layer2: 20 SMs -> 8
[56.518089] End    layer2: 1517 -> 7579 + -8290 = -711 (7653)
[56.518094] 
[56.518097] 
[56.518103] Start  layer3: 30 SMs -> 8
[56.527278] End    layer3: 1636 -> 9171 + -8415 = 755 (9062)
[56.527283] 
[56.527287] 
[56.527319] Start  layer4: 20 SMs -> 7
[56.541509] End    layer4: 2446 -> 14189 + -8381 = 5807 (14267)
[56.541512] 
[56.541515] 
[56.541520] Start  layerX: 10 SMs -> 4
[56.542382] End    layerX: 78 -> 860 + -8906 = -8046 (348)
[56.542384] 
[56.542388] Reserved: 1084us
[56.543532] 
[56.543538] Start  layer0: 30 SMs -> 7
[56.545672] End    layer0: 321 -> 2132 + -233 = 1898 (1963)
[56.545675] 
[56.545677] 
[56.545682] Start  layer1: 30 SMs -> 9
[56.554336] End    layer1: 1135 -> 8648 + -2188 = 6459 (6705)
[56.554342] 
[56.554346] 
[56.554354] Start  layer2: 20 SMs -> 7
[56.562542] End    layer2: 1517 -> 8185 + -2742 = 5442 (7653)
[56.562545] 
[56.562551] 
[56.562558] Start  layer3: 30 SMs -> 8
[56.571420] End    layer3: 1636 -> 8861 + -2561 = 6300 (9062)
[56.571422] 
[56.571426] 
[56.571430] Start  layer4: 10 SMs -> 6
[56.581576] End    layer4: 3604 -> 10139 + 1554 = 11694 (14267)
[56.581581] 
[56.581587] 
[56.581596] Start  layerX: 30 SMs -> 8
[56.583474] End    layerX: 56 -> 1875 + 4 = 1879 (348)
[56.583480] 
[56.583504] Reserved: 9969us
[56.593540] 
[56.593554] Start  layer0: 30 SMs -> 7
[56.597442] End    layer0: 321 -> 3885 + -1999 = 1885 (1963)
[56.597448] 
[56.597451] 
[56.597460] Start  layer1: 30 SMs -> 12
[56.606657] End    layer1: 1135 -> 9193 + -4509 = 4683 (6705)
[56.606662] 
[56.606667] 
[56.606676] Start  layer2: 40 SMs -> 14
[56.621394] End    layer2: 1133 -> 14713 + -11592 = 3120 (7653)
[56.621400] 
[56.621405] 
[56.621414] Start  layer3: 10 SMs -> 6
[56.632596] End    layer3: 2211 -> 11178 + -13732 = -2554 (9062)
[56.632602] 
[56.632608] 
[56.632616] Start  layer4: 40 SMs -> 11
[56.644273] End    layer4: 2112 -> 11652 + -11142 = 509 (14267)
[56.644279] 
[56.644284] 
[56.644293] Start  layerX: 10 SMs -> 3
[56.644546] End    layerX: 78 -> 249 + -11067 = -10818 (348)
[56.644552] 
[56.644585] Delayed : 1110us
[56.644594] 
[56.644601] Start  layer0: 20 SMs -> 4
[56.645846] End    layer0: 374 -> 1240 + -403 = 836 (1963)
[56.645852] 
[56.645855] 
[56.645870] Start  layer1: 30 SMs -> 12
[56.650350] End    layer1: 1135 -> 4476 + 1796 = 6272 (6705)
[56.650356] 
[56.650361] 
[56.650370] Start  layer2: 30 SMs -> 6
[56.655847] End    layer2: 1384 -> 5473 + 3954 = 9427 (7653)
[56.655853] 
[56.655866] 
[56.655874] Start  layer3: 30 SMs -> 5
[56.661105] End    layer3: 1636 -> 5226 + 7758 = 12984 (9062)
[56.661110] 
[56.661115] 
[56.661124] Start  layer4: 40 SMs -> 14
[56.678587] End    layer4: 2112 -> 17459 + 4543 = 22002 (14267)
[56.678593] 
[56.678598] 
[56.678607] Start  layerX: 10 SMs -> 5
[56.679444] End    layerX: 78 -> 833 + 4035 = 4867 (348)
[56.679450] 
[56.679467] Reserved: 14007us
[56.693536] 
[56.693550] Start  layer0: 10 SMs -> 3
[56.696990] End    layer0: 577 -> 3435 + -1545 = 1889 (1963)
[56.696997] 
[56.697001] 
[56.697013] Start  layer1: 20 SMs -> 7
[56.705264] End    layer1: 1293 -> 8247 + -3116 = 5130 (6705)
[56.705270] 
[56.705277] 
[56.705286] Start  layer2: 20 SMs -> 8
[56.715438] End    layer2: 1517 -> 10148 + -5636 = 4511 (7653)
[56.715444] 
[56.715449] 
[56.715458] Start  layer3: 40 SMs -> 12
[56.728312] End    layer3: 1341 -> 12847 + -9446 = 3400 (9062)
[56.728319] 
[56.728326] 
[56.728338] Start  layer4: 30 SMs -> 7
[56.734486] End    layer4: 2337 -> 6145 + -1355 = 4789 (14267)
[56.734492] 
[56.734498] 
[56.734512] Start  layerX: 30 SMs -> 3
[56.734664] End    layerX: 56 -> 149 + -1185 = -1036 (348)
[56.734668] 
[56.734675] Reserved: 8798us
[56.743534] 
[56.743543] Start  layer0: 10 SMs -> 2
[56.744486] End    layer0: 577 -> 939 + 955 = 1894 (1963)
[56.744492] 
[56.744496] 
[56.744510] Start  layer1: 20 SMs -> 6
[56.749522] End    layer1: 1293 -> 5007 + 2625 = 7632 (6705)
[56.749529] 
[56.749537] 
[56.749547] Start  layer2: 30 SMs -> 10
[56.756826] End    layer2: 1384 -> 7275 + 2975 = 10250 (7653)
[56.756831] 
[56.756846] 
[56.756855] Start  layer3: 20 SMs -> 8
[56.764836] End    layer3: 1778 -> 7976 + 4027 = 12003 (9062)
[56.764841] 
[56.764856] 
[56.764867] Start  layer4: 30 SMs -> 7
[56.776723] End    layer4: 2337 -> 11851 + 6407 = 18258 (14267)
[56.776728] 
[56.776737] 
[56.776746] Start  layerX: 10 SMs -> 5
[56.777557] End    layerX: 78 -> 805 + 5923 = 6728 (348)
[56.777564] 
[56.777579] Reserved: 15895us
[56.793536] 
[56.793550] Start  layer0: 30 SMs -> 3
[56.794310] End    layer0: 321 -> 758 + 1131 = 1889 (1963)
[56.794316] 
[56.794321] 
[56.794331] Start  layer1: 40 SMs -> 5
[56.802919] End    layer1: 992 -> 8584 + -772 = 7812 (6705)
[56.802925] 
[56.802931] 
[56.802939] Start  layer2: 10 SMs -> 4
[56.809191] End    layer2: 2163 -> 6246 + 612 = 6857 (7653)
[56.809198] 
[56.809204] 
[56.809213] Start  layer3: 40 SMs -> 11
[56.822463] End    layer3: 1341 -> 13246 + -3599 = 9645 (9062)
[56.822469] 
[56.822476] 
[56.822485] Start  layer4: 20 SMs -> 7
[56.830943] End    layer4: 2446 -> 8453 + 2187 = 10640 (14267)
[56.830948] 
[56.830953] 
[56.830961] Start  layerX: 30 SMs -> 3
[56.831102] End    layerX: 56 -> 136 + 2377 = 2513 (348)
[56.831108] 
[56.831119] Reserved: 12354us
[56.843539] 
[56.843554] Start  layer0: 30 SMs -> 3
[56.844415] End    layer0: 321 -> 858 + 1027 = 1885 (1963)
[56.844420] 
[56.844424] 
[56.844443] Start  layer1: 30 SMs -> 8
[56.849432] End    layer1: 1135 -> 4984 + 2717 = 7701 (6705)
[56.849439] 
[56.849445] 
[56.849454] Start  layer2: 40 SMs -> 9
[56.860049] End    layer2: 1133 -> 10591 + -247 = 10343 (7653)
[56.860055] 
[56.860059] 
[56.860068] Start  layer3: 10 SMs -> 4
[56.869534] End    layer3: 2211 -> 9460 + -668 = 8790 (9062)
[56.869541] 
[56.869551] 
[56.869562] Start  layer4: 20 SMs -> 5
[56.877639] End    layer4: 2446 -> 8073 + 5492 = 13565 (14267)
[56.877645] 
[56.877670] 
[56.877682] Start  layerX: 40 SMs -> 7
[56.878585] End    layerX: 51 -> 901 + 4892 = 5794 (348)
[56.878590] 
[56.878600] Reserved: 14873us
[56.893534] 
[56.893543] Start  layer0: 10 SMs -> 1
[56.895199] End    layer0: 577 -> 1652 + 243 = 1895 (1963)
[56.895204] 
[56.895208] 
[56.895217] Start  layer1: 30 SMs -> 5
[56.901313] End    layer1: 1135 -> 6091 + 835 = 6926 (6705)
[56.901319] 
[56.901341] 
[56.901360] Start  layer2: 40 SMs -> 9
[56.909666] End    layer2: 1133 -> 8301 + 137 = 8437 (7653)
[56.909673] 
[56.909687] 
[56.909698] Start  layer3: 30 SMs -> 6
[56.918167] End    layer3: 1636 -> 8466 + 696 = 9161 (9062)
[56.918173] 
[56.918178] 
[56.918186] Start  layer4: 20 SMs -> 5
[56.924644] End    layer4: 2446 -> 6453 + 8486 = 14939 (14267)
[56.924650] 
[56.924656] 
[56.924665] Start  layerX: 20 SMs -> 2
[56.924832] End    layerX: 67 -> 162 + 8647 = 8809 (348)
[56.924838] 
[56.924849] Reserved: 18624us
[56.943539] 
[56.943553] Start  layer0: 40 SMs -> 3
[56.944329] End    layer0: 290 -> 771 + 1115 = 1886 (1963)
[56.944336] 
[56.944340] 
[56.944352] Start  layer1: 40 SMs -> 5
[56.950337] End    layer1: 992 -> 5982 + 1810 = 7791 (6705)
[56.950343] 
[56.950349] 
[56.950357] Start  layer2: 40 SMs -> 9
[56.958459] End    layer2: 1133 -> 8097 + 1342 = 9439 (7653)
[56.958464] 
[56.958469] 
[56.958478] Start  layer3: 40 SMs -> 9
[56.973010] End    layer3: 1341 -> 14525 + -4144 = 10380 (9062)
[56.973017] 
[56.973025] 
[56.973036] Start  layer4: 40 SMs -> 6
[56.979227] End    layer4: 2112 -> 6188 + 3903 = 10090 (14267)
[56.979233] 
[56.979240] 
[56.979249] Start  layerX: 40 SMs -> 2
[56.979536] End    layerX: 51 -> 284 + 3941 = 4226 (348)
[56.979540] 
[56.979549] Reserved: 13924us
[56.993534] 
[56.993543] Start  layer0: 30 SMs -> 2
[56.994076] End    layer0: 321 -> 527 + 1367 = 1895 (1963)
[56.994083] 
[56.994088] 
[56.994099] Start  layer1: 20 SMs -> 4
[57.000473] End    layer1: 1293 -> 6370 + 1675 = 8045 (6705)
[57.000483] 
[57.000501] 
[57.000512] Start  layer2: 30 SMs -> 6
[57.006700] End    layer2: 1384 -> 6185 + 3101 = 9285 (7653)
[57.006706] 
[57.006711] 
[57.006720] Start  layer3: 20 SMs -> 6
[57.013766] End    layer3: 1778 -> 7041 + 5097 = 12139 (9062)
[57.013771] 
[57.013776] 
[57.013785] Start  layer4: 40 SMs -> 8
[57.025130] End    layer4: 2112 -> 11339 + 8002 = 19341 (14267)
[57.025137] 
[57.025147] 
[57.025159] Start  layerX: 40 SMs -> 5
[57.025865] End    layerX: 51 -> 703 + 7613 = 8316 (348)
[57.025870] 
[57.025880] Reserved: 17593us
[57.043535] 
[57.043550] Start  layer0: 30 SMs -> 1
[57.044023] End    layer0: 321 -> 469 + 1421 = 1889 (1963)
[57.044056] 
[57.044061] 
[57.044073] Start  layer1: 30 SMs -> 3
[57.048311] End    layer1: 1135 -> 4233 + 3838 = 8071 (6705)
[57.048318] 
[57.048343] 
[57.048355] Start  layer2: 10 SMs -> 3
[57.053271] End    layer2: 2163 -> 4913 + 6529 = 11442 (7653)
[57.053277] 
[57.053283] 
[57.053292] Start  layer3: 10 SMs -> 3
[57.058796] End    layer3: 2211 -> 5500 + 10067 = 15567 (9062)
[57.058801] 
[57.058816] 
[57.058824] Start  layer4: 10 SMs -> 3
[57.066282] End    layer4: 3604 -> 7453 + 16848 = 24301 (14267)
[57.066287] 
[57.066297] 
[57.066306] Start  layerX: 30 SMs -> 5
[57.066884] End    layerX: 56 -> 575 + 16594 = 17169 (348)
[57.066890] 
[57.066900] Reserved: 26574us
[57.093543] 
[57.093560] Start  layer0: 40 SMs -> 1
[57.093957] End    layer0: 290 -> 395 + 1484 = 1879 (1963)
[57.093962] 
[57.093965] 
[57.093972] Start  layer1: 40 SMs -> 2
[57.098342] End    layer1: 992 -> 4363 + 3807 = 8170 (6705)
[57.098349] 
[57.098374] 
[57.098386] Start  layer2: 40 SMs -> 7
[57.105536] End    layer2: 1133 -> 7145 + 4267 = 11412 (7653)
[57.105543] 
[57.105550] 
[57.105560] Start  layer3: 30 SMs -> 5
[57.112444] End    layer3: 1636 -> 6880 + 6419 = 13299 (9062)
[57.112450] 
[57.112455] 
[57.112463] Start  layer4: 30 SMs -> 5
[57.118440] End    layer4: 2337 -> 5972 + 14690 = 20662 (14267)
[57.118446] 
[57.118451] 
[57.118460] Start  layerX: 40 SMs -> 6
[57.119186] End    layerX: 51 -> 723 + 14291 = 15015 (348)
[57.119191] 
[57.119198] Reserved: 24275us
