[42.581087] layer0:
[42.594833] 	10	345us, 571us
[42.605118] 	20	238us, 377us
[42.614547] 	30	204us, 335us
[42.623430] 	40	188us, 292us
[42.623443] Params: 0.62	0.35	0.40

[42.623447] layer1:
[42.660435] 	10	1118us, 1902us
[42.685352] 	20	797us, 1303us
[42.707858] 	30	693us, 1155us
[42.728574] 	40	680us, 1003us
[42.728587] Params: 0.62	0.25	0.39

[42.728593] layer2:
[42.771505] 	10	1332us, 2201us
[42.800772] 	20	986us, 1517us
[42.827826] 	30	928us, 1383us
[42.851553] 	40	799us, 1165us
[42.851566] Params: 0.65	0.32	0.40

[42.851572] layer3:
[42.897267] 	10	1405us, 2337us
[42.928170] 	20	970us, 1717us
[42.957494] 	30	931us, 1589us
[42.984000] 	40	897us, 1308us
[42.984014] Params: 0.61	0.22	0.39

[42.984020] layer4:
[43.055045] 	10	2395us, 3603us
[43.100377] 	20	1571us, 2573us
[43.143661] 	30	1521us, 2396us
[43.183413] 	40	1421us, 2109us
[43.183426] Params: 0.65	0.27	0.32

[43.183432] layerX:
[43.188754] 	10	45us, 77us
[43.193951] 	20	41us, 63us
[43.199135] 	30	40us, 62us
[43.204235] 	40	39us, 55us
[43.204248] Params: 0.65	0.06	0.21

