[55.494041] 
[55.494053] Start  layer0: 30 SMs -> 6
[55.495537] End    layer0: 334 -> 1482 + 472 = 1954 (1966)
[55.495541] 
[55.495543] 
[55.495551] Start  layer1: 20 SMs -> 7
[55.508648] End    layer1: 1303 -> 13095 + -5876 = 7218 (6762)
[55.508651] 
[55.508653] 
[55.508658] Start  layer2: 40 SMs -> 13
[55.520927] End    layer2: 1165 -> 12266 + -10297 = 1968 (7857)
[55.520931] 
[55.520937] 
[55.520942] Start  layer3: 30 SMs -> 9
[55.536576] End    layer3: 1589 -> 15632 + -17125 = -1493 (8821)
[55.536579] 
[55.536582] 
[55.536587] Start  layer4: 30 SMs -> 8
[55.545076] End    layer4: 2395 -> 8487 + -11403 = -2916 (14221)
[55.545079] 
[55.545081] 
[55.545085] Start  layerX: 20 SMs -> 8
[55.545932] End    layerX: 63 -> 844 + -11888 = -11044 (370)
[55.545935] 
[55.545939] Delayed : 1898us
[55.545943] 
[55.545947] Start  layer0: 40 SMs -> 18
[55.546784] End    layer0: 291 -> 835 + -774 = 59 (1966)
[55.546787] 
[55.546789] 
[55.546793] Start  layer1: 20 SMs -> 4
[55.552254] End    layer1: 1303 -> 5458 + 517 = 5975 (6762)
[55.552257] 
[55.552262] 
[55.552267] Start  layer2: 40 SMs -> 14
[55.562676] End    layer2: 1165 -> 10402 + -2041 = 8360 (7857)
[55.562683] 
[55.562690] 
[55.562700] Start  layer3: 20 SMs -> 8
[55.569436] End    layer3: 1716 -> 6732 + 17 = 6749 (8821)
[55.569442] 
[55.569448] 
[55.569457] Start  layer4: 20 SMs -> 7
[55.581887] End    layer4: 2572 -> 12426 + 1788 = 14214 (14221)
[55.581893] 
[55.581897] 
[55.581906] Start  layerX: 30 SMs -> 7
[55.582730] End    layerX: 61 -> 820 + 1316 = 2136 (370)
[55.582735] 
[55.582744] Reserved: 11297us
[55.594107] 
[55.594121] Start  layer0: 40 SMs -> 13
[55.597956] End    layer0: 291 -> 3831 + -1942 = 1888 (1966)
[55.597961] 
[55.597965] 
[55.597973] Start  layer1: 40 SMs -> 11
[55.610192] End    layer1: 1002 -> 12215 + -7417 = 4797 (6762)
[55.610198] 
[55.610206] 
[55.610214] Start  layer2: 30 SMs -> 10
[55.619340] End    layer2: 1383 -> 9119 + -8705 = 414 (7857)
[55.619347] 
[55.619360] 
[55.619371] Start  layer3: 30 SMs -> 7
[55.630740] End    layer3: 1589 -> 11364 + -11284 = 79 (8821)
[55.630746] 
[55.630760] 
[55.630770] Start  layer4: 20 SMs -> 5
[55.636384] End    layer4: 2572 -> 5611 + -2708 = 2902 (14221)
[55.636390] 
[55.636396] 
[55.636403] Start  layerX: 40 SMs -> 12
[55.638275] End    layerX: 54 -> 1868 + -4229 = -2360 (370)
[55.638280] 
[55.638291] Reserved: 5750us
[55.644109] 
[55.644126] Start  layer0: 10 SMs -> 4
[55.647359] End    layer0: 571 -> 3230 + -1345 = 1884 (1966)
[55.647364] 
[55.647368] 
[55.647376] Start  layer1: 40 SMs -> 14
[55.657085] End    layer1: 1002 -> 9705 + -4309 = 5394 (6762)
[55.657091] 
[55.657096] 
[55.657104] Start  layer2: 40 SMs -> 15
[55.673739] End    layer2: 1165 -> 16629 + -13104 = 3524 (7857)
[55.673746] 
[55.673753] 
[55.673766] Start  layer3: 20 SMs -> 8
[55.685265] End    layer3: 1716 -> 11496 + -15811 = -4315 (8821)
[55.685271] 
[55.685287] 
[55.685297] Start  layer4: 30 SMs -> 6
[55.692116] End    layer4: 2395 -> 6813 + -8438 = -1625 (14221)
[55.692123] 
[55.692130] 
[55.692140] Start  layerX: 20 SMs -> 2
[55.692302] End    layerX: 63 -> 157 + -8253 = -8096 (370)
[55.692309] 
[55.692321] Reserved: 1721us
[55.694108] 
[55.694124] Start  layer0: 10 SMs -> 7
[55.698298] End    layer0: 571 -> 4172 + -2284 = 1887 (1966)
[55.698303] 
[55.698306] 
[55.698315] Start  layer1: 10 SMs -> 6
[55.704785] End    layer1: 1902 -> 6464 + -2007 = 4455 (6762)
[55.704792] 
[55.704798] 
[55.704810] Start  layer2: 30 SMs -> 10
[55.714767] End    layer2: 1383 -> 9953 + -4133 = 5819 (7857)
[55.714773] 
[55.714801] 
[55.714810] Start  layer3: 40 SMs -> 14
[55.731782] End    layer3: 1308 -> 16967 + -12327 = 4639 (8821)
[55.731787] 
[55.731794] 
[55.731803] Start  layer4: 10 SMs -> 6
[55.739755] End    layer4: 3602 -> 7948 + -6078 = 1868 (14221)
[55.739762] 
[55.739774] 
[55.739783] Start  layerX: 40 SMs -> 12
[55.741227] End    layerX: 54 -> 1441 + -7181 = -5740 (370)
[55.741232] 
[55.741247] Reserved: 2793us
[55.744109] 
[55.744125] Start  layer0: 30 SMs -> 6
[55.744886] End    layer0: 334 -> 759 + 1127 = 1885 (1966)
[55.744892] 
[55.744895] 
[55.744945] Start  layer1: 40 SMs -> 12
[55.756205] End    layer1: 1002 -> 11255 + -3429 = 7825 (6762)
[55.756210] 
[55.756234] 
[55.756244] Start  layer2: 40 SMs -> 12
[55.769415] End    layer2: 1165 -> 13167 + -8781 = 4385 (7857)
[55.769421] 
[55.769425] 
[55.769435] Start  layer3: 20 SMs -> 9
[55.781587] End    layer3: 1716 -> 12147 + -12132 = 15 (8821)
[55.781593] 
[55.781597] 
[55.781606] Start  layer4: 20 SMs -> 6
[55.790355] End    layer4: 2572 -> 8745 + -6678 = 2065 (14221)
[55.790361] 
[55.790371] 
[55.790381] Start  layerX: 20 SMs -> 4
[55.791118] End    layerX: 63 -> 733 + -7070 = -6337 (370)
[55.791124] 
[55.791133] Reserved: 2908us
[55.794108] 
[55.794123] Start  layer0: 20 SMs -> 8
[55.797543] End    layer0: 376 -> 3417 + -1528 = 1888 (1966)
[55.797550] 
[55.797555] 
[55.797566] Start  layer1: 40 SMs -> 13
[55.808875] End    layer1: 1002 -> 11305 + -6100 = 5204 (6762)
[55.808881] 
[55.808886] 
[55.808896] Start  layer2: 40 SMs -> 15
[55.827734] End    layer2: 1165 -> 18833 + -17100 = 1732 (7857)
[55.827740] 
[55.827760] 
[55.827769] Start  layer3: 40 SMs -> 14
[55.845037] End    layer3: 1308 -> 17263 + -25582 = -8319 (8821)
[55.845043] 
[55.845057] 
[55.845066] Start  layer4: 20 SMs -> 10
[55.855270] End    layer4: 2572 -> 10200 + -21594 = -11394 (14221)
[55.855276] 
[55.855281] 
[55.855290] Start  layerX: 20 SMs -> 7
[55.855992] End    layerX: 63 -> 698 + -21945 = -21247 (370)
[55.855997] 
[55.856006] Delayed : 11964us
[55.856012] 
[55.856032] Start  layer0: 40 SMs -> 17
[55.861101] End    layer0: 291 -> 5065 + -15088 = -10023 (1966)
[55.861107] 
[55.861110] 
[55.861119] Start  layer1: 20 SMs -> 7
[55.868497] End    layer1: 1303 -> 7373 + -15721 = -8348 (6762)
[55.868502] 
[55.868517] 
[55.868526] Start  layer2: 20 SMs -> 8
[55.878278] End    layer2: 1517 -> 9748 + -17645 = -7897 (7857)
[55.878284] 
[55.878289] 
[55.878297] Start  layer3: 20 SMs -> 7
[55.887668] End    layer3: 1716 -> 9367 + -18214 = -8847 (8821)
[55.887674] 
[55.887689] 
[55.887699] Start  layer4: 20 SMs -> 6
[55.900793] End    layer4: 2572 -> 13089 + -17115 = -4026 (14221)
[55.900801] 
[55.900816] 
[55.900828] Start  layerX: 10 SMs -> 6
[55.901792] End    layerX: 76 -> 960 + -17744 = -16784 (370)
[55.901798] 
[55.901820] Delayed : 7778us
[55.901826] 
[55.901835] Start  layer0: 30 SMs -> 11
[55.903571] End    layer0: 334 -> 1732 + -7558 = -5826 (1966)
[55.903577] 
[55.903580] 
[55.903592] Start  layer1: 30 SMs -> 11
[55.911806] End    layer1: 1155 -> 8210 + -9030 = -820 (6762)
[55.911821] 
[55.911827] 
[55.911835] Start  layer2: 30 SMs -> 9
[55.920502] End    layer2: 1383 -> 8662 + -9868 = -1206 (7857)
[55.920508] 
[55.920514] 
[55.920524] Start  layer3: 40 SMs -> 16
[55.939145] End    layer3: 1308 -> 18616 + -19689 = -1074 (8821)
[55.939151] 
[55.939160] 
[55.939170] Start  layer4: 20 SMs -> 6
[55.947614] End    layer4: 2572 -> 8440 + -13938 = -5498 (14221)
[55.947620] 
[55.947629] 
[55.947638] Start  layerX: 40 SMs -> 18
[55.950669] End    layerX: 54 -> 3026 + -16622 = -13595 (370)
[55.950675] 
[55.950684] Delayed : 6643us
[55.950690] 
[55.950698] Start  layer0: 10 SMs -> 6
[55.953089] End    layer0: 571 -> 2386 + -7075 = -4689 (1966)
[55.953094] 
[55.953098] 
[55.953107] Start  layer1: 20 SMs -> 8
[55.959597] End    layer1: 1303 -> 6486 + -6821 = -336 (6762)
[55.959602] 
[55.959609] 
[55.959618] Start  layer2: 20 SMs -> 6
[55.967756] End    layer2: 1517 -> 8132 + -7121 = 1010 (7857)
[55.967763] 
[55.967769] 
[55.967781] Start  layer3: 40 SMs -> 17
[55.986564] End    layer3: 1308 -> 18780 + -17110 = 1669 (8821)
[55.986570] 
[55.986575] 
[55.986585] Start  layer4: 30 SMs -> 5
[55.993856] End    layer4: 2395 -> 7265 + -10178 = -2913 (14221)
[55.993863] 
[55.993873] 
[55.993885] Start  layerX: 40 SMs -> 19
[55.995917] End    layerX: 54 -> 2028 + -11869 = -9841 (370)
[55.995922] 
[55.995945] Delayed : 1903us
[55.995951] 
[55.995959] Start  layer0: 40 SMs -> 21
[55.999684] End    layer0: 291 -> 3720 + -3670 = 49 (1966)
[55.999689] 
[55.999693] 
[55.999702] Start  layer1: 40 SMs -> 17
[56.013298] End    layer1: 1002 -> 13592 + -10523 = 3068 (6762)
[56.013328] 
[56.013335] 
[56.013344] Start  layer2: 40 SMs -> 15
[56.032556] End    layer2: 1165 -> 19206 + -21921 = -2715 (7857)
[56.032563] 
[56.032570] 
[56.032582] Start  layer3: 10 SMs -> 4
[56.039297] End    layer3: 2336 -> 6710 + -19841 = -13131 (8821)
[56.039303] 
[56.039320] 
[56.039331] Start  layer4: 40 SMs -> 12
[56.057427] End    layer4: 2108 -> 18094 + -23751 = -5657 (14221)
[56.057434] 
[56.057440] 
[56.057449] Start  layerX: 40 SMs -> 12
[56.058214] End    layerX: 54 -> 760 + -24166 = -23406 (370)
[56.058221] 
[56.058238] Delayed : 14196us
[56.058246] 
[56.058257] Start  layer0: 40 SMs -> 15
[56.058736] End    layer0: 291 -> 474 + -12721 = -12247 (1966)
[56.058743] 
[56.058747] 
[56.058759] Start  layer1: 20 SMs -> 8
[56.066865] End    layer1: 1303 -> 8103 + -14090 = -5987 (6762)
[56.066871] 
[56.066896] 
[56.066905] Start  layer2: 20 SMs -> 8
[56.076199] End    layer2: 1517 -> 9290 + -15566 = -6276 (7857)
[56.076205] 
[56.076211] 
[56.076219] Start  layer3: 40 SMs -> 17
[56.094284] End    layer3: 1308 -> 18061 + -24829 = -6769 (8821)
[56.094289] 
[56.094295] 
[56.094304] Start  layer4: 30 SMs -> 8
[56.102808] End    layer4: 2395 -> 8498 + -19130 = -10632 (14221)
[56.102815] 
[56.102827] 
[56.102839] Start  layerX: 20 SMs -> 10
[56.104707] End    layerX: 63 -> 1863 + -20658 = -18795 (370)
[56.104714] 
[56.104726] Delayed : 10684us
[56.104734] 
[56.104745] Start  layer0: 10 SMs -> 5
[56.107850] End    layer0: 571 -> 3102 + -11837 = -8735 (1966)
[56.107856] 
[56.107859] 
[56.107868] Start  layer1: 10 SMs -> 8
[56.116917] End    layer1: 1902 -> 9045 + -14141 = -5097 (6762)
[56.116923] 
[56.116944] 
[56.116956] Start  layer2: 30 SMs -> 7
[56.126047] End    layer2: 1383 -> 9084 + -15410 = -6326 (7857)
[56.126056] 
[56.126064] 
[56.126077] Start  layer3: 20 SMs -> 8
[56.134778] End    layer3: 1716 -> 8697 + -15322 = -6625 (8821)
[56.134784] 
[56.134791] 
[56.134800] Start  layer4: 40 SMs -> 14
[56.154628] End    layer4: 2108 -> 19823 + -20951 = -1128 (14221)
[56.154634] 
[56.154640] 
[56.154648] Start  layerX: 40 SMs -> 15
[56.157045] End    layerX: 54 -> 2392 + -22997 = -20605 (370)
[56.157050] 
[56.157091] Delayed : 13049us
[56.157097] 
[56.157107] Start  layer0: 20 SMs -> 6
[56.158383] End    layer0: 376 -> 1271 + -12368 = -11097 (1966)
[56.158391] 
[56.158395] 
[56.158407] Start  layer1: 20 SMs -> 7
[56.163165] End    layer1: 1303 -> 4755 + -10389 = -5635 (6762)
[56.163170] 
[56.163185] 
[56.163200] Start  layer2: 30 SMs -> 7
[56.170140] End    layer2: 1383 -> 6935 + -9506 = -2571 (7857)
[56.170145] 
[56.170163] 
[56.170172] Start  layer3: 30 SMs -> 8
[56.177047] End    layer3: 1589 -> 6871 + -7593 = -722 (8821)
[56.177053] 
[56.177058] 
[56.177067] Start  layer4: 30 SMs -> 8
[56.186484] End    layer4: 2395 -> 9413 + -2807 = 6604 (14221)
[56.186489] 
[56.186494] 
[56.186503] Start  layerX: 30 SMs -> 6
[56.188263] End    layerX: 61 -> 1754 + -4214 = -2460 (370)
[56.188270] 
[56.188298] Reserved: 5743us
[56.194113] 
[56.194130] Start  layer0: 10 SMs -> 3
[56.195511] End    layer0: 571 -> 1378 + 503 = 1881 (1966)
[56.195516] 
[56.195519] 
[56.195528] Start  layer1: 30 SMs -> 8
[56.206933] End    layer1: 1155 -> 11399 + -4156 = 7242 (6762)
[56.206940] 
[56.206947] 
[56.206959] Start  layer2: 30 SMs -> 8
[56.216165] End    layer2: 1383 -> 9203 + -5532 = 3670 (7857)
[56.216171] 
[56.216177] 
[56.216186] Start  layer3: 30 SMs -> 9
[56.227004] End    layer3: 1589 -> 10813 + -7549 = 3263 (8821)
[56.227009] 
[56.227016] 
[56.227024] Start  layer4: 30 SMs -> 7
[56.238154] End    layer4: 2395 -> 11125 + -4477 = 6647 (14221)
[56.238160] 
[56.238172] 
[56.238180] Start  layerX: 20 SMs -> 10
[56.238585] End    layerX: 63 -> 402 + -4539 = -4137 (370)
[56.238590] 
[56.238615] Reserved: 5425us
[56.244109] 
[56.244126] Start  layer0: 20 SMs -> 4
[56.245353] End    layer0: 376 -> 1225 + 659 = 1884 (1966)
[56.245359] 
[56.245362] 
[56.245371] Start  layer1: 40 SMs -> 17
[56.264250] End    layer1: 1002 -> 18875 + -11475 = 7399 (6762)
[56.264256] 
[56.264263] 
[56.264272] Start  layer2: 20 SMs -> 6
[56.273025] End    layer2: 1517 -> 8747 + -12390 = -3643 (7857)
[56.273061] 
[56.273071] 
[56.273083] Start  layer3: 20 SMs -> 7
[56.281761] End    layer3: 1716 -> 8675 + -12306 = -3632 (8821)
[56.281767] 
[56.281782] 
[56.281790] Start  layer4: 20 SMs -> 6
[56.291691] End    layer4: 2572 -> 9896 + -8014 = 1881 (14221)
[56.291696] 
[56.291702] 
[56.291711] Start  layerX: 10 SMs -> 5
[56.292519] End    layerX: 76 -> 804 + -8472 = -7668 (370)
[56.292524] 
[56.292533] Reserved: 1507us
[56.294107] 
[56.294120] Start  layer0: 10 SMs -> 5
[56.295539] End    layer0: 571 -> 1416 + 473 = 1889 (1966)
[56.295545] 
[56.295548] 
[56.295557] Start  layer1: 10 SMs -> 5
[56.302886] End    layer1: 1902 -> 7324 + -110 = 7213 (6762)
[56.302891] 
[56.302899] 
[56.302907] Start  layer2: 40 SMs -> 18
[56.319363] End    layer2: 1165 -> 16451 + -8729 = 7721 (7857)
[56.319369] 
[56.319374] 
[56.319383] Start  layer3: 10 SMs -> 7
[56.327610] End    layer3: 2336 -> 8223 + -8155 = 66 (8821)
[56.327616] 
[56.327621] 
[56.327629] Start  layer4: 40 SMs -> 16
[56.343544] End    layer4: 2108 -> 15910 + -9867 = 6042 (14221)
[56.343550] 
[56.343557] 
[56.343578] Start  layerX: 10 SMs -> 5
[56.344923] End    layerX: 76 -> 1342 + -10875 = -9534 (370)
[56.344930] 
[56.344953] Delayed : 910us
[56.344961] 
[56.344981] Start  layer0: 20 SMs -> 7
[56.346508] End    layer0: 376 -> 1524 + -495 = 1028 (1966)
[56.346514] 
[56.346517] 
[56.346526] Start  layer1: 40 SMs -> 13
[56.363473] End    layer1: 1002 -> 16940 + -10695 = 6244 (6762)
[56.363480] 
[56.363486] 
[56.363499] Start  layer2: 40 SMs -> 16
[56.387361] End    layer2: 1165 -> 23859 + -26728 = -2869 (7857)
[56.387367] 
[56.387371] 
[56.387381] Start  layer3: 30 SMs -> 7
[56.394617] End    layer3: 1589 -> 7231 + -25162 = -17931 (8821)
[56.394622] 
[56.394638] 
[56.394646] Start  layer4: 30 SMs -> 6
[56.405688] End    layer4: 2395 -> 11037 + -22011 = -10974 (14221)
[56.405693] 
[56.405709] 
[56.405718] Start  layerX: 40 SMs -> 16
[56.407036] End    layerX: 54 -> 1313 + -22989 = -21675 (370)
[56.407042] 
[56.407054] Delayed : 13012us
[56.407061] 
[56.407069] Start  layer0: 40 SMs -> 16
[56.409990] End    layer0: 291 -> 2915 + -13975 = -11060 (1966)
[56.409997] 
[56.410001] 
[56.410011] Start  layer1: 20 SMs -> 8
[56.416551] End    layer1: 1303 -> 6535 + -13775 = -7240 (6762)
[56.416556] 
[56.416562] 
[56.416570] Start  layer2: 10 SMs -> 7
[56.426585] End    layer2: 2201 -> 10008 + -15949 = -5941 (7857)
[56.426592] 
[56.426598] 
[56.426610] Start  layer3: 10 SMs -> 9
[56.439865] End    layer3: 2336 -> 13251 + -20409 = -7159 (8821)
[56.439872] 
[56.439880] 
[56.439890] Start  layer4: 10 SMs -> 5
[56.452083] End    layer4: 3602 -> 12189 + -18406 = -6217 (14221)
[56.452088] 
[56.452097] 
[56.452106] Start  layerX: 30 SMs -> 7
[56.452595] End    layerX: 61 -> 486 + -18549 = -18063 (370)
[56.452599] 
[56.452609] Delayed : 8567us
[56.452615] 
[56.452622] Start  layer0: 30 SMs -> 9
[56.454837] End    layer0: 334 -> 2210 + -8823 = -6613 (1966)
[56.454842] 
[56.454845] 
[56.454854] Start  layer1: 20 SMs -> 8
[56.462478] End    layer1: 1303 -> 7618 + -9701 = -2082 (6762)
[56.462485] 
[56.462492] 
[56.462502] Start  layer2: 40 SMs -> 17
[56.481299] End    layer2: 1165 -> 18792 + -20664 = -1872 (7857)
[56.481306] 
[56.481315] 
[56.481326] Start  layer3: 10 SMs -> 8
[56.492135] End    layer3: 2336 -> 10803 + -22678 = -11875 (8821)
[56.492141] 
[56.492148] 
[56.492158] Start  layer4: 40 SMs -> 10
[56.505620] End    layer4: 2108 -> 13462 + -21947 = -8485 (14221)
[56.505624] 
[56.505626] 
[56.505633] Start  layerX: 10 SMs -> 8
[56.506017] End    layerX: 76 -> 382 + -21973 = -21591 (370)
[56.506019] 
[56.506025] Delayed : 11984us
[56.506029] 
[56.506033] Start  layer0: 20 SMs -> 8
[56.508258] End    layer0: 376 -> 2219 + -12245 = -10026 (1966)
[56.508264] 
[56.508267] 
[56.508275] Start  layer1: 40 SMs -> 14
[56.517023] End    layer1: 1002 -> 8746 + -14250 = -5504 (6762)
[56.517025] 
[56.517028] 
[56.517034] Start  layer2: 30 SMs -> 7
[56.522537] End    layer2: 1383 -> 5500 + -11906 = -6407 (7857)
[56.522541] 
[56.522545] 
[56.522551] Start  layer3: 30 SMs -> 8
[56.531109] End    layer3: 1589 -> 8555 + -11657 = -3102 (8821)
[56.531112] 
[56.531116] 
[56.531122] Start  layer4: 40 SMs -> 14
[56.543523] End    layer4: 2108 -> 12399 + -9850 = 2548 (14221)
[56.543526] 
[56.543529] 
[56.543534] Start  layerX: 30 SMs -> 6
[56.543865] End    layerX: 61 -> 327 + -9820 = -9493 (370)
[56.543868] 
[56.543874] Reserved: 166us
[56.544098] 
[56.544104] Start  layer0: 30 SMs -> 7
[56.546957] End    layer0: 334 -> 2851 + -947 = 1903 (1966)
[56.546960] 
[56.546962] 
[56.546966] Start  layer1: 20 SMs -> 9
[56.554369] End    layer1: 1303 -> 7400 + -1597 = 5802 (6762)
[56.554372] 
[56.554375] 
[56.554379] Start  layer2: 40 SMs -> 15
[56.566192] End    layer2: 1165 -> 11810 + -5562 = 6247 (7857)
[56.566195] 
[56.566197] 
[56.566202] Start  layer3: 20 SMs -> 8
[56.572740] End    layer3: 1716 -> 6535 + -3289 = 3246 (8821)
[56.572743] 
[56.572746] 
[56.572751] Start  layer4: 30 SMs -> 9
[56.582870] End    layer4: 2395 -> 10117 + 802 = 10919 (14221)
[56.582873] 
[56.582889] 
[56.582894] Start  layerX: 40 SMs -> 11
[56.584792] End    layerX: 54 -> 1895 + -747 = 1147 (370)
[56.584794] 
[56.584804] Reserved: 9236us
[56.594100] 
[56.594120] Start  layer0: 30 SMs -> 9
[56.596755] End    layer0: 334 -> 2634 + -745 = 1888 (1966)
[56.596758] 
[56.596760] 
[56.596764] Start  layer1: 40 SMs -> 12
[56.607080] End    layer1: 1002 -> 10313 + -4308 = 6004 (6762)
[56.607083] 
[56.607092] 
[56.607097] Start  layer2: 20 SMs -> 6
[56.612946] End    layer2: 1517 -> 5847 + -2316 = 3530 (7857)
[56.612950] 
[56.612953] 
[56.612958] Start  layer3: 40 SMs -> 12
[56.625517] End    layer3: 1308 -> 12553 + -6063 = 6490 (8821)
[56.625523] 
[56.625528] 
[56.625536] Start  layer4: 30 SMs -> 8
[56.634934] End    layer4: 2395 -> 9393 + -1257 = 8135 (14221)
[56.634940] 
[56.634947] 
[56.634958] Start  layerX: 30 SMs -> 4
[56.636129] End    layerX: 61 -> 1168 + -2083 = -914 (370)
[56.636134] 
[56.636145] Reserved: 7896us
[56.644109] 
[56.644126] Start  layer0: 30 SMs -> 7
[56.646025] End    layer0: 334 -> 1897 + -11 = 1884 (1966)
[56.646031] 
[56.646034] 
[56.646043] Start  layer1: 10 SMs -> 5
[56.654723] End    layer1: 1902 -> 8674 + -1946 = 6727 (6762)
[56.654730] 
[56.654737] 
[56.654749] Start  layer2: 40 SMs -> 14
[56.668202] End    layer2: 1165 -> 13449 + -7568 = 5880 (7857)
[56.668207] 
[56.668213] 
[56.668222] Start  layer3: 30 SMs -> 7
[56.677664] End    layer3: 1589 -> 9437 + -8209 = 1227 (8821)
[56.677669] 
[56.677674] 
[56.677682] Start  layer4: 30 SMs -> 7
[56.685148] End    layer4: 2395 -> 7461 + -1471 = 5989 (14221)
[56.685153] 
[56.685160] 
[56.685168] Start  layerX: 10 SMs -> 2
[56.685649] End    layerX: 76 -> 477 + -1602 = -1125 (370)
[56.685654] 
[56.685662] Reserved: 8379us
[56.694110] 
[56.694128] Start  layer0: 10 SMs -> 6
[56.696468] End    layer0: 571 -> 2338 + -454 = 1883 (1966)
[56.696473] 
[56.696476] 
[56.696485] Start  layer1: 30 SMs -> 7
[56.702699] End    layer1: 1155 -> 6208 + 76 = 6285 (6762)
[56.702705] 
[56.702710] 
[56.702719] Start  layer2: 30 SMs -> 7
[56.711592] End    layer2: 1383 -> 8869 + -959 = 7909 (7857)
[56.711598] 
[56.711603] 
[56.711612] Start  layer3: 40 SMs -> 13
[56.728708] End    layer3: 1308 -> 17089 + -9251 = 7837 (8821)
[56.728715] 
[56.728724] 
[56.728736] Start  layer4: 40 SMs -> 10
[56.738728] End    layer4: 2108 -> 9988 + -5051 = 4935 (14221)
[56.738733] 
[56.738740] 
[56.738749] Start  layerX: 40 SMs -> 4
[56.739153] End    layerX: 54 -> 402 + -5107 = -4706 (370)
[56.739158] 
[56.739166] Reserved: 4875us
[56.744108] 
[56.744125] Start  layer0: 40 SMs -> 4
[56.745140] End    layer0: 291 -> 1011 + 874 = 1885 (1966)
[56.745147] 
[56.745151] 
[56.745162] Start  layer1: 20 SMs -> 7
[56.751116] End    layer1: 1303 -> 5951 + 1658 = 7609 (6762)
[56.751122] 
[56.751128] 
[56.751137] Start  layer2: 30 SMs -> 10
[56.759154] End    layer2: 1383 -> 8013 + 1478 = 9491 (7857)
[56.759160] 
[56.759165] 
[56.759174] Start  layer3: 30 SMs -> 8
[56.767336] End    layer3: 1589 -> 8156 + 2119 = 10275 (8821)
[56.767343] 
[56.767349] 
[56.767360] Start  layer4: 40 SMs -> 12
[56.783119] End    layer4: 2108 -> 15755 + 556 = 16311 (14221)
[56.783145] 
[56.783151] 
[56.783160] Start  layerX: 40 SMs -> 9
[56.783324] End    layerX: 54 -> 161 + 721 = 883 (370)
[56.783328] 
[56.783336] Reserved: 10704us
[56.794112] 
[56.794129] Start  layer0: 20 SMs -> 4
[56.795190] End    layer0: 376 -> 1060 + 822 = 1882 (1966)
[56.795196] 
[56.795199] 
[56.795208] Start  layer1: 20 SMs -> 8
[56.801561] End    layer1: 1303 -> 6349 + 1213 = 7562 (6762)
[56.801567] 
[56.801603] 
[56.801615] Start  layer2: 20 SMs -> 7
[56.809203] End    layer2: 1517 -> 7585 + 1429 = 9014 (7857)
[56.809209] 
[56.809215] 
[56.809224] Start  layer3: 20 SMs -> 7
[56.816007] End    layer3: 1716 -> 6778 + 3447 = 10225 (8821)
[56.816012] 
[56.816017] 
[56.816026] Start  layer4: 20 SMs -> 6
[56.827653] End    layer4: 2572 -> 11621 + 6024 = 17645 (14221)
[56.827660] 
[56.827666] 
[56.827678] Start  layerX: 20 SMs -> 5
[56.829009] End    layerX: 63 -> 1328 + 5038 = 6365 (370)
[56.829014] 
[56.829029] Reserved: 15012us
[56.844109] 
[56.844127] Start  layer0: 30 SMs -> 5
[56.846473] End    layer0: 334 -> 2344 + -460 = 1884 (1966)
[56.846479] 
[56.846482] 
[56.846491] Start  layer1: 30 SMs -> 6
[56.853145] End    layer1: 1155 -> 6649 + -369 = 6279 (6762)
[56.853151] 
[56.853171] 
[56.853180] Start  layer2: 40 SMs -> 10
[56.866538] End    layer2: 1165 -> 13353 + -5904 = 7448 (7857)
[56.866543] 
[56.866549] 
[56.866557] Start  layer3: 40 SMs -> 11
[56.878646] End    layer3: 1308 -> 12084 + -9192 = 2892 (8821)
[56.878652] 
[56.878658] 
[56.878667] Start  layer4: 20 SMs -> 1
[56.881330] End    layer4: 2572 -> 2659 + 2345 = 5004 (14221)
[56.881335] 
[56.881342] 
[56.881350] Start  layerX: 40 SMs -> 3
[56.881518] End    layerX: 54 -> 165 + 2527 = 2692 (370)
[56.881522] 
[56.881531] Reserved: 12509us
[56.894106] 
[56.894120] Start  layer0: 40 SMs -> 6
[56.896464] End    layer0: 291 -> 2339 + -449 = 1889 (1966)
[56.896471] 
[56.896476] 
[56.896487] Start  layer1: 20 SMs -> 6
[56.902702] End    layer1: 1303 -> 6211 + 72 = 6284 (6762)
[56.902708] 
[56.902741] 
[56.902749] Start  layer2: 30 SMs -> 7
[56.910796] End    layer2: 1383 -> 8040 + -160 = 7879 (7857)
[56.910802] 
[56.910809] 
[56.910821] Start  layer3: 10 SMs -> 4
[56.918994] End    layer3: 2336 -> 8170 + 459 = 8629 (8821)
[56.918999] 
[56.919006] 
[56.919015] Start  layer4: 30 SMs -> 5
[56.924849] End    layer4: 2395 -> 5830 + 8827 = 14656 (14221)
[56.924854] 
[56.924860] 
[56.924868] Start  layerX: 10 SMs -> 3
[56.925068] End    layerX: 76 -> 197 + 8977 = 9174 (370)
[56.925072] 
[56.925080] Reserved: 18960us
[56.944110] 
[56.944128] Start  layer0: 10 SMs -> 4
[56.946649] End    layer0: 571 -> 2518 + -634 = 1883 (1966)
[56.946656] 
[56.946661] 
[56.946671] Start  layer1: 20 SMs -> 6
[56.952719] End    layer1: 1303 -> 6043 + 57 = 6100 (6762)
[56.952726] 
[56.952748] 
[56.952761] Start  layer2: 40 SMs -> 9
[56.960684] End    layer2: 1165 -> 7919 + -50 = 7868 (7857)
[56.960689] 
[56.960701] 
[56.960709] Start  layer3: 10 SMs -> 4
[56.968573] End    layer3: 2336 -> 7860 + 880 = 8740 (8821)
[56.968579] 
[56.968584] 
[56.968592] Start  layer4: 40 SMs -> 8
[56.977113] End    layer4: 2108 -> 8517 + 6562 = 15079 (14221)
[56.977119] 
[56.977125] 
[56.977134] Start  layerX: 30 SMs -> 1
[56.977255] End    layerX: 61 -> 119 + 6789 = 6908 (370)
[56.977259] 
[56.977266] Reserved: 16774us
[56.994101] 
[56.994112] Start  layer0: 10 SMs -> 3
[56.996579] End    layer0: 571 -> 2463 + -565 = 1897 (1966)
[56.996584] 
[56.996587] 
[56.996595] Start  layer1: 10 SMs -> 6
[57.001043] End    layer1: 1902 -> 4444 + 1731 = 6175 (6762)
[57.001050] 
[57.001074] 
[57.001083] Start  layer2: 40 SMs -> 9
[57.008995] End    layer2: 1165 -> 7908 + 1637 = 9545 (7857)
[57.009001] 
[57.009009] 
[57.009017] Start  layer3: 40 SMs -> 9
[57.017801] End    layer3: 1308 -> 8780 + 1653 = 10432 (8821)
[57.017806] 
[57.017820] 
[57.017828] Start  layer4: 40 SMs -> 7
[57.026181] End    layer4: 2108 -> 8348 + 7495 = 15843 (14221)
[57.026186] 
[57.026193] 
[57.026202] Start  layerX: 40 SMs -> 5
[57.026868] End    layerX: 54 -> 663 + 7177 = 7840 (370)
[57.026873] 
[57.026901] Reserved: 17140us
[57.044101] 
[57.044115] Start  layer0: 20 SMs -> 3
[57.044936] End    layer0: 376 -> 819 + 1076 = 1895 (1966)
[57.044941] 
[57.044944] 
[57.044952] Start  layer1: 20 SMs -> 5
[57.048931] End    layer1: 1303 -> 3974 + 3843 = 7818 (6762)
[57.048937] 
[57.048964] 
[57.048973] Start  layer2: 20 SMs -> 5
[57.052628] End    layer2: 1517 -> 3651 + 8004 = 11655 (7857)
[57.052634] 
[57.052638] 
[57.052646] Start  layer3: 20 SMs -> 4
[57.056120] End    layer3: 1716 -> 3469 + 13333 = 16803 (8821)
[57.056125] 
[57.056146] 
[57.056155] Start  layer4: 20 SMs -> 3
[57.060422] End    layer4: 2572 -> 4263 + 23253 = 27516 (14221)
[57.060428] 
[57.060441] 
[57.060450] Start  layerX: 20 SMs -> 3
[57.060936] End    layerX: 63 -> 483 + 23109 = 23592 (370)
[57.060940] 
[57.060948] Reserved: 33093us
[57.094102] 
[57.094112] Start  layer0: 30 SMs -> 3
[57.094808] End    layer0: 334 -> 693 + 1204 = 1897 (1966)
[57.094813] 
[57.094816] 
[57.094824] Start  layer1: 10 SMs -> 5
[57.098681] End    layer1: 1902 -> 3852 + 4093 = 7946 (6762)
[57.098686] 
[57.098711] 
[57.098720] Start  layer2: 20 SMs -> 5
[57.102539] End    layer2: 1517 -> 3815 + 8093 = 11908 (7857)
[57.102545] 
[57.102553] 
[57.102562] Start  layer3: 20 SMs -> 4
[57.106781] End    layer3: 1716 -> 4215 + 12672 = 16887 (8821)
[57.106787] 
[57.106793] 
[57.106801] Start  layer4: 40 SMs -> 8
[57.114672] End    layer4: 2108 -> 7867 + 19003 = 26870 (14221)
[57.114678] 
[57.114682] 
[57.114691] Start  layerX: 30 SMs -> 4
[57.115530] End    layerX: 61 -> 835 + 18515 = 19351 (370)
[57.115534] 
[57.115542] Reserved: 28499us
[57.144103] 
[57.144112] Start  layer0: 40 SMs -> 3
[57.144650] End    layer0: 291 -> 535 + 1362 = 1897 (1966)
[57.144655] 
[57.144658] 
[57.144666] Start  layer1: 40 SMs -> 4
[57.148831] End    layer1: 1002 -> 4161 + 3943 = 8104 (6762)
[57.148837] 
[57.148842] 
[57.148849] Start  layer2: 20 SMs -> 5
[57.152600] End    layer2: 1517 -> 3747 + 8032 = 11779 (7857)
[57.152606] 
[57.152611] 
[57.152619] Start  layer3: 40 SMs -> 6
[57.159082] End    layer3: 1308 -> 6459 + 10371 = 16830 (8821)
[57.159087] 
[57.159093] 
[57.159102] Start  layer4: 30 SMs -> 4
[57.164864] End    layer4: 2395 -> 5758 + 18811 = 24569 (14221)
[57.164869] 
[57.164874] 
[57.164882] Start  layerX: 10 SMs -> 2
[57.165557] End    layerX: 76 -> 672 + 18488 = 19160 (370)
[57.165561] 
[57.165569] Reserved: 28472us
[57.194100] 
[57.194111] Start  layer0: 20 SMs -> 1
[57.194524] End    layer0: 376 -> 409 + 1488 = 1897 (1966)
[57.194529] 
[57.194532] 
[57.194540] Start  layer1: 40 SMs -> 4
[57.197224] End    layer1: 1002 -> 2679 + 5550 = 8230 (6762)
[57.197229] 
[57.197235] 
[57.197243] Start  layer2: 20 SMs -> 4
[57.200298] End    layer2: 1517 -> 3051 + 10334 = 13385 (7857)
[57.200304] 
[57.200311] 
[57.200319] Start  layer3: 30 SMs -> 4
[57.203908] End    layer3: 1589 -> 3584 + 15546 = 19130 (8821)
[57.203913] 
[57.203928] 
[57.203936] Start  layer4: 20 SMs -> 3
[57.207728] End    layer4: 2572 -> 3788 + 25947 = 29735 (14221)
[57.207734] 
[57.207752] 
[57.207760] Start  layerX: 20 SMs -> 3
[57.208107] End    layerX: 63 -> 344 + 25938 = 26282 (370)
[57.208112] 
[57.208119] Reserved: 35922us
