[38.811244] layer0:
[38.825146] 	10	343us, 571us
[38.835530] 	20	235us, 396us
[38.845295] 	30	203us, 342us
[38.854261] 	40	184us, 297us
[38.854273] Params: 0.60	0.36	0.41

[38.854277] layer1:
[38.891742] 	10	1119us, 1948us
[38.916806] 	20	798us, 1276us
[38.939402] 	30	692us, 1150us
[38.960226] 	40	687us, 988us
[38.960239] Params: 0.62	0.24	0.41

[38.960245] layer2:
[39.002921] 	10	1330us, 2174us
[39.031580] 	20	987us, 1493us
[39.058976] 	30	936us, 1419us
[39.082573] 	40	796us, 1145us
[39.082586] Params: 0.66	0.33	0.43

[39.082592] layer3:
[39.127837] 	10	1400us, 2304us
[39.158309] 	20	969us, 1651us
[39.188476] 	30	928us, 1680us
[39.215104] 	40	893us, 1343us
[39.215117] Params: 0.61	0.22	0.36

[39.215123] layer4:
[39.285801] 	10	2392us, 3586us
[39.329785] 	20	1572us, 2416us
[39.371816] 	30	1525us, 2295us
[39.411874] 	40	1420us, 2144us
[39.411887] Params: 0.66	0.27	0.27

[39.411896] layerX:
[39.417082] 	10	44us, 74us
[39.422373] 	20	41us, 67us
[39.427710] 	30	40us, 64us
[39.432833] 	40	40us, 52us
[39.432846] Params: 0.65	0.05	0.30

