[55.493625] 
[55.493648] Start  layer0: 10 SMs -> 4
[55.498987] End    layer0: 571 -> 5339 + -3372 = 1967 (1989)
[55.498989] 
[55.498990] 
[55.498994] Start  layer1: 10 SMs -> 9
[55.507526] End    layer1: 1948 -> 8529 + -5289 = 3239 (6620)
[55.507529] 
[55.507531] 
[55.507536] Start  layer2: 40 SMs -> 12
[55.515690] End    layer2: 1145 -> 8151 + -5778 = 2372 (7674)
[55.515693] 
[55.515703] 
[55.515708] Start  layer3: 40 SMs -> 13
[55.527499] End    layer3: 1343 -> 11787 + -8583 = 3203 (9002)
[55.527503] 
[55.527506] 
[55.527512] Start  layer4: 40 SMs -> 13
[55.549213] End    layer4: 2143 -> 21696 + -15930 = 5764 (14365)
[55.549219] 
[55.549224] 
[55.549233] Start  layerX: 20 SMs -> 7
[55.549742] End    layerX: 66 -> 506 + -16112 = -15606 (347)
[55.549747] 
[55.549756] Delayed : 6130us
[55.549761] 
[55.549779] Start  layer0: 20 SMs -> 7
[55.550475] End    layer0: 396 -> 692 + -4856 = -4164 (1989)
[55.550481] 
[55.550484] 
[55.550493] Start  layer1: 10 SMs -> 10
[55.561647] End    layer1: 1948 -> 11149 + -9407 = 1741 (6620)
[55.561652] 
[55.561659] 
[55.561668] Start  layer2: 10 SMs -> 7
[55.571212] End    layer2: 2173 -> 9540 + -11297 = -1757 (7674)
[55.571217] 
[55.571226] 
[55.571234] Start  layer3: 20 SMs -> 7
[55.579695] End    layer3: 1650 -> 8456 + -10777 = -2321 (9002)
[55.579701] 
[55.579706] 
[55.579716] Start  layer4: 20 SMs -> 7
[55.590666] End    layer4: 2415 -> 10944 + -7380 = 3562 (14365)
[55.590673] 
[55.590681] 
[55.590695] Start  layerX: 20 SMs -> 4
[55.591052] End    layerX: 66 -> 355 + -7422 = -7067 (347)
[55.591057] 
[55.591065] Reserved: 2559us
[55.593691] 
[55.593709] Start  layer0: 10 SMs -> 4
[55.596391] End    layer0: 571 -> 2679 + -771 = 1908 (1989)
[55.596398] 
[55.596402] 
[55.596411] Start  layer1: 10 SMs -> 7
[55.602677] End    layer1: 1948 -> 6262 + -438 = 5824 (6620)
[55.602682] 
[55.602687] 
[55.602694] Start  layer2: 30 SMs -> 8
[55.611979] End    layer2: 1419 -> 9281 + -2065 = 7215 (7674)
[55.611984] 
[55.611991] 
[55.611998] Start  layer3: 40 SMs -> 14
[55.624692] End    layer3: 1343 -> 12691 + -5776 = 6914 (9002)
[55.624697] 
[55.624702] 
[55.624709] Start  layer4: 30 SMs -> 8
[55.635022] End    layer4: 2294 -> 10305 + -1736 = 8568 (14365)
[55.635031] 
[55.635053] 
[55.635067] Start  layerX: 10 SMs -> 4
[55.635704] End    layerX: 74 -> 631 + -2070 = -1439 (347)
[55.635712] 
[55.635742] Reserved: 7884us
[55.643695] 
[55.643712] Start  layer0: 30 SMs -> 7
[55.646307] End    layer0: 342 -> 2591 + -685 = 1905 (1989)
[55.646314] 
[55.646318] 
[55.646329] Start  layer1: 30 SMs -> 9
[55.655043] End    layer1: 1150 -> 8710 + -2803 = 5906 (6620)
[55.655048] 
[55.655053] 
[55.655064] Start  layer2: 40 SMs -> 15
[55.672103] End    layer2: 1145 -> 17033 + -12186 = 4846 (7674)
[55.672110] 
[55.672126] 
[55.672139] Start  layer3: 40 SMs -> 14
[55.691693] End    layer3: 1343 -> 19551 + -22775 = -3224 (9002)
[55.691699] 
[55.691705] 
[55.691713] Start  layer4: 40 SMs -> 10
[55.705726] End    layer4: 2143 -> 14008 + -22443 = -8435 (14365)
[55.705732] 
[55.705738] 
[55.705747] Start  layerX: 40 SMs -> 17
[55.706491] End    layerX: 51 -> 741 + -22861 = -22120 (347)
[55.706495] 
[55.706521] Delayed : 12896us
[55.706527] 
[55.706534] Start  layer0: 10 SMs -> 4
[55.707835] End    layer0: 571 -> 1296 + -12215 = -10919 (1989)
[55.707841] 
[55.707844] 
[55.707852] Start  layer1: 10 SMs -> 5
[55.714125] End    layer1: 1948 -> 6269 + -11885 = -5616 (6620)
[55.714130] 
[55.714135] 
[55.714144] Start  layer2: 30 SMs -> 10
[55.721596] End    layer2: 1419 -> 7445 + -11679 = -4234 (7674)
[55.721603] 
[55.721609] 
[55.721621] Start  layer3: 30 SMs -> 8
[55.729834] End    layer3: 1650 -> 8209 + -10916 = -2706 (9002)
[55.729840] 
[55.729849] 
[55.729860] Start  layer4: 30 SMs -> 8
[55.738983] End    layer4: 2294 -> 9120 + -5700 = 3418 (14365)
[55.738989] 
[55.738995] 
[55.739003] Start  layerX: 20 SMs -> 5
[55.739873] End    layerX: 66 -> 867 + -6244 = -5377 (347)
[55.739877] 
[55.739888] Reserved: 3737us
[55.743692] 
[55.743708] Start  layer0: 10 SMs -> 4
[55.745310] End    layer0: 571 -> 1598 + 311 = 1909 (1989)
[55.745317] 
[55.745351] 
[55.745363] Start  layer1: 40 SMs -> 13
[55.759840] End    layer1: 988 -> 14474 + -7600 = 6873 (6620)
[55.759846] 
[55.759872] 
[55.759881] Start  layer2: 40 SMs -> 15
[55.776979] End    layer2: 1145 -> 17094 + -17064 = 29 (7674)
[55.776985] 
[55.776991] 
[55.777000] Start  layer3: 30 SMs -> 10
[55.786616] End    layer3: 1650 -> 9612 + -17698 = -8086 (9002)
[55.786622] 
[55.786628] 
[55.786637] Start  layer4: 30 SMs -> 7
[55.795985] End    layer4: 2294 -> 9344 + -12702 = -3358 (14365)
[55.795991] 
[55.795998] 
[55.796007] Start  layerX: 10 SMs -> 8
[55.797270] End    layerX: 74 -> 1259 + -13639 = -12381 (347)
[55.797276] 
[55.797296] Delayed : 3670us
[55.797302] 
[55.797310] Start  layer0: 30 SMs -> 7
[55.800210] End    layer0: 342 -> 2896 + -4590 = -1695 (1989)
[55.800216] 
[55.800219] 
[55.800227] Start  layer1: 30 SMs -> 8
[55.812752] End    layer1: 1150 -> 12519 + -10510 = 2008 (6620)
[55.812759] 
[55.812766] 
[55.812777] Start  layer2: 20 SMs -> 8
[55.822611] End    layer2: 1492 -> 9831 + -12696 = -2865 (7674)
[55.822617] 
[55.822622] 
[55.822631] Start  layer3: 10 SMs -> 6
[55.832983] End    layer3: 2304 -> 10348 + -14065 = -3717 (9002)
[55.832989] 
[55.833004] 
[55.833012] Start  layer4: 20 SMs -> 8
[55.844284] End    layer4: 2415 -> 11267 + -11000 = 265 (14365)
[55.844289] 
[55.844311] 
[55.844319] Start  layerX: 10 SMs -> 8
[55.847447] End    layerX: 74 -> 3123 + -13815 = -10693 (347)
[55.847452] 
[55.847462] Delayed : 3836us
[55.847468] 
[55.847476] Start  layer0: 20 SMs -> 7
[55.849505] End    layer0: 396 -> 2023 + -3883 = -1861 (1989)
[55.849512] 
[55.849517] 
[55.849528] Start  layer1: 20 SMs -> 8
[55.857061] End    layer1: 1276 -> 7528 + -4820 = 2707 (6620)
[55.857067] 
[55.857104] 
[55.857118] Start  layer2: 20 SMs -> 5
[55.864299] End    layer2: 1492 -> 7176 + -4382 = 2793 (7674)
[55.864306] 
[55.864326] 
[55.864338] Start  layer3: 10 SMs -> 9
[55.879977] End    layer3: 2304 -> 15636 + -11059 = 4576 (9002)
[55.879983] 
[55.880002] 
[55.880011] Start  layer4: 40 SMs -> 12
[55.892776] End    layer4: 2143 -> 12759 + -9491 = 3267 (14365)
[55.892783] 
[55.892816] 
[55.892826] Start  layerX: 40 SMs -> 7
[55.893799] End    layerX: 51 -> 967 + -10166 = -9199 (347)
[55.893806] 
[55.893818] Delayed : 193us
[55.893826] 
[55.893837] Start  layer0: 20 SMs -> 11
[55.896448] End    layer0: 396 -> 2607 + -828 = 1778 (1989)
[55.896454] 
[55.896458] 
[55.896466] Start  layer1: 40 SMs -> 12
[55.911856] End    layer1: 988 -> 15386 + -9616 = 5769 (6620)
[55.911862] 
[55.911885] 
[55.911895] Start  layer2: 20 SMs -> 7
[55.920730] End    layer2: 1492 -> 8831 + -10815 = -1984 (7674)
[55.920735] 
[55.920742] 
[55.920754] Start  layer3: 40 SMs -> 16
[55.937152] End    layer3: 1343 -> 16391 + -18232 = -1841 (9002)
[55.937159] 
[55.937167] 
[55.937178] Start  layer4: 40 SMs -> 11
[55.955582] End    layer4: 2143 -> 18400 + -22299 = -3898 (14365)
[55.955587] 
[55.955595] 
[55.955604] Start  layerX: 40 SMs -> 16
[55.957208] End    layerX: 51 -> 1598 + -23575 = -21977 (347)
[55.957215] 
[55.957240] Delayed : 13614us
[55.957249] 
[55.957260] Start  layer0: 40 SMs -> 17
[55.962439] End    layer0: 296 -> 5174 + -16817 = -11644 (1989)
[55.962446] 
[55.962451] 
[55.962463] Start  layer1: 30 SMs -> 8
[55.967802] End    layer1: 1150 -> 5335 + -15561 = -10226 (6620)
[55.967818] 
[55.967874] 
[55.967884] Start  layer2: 30 SMs -> 7
[55.976413] End    layer2: 1419 -> 8525 + -16498 = -7973 (7674)
[55.976419] 
[55.976425] 
[55.976434] Start  layer3: 40 SMs -> 18
[55.996104] End    layer3: 1343 -> 19665 + -27185 = -7521 (9002)
[55.996109] 
[55.996117] 
[55.996127] Start  layer4: 40 SMs -> 21
[56.017324] End    layer4: 2143 -> 21191 + -34039 = -12848 (14365)
[56.017332] 
[56.017341] 
[56.017352] Start  layerX: 20 SMs -> 8
[56.018388] End    layerX: 66 -> 1032 + -34757 = -33725 (347)
[56.018393] 
[56.018403] Delayed : 24778us
[56.018410] 
[56.018418] Start  layer0: 20 SMs -> 7
[56.019884] End    layer0: 396 -> 1461 + -24264 = -22802 (1989)
[56.019891] 
[56.019896] 
[56.019907] Start  layer1: 20 SMs -> 7
[56.028526] End    layer1: 1276 -> 8614 + -26285 = -17671 (6620)
[56.028560] 
[56.028566] 
[56.028574] Start  layer2: 30 SMs -> 8
[56.038619] End    layer2: 1419 -> 10041 + -28704 = -18664 (7674)
[56.038625] 
[56.038637] 
[56.038646] Start  layer3: 10 SMs -> 4
[56.044178] End    layer3: 2304 -> 5528 + -25260 = -19732 (9002)
[56.044183] 
[56.044192] 
[56.044201] Start  layer4: 20 SMs -> 6
[56.056211] End    layer4: 2415 -> 12006 + -22928 = -10922 (14365)
[56.056217] 
[56.056232] 
[56.056241] Start  layerX: 10 SMs -> 8
[56.057865] End    layerX: 74 -> 1621 + -24234 = -22614 (347)
[56.057872] 
[56.057891] Delayed : 14265us
[56.057900] 
[56.057910] Start  layer0: 40 SMs -> 14
[56.061832] End    layer0: 296 -> 3917 + -16210 = -12294 (1989)
[56.061839] 
[56.061844] 
[56.061856] Start  layer1: 30 SMs -> 7
[56.067323] End    layer1: 1150 -> 5464 + -15083 = -9620 (6620)
[56.067329] 
[56.067342] 
[56.067351] Start  layer2: 10 SMs -> 5
[56.075553] End    layer2: 2173 -> 8197 + -15638 = -7441 (7674)
[56.075558] 
[56.075563] 
[56.075572] Start  layer3: 20 SMs -> 8
[56.086230] End    layer3: 1650 -> 10654 + -17312 = -6658 (9002)
[56.086235] 
[56.086242] 
[56.086250] Start  layer4: 30 SMs -> 5
[56.092224] End    layer4: 2294 -> 5969 + -8941 = -2972 (14365)
[56.092229] 
[56.092238] 
[56.092246] Start  layerX: 30 SMs -> 3
[56.092719] End    layerX: 63 -> 469 + -9089 = -8620 (347)
[56.092723] 
[56.092742] Reserved: 882us
[56.093689] 
[56.093700] Start  layer0: 30 SMs -> 7
[56.095382] End    layer0: 342 -> 1676 + 239 = 1915 (1989)
[56.095389] 
[56.095393] 
[56.095405] Start  layer1: 30 SMs -> 8
[56.105189] End    layer1: 1150 -> 9778 + -2947 = 6830 (6620)
[56.105195] 
[56.105204] 
[56.105216] Start  layer2: 40 SMs -> 15
[56.119953] End    layer2: 1145 -> 14732 + -10037 = 4694 (7674)
[56.119960] 
[56.119965] 
[56.119975] Start  layer3: 10 SMs -> 5
[56.128760] End    layer3: 2304 -> 8782 + -9843 = -1061 (9002)
[56.128764] 
[56.128768] 
[56.128776] Start  layer4: 20 SMs -> 7
[56.137058] End    layer4: 2415 -> 8274 + -3771 = 4501 (14365)
[56.137066] 
[56.137079] 
[56.137091] Start  layerX: 20 SMs -> 5
[56.138100] End    layerX: 66 -> 1004 + -4467 = -3463 (347)
[56.138106] 
[56.138133] Reserved: 5491us
[56.143694] 
[56.143711] Start  layer0: 10 SMs -> 9
[56.148270] End    layer0: 571 -> 4557 + -2650 = 1906 (1989)
[56.148275] 
[56.148278] 
[56.148288] Start  layer1: 10 SMs -> 7
[56.158280] End    layer1: 1948 -> 9987 + -6040 = 3947 (6620)
[56.158285] 
[56.158290] 
[56.158298] Start  layer2: 10 SMs -> 9
[56.167337] End    layer2: 2173 -> 9034 + -7422 = 1611 (7674)
[56.167343] 
[56.167348] 
[56.167357] Start  layer3: 10 SMs -> 5
[56.177962] End    layer3: 2304 -> 10601 + -9044 = 1555 (9002)
[56.177968] 
[56.177974] 
[56.177982] Start  layer4: 20 SMs -> 6
[56.189611] End    layer4: 2415 -> 11624 + -6328 = 5296 (14365)
[56.189616] 
[56.189629] 
[56.189637] Start  layerX: 30 SMs -> 8
[56.190535] End    layerX: 63 -> 894 + -6905 = -6011 (347)
[56.190540] 
[56.190550] Reserved: 3074us
[56.193690] 
[56.193707] Start  layer0: 40 SMs -> 17
[56.200094] End    layer0: 296 -> 6386 + -4474 = 1910 (1989)
[56.200100] 
[56.200103] 
[56.200112] Start  layer1: 10 SMs -> 5
[56.207273] End    layer1: 1948 -> 7157 + -5033 = 2122 (6620)
[56.207279] 
[56.207303] 
[56.207312] Start  layer2: 20 SMs -> 11
[56.216201] End    layer2: 1492 -> 8885 + -6286 = 2598 (7674)
[56.216206] 
[56.216211] 
[56.216220] Start  layer3: 10 SMs -> 6
[56.223385] End    layer3: 2304 -> 7160 + -4467 = 2693 (9002)
[56.223391] 
[56.223396] 
[56.223405] Start  layer4: 30 SMs -> 9
[56.237752] End    layer4: 2294 -> 14342 + -4468 = 9873 (14365)
[56.237757] 
[56.237763] 
[56.237772] Start  layerX: 30 SMs -> 6
[56.238332] End    layerX: 63 -> 556 + -4701 = -4145 (347)
[56.238337] 
[56.238359] Reserved: 5265us
[56.243691] 
[56.243707] Start  layer0: 10 SMs -> 8
[56.245986] End    layer0: 571 -> 2275 + -364 = 1910 (1989)
[56.245993] 
[56.245998] 
[56.246011] Start  layer1: 10 SMs -> 7
[56.255460] End    layer1: 1948 -> 9446 + -3220 = 6225 (6620)
[56.255467] 
[56.255477] 
[56.255485] Start  layer2: 10 SMs -> 4
[56.263344] End    layer2: 2173 -> 7853 + -3427 = 4424 (7674)
[56.263375] 
[56.263393] 
[56.263404] Start  layer3: 10 SMs -> 4
[56.271893] End    layer3: 2304 -> 8483 + -2973 = 5509 (9002)
[56.271900] 
[56.271908] 
[56.271919] Start  layer4: 30 SMs -> 7
[56.278707] End    layer4: 2294 -> 6783 + 4576 = 11360 (14365)
[56.278713] 
[56.278720] 
[56.278729] Start  layerX: 30 SMs -> 7
[56.280150] End    layerX: 63 -> 1417 + 3480 = 4897 (347)
[56.280155] 
[56.280181] Reserved: 13444us
[56.293688] 
[56.293700] Start  layer0: 30 SMs -> 4
[56.294444] End    layer0: 342 -> 740 + 1175 = 1915 (1989)
[56.294451] 
[56.294454] 
[56.294464] Start  layer1: 40 SMs -> 14
[56.310669] End    layer1: 988 -> 16200 + -8428 = 7771 (6620)
[56.310675] 
[56.310681] 
[56.310690] Start  layer2: 20 SMs -> 9
[56.319888] End    layer2: 1492 -> 9193 + -9972 = -779 (7674)
[56.319893] 
[56.319908] 
[56.319920] Start  layer3: 30 SMs -> 7
[56.328683] End    layer3: 1650 -> 8758 + -9763 = -1005 (9002)
[56.328689] 
[56.328695] 
[56.328704] Start  layer4: 30 SMs -> 7
[56.335701] End    layer4: 2294 -> 6993 + -2418 = 4574 (14365)
[56.335707] 
[56.335735] 
[56.335744] Start  layerX: 20 SMs -> 5
[56.336275] End    layerX: 66 -> 527 + -2645 = -2117 (347)
[56.336280] 
[56.336303] Reserved: 7321us
[56.343690] 
[56.343705] Start  layer0: 10 SMs -> 6
[56.346543] End    layer0: 571 -> 2835 + -923 = 1911 (1989)
[56.346548] 
[56.346552] 
[56.346561] Start  layer1: 20 SMs -> 6
[56.354615] End    layer1: 1276 -> 8048 + -2373 = 5674 (6620)
[56.354622] 
[56.354640] 
[56.354652] Start  layer2: 30 SMs -> 8
[56.361402] End    layer2: 1419 -> 6747 + -1487 = 5259 (7674)
[56.361408] 
[56.361414] 
[56.361423] Start  layer3: 40 SMs -> 18
[56.375110] End    layer3: 1343 -> 13681 + -6190 = 7490 (9002)
[56.375116] 
[56.375122] 
[56.375132] Start  layer4: 30 SMs -> 7
[56.385314] End    layer4: 2294 -> 10176 + -2029 = 8146 (14365)
[56.385321] 
[56.385330] 
[56.385342] Start  layerX: 40 SMs -> 15
[56.387432] End    layerX: 51 -> 2085 + -3799 = -1714 (347)
[56.387439] 
[56.387452] Reserved: 6173us
[56.393691] 
[56.393705] Start  layer0: 20 SMs -> 6
[56.396087] End    layer0: 396 -> 2379 + -467 = 1911 (1989)
[56.396093] 
[56.396096] 
[56.396104] Start  layer1: 20 SMs -> 7
[56.404957] End    layer1: 1276 -> 8848 + -2715 = 6131 (6620)
[56.404964] 
[56.404975] 
[56.404987] Start  layer2: 40 SMs -> 14
[56.416738] End    layer2: 1145 -> 11747 + -6823 = 4923 (7674)
[56.416744] 
[56.416749] 
[56.416758] Start  layer3: 20 SMs -> 7
[56.423338] End    layer3: 1650 -> 6575 + -4420 = 2154 (9002)
[56.423344] 
[56.423351] 
[56.423360] Start  layer4: 20 SMs -> 6
[56.430001] End    layer4: 2415 -> 6635 + 3283 = 9918 (14365)
[56.430008] 
[56.430058] 
[56.430070] Start  layerX: 20 SMs -> 6
[56.430525] End    layerX: 66 -> 452 + 3104 = 3556 (347)
[56.430529] 
[56.430598] Reserved: 13027us
[56.443685] 
[56.443697] Start  layer0: 20 SMs -> 7
[56.446191] End    layer0: 396 -> 2491 + -571 = 1918 (1989)
[56.446197] 
[56.446200] 
[56.446209] Start  layer1: 40 SMs -> 13
[56.463054] End    layer1: 988 -> 16840 + -10813 = 6026 (6620)
[56.463059] 
[56.463075] 
[56.463084] Start  layer2: 30 SMs -> 7
[56.470267] End    layer2: 1419 -> 7179 + -10352 = -3173 (7674)
[56.470273] 
[56.470279] 
[56.470288] Start  layer3: 30 SMs -> 7
[56.478385] End    layer3: 1650 -> 8093 + -9467 = -1374 (9002)
[56.478391] 
[56.478399] 
[56.478408] Start  layer4: 30 SMs -> 8
[56.488818] End    layer4: 2294 -> 10406 + -5536 = 4869 (14365)
[56.488823] 
[56.488829] 
[56.488837] Start  layerX: 10 SMs -> 5
[56.490373] End    layerX: 74 -> 1533 + -6744 = -5210 (347)
[56.490377] 
[56.490384] Reserved: 3240us
[56.493690] 
[56.493706] Start  layer0: 40 SMs -> 13
[56.497298] End    layer0: 296 -> 3590 + -1678 = 1910 (1989)
[56.497304] 
[56.497307] 
[56.497316] Start  layer1: 20 SMs -> 10
[56.508883] End    layer1: 1276 -> 11562 + -6642 = 4919 (6620)
[56.508889] 
[56.508896] 
[56.508905] Start  layer2: 40 SMs -> 15
[56.527442] End    layer2: 1145 -> 18533 + -17527 = 1005 (7674)
[56.527448] 
[56.527456] 
[56.527466] Start  layer3: 30 SMs -> 9
[56.539000] End    layer3: 1650 -> 11530 + -20082 = -8552 (9002)
[56.539027] 
[56.539034] 
[56.539045] Start  layer4: 30 SMs -> 7
[56.550552] End    layer4: 2294 -> 11506 + -17272 = -5766 (14365)
[56.550556] 
[56.550561] 
[56.550567] Start  layerX: 30 SMs -> 5
[56.550989] End    layerX: 63 -> 420 + -17362 = -16941 (347)
[56.550991] 
[56.550996] Delayed : 7371us
[56.550999] 
[56.551003] Start  layer0: 30 SMs -> 5
[56.552284] End    layer0: 342 -> 1278 + -6667 = -5389 (1989)
[56.552286] 
[56.552288] 
[56.552293] Start  layer1: 10 SMs -> 6
[56.560720] End    layer1: 1948 -> 8424 + -8483 = -59 (6620)
[56.560723] 
[56.560725] 
[56.560730] Start  layer2: 20 SMs -> 7
[56.567911] End    layer2: 1492 -> 7175 + -7996 = -821 (7674)
[56.567917] 
[56.567933] 
[56.567944] Start  layer3: 20 SMs -> 7
[56.577630] End    layer3: 1650 -> 9683 + -8712 = 970 (9002)
[56.577636] 
[56.577641] 
[56.577650] Start  layer4: 30 SMs -> 8
[56.588302] End    layer4: 2294 -> 10648 + -5019 = 5628 (14365)
[56.588308] 
[56.588326] 
[56.588335] Start  layerX: 10 SMs -> 4
[56.588750] End    layerX: 74 -> 412 + -5120 = -4708 (347)
[56.588755] 
[56.588763] Reserved: 4861us
[56.593690] 
[56.593704] Start  layer0: 30 SMs -> 8
[56.596894] End    layer0: 342 -> 3185 + -1271 = 1912 (1989)
[56.596900] 
[56.596905] 
[56.596917] Start  layer1: 10 SMs -> 4
[56.606817] End    layer1: 1948 -> 9897 + -4576 = 5319 (6620)
[56.606822] 
[56.606865] 
[56.606879] Start  layer2: 10 SMs -> 6
[56.615851] End    layer2: 2173 -> 8966 + -5934 = 3032 (7674)
[56.615857] 
[56.615863] 
[56.615875] Start  layer3: 20 SMs -> 6
[56.624402] End    layer3: 1650 -> 8523 + -5484 = 3039 (9002)
[56.624407] 
[56.624413] 
[56.624422] Start  layer4: 30 SMs -> 8
[56.634838] End    layer4: 2294 -> 10412 + -1555 = 8856 (14365)
[56.634844] 
[56.634863] 
[56.634871] Start  layerX: 40 SMs -> 11
[56.636154] End    layerX: 51 -> 1279 + -2524 = -1245 (347)
[56.636158] 
[56.636167] Reserved: 7458us
[56.643692] 
[56.643706] Start  layer0: 30 SMs -> 3
[56.644986] End    layer0: 342 -> 1275 + 635 = 1910 (1989)
[56.644993] 
[56.644997] 
[56.645008] Start  layer1: 20 SMs -> 6
[56.651024] End    layer1: 1276 -> 6010 + 1217 = 7227 (6620)
[56.651031] 
[56.651037] 
[56.651045] Start  layer2: 20 SMs -> 6
[56.658030] End    layer2: 1492 -> 6981 + 1884 = 8865 (7674)
[56.658036] 
[56.658040] 
[56.658049] Start  layer3: 20 SMs -> 6
[56.667412] End    layer3: 1650 -> 9358 + 1506 = 10864 (9002)
[56.667417] 
[56.667425] 
[56.667434] Start  layer4: 20 SMs -> 7
[56.680173] End    layer4: 2415 -> 12735 + 3109 = 15844 (14365)
[56.680179] 
[56.680184] 
[56.680193] Start  layerX: 40 SMs -> 10
[56.680803] End    layerX: 51 -> 607 + 2825 = 3433 (347)
[56.680807] 
[56.680816] Reserved: 12808us
[56.693692] 
[56.693710] Start  layer0: 10 SMs -> 4
[56.697068] End    layer0: 571 -> 3354 + -1446 = 1906 (1989)
[56.697075] 
[56.697080] 
[56.697091] Start  layer1: 10 SMs -> 7
[56.703727] End    layer1: 1948 -> 6633 + -1487 = 5145 (6620)
[56.703733] 
[56.703767] 
[56.703776] Start  layer2: 40 SMs -> 12
[56.711687] End    layer2: 1145 -> 7905 + -1770 = 6134 (7674)
[56.711694] 
[56.711701] 
[56.711711] Start  layer3: 20 SMs -> 9
[56.720194] End    layer3: 1650 -> 8479 + -1276 = 7202 (9002)
[56.720201] 
[56.720212] 
[56.720221] Start  layer4: 20 SMs -> 7
[56.732273] End    layer4: 2415 -> 12048 + 1009 = 13057 (14365)
[56.732279] 
[56.732285] 
[56.732293] Start  layerX: 10 SMs -> 6
[56.733331] End    layerX: 74 -> 1035 + 298 = 1333 (347)
[56.733335] 
[56.733343] Reserved: 10282us
[56.743687] 
[56.743697] Start  layer0: 30 SMs -> 5
[56.744501] End    layer0: 342 -> 800 + 1118 = 1918 (1989)
[56.744506] 
[56.744509] 
[56.744518] Start  layer1: 40 SMs -> 6
[56.750386] End    layer1: 988 -> 5864 + 1853 = 7717 (6620)
[56.750391] 
[56.750412] 
[56.750421] Start  layer2: 40 SMs -> 9
[56.758349] End    layer2: 1145 -> 7924 + 1565 = 9489 (7674)
[56.758355] 
[56.758360] 
[56.758368] Start  layer3: 40 SMs -> 11
[56.771224] End    layer3: 1343 -> 12851 + -2306 = 10544 (9002)
[56.771229] 
[56.771234] 
[56.771242] Start  layer4: 30 SMs -> 8
[56.779211] End    layer4: 2294 -> 7965 + 4071 = 12035 (14365)
[56.779237] 
[56.779245] 
[56.779255] Start  layerX: 20 SMs -> 5
[56.781236] End    layerX: 66 -> 1978 + 2392 = 4370 (347)
[56.781241] 
[56.781248] Reserved: 12376us
[56.793686] 
[56.793694] Start  layer0: 10 SMs -> 2
[56.795938] End    layer0: 571 -> 2240 + -319 = 1920 (1989)
[56.795943] 
[56.795946] 
[56.795955] Start  layer1: 10 SMs -> 8
[56.801504] End    layer1: 1948 -> 5545 + 735 = 6279 (6620)
[56.801510] 
[56.801515] 
[56.801530] Start  layer2: 20 SMs -> 7
[56.808442] End    layer2: 1492 -> 6908 + 1472 = 8380 (7674)
[56.808448] 
[56.808453] 
[56.808461] Start  layer3: 20 SMs -> 7
[56.814055] End    layer3: 1650 -> 5590 + 4862 = 10452 (9002)
[56.814060] 
[56.814065] 
[56.814074] Start  layer4: 20 SMs -> 6
[56.822331] End    layer4: 2415 -> 8254 + 10950 = 19204 (14365)
[56.822337] 
[56.822342] 
[56.822350] Start  layerX: 20 SMs -> 6
[56.823791] End    layerX: 66 -> 1437 + 9838 = 11275 (347)
[56.823795] 
[56.823818] Reserved: 19806us
[56.843686] 
[56.843694] Start  layer0: 10 SMs -> 1
[56.845379] End    layer0: 571 -> 1681 + 239 = 1920 (1989)
[56.845385] 
[56.845388] 
[56.845396] Start  layer1: 30 SMs -> 8
[56.850437] End    layer1: 1150 -> 5036 + 1802 = 6838 (6620)
[56.850442] 
[56.850447] 
[56.850456] Start  layer2: 30 SMs -> 6
[56.855895] End    layer2: 1419 -> 5435 + 4019 = 9453 (7674)
[56.855900] 
[56.855912] 
[56.855920] Start  layer3: 30 SMs -> 6
[56.861741] End    layer3: 1650 -> 5816 + 7176 = 12992 (9002)
[56.861746] 
[56.861767] 
[56.861775] Start  layer4: 20 SMs -> 6
[56.868322] End    layer4: 2415 -> 6542 + 14960 = 21502 (14365)
[56.868327] 
[56.868337] 
[56.868345] Start  layerX: 20 SMs -> 5
[56.869161] End    layerX: 66 -> 812 + 14468 = 15280 (347)
[56.869165] 
[56.869184] Reserved: 24441us
[56.893686] 
[56.893695] Start  layer0: 40 SMs -> 3
[56.894609] End    layer0: 296 -> 910 + 1010 = 1920 (1989)
[56.894614] 
[56.894617] 
[56.894626] Start  layer1: 40 SMs -> 8
[56.902387] End    layer1: 988 -> 7756 + -147 = 7609 (6620)
[56.902392] 
[56.902397] 
[56.902405] Start  layer2: 40 SMs -> 10
[56.913649] End    layer2: 1145 -> 11239 + -3734 = 7504 (7674)
[56.913654] 
[56.913666] 
[56.913674] Start  layer3: 20 SMs -> 6
[56.920196] End    layer3: 1650 -> 6517 + -1278 = 5238 (9002)
[56.920201] 
[56.920206] 
[56.920214] Start  layer4: 20 SMs -> 4
[56.924699] End    layer4: 2415 -> 4480 + 8583 = 13064 (14365)
[56.924704] 
[56.924711] 
[56.924719] Start  layerX: 10 SMs -> 2
[56.925034] End    layerX: 74 -> 312 + 8594 = 8907 (347)
[56.925038] 
[56.925044] Reserved: 18580us
[56.943684] 
[56.943693] Start  layer0: 20 SMs -> 2
[56.944214] End    layer0: 396 -> 517 + 1405 = 1922 (1989)
[56.944219] 
[56.944222] 
[56.944230] Start  layer1: 20 SMs -> 3
[56.949469] End    layer1: 1276 -> 5235 + 2770 = 8005 (6620)
[56.949475] 
[56.949486] 
[56.949495] Start  layer2: 20 SMs -> 6
[56.953969] End    layer2: 1492 -> 4470 + 5945 = 10415 (7674)
[56.953974] 
[56.953993] 
[56.954001] Start  layer3: 30 SMs -> 6
[56.959671] End    layer3: 1650 -> 5666 + 9246 = 14912 (9002)
[56.959677] 
[56.959683] 
[56.959691] Start  layer4: 30 SMs -> 5
[56.969558] End    layer4: 2294 -> 9862 + 13724 = 23586 (14365)
[56.969563] 
[56.969571] 
[56.969580] Start  layerX: 20 SMs -> 5
[56.970494] End    layerX: 66 -> 909 + 13137 = 14046 (347)
[56.970501] 
[56.970512] Reserved: 23113us
[56.993692] 
[56.993705] Start  layer0: 20 SMs -> 2
[56.994366] End    layer0: 396 -> 656 + 1255 = 1911 (1989)
[56.994372] 
[56.994377] 
[56.994387] Start  layer1: 30 SMs -> 6
[56.999313] End    layer1: 1150 -> 4923 + 2926 = 7849 (6620)
[56.999319] 
[56.999324] 
[56.999332] Start  layer2: 20 SMs -> 7
[57.006354] End    layer2: 1492 -> 7017 + 3560 = 10577 (7674)
[57.006361] 
[57.006366] 
[57.006373] Start  layer3: 20 SMs -> 5
[57.012515] End    layer3: 1650 -> 6136 + 6404 = 12539 (9002)
[57.012523] 
[57.012530] 
[57.012541] Start  layer4: 30 SMs -> 7
[57.022604] End    layer4: 2294 -> 10058 + 10680 = 20738 (14365)
[57.022611] 
[57.022621] 
[57.022632] Start  layerX: 20 SMs -> 7
[57.023064] End    layerX: 66 -> 429 + 10566 = 10994 (347)
[57.023070] 
[57.023077] Reserved: 20547us
[57.043692] 
[57.043706] Start  layer0: 40 SMs -> 2
[57.044231] End    layer0: 296 -> 520 + 1390 = 1910 (1989)
[57.044238] 
[57.044243] 
[57.044253] Start  layer1: 20 SMs -> 4
[57.049746] End    layer1: 1276 -> 5487 + 2495 = 7982 (6620)
[57.049753] 
[57.049768] 
[57.049780] Start  layer2: 20 SMs -> 5
[57.054814] End    layer2: 1492 -> 5031 + 5100 = 10131 (7674)
[57.054820] 
[57.054825] 
[57.054833] Start  layer3: 30 SMs -> 6
[57.061257] End    layer3: 1650 -> 6418 + 7662 = 14080 (9002)
[57.061264] 
[57.061270] 
[57.061281] Start  layer4: 20 SMs -> 4
[57.066217] End    layer4: 2415 -> 4930 + 17067 = 21998 (14365)
[57.066223] 
[57.066232] 
[57.066243] Start  layerX: 30 SMs -> 4
[57.066867] End    layerX: 63 -> 620 + 16763 = 17384 (347)
[57.066872] 
[57.066894] Reserved: 26731us
[57.093691] 
[57.093706] Start  layer0: 30 SMs -> 1
[57.094151] End    layer0: 342 -> 441 + 1470 = 1910 (1989)
[57.094158] 
[57.094162] 
[57.094172] Start  layer1: 20 SMs -> 3
[57.098683] End    layer1: 1276 -> 4506 + 3558 = 8064 (6620)
[57.098689] 
[57.098717] 
[57.098726] Start  layer2: 30 SMs -> 5
[57.103517] End    layer2: 1419 -> 4785 + 6399 = 11184 (7674)
[57.103524] 
[57.103540] 
[57.103551] Start  layer3: 30 SMs -> 5
[57.108105] End    layer3: 1650 -> 4549 + 10814 = 15363 (9002)
[57.108111] 
[57.108137] 
[57.108148] Start  layer4: 40 SMs -> 8
[57.118686] End    layer4: 2143 -> 10535 + 14596 = 25131 (14365)
[57.118692] 
[57.118708] 
[57.118717] Start  layerX: 40 SMs -> 7
[57.119584] End    layerX: 51 -> 862 + 14047 = 14909 (347)
[57.119591] 
[57.119604] Reserved: 24021us
[57.143692] 
[57.143706] Start  layer0: 40 SMs -> 1
[57.144136] End    layer0: 296 -> 425 + 1485 = 1910 (1989)
[57.144142] 
[57.144147] 
[57.144157] Start  layer1: 40 SMs -> 3
[57.149044] End    layer1: 988 -> 4883 + 3196 = 8079 (6620)
[57.149049] 
[57.149057] 
[57.149065] Start  layer2: 10 SMs -> 3
[57.153360] End    layer2: 2173 -> 4289 + 6556 = 10845 (7674)
[57.153366] 
[57.153371] 
[57.153379] Start  layer3: 40 SMs -> 7
[57.159978] End    layer3: 1343 -> 6592 + 8941 = 15533 (9002)
[57.159985] 
[57.159993] 
[57.160005] Start  layer4: 40 SMs -> 6
[57.168169] End    layer4: 2143 -> 8161 + 15113 = 23274 (14365)
[57.168175] 
[57.168181] 
[57.168190] Start  layerX: 20 SMs -> 3
[57.168581] End    layerX: 66 -> 388 + 15047 = 15436 (347)
[57.168586] 
[57.168594] Reserved: 25030us
