[29.387753] layer0:
[29.401048] 	10	342us, 558us
[29.411222] 	20	234us, 393us
[29.420515] 	30	203us, 319us
[29.429316] 	40	182us, 293us
[29.429328] Params: 0.62	0.37	0.38

[29.429333] layer1:
[29.466564] 	10	1107us, 1941us
[29.491139] 	20	789us, 1288us
[29.514024] 	30	682us, 1169us
[29.534821] 	40	674us, 1000us
[29.534833] Params: 0.61	0.25	0.41

[29.534839] layer2:
[29.577335] 	10	1326us, 2164us
[29.606690] 	20	978us, 1518us
[29.633933] 	30	925us, 1392us
[29.657545] 	40	792us, 1148us
[29.657558] Params: 0.65	0.32	0.41

[29.657564] layer3:
[29.702705] 	10	1398us, 2283us
[29.731965] 	20	963us, 1578us
[29.761730] 	30	924us, 1633us
[29.788937] 	40	892us, 1411us
[29.788950] Params: 0.61	0.21	0.27

[29.788957] layer4:
[29.859494] 	10	2378us, 3591us
[29.904229] 	20	1563us, 2486us
[29.946271] 	30	1513us, 2292us
[29.985957] 	40	1419us, 2138us
[29.985970] Params: 0.65	0.26	0.28

[29.985977] layerX:
[29.991377] 	10	44us, 76us
[29.996698] 	20	40us, 63us
[30.001862] 	30	39us, 63us
[30.006985] 	40	39us, 55us
[30.006997] Params: 0.64	0.05	0.22

