[55.492902] 
[55.492922] Start  layer0: 30 SMs -> 3
[55.493904] End    layer0: 318 -> 982 + 934 = 1917 (1936)
[55.493908] 
[55.493910] 
[55.493916] Start  layer1: 20 SMs -> 6
[55.506571] End    layer1: 1287 -> 12653 + -5114 = 7537 (6618)
[55.506575] 
[55.506582] 
[55.506587] Start  layer2: 20 SMs -> 9
[55.514892] End    layer2: 1518 -> 8302 + -5834 = 2467 (7599)
[55.514896] 
[55.514907] 
[55.514914] Start  layer3: 20 SMs -> 9
[55.522698] End    layer3: 1578 -> 7782 + -4304 = 3477 (9337)
[55.522701] 
[55.522704] 
[55.522709] Start  layer4: 30 SMs -> 9
[55.537871] End    layer4: 2291 -> 15160 + -5329 = 9830 (14147)
[55.537874] 
[55.537878] 
[55.537883] Start  layerX: 30 SMs -> 9
[55.539370] End    layerX: 62 -> 1485 + -6467 = -4982 (360)
[55.539373] 
[55.539377] Reserved: 3521us
[55.542956] 
[55.542963] Start  layer0: 10 SMs -> 7
[55.547500] End    layer0: 557 -> 4534 + -2661 = 1873 (1936)
[55.547503] 
[55.547504] 
[55.547509] Start  layer1: 30 SMs -> 6
[55.552231] End    layer1: 1168 -> 4719 + -773 = 3944 (6618)
[55.552235] 
[55.552240] 
[55.552246] Start  layer2: 30 SMs -> 7
[55.558556] End    layer2: 1391 -> 6308 + 500 = 6808 (7599)
[55.558559] 
[55.558595] 
[55.558600] Start  layer3: 20 SMs -> 8
[55.563642] End    layer3: 1578 -> 5040 + 4751 = 9790 (9337)
[55.563645] 
[55.563648] 
[55.563653] Start  layer4: 20 SMs -> 8
[55.570766] End    layer4: 2485 -> 7108 + 11778 = 18885 (14147)
[55.570772] 
[55.570779] 
[55.570789] Start  layerX: 20 SMs -> 6
[55.572052] End    layerX: 62 -> 1258 + 10855 = 12113 (360)
[55.572059] 
[55.572071] Reserved: 20829us
[55.592967] 
[55.592981] Start  layer0: 40 SMs -> 9
[55.595616] End    layer0: 292 -> 2630 + -772 = 1858 (1936)
[55.595623] 
[55.595627] 
[55.595636] Start  layer1: 30 SMs -> 7
[55.603575] End    layer1: 1168 -> 7935 + -2115 = 5819 (6618)
[55.603580] 
[55.603594] 
[55.603603] Start  layer2: 30 SMs -> 7
[55.610902] End    layer2: 1391 -> 7295 + -1842 = 5452 (7599)
[55.610908] 
[55.610919] 
[55.610928] Start  layer3: 30 SMs -> 9
[55.619258] End    layer3: 1578 -> 8325 + -860 = 7464 (9337)
[55.619263] 
[55.619268] 
[55.619277] Start  layer4: 30 SMs -> 7
[55.629907] End    layer4: 2291 -> 10623 + 2641 = 13263 (14147)
[55.629914] 
[55.629921] 
[55.629934] Start  layerX: 10 SMs -> 5
[55.630548] End    layerX: 75 -> 611 + 2358 = 2968 (360)
[55.630554] 
[55.630564] Reserved: 12336us
[55.642963] 
[55.642972] Start  layer0: 20 SMs -> 3
[55.644177] End    layer0: 392 -> 1199 + 666 = 1865 (1936)
[55.644184] 
[55.644188] 
[55.644199] Start  layer1: 40 SMs -> 11
[55.656337] End    layer1: 999 -> 12135 + -4877 = 7257 (6618)
[55.656343] 
[55.656363] 
[55.656373] Start  layer2: 40 SMs -> 15
[55.668803] End    layer2: 1148 -> 12427 + -9743 = 2683 (7599)
[55.668809] 
[55.668815] 
[55.668824] Start  layer3: 30 SMs -> 8
[55.679880] End    layer3: 1578 -> 11052 + -11483 = -431 (9337)
[55.679886] 
[55.679900] 
[55.679909] Start  layer4: 20 SMs -> 8
[55.690081] End    layer4: 2485 -> 10167 + -7535 = 2631 (14147)
[55.690086] 
[55.690092] 
[55.690101] Start  layerX: 40 SMs -> 12
[55.690640] End    layerX: 54 -> 535 + -7735 = -7199 (360)
[55.690645] 
[55.690655] Reserved: 2245us
[55.692970] 
[55.692988] Start  layer0: 10 SMs -> 4
[55.698378] End    layer0: 557 -> 5389 + -3536 = 1851 (1936)
[55.698384] 
[55.698387] 
[55.698395] Start  layer1: 40 SMs -> 14
[55.709723] End    layer1: 999 -> 11324 + -8263 = 3060 (6618)
[55.709729] 
[55.709734] 
[55.709743] Start  layer2: 40 SMs -> 15
[55.724381] End    layer2: 1148 -> 14633 + -15321 = -688 (7599)
[55.724387] 
[55.724392] 
[55.724400] Start  layer3: 20 SMs -> 7
[55.735331] End    layer3: 1578 -> 10926 + -16934 = -6008 (9337)
[55.735337] 
[55.735359] 
[55.735367] Start  layer4: 40 SMs -> 13
[55.746710] End    layer4: 2137 -> 11338 + -14165 = -2827 (14147)
[55.746715] 
[55.746734] 
[55.746744] Start  layerX: 40 SMs -> 15
[55.747844] End    layerX: 54 -> 1095 + -14936 = -13842 (360)
[55.747851] 
[55.747865] Delayed : 4964us
[55.747874] 
[55.747883] Start  layer0: 40 SMs -> 15
[55.750401] End    layer0: 292 -> 2512 + -5557 = -3045 (1936)
[55.750408] 
[55.750411] 
[55.750445] Start  layer1: 20 SMs -> 9
[55.758106] End    layer1: 1287 -> 7655 + -6644 = 1010 (6618)
[55.758113] 
[55.758121] 
[55.758134] Start  layer2: 10 SMs -> 5
[55.766241] End    layer2: 2163 -> 8104 + -7181 = 922 (7599)
[55.766248] 
[55.766257] 
[55.766268] Start  layer3: 10 SMs -> 4
[55.774743] End    layer3: 2282 -> 8471 + -6346 = 2125 (9337)
[55.774749] 
[55.774753] 
[55.774762] Start  layer4: 30 SMs -> 9
[55.786688] End    layer4: 2291 -> 11920 + -4141 = 7778 (14147)
[55.786695] 
[55.786702] 
[55.786712] Start  layerX: 10 SMs -> 3
[55.787632] End    layerX: 75 -> 917 + -4726 = -3810 (360)
[55.787637] 
[55.787646] Reserved: 5254us
[55.792966] 
[55.792980] Start  layer0: 30 SMs -> 7
[55.795967] End    layer0: 318 -> 2982 + -1122 = 1858 (1936)
[55.795973] 
[55.795978] 
[55.795988] Start  layer1: 20 SMs -> 11
[55.804729] End    layer1: 1287 -> 8738 + -3269 = 5468 (6618)
[55.804735] 
[55.804741] 
[55.804749] Start  layer2: 20 SMs -> 6
[55.811165] End    layer2: 1518 -> 6409 + -2102 = 4306 (7599)
[55.811172] 
[55.811179] 
[55.811191] Start  layer3: 20 SMs -> 8
[55.819223] End    layer3: 1578 -> 8029 + -826 = 7202 (9337)
[55.819229] 
[55.819237] 
[55.819246] Start  layer4: 20 SMs -> 6
[55.827919] End    layer4: 2485 -> 8667 + 4627 = 13294 (14147)
[55.827926] 
[55.827937] 
[55.827948] Start  layerX: 10 SMs -> 7
[55.829025] End    layerX: 75 -> 1074 + 3880 = 4954 (360)
[55.829031] 
[55.829041] Reserved: 13859us
[55.842967] 
[55.842980] Start  layer0: 40 SMs -> 11
[55.845549] End    layer0: 292 -> 2566 + -707 = 1858 (1936)
[55.845556] 
[55.845559] 
[55.845567] Start  layer1: 10 SMs -> 10
[55.861595] End    layer1: 1940 -> 16021 + -10132 = 5888 (6618)
[55.861600] 
[55.861605] 
[55.861613] Start  layer2: 20 SMs -> 8
[55.869211] End    layer2: 1518 -> 7593 + -10151 = -2557 (7599)
[55.869217] 
[55.869229] 
[55.869239] Start  layer3: 10 SMs -> 7
[55.885917] End    layer3: 2282 -> 16674 + -17520 = -846 (9337)
[55.885923] 
[55.885976] 
[55.885986] Start  layer4: 30 SMs -> 7
[55.893767] End    layer4: 2291 -> 7777 + -11221 = -3444 (14147)
[55.893773] 
[55.893779] 
[55.893787] Start  layerX: 20 SMs -> 9
[55.896036] End    layerX: 62 -> 2244 + -13129 = -10886 (360)
[55.896041] 
[55.896049] Delayed : 3149us
[55.896055] 
[55.896064] Start  layer0: 20 SMs -> 9
[55.898408] End    layer0: 392 -> 2339 + -3566 = -1226 (1936)
[55.898413] 
[55.898417] 
[55.898426] Start  layer1: 20 SMs -> 7
[55.905268] End    layer1: 1287 -> 6838 + -3808 = 3029 (6618)
[55.905274] 
[55.905280] 
[55.905289] Start  layer2: 30 SMs -> 11
[55.913567] End    layer2: 1391 -> 8272 + -4505 = 3766 (7599)
[55.913573] 
[55.913580] 
[55.913589] Start  layer3: 20 SMs -> 7
[55.922885] End    layer3: 1578 -> 9290 + -4486 = 4803 (9337)
[55.922891] 
[55.922900] 
[55.922910] Start  layer4: 20 SMs -> 9
[55.936486] End    layer4: 2485 -> 13572 + -3941 = 9630 (14147)
[55.936492] 
[55.936498] 
[55.936506] Start  layerX: 20 SMs -> 7
[55.937859] End    layerX: 62 -> 1349 + -4953 = -3604 (360)
[55.937864] 
[55.937873] Reserved: 5026us
[55.942966] 
[55.942981] Start  layer0: 40 SMs -> 11
[55.948938] End    layer0: 292 -> 5954 + -4096 = 1858 (1936)
[55.948944] 
[55.948947] 
[55.948957] Start  layer1: 40 SMs -> 16
[55.963054] End    layer1: 999 -> 14091 + -11592 = 2498 (6618)
[55.963061] 
[55.963080] 
[55.963093] Start  layer2: 10 SMs -> 6
[55.973509] End    layer2: 2163 -> 10413 + -14449 = -4036 (7599)
[55.973515] 
[55.973519] 
[55.973529] Start  layer3: 30 SMs -> 8
[55.979420] End    layer3: 1578 -> 5885 + -11020 = -5136 (9337)
[55.979426] 
[55.979434] 
[55.979446] Start  layer4: 30 SMs -> 6
[55.987515] End    layer4: 2291 -> 8064 + -4967 = 3095 (14147)
[55.987522] 
[55.987528] 
[55.987537] Start  layerX: 10 SMs -> 3
[55.988650] End    layerX: 75 -> 1107 + -5742 = -4635 (360)
[55.988657] 
[55.988682] Reserved: 4218us
[55.992966] 
[55.992980] Start  layer0: 40 SMs -> 16
[55.998135] End    layer0: 292 -> 5152 + -3293 = 1858 (1936)
[55.998141] 
[55.998144] 
[55.998153] Start  layer1: 30 SMs -> 5
[56.005602] End    layer1: 1168 -> 7444 + -4141 = 3301 (6618)
[56.005609] 
[56.005614] 
[56.005623] Start  layer2: 40 SMs -> 14
[56.024076] End    layer2: 1148 -> 18449 + -15016 = 3432 (7599)
[56.024082] 
[56.024089] 
[56.024098] Start  layer3: 40 SMs -> 15
[56.036075] End    layer3: 1410 -> 11973 + -17678 = -5705 (9337)
[56.036081] 
[56.036086] 
[56.036095] Start  layer4: 20 SMs -> 6
[56.043198] End    layer4: 2485 -> 7099 + -10652 = -3554 (14147)
[56.043203] 
[56.043208] 
[56.043216] Start  layerX: 30 SMs -> 6
[56.043938] End    layerX: 62 -> 718 + -11032 = -10314 (360)
[56.043943] 
[56.043951] Delayed : 1051us
[56.043957] 
[56.043966] Start  layer0: 30 SMs -> 7
[56.045837] End    layer0: 318 -> 1866 + -995 = 870 (1936)
[56.045843] 
[56.045846] 
[56.045855] Start  layer1: 40 SMs -> 17
[56.057874] End    layer1: 999 -> 12013 + -6412 = 5600 (6618)
[56.057881] 
[56.057892] 
[56.057904] Start  layer2: 40 SMs -> 13
[56.071198] End    layer2: 1148 -> 13290 + -12138 = 1151 (7599)
[56.071204] 
[56.071210] 
[56.071219] Start  layer3: 40 SMs -> 16
[56.090680] End    layer3: 1410 -> 19455 + -22282 = -2827 (9337)
[56.090687] 
[56.090693] 
[56.090704] Start  layer4: 10 SMs -> 4
[56.103899] End    layer4: 3591 -> 13191 + -21354 = -8162 (14147)
[56.103905] 
[56.103910] 
[56.103918] Start  layerX: 10 SMs -> 6
[56.104685] End    layerX: 75 -> 761 + -21777 = -21016 (360)
[56.104692] 
[56.104714] Delayed : 11813us
[56.104722] 
[56.104733] Start  layer0: 30 SMs -> 6
[56.105806] End    layer0: 318 -> 1070 + -10964 = -9894 (1936)
[56.105812] 
[56.105815] 
[56.105826] Start  layer1: 30 SMs -> 4
[56.109603] End    layer1: 1168 -> 3772 + -8143 = -4370 (6618)
[56.109608] 
[56.109617] 
[56.109625] Start  layer2: 30 SMs -> 5
[56.115645] End    layer2: 1391 -> 6014 + -6583 = -569 (7599)
[56.115652] 
[56.115659] 
[56.115671] Start  layer3: 40 SMs -> 16
[56.133752] End    layer3: 1410 -> 18076 + -15353 = 2722 (9337)
[56.133759] 
[56.133771] 
[56.133783] Start  layer4: 30 SMs -> 7
[56.143099] End    layer4: 2291 -> 9312 + -10553 = -1241 (14147)
[56.143104] 
[56.143109] 
[56.143118] Start  layerX: 40 SMs -> 12
[56.145546] End    layerX: 54 -> 2423 + -12639 = -10216 (360)
[56.145551] 
[56.145560] Delayed : 2660us
[56.145567] 
[56.145574] Start  layer0: 20 SMs -> 9
[56.148347] End    layer0: 392 -> 2768 + -3505 = -737 (1936)
[56.148352] 
[56.148356] 
[56.148363] Start  layer1: 40 SMs -> 15
[56.165556] End    layer1: 999 -> 17186 + -14094 = 3092 (6618)
[56.165563] 
[56.165571] 
[56.165586] Start  layer2: 40 SMs -> 16
[56.184838] End    layer2: 1148 -> 19246 + -25776 = -6530 (7599)
[56.184845] 
[56.184852] 
[56.184861] Start  layer3: 40 SMs -> 14
[56.203941] End    layer3: 1410 -> 19075 + -35544 = -16469 (9337)
[56.203947] 
[56.203962] 
[56.203971] Start  layer4: 40 SMs -> 13
[56.215776] End    layer4: 2137 -> 11798 + -33228 = -21430 (14147)
[56.215783] 
[56.215793] 
[56.215805] Start  layerX: 10 SMs -> 5
[56.216597] End    layerX: 75 -> 787 + -33689 = -32902 (360)
[56.216604] 
[56.216616] Delayed : 23715us
[56.216624] 
[56.216632] Start  layer0: 40 SMs -> 14
[56.220860] End    layer0: 292 -> 4223 + -26018 = -21795 (1936)
[56.220865] 
[56.220869] 
[56.220878] Start  layer1: 40 SMs -> 14
[56.240419] End    layer1: 999 -> 19537 + -38959 = -19422 (6618)
[56.240425] 
[56.240432] 
[56.240442] Start  layer2: 40 SMs -> 10
[56.259494] End    layer2: 1148 -> 19047 + -50432 = -31385 (7599)
[56.259502] 
[56.259509] 
[56.259524] Start  layer3: 30 SMs -> 6
[56.264720] End    layer3: 1578 -> 5193 + -46323 = -41130 (9337)
[56.264726] 
[56.264733] 
[56.264744] Start  layer4: 30 SMs -> 6
[56.273159] End    layer4: 2291 -> 8412 + -40614 = -32202 (14147)
[56.273165] 
[56.273170] 
[56.273178] Start  layerX: 30 SMs -> 6
[56.273786] End    layerX: 62 -> 604 + -40881 = -40276 (360)
[56.273791] 
[56.273832] Delayed : 30931us
[56.273839] 
[56.273846] Start  layer0: 10 SMs -> 6
[56.276378] End    layer0: 557 -> 2525 + -31534 = -29009 (1936)
[56.276385] 
[56.276389] 
[56.276399] Start  layer1: 10 SMs -> 9
[56.283393] End    layer1: 1940 -> 6988 + -31931 = -24943 (6618)
[56.283400] 
[56.283424] 
[56.283439] Start  layer2: 40 SMs -> 14
[56.308487] End    layer2: 1148 -> 25044 + -49425 = -24381 (7599)
[56.308521] 
[56.308528] 
[56.308541] Start  layer3: 20 SMs -> 8
[56.318909] End    layer3: 1578 -> 10365 + -50511 = -40147 (9337)
[56.318914] 
[56.318929] 
[56.318939] Start  layer4: 40 SMs -> 15
[56.339368] End    layer4: 2137 -> 20424 + -56822 = -36398 (14147)
[56.339373] 
[56.339379] 
[56.339388] Start  layerX: 20 SMs -> 4
[56.339598] End    layerX: 62 -> 206 + -56691 = -56486 (360)
[56.339603] 
[56.339628] Delayed : 46727us
[56.339637] 
[56.339658] Start  layer0: 40 SMs -> 14
[56.345746] End    layer0: 292 -> 6083 + -50902 = -44819 (1936)
[56.345753] 
[56.345757] 
[56.345769] Start  layer1: 40 SMs -> 12
[56.364445] End    layer1: 999 -> 18672 + -62984 = -44312 (6618)
[56.364450] 
[56.364455] 
[56.364464] Start  layer2: 40 SMs -> 15
[56.384052] End    layer2: 1148 -> 19583 + -74991 = -55408 (7599)
[56.384057] 
[56.384063] 
[56.384072] Start  layer3: 10 SMs -> 5
[56.392870] End    layer3: 2282 -> 8794 + -74473 = -65679 (9337)
[56.392876] 
[56.392883] 
[56.392891] Start  layer4: 30 SMs -> 6
[56.400214] End    layer4: 2291 -> 7317 + -67667 = -60350 (14147)
[56.400221] 
[56.400228] 
[56.400237] Start  layerX: 30 SMs -> 8
[56.400899] End    layerX: 62 -> 657 + -67992 = -67336 (360)
[56.400906] 
[56.400919] Delayed : 58018us
[56.400928] 
[56.400938] Start  layer0: 10 SMs -> 8
[56.406119] End    layer0: 557 -> 5177 + -61277 = -56100 (1936)
[56.406125] 
[56.406128] 
[56.406137] Start  layer1: 20 SMs -> 5
[56.413433] End    layer1: 1287 -> 7291 + -61972 = -54681 (6618)
[56.413438] 
[56.413443] 
[56.413450] Start  layer2: 20 SMs -> 7
[56.420591] End    layer2: 1518 -> 7135 + -61529 = -54395 (7599)
[56.420597] 
[56.420605] 
[56.420614] Start  layer3: 40 SMs -> 17
[56.438192] End    layer3: 1410 -> 17574 + -69795 = -52221 (9337)
[56.438199] 
[56.438206] 
[56.438215] Start  layer4: 20 SMs -> 8
[56.449200] End    layer4: 2485 -> 10980 + -66654 = -55675 (14147)
[56.449205] 
[56.449210] 
[56.449219] Start  layerX: 10 SMs -> 6
[56.449738] End    layerX: 75 -> 514 + -66831 = -66317 (360)
[56.449744] 
[56.449765] Delayed : 56864us
[56.449773] 
[56.449783] Start  layer0: 10 SMs -> 5
[56.453732] End    layer0: 557 -> 3944 + -58888 = -54945 (1936)
[56.453739] 
[56.453742] 
[56.453750] Start  layer1: 40 SMs -> 12
[56.468909] End    layer1: 999 -> 15154 + -67449 = -52294 (6618)
[56.468914] 
[56.468935] 
[56.468944] Start  layer2: 30 SMs -> 8
[56.479474] End    layer2: 1391 -> 10525 + -70413 = -59888 (7599)
[56.479481] 
[56.479490] 
[56.479501] Start  layer3: 30 SMs -> 8
[56.489105] End    layer3: 1578 -> 9600 + -70707 = -61107 (9337)
[56.489112] 
[56.489131] 
[56.489141] Start  layer4: 40 SMs -> 12
[56.504552] End    layer4: 2137 -> 15407 + -72007 = -56600 (14147)
[56.504558] 
[56.504566] 
[56.504578] Start  layerX: 40 SMs -> 11
[56.506386] End    layerX: 54 -> 1803 + -73478 = -71675 (360)
[56.506392] 
[56.506407] Delayed : 63505us
[56.506415] 
[56.506426] Start  layer0: 20 SMs -> 10
[56.509304] End    layer0: 392 -> 2872 + -64459 = -61587 (1936)
[56.509311] 
[56.509315] 
[56.509327] Start  layer1: 10 SMs -> 6
[56.518352] End    layer1: 1940 -> 9019 + -66890 = -57871 (6618)
[56.518359] 
[56.518366] 
[56.518378] Start  layer2: 20 SMs -> 8
[56.525742] End    layer2: 1518 -> 7364 + -66685 = -59321 (7599)
[56.525746] 
[56.525750] 
[56.525754] Start  layer3: 40 SMs -> 15
[56.543513] End    layer3: 1410 -> 17756 + -75119 = -57362 (9337)
[56.543517] 
[56.543521] 
[56.543528] Start  layer4: 10 SMs -> 8
[56.555768] End    layer4: 3591 -> 12237 + -73225 = -60988 (14147)
[56.555772] 
[56.555782] 
[56.555789] Start  layerX: 30 SMs -> 7
[56.556199] End    layerX: 62 -> 409 + -73297 = -72888 (360)
[56.556202] 
[56.556208] Delayed : 63308us
[56.556212] 
[56.556215] Start  layer0: 30 SMs -> 7
[56.557253] End    layer0: 318 -> 1035 + -62415 = -61379 (1936)
[56.557256] 
[56.557258] 
[56.557263] Start  layer1: 30 SMs -> 8
[56.562868] End    layer1: 1168 -> 5599 + -61407 = -55808 (6618)
[56.562875] 
[56.562889] 
[56.562898] Start  layer2: 30 SMs -> 8
[56.574440] End    layer2: 1391 -> 11538 + -65380 = -53842 (7599)
[56.574446] 
[56.574452] 
[56.574483] Start  layer3: 40 SMs -> 14
[56.589252] End    layer3: 1410 -> 14764 + -70854 = -56090 (9337)
[56.589257] 
[56.589261] 
[56.589272] Start  layer4: 40 SMs -> 9
[56.604556] End    layer4: 2137 -> 15279 + -72010 = -56731 (14147)
[56.604563] 
[56.604611] 
[56.604625] Start  layerX: 40 SMs -> 13
[56.605552] End    layerX: 54 -> 925 + -72646 = -71721 (360)
[56.605557] 
[56.605568] Delayed : 62667us
[56.605574] 
[56.605582] Start  layer0: 40 SMs -> 12
[56.609006] End    layer0: 292 -> 3419 + -64164 = -60745 (1936)
[56.609012] 
[56.609015] 
[56.609024] Start  layer1: 40 SMs -> 13
[56.618933] End    layer1: 999 -> 9903 + -67471 = -57568 (6618)
[56.618940] 
[56.618948] 
[56.618960] Start  layer2: 40 SMs -> 11
[56.629767] End    layer2: 1148 -> 10804 + -70707 = -59903 (7599)
[56.629773] 
[56.629790] 
[56.629799] Start  layer3: 20 SMs -> 7
[56.637013] End    layer3: 1578 -> 7210 + -68616 = -61406 (9337)
[56.637018] 
[56.637023] 
[56.637031] Start  layer4: 20 SMs -> 4
[56.641479] End    layer4: 2485 -> 4443 + -58934 = -54491 (14147)
[56.641485] 
[56.641491] 
[56.641498] Start  layerX: 30 SMs -> 2
[56.641611] End    layerX: 62 -> 110 + -58706 = -58597 (360)
[56.641614] 
[56.641621] Delayed : 48721us
[56.641627] 
[56.641634] Start  layer0: 20 SMs -> 1
[56.642090] End    layer0: 392 -> 452 + -47249 = -46797 (1936)
[56.642095] 
[56.642098] 
[56.642105] Start  layer1: 20 SMs -> 1
[56.644575] End    layer1: 1287 -> 2464 + -43113 = -40649 (6618)
[56.644580] 
[56.644587] 
[56.644595] Start  layer2: 10 SMs -> 5
[56.653102] End    layer2: 2163 -> 8501 + -44040 = -35539 (7599)
[56.653108] 
[56.653112] 
[56.653120] Start  layer3: 40 SMs -> 16
[56.671177] End    layer3: 1410 -> 18052 + -52779 = -34727 (9337)
[56.671182] 
[56.671198] 
[56.671207] Start  layer4: 40 SMs -> 12
[56.686755] End    layer4: 2137 -> 15544 + -54210 = -38666 (14147)
[56.686761] 
[56.686768] 
[56.686776] Start  layerX: 10 SMs -> 1
[56.686951] End    layerX: 75 -> 170 + -54045 = -53874 (360)
[56.686956] 
[56.686964] Delayed : 44064us
[56.686971] 
[56.686978] Start  layer0: 40 SMs -> 8
[56.689242] End    layer0: 292 -> 2257 + -44397 = -42140 (1936)
[56.689248] 
[56.689253] 
[56.689263] Start  layer1: 40 SMs -> 9
[56.693332] End    layer1: 999 -> 4062 + -41870 = -37807 (6618)
[56.693339] 
[56.693356] 
[56.693365] Start  layer2: 20 SMs -> 4
[56.702172] End    layer2: 1518 -> 8802 + -43111 = -34309 (7599)
[56.702177] 
[56.702185] 
[56.702193] Start  layer3: 20 SMs -> 7
[56.710379] End    layer3: 1578 -> 8180 + -41980 = -33800 (9337)
[56.710386] 
[56.710394] 
[56.710405] Start  layer4: 20 SMs -> 8
[56.721330] End    layer4: 2485 -> 10921 + -38785 = -27864 (14147)
[56.721336] 
[56.721347] 
[56.721356] Start  layerX: 10 SMs -> 5
[56.722801] End    layerX: 75 -> 1439 + -39893 = -38455 (360)
[56.722808] 
[56.722831] Delayed : 29930us
[56.722839] 
[56.722849] Start  layer0: 10 SMs -> 4
[56.726451] End    layer0: 557 -> 3597 + -31608 = -28011 (1936)
[56.726458] 
[56.726462] 
[56.726470] Start  layer1: 40 SMs -> 11
[56.735452] End    layer1: 999 -> 8977 + -33991 = -25014 (6618)
[56.735457] 
[56.735462] 
[56.735470] Start  layer2: 40 SMs -> 7
[56.739689] End    layer2: 1148 -> 4215 + -30629 = -26414 (7599)
[56.739695] 
[56.739700] 
[56.739708] Start  layer3: 40 SMs -> 1
[56.741042] End    layer3: 1410 -> 1329 + -22644 = -21315 (9337)
[56.741047] 
[56.741052] 
[56.741060] Start  layer4: 40 SMs -> 1
[56.742978] End    layer4: 2137 -> 1911 + -10430 = -8519 (14147)
[56.742985] 
[56.742991] 
[56.743017] Start  layerX: 10 SMs -> 1
[56.743168] End    layerX: 75 -> 147 + -10261 = -10114 (360)
[56.743174] 
[56.743185] Delayed : 284us
[56.743193] 
[56.743203] Start  layer0: 30 SMs -> 3
[56.743980] End    layer0: 318 -> 773 + 863 = 1635 (1936)
[56.743987] 
[56.743992] 
[56.744002] Start  layer1: 30 SMs -> 6
[56.749683] End    layer1: 1168 -> 5676 + 1778 = 7453 (6618)
[56.749690] 
[56.749697] 
[56.749708] Start  layer2: 40 SMs -> 10
[56.759856] End    layer2: 1148 -> 10144 + -796 = 9348 (7599)
[56.759862] 
[56.759869] 
[56.759878] Start  layer3: 10 SMs -> 4
[56.767570] End    layer3: 2282 -> 7688 + 826 = 8514 (9337)
[56.767595] 
[56.767616] 
[56.767624] Start  layer4: 30 SMs -> 7
[56.779243] End    layer4: 2291 -> 11615 + 3301 = 14916 (14147)
[56.779249] 
[56.779256] 
[56.779265] Start  layerX: 30 SMs -> 4
[56.780092] End    layerX: 62 -> 824 + 2812 = 3636 (360)
[56.780096] 
[56.780115] Reserved: 12784us
[56.792963] 
[56.792974] Start  layer0: 30 SMs -> 1
[56.793524] End    layer0: 318 -> 547 + 1317 = 1863 (1936)
[56.793529] 
[56.793532] 
[56.793540] Start  layer1: 40 SMs -> 4
[56.797767] End    layer1: 999 -> 4222 + 3692 = 7915 (6618)
[56.797772] 
[56.797777] 
[56.797786] Start  layer2: 40 SMs -> 9
[56.805484] End    layer2: 1148 -> 7694 + 3575 = 11269 (7599)
[56.805489] 
[56.805494] 
[56.805503] Start  layer3: 40 SMs -> 10
[56.812884] End    layer3: 1410 -> 7376 + 5513 = 12889 (9337)
[56.812889] 
[56.812898] 
[56.812906] Start  layer4: 30 SMs -> 8
[56.823244] End    layer4: 2291 -> 10333 + 9301 = 19633 (14147)
[56.823249] 
[56.823257] 
[56.823265] Start  layerX: 30 SMs -> 6
[56.823887] End    layerX: 62 -> 618 + 9017 = 9636 (360)
[56.823891] 
[56.823902] Reserved: 18997us
