[39.754470] layer0:
[39.768086] 	10	343us, 567us
[39.778289] 	20	236us, 388us
[39.787865] 	30	204us, 326us
[39.796497] 	40	184us, 288us
[39.796509] Params: 0.62	0.36	0.41

[39.796514] layer1:
[39.833498] 	10	1118us, 1914us
[39.858087] 	20	796us, 1280us
[39.880827] 	30	694us, 1182us
[39.901738] 	40	684us, 980us
[39.901751] Params: 0.62	0.25	0.43

[39.901757] layer2:
[39.944604] 	10	1334us, 2172us
[39.973640] 	20	986us, 1504us
[40.000693] 	30	932us, 1370us
[40.024180] 	40	797us, 1146us
[40.024193] Params: 0.66	0.33	0.41

[40.024199] layer3:
[40.068805] 	10	1403us, 2257us
[40.098771] 	20	973us, 1627us
[40.129345] 	30	931us, 1725us
[40.155863] 	40	893us, 1319us
[40.155876] Params: 0.62	0.22	0.36

[40.155882] layer4:
[40.226360] 	10	2397us, 3553us
[40.270709] 	20	1573us, 2461us
[40.313150] 	30	1528us, 2290us
[40.352352] 	40	1421us, 2121us
[40.352365] Params: 0.66	0.27	0.28

[40.352372] layerX:
[40.357669] 	10	44us, 84us
[40.362973] 	20	41us, 67us
[40.368283] 	30	40us, 69us
[40.373370] 	40	40us, 58us
[40.373383] Params: 0.60	0.04	0.25

