[55.493743] 
[55.493755] Start  layer0: 20 SMs -> 5
[55.495534] End    layer0: 388 -> 1774 + 165 = 1939 (1951)
[55.495540] 
[55.495543] 
[55.495559] Start  layer1: 30 SMs -> 9
[55.507347] End    layer1: 1181 -> 11785 + -5022 = 6763 (6627)
[55.507350] 
[55.507355] 
[55.507360] Start  layer2: 30 SMs -> 9
[55.514400] End    layer2: 1370 -> 7037 + -4324 = 2713 (7752)
[55.514403] 
[55.514407] 
[55.514413] Start  layer3: 30 SMs -> 9
[55.521531] End    layer3: 1627 -> 7116 + -2528 = 4587 (8926)
[55.521534] 
[55.521540] 
[55.521545] Start  layer4: 30 SMs -> 9
[55.535495] End    layer4: 2289 -> 13944 + -2137 = 11806 (14351)
[55.535501] 
[55.535506] 
[55.535517] Start  layerX: 10 SMs -> 6
[55.537133] End    layerX: 84 -> 1609 + -3383 = -1774 (390)
[55.537139] 
[55.537153] Reserved: 6590us
[55.543815] 
[55.543830] Start  layer0: 10 SMs -> 8
[55.548398] End    layer0: 567 -> 4569 + -2702 = 1866 (1951)
[55.548401] 
[55.548403] 
[55.548407] Start  layer1: 40 SMs -> 13
[55.558197] End    layer1: 979 -> 9785 + -5870 = 3914 (6627)
[55.558202] 
[55.558207] 
[55.558215] Start  layer2: 20 SMs -> 8
[55.564579] End    layer2: 1504 -> 6360 + -4499 = 1859 (7752)
[55.564586] 
[55.564590] 
[55.564599] Start  layer3: 10 SMs -> 7
[55.577023] End    layer3: 2257 -> 12419 + -8016 = 4402 (8926)
[55.577028] 
[55.577034] 
[55.577043] Start  layer4: 10 SMs -> 8
[55.588608] End    layer4: 3553 -> 11561 + -5250 = 6309 (14351)
[55.588614] 
[55.588620] 
[55.588629] Start  layerX: 30 SMs -> 4
[55.589371] End    layerX: 67 -> 739 + -5625 = -4886 (390)
[55.589375] 
[55.589385] Reserved: 4357us
[55.593802] 
[55.593809] Start  layer0: 10 SMs -> 5
[55.597105] End    layer0: 567 -> 3291 + -1406 = 1884 (1951)
[55.597111] 
[55.597114] 
[55.597123] Start  layer1: 30 SMs -> 9
[55.603180] End    layer1: 1181 -> 6052 + -851 = 5199 (6627)
[55.603185] 
[55.603205] 
[55.603217] Start  layer2: 10 SMs -> 6
[55.609989] End    layer2: 2172 -> 6768 + 90 = 6858 (7752)
[55.609994] 
[55.610000] 
[55.610009] Start  layer3: 10 SMs -> 5
[55.617569] End    layer3: 2257 -> 7556 + 1437 = 8993 (8926)
[55.617574] 
[55.617579] 
[55.617588] Start  layer4: 10 SMs -> 5
[55.628568] End    layer4: 3553 -> 10978 + 4787 = 15764 (14351)
[55.628572] 
[55.628578] 
[55.628587] Start  layerX: 20 SMs -> 7
[55.629501] End    layerX: 67 -> 910 + 4245 = 5155 (390)
[55.629506] 
[55.629518] Reserved: 14224us
[55.643820] 
[55.643836] Start  layer0: 30 SMs -> 8
[55.646254] End    layer0: 325 -> 2416 + -555 = 1860 (1951)
[55.646260] 
[55.646263] 
[55.646272] Start  layer1: 40 SMs -> 13
[55.661913] End    layer1: 979 -> 15636 + -9585 = 6050 (6627)
[55.661919] 
[55.661924] 
[55.661933] Start  layer2: 20 SMs -> 6
[55.670741] End    layer2: 1504 -> 8804 + -10661 = -1858 (7752)
[55.670747] 
[55.670753] 
[55.670762] Start  layer3: 30 SMs -> 9
[55.681412] End    layer3: 1627 -> 10644 + -12403 = -1760 (8926)
[55.681419] 
[55.681425] 
[55.681437] Start  layer4: 30 SMs -> 6
[55.690274] End    layer4: 2289 -> 8834 + -6916 = 1917 (14351)
[55.690279] 
[55.690287] 
[55.690296] Start  layerX: 40 SMs -> 15
[55.691383] End    layerX: 57 -> 1084 + -7637 = -6553 (390)
[55.691387] 
[55.691405] Reserved: 2337us
[55.693802] 
[55.693809] Start  layer0: 10 SMs -> 5
[55.695945] End    layer0: 567 -> 2131 + -245 = 1885 (1951)
[55.695950] 
[55.695953] 
[55.695962] Start  layer1: 20 SMs -> 5
[55.703555] End    layer1: 1279 -> 7588 + -1227 = 6360 (6627)
[55.703561] 
[55.703576] 
[55.703585] Start  layer2: 20 SMs -> 7
[55.710210] End    layer2: 1504 -> 6620 + -130 = 6490 (7752)
[55.710215] 
[55.710220] 
[55.710229] Start  layer3: 40 SMs -> 15
[55.727446] End    layer3: 1319 -> 17212 + -8438 = 8772 (8926)
[55.727451] 
[55.727459] 
[55.727468] Start  layer4: 20 SMs -> 7
[55.738867] End    layer4: 2460 -> 11392 + -5507 = 5885 (14351)
[55.738874] 
[55.738883] 
[55.738893] Start  layerX: 30 SMs -> 5
[55.739429] End    layerX: 67 -> 530 + -5679 = -5149 (390)
[55.739436] 
[55.739454] Reserved: 4288us
[55.743817] 
[55.743831] Start  layer0: 20 SMs -> 11
[55.745368] End    layer0: 388 -> 1534 + 331 = 1865 (1951)
[55.745374] 
[55.745377] 
[55.745386] Start  layer1: 30 SMs -> 10
[55.755050] End    layer1: 1181 -> 9658 + -2721 = 6936 (6627)
[55.755057] 
[55.755064] 
[55.755075] Start  layer2: 30 SMs -> 11
[55.766353] End    layer2: 1370 -> 11273 + -6272 = 5000 (7752)
[55.766360] 
[55.766376] 
[55.766388] Start  layer3: 40 SMs -> 14
[55.778752] End    layer3: 1319 -> 12361 + -9746 = 2615 (8926)
[55.778758] 
[55.778763] 
[55.778772] Start  layer4: 30 SMs -> 9
[55.790378] End    layer4: 2289 -> 11602 + -7020 = 4580 (14351)
[55.790384] 
[55.790389] 
[55.790397] Start  layerX: 20 SMs -> 5
[55.791178] End    layerX: 67 -> 778 + -7432 = -6654 (390)
[55.791182] 
[55.791189] Reserved: 2553us
[55.793803] 
[55.793811] Start  layer0: 10 SMs -> 8
[55.796998] End    layer0: 567 -> 3183 + -1298 = 1883 (1951)
[55.797003] 
[55.797006] 
[55.797013] Start  layer1: 10 SMs -> 8
[55.804863] End    layer1: 1913 -> 7845 + -2535 = 5308 (6627)
[55.804868] 
[55.804874] 
[55.804883] Start  layer2: 40 SMs -> 12
[55.820319] End    layer2: 1145 -> 15430 + -10237 = 5192 (7752)
[55.820325] 
[55.820342] 
[55.820352] Start  layer3: 10 SMs -> 6
[55.829415] End    layer3: 2257 -> 9059 + -10408 = -1349 (8926)
[55.829422] 
[55.829433] 
[55.829444] Start  layer4: 10 SMs -> 5
[55.844243] End    layer4: 3553 -> 14795 + -10885 = 3909 (14351)
[55.844248] 
[55.844254] 
[55.844262] Start  layerX: 10 SMs -> 6
[55.845690] End    layerX: 84 -> 1424 + -11943 = -10519 (390)
[55.845696] 
[55.845714] Delayed : 1971us
[55.845720] 
[55.845727] Start  layer0: 30 SMs -> 4
[55.846770] End    layer0: 325 -> 1036 + -1068 = -32 (1951)
[55.846777] 
[55.846781] 
[55.846801] Start  layer1: 40 SMs -> 13
[55.857204] End    layer1: 979 -> 10399 + -4876 = 5522 (6627)
[55.857209] 
[55.857221] 
[55.857231] Start  layer2: 40 SMs -> 18
[55.869092] End    layer2: 1145 -> 11855 + -9011 = 2843 (7752)
[55.869097] 
[55.869101] 
[55.869110] Start  layer3: 20 SMs -> 8
[55.879921] End    layer3: 1627 -> 10804 + -10912 = -108 (8926)
[55.879927] 
[55.879936] 
[55.879948] Start  layer4: 30 SMs -> 8
[55.889161] End    layer4: 2289 -> 9209 + -5803 = 3405 (14351)
[55.889167] 
[55.889173] 
[55.889182] Start  layerX: 10 SMs -> 5
[55.889448] End    layerX: 84 -> 264 + -5702 = -5438 (390)
[55.889452] 
[55.889460] Reserved: 4282us
[55.893802] 
[55.893810] Start  layer0: 20 SMs -> 10
[55.897571] End    layer0: 388 -> 3755 + -1870 = 1884 (1951)
[55.897578] 
[55.897583] 
[55.897595] Start  layer1: 30 SMs -> 9
[55.906073] End    layer1: 1181 -> 8475 + -3745 = 4728 (6627)
[55.906079] 
[55.906084] 
[55.906093] Start  layer2: 40 SMs -> 13
[55.921852] End    layer2: 1145 -> 15754 + -11772 = 3981 (7752)
[55.921858] 
[55.921863] 
[55.921872] Start  layer3: 40 SMs -> 15
[55.939238] End    layer3: 1319 -> 17361 + -20231 = -2870 (8926)
[55.939243] 
[55.939248] 
[55.939257] Start  layer4: 40 SMs -> 9
[55.955620] End    layer4: 2121 -> 16358 + -22262 = -5904 (14351)
[55.955626] 
[55.955633] 
[55.955642] Start  layerX: 40 SMs -> 16
[55.957677] End    layerX: 57 -> 2031 + -23929 = -21898 (390)
[55.957683] 
[55.957701] Delayed : 13958us
[55.957709] 
[55.957720] Start  layer0: 10 SMs -> 6
[55.960670] End    layer0: 567 -> 2944 + -14968 = -12024 (1951)
[55.960677] 
[55.960681] 
[55.960692] Start  layer1: 10 SMs -> 6
[55.968071] End    layer1: 1913 -> 7373 + -15741 = -8368 (6627)
[55.968078] 
[55.968084] 
[55.968092] Start  layer2: 10 SMs -> 5
[55.977464] End    layer2: 2172 -> 9367 + -17384 = -8017 (7752)
[55.977469] 
[55.977474] 
[55.977482] Start  layer3: 30 SMs -> 7
[55.984644] End    layer3: 1627 -> 7155 + -15635 = -8480 (8926)
[55.984651] 
[55.984658] 
[55.984670] Start  layer4: 30 SMs -> 5
[55.993192] End    layer4: 2289 -> 8518 + -9833 = -1315 (14351)
[55.993198] 
[55.993204] 
[55.993213] Start  layerX: 30 SMs -> 5
[55.993682] End    layerX: 67 -> 466 + -9936 = -9470 (390)
[55.993686] 
[55.993696] Reserved: 46us
[55.993801] 
[55.993809] Start  layer0: 40 SMs -> 18
[55.999366] End    layer0: 288 -> 5552 + -3666 = 1885 (1951)
[55.999371] 
[55.999374] 
[55.999383] Start  layer1: 10 SMs -> 5
[56.008481] End    layer1: 1913 -> 9093 + -6153 = 2939 (6627)
[56.008488] 
[56.008494] 
[56.008525] Start  layer2: 10 SMs -> 8
[56.018011] End    layer2: 2172 -> 9480 + -7929 = 1550 (7752)
[56.018018] 
[56.018037] 
[56.018050] Start  layer3: 40 SMs -> 16
[56.036506] End    layer3: 1319 -> 18452 + -17498 = 953 (8926)
[56.036513] 
[56.036520] 
[56.036532] Start  layer4: 30 SMs -> 6
[56.044139] End    layer4: 2289 -> 7603 + -10781 = -3178 (14351)
[56.044144] 
[56.044151] 
[56.044159] Start  layerX: 10 SMs -> 5
[56.045439] End    layerX: 84 -> 1274 + -11689 = -10416 (390)
[56.045445] 
[56.045461] Delayed : 1717us
[56.045469] 
[56.045481] Start  layer0: 40 SMs -> 16
[56.051570] End    layer0: 288 -> 6084 + -5868 = 214 (1951)
[56.051577] 
[56.051581] 
[56.051594] Start  layer1: 10 SMs -> 6
[56.061016] End    layer1: 1913 -> 9419 + -8689 = 729 (6627)
[56.061022] 
[56.061039] 
[56.061050] Start  layer2: 20 SMs -> 9
[56.071376] End    layer2: 1504 -> 10322 + -11296 = -974 (7752)
[56.071381] 
[56.071388] 
[56.071398] Start  layer3: 30 SMs -> 7
[56.080102] End    layer3: 1627 -> 8700 + -11095 = -2395 (8926)
[56.080108] 
[56.080127] 
[56.080136] Start  layer4: 20 SMs -> 7
[56.089800] End    layer4: 2460 -> 9658 + -6441 = 3216 (14351)
[56.089807] 
[56.089815] 
[56.089825] Start  layerX: 10 SMs -> 6
[56.090176] End    layerX: 84 -> 348 + -6429 = -6081 (390)
[56.090181] 
[56.090189] Reserved: 3553us
[56.093808] 
[56.093822] Start  layer0: 10 SMs -> 5
[56.100752] End    layer0: 567 -> 6927 + -5052 = 1873 (1951)
[56.100758] 
[56.100761] 
[56.100770] Start  layer1: 10 SMs -> 8
[56.110731] End    layer1: 1913 -> 9956 + -8403 = 1552 (6627)
[56.110736] 
[56.110741] 
[56.110751] Start  layer2: 10 SMs -> 5
[56.118511] End    layer2: 2172 -> 7756 + -8431 = -675 (7752)
[56.118516] 
[56.118522] 
[56.118530] Start  layer3: 40 SMs -> 18
[56.134797] End    layer3: 1319 -> 16262 + -15789 = 471 (8926)
[56.134804] 
[56.134812] 
[56.134822] Start  layer4: 40 SMs -> 14
[56.150090] End    layer4: 2121 -> 15265 + -16732 = -1468 (14351)
[56.150096] 
[56.150101] 
[56.150110] Start  layerX: 10 SMs -> 7
[56.151545] End    layerX: 84 -> 1431 + -17797 = -16367 (390)
[56.151551] 
[56.151561] Delayed : 7818us
[56.151567] 
[56.151575] Start  layer0: 10 SMs -> 9
[56.154897] End    layer0: 567 -> 3318 + -9197 = -5880 (1951)
[56.154902] 
[56.154906] 
[56.154914] Start  layer1: 40 SMs -> 17
[56.169652] End    layer1: 979 -> 14734 + -17325 = -2591 (6627)
[56.169658] 
[56.169663] 
[56.169672] Start  layer2: 30 SMs -> 8
[56.178810] End    layer2: 1370 -> 9133 + -18730 = -9597 (7752)
[56.178816] 
[56.178823] 
[56.178832] Start  layer3: 40 SMs -> 13
[56.202935] End    layer3: 1319 -> 24097 + -33926 = -9829 (8926)
[56.202942] 
[56.202950] 
[56.202961] Start  layer4: 30 SMs -> 10
[56.214872] End    layer4: 2289 -> 11907 + -31514 = -19607 (14351)
[56.214878] 
[56.214885] 
[56.214896] Start  layerX: 30 SMs -> 8
[56.215366] End    layerX: 67 -> 464 + -31616 = -31153 (390)
[56.215372] 
[56.215385] Delayed : 21642us
[56.215394] 
[56.215405] Start  layer0: 30 SMs -> 8
[56.217786] End    layer0: 325 -> 2377 + -22086 = -19709 (1951)
[56.217791] 
[56.217795] 
[56.217804] Start  layer1: 10 SMs -> 5
[56.225803] End    layer1: 1913 -> 7993 + -23474 = -15480 (6627)
[56.225809] 
[56.225814] 
[56.225822] Start  layer2: 10 SMs -> 5
[56.236477] End    layer2: 2172 -> 10648 + -26396 = -15747 (7752)
[56.236484] 
[56.236491] 
[56.236503] Start  layer3: 10 SMs -> 6
[56.248551] End    layer3: 2257 -> 12043 + -29543 = -17500 (8926)
[56.248558] 
[56.248565] 
[56.248576] Start  layer4: 10 SMs -> 4
[56.257543] End    layer4: 3553 -> 8964 + -24186 = -15222 (14351)
[56.257548] 
[56.257554] 
[56.257562] Start  layerX: 30 SMs -> 7
[56.258053] End    layerX: 67 -> 486 + -24305 = -23819 (390)
[56.258060] 
[56.258075] Delayed : 14331us
[56.258083] 
[56.258090] Start  layer0: 30 SMs -> 8
[56.259512] End    layer0: 325 -> 1416 + -13811 = -12395 (1951)
[56.259518] 
[56.259522] 
[56.259542] Start  layer1: 40 SMs -> 18
[56.276287] End    layer1: 979 -> 16740 + -23957 = -7218 (6627)
[56.276293] 
[56.276301] 
[56.276313] Start  layer2: 10 SMs -> 9
[56.286189] End    layer2: 2172 -> 9872 + -26109 = -16237 (7752)
[56.286214] 
[56.286220] 
[56.286228] Start  layer3: 10 SMs -> 6
[56.294913] End    layer3: 2257 -> 8680 + -25906 = -17226 (8926)
[56.294918] 
[56.294923] 
[56.294933] Start  layer4: 20 SMs -> 10
[56.305139] End    layer4: 2460 -> 10202 + -21782 = -11580 (14351)
[56.305145] 
[56.305150] 
[56.305159] Start  layerX: 10 SMs -> 5
[56.305845] End    layerX: 84 -> 682 + -22098 = -21416 (390)
[56.305849] 
[56.305858] Delayed : 12115us
[56.305864] 
[56.305871] Start  layer0: 10 SMs -> 5
[56.307206] End    layer0: 567 -> 1330 + -11506 = -10176 (1951)
[56.307211] 
[56.307215] 
[56.307223] Start  layer1: 10 SMs -> 6
[56.315551] End    layer1: 1913 -> 8323 + -13222 = -4900 (6627)
[56.315557] 
[56.315580] 
[56.315588] Start  layer2: 20 SMs -> 8
[56.324888] End    layer2: 1504 -> 9296 + -14809 = -5513 (7752)
[56.324894] 
[56.324901] 
[56.324910] Start  layer3: 40 SMs -> 15
[56.342821] End    layer3: 1319 -> 17905 + -23812 = -5908 (8926)
[56.342828] 
[56.342837] 
[56.342849] Start  layer4: 30 SMs -> 5
[56.349197] End    layer4: 2289 -> 6344 + -15839 = -9495 (14351)
[56.349202] 
[56.349210] 
[56.349218] Start  layerX: 10 SMs -> 7
[56.350732] End    layerX: 84 -> 1508 + -16983 = -15475 (390)
[56.350739] 
[56.350754] Delayed : 7011us
[56.350761] 
[56.350769] Start  layer0: 20 SMs -> 8
[56.353038] End    layer0: 388 -> 2264 + -7338 = -5074 (1951)
[56.353045] 
[56.353049] 
[56.353059] Start  layer1: 10 SMs -> 6
[56.364353] End    layer1: 1913 -> 11290 + -12025 = -736 (6627)
[56.364359] 
[56.364363] 
[56.364371] Start  layer2: 30 SMs -> 7
[56.371337] End    layer2: 1370 -> 6960 + -11256 = -4296 (7752)
[56.371342] 
[56.371348] 
[56.371359] Start  layer3: 40 SMs -> 16
[56.392765] End    layer3: 1319 -> 21402 + -23758 = -2356 (8926)
[56.392770] 
[56.392778] 
[56.392788] Start  layer4: 20 SMs -> 4
[56.403201] End    layer4: 2460 -> 10408 + -19843 = -9435 (14351)
[56.403207] 
[56.403214] 
[56.403222] Start  layerX: 20 SMs -> 7
[56.404594] End    layerX: 67 -> 1368 + -20847 = -19479 (390)
[56.404600] 
[56.404620] Delayed : 10877us
[56.404627] 
[56.404637] Start  layer0: 10 SMs -> 8
[56.407767] End    layer0: 567 -> 3124 + -12066 = -8942 (1951)
[56.407774] 
[56.407779] 
[56.407789] Start  layer1: 30 SMs -> 7
[56.413446] End    layer1: 1181 -> 5652 + -11118 = -5465 (6627)
[56.413453] 
[56.413458] 
[56.413468] Start  layer2: 30 SMs -> 8
[56.420851] End    layer2: 1370 -> 7378 + -10771 = -3392 (7752)
[56.420856] 
[56.420862] 
[56.420871] Start  layer3: 10 SMs -> 6
[56.433153] End    layer3: 2257 -> 12276 + -14145 = -1869 (8926)
[56.433160] 
[56.433186] 
[56.433196] Start  layer4: 20 SMs -> 6
[56.444966] End    layer4: 2460 -> 11765 + -11607 = 156 (14351)
[56.444972] 
[56.444982] 
[56.444991] Start  layerX: 20 SMs -> 9
[56.446253] End    layerX: 67 -> 1256 + -12504 = -11248 (390)
[56.446260] 
[56.446274] Delayed : 2531us
[56.446283] 
[56.446294] Start  layer0: 10 SMs -> 7
[56.449278] End    layer0: 567 -> 2980 + -3578 = -598 (1951)
[56.449283] 
[56.449287] 
[56.449295] Start  layer1: 40 SMs -> 14
[56.462056] End    layer1: 979 -> 12757 + -9728 = 3027 (6627)
[56.462062] 
[56.462069] 
[56.462077] Start  layer2: 20 SMs -> 9
[56.472284] End    layer2: 1504 -> 10202 + -12204 = -2002 (7752)
[56.472291] 
[56.472299] 
[56.472310] Start  layer3: 40 SMs -> 16
[56.489515] End    layer3: 1319 -> 17200 + -20507 = -3307 (8926)
[56.489522] 
[56.489529] 
[56.489539] Start  layer4: 40 SMs -> 11
[56.512056] End    layer4: 2121 -> 22516 + -28701 = -6186 (14351)
[56.512060] 
[56.512069] 
[56.512074] Start  layerX: 10 SMs -> 6
[56.512895] End    layerX: 84 -> 818 + -29150 = -28332 (390)
[56.512899] 
[56.512906] Delayed : 19164us
[56.512911] 
[56.512917] Start  layer0: 10 SMs -> 7
[56.515287] End    layer0: 567 -> 2368 + -19591 = -17223 (1951)
[56.515290] 
[56.515292] 
[56.515303] Start  layer1: 20 SMs -> 9
[56.522415] End    layer1: 1279 -> 7108 + -20089 = -12981 (6627)
[56.522419] 
[56.522429] 
[56.522436] Start  layer2: 20 SMs -> 8
[56.534167] End    layer2: 1504 -> 11728 + -24090 = -12362 (7752)
[56.534171] 
[56.534175] 
[56.534180] Start  layer3: 10 SMs -> 8
[56.541513] End    layer3: 2257 -> 7331 + -22510 = -15179 (8926)
[56.541516] 
[56.541519] 
[56.541523] Start  layer4: 10 SMs -> 5
[56.555662] End    layer4: 3553 -> 14136 + -22308 = -8171 (14351)
[56.555665] 
[56.555682] 
[56.555687] Start  layerX: 10 SMs -> 6
[56.556480] End    layerX: 84 -> 790 + -22735 = -21945 (390)
[56.556483] 
[56.556491] Delayed : 12748us
[56.556495] 
[56.556500] Start  layer0: 30 SMs -> 8
[56.557934] End    layer0: 325 -> 1431 + -12237 = -10806 (1951)
[56.557937] 
[56.557938] 
[56.557943] Start  layer1: 30 SMs -> 7
[56.562539] End    layer1: 1181 -> 4588 + -10209 = -5621 (6627)
[56.562545] 
[56.562555] 
[56.562563] Start  layer2: 20 SMs -> 7
[56.571237] End    layer2: 1504 -> 8669 + -11157 = -2488 (7752)
[56.571242] 
[56.571249] 
[56.571260] Start  layer3: 40 SMs -> 13
[56.587424] End    layer3: 1319 -> 16161 + -18417 = -2257 (8926)
[56.587430] 
[56.587443] 
[56.587452] Start  layer4: 40 SMs -> 9
[56.599898] End    layer4: 2121 -> 12439 + -16538 = -4099 (14351)
[56.599905] 
[56.599912] 
[56.599925] Start  layerX: 30 SMs -> 9
[56.600532] End    layerX: 67 -> 603 + -16783 = -16181 (390)
[56.600538] 
[56.600556] Delayed : 6813us
[56.600563] 
[56.600571] Start  layer0: 10 SMs -> 7
[56.602712] End    layer0: 567 -> 2137 + -7012 = -4875 (1951)
[56.602718] 
[56.602721] 
[56.602729] Start  layer1: 10 SMs -> 5
[56.609536] End    layer1: 1913 -> 6803 + -7208 = -406 (6627)
[56.609542] 
[56.609550] 
[56.609559] Start  layer2: 40 SMs -> 13
[56.625870] End    layer2: 1145 -> 16307 + -15790 = 515 (7752)
[56.625876] 
[56.625890] 
[56.625899] Start  layer3: 20 SMs -> 6
[56.635324] End    layer3: 1627 -> 9419 + -16315 = -6897 (8926)
[56.635331] 
[56.635338] 
[56.635348] Start  layer4: 30 SMs -> 6
[56.638560] End    layer4: 2289 -> 3208 + -5202 = -1994 (14351)
[56.638565] 
[56.638570] 
[56.638578] Start  layerX: 40 SMs -> 8
[56.639872] End    layerX: 57 -> 1290 + -6125 = -4835 (390)
[56.639876] 
[56.639885] Reserved: 3857us
[56.643820] 
[56.643834] Start  layer0: 40 SMs -> 9
[56.647465] End    layer0: 288 -> 3627 + -1764 = 1862 (1951)
[56.647470] 
[56.647474] 
[56.647483] Start  layer1: 40 SMs -> 13
[56.658074] End    layer1: 979 -> 10586 + -5747 = 4839 (6627)
[56.658080] 
[56.658089] 
[56.658101] Start  layer2: 40 SMs -> 15
[56.671195] End    layer2: 1145 -> 13090 + -11115 = 1974 (7752)
[56.671200] 
[56.671205] 
[56.671214] Start  layer3: 30 SMs -> 7
[56.679274] End    layer3: 1627 -> 8054 + -10265 = -2211 (8926)
[56.679280] 
[56.679295] 
[56.679306] Start  layer4: 30 SMs -> 4
[56.685495] End    layer4: 2289 -> 6185 + -2137 = 4047 (14351)
[56.685501] 
[56.685508] 
[56.685516] Start  layerX: 10 SMs -> 3
[56.685762] End    layerX: 84 -> 244 + -2016 = -1772 (390)
[56.685766] 
[56.685785] Reserved: 7957us
[56.693810] 
[56.693823] Start  layer0: 30 SMs -> 3
[56.694667] End    layer0: 325 -> 840 + 1032 = 1872 (1951)
[56.694672] 
[56.694675] 
[56.694684] Start  layer1: 30 SMs -> 5
[56.700552] End    layer1: 1181 -> 5864 + 1774 = 7638 (6627)
[56.700558] 
[56.700563] 
[56.700573] Start  layer2: 40 SMs -> 11
[56.711703] End    layer2: 1145 -> 11126 + -1623 = 9502 (7752)
[56.711708] 
[56.711722] 
[56.711731] Start  layer3: 30 SMs -> 7
[56.720596] End    layer3: 1627 -> 8860 + -1589 = 7270 (8926)
[56.720601] 
[56.720606] 
[56.720616] Start  layer4: 30 SMs -> 6
[56.730191] End    layer4: 2289 -> 9571 + 3166 = 12737 (14351)
[56.730197] 
[56.730206] 
[56.730218] Start  layerX: 10 SMs -> 6
[56.731382] End    layerX: 84 -> 1161 + 2364 = 3525 (390)
[56.731387] 
[56.731396] Reserved: 12346us
[56.743824] 
[56.743841] Start  layer0: 10 SMs -> 4
[56.747732] End    layer0: 567 -> 3888 + -2030 = 1856 (1951)
[56.747739] 
[56.747743] 
[56.747756] Start  layer1: 20 SMs -> 7
[56.757139] End    layer1: 1279 -> 9380 + -4811 = 4568 (6627)
[56.757145] 
[56.757149] 
[56.757158] Start  layer2: 20 SMs -> 7
[56.767462] End    layer2: 1504 -> 10299 + -7382 = 2916 (7752)
[56.767468] 
[56.767473] 
[56.767482] Start  layer3: 10 SMs -> 5
[56.777595] End    layer3: 2257 -> 10109 + -8588 = 1520 (8926)
[56.777600] 
[56.777628] 
[56.777636] Start  layer4: 40 SMs -> 9
[56.785724] End    layer4: 2121 -> 8084 + -2366 = 5716 (14351)
[56.785730] 
[56.785735] 
[56.785744] Start  layerX: 20 SMs -> 1
[56.785864] End    layerX: 67 -> 118 + -2118 = -2000 (390)
[56.785868] 
[56.785877] Reserved: 7865us
[56.793813] 
[56.793829] Start  layer0: 10 SMs -> 4
[56.797150] End    layer0: 567 -> 3317 + -1450 = 1867 (1951)
[56.797156] 
[56.797159] 
[56.797167] Start  layer1: 30 SMs -> 7
[56.802477] End    layer1: 1181 -> 5305 + -149 = 5155 (6627)
[56.802482] 
[56.802502] 
[56.802510] Start  layer2: 40 SMs -> 11
[56.813406] End    layer2: 1145 -> 10890 + -3324 = 7564 (7752)
[56.813413] 
[56.813420] 
[56.813431] Start  layer3: 40 SMs -> 11
[56.827643] End    layer3: 1319 -> 14207 + -8634 = 5571 (8926)
[56.827650] 
[56.827656] 
[56.827666] Start  layer4: 40 SMs -> 7
[56.834498] End    layer4: 2121 -> 6829 + -1141 = 5687 (14351)
[56.834504] 
[56.834509] 
[56.834518] Start  layerX: 40 SMs -> 1
[56.834620] End    layerX: 57 -> 100 + -875 = -774 (390)
[56.834623] 
[56.834631] Reserved: 9111us
[56.843818] 
[56.843838] Start  layer0: 30 SMs -> 3
[56.845182] End    layer0: 325 -> 1342 + 516 = 1858 (1951)
[56.845188] 
[56.845191] 
[56.845199] Start  layer1: 40 SMs -> 6
[56.853709] End    layer1: 979 -> 8504 + -1380 = 7123 (6627)
[56.853716] 
[56.853752] 
[56.853764] Start  layer2: 30 SMs -> 7
[56.860734] End    layer2: 1370 -> 6966 + -654 = 6311 (7752)
[56.860739] 
[56.860746] 
[56.860755] Start  layer3: 20 SMs -> 5
[56.868662] End    layer3: 1627 -> 7902 + 344 = 8246 (8926)
[56.868667] 
[56.868672] 
[56.868680] Start  layer4: 20 SMs -> 6
[56.876989] End    layer4: 2460 -> 8303 + 6369 = 14672 (14351)
[56.876996] 
[56.877007] 
[56.877019] Start  layerX: 40 SMs -> 8
[56.877637] End    layerX: 57 -> 613 + 6112 = 6725 (390)
[56.877644] 
[56.877668] Reserved: 16075us
[56.893813] 
[56.893831] Start  layer0: 10 SMs -> 2
[56.895848] End    layer0: 567 -> 2013 + -147 = 1865 (1951)
[56.895855] 
[56.895860] 
[56.895870] Start  layer1: 10 SMs -> 6
[56.901404] End    layer1: 1913 -> 5528 + 924 = 6453 (6627)
[56.901411] 
[56.901418] 
[56.901429] Start  layer2: 10 SMs -> 4
[56.906557] End    layer2: 2172 -> 5122 + 3524 = 8646 (7752)
[56.906564] 
[56.906571] 
[56.906583] Start  layer3: 10 SMs -> 3
[56.913475] End    layer3: 2257 -> 6889 + 5531 = 12419 (8926)
[56.913481] 
[56.913499] 
[56.913508] Start  layer4: 40 SMs -> 12
[56.927534] End    layer4: 2121 -> 14022 + 5822 = 19844 (14351)
[56.927541] 
[56.927547] 
[56.927556] Start  layerX: 20 SMs -> 1
[56.927689] End    layerX: 67 -> 130 + 6055 = 6186 (390)
[56.927693] 
[56.927705] Reserved: 16037us
[56.943818] 
[56.943836] Start  layer0: 10 SMs -> 2
[56.946202] End    layer0: 567 -> 2362 + -501 = 1860 (1951)
[56.946209] 
[56.946214] 
[56.946226] Start  layer1: 40 SMs -> 7
[56.954137] End    layer1: 979 -> 7907 + -1809 = 6098 (6627)
[56.954144] 
[56.954159] 
[56.954171] Start  layer2: 10 SMs -> 4
[56.960338] End    layer2: 2172 -> 6163 + -258 = 5904 (7752)
[56.960344] 
[56.960349] 
[56.960357] Start  layer3: 10 SMs -> 4
[56.968678] End    layer3: 2257 -> 8316 + 328 = 8644 (8926)
[56.968683] 
[56.968689] 
[56.968698] Start  layer4: 10 SMs -> 3
[56.975504] End    layer4: 3553 -> 6802 + 7853 = 14654 (14351)
[56.975510] 
[56.975514] 
[56.975523] Start  layerX: 20 SMs -> 3
[56.975680] End    layerX: 67 -> 155 + 8065 = 8220 (390)
[56.975684] 
[56.975693] Reserved: 18049us
[56.993813] 
[56.993831] Start  layer0: 30 SMs -> 3
[56.994944] End    layer0: 325 -> 1112 + 754 = 1866 (1951)
[56.994950] 
[56.994953] 
[56.994961] Start  layer1: 40 SMs -> 5
[56.999467] End    layer1: 979 -> 4500 + 2862 = 7361 (6627)
[56.999474] 
[56.999481] 
[56.999494] Start  layer2: 30 SMs -> 6
[57.006215] End    layer2: 1370 -> 6718 + 3864 = 10582 (7752)
[57.006221] 
[57.006235] 
[57.006244] Start  layer3: 30 SMs -> 6
[57.016160] End    layer3: 1627 -> 9910 + 2847 = 12757 (8926)
[57.016168] 
[57.016183] 
[57.016194] Start  layer4: 40 SMs -> 9
[57.026900] End    layer4: 2121 -> 10703 + 6457 = 17160 (14351)
[57.026905] 
[57.026913] 
[57.026922] Start  layerX: 40 SMs -> 4
[57.027051] End    layerX: 57 -> 126 + 6694 = 6820 (390)
[57.027076] 
[57.027086] Reserved: 16656us
[57.043821] 
[57.043839] Start  layer0: 30 SMs -> 2
[57.044585] End    layer0: 325 -> 743 + 1114 = 1857 (1951)
[57.044590] 
[57.044594] 
[57.044602] Start  layer1: 40 SMs -> 4
[57.049262] End    layer1: 979 -> 4655 + 3065 = 7720 (6627)
[57.049268] 
[57.049273] 
[57.049282] Start  layer2: 40 SMs -> 7
[57.059308] End    layer2: 1145 -> 10022 + 770 = 10792 (7752)
[57.059314] 
[57.059319] 
[57.059327] Start  layer3: 40 SMs -> 9
[57.068534] End    layer3: 1319 -> 9203 + 471 = 9674 (8926)
[57.068540] 
[57.068544] 
[57.068552] Start  layer4: 30 SMs -> 4
[57.072807] End    layer4: 2289 -> 4251 + 10549 = 14800 (14351)
[57.072813] 
[57.072818] 
[57.072827] Start  layerX: 30 SMs -> 2
[57.072956] End    layerX: 67 -> 127 + 10788 = 10916 (390)
[57.072960] 
[57.072975] Reserved: 20767us
[57.093805] 
[57.093814] Start  layer0: 40 SMs -> 2
[57.094299] End    layer0: 288 -> 481 + 1399 = 1880 (1951)
[57.094304] 
[57.094307] 
[57.094315] Start  layer1: 40 SMs -> 3
[57.098728] End    layer1: 979 -> 4409 + 3598 = 8007 (6627)
[57.098733] 
[57.098739] 
[57.098747] Start  layer2: 40 SMs -> 7
[57.104589] End    layer2: 1145 -> 5837 + 5490 = 11327 (7752)
[57.104594] 
[57.104600] 
[57.104609] Start  layer3: 20 SMs -> 5
[57.109003] End    layer3: 1627 -> 4390 + 10003 = 14393 (8926)
[57.109008] 
[57.109023] 
[57.109032] Start  layer4: 30 SMs -> 5
[57.115465] End    layer4: 2289 -> 6429 + 17892 = 24321 (14351)
[57.115471] 
[57.115485] 
[57.115494] Start  layerX: 10 SMs -> 2
[57.115964] End    layerX: 84 -> 467 + 17781 = 18249 (390)
[57.115968] 
[57.115977] Reserved: 27765us
[57.143804] 
[57.143820] Start  layer0: 30 SMs -> 1
[57.144207] End    layer0: 325 -> 383 + 1491 = 1874 (1951)
[57.144212] 
[57.144215] 
[57.144222] Start  layer1: 30 SMs -> 2
[57.146692] End    layer1: 1181 -> 2466 + 5634 = 8100 (6627)
[57.146698] 
[57.146713] 
[57.146721] Start  layer2: 30 SMs -> 5
[57.150019] End    layer2: 1370 -> 3294 + 10059 = 13354 (7752)
[57.150025] 
[57.150032] 
[57.150040] Start  layer3: 40 SMs -> 7
[57.154844] End    layer3: 1319 -> 4799 + 14162 = 18961 (8926)
[57.154849] 
[57.154854] 
[57.154861] Start  layer4: 30 SMs -> 5
[57.160008] End    layer4: 2289 -> 5142 + 23349 = 28491 (14351)
[57.160013] 
[57.160020] 
[57.160028] Start  layerX: 30 SMs -> 4
[57.160934] End    layerX: 67 -> 902 + 22811 = 23714 (390)
[57.160938] 
[57.160955] Reserved: 32787us
