[43.527195] layer0:
[43.540522] 	10	344us, 554us
[43.551113] 	20	237us, 404us
[43.560371] 	30	204us, 322us
[43.569068] 	40	185us, 293us
[43.569081] Params: 0.62	0.36	0.39

[43.569086] layer1:
[43.605794] 	10	1118us, 1888us
[43.630830] 	20	796us, 1283us
[43.653513] 	30	696us, 1143us
[43.674788] 	40	682us, 1007us
[43.674801] Params: 0.62	0.25	0.37

[43.674808] layer2:
[43.717419] 	10	1334us, 2157us
[43.746382] 	20	986us, 1481us
[43.773504] 	30	932us, 1380us
[43.797068] 	40	796us, 1147us
[43.797080] Params: 0.66	0.33	0.40

[43.797086] layer3:
[43.842793] 	10	1403us, 2347us
[43.873560] 	20	971us, 1680us
[43.903492] 	30	929us, 1664us
[43.930512] 	40	896us, 1389us
[43.930525] Params: 0.59	0.22	0.34

[43.930531] layer4:
[44.000888] 	10	2396us, 3538us
[44.045097] 	20	1574us, 2462us
[44.087882] 	30	1510us, 2358us
[44.127508] 	40	1419us, 2143us
[44.127521] Params: 0.65	0.27	0.28

[44.127527] layerX:
[44.132897] 	10	45us, 80us
[44.138244] 	20	41us, 74us
[44.143429] 	30	40us, 62us
[44.148577] 	40	40us, 58us
[44.148590] Params: 0.61	0.05	0.23

