[55.494034] 
[55.494047] Start  layer0: 10 SMs -> 7
[55.499722] End    layer0: 554 -> 5674 + -3746 = 1927 (1940)
[55.499725] 
[55.499727] 
[55.499731] Start  layer1: 20 SMs -> 8
[55.509482] End    layer1: 1282 -> 9748 + -6830 = 2916 (6674)
[55.509484] 
[55.509487] 
[55.509491] Start  layer2: 40 SMs -> 15
[55.522470] End    layer2: 1146 -> 12976 + -12219 = 756 (7599)
[55.522473] 
[55.522476] 
[55.522481] Start  layer3: 10 SMs -> 6
[55.536679] End    layer3: 2347 -> 14193 + -17222 = -3029 (9203)
[55.536685] 
[55.536690] 
[55.536699] Start  layer4: 30 SMs -> 9
[55.545446] End    layer4: 2357 -> 8746 + -11792 = -3047 (14198)
[55.545449] 
[55.545453] 
[55.545459] Start  layerX: 40 SMs -> 13
[55.546854] End    layerX: 57 -> 1392 + -12817 = -11425 (382)
[55.546858] 
[55.546864] Delayed : 2831us
[55.546868] 
[55.546872] Start  layer0: 30 SMs -> 3
[55.547697] End    layer0: 322 -> 823 + -1721 = -898 (1940)
[55.547700] 
[55.547702] 
[55.547706] Start  layer1: 20 SMs -> 5
[55.552956] End    layer1: 1282 -> 5246 + -303 = 4942 (6674)
[55.552960] 
[55.552968] 
[55.552974] Start  layer2: 40 SMs -> 14
[55.564206] End    layer2: 1146 -> 11230 + -3955 = 7274 (7599)
[55.564210] 
[55.564219] 
[55.564224] Start  layer3: 40 SMs -> 13
[55.577927] End    layer3: 1389 -> 13701 + -8473 = 5228 (9203)
[55.577930] 
[55.577939] 
[55.577944] Start  layer4: 20 SMs -> 7
[55.590652] End    layer4: 2462 -> 12703 + -6995 = 5706 (14198)
[55.590658] 
[55.590664] 
[55.590673] Start  layerX: 20 SMs -> 4
[55.591032] End    layerX: 74 -> 356 + -6994 = -6637 (382)
[55.591036] 
[55.591053] Reserved: 2981us
[55.594102] 
[55.594119] Start  layer0: 40 SMs -> 12
[55.597710] End    layer0: 292 -> 3589 + -1731 = 1858 (1940)
[55.597716] 
[55.597720] 
[55.597731] Start  layer1: 10 SMs -> 6
[55.606257] End    layer1: 1887 -> 8521 + -3601 = 4919 (6674)
[55.606262] 
[55.606270] 
[55.606278] Start  layer2: 10 SMs -> 5
[55.614539] End    layer2: 2157 -> 8255 + -4284 = 3970 (7599)
[55.614546] 
[55.614553] 
[55.614564] Start  layer3: 10 SMs -> 5
[55.624834] End    layer3: 2347 -> 10265 + -5376 = 4888 (9203)
[55.624839] 
[55.624845] 
[55.624853] Start  layer4: 10 SMs -> 5
[55.635658] End    layer4: 3537 -> 10798 + -1999 = 8798 (14198)
[55.635665] 
[55.635673] 
[55.635683] Start  layerX: 10 SMs -> 4
[55.635868] End    layerX: 80 -> 181 + -1827 = -1647 (382)
[55.635875] 
[55.635886] Reserved: 8147us
[55.644099] 
[55.644115] Start  layer0: 20 SMs -> 5
[55.645584] End    layer0: 404 -> 1465 + 397 = 1862 (1940)
[55.645590] 
[55.645593] 
[55.645601] Start  layer1: 20 SMs -> 6
[55.653504] End    layer1: 1282 -> 7898 + -849 = 7048 (6674)
[55.653510] 
[55.653516] 
[55.653524] Start  layer2: 40 SMs -> 13
[55.668943] End    layer2: 1146 -> 15414 + -8689 = 6724 (7599)
[55.668948] 
[55.668963] 
[55.668972] Start  layer3: 40 SMs -> 15
[55.688819] End    layer3: 1389 -> 19843 + -19361 = 481 (9203)
[55.688824] 
[55.688830] 
[55.688840] Start  layer4: 20 SMs -> 5
[55.692702] End    layer4: 2462 -> 3857 + -9045 = -5188 (14198)
[55.692707] 
[55.692712] 
[55.692720] Start  layerX: 10 SMs -> 2
[55.693154] End    layerX: 80 -> 432 + -9116 = -8684 (382)
[55.693158] 
[55.693168] Reserved: 865us
[55.694095] 
[55.694105] Start  layer0: 10 SMs -> 6
[55.697930] End    layer0: 554 -> 3821 + -1950 = 1870 (1940)
[55.697935] 
[55.697938] 
[55.697947] Start  layer1: 10 SMs -> 7
[55.704692] End    layer1: 1887 -> 6741 + -2037 = 4702 (6674)
[55.704698] 
[55.704703] 
[55.704715] Start  layer2: 30 SMs -> 10
[55.714147] End    layer2: 1380 -> 9427 + -3891 = 5534 (7599)
[55.714154] 
[55.714162] 
[55.714173] Start  layer3: 10 SMs -> 5
[55.721226] End    layer3: 2347 -> 7050 + -1768 = 5281 (9203)
[55.721231] 
[55.721236] 
[55.721244] Start  layer4: 10 SMs -> 5
[55.731933] End    layer4: 3537 -> 10682 + 1725 = 12407 (14198)
[55.731940] 
[55.731948] 
[55.731956] Start  layerX: 40 SMs -> 13
[55.733034] End    layerX: 57 -> 1073 + 1005 = 2078 (382)
[55.733039] 
[55.733050] Reserved: 10983us
[55.744097] 
[55.744110] Start  layer0: 40 SMs -> 8
[55.747985] End    layer0: 292 -> 3870 + -2003 = 1865 (1940)
[55.747992] 
[55.747996] 
[55.748033] Start  layer1: 40 SMs -> 15
[55.756506] End    layer1: 1007 -> 8468 + -3849 = 4617 (6674)
[55.756513] 
[55.756520] 
[55.756531] Start  layer2: 20 SMs -> 9
[55.764368] End    layer2: 1480 -> 7831 + -4111 = 3719 (7599)
[55.764376] 
[55.764384] 
[55.764396] Start  layer3: 20 SMs -> 9
[55.772428] End    layer3: 1680 -> 8027 + -2968 = 5058 (9203)
[55.772435] 
[55.772442] 
[55.772455] Start  layer4: 20 SMs -> 7
[55.782387] End    layer4: 2462 -> 9929 + 1269 = 11198 (14198)
[55.782393] 
[55.782400] 
[55.782409] Start  layerX: 40 SMs -> 13
[55.786442] End    layerX: 57 -> 4028 + -2400 = 1626 (382)
[55.786449] 
[55.786509] Reserved: 7525us
[55.794098] 
[55.794111] Start  layer0: 10 SMs -> 9
[55.797319] End    layer0: 554 -> 3202 + -1337 = 1864 (1940)
[55.797324] 
[55.797328] 
[55.797336] Start  layer1: 30 SMs -> 8
[55.806099] End    layer1: 1142 -> 8758 + -3444 = 5313 (6674)
[55.806105] 
[55.806109] 
[55.806118] Start  layer2: 40 SMs -> 16
[55.827574] End    layer2: 1146 -> 21452 + -17320 = 4131 (7599)
[55.827580] 
[55.827598] 
[55.827607] Start  layer3: 20 SMs -> 7
[55.839282] End    layer3: 1680 -> 11669 + -19822 = -8153 (9203)
[55.839289] 
[55.839295] 
[55.839307] Start  layer4: 10 SMs -> 7
[55.857043] End    layer4: 3537 -> 17732 + -23385 = -5653 (14198)
[55.857051] 
[55.857058] 
[55.857070] Start  layerX: 40 SMs -> 17
[55.858129] End    layerX: 57 -> 1056 + -24089 = -23034 (382)
[55.858135] 
[55.858145] Delayed : 14111us
[55.858152] 
[55.858160] Start  layer0: 30 SMs -> 5
[55.859566] End    layer0: 322 -> 1402 + -13586 = -12184 (1940)
[55.859571] 
[55.859575] 
[55.859583] Start  layer1: 20 SMs -> 6
[55.867063] End    layer1: 1282 -> 7474 + -14406 = -6933 (6674)
[55.867070] 
[55.867076] 
[55.867087] Start  layer2: 20 SMs -> 7
[55.877495] End    layer2: 1480 -> 10403 + -17240 = -6837 (7599)
[55.877503] 
[55.877517] 
[55.877529] Start  layer3: 20 SMs -> 7
[55.887070] End    layer3: 1680 -> 9537 + -17612 = -8075 (9203)
[55.887075] 
[55.887087] 
[55.887096] Start  layer4: 40 SMs -> 9
[55.901296] End    layer4: 2142 -> 14196 + -17639 = -3444 (14198)
[55.901302] 
[55.901307] 
[55.901316] Start  layerX: 40 SMs -> 11
[55.902322] End    layerX: 57 -> 1002 + -18283 = -17280 (382)
[55.902328] 
[55.902337] Delayed : 8303us
[55.902343] 
[55.902351] Start  layer0: 10 SMs -> 8
[55.904357] End    layer0: 554 -> 1999 + -8375 = -6376 (1940)
[55.904362] 
[55.904365] 
[55.904375] Start  layer1: 20 SMs -> 5
[55.909857] End    layer1: 1282 -> 5478 + -7202 = -1724 (6674)
[55.909862] 
[55.909868] 
[55.909876] Start  layer2: 10 SMs -> 5
[55.916499] End    layer2: 2157 -> 6617 + -6243 = 372 (7599)
[55.916506] 
[55.916515] 
[55.916524] Start  layer3: 10 SMs -> 5
[55.924687] End    layer3: 2347 -> 8159 + -5229 = 2928 (9203)
[55.924693] 
[55.924699] 
[55.924708] Start  layer4: 30 SMs -> 8
[55.935971] End    layer4: 2357 -> 11260 + -2315 = 8944 (14198)
[55.935977] 
[55.935984] 
[55.935992] Start  layerX: 20 SMs -> 8
[55.937380] End    layerX: 74 -> 1381 + -3338 = -1957 (382)
[55.937387] 
[55.937399] Reserved: 6634us
[55.944096] 
[55.944110] Start  layer0: 20 SMs -> 6
[55.945623] End    layer0: 404 -> 1510 + 357 = 1866 (1940)
[55.945629] 
[55.945632] 
[55.945640] Start  layer1: 10 SMs -> 5
[55.954740] End    layer1: 1887 -> 9095 + -2084 = 7009 (6674)
[55.954745] 
[55.954754] 
[55.954763] Start  layer2: 30 SMs -> 7
[55.962757] End    layer2: 1380 -> 7990 + -2503 = 5486 (7599)
[55.962763] 
[55.962769] 
[55.962778] Start  layer3: 40 SMs -> 18
[55.979675] End    layer3: 1389 -> 16892 + -10216 = 6675 (9203)
[55.979682] 
[55.979751] 
[55.979766] Start  layer4: 40 SMs -> 15
[56.004601] End    layer4: 2142 -> 24832 + -20944 = 3887 (14198)
[56.004608] 
[56.004614] 
[56.004622] Start  layerX: 10 SMs -> 6
[56.005367] End    layerX: 80 -> 740 + -21327 = -20587 (382)
[56.005372] 
[56.005382] Delayed : 11348us
[56.005388] 
[56.005395] Start  layer0: 10 SMs -> 7
[56.007961] End    layer0: 554 -> 2560 + -11979 = -9420 (1940)
[56.007968] 
[56.007972] 
[56.007981] Start  layer1: 30 SMs -> 8
[56.015322] End    layer1: 1142 -> 7336 + -12667 = -5331 (6674)
[56.015328] 
[56.015359] 
[56.015368] Start  layer2: 20 SMs -> 7
[56.023562] End    layer2: 1480 -> 8188 + -13307 = -5119 (7599)
[56.023567] 
[56.023573] 
[56.023581] Start  layer3: 20 SMs -> 7
[56.033280] End    layer3: 1680 -> 9694 + -13822 = -4128 (9203)
[56.033285] 
[56.033293] 
[56.033301] Start  layer4: 30 SMs -> 6
[56.040642] End    layer4: 2357 -> 7337 + -6985 = 351 (14198)
[56.040648] 
[56.040653] 
[56.040673] Start  layerX: 10 SMs -> 4
[56.041799] End    layerX: 80 -> 1123 + -7759 = -6637 (382)
[56.041806] 
[56.041829] Reserved: 2205us
[56.044098] 
[56.044112] Start  layer0: 20 SMs -> 4
[56.045313] End    layer0: 404 -> 1198 + 665 = 1863 (1940)
[56.045319] 
[56.045322] 
[56.045332] Start  layer1: 40 SMs -> 16
[56.057750] End    layer1: 1007 -> 12414 + -5096 = 7317 (6674)
[56.057756] 
[56.057761] 
[56.057770] Start  layer2: 40 SMs -> 13
[56.070246] End    layer2: 1146 -> 12472 + -9992 = 2479 (7599)
[56.070252] 
[56.070259] 
[56.070268] Start  layer3: 40 SMs -> 15
[56.091995] End    layer3: 1389 -> 21721 + -22535 = -814 (9203)
[56.092002] 
[56.092010] 
[56.092021] Start  layer4: 40 SMs -> 13
[56.107061] End    layer4: 2142 -> 15036 + -23404 = -8368 (14198)
[56.107066] 
[56.107072] 
[56.107081] Start  layerX: 20 SMs -> 9
[56.107935] End    layerX: 74 -> 849 + -23895 = -23046 (382)
[56.107942] 
[56.107952] Delayed : 13918us
[56.107961] 
[56.107971] Start  layer0: 40 SMs -> 14
[56.110883] End    layer0: 292 -> 2906 + -14901 = -11995 (1940)
[56.110890] 
[56.110895] 
[56.110907] Start  layer1: 10 SMs -> 6
[56.118061] End    layer1: 1887 -> 7151 + -15407 = -8255 (6674)
[56.118067] 
[56.118072] 
[56.118080] Start  layer2: 20 SMs -> 7
[56.127337] End    layer2: 1480 -> 9252 + -17083 = -7831 (7599)
[56.127343] 
[56.127348] 
[56.127356] Start  layer3: 10 SMs -> 5
[56.135071] End    layer3: 2347 -> 7711 + -15614 = -7903 (9203)
[56.135077] 
[56.135085] 
[56.135095] Start  layer4: 10 SMs -> 3
[56.144826] End    layer4: 3537 -> 9727 + -11170 = -1443 (14198)
[56.144831] 
[56.144837] 
[56.144845] Start  layerX: 10 SMs -> 10
[56.146699] End    layerX: 80 -> 1850 + -12659 = -10810 (382)
[56.146705] 
[56.146713] Delayed : 2679us
[56.146720] 
[56.146729] Start  layer0: 10 SMs -> 9
[56.149425] End    layer0: 554 -> 2692 + -3445 = -753 (1940)
[56.149431] 
[56.149436] 
[56.149446] Start  layer1: 10 SMs -> 6
[56.161274] End    layer1: 1887 -> 11825 + -8619 = 3204 (6674)
[56.161280] 
[56.161287] 
[56.161296] Start  layer2: 30 SMs -> 7
[56.169339] End    layer2: 1380 -> 8039 + -9085 = -1046 (7599)
[56.169346] 
[56.169351] 
[56.169359] Start  layer3: 40 SMs -> 16
[56.188399] End    layer3: 1389 -> 19036 + -18941 = 93 (9203)
[56.188405] 
[56.188410] 
[56.188421] Start  layer4: 30 SMs -> 7
[56.199569] End    layer4: 2357 -> 11144 + -15912 = -4768 (14198)
[56.199574] 
[56.199583] 
[56.199592] Start  layerX: 30 SMs -> 5
[56.199834] End    layerX: 61 -> 238 + -15795 = -15557 (382)
[56.199838] 
[56.199847] Delayed : 5813us
[56.199853] 
[56.199860] Start  layer0: 30 SMs -> 7
[56.203027] End    layer0: 322 -> 3156 + -7041 = -3885 (1940)
[56.203036] 
[56.203041] 
[56.203053] Start  layer1: 20 SMs -> 10
[56.211747] End    layer1: 1282 -> 8691 + -9092 = -401 (6674)
[56.211753] 
[56.211758] 
[56.211767] Start  layer2: 40 SMs -> 14
[56.234922] End    layer2: 1146 -> 23151 + -24669 = -1517 (7599)
[56.234928] 
[56.234952] 
[56.234961] Start  layer3: 10 SMs -> 6
[56.245993] End    layer3: 2347 -> 11028 + -26535 = -15507 (9203)
[56.245999] 
[56.246006] 
[56.246014] Start  layer4: 20 SMs -> 5
[56.254074] End    layer4: 2462 -> 8056 + -20417 = -12362 (14198)
[56.254080] 
[56.254093] 
[56.254102] Start  layerX: 20 SMs -> 6
[56.254306] End    layerX: 74 -> 201 + -20268 = -20067 (382)
[56.254310] 
[56.254344] Delayed : 10309us
[56.254352] 
[56.254363] Start  layer0: 20 SMs -> 5
[56.256075] End    layer0: 404 -> 1709 + -10095 = -8386 (1940)
[56.256080] 
[56.256083] 
[56.256093] Start  layer1: 20 SMs -> 6
[56.262692] End    layer1: 1282 -> 6593 + -10035 = -3442 (6674)
[56.262698] 
[56.262718] 
[56.262729] Start  layer2: 40 SMs -> 19
[56.287976] End    layer2: 1146 -> 25244 + -27722 = -2478 (7599)
[56.288002] 
[56.288007] 
[56.288017] Start  layer3: 40 SMs -> 14
[56.305208] End    layer3: 1389 -> 17187 + -35750 = -18563 (9203)
[56.305214] 
[56.305220] 
[56.305229] Start  layer4: 30 SMs -> 6
[56.311243] End    layer4: 2357 -> 6007 + -27584 = -21577 (14198)
[56.311250] 
[56.311257] 
[56.311267] Start  layerX: 30 SMs -> 6
[56.311959] End    layerX: 61 -> 686 + -27918 = -27232 (382)
[56.311966] 
[56.311979] Delayed : 17944us
[56.311987] 
[56.311995] Start  layer0: 10 SMs -> 5
[56.314212] End    layer0: 554 -> 2212 + -18232 = -16020 (1940)
[56.314218] 
[56.314221] 
[56.314230] Start  layer1: 10 SMs -> 7
[56.322997] End    layer1: 1887 -> 8763 + -20342 = -11579 (6674)
[56.323003] 
[56.323009] 
[56.323018] Start  layer2: 10 SMs -> 6
[56.330236] End    layer2: 2157 -> 7213 + -19982 = -12769 (7599)
[56.330241] 
[56.330247] 
[56.330255] Start  layer3: 40 SMs -> 15
[56.345180] End    layer3: 1389 -> 14921 + -25722 = -10801 (9203)
[56.345184] 
[56.345196] 
[56.345204] Start  layer4: 20 SMs -> 8
[56.353333] End    layer4: 2462 -> 8124 + -19676 = -11552 (14198)
[56.353339] 
[56.353343] 
[56.353351] Start  layerX: 20 SMs -> 7
[56.353955] End    layerX: 74 -> 600 + -19916 = -19316 (382)
[56.353961] 
[56.353987] Delayed : 9952us
[56.353992] 
[56.354000] Start  layer0: 30 SMs -> 7
[56.356717] End    layer0: 322 -> 2713 + -10737 = -8025 (1940)
[56.356723] 
[56.356726] 
[56.356735] Start  layer1: 10 SMs -> 9
[56.365934] End    layer1: 1887 -> 9193 + -13278 = -4085 (6674)
[56.365941] 
[56.365948] 
[56.365959] Start  layer2: 10 SMs -> 7
[56.375734] End    layer2: 2157 -> 9769 + -15478 = -5709 (7599)
[56.375741] 
[56.375773] 
[56.375781] Start  layer3: 40 SMs -> 15
[56.394218] End    layer3: 1389 -> 18430 + -24758 = -6328 (9203)
[56.394225] 
[56.394234] 
[56.394246] Start  layer4: 40 SMs -> 10
[56.412394] End    layer4: 2142 -> 18145 + -28738 = -10593 (14198)
[56.412400] 
[56.412405] 
[56.412417] Start  layerX: 10 SMs -> 8
[56.413137] End    layerX: 80 -> 714 + -29094 = -28380 (382)
[56.413145] 
[56.413192] Delayed : 19157us
[56.413200] 
[56.413210] Start  layer0: 20 SMs -> 7
[56.415528] End    layer0: 404 -> 2314 + -19547 = -17234 (1940)
[56.415534] 
[56.415538] 
[56.415548] Start  layer1: 20 SMs -> 8
[56.423082] End    layer1: 1282 -> 7529 + -20426 = -12897 (6674)
[56.423089] 
[56.423122] 
[56.423131] Start  layer2: 10 SMs -> 7
[56.435963] End    layer2: 2157 -> 12827 + -25709 = -12882 (7599)
[56.435968] 
[56.435973] 
[56.435982] Start  layer3: 10 SMs -> 6
[56.446031] End    layer3: 2347 -> 10043 + -26572 = -16529 (9203)
[56.446038] 
[56.446045] 
[56.446057] Start  layer4: 10 SMs -> 6
[56.456475] End    layer4: 3537 -> 10414 + -22818 = -12404 (14198)
[56.456480] 
[56.456487] 
[56.456496] Start  layerX: 30 SMs -> 6
[56.457247] End    layerX: 61 -> 747 + -23208 = -22461 (382)
[56.457252] 
[56.457259] Delayed : 13225us
[56.457265] 
[56.457272] Start  layer0: 20 SMs -> 10
[56.459430] End    layer0: 404 -> 2152 + -13449 = -11297 (1940)
[56.459437] 
[56.459442] 
[56.459453] Start  layer1: 20 SMs -> 6
[56.468194] End    layer1: 1282 -> 8738 + -15539 = -6802 (6674)
[56.468200] 
[56.468205] 
[56.468214] Start  layer2: 10 SMs -> 4
[56.475248] End    layer2: 2157 -> 7030 + -14994 = -7965 (7599)
[56.475254] 
[56.475259] 
[56.475268] Start  layer3: 30 SMs -> 8
[56.487902] End    layer3: 1664 -> 12626 + -18440 = -5815 (9203)
[56.487910] 
[56.487918] 
[56.487929] Start  layer4: 20 SMs -> 9
[56.502691] End    layer4: 2462 -> 14758 + -19034 = -4276 (14198)
[56.502697] 
[56.502706] 
[56.502716] Start  layerX: 10 SMs -> 6
[56.503684] End    layerX: 80 -> 962 + -19642 = -18680 (382)
[56.503691] 
[56.503705] Delayed : 9671us
[56.503714] 
[56.503724] Start  layer0: 30 SMs -> 10
[56.505663] End    layer0: 322 -> 1933 + -9681 = -7748 (1940)
[56.505670] 
[56.505675] 
[56.505687] Start  layer1: 30 SMs -> 7
[56.510818] End    layer1: 1142 -> 5130 + -8166 = -3035 (6674)
[56.510822] 
[56.510835] 
[56.510842] Start  layer2: 40 SMs -> 17
[56.522133] End    layer2: 1146 -> 11289 + -11883 = -593 (7599)
[56.522136] 
[56.522150] 
[56.522156] Start  layer3: 40 SMs -> 13
[56.533525] End    layer3: 1389 -> 11361 + -14065 = -2704 (9203)
[56.533532] 
[56.533543] 
[56.533555] Start  layer4: 30 SMs -> 7
[56.543714] End    layer4: 2357 -> 10155 + -10056 = 97 (14198)
[56.543720] 
[56.543727] 
[56.543739] Start  layerX: 20 SMs -> 8
[56.546164] End    layerX: 74 -> 2420 + -12124 = -9704 (382)
[56.546170] 
[56.546178] Delayed : 2144us
[56.546185] 
[56.546193] Start  layer0: 40 SMs -> 10
[56.548762] End    layer0: 292 -> 2565 + -2782 = -217 (1940)
[56.548767] 
[56.548771] 
[56.548780] Start  layer1: 10 SMs -> 8
[56.559367] End    layer1: 1887 -> 10582 + -6712 = 3870 (6674)
[56.559372] 
[56.559395] 
[56.559408] Start  layer2: 20 SMs -> 7
[56.567871] End    layer2: 1480 -> 8460 + -7617 = 842 (7599)
[56.567876] 
[56.567881] 
[56.567889] Start  layer3: 20 SMs -> 7
[56.576910] End    layer3: 1680 -> 9017 + -7452 = 1563 (9203)
[56.576916] 
[56.576921] 
[56.576930] Start  layer4: 20 SMs -> 7
[56.589663] End    layer4: 2462 -> 12728 + -6006 = 6721 (14198)
[56.589668] 
[56.589677] 
[56.589685] Start  layerX: 30 SMs -> 6
[56.592095] End    layerX: 61 -> 2406 + -8056 = -5650 (382)
[56.592101] 
[56.592110] Reserved: 1923us
[56.594099] 
[56.594131] Start  layer0: 30 SMs -> 10
[56.598477] End    layer0: 322 -> 4342 + -2496 = 1845 (1940)
[56.598484] 
[56.598489] 
[56.598500] Start  layer1: 40 SMs -> 12
[56.608164] End    layer1: 1007 -> 9661 + -5510 = 4151 (6674)
[56.608170] 
[56.608188] 
[56.608198] Start  layer2: 20 SMs -> 6
[56.614508] End    layer2: 1480 -> 6306 + -4254 = 2051 (7599)
[56.614514] 
[56.614520] 
[56.614528] Start  layer3: 10 SMs -> 8
[56.623825] End    layer3: 2347 -> 9290 + -4355 = 4924 (9203)
[56.623832] 
[56.623848] 
[56.623857] Start  layer4: 10 SMs -> 5
[56.635746] End    layer4: 3537 -> 11885 + -2089 = 9795 (14198)
[56.635752] 
[56.635759] 
[56.635767] Start  layerX: 10 SMs -> 4
[56.636577] End    layerX: 80 -> 807 + -2538 = -1732 (382)
[56.636581] 
[56.636592] Reserved: 7441us
[56.644093] 
[56.644102] Start  layer0: 30 SMs -> 6
[56.647166] End    layer0: 322 -> 3059 + -1185 = 1873 (1940)
[56.647171] 
[56.647174] 
[56.647183] Start  layer1: 20 SMs -> 7
[56.652593] End    layer1: 1282 -> 5405 + 62 = 5467 (6674)
[56.652599] 
[56.652605] 
[56.652613] Start  layer2: 40 SMs -> 15
[56.670312] End    layer2: 1146 -> 17695 + -10058 = 7635 (7599)
[56.670318] 
[56.670342] 
[56.670351] Start  layer3: 20 SMs -> 6
[56.678320] End    layer3: 1680 -> 7965 + -8863 = -898 (9203)
[56.678326] 
[56.678331] 
[56.678340] Start  layer4: 40 SMs -> 11
[56.688614] End    layer4: 2142 -> 10270 + -4957 = 5311 (14198)
[56.688620] 
[56.688625] 
[56.688634] Start  layerX: 40 SMs -> 7
[56.689135] End    layerX: 57 -> 498 + -5097 = -4598 (382)
[56.689139] 
[56.689149] Reserved: 4884us
[56.694095] 
[56.694103] Start  layer0: 40 SMs -> 5
[56.695757] End    layer0: 292 -> 1650 + 222 = 1871 (1940)
[56.695762] 
[56.695766] 
[56.695774] Start  layer1: 40 SMs -> 9
[56.703855] End    layer1: 1007 -> 8077 + -1200 = 6876 (6674)
[56.703860] 
[56.703894] 
[56.703904] Start  layer2: 20 SMs -> 8
[56.711558] End    layer2: 1480 -> 7649 + -1304 = 6345 (7599)
[56.711563] 
[56.711583] 
[56.711593] Start  layer3: 20 SMs -> 8
[56.720912] End    layer3: 1680 -> 9313 + -1452 = 7860 (9203)
[56.720918] 
[56.720930] 
[56.720939] Start  layer4: 20 SMs -> 8
[56.730373] End    layer4: 2462 -> 9428 + 3284 = 12713 (14198)
[56.730380] 
[56.730387] 
[56.730398] Start  layerX: 20 SMs -> 4
[56.732267] End    layerX: 74 -> 1864 + 1774 = 3638 (382)
[56.732273] 
[56.732287] Reserved: 11747us
[56.744098] 
[56.744112] Start  layer0: 20 SMs -> 3
[56.745347] End    layer0: 404 -> 1232 + 632 = 1864 (1940)
[56.745352] 
[56.745356] 
[56.745364] Start  layer1: 40 SMs -> 7
[56.752247] End    layer1: 1007 -> 6877 + 408 = 7285 (6674)
[56.752254] 
[56.752262] 
[56.752273] Start  layer2: 40 SMs -> 9
[56.764271] End    layer2: 1146 -> 11994 + -4017 = 7976 (7599)
[56.764277] 
[56.764281] 
[56.764290] Start  layer3: 40 SMs -> 11
[56.780555] End    layer3: 1389 -> 16260 + -11097 = 5162 (9203)
[56.780560] 
[56.780567] 
[56.780576] Start  layer4: 20 SMs -> 6
[56.784694] End    layer4: 2462 -> 4112 + -1035 = 3076 (14198)
[56.784701] 
[56.784708] 
[56.784718] Start  layerX: 30 SMs -> 1
[56.784865] End    layerX: 61 -> 143 + -825 = -682 (382)
[56.784871] 
[56.784881] Reserved: 9152us
[56.794098] 
[56.794111] Start  layer0: 20 SMs -> 3
[56.795906] End    layer0: 404 -> 1791 + 73 = 1864 (1940)
[56.795911] 
[56.795915] 
[56.795923] Start  layer1: 40 SMs -> 8
[56.802446] End    layer1: 1007 -> 6516 + 210 = 6726 (6674)
[56.802453] 
[56.802464] 
[56.802476] Start  layer2: 30 SMs -> 8
[56.809045] End    layer2: 1380 -> 6565 + 1208 = 7773 (7599)
[56.809050] 
[56.809056] 
[56.809064] Start  layer3: 30 SMs -> 7
[56.818808] End    layer3: 1664 -> 9739 + 649 = 10388 (9203)
[56.818813] 
[56.818819] 
[56.818828] Start  layer4: 30 SMs -> 8
[56.828473] End    layer4: 2357 -> 9640 + 5183 = 14823 (14198)
[56.828478] 
[56.828491] 
[56.828500] Start  layerX: 30 SMs -> 5
[56.829319] End    layerX: 61 -> 815 + 4720 = 5534 (382)
[56.829324] 
[56.829335] Reserved: 14698us
[56.844094] 
[56.844103] Start  layer0: 10 SMs -> 4
[56.846683] End    layer0: 554 -> 2576 + -703 = 1871 (1940)
[56.846689] 
[56.846692] 
[56.846701] Start  layer1: 40 SMs -> 8
[56.853617] End    layer1: 1007 -> 6912 + -962 = 5949 (6674)
[56.853623] 
[56.853657] 
[56.853665] Start  layer2: 10 SMs -> 4
[56.859431] End    layer2: 2157 -> 5761 + 823 = 6583 (7599)
[56.859436] 
[56.859454] 
[56.859466] Start  layer3: 30 SMs -> 6
[56.866903] End    layer3: 1664 -> 7434 + 2554 = 9987 (9203)
[56.866909] 
[56.866919] 
[56.866928] Start  layer4: 30 SMs -> 6
[56.875011] End    layer4: 2357 -> 8077 + 8646 = 16723 (14198)
[56.875019] 
[56.875026] 
[56.875034] Start  layerX: 40 SMs -> 9
[56.876091] End    layerX: 57 -> 1053 + 7947 = 9000 (382)
[56.876097] 
[56.876106] Reserved: 17927us
[56.894094] 
[56.894102] Start  layer0: 10 SMs -> 4
[56.897183] End    layer0: 554 -> 3075 + -1201 = 1872 (1940)
[56.897188] 
[56.897192] 
[56.897201] Start  layer1: 30 SMs -> 7
[56.902966] End    layer1: 1142 -> 5760 + -311 = 5449 (6674)
[56.902971] 
[56.902977] 
[56.902985] Start  layer2: 40 SMs -> 11
[56.916188] End    layer2: 1146 -> 13197 + -5933 = 7263 (7599)
[56.916195] 
[56.916202] 
[56.916213] Start  layer3: 30 SMs -> 5
[56.924767] End    layer3: 1664 -> 8550 + -5309 = 3240 (9203)
[56.924773] 
[56.924796] 
[56.924805] Start  layer4: 30 SMs -> 4
[56.928756] End    layer4: 2357 -> 3947 + 4900 = 8847 (14198)
[56.928761] 
[56.928766] 
[56.928774] Start  layerX: 40 SMs -> 5
[56.928971] End    layerX: 57 -> 194 + 5066 = 5260 (382)
[56.928975] 
[56.928983] Reserved: 15050us
[56.944094] 
[56.944103] Start  layer0: 20 SMs -> 3
[56.944807] End    layer0: 404 -> 700 + 1172 = 1872 (1940)
[56.944812] 
[56.944816] 
[56.944825] Start  layer1: 20 SMs -> 5
[56.950212] End    layer1: 1282 -> 5382 + 2444 = 7825 (6674)
[56.950219] 
[56.950227] 
[56.950239] Start  layer2: 10 SMs -> 4
[56.954949] End    layer2: 2157 -> 4706 + 5304 = 10011 (7599)
[56.954954] 
[56.954962] 
[56.954973] Start  layer3: 10 SMs -> 4
[56.960548] End    layer3: 2347 -> 5571 + 8909 = 14480 (9203)
[56.960553] 
[56.960559] 
[56.960567] Start  layer4: 40 SMs -> 10
[56.972566] End    layer4: 2142 -> 11993 + 11092 = 23085 (14198)
[56.972573] 
[56.972595] 
[56.972607] Start  layerX: 10 SMs -> 4
[56.973305] End    layerX: 80 -> 693 + 10735 = 11429 (382)
[56.973312] 
[56.973336] Reserved: 20698us
[56.994099] 
[56.994121] Start  layer0: 30 SMs -> 3
[56.995592] End    layer0: 322 -> 1467 + 387 = 1855 (1940)
[56.995599] 
[56.995603] 
[56.995614] Start  layer1: 10 SMs -> 7
[57.001031] End    layer1: 1887 -> 5413 + 1624 = 7037 (6674)
[57.001038] 
[57.001045] 
[57.001055] Start  layer2: 10 SMs -> 3
[57.005517] End    layer2: 2157 -> 4457 + 4738 = 9194 (7599)
[57.005524] 
[57.005529] 
[57.005537] Start  layer3: 10 SMs -> 3
[57.010011] End    layer3: 2347 -> 4468 + 9448 = 13915 (9203)
[57.010018] 
[57.010041] 
[57.010053] Start  layer4: 40 SMs -> 9
[57.022573] End    layer4: 2142 -> 12514 + 11085 = 23599 (14198)
[57.022580] 
[57.022587] 
[57.022599] Start  layerX: 20 SMs -> 6
[57.022940] End    layerX: 74 -> 338 + 11098 = 11437 (382)
[57.022965] 
[57.022984] Reserved: 21049us
[57.044095] 
[57.044109] Start  layer0: 10 SMs -> 1
[57.045712] End    layer0: 554 -> 1598 + 269 = 1867 (1940)
[57.045719] 
[57.045724] 
[57.045735] Start  layer1: 40 SMs -> 6
[57.051070] End    layer1: 1007 -> 5331 + 1584 = 6915 (6674)
[57.051076] 
[57.051081] 
[57.051090] Start  layer2: 40 SMs -> 8
[57.058609] End    layer2: 1146 -> 7513 + 1646 = 9158 (7599)
[57.058616] 
[57.058623] 
[57.058635] Start  layer3: 40 SMs -> 9
[57.070391] End    layer3: 1389 -> 11753 + -933 = 10819 (9203)
[57.070397] 
[57.070403] 
[57.070411] Start  layer4: 40 SMs -> 7
[57.074404] End    layer4: 2142 -> 3988 + 9252 = 13240 (14198)
[57.074409] 
[57.074414] 
[57.074422] Start  layerX: 40 SMs -> 1
[57.074525] End    layerX: 57 -> 101 + 9511 = 9612 (382)
[57.074529] 
[57.074536] Reserved: 19497us
[57.094096] 
[57.094105] Start  layer0: 10 SMs -> 1
[57.095869] End    layer0: 554 -> 1758 + 112 = 1870 (1940)
[57.095876] 
[57.095881] 
[57.095891] Start  layer1: 40 SMs -> 7
[57.100399] End    layer1: 1007 -> 4503 + 2256 = 6759 (6674)
[57.100406] 
[57.100416] 
[57.100427] Start  layer2: 40 SMs -> 8
[57.107050] End    layer2: 1146 -> 6618 + 3204 = 9822 (7599)
[57.107055] 
[57.107071] 
[57.107079] Start  layer3: 10 SMs -> 3
[57.114679] End    layer3: 2347 -> 7596 + 4778 = 12374 (9203)
[57.114685] 
[57.114692] 
[57.114701] Start  layer4: 30 SMs -> 5
[57.120816] End    layer4: 2357 -> 6111 + 12840 = 18951 (14198)
[57.120822] 
[57.120827] 
[57.120836] Start  layerX: 40 SMs -> 4
[57.121247] End    layerX: 57 -> 409 + 12790 = 13199 (382)
[57.121251] 
[57.121261] Reserved: 22772us
[57.144093] 
[57.144102] Start  layer0: 30 SMs -> 2
[57.144578] End    layer0: 322 -> 470 + 1402 = 1872 (1940)
[57.144585] 
[57.144589] 
[57.144598] Start  layer1: 30 SMs -> 2
[57.147209] End    layer1: 1142 -> 2604 + 5447 = 8051 (6674)
[57.147216] 
[57.147223] 
[57.147233] Start  layer2: 40 SMs -> 7
[57.154552] End    layer2: 1146 -> 7314 + 5703 = 13016 (7599)
[57.154559] 
[57.154569] 
[57.154579] Start  layer3: 40 SMs -> 6
[57.162938] End    layer3: 1389 -> 8353 + 6521 = 14874 (9203)
[57.162945] 
[57.162952] 
[57.162963] Start  layer4: 30 SMs -> 5
[57.167954] End    layer4: 2357 -> 4987 + 15703 = 20689 (14198)
[57.167961] 
[57.167968] 
[57.167980] Start  layerX: 20 SMs -> 3
[57.168351] End    layerX: 74 -> 369 + 15687 = 16056 (382)
[57.168357] 
[57.168365] Reserved: 25668us
[57.194097] 
[57.194108] Start  layer0: 30 SMs -> 1
[57.194951] End    layer0: 322 -> 839 + 1028 = 1867 (1940)
[57.194957] 
[57.194960] 
[57.194968] Start  layer1: 20 SMs -> 4
[57.198195] End    layer1: 1282 -> 3220 + 4461 = 7681 (6674)
[57.198202] 
[57.198210] 
[57.198219] Start  layer2: 20 SMs -> 3
[57.202025] End    layer2: 1480 -> 3800 + 8229 = 12029 (7599)
[57.202032] 
[57.202038] 
[57.202047] Start  layer3: 40 SMs -> 6
[57.208721] End    layer3: 1389 -> 6669 + 10736 = 17406 (9203)
[57.208727] 
[57.208731] 
[57.208740] Start  layer4: 20 SMs -> 3
[57.213833] End    layer4: 2462 -> 5086 + 19825 = 24912 (14198)
[57.213839] 
[57.213845] 
[57.213856] Start  layerX: 30 SMs -> 2
[57.214172] End    layerX: 61 -> 312 + 19868 = 20179 (382)
[57.214179] 
[57.214203] Reserved: 29831us
[57.244096] 
[57.244110] Start  layer0: 40 SMs -> 1
[57.244742] End    layer0: 292 -> 628 + 1239 = 1866 (1940)
[57.244749] 
[57.244753] 
[57.244765] Start  layer1: 40 SMs -> 4
[57.248260] End    layer1: 1007 -> 3491 + 4395 = 7886 (6674)
[57.248267] 
[57.248299] 
[57.248312] Start  layer2: 40 SMs -> 5
[57.252577] End    layer2: 1146 -> 4261 + 7677 = 11938 (7599)
[57.252584] 
[57.252591] 
[57.252602] Start  layer3: 20 SMs -> 4
[57.257736] End    layer3: 1680 -> 5128 + 11723 = 16852 (9203)
[57.257743] 
[57.257750] 
[57.257760] Start  layer4: 40 SMs -> 4
[57.262179] End    layer4: 2142 -> 4414 + 21479 = 25893 (14198)
[57.262186] 
[57.262192] 
[57.262203] Start  layerX: 30 SMs -> 2
[57.262343] End    layerX: 61 -> 137 + 21696 = 21832 (382)
[57.262350] 
[57.262362] Reserved: 31671us
